test_64kb_rwrite_5n2: (g=0): rw=randwrite, bs=(R) 4096B-4096B, (W) 4096B-4096B, (T) 4096B-4096B, ioengine=psync, iodepth=1
...
test_64kb_rwrite_5n3: (g=0): rw=randwrite, bs=(R) 4096B-4096B, (W) 4096B-4096B, (T) 4096B-4096B, ioengine=psync, iodepth=1
...
test_64kb_rwrite_5n4: (g=0): rw=randwrite, bs=(R) 4096B-4096B, (W) 4096B-4096B, (T) 4096B-4096B, ioengine=psync, iodepth=1
...
test_64kb_rwrite_5n5: (g=0): rw=randwrite, bs=(R) 4096B-4096B, (W) 4096B-4096B, (T) 4096B-4096B, ioengine=psync, iodepth=1
...
test_64kb_rwrite_5n6: (g=0): rw=randwrite, bs=(R) 4096B-4096B, (W) 4096B-4096B, (T) 4096B-4096B, ioengine=psync, iodepth=1
...
test_64kb_rwrite_5n7: (g=0): rw=randwrite, bs=(R) 4096B-4096B, (W) 4096B-4096B, (T) 4096B-4096B, ioengine=psync, iodepth=1
...
test_64kb_rwrite_5n8: (g=0): rw=randwrite, bs=(R) 4096B-4096B, (W) 4096B-4096B, (T) 4096B-4096B, ioengine=psync, iodepth=1
...
test_64kb_rwrite_5n9: (g=0): rw=randwrite, bs=(R) 4096B-4096B, (W) 4096B-4096B, (T) 4096B-4096B, ioengine=psync, iodepth=1
...
test_64kb_rwrite_5n10: (g=0): rw=randwrite, bs=(R) 4096B-4096B, (W) 4096B-4096B, (T) 4096B-4096B, ioengine=psync, iodepth=1
...
bursty: (g=0): rw=randwrite, bs=(R) 4096B-4096B, (W) 4096B-4096B, (T) 4096B-4096B, ioengine=psync, iodepth=1
...
fio-3.37-114-gf0af0-dirty
Starting 34 threads

test_64kb_rwrite_5n2: (groupid=0, jobs=1): err= 0: pid=907264: Sat Sep  6 19:19:04 2025
  write: IOPS=27.9k, BW=109MiB/s (114MB/s)(3268MiB/30001msec); 0 zone resets
    clat (usec): min=21, max=3973, avg=35.27, stdev=10.25
     lat (usec): min=22, max=3973, avg=35.38, stdev=10.25
    clat percentiles (usec):
     |  1.00th=[   25],  5.00th=[   27], 10.00th=[   29], 20.00th=[   33],
     | 30.00th=[   35], 40.00th=[   36], 50.00th=[   36], 60.00th=[   37],
     | 70.00th=[   37], 80.00th=[   38], 90.00th=[   40], 95.00th=[   42],
     | 99.00th=[   50], 99.50th=[   56], 99.90th=[  159], 99.95th=[  223],
     | 99.99th=[  273]
   bw (  KiB/s): min=95168, max=147576, per=5.64%, avg=111539.60, stdev=10159.90, samples=60
   iops        : min=23792, max=36894, avg=27884.90, stdev=2539.98, samples=60
  lat (usec)   : 50=99.06%, 100=0.82%, 250=0.09%, 500=0.03%, 750=0.01%
  lat (usec)   : 1000=0.01%
  lat (msec)   : 4=0.01%
  cpu          : usr=2.49%, sys=15.23%, ctx=836547, majf=0, minf=87075
  IO depths    : 1=100.0%, 2=0.0%, 4=0.0%, 8=0.0%, 16=0.0%, 32=0.0%, >=64=0.0%
     submit    : 0=0.0%, 4=100.0%, 8=0.0%, 16=0.0%, 32=0.0%, 64=0.0%, >=64=0.0%
     complete  : 0=0.0%, 4=100.0%, 8=0.0%, 16=0.0%, 32=0.0%, 64=0.0%, >=64=0.0%
     issued rwts: total=0,836547,0,0 short=0,0,0,0 dropped=0,0,0,0
     latency   : target=0, window=0, percentile=100.00%, depth=1
test_64kb_rwrite_5n2: (groupid=0, jobs=1): err= 0: pid=907265: Sat Sep  6 19:19:04 2025
  write: IOPS=28.2k, BW=110MiB/s (115MB/s)(3300MiB/30001msec); 0 zone resets
    clat (usec): min=20, max=4261, avg=34.67, stdev=11.61
     lat (usec): min=20, max=4261, avg=34.80, stdev=11.62
    clat percentiles (usec):
     |  1.00th=[   24],  5.00th=[   25], 10.00th=[   26], 20.00th=[   28],
     | 30.00th=[   33], 40.00th=[   35], 50.00th=[   36], 60.00th=[   37],
     | 70.00th=[   37], 80.00th=[   39], 90.00th=[   41], 95.00th=[   42],
     | 99.00th=[   52], 99.50th=[   60], 99.90th=[  202], 99.95th=[  243],
     | 99.99th=[  306]
   bw (  KiB/s): min=61976, max=149024, per=5.69%, avg=112631.57, stdev=16763.02, samples=60
   iops        : min=15494, max=37256, avg=28157.92, stdev=4190.83, samples=60
  lat (usec)   : 50=98.75%, 100=1.00%, 250=0.20%, 500=0.05%, 750=0.01%
  lat (usec)   : 1000=0.01%
  lat (msec)   : 4=0.01%, 10=0.01%
  cpu          : usr=3.15%, sys=17.02%, ctx=844772, majf=0, minf=115715
  IO depths    : 1=100.0%, 2=0.0%, 4=0.0%, 8=0.0%, 16=0.0%, 32=0.0%, >=64=0.0%
     submit    : 0=0.0%, 4=100.0%, 8=0.0%, 16=0.0%, 32=0.0%, 64=0.0%, >=64=0.0%
     complete  : 0=0.0%, 4=100.0%, 8=0.0%, 16=0.0%, 32=0.0%, 64=0.0%, >=64=0.0%
     issued rwts: total=0,844764,0,0 short=0,0,0,0 dropped=0,0,0,0
     latency   : target=0, window=0, percentile=100.00%, depth=1
test_64kb_rwrite_5n3: (groupid=0, jobs=1): err= 0: pid=907266: Sat Sep  6 19:19:04 2025
  write: IOPS=26.6k, BW=104MiB/s (109MB/s)(3115MiB/30001msec); 0 zone resets
    clat (usec): min=21, max=3229, avg=36.85, stdev= 9.88
     lat (usec): min=21, max=3229, avg=36.97, stdev= 9.88
    clat percentiles (usec):
     |  1.00th=[   30],  5.00th=[   32], 10.00th=[   34], 20.00th=[   35],
     | 30.00th=[   36], 40.00th=[   36], 50.00th=[   37], 60.00th=[   37],
     | 70.00th=[   38], 80.00th=[   39], 90.00th=[   41], 95.00th=[   43],
     | 99.00th=[   52], 99.50th=[   57], 99.90th=[  165], 99.95th=[  229],
     | 99.99th=[  302]
   bw (  KiB/s): min=83872, max=117704, per=5.37%, avg=106326.37, stdev=5636.20, samples=60
   iops        : min=20968, max=29426, avg=26581.58, stdev=1409.07, samples=60
  lat (usec)   : 50=98.77%, 100=1.07%, 250=0.13%, 500=0.03%, 750=0.01%
  lat (usec)   : 1000=0.01%
  lat (msec)   : 2=0.01%, 4=0.01%
  cpu          : usr=2.75%, sys=15.78%, ctx=797555, majf=0, minf=106144
  IO depths    : 1=100.0%, 2=0.0%, 4=0.0%, 8=0.0%, 16=0.0%, 32=0.0%, >=64=0.0%
     submit    : 0=0.0%, 4=100.0%, 8=0.0%, 16=0.0%, 32=0.0%, 64=0.0%, >=64=0.0%
     complete  : 0=0.0%, 4=100.0%, 8=0.0%, 16=0.0%, 32=0.0%, 64=0.0%, >=64=0.0%
     issued rwts: total=0,797553,0,0 short=0,0,0,0 dropped=0,0,0,0
     latency   : target=0, window=0, percentile=100.00%, depth=1
test_64kb_rwrite_5n3: (groupid=0, jobs=1): err= 0: pid=907267: Sat Sep  6 19:19:04 2025
  write: IOPS=26.5k, BW=103MiB/s (108MB/s)(3100MiB/30001msec); 0 zone resets
    clat (usec): min=22, max=2876, avg=36.99, stdev=10.55
     lat (usec): min=22, max=2876, avg=37.10, stdev=10.55
    clat percentiles (usec):
     |  1.00th=[   30],  5.00th=[   32], 10.00th=[   33], 20.00th=[   35],
     | 30.00th=[   36], 40.00th=[   36], 50.00th=[   37], 60.00th=[   37],
     | 70.00th=[   38], 80.00th=[   39], 90.00th=[   41], 95.00th=[   43],
     | 99.00th=[   53], 99.50th=[   59], 99.90th=[  212], 99.95th=[  237],
     | 99.99th=[  310]
   bw (  KiB/s): min=50336, max=116224, per=5.35%, avg=105821.40, stdev=8765.43, samples=60
   iops        : min=12584, max=29056, avg=26455.35, stdev=2191.36, samples=60
  lat (usec)   : 50=98.71%, 100=0.99%, 250=0.25%, 500=0.04%, 750=0.01%
  lat (msec)   : 2=0.01%, 4=0.01%
  cpu          : usr=2.59%, sys=15.73%, ctx=793638, majf=0, minf=117816
  IO depths    : 1=100.0%, 2=0.0%, 4=0.0%, 8=0.0%, 16=0.0%, 32=0.0%, >=64=0.0%
     submit    : 0=0.0%, 4=100.0%, 8=0.0%, 16=0.0%, 32=0.0%, 64=0.0%, >=64=0.0%
     complete  : 0=0.0%, 4=100.0%, 8=0.0%, 16=0.0%, 32=0.0%, 64=0.0%, >=64=0.0%
     issued rwts: total=0,793635,0,0 short=0,0,0,0 dropped=0,0,0,0
     latency   : target=0, window=0, percentile=100.00%, depth=1
test_64kb_rwrite_5n4: (groupid=0, jobs=1): err= 0: pid=907268: Sat Sep  6 19:19:04 2025
  write: IOPS=26.6k, BW=104MiB/s (109MB/s)(3111MiB/30001msec); 0 zone resets
    clat (usec): min=22, max=1021, avg=36.96, stdev= 5.58
     lat (usec): min=22, max=1021, avg=37.08, stdev= 5.58
    clat percentiles (usec):
     |  1.00th=[   30],  5.00th=[   33], 10.00th=[   34], 20.00th=[   36],
     | 30.00th=[   36], 40.00th=[   37], 50.00th=[   37], 60.00th=[   38],
     | 70.00th=[   38], 80.00th=[   39], 90.00th=[   41], 95.00th=[   42],
     | 99.00th=[   51], 99.50th=[   56], 99.90th=[   68], 99.95th=[  129],
     | 99.99th=[  265]
   bw (  KiB/s): min=94936, max=112976, per=5.37%, avg=106200.42, stdev=3701.91, samples=60
   iops        : min=23734, max=28244, avg=26550.10, stdev=925.48, samples=60
  lat (usec)   : 50=98.93%, 100=1.01%, 250=0.05%, 500=0.01%, 750=0.01%
  lat (msec)   : 2=0.01%
  cpu          : usr=3.01%, sys=15.37%, ctx=796539, majf=0, minf=87113
  IO depths    : 1=100.0%, 2=0.0%, 4=0.0%, 8=0.0%, 16=0.0%, 32=0.0%, >=64=0.0%
     submit    : 0=0.0%, 4=100.0%, 8=0.0%, 16=0.0%, 32=0.0%, 64=0.0%, >=64=0.0%
     complete  : 0=0.0%, 4=100.0%, 8=0.0%, 16=0.0%, 32=0.0%, 64=0.0%, >=64=0.0%
     issued rwts: total=0,796529,0,0 short=0,0,0,0 dropped=0,0,0,0
     latency   : target=0, window=0, percentile=100.00%, depth=1
test_64kb_rwrite_5n4: (groupid=0, jobs=1): err= 0: pid=907269: Sat Sep  6 19:19:04 2025
  write: IOPS=26.8k, BW=105MiB/s (110MB/s)(3135MiB/30001msec); 0 zone resets
    clat (usec): min=21, max=2857, avg=36.54, stdev= 7.53
     lat (usec): min=21, max=2857, avg=36.67, stdev= 7.53
    clat percentiles (usec):
     |  1.00th=[   27],  5.00th=[   31], 10.00th=[   33], 20.00th=[   35],
     | 30.00th=[   36], 40.00th=[   36], 50.00th=[   37], 60.00th=[   37],
     | 70.00th=[   38], 80.00th=[   39], 90.00th=[   41], 95.00th=[   43],
     | 99.00th=[   52], 99.50th=[   57], 99.90th=[   95], 99.95th=[  167],
     | 99.99th=[  285]
   bw (  KiB/s): min=92960, max=124680, per=5.41%, avg=107021.12, stdev=5649.12, samples=60
   iops        : min=23240, max=31170, avg=26755.27, stdev=1412.28, samples=60
  lat (usec)   : 50=98.78%, 100=1.12%, 250=0.08%, 500=0.02%, 750=0.01%
  lat (msec)   : 2=0.01%, 4=0.01%
  cpu          : usr=3.06%, sys=16.12%, ctx=802663, majf=0, minf=114326
  IO depths    : 1=100.0%, 2=0.0%, 4=0.0%, 8=0.0%, 16=0.0%, 32=0.0%, >=64=0.0%
     submit    : 0=0.0%, 4=100.0%, 8=0.0%, 16=0.0%, 32=0.0%, 64=0.0%, >=64=0.0%
     complete  : 0=0.0%, 4=100.0%, 8=0.0%, 16=0.0%, 32=0.0%, 64=0.0%, >=64=0.0%
     issued rwts: total=0,802658,0,0 short=0,0,0,0 dropped=0,0,0,0
     latency   : target=0, window=0, percentile=100.00%, depth=1
test_64kb_rwrite_5n5: (groupid=0, jobs=1): err= 0: pid=907270: Sat Sep  6 19:19:04 2025
  write: IOPS=29.2k, BW=114MiB/s (120MB/s)(3426MiB/30001msec); 0 zone resets
    clat (usec): min=20, max=3364, avg=33.41, stdev=10.32
     lat (usec): min=20, max=3364, avg=33.53, stdev=10.32
    clat percentiles (usec):
     |  1.00th=[   24],  5.00th=[   25], 10.00th=[   26], 20.00th=[   27],
     | 30.00th=[   28], 40.00th=[   33], 50.00th=[   35], 60.00th=[   36],
     | 70.00th=[   37], 80.00th=[   38], 90.00th=[   41], 95.00th=[   44],
     | 99.00th=[   51], 99.50th=[   57], 99.90th=[   87], 99.95th=[  174],
     | 99.99th=[  273]
   bw (  KiB/s): min=88256, max=150016, per=5.91%, avg=116923.47, stdev=16777.94, samples=60
   iops        : min=22064, max=37504, avg=29230.85, stdev=4194.49, samples=60
  lat (usec)   : 50=98.92%, 100=0.99%, 250=0.07%, 500=0.02%, 750=0.01%
  lat (msec)   : 2=0.01%, 4=0.01%
  cpu          : usr=2.93%, sys=17.33%, ctx=876962, majf=0, minf=114466
  IO depths    : 1=100.0%, 2=0.0%, 4=0.0%, 8=0.0%, 16=0.0%, 32=0.0%, >=64=0.0%
     submit    : 0=0.0%, 4=100.0%, 8=0.0%, 16=0.0%, 32=0.0%, 64=0.0%, >=64=0.0%
     complete  : 0=0.0%, 4=100.0%, 8=0.0%, 16=0.0%, 32=0.0%, 64=0.0%, >=64=0.0%
     issued rwts: total=0,876960,0,0 short=0,0,0,0 dropped=0,0,0,0
     latency   : target=0, window=0, percentile=100.00%, depth=1
test_64kb_rwrite_5n5: (groupid=0, jobs=1): err= 0: pid=907271: Sat Sep  6 19:19:04 2025
  write: IOPS=26.4k, BW=103MiB/s (108MB/s)(3092MiB/30000msec); 0 zone resets
    clat (usec): min=21, max=2674, avg=37.22, stdev=10.54
     lat (usec): min=22, max=2674, avg=37.33, stdev=10.55
    clat percentiles (usec):
     |  1.00th=[   27],  5.00th=[   31], 10.00th=[   34], 20.00th=[   35],
     | 30.00th=[   36], 40.00th=[   37], 50.00th=[   37], 60.00th=[   38],
     | 70.00th=[   38], 80.00th=[   40], 90.00th=[   42], 95.00th=[   43],
     | 99.00th=[   53], 99.50th=[   60], 99.90th=[  200], 99.95th=[  227],
     | 99.99th=[  297]
   bw (  KiB/s): min=56688, max=135456, per=5.33%, avg=105535.73, stdev=8833.58, samples=60
   iops        : min=14172, max=33864, avg=26383.93, stdev=2208.40, samples=60
  lat (usec)   : 50=98.72%, 100=0.98%, 250=0.26%, 500=0.04%, 750=0.01%
  lat (usec)   : 1000=0.01%
  lat (msec)   : 2=0.01%, 4=0.01%
  cpu          : usr=2.59%, sys=15.97%, ctx=791518, majf=0, minf=86595
  IO depths    : 1=100.0%, 2=0.0%, 4=0.0%, 8=0.0%, 16=0.0%, 32=0.0%, >=64=0.0%
     submit    : 0=0.0%, 4=100.0%, 8=0.0%, 16=0.0%, 32=0.0%, 64=0.0%, >=64=0.0%
     complete  : 0=0.0%, 4=100.0%, 8=0.0%, 16=0.0%, 32=0.0%, 64=0.0%, >=64=0.0%
     issued rwts: total=0,791518,0,0 short=0,0,0,0 dropped=0,0,0,0
     latency   : target=0, window=0, percentile=100.00%, depth=1
test_64kb_rwrite_5n6: (groupid=0, jobs=1): err= 0: pid=907272: Sat Sep  6 19:19:04 2025
  write: IOPS=27.8k, BW=109MiB/s (114MB/s)(3259MiB/30000msec); 0 zone resets
    clat (usec): min=19, max=1032, avg=35.31, stdev= 6.66
     lat (usec): min=19, max=1032, avg=35.43, stdev= 6.67
    clat percentiles (usec):
     |  1.00th=[   25],  5.00th=[   27], 10.00th=[   28], 20.00th=[   33],
     | 30.00th=[   35], 40.00th=[   36], 50.00th=[   36], 60.00th=[   37],
     | 70.00th=[   38], 80.00th=[   39], 90.00th=[   40], 95.00th=[   42],
     | 99.00th=[   49], 99.50th=[   55], 99.90th=[   68], 99.95th=[  137],
     | 99.99th=[  273]
   bw (  KiB/s): min=97880, max=146776, per=5.62%, avg=111226.67, stdev=11109.55, samples=60
   iops        : min=24470, max=36694, avg=27806.67, stdev=2777.39, samples=60
  lat (usec)   : 20=0.01%, 50=99.11%, 100=0.84%, 250=0.04%, 500=0.01%
  lat (usec)   : 1000=0.01%
  lat (msec)   : 2=0.01%
  cpu          : usr=2.81%, sys=15.73%, ctx=834280, majf=0, minf=87004
  IO depths    : 1=100.0%, 2=0.0%, 4=0.0%, 8=0.0%, 16=0.0%, 32=0.0%, >=64=0.0%
     submit    : 0=0.0%, 4=100.0%, 8=0.0%, 16=0.0%, 32=0.0%, 64=0.0%, >=64=0.0%
     complete  : 0=0.0%, 4=100.0%, 8=0.0%, 16=0.0%, 32=0.0%, 64=0.0%, >=64=0.0%
     issued rwts: total=0,834275,0,0 short=0,0,0,0 dropped=0,0,0,0
     latency   : target=0, window=0, percentile=100.00%, depth=1
test_64kb_rwrite_5n6: (groupid=0, jobs=1): err= 0: pid=907273: Sat Sep  6 19:19:04 2025
  write: IOPS=26.5k, BW=104MiB/s (109MB/s)(3107MiB/30000msec); 0 zone resets
    clat (usec): min=23, max=3615, avg=36.83, stdev= 9.16
     lat (usec): min=23, max=3615, avg=36.95, stdev= 9.17
    clat percentiles (usec):
     |  1.00th=[   30],  5.00th=[   32], 10.00th=[   33], 20.00th=[   35],
     | 30.00th=[   36], 40.00th=[   36], 50.00th=[   37], 60.00th=[   37],
     | 70.00th=[   38], 80.00th=[   39], 90.00th=[   42], 95.00th=[   45],
     | 99.00th=[   52], 99.50th=[   57], 99.90th=[   75], 99.95th=[  125],
     | 99.99th=[  265]
   bw (  KiB/s): min=87432, max=116664, per=5.36%, avg=106033.48, stdev=5838.09, samples=60
   iops        : min=21858, max=29166, avg=26508.37, stdev=1459.52, samples=60
  lat (usec)   : 50=98.77%, 100=1.17%, 250=0.05%, 500=0.01%, 750=0.01%
  lat (usec)   : 1000=0.01%
  lat (msec)   : 2=0.01%, 4=0.01%
  cpu          : usr=3.05%, sys=16.19%, ctx=795333, majf=0, minf=132348
  IO depths    : 1=100.0%, 2=0.0%, 4=0.0%, 8=0.0%, 16=0.0%, 32=0.0%, >=64=0.0%
     submit    : 0=0.0%, 4=100.0%, 8=0.0%, 16=0.0%, 32=0.0%, 64=0.0%, >=64=0.0%
     complete  : 0=0.0%, 4=100.0%, 8=0.0%, 16=0.0%, 32=0.0%, 64=0.0%, >=64=0.0%
     issued rwts: total=0,795328,0,0 short=0,0,0,0 dropped=0,0,0,0
     latency   : target=0, window=0, percentile=100.00%, depth=1
test_64kb_rwrite_5n7: (groupid=0, jobs=1): err= 0: pid=907274: Sat Sep  6 19:19:04 2025
  write: IOPS=27.6k, BW=108MiB/s (113MB/s)(3235MiB/30001msec); 0 zone resets
    clat (usec): min=21, max=1296, avg=35.62, stdev= 6.92
     lat (usec): min=21, max=1296, avg=35.74, stdev= 6.92
    clat percentiles (usec):
     |  1.00th=[   26],  5.00th=[   28], 10.00th=[   31], 20.00th=[   34],
     | 30.00th=[   35], 40.00th=[   36], 50.00th=[   36], 60.00th=[   37],
     | 70.00th=[   37], 80.00th=[   38], 90.00th=[   41], 95.00th=[   42],
     | 99.00th=[   50], 99.50th=[   56], 99.90th=[   91], 99.95th=[  157],
     | 99.99th=[  273]
   bw (  KiB/s): min=93760, max=143864, per=5.58%, avg=110399.38, stdev=9737.35, samples=60
   iops        : min=23440, max=35966, avg=27599.83, stdev=2434.33, samples=60
  lat (usec)   : 50=99.01%, 100=0.90%, 250=0.07%, 500=0.01%, 750=0.01%
  lat (usec)   : 1000=0.01%
  lat (msec)   : 2=0.01%
  cpu          : usr=2.77%, sys=14.55%, ctx=828057, majf=0, minf=86635
  IO depths    : 1=100.0%, 2=0.0%, 4=0.0%, 8=0.0%, 16=0.0%, 32=0.0%, >=64=0.0%
     submit    : 0=0.0%, 4=100.0%, 8=0.0%, 16=0.0%, 32=0.0%, 64=0.0%, >=64=0.0%
     complete  : 0=0.0%, 4=100.0%, 8=0.0%, 16=0.0%, 32=0.0%, 64=0.0%, >=64=0.0%
     issued rwts: total=0,828050,0,0 short=0,0,0,0 dropped=0,0,0,0
     latency   : target=0, window=0, percentile=100.00%, depth=1
test_64kb_rwrite_5n7: (groupid=0, jobs=1): err= 0: pid=907275: Sat Sep  6 19:19:04 2025
  write: IOPS=27.0k, BW=106MiB/s (111MB/s)(3168MiB/30000msec); 0 zone resets
    clat (usec): min=21, max=1047, avg=36.34, stdev= 5.93
     lat (usec): min=21, max=1047, avg=36.46, stdev= 5.93
    clat percentiles (usec):
     |  1.00th=[   27],  5.00th=[   31], 10.00th=[   33], 20.00th=[   35],
     | 30.00th=[   35], 40.00th=[   36], 50.00th=[   37], 60.00th=[   37],
     | 70.00th=[   38], 80.00th=[   39], 90.00th=[   41], 95.00th=[   43],
     | 99.00th=[   51], 99.50th=[   56], 99.90th=[   75], 99.95th=[  109],
     | 99.99th=[  262]
   bw (  KiB/s): min=91584, max=117072, per=5.46%, avg=108132.43, stdev=4900.41, samples=60
   iops        : min=22896, max=29268, avg=27033.10, stdev=1225.12, samples=60
  lat (usec)   : 50=98.89%, 100=1.05%, 250=0.05%, 500=0.01%, 750=0.01%
  lat (usec)   : 1000=0.01%
  lat (msec)   : 2=0.01%
  cpu          : usr=2.71%, sys=15.27%, ctx=810974, majf=0, minf=86624
  IO depths    : 1=100.0%, 2=0.0%, 4=0.0%, 8=0.0%, 16=0.0%, 32=0.0%, >=64=0.0%
     submit    : 0=0.0%, 4=100.0%, 8=0.0%, 16=0.0%, 32=0.0%, 64=0.0%, >=64=0.0%
     complete  : 0=0.0%, 4=100.0%, 8=0.0%, 16=0.0%, 32=0.0%, 64=0.0%, >=64=0.0%
     issued rwts: total=0,810968,0,0 short=0,0,0,0 dropped=0,0,0,0
     latency   : target=0, window=0, percentile=100.00%, depth=1
test_64kb_rwrite_5n8: (groupid=0, jobs=1): err= 0: pid=907276: Sat Sep  6 19:19:04 2025
  write: IOPS=26.8k, BW=105MiB/s (110MB/s)(3142MiB/30001msec); 0 zone resets
    clat (usec): min=20, max=1116, avg=36.61, stdev= 6.80
     lat (usec): min=21, max=1116, avg=36.72, stdev= 6.81
    clat percentiles (usec):
     |  1.00th=[   26],  5.00th=[   32], 10.00th=[   34], 20.00th=[   35],
     | 30.00th=[   36], 40.00th=[   36], 50.00th=[   37], 60.00th=[   37],
     | 70.00th=[   38], 80.00th=[   39], 90.00th=[   41], 95.00th=[   43],
     | 99.00th=[   52], 99.50th=[   57], 99.90th=[   83], 99.95th=[  167],
     | 99.99th=[  281]
   bw (  KiB/s): min=92208, max=124912, per=5.42%, avg=107251.73, stdev=5635.53, samples=60
   iops        : min=23052, max=31228, avg=26812.93, stdev=1408.88, samples=60
  lat (usec)   : 50=98.84%, 100=1.06%, 250=0.08%, 500=0.02%, 750=0.01%
  lat (usec)   : 1000=0.01%
  lat (msec)   : 2=0.01%
  cpu          : usr=2.88%, sys=15.40%, ctx=804396, majf=0, minf=87084
  IO depths    : 1=100.0%, 2=0.0%, 4=0.0%, 8=0.0%, 16=0.0%, 32=0.0%, >=64=0.0%
     submit    : 0=0.0%, 4=100.0%, 8=0.0%, 16=0.0%, 32=0.0%, 64=0.0%, >=64=0.0%
     complete  : 0=0.0%, 4=100.0%, 8=0.0%, 16=0.0%, 32=0.0%, 64=0.0%, >=64=0.0%
     issued rwts: total=0,804392,0,0 short=0,0,0,0 dropped=0,0,0,0
     latency   : target=0, window=0, percentile=100.00%, depth=1
test_64kb_rwrite_5n8: (groupid=0, jobs=1): err= 0: pid=907277: Sat Sep  6 19:19:04 2025
  write: IOPS=27.5k, BW=107MiB/s (113MB/s)(3219MiB/30001msec); 0 zone resets
    clat (usec): min=21, max=3544, avg=35.75, stdev= 7.82
     lat (usec): min=21, max=3544, avg=35.86, stdev= 7.82
    clat percentiles (usec):
     |  1.00th=[   25],  5.00th=[   28], 10.00th=[   31], 20.00th=[   34],
     | 30.00th=[   35], 40.00th=[   36], 50.00th=[   36], 60.00th=[   37],
     | 70.00th=[   38], 80.00th=[   38], 90.00th=[   40], 95.00th=[   42],
     | 99.00th=[   50], 99.50th=[   56], 99.90th=[   71], 99.95th=[  135],
     | 99.99th=[  262]
   bw (  KiB/s): min=93082, max=148080, per=5.55%, avg=109862.72, stdev=8893.43, samples=60
   iops        : min=23270, max=37020, avg=27465.67, stdev=2223.38, samples=60
  lat (usec)   : 50=99.01%, 100=0.93%, 250=0.05%, 500=0.01%, 750=0.01%
  lat (usec)   : 1000=0.01%
  lat (msec)   : 2=0.01%, 4=0.01%
  cpu          : usr=2.85%, sys=15.68%, ctx=824024, majf=0, minf=87089
  IO depths    : 1=100.0%, 2=0.0%, 4=0.0%, 8=0.0%, 16=0.0%, 32=0.0%, >=64=0.0%
     submit    : 0=0.0%, 4=100.0%, 8=0.0%, 16=0.0%, 32=0.0%, 64=0.0%, >=64=0.0%
     complete  : 0=0.0%, 4=100.0%, 8=0.0%, 16=0.0%, 32=0.0%, 64=0.0%, >=64=0.0%
     issued rwts: total=0,824023,0,0 short=0,0,0,0 dropped=0,0,0,0
     latency   : target=0, window=0, percentile=100.00%, depth=1
test_64kb_rwrite_5n9: (groupid=0, jobs=1): err= 0: pid=907278: Sat Sep  6 19:19:04 2025
  write: IOPS=27.5k, BW=107MiB/s (113MB/s)(3222MiB/30001msec); 0 zone resets
    clat (usec): min=20, max=3337, avg=35.67, stdev= 9.00
     lat (usec): min=20, max=3337, avg=35.79, stdev= 9.00
    clat percentiles (usec):
     |  1.00th=[   25],  5.00th=[   27], 10.00th=[   29], 20.00th=[   33],
     | 30.00th=[   35], 40.00th=[   36], 50.00th=[   36], 60.00th=[   37],
     | 70.00th=[   38], 80.00th=[   39], 90.00th=[   42], 95.00th=[   44],
     | 99.00th=[   51], 99.50th=[   57], 99.90th=[  106], 99.95th=[  174],
     | 99.99th=[  285]
   bw (  KiB/s): min=86408, max=147032, per=5.56%, avg=110066.27, stdev=11799.06, samples=59
   iops        : min=21602, max=36758, avg=27516.53, stdev=2949.75, samples=59
  lat (usec)   : 50=98.89%, 100=1.00%, 250=0.09%, 500=0.02%, 750=0.01%
  lat (usec)   : 1000=0.01%
  lat (msec)   : 2=0.01%, 4=0.01%
  cpu          : usr=2.60%, sys=15.49%, ctx=824927, majf=0, minf=114521
  IO depths    : 1=100.0%, 2=0.0%, 4=0.0%, 8=0.0%, 16=0.0%, 32=0.0%, >=64=0.0%
     submit    : 0=0.0%, 4=100.0%, 8=0.0%, 16=0.0%, 32=0.0%, 64=0.0%, >=64=0.0%
     complete  : 0=0.0%, 4=100.0%, 8=0.0%, 16=0.0%, 32=0.0%, 64=0.0%, >=64=0.0%
     issued rwts: total=0,824921,0,0 short=0,0,0,0 dropped=0,0,0,0
     latency   : target=0, window=0, percentile=100.00%, depth=1
test_64kb_rwrite_5n9: (groupid=0, jobs=1): err= 0: pid=907279: Sat Sep  6 19:19:04 2025
  write: IOPS=27.3k, BW=107MiB/s (112MB/s)(3199MiB/30001msec); 0 zone resets
    clat (usec): min=21, max=2947, avg=35.96, stdev= 8.37
     lat (usec): min=21, max=2947, avg=36.07, stdev= 8.37
    clat percentiles (usec):
     |  1.00th=[   26],  5.00th=[   29], 10.00th=[   32], 20.00th=[   34],
     | 30.00th=[   35], 40.00th=[   36], 50.00th=[   36], 60.00th=[   37],
     | 70.00th=[   38], 80.00th=[   39], 90.00th=[   41], 95.00th=[   42],
     | 99.00th=[   51], 99.50th=[   56], 99.90th=[   82], 99.95th=[  167],
     | 99.99th=[  273]
   bw (  KiB/s): min=95480, max=137232, per=5.52%, avg=109185.87, stdev=6844.19, samples=60
   iops        : min=23870, max=34308, avg=27296.47, stdev=1711.05, samples=60
  lat (usec)   : 50=98.92%, 100=0.99%, 250=0.07%, 500=0.01%, 750=0.01%
  lat (usec)   : 1000=0.01%
  lat (msec)   : 2=0.01%, 4=0.01%
  cpu          : usr=2.88%, sys=15.21%, ctx=818979, majf=0, minf=87160
  IO depths    : 1=100.0%, 2=0.0%, 4=0.0%, 8=0.0%, 16=0.0%, 32=0.0%, >=64=0.0%
     submit    : 0=0.0%, 4=100.0%, 8=0.0%, 16=0.0%, 32=0.0%, 64=0.0%, >=64=0.0%
     complete  : 0=0.0%, 4=100.0%, 8=0.0%, 16=0.0%, 32=0.0%, 64=0.0%, >=64=0.0%
     issued rwts: total=0,818975,0,0 short=0,0,0,0 dropped=0,0,0,0
     latency   : target=0, window=0, percentile=100.00%, depth=1
test_64kb_rwrite_5n10: (groupid=0, jobs=1): err= 0: pid=907280: Sat Sep  6 19:19:04 2025
  write: IOPS=26.9k, BW=105MiB/s (110MB/s)(3148MiB/30000msec); 0 zone resets
    clat (usec): min=22, max=1040, avg=36.59, stdev= 4.82
     lat (usec): min=22, max=1040, avg=36.70, stdev= 4.82
    clat percentiles (usec):
     |  1.00th=[   29],  5.00th=[   33], 10.00th=[   34], 20.00th=[   35],
     | 30.00th=[   36], 40.00th=[   37], 50.00th=[   37], 60.00th=[   37],
     | 70.00th=[   38], 80.00th=[   39], 90.00th=[   40], 95.00th=[   42],
     | 99.00th=[   50], 99.50th=[   55], 99.90th=[   63], 99.95th=[   73],
     | 99.99th=[  217]
   bw (  KiB/s): min=98736, max=129808, per=5.43%, avg=107435.68, stdev=4263.60, samples=60
   iops        : min=24684, max=32452, avg=26858.92, stdev=1065.90, samples=60
  lat (usec)   : 50=99.08%, 100=0.89%, 250=0.02%, 500=0.01%, 750=0.01%
  lat (msec)   : 2=0.01%
  cpu          : usr=2.67%, sys=15.14%, ctx=805802, majf=0, minf=86611
  IO depths    : 1=100.0%, 2=0.0%, 4=0.0%, 8=0.0%, 16=0.0%, 32=0.0%, >=64=0.0%
     submit    : 0=0.0%, 4=100.0%, 8=0.0%, 16=0.0%, 32=0.0%, 64=0.0%, >=64=0.0%
     complete  : 0=0.0%, 4=100.0%, 8=0.0%, 16=0.0%, 32=0.0%, 64=0.0%, >=64=0.0%
     issued rwts: total=0,805796,0,0 short=0,0,0,0 dropped=0,0,0,0
     latency   : target=0, window=0, percentile=100.00%, depth=1
test_64kb_rwrite_5n10: (groupid=0, jobs=1): err= 0: pid=907281: Sat Sep  6 19:19:04 2025
  write: IOPS=27.3k, BW=107MiB/s (112MB/s)(3202MiB/30001msec); 0 zone resets
    clat (usec): min=21, max=3241, avg=35.91, stdev= 9.96
     lat (usec): min=21, max=3241, avg=36.03, stdev= 9.97
    clat percentiles (usec):
     |  1.00th=[   25],  5.00th=[   26], 10.00th=[   28], 20.00th=[   34],
     | 30.00th=[   36], 40.00th=[   37], 50.00th=[   37], 60.00th=[   37],
     | 70.00th=[   38], 80.00th=[   39], 90.00th=[   41], 95.00th=[   43],
     | 99.00th=[   51], 99.50th=[   57], 99.90th=[   72], 99.95th=[  165],
     | 99.99th=[  293]
   bw (  KiB/s): min=92664, max=148224, per=5.52%, avg=109281.50, stdev=12428.45, samples=60
   iops        : min=23166, max=37056, avg=27320.37, stdev=3107.12, samples=60
  lat (usec)   : 50=98.92%, 100=1.01%, 250=0.05%, 500=0.01%, 750=0.01%
  lat (usec)   : 1000=0.01%
  lat (msec)   : 2=0.01%, 4=0.01%
  cpu          : usr=2.98%, sys=16.48%, ctx=819739, majf=0, minf=86548
  IO depths    : 1=100.0%, 2=0.0%, 4=0.0%, 8=0.0%, 16=0.0%, 32=0.0%, >=64=0.0%
     submit    : 0=0.0%, 4=100.0%, 8=0.0%, 16=0.0%, 32=0.0%, 64=0.0%, >=64=0.0%
     complete  : 0=0.0%, 4=100.0%, 8=0.0%, 16=0.0%, 32=0.0%, 64=0.0%, >=64=0.0%
     issued rwts: total=0,819738,0,0 short=0,0,0,0 dropped=0,0,0,0
     latency   : target=0, window=0, percentile=100.00%, depth=1
bursty: (groupid=0, jobs=1): err= 0: pid=907282: Sat Sep  6 19:19:04 2025
  write: IOPS=238, BW=953KiB/s (975kB/s)(27.9MiB/30001msec); 0 zone resets
    clat (usec): min=30, max=989, avg=45.97, stdev=34.39
     lat (usec): min=35, max=1127, avg=60.54, stdev=57.99
    clat percentiles (usec):
     |  1.00th=[   33],  5.00th=[   34], 10.00th=[   35], 20.00th=[   36],
     | 30.00th=[   37], 40.00th=[   38], 50.00th=[   39], 60.00th=[   40],
     | 70.00th=[   42], 80.00th=[   45], 90.00th=[   54], 95.00th=[   70],
     | 99.00th=[  229], 99.50th=[  265], 99.90th=[  330], 99.95th=[  351],
     | 99.99th=[  988]
   bw (  KiB/s): min=  560, max=14560, per=0.41%, avg=8166.43, stdev=5050.50, samples=7
   iops        : min=  140, max= 3640, avg=2041.57, stdev=1262.67, samples=7
  lat (usec)   : 50=87.07%, 100=9.08%, 250=3.18%, 500=0.64%, 1000=0.03%
  cpu          : usr=0.17%, sys=0.29%, ctx=7229, majf=0, minf=10365
  IO depths    : 1=100.0%, 2=0.0%, 4=0.0%, 8=0.0%, 16=0.0%, 32=0.0%, >=64=0.0%
     submit    : 0=0.0%, 4=100.0%, 8=0.0%, 16=0.0%, 32=0.0%, 64=0.0%, >=64=0.0%
     complete  : 0=0.0%, 4=100.0%, 8=0.0%, 16=0.0%, 32=0.0%, 64=0.0%, >=64=0.0%
     issued rwts: total=0,7145,0,0 short=0,0,0,0 dropped=0,0,0,0
     latency   : target=0, window=0, percentile=100.00%, depth=1
bursty: (groupid=0, jobs=1): err= 0: pid=907283: Sat Sep  6 19:19:04 2025
  write: IOPS=284, BW=1136KiB/s (1163kB/s)(33.3MiB/30001msec); 0 zone resets
    clat (usec): min=30, max=966, avg=44.11, stdev=23.19
     lat (usec): min=35, max=974, avg=52.91, stdev=26.79
    clat percentiles (usec):
     |  1.00th=[   34],  5.00th=[   35], 10.00th=[   35], 20.00th=[   37],
     | 30.00th=[   38], 40.00th=[   40], 50.00th=[   42], 60.00th=[   44],
     | 70.00th=[   45], 80.00th=[   47], 90.00th=[   53], 95.00th=[   59],
     | 99.00th=[   79], 99.50th=[  206], 99.90th=[  359], 99.95th=[  396],
     | 99.99th=[  963]
   bw (  KiB/s): min= 2568, max=13480, per=0.49%, avg=9734.57, stdev=4770.24, samples=7
   iops        : min=  642, max= 3370, avg=2433.57, stdev=1192.51, samples=7
  lat (usec)   : 50=87.23%, 100=11.95%, 250=0.42%, 500=0.39%, 1000=0.01%
  cpu          : usr=0.20%, sys=0.23%, ctx=8635, majf=0, minf=8449
  IO depths    : 1=100.0%, 2=0.0%, 4=0.0%, 8=0.0%, 16=0.0%, 32=0.0%, >=64=0.0%
     submit    : 0=0.0%, 4=100.0%, 8=0.0%, 16=0.0%, 32=0.0%, 64=0.0%, >=64=0.0%
     complete  : 0=0.0%, 4=100.0%, 8=0.0%, 16=0.0%, 32=0.0%, 64=0.0%, >=64=0.0%
     issued rwts: total=0,8521,0,0 short=0,0,0,0 dropped=0,0,0,0
     latency   : target=0, window=0, percentile=100.00%, depth=1
bursty: (groupid=0, jobs=1): err= 0: pid=907284: Sat Sep  6 19:19:04 2025
  write: IOPS=279, BW=1117KiB/s (1144kB/s)(32.7MiB/30001msec); 0 zone resets
    clat (usec): min=25, max=945, avg=38.40, stdev=16.64
     lat (usec): min=30, max=961, avg=46.50, stdev=19.24
    clat percentiles (usec):
     |  1.00th=[   28],  5.00th=[   30], 10.00th=[   31], 20.00th=[   33],
     | 30.00th=[   35], 40.00th=[   36], 50.00th=[   37], 60.00th=[   38],
     | 70.00th=[   40], 80.00th=[   43], 90.00th=[   47], 95.00th=[   52],
     | 99.00th=[   65], 99.50th=[   75], 99.90th=[  273], 99.95th=[  302],
     | 99.99th=[  947]
   bw (  KiB/s): min= 2573, max=14064, per=0.48%, avg=9573.29, stdev=4837.87, samples=7
   iops        : min=  643, max= 3516, avg=2393.29, stdev=1209.53, samples=7
  lat (usec)   : 50=93.45%, 100=6.21%, 250=0.19%, 500=0.14%, 1000=0.01%
  cpu          : usr=0.24%, sys=0.37%, ctx=8523, majf=0, minf=12620
  IO depths    : 1=100.0%, 2=0.0%, 4=0.0%, 8=0.0%, 16=0.0%, 32=0.0%, >=64=0.0%
     submit    : 0=0.0%, 4=100.0%, 8=0.0%, 16=0.0%, 32=0.0%, 64=0.0%, >=64=0.0%
     complete  : 0=0.0%, 4=100.0%, 8=0.0%, 16=0.0%, 32=0.0%, 64=0.0%, >=64=0.0%
     issued rwts: total=0,8376,0,0 short=0,0,0,0 dropped=0,0,0,0
     latency   : target=0, window=0, percentile=100.00%, depth=1
bursty: (groupid=0, jobs=1): err= 0: pid=907285: Sat Sep  6 19:19:04 2025
  write: IOPS=255, BW=1023KiB/s (1047kB/s)(30.0MiB/30001msec); 0 zone resets
    clat (usec): min=24, max=1692, avg=44.44, stdev=38.93
     lat (usec): min=31, max=1804, avg=57.36, stdev=55.11
    clat percentiles (usec):
     |  1.00th=[   28],  5.00th=[   30], 10.00th=[   32], 20.00th=[   35],
     | 30.00th=[   37], 40.00th=[   38], 50.00th=[   39], 60.00th=[   41],
     | 70.00th=[   43], 80.00th=[   46], 90.00th=[   51], 95.00th=[   61],
     | 99.00th=[  239], 99.50th=[  281], 99.90th=[  347], 99.95th=[  922],
     | 99.99th=[ 1696]
   bw (  KiB/s): min= 2573, max=12824, per=0.44%, avg=8767.57, stdev=4466.02, samples=7
   iops        : min=  643, max= 3206, avg=2191.86, stdev=1116.56, samples=7
  lat (usec)   : 50=89.02%, 100=8.84%, 250=1.23%, 500=0.86%, 1000=0.04%
  lat (msec)   : 2=0.01%
  cpu          : usr=0.15%, sys=0.29%, ctx=7801, majf=0, minf=8438
  IO depths    : 1=100.0%, 2=0.0%, 4=0.0%, 8=0.0%, 16=0.0%, 32=0.0%, >=64=0.0%
     submit    : 0=0.0%, 4=100.0%, 8=0.0%, 16=0.0%, 32=0.0%, 64=0.0%, >=64=0.0%
     complete  : 0=0.0%, 4=100.0%, 8=0.0%, 16=0.0%, 32=0.0%, 64=0.0%, >=64=0.0%
     issued rwts: total=0,7671,0,0 short=0,0,0,0 dropped=0,0,0,0
     latency   : target=0, window=0, percentile=100.00%, depth=1
bursty: (groupid=0, jobs=1): err= 0: pid=907286: Sat Sep  6 19:19:04 2025
  write: IOPS=263, BW=1054KiB/s (1079kB/s)(30.9MiB/30001msec); 0 zone resets
    clat (usec): min=24, max=1029, avg=41.79, stdev=22.41
     lat (usec): min=31, max=1041, avg=52.65, stdev=35.92
    clat percentiles (usec):
     |  1.00th=[   28],  5.00th=[   30], 10.00th=[   32], 20.00th=[   35],
     | 30.00th=[   37], 40.00th=[   38], 50.00th=[   39], 60.00th=[   41],
     | 70.00th=[   43], 80.00th=[   46], 90.00th=[   50], 95.00th=[   59],
     | 99.00th=[  106], 99.50th=[  157], 99.90th=[  310], 99.95th=[  363],
     | 99.99th=[ 1029]
   bw (  KiB/s): min= 2568, max=14648, per=0.46%, avg=9033.14, stdev=4791.74, samples=7
   iops        : min=  642, max= 3662, avg=2258.29, stdev=1197.94, samples=7
  lat (usec)   : 50=89.88%, 100=9.10%, 250=0.84%, 500=0.16%, 1000=0.01%
  lat (msec)   : 2=0.01%
  cpu          : usr=0.16%, sys=0.32%, ctx=8026, majf=0, minf=11696
  IO depths    : 1=100.0%, 2=0.0%, 4=0.0%, 8=0.0%, 16=0.0%, 32=0.0%, >=64=0.0%
     submit    : 0=0.0%, 4=100.0%, 8=0.0%, 16=0.0%, 32=0.0%, 64=0.0%, >=64=0.0%
     complete  : 0=0.0%, 4=100.0%, 8=0.0%, 16=0.0%, 32=0.0%, 64=0.0%, >=64=0.0%
     issued rwts: total=0,7904,0,0 short=0,0,0,0 dropped=0,0,0,0
     latency   : target=0, window=0, percentile=100.00%, depth=1
bursty: (groupid=0, jobs=1): err= 0: pid=907287: Sat Sep  6 19:19:04 2025
  write: IOPS=306, BW=1228KiB/s (1257kB/s)(36.0MiB/30001msec); 0 zone resets
    clat (usec): min=24, max=958, avg=39.54, stdev=22.19
     lat (usec): min=31, max=967, avg=49.09, stdev=33.56
    clat percentiles (usec):
     |  1.00th=[   28],  5.00th=[   29], 10.00th=[   31], 20.00th=[   34],
     | 30.00th=[   35], 40.00th=[   36], 50.00th=[   37], 60.00th=[   38],
     | 70.00th=[   40], 80.00th=[   43], 90.00th=[   48], 95.00th=[   55],
     | 99.00th=[   77], 99.50th=[  176], 99.90th=[  371], 99.95th=[  388],
     | 99.99th=[  955]
   bw (  KiB/s): min= 2552, max=14720, per=0.53%, avg=10522.29, stdev=5276.58, samples=7
   iops        : min=  638, max= 3680, avg=2630.57, stdev=1319.15, samples=7
  lat (usec)   : 50=92.52%, 100=6.67%, 250=0.51%, 500=0.29%, 1000=0.01%
  cpu          : usr=0.22%, sys=0.22%, ctx=9283, majf=0, minf=8179
  IO depths    : 1=100.0%, 2=0.0%, 4=0.0%, 8=0.0%, 16=0.0%, 32=0.0%, >=64=0.0%
     submit    : 0=0.0%, 4=100.0%, 8=0.0%, 16=0.0%, 32=0.0%, 64=0.0%, >=64=0.0%
     complete  : 0=0.0%, 4=100.0%, 8=0.0%, 16=0.0%, 32=0.0%, 64=0.0%, >=64=0.0%
     issued rwts: total=0,9207,0,0 short=0,0,0,0 dropped=0,0,0,0
     latency   : target=0, window=0, percentile=100.00%, depth=1
bursty: (groupid=0, jobs=1): err= 0: pid=907288: Sat Sep  6 19:19:04 2025
  write: IOPS=251, BW=1007KiB/s (1031kB/s)(29.5MiB/30001msec); 0 zone resets
    clat (usec): min=27, max=959, avg=41.56, stdev=19.17
     lat (usec): min=36, max=967, avg=50.43, stdev=22.64
    clat percentiles (usec):
     |  1.00th=[   33],  5.00th=[   34], 10.00th=[   35], 20.00th=[   36],
     | 30.00th=[   37], 40.00th=[   38], 50.00th=[   39], 60.00th=[   40],
     | 70.00th=[   43], 80.00th=[   46], 90.00th=[   50], 95.00th=[   57],
     | 99.00th=[   70], 99.50th=[  106], 99.90th=[  302], 99.95th=[  326],
     | 99.99th=[  963]
   bw (  KiB/s): min= 2376, max=13424, per=0.44%, avg=8632.00, stdev=4596.18, samples=7
   iops        : min=  594, max= 3356, avg=2158.00, stdev=1149.05, samples=7
  lat (usec)   : 50=89.98%, 100=9.49%, 250=0.29%, 500=0.23%, 1000=0.01%
  cpu          : usr=0.26%, sys=0.39%, ctx=7643, majf=0, minf=11284
  IO depths    : 1=100.0%, 2=0.0%, 4=0.0%, 8=0.0%, 16=0.0%, 32=0.0%, >=64=0.0%
     submit    : 0=0.0%, 4=100.0%, 8=0.0%, 16=0.0%, 32=0.0%, 64=0.0%, >=64=0.0%
     complete  : 0=0.0%, 4=100.0%, 8=0.0%, 16=0.0%, 32=0.0%, 64=0.0%, >=64=0.0%
     issued rwts: total=0,7553,0,0 short=0,0,0,0 dropped=0,0,0,0
     latency   : target=0, window=0, percentile=100.00%, depth=1
bursty: (groupid=0, jobs=1): err= 0: pid=907289: Sat Sep  6 19:19:04 2025
  write: IOPS=299, BW=1199KiB/s (1228kB/s)(35.1MiB/30001msec); 0 zone resets
    clat (usec): min=30, max=822, avg=39.88, stdev=13.23
     lat (usec): min=37, max=827, avg=48.08, stdev=14.22
    clat percentiles (usec):
     |  1.00th=[   33],  5.00th=[   34], 10.00th=[   35], 20.00th=[   36],
     | 30.00th=[   37], 40.00th=[   37], 50.00th=[   38], 60.00th=[   39],
     | 70.00th=[   40], 80.00th=[   43], 90.00th=[   48], 95.00th=[   54],
     | 99.00th=[   64], 99.50th=[   70], 99.90th=[  233], 99.95th=[  265],
     | 99.99th=[  824]
   bw (  KiB/s): min= 2568, max=14336, per=0.52%, avg=10275.43, stdev=5347.90, samples=7
   iops        : min=  642, max= 3584, avg=2568.86, stdev=1336.98, samples=7
  lat (usec)   : 50=92.66%, 100=7.12%, 250=0.13%, 500=0.08%, 1000=0.01%
  cpu          : usr=0.23%, sys=0.21%, ctx=9160, majf=0, minf=8360
  IO depths    : 1=100.0%, 2=0.0%, 4=0.0%, 8=0.0%, 16=0.0%, 32=0.0%, >=64=0.0%
     submit    : 0=0.0%, 4=100.0%, 8=0.0%, 16=0.0%, 32=0.0%, 64=0.0%, >=64=0.0%
     complete  : 0=0.0%, 4=100.0%, 8=0.0%, 16=0.0%, 32=0.0%, 64=0.0%, >=64=0.0%
     issued rwts: total=0,8991,0,0 short=0,0,0,0 dropped=0,0,0,0
     latency   : target=0, window=0, percentile=100.00%, depth=1
bursty: (groupid=0, jobs=1): err= 0: pid=907290: Sat Sep  6 19:19:04 2025
  write: IOPS=309, BW=1237KiB/s (1267kB/s)(36.2MiB/30001msec); 0 zone resets
    clat (usec): min=21, max=944, avg=40.04, stdev=25.86
     lat (usec): min=28, max=949, avg=48.09, stdev=31.78
    clat percentiles (usec):
     |  1.00th=[   26],  5.00th=[   29], 10.00th=[   32], 20.00th=[   34],
     | 30.00th=[   35], 40.00th=[   36], 50.00th=[   37], 60.00th=[   38],
     | 70.00th=[   39], 80.00th=[   42], 90.00th=[   46], 95.00th=[   53],
     | 99.00th=[  180], 99.50th=[  255], 99.90th=[  351], 99.95th=[  383],
     | 99.99th=[  947]
   bw (  KiB/s): min= 2436, max=14954, per=0.54%, avg=10602.00, stdev=5508.93, samples=7
   iops        : min=  609, max= 3738, avg=2650.43, stdev=1377.17, samples=7
  lat (usec)   : 50=93.31%, 100=5.59%, 250=0.54%, 500=0.55%, 1000=0.01%
  cpu          : usr=0.23%, sys=0.25%, ctx=9308, majf=0, minf=8440
  IO depths    : 1=100.0%, 2=0.0%, 4=0.0%, 8=0.0%, 16=0.0%, 32=0.0%, >=64=0.0%
     submit    : 0=0.0%, 4=100.0%, 8=0.0%, 16=0.0%, 32=0.0%, 64=0.0%, >=64=0.0%
     complete  : 0=0.0%, 4=100.0%, 8=0.0%, 16=0.0%, 32=0.0%, 64=0.0%, >=64=0.0%
     issued rwts: total=0,9280,0,0 short=0,0,0,0 dropped=0,0,0,0
     latency   : target=0, window=0, percentile=100.00%, depth=1
bursty: (groupid=0, jobs=1): err= 0: pid=907291: Sat Sep  6 19:19:04 2025
  write: IOPS=258, BW=1032KiB/s (1057kB/s)(30.2MiB/30001msec); 0 zone resets
    clat (usec): min=25, max=1012, avg=42.77, stdev=20.71
     lat (usec): min=31, max=1047, avg=52.04, stdev=22.48
    clat percentiles (usec):
     |  1.00th=[   28],  5.00th=[   31], 10.00th=[   34], 20.00th=[   36],
     | 30.00th=[   38], 40.00th=[   40], 50.00th=[   42], 60.00th=[   44],
     | 70.00th=[   45], 80.00th=[   47], 90.00th=[   53], 95.00th=[   59],
     | 99.00th=[   69], 99.50th=[   80], 99.90th=[  318], 99.95th=[  363],
     | 99.99th=[ 1012]
   bw (  KiB/s): min= 2568, max=12352, per=0.45%, avg=8846.86, stdev=4230.43, samples=7
   iops        : min=  642, max= 3088, avg=2211.71, stdev=1057.61, samples=7
  lat (usec)   : 50=87.33%, 100=12.30%, 250=0.17%, 500=0.18%, 750=0.01%
  lat (msec)   : 2=0.01%
  cpu          : usr=0.22%, sys=0.35%, ctx=7880, majf=0, minf=12317
  IO depths    : 1=100.0%, 2=0.0%, 4=0.0%, 8=0.0%, 16=0.0%, 32=0.0%, >=64=0.0%
     submit    : 0=0.0%, 4=100.0%, 8=0.0%, 16=0.0%, 32=0.0%, 64=0.0%, >=64=0.0%
     complete  : 0=0.0%, 4=100.0%, 8=0.0%, 16=0.0%, 32=0.0%, 64=0.0%, >=64=0.0%
     issued rwts: total=0,7741,0,0 short=0,0,0,0 dropped=0,0,0,0
     latency   : target=0, window=0, percentile=100.00%, depth=1
bursty: (groupid=0, jobs=1): err= 0: pid=907292: Sat Sep  6 19:19:04 2025
  write: IOPS=306, BW=1225KiB/s (1254kB/s)(35.9MiB/30001msec); 0 zone resets
    clat (usec): min=24, max=938, avg=40.11, stdev=23.54
     lat (usec): min=30, max=944, avg=48.86, stdev=31.10
    clat percentiles (usec):
     |  1.00th=[   28],  5.00th=[   31], 10.00th=[   33], 20.00th=[   35],
     | 30.00th=[   35], 40.00th=[   36], 50.00th=[   37], 60.00th=[   38],
     | 70.00th=[   40], 80.00th=[   42], 90.00th=[   47], 95.00th=[   53],
     | 99.00th=[  130], 99.50th=[  221], 99.90th=[  351], 99.95th=[  375],
     | 99.99th=[  938]
   bw (  KiB/s): min= 2568, max=14776, per=0.53%, avg=10500.57, stdev=5259.27, samples=7
   iops        : min=  642, max= 3694, avg=2625.14, stdev=1314.82, samples=7
  lat (usec)   : 50=93.24%, 100=5.59%, 250=0.87%, 500=0.28%, 1000=0.01%
  cpu          : usr=0.25%, sys=0.21%, ctx=9274, majf=0, minf=8565
  IO depths    : 1=100.0%, 2=0.0%, 4=0.0%, 8=0.0%, 16=0.0%, 32=0.0%, >=64=0.0%
     submit    : 0=0.0%, 4=100.0%, 8=0.0%, 16=0.0%, 32=0.0%, 64=0.0%, >=64=0.0%
     complete  : 0=0.0%, 4=100.0%, 8=0.0%, 16=0.0%, 32=0.0%, 64=0.0%, >=64=0.0%
     issued rwts: total=0,9188,0,0 short=0,0,0,0 dropped=0,0,0,0
     latency   : target=0, window=0, percentile=100.00%, depth=1
bursty: (groupid=0, jobs=1): err= 0: pid=907293: Sat Sep  6 19:19:04 2025
  write: IOPS=294, BW=1176KiB/s (1204kB/s)(34.5MiB/30001msec); 0 zone resets
    clat (usec): min=25, max=913, avg=42.49, stdev=29.79
     lat (usec): min=31, max=919, avg=50.63, stdev=35.18
    clat percentiles (usec):
     |  1.00th=[   28],  5.00th=[   31], 10.00th=[   33], 20.00th=[   35],
     | 30.00th=[   36], 40.00th=[   37], 50.00th=[   38], 60.00th=[   40],
     | 70.00th=[   42], 80.00th=[   44], 90.00th=[   49], 95.00th=[   56],
     | 99.00th=[  227], 99.50th=[  277], 99.90th=[  351], 99.95th=[  392],
     | 99.99th=[  914]
   bw (  KiB/s): min= 2568, max=13848, per=0.51%, avg=10081.14, stdev=4874.79, samples=7
   iops        : min=  642, max= 3462, avg=2520.29, stdev=1218.70, samples=7
  lat (usec)   : 50=91.53%, 100=6.69%, 250=0.96%, 500=0.80%, 1000=0.01%
  cpu          : usr=0.19%, sys=0.19%, ctx=8967, majf=0, minf=7523
  IO depths    : 1=100.0%, 2=0.0%, 4=0.0%, 8=0.0%, 16=0.0%, 32=0.0%, >=64=0.0%
     submit    : 0=0.0%, 4=100.0%, 8=0.0%, 16=0.0%, 32=0.0%, 64=0.0%, >=64=0.0%
     complete  : 0=0.0%, 4=100.0%, 8=0.0%, 16=0.0%, 32=0.0%, 64=0.0%, >=64=0.0%
     issued rwts: total=0,8821,0,0 short=0,0,0,0 dropped=0,0,0,0
     latency   : target=0, window=0, percentile=100.00%, depth=1
bursty: (groupid=0, jobs=1): err= 0: pid=907294: Sat Sep  6 19:19:04 2025
  write: IOPS=286, BW=1147KiB/s (1175kB/s)(33.6MiB/30001msec); 0 zone resets
    clat (usec): min=23, max=920, avg=39.65, stdev=27.56
     lat (usec): min=30, max=927, avg=48.68, stdev=37.22
    clat percentiles (usec):
     |  1.00th=[   27],  5.00th=[   28], 10.00th=[   29], 20.00th=[   31],
     | 30.00th=[   33], 40.00th=[   35], 50.00th=[   37], 60.00th=[   38],
     | 70.00th=[   40], 80.00th=[   43], 90.00th=[   48], 95.00th=[   55],
     | 99.00th=[  200], 99.50th=[  262], 99.90th=[  347], 99.95th=[  396],
     | 99.99th=[  922]
   bw (  KiB/s): min= 1691, max=16320, per=0.50%, avg=9835.86, stdev=6057.90, samples=7
   iops        : min=  422, max= 4080, avg=2458.86, stdev=1514.64, samples=7
  lat (usec)   : 50=92.27%, 100=6.59%, 250=0.48%, 500=0.64%, 750=0.01%
  lat (usec)   : 1000=0.01%
  cpu          : usr=0.23%, sys=0.33%, ctx=8619, majf=0, minf=13097
  IO depths    : 1=100.0%, 2=0.0%, 4=0.0%, 8=0.0%, 16=0.0%, 32=0.0%, >=64=0.0%
     submit    : 0=0.0%, 4=100.0%, 8=0.0%, 16=0.0%, 32=0.0%, 64=0.0%, >=64=0.0%
     complete  : 0=0.0%, 4=100.0%, 8=0.0%, 16=0.0%, 32=0.0%, 64=0.0%, >=64=0.0%
     issued rwts: total=0,8606,0,0 short=0,0,0,0 dropped=0,0,0,0
     latency   : target=0, window=0, percentile=100.00%, depth=1
bursty: (groupid=0, jobs=1): err= 0: pid=907295: Sat Sep  6 19:19:04 2025
  write: IOPS=297, BW=1190KiB/s (1218kB/s)(34.9MiB/30000msec); 0 zone resets
    clat (usec): min=22, max=911, avg=37.58, stdev=12.03
     lat (usec): min=28, max=919, avg=45.68, stdev=12.43
    clat percentiles (usec):
     |  1.00th=[   26],  5.00th=[   29], 10.00th=[   30], 20.00th=[   34],
     | 30.00th=[   35], 40.00th=[   36], 50.00th=[   37], 60.00th=[   38],
     | 70.00th=[   39], 80.00th=[   42], 90.00th=[   47], 95.00th=[   52],
     | 99.00th=[   63], 99.50th=[   70], 99.90th=[  105], 99.95th=[  137],
     | 99.99th=[  914]
   bw (  KiB/s): min= 2568, max=14712, per=0.52%, avg=10197.71, stdev=5285.41, samples=7
   iops        : min=  642, max= 3678, avg=2549.43, stdev=1321.35, samples=7
  lat (usec)   : 50=94.13%, 100=5.75%, 250=0.11%, 1000=0.01%
  cpu          : usr=0.17%, sys=0.31%, ctx=9136, majf=0, minf=12971
  IO depths    : 1=100.0%, 2=0.0%, 4=0.0%, 8=0.0%, 16=0.0%, 32=0.0%, >=64=0.0%
     submit    : 0=0.0%, 4=100.0%, 8=0.0%, 16=0.0%, 32=0.0%, 64=0.0%, >=64=0.0%
     complete  : 0=0.0%, 4=100.0%, 8=0.0%, 16=0.0%, 32=0.0%, 64=0.0%, >=64=0.0%
     issued rwts: total=0,8923,0,0 short=0,0,0,0 dropped=0,0,0,0
     latency   : target=0, window=0, percentile=100.00%, depth=1
bursty: (groupid=0, jobs=1): err= 0: pid=907296: Sat Sep  6 19:19:04 2025
  write: IOPS=297, BW=1189KiB/s (1218kB/s)(34.8MiB/30000msec); 0 zone resets
    clat (usec): min=25, max=924, avg=40.29, stdev=12.02
     lat (usec): min=30, max=930, avg=47.89, stdev=12.41
    clat percentiles (usec):
     |  1.00th=[   29],  5.00th=[   34], 10.00th=[   35], 20.00th=[   36],
     | 30.00th=[   37], 40.00th=[   38], 50.00th=[   39], 60.00th=[   40],
     | 70.00th=[   42], 80.00th=[   44], 90.00th=[   48], 95.00th=[   53],
     | 99.00th=[   64], 99.50th=[   69], 99.90th=[  104], 99.95th=[  118],
     | 99.99th=[  922]
   bw (  KiB/s): min= 2573, max=15088, per=0.52%, avg=10192.14, stdev=5055.50, samples=7
   iops        : min=  643, max= 3772, avg=2548.00, stdev=1263.94, samples=7
  lat (usec)   : 50=92.68%, 100=7.22%, 250=0.08%, 500=0.01%, 1000=0.01%
  cpu          : usr=0.24%, sys=0.21%, ctx=9083, majf=0, minf=8128
  IO depths    : 1=100.0%, 2=0.0%, 4=0.0%, 8=0.0%, 16=0.0%, 32=0.0%, >=64=0.0%
     submit    : 0=0.0%, 4=100.0%, 8=0.0%, 16=0.0%, 32=0.0%, 64=0.0%, >=64=0.0%
     complete  : 0=0.0%, 4=100.0%, 8=0.0%, 16=0.0%, 32=0.0%, 64=0.0%, >=64=0.0%
     issued rwts: total=0,8921,0,0 short=0,0,0,0 dropped=0,0,0,0
     latency   : target=0, window=0, percentile=100.00%, depth=1
bursty: (groupid=0, jobs=1): err= 0: pid=907297: Sat Sep  6 19:19:04 2025
  write: IOPS=303, BW=1212KiB/s (1241kB/s)(35.5MiB/30000msec); 0 zone resets
    clat (usec): min=24, max=938, avg=40.07, stdev=24.96
     lat (usec): min=29, max=946, avg=48.42, stdev=27.36
    clat percentiles (usec):
     |  1.00th=[   27],  5.00th=[   29], 10.00th=[   30], 20.00th=[   34],
     | 30.00th=[   35], 40.00th=[   36], 50.00th=[   37], 60.00th=[   38],
     | 70.00th=[   40], 80.00th=[   43], 90.00th=[   47], 95.00th=[   55],
     | 99.00th=[  153], 99.50th=[  255], 99.90th=[  326], 99.95th=[  355],
     | 99.99th=[  938]
   bw (  KiB/s): min= 2568, max=14656, per=0.53%, avg=10392.00, stdev=5057.94, samples=7
   iops        : min=  642, max= 3664, avg=2598.00, stdev=1264.49, samples=7
  lat (usec)   : 50=92.73%, 100=6.11%, 250=0.63%, 500=0.52%, 1000=0.01%
  cpu          : usr=0.18%, sys=0.23%, ctx=9258, majf=0, minf=10817
  IO depths    : 1=100.0%, 2=0.0%, 4=0.0%, 8=0.0%, 16=0.0%, 32=0.0%, >=64=0.0%
     submit    : 0=0.0%, 4=100.0%, 8=0.0%, 16=0.0%, 32=0.0%, 64=0.0%, >=64=0.0%
     complete  : 0=0.0%, 4=100.0%, 8=0.0%, 16=0.0%, 32=0.0%, 64=0.0%, >=64=0.0%
     issued rwts: total=0,9093,0,0 short=0,0,0,0 dropped=0,0,0,0
     latency   : target=0, window=0, percentile=100.00%, depth=1

Run status group 0 (all jobs):
  WRITE: bw=1933MiB/s (2026MB/s), 953KiB/s-114MiB/s (975kB/s-120MB/s), io=56.6GiB (60.8GB), run=30000-30001msec

Disk stats (read/write):
  nvme5n2: ios=0/1676979, sectors=0/13415832, merge=0/0, ticks=0/50208, in_queue=50208, util=95.97%
  nvme5n3: ios=0/1587307, sectors=0/12698456, merge=0/0, ticks=0/50613, in_queue=50613, util=96.08%
  nvme5n4: ios=0/1593837, sectors=0/12750696, merge=0/0, ticks=0/50312, in_queue=50312, util=95.75%
  nvme5n5: ios=0/1663725, sectors=0/13309800, merge=0/0, ticks=0/50054, in_queue=50054, util=96.01%
  nvme5n6: ios=0/1624187, sectors=0/12993496, merge=0/0, ticks=0/50376, in_queue=50376, util=96.02%
  nvme5n7: ios=0/1634498, sectors=0/13075984, merge=0/0, ticks=0/51021, in_queue=51021, util=96.63%
  nvme5n8: ios=0/1623528, sectors=0/12988224, merge=0/0, ticks=0/50665, in_queue=50665, util=96.57%
  nvme5n9: ios=0/1639635, sectors=0/13117080, merge=0/0, ticks=0/50512, in_queue=50512, util=96.53%
  nvme5n10: ios=0/1620392, sectors=0/12963136, merge=0/0, ticks=0/50603, in_queue=50603, util=96.73%
  nvme5n1: ios=0/135941, sectors=0/1087528, merge=0/0, ticks=0/4701, in_queue=4701, util=2.78%
