test_64kb_rwrite_5n2: (g=0): rw=randwrite, bs=(R) 4096B-4096B, (W) 4096B-4096B, (T) 4096B-4096B, ioengine=psync, iodepth=1
...
test_64kb_rwrite_5n3: (g=0): rw=randwrite, bs=(R) 4096B-4096B, (W) 4096B-4096B, (T) 4096B-4096B, ioengine=psync, iodepth=1
...
test_64kb_rwrite_5n4: (g=0): rw=randwrite, bs=(R) 4096B-4096B, (W) 4096B-4096B, (T) 4096B-4096B, ioengine=psync, iodepth=1
...
test_64kb_rwrite_5n5: (g=0): rw=randwrite, bs=(R) 4096B-4096B, (W) 4096B-4096B, (T) 4096B-4096B, ioengine=psync, iodepth=1
...
test_64kb_rwrite_5n6: (g=0): rw=randwrite, bs=(R) 4096B-4096B, (W) 4096B-4096B, (T) 4096B-4096B, ioengine=psync, iodepth=1
...
test_64kb_rwrite_5n7: (g=0): rw=randwrite, bs=(R) 4096B-4096B, (W) 4096B-4096B, (T) 4096B-4096B, ioengine=psync, iodepth=1
...
test_64kb_rwrite_5n8: (g=0): rw=randwrite, bs=(R) 4096B-4096B, (W) 4096B-4096B, (T) 4096B-4096B, ioengine=psync, iodepth=1
...
test_64kb_rwrite_5n9: (g=0): rw=randwrite, bs=(R) 4096B-4096B, (W) 4096B-4096B, (T) 4096B-4096B, ioengine=psync, iodepth=1
...
test_64kb_rwrite_5n10: (g=0): rw=randwrite, bs=(R) 4096B-4096B, (W) 4096B-4096B, (T) 4096B-4096B, ioengine=psync, iodepth=1
...
bursty: (g=0): rw=randwrite, bs=(R) 4096B-4096B, (W) 4096B-4096B, (T) 4096B-4096B, ioengine=psync, iodepth=1
...
fio-3.37-114-gf0af0-dirty
Starting 52 threads

test_64kb_rwrite_5n2: (groupid=0, jobs=1): err= 0: pid=907594: Sat Sep  6 19:20:09 2025
  write: IOPS=26.7k, BW=104MiB/s (109MB/s)(3126MiB/30001msec); 0 zone resets
    clat (usec): min=21, max=1784, avg=36.55, stdev= 7.11
     lat (usec): min=21, max=1784, avg=36.66, stdev= 7.11
    clat percentiles (usec):
     |  1.00th=[   26],  5.00th=[   28], 10.00th=[   30], 20.00th=[   33],
     | 30.00th=[   34], 40.00th=[   36], 50.00th=[   37], 60.00th=[   38],
     | 70.00th=[   39], 80.00th=[   41], 90.00th=[   44], 95.00th=[   47],
     | 99.00th=[   57], 99.50th=[   61], 99.90th=[   73], 99.95th=[   83],
     | 99.99th=[  188]
   bw (  KiB/s): min=94424, max=127896, per=2.76%, avg=106687.60, stdev=5926.55, samples=60
   iops        : min=23606, max=31974, avg=26671.90, stdev=1481.64, samples=60
  lat (usec)   : 50=97.38%, 100=2.60%, 250=0.02%, 500=0.01%, 750=0.01%
  lat (usec)   : 1000=0.01%
  lat (msec)   : 2=0.01%
  cpu          : usr=3.03%, sys=17.29%, ctx=800167, majf=0, minf=144901
  IO depths    : 1=100.0%, 2=0.0%, 4=0.0%, 8=0.0%, 16=0.0%, 32=0.0%, >=64=0.0%
     submit    : 0=0.0%, 4=100.0%, 8=0.0%, 16=0.0%, 32=0.0%, 64=0.0%, >=64=0.0%
     complete  : 0=0.0%, 4=100.0%, 8=0.0%, 16=0.0%, 32=0.0%, 64=0.0%, >=64=0.0%
     issued rwts: total=0,800157,0,0 short=0,0,0,0 dropped=0,0,0,0
     latency   : target=0, window=0, percentile=100.00%, depth=1
test_64kb_rwrite_5n2: (groupid=0, jobs=1): err= 0: pid=907595: Sat Sep  6 19:20:09 2025
  write: IOPS=26.8k, BW=105MiB/s (110MB/s)(3145MiB/30001msec); 0 zone resets
    clat (usec): min=21, max=4565, avg=36.41, stdev= 9.90
     lat (usec): min=21, max=4565, avg=36.52, stdev= 9.90
    clat percentiles (usec):
     |  1.00th=[   26],  5.00th=[   27], 10.00th=[   28], 20.00th=[   31],
     | 30.00th=[   34], 40.00th=[   35], 50.00th=[   37], 60.00th=[   38],
     | 70.00th=[   40], 80.00th=[   42], 90.00th=[   44], 95.00th=[   47],
     | 99.00th=[   57], 99.50th=[   62], 99.90th=[   75], 99.95th=[   83],
     | 99.99th=[  153]
   bw (  KiB/s): min=89888, max=129120, per=2.78%, avg=107335.60, stdev=8637.41, samples=60
   iops        : min=22472, max=32280, avg=26833.90, stdev=2159.35, samples=60
  lat (usec)   : 50=97.22%, 100=2.76%, 250=0.02%, 500=0.01%, 1000=0.01%
  lat (msec)   : 2=0.01%, 10=0.01%
  cpu          : usr=3.23%, sys=17.79%, ctx=805024, majf=0, minf=121838
  IO depths    : 1=100.0%, 2=0.0%, 4=0.0%, 8=0.0%, 16=0.0%, 32=0.0%, >=64=0.0%
     submit    : 0=0.0%, 4=100.0%, 8=0.0%, 16=0.0%, 32=0.0%, 64=0.0%, >=64=0.0%
     complete  : 0=0.0%, 4=100.0%, 8=0.0%, 16=0.0%, 32=0.0%, 64=0.0%, >=64=0.0%
     issued rwts: total=0,805017,0,0 short=0,0,0,0 dropped=0,0,0,0
     latency   : target=0, window=0, percentile=100.00%, depth=1
test_64kb_rwrite_5n2: (groupid=0, jobs=1): err= 0: pid=907596: Sat Sep  6 19:20:09 2025
  write: IOPS=26.4k, BW=103MiB/s (108MB/s)(3097MiB/30001msec); 0 zone resets
    clat (usec): min=20, max=5030, avg=36.90, stdev=11.75
     lat (usec): min=20, max=5030, avg=37.00, stdev=11.76
    clat percentiles (usec):
     |  1.00th=[   26],  5.00th=[   28], 10.00th=[   31], 20.00th=[   33],
     | 30.00th=[   35], 40.00th=[   36], 50.00th=[   37], 60.00th=[   38],
     | 70.00th=[   39], 80.00th=[   41], 90.00th=[   44], 95.00th=[   47],
     | 99.00th=[   57], 99.50th=[   62], 99.90th=[   76], 99.95th=[   87],
     | 99.99th=[  229]
   bw (  KiB/s): min=87418, max=120944, per=2.74%, avg=105707.50, stdev=6181.12, samples=60
   iops        : min=21854, max=30236, avg=26426.87, stdev=1545.31, samples=60
  lat (usec)   : 50=97.18%, 100=2.78%, 250=0.03%, 500=0.01%, 750=0.01%
  lat (msec)   : 2=0.01%, 4=0.01%, 10=0.01%
  cpu          : usr=3.36%, sys=16.68%, ctx=792867, majf=0, minf=140771
  IO depths    : 1=100.0%, 2=0.0%, 4=0.0%, 8=0.0%, 16=0.0%, 32=0.0%, >=64=0.0%
     submit    : 0=0.0%, 4=100.0%, 8=0.0%, 16=0.0%, 32=0.0%, 64=0.0%, >=64=0.0%
     complete  : 0=0.0%, 4=100.0%, 8=0.0%, 16=0.0%, 32=0.0%, 64=0.0%, >=64=0.0%
     issued rwts: total=0,792850,0,0 short=0,0,0,0 dropped=0,0,0,0
     latency   : target=0, window=0, percentile=100.00%, depth=1
test_64kb_rwrite_5n2: (groupid=0, jobs=1): err= 0: pid=907597: Sat Sep  6 19:20:09 2025
  write: IOPS=26.9k, BW=105MiB/s (110MB/s)(3153MiB/30001msec); 0 zone resets
    clat (usec): min=20, max=4759, avg=36.20, stdev=10.91
     lat (usec): min=20, max=4759, avg=36.31, stdev=10.91
    clat percentiles (usec):
     |  1.00th=[   26],  5.00th=[   27], 10.00th=[   29], 20.00th=[   31],
     | 30.00th=[   34], 40.00th=[   35], 50.00th=[   37], 60.00th=[   38],
     | 70.00th=[   39], 80.00th=[   41], 90.00th=[   44], 95.00th=[   47],
     | 99.00th=[   57], 99.50th=[   61], 99.90th=[   74], 99.95th=[   82],
     | 99.99th=[  131]
   bw (  KiB/s): min=93496, max=129944, per=2.79%, avg=107597.37, stdev=8649.35, samples=60
   iops        : min=23374, max=32486, avg=26899.33, stdev=2162.32, samples=60
  lat (usec)   : 50=97.39%, 100=2.59%, 250=0.02%, 500=0.01%, 1000=0.01%
  lat (msec)   : 2=0.01%, 4=0.01%, 10=0.01%
  cpu          : usr=3.38%, sys=17.65%, ctx=807054, majf=0, minf=146716
  IO depths    : 1=100.0%, 2=0.0%, 4=0.0%, 8=0.0%, 16=0.0%, 32=0.0%, >=64=0.0%
     submit    : 0=0.0%, 4=100.0%, 8=0.0%, 16=0.0%, 32=0.0%, 64=0.0%, >=64=0.0%
     complete  : 0=0.0%, 4=100.0%, 8=0.0%, 16=0.0%, 32=0.0%, 64=0.0%, >=64=0.0%
     issued rwts: total=0,807042,0,0 short=0,0,0,0 dropped=0,0,0,0
     latency   : target=0, window=0, percentile=100.00%, depth=1
test_64kb_rwrite_5n3: (groupid=0, jobs=1): err= 0: pid=907598: Sat Sep  6 19:20:09 2025
  write: IOPS=26.7k, BW=104MiB/s (109MB/s)(3124MiB/30001msec); 0 zone resets
    clat (usec): min=20, max=1029, avg=36.72, stdev= 6.61
     lat (usec): min=20, max=1029, avg=36.83, stdev= 6.62
    clat percentiles (usec):
     |  1.00th=[   26],  5.00th=[   29], 10.00th=[   31], 20.00th=[   33],
     | 30.00th=[   34], 40.00th=[   36], 50.00th=[   37], 60.00th=[   38],
     | 70.00th=[   39], 80.00th=[   41], 90.00th=[   44], 95.00th=[   47],
     | 99.00th=[   57], 99.50th=[   61], 99.90th=[   73], 99.95th=[   81],
     | 99.99th=[  167]
   bw (  KiB/s): min=97056, max=125792, per=2.77%, avg=106798.64, stdev=4635.85, samples=59
   iops        : min=24264, max=31448, avg=26699.66, stdev=1158.96, samples=59
  lat (usec)   : 50=97.38%, 100=2.59%, 250=0.02%, 500=0.01%, 1000=0.01%
  lat (msec)   : 2=0.01%
  cpu          : usr=3.04%, sys=16.56%, ctx=799652, majf=0, minf=119499
  IO depths    : 1=100.0%, 2=0.0%, 4=0.0%, 8=0.0%, 16=0.0%, 32=0.0%, >=64=0.0%
     submit    : 0=0.0%, 4=100.0%, 8=0.0%, 16=0.0%, 32=0.0%, 64=0.0%, >=64=0.0%
     complete  : 0=0.0%, 4=100.0%, 8=0.0%, 16=0.0%, 32=0.0%, 64=0.0%, >=64=0.0%
     issued rwts: total=0,799642,0,0 short=0,0,0,0 dropped=0,0,0,0
     latency   : target=0, window=0, percentile=100.00%, depth=1
test_64kb_rwrite_5n3: (groupid=0, jobs=1): err= 0: pid=907599: Sat Sep  6 19:20:09 2025
  write: IOPS=26.9k, BW=105MiB/s (110MB/s)(3150MiB/30001msec); 0 zone resets
    clat (usec): min=21, max=6493, avg=36.24, stdev=14.36
     lat (usec): min=21, max=6493, avg=36.35, stdev=14.36
    clat percentiles (usec):
     |  1.00th=[   25],  5.00th=[   27], 10.00th=[   28], 20.00th=[   30],
     | 30.00th=[   33], 40.00th=[   35], 50.00th=[   37], 60.00th=[   38],
     | 70.00th=[   40], 80.00th=[   42], 90.00th=[   44], 95.00th=[   47],
     | 99.00th=[   57], 99.50th=[   62], 99.90th=[   74], 99.95th=[   83],
     | 99.99th=[  155]
   bw (  KiB/s): min=90112, max=135728, per=2.78%, avg=107532.00, stdev=10107.13, samples=60
   iops        : min=22528, max=33932, avg=26883.00, stdev=2526.79, samples=60
  lat (usec)   : 50=97.27%, 100=2.71%, 250=0.02%, 500=0.01%, 1000=0.01%
  lat (msec)   : 2=0.01%, 4=0.01%, 10=0.01%
  cpu          : usr=3.28%, sys=17.80%, ctx=806498, majf=0, minf=144599
  IO depths    : 1=100.0%, 2=0.0%, 4=0.0%, 8=0.0%, 16=0.0%, 32=0.0%, >=64=0.0%
     submit    : 0=0.0%, 4=100.0%, 8=0.0%, 16=0.0%, 32=0.0%, 64=0.0%, >=64=0.0%
     complete  : 0=0.0%, 4=100.0%, 8=0.0%, 16=0.0%, 32=0.0%, 64=0.0%, >=64=0.0%
     issued rwts: total=0,806490,0,0 short=0,0,0,0 dropped=0,0,0,0
     latency   : target=0, window=0, percentile=100.00%, depth=1
test_64kb_rwrite_5n3: (groupid=0, jobs=1): err= 0: pid=907600: Sat Sep  6 19:20:09 2025
  write: IOPS=27.0k, BW=105MiB/s (111MB/s)(3162MiB/30001msec); 0 zone resets
    clat (usec): min=21, max=4532, avg=36.13, stdev=10.91
     lat (usec): min=21, max=4532, avg=36.25, stdev=10.91
    clat percentiles (usec):
     |  1.00th=[   26],  5.00th=[   27], 10.00th=[   28], 20.00th=[   30],
     | 30.00th=[   33], 40.00th=[   35], 50.00th=[   37], 60.00th=[   38],
     | 70.00th=[   39], 80.00th=[   41], 90.00th=[   44], 95.00th=[   47],
     | 99.00th=[   57], 99.50th=[   61], 99.90th=[   74], 99.95th=[   82],
     | 99.99th=[  186]
   bw (  KiB/s): min=95496, max=133312, per=2.79%, avg=107617.49, stdev=7538.32, samples=59
   iops        : min=23874, max=33328, avg=26904.34, stdev=1884.59, samples=59
  lat (usec)   : 50=97.32%, 100=2.66%, 250=0.02%, 500=0.01%, 750=0.01%
  lat (usec)   : 1000=0.01%
  lat (msec)   : 2=0.01%, 4=0.01%, 10=0.01%
  cpu          : usr=3.16%, sys=18.02%, ctx=809468, majf=0, minf=144111
  IO depths    : 1=100.0%, 2=0.0%, 4=0.0%, 8=0.0%, 16=0.0%, 32=0.0%, >=64=0.0%
     submit    : 0=0.0%, 4=100.0%, 8=0.0%, 16=0.0%, 32=0.0%, 64=0.0%, >=64=0.0%
     complete  : 0=0.0%, 4=100.0%, 8=0.0%, 16=0.0%, 32=0.0%, 64=0.0%, >=64=0.0%
     issued rwts: total=0,809457,0,0 short=0,0,0,0 dropped=0,0,0,0
     latency   : target=0, window=0, percentile=100.00%, depth=1
test_64kb_rwrite_5n3: (groupid=0, jobs=1): err= 0: pid=907601: Sat Sep  6 19:20:09 2025
  write: IOPS=26.5k, BW=103MiB/s (108MB/s)(3100MiB/30001msec); 0 zone resets
    clat (usec): min=20, max=4042, avg=36.88, stdev= 9.79
     lat (usec): min=20, max=4042, avg=36.99, stdev= 9.80
    clat percentiles (usec):
     |  1.00th=[   26],  5.00th=[   28], 10.00th=[   31], 20.00th=[   33],
     | 30.00th=[   35], 40.00th=[   36], 50.00th=[   37], 60.00th=[   38],
     | 70.00th=[   39], 80.00th=[   41], 90.00th=[   44], 95.00th=[   47],
     | 99.00th=[   57], 99.50th=[   61], 99.90th=[   73], 99.95th=[   83],
     | 99.99th=[  190]
   bw (  KiB/s): min=89280, max=135296, per=2.74%, avg=105797.47, stdev=6254.06, samples=60
   iops        : min=22320, max=33824, avg=26449.37, stdev=1563.52, samples=60
  lat (usec)   : 50=97.22%, 100=2.76%, 250=0.02%, 500=0.01%, 1000=0.01%
  lat (msec)   : 2=0.01%, 4=0.01%, 10=0.01%
  cpu          : usr=3.16%, sys=16.97%, ctx=793628, majf=0, minf=144685
  IO depths    : 1=100.0%, 2=0.0%, 4=0.0%, 8=0.0%, 16=0.0%, 32=0.0%, >=64=0.0%
     submit    : 0=0.0%, 4=100.0%, 8=0.0%, 16=0.0%, 32=0.0%, 64=0.0%, >=64=0.0%
     complete  : 0=0.0%, 4=100.0%, 8=0.0%, 16=0.0%, 32=0.0%, 64=0.0%, >=64=0.0%
     issued rwts: total=0,793615,0,0 short=0,0,0,0 dropped=0,0,0,0
     latency   : target=0, window=0, percentile=100.00%, depth=1
test_64kb_rwrite_5n4: (groupid=0, jobs=1): err= 0: pid=907602: Sat Sep  6 19:20:09 2025
  write: IOPS=26.2k, BW=102MiB/s (107MB/s)(3069MiB/30001msec); 0 zone resets
    clat (usec): min=21, max=4463, avg=37.28, stdev=11.42
     lat (usec): min=21, max=4463, avg=37.39, stdev=11.42
    clat percentiles (usec):
     |  1.00th=[   26],  5.00th=[   29], 10.00th=[   31], 20.00th=[   34],
     | 30.00th=[   35], 40.00th=[   36], 50.00th=[   37], 60.00th=[   39],
     | 70.00th=[   40], 80.00th=[   42], 90.00th=[   44], 95.00th=[   47],
     | 99.00th=[   58], 99.50th=[   62], 99.90th=[   81], 99.95th=[   99],
     | 99.99th=[  219]
   bw (  KiB/s): min=94712, max=121816, per=2.71%, avg=104742.80, stdev=4732.71, samples=60
   iops        : min=23678, max=30454, avg=26185.70, stdev=1183.18, samples=60
  lat (usec)   : 50=97.08%, 100=2.87%, 250=0.04%, 500=0.01%, 750=0.01%
  lat (msec)   : 2=0.01%, 4=0.01%, 10=0.01%
  cpu          : usr=3.11%, sys=16.65%, ctx=785582, majf=0, minf=137944
  IO depths    : 1=100.0%, 2=0.0%, 4=0.0%, 8=0.0%, 16=0.0%, 32=0.0%, >=64=0.0%
     submit    : 0=0.0%, 4=100.0%, 8=0.0%, 16=0.0%, 32=0.0%, 64=0.0%, >=64=0.0%
     complete  : 0=0.0%, 4=100.0%, 8=0.0%, 16=0.0%, 32=0.0%, 64=0.0%, >=64=0.0%
     issued rwts: total=0,785571,0,0 short=0,0,0,0 dropped=0,0,0,0
     latency   : target=0, window=0, percentile=100.00%, depth=1
test_64kb_rwrite_5n4: (groupid=0, jobs=1): err= 0: pid=907603: Sat Sep  6 19:20:09 2025
  write: IOPS=27.5k, BW=107MiB/s (112MB/s)(3217MiB/30000msec); 0 zone resets
    clat (usec): min=21, max=5436, avg=35.56, stdev=10.62
     lat (usec): min=21, max=5436, avg=35.67, stdev=10.62
    clat percentiles (usec):
     |  1.00th=[   25],  5.00th=[   27], 10.00th=[   28], 20.00th=[   29],
     | 30.00th=[   32], 40.00th=[   34], 50.00th=[   36], 60.00th=[   38],
     | 70.00th=[   39], 80.00th=[   41], 90.00th=[   44], 95.00th=[   47],
     | 99.00th=[   57], 99.50th=[   62], 99.90th=[   78], 99.95th=[   92],
     | 99.99th=[  200]
   bw (  KiB/s): min=90136, max=132800, per=2.84%, avg=109819.73, stdev=10907.55, samples=60
   iops        : min=22534, max=33200, avg=27454.93, stdev=2726.89, samples=60
  lat (usec)   : 50=97.41%, 100=2.55%, 250=0.03%, 500=0.01%, 750=0.01%
  lat (usec)   : 1000=0.01%
  lat (msec)   : 2=0.01%, 4=0.01%, 10=0.01%
  cpu          : usr=3.26%, sys=18.33%, ctx=823656, majf=0, minf=123712
  IO depths    : 1=100.0%, 2=0.0%, 4=0.0%, 8=0.0%, 16=0.0%, 32=0.0%, >=64=0.0%
     submit    : 0=0.0%, 4=100.0%, 8=0.0%, 16=0.0%, 32=0.0%, 64=0.0%, >=64=0.0%
     complete  : 0=0.0%, 4=100.0%, 8=0.0%, 16=0.0%, 32=0.0%, 64=0.0%, >=64=0.0%
     issued rwts: total=0,823648,0,0 short=0,0,0,0 dropped=0,0,0,0
     latency   : target=0, window=0, percentile=100.00%, depth=1
test_64kb_rwrite_5n4: (groupid=0, jobs=1): err= 0: pid=907604: Sat Sep  6 19:20:09 2025
  write: IOPS=27.1k, BW=106MiB/s (111MB/s)(3181MiB/30001msec); 0 zone resets
    clat (usec): min=21, max=6275, avg=35.97, stdev=12.26
     lat (usec): min=21, max=6275, avg=36.08, stdev=12.26
    clat percentiles (usec):
     |  1.00th=[   25],  5.00th=[   27], 10.00th=[   28], 20.00th=[   30],
     | 30.00th=[   33], 40.00th=[   35], 50.00th=[   37], 60.00th=[   38],
     | 70.00th=[   39], 80.00th=[   41], 90.00th=[   44], 95.00th=[   47],
     | 99.00th=[   57], 99.50th=[   62], 99.90th=[   78], 99.95th=[   90],
     | 99.99th=[  135]
   bw (  KiB/s): min=89744, max=136464, per=2.81%, avg=108562.13, stdev=9723.06, samples=60
   iops        : min=22436, max=34116, avg=27140.53, stdev=2430.77, samples=60
  lat (usec)   : 50=97.30%, 100=2.68%, 250=0.02%, 500=0.01%, 1000=0.01%
  lat (msec)   : 2=0.01%, 4=0.01%, 10=0.01%
  cpu          : usr=3.39%, sys=17.98%, ctx=814224, majf=0, minf=122431
  IO depths    : 1=100.0%, 2=0.0%, 4=0.0%, 8=0.0%, 16=0.0%, 32=0.0%, >=64=0.0%
     submit    : 0=0.0%, 4=100.0%, 8=0.0%, 16=0.0%, 32=0.0%, 64=0.0%, >=64=0.0%
     complete  : 0=0.0%, 4=100.0%, 8=0.0%, 16=0.0%, 32=0.0%, 64=0.0%, >=64=0.0%
     issued rwts: total=0,814216,0,0 short=0,0,0,0 dropped=0,0,0,0
     latency   : target=0, window=0, percentile=100.00%, depth=1
test_64kb_rwrite_5n4: (groupid=0, jobs=1): err= 0: pid=907605: Sat Sep  6 19:20:09 2025
  write: IOPS=27.2k, BW=106MiB/s (111MB/s)(3184MiB/30001msec); 0 zone resets
    clat (usec): min=20, max=5836, avg=35.91, stdev=12.70
     lat (usec): min=20, max=5836, avg=36.02, stdev=12.70
    clat percentiles (usec):
     |  1.00th=[   25],  5.00th=[   27], 10.00th=[   28], 20.00th=[   31],
     | 30.00th=[   33], 40.00th=[   35], 50.00th=[   36], 60.00th=[   38],
     | 70.00th=[   39], 80.00th=[   41], 90.00th=[   44], 95.00th=[   47],
     | 99.00th=[   57], 99.50th=[   61], 99.90th=[   78], 99.95th=[   91],
     | 99.99th=[  190]
   bw (  KiB/s): min=90152, max=135272, per=2.81%, avg=108695.20, stdev=9079.25, samples=60
   iops        : min=22538, max=33818, avg=27173.77, stdev=2269.83, samples=60
  lat (usec)   : 50=97.37%, 100=2.60%, 250=0.02%, 500=0.01%, 750=0.01%
  lat (usec)   : 1000=0.01%
  lat (msec)   : 2=0.01%, 4=0.01%, 10=0.01%
  cpu          : usr=3.10%, sys=17.70%, ctx=815233, majf=0, minf=135137
  IO depths    : 1=100.0%, 2=0.0%, 4=0.0%, 8=0.0%, 16=0.0%, 32=0.0%, >=64=0.0%
     submit    : 0=0.0%, 4=100.0%, 8=0.0%, 16=0.0%, 32=0.0%, 64=0.0%, >=64=0.0%
     complete  : 0=0.0%, 4=100.0%, 8=0.0%, 16=0.0%, 32=0.0%, 64=0.0%, >=64=0.0%
     issued rwts: total=0,815214,0,0 short=0,0,0,0 dropped=0,0,0,0
     latency   : target=0, window=0, percentile=100.00%, depth=1
test_64kb_rwrite_5n5: (groupid=0, jobs=1): err= 0: pid=907606: Sat Sep  6 19:20:09 2025
  write: IOPS=26.7k, BW=104MiB/s (109MB/s)(3133MiB/30001msec); 0 zone resets
    clat (usec): min=21, max=6289, avg=36.55, stdev=10.03
     lat (usec): min=21, max=6289, avg=36.66, stdev=10.03
    clat percentiles (usec):
     |  1.00th=[   26],  5.00th=[   28], 10.00th=[   30], 20.00th=[   33],
     | 30.00th=[   34], 40.00th=[   36], 50.00th=[   37], 60.00th=[   38],
     | 70.00th=[   39], 80.00th=[   41], 90.00th=[   44], 95.00th=[   47],
     | 99.00th=[   57], 99.50th=[   61], 99.90th=[   74], 99.95th=[   84],
     | 99.99th=[  237]
   bw (  KiB/s): min=95880, max=131064, per=2.77%, avg=106791.05, stdev=5899.51, samples=59
   iops        : min=23970, max=32766, avg=26697.76, stdev=1474.88, samples=59
  lat (usec)   : 50=97.42%, 100=2.55%, 250=0.02%, 500=0.01%, 750=0.01%
  lat (usec)   : 1000=0.01%
  lat (msec)   : 2=0.01%, 10=0.01%
  cpu          : usr=3.12%, sys=16.94%, ctx=802014, majf=0, minf=131123
  IO depths    : 1=100.0%, 2=0.0%, 4=0.0%, 8=0.0%, 16=0.0%, 32=0.0%, >=64=0.0%
     submit    : 0=0.0%, 4=100.0%, 8=0.0%, 16=0.0%, 32=0.0%, 64=0.0%, >=64=0.0%
     complete  : 0=0.0%, 4=100.0%, 8=0.0%, 16=0.0%, 32=0.0%, 64=0.0%, >=64=0.0%
     issued rwts: total=0,801998,0,0 short=0,0,0,0 dropped=0,0,0,0
     latency   : target=0, window=0, percentile=100.00%, depth=1
test_64kb_rwrite_5n5: (groupid=0, jobs=1): err= 0: pid=907607: Sat Sep  6 19:20:09 2025
  write: IOPS=26.3k, BW=103MiB/s (108MB/s)(3078MiB/30000msec); 0 zone resets
    clat (usec): min=20, max=4641, avg=37.23, stdev= 8.51
     lat (usec): min=21, max=4641, avg=37.34, stdev= 8.51
    clat percentiles (usec):
     |  1.00th=[   26],  5.00th=[   29], 10.00th=[   32], 20.00th=[   34],
     | 30.00th=[   35], 40.00th=[   36], 50.00th=[   37], 60.00th=[   39],
     | 70.00th=[   40], 80.00th=[   42], 90.00th=[   44], 95.00th=[   47],
     | 99.00th=[   57], 99.50th=[   61], 99.90th=[   73], 99.95th=[   82],
     | 99.99th=[  194]
   bw (  KiB/s): min=94632, max=117120, per=2.72%, avg=105153.22, stdev=3702.53, samples=59
   iops        : min=23658, max=29280, avg=26288.31, stdev=925.63, samples=59
  lat (usec)   : 50=97.26%, 100=2.71%, 250=0.02%, 500=0.01%, 1000=0.01%
  lat (msec)   : 2=0.01%, 10=0.01%
  cpu          : usr=2.91%, sys=16.69%, ctx=788092, majf=0, minf=122118
  IO depths    : 1=100.0%, 2=0.0%, 4=0.0%, 8=0.0%, 16=0.0%, 32=0.0%, >=64=0.0%
     submit    : 0=0.0%, 4=100.0%, 8=0.0%, 16=0.0%, 32=0.0%, 64=0.0%, >=64=0.0%
     complete  : 0=0.0%, 4=100.0%, 8=0.0%, 16=0.0%, 32=0.0%, 64=0.0%, >=64=0.0%
     issued rwts: total=0,788079,0,0 short=0,0,0,0 dropped=0,0,0,0
     latency   : target=0, window=0, percentile=100.00%, depth=1
test_64kb_rwrite_5n5: (groupid=0, jobs=1): err= 0: pid=907608: Sat Sep  6 19:20:09 2025
  write: IOPS=26.5k, BW=103MiB/s (109MB/s)(3105MiB/30001msec); 0 zone resets
    clat (usec): min=20, max=7669, avg=36.94, stdev=13.83
     lat (usec): min=20, max=7669, avg=37.05, stdev=13.83
    clat percentiles (usec):
     |  1.00th=[   26],  5.00th=[   28], 10.00th=[   31], 20.00th=[   33],
     | 30.00th=[   35], 40.00th=[   36], 50.00th=[   37], 60.00th=[   38],
     | 70.00th=[   39], 80.00th=[   41], 90.00th=[   44], 95.00th=[   47],
     | 99.00th=[   57], 99.50th=[   61], 99.90th=[   75], 99.95th=[   94],
     | 99.99th=[  249]
   bw (  KiB/s): min=94048, max=119360, per=2.75%, avg=106054.92, stdev=5086.77, samples=59
   iops        : min=23512, max=29840, avg=26513.73, stdev=1271.69, samples=59
  lat (usec)   : 50=97.28%, 100=2.68%, 250=0.04%, 500=0.01%, 750=0.01%
  lat (usec)   : 1000=0.01%
  lat (msec)   : 2=0.01%, 10=0.01%
  cpu          : usr=2.95%, sys=16.88%, ctx=794810, majf=0, minf=117508
  IO depths    : 1=100.0%, 2=0.0%, 4=0.0%, 8=0.0%, 16=0.0%, 32=0.0%, >=64=0.0%
     submit    : 0=0.0%, 4=100.0%, 8=0.0%, 16=0.0%, 32=0.0%, 64=0.0%, >=64=0.0%
     complete  : 0=0.0%, 4=100.0%, 8=0.0%, 16=0.0%, 32=0.0%, 64=0.0%, >=64=0.0%
     issued rwts: total=0,794802,0,0 short=0,0,0,0 dropped=0,0,0,0
     latency   : target=0, window=0, percentile=100.00%, depth=1
test_64kb_rwrite_5n5: (groupid=0, jobs=1): err= 0: pid=907609: Sat Sep  6 19:20:09 2025
  write: IOPS=26.6k, BW=104MiB/s (109MB/s)(3122MiB/30001msec); 0 zone resets
    clat (usec): min=20, max=4093, avg=36.58, stdev= 9.15
     lat (usec): min=20, max=4094, avg=36.69, stdev= 9.15
    clat percentiles (usec):
     |  1.00th=[   26],  5.00th=[   28], 10.00th=[   30], 20.00th=[   33],
     | 30.00th=[   34], 40.00th=[   36], 50.00th=[   37], 60.00th=[   38],
     | 70.00th=[   39], 80.00th=[   41], 90.00th=[   44], 95.00th=[   47],
     | 99.00th=[   56], 99.50th=[   61], 99.90th=[   73], 99.95th=[   79],
     | 99.99th=[  161]
   bw (  KiB/s): min=93392, max=134680, per=2.76%, avg=106564.98, stdev=7057.54, samples=60
   iops        : min=23348, max=33670, avg=26641.23, stdev=1764.40, samples=60
  lat (usec)   : 50=97.45%, 100=2.53%, 250=0.01%, 500=0.01%, 750=0.01%
  lat (usec)   : 1000=0.01%
  lat (msec)   : 2=0.01%, 4=0.01%, 10=0.01%
  cpu          : usr=3.28%, sys=17.08%, ctx=799310, majf=0, minf=141008
  IO depths    : 1=100.0%, 2=0.0%, 4=0.0%, 8=0.0%, 16=0.0%, 32=0.0%, >=64=0.0%
     submit    : 0=0.0%, 4=100.0%, 8=0.0%, 16=0.0%, 32=0.0%, 64=0.0%, >=64=0.0%
     complete  : 0=0.0%, 4=100.0%, 8=0.0%, 16=0.0%, 32=0.0%, 64=0.0%, >=64=0.0%
     issued rwts: total=0,799287,0,0 short=0,0,0,0 dropped=0,0,0,0
     latency   : target=0, window=0, percentile=100.00%, depth=1
test_64kb_rwrite_5n6: (groupid=0, jobs=1): err= 0: pid=907610: Sat Sep  6 19:20:09 2025
  write: IOPS=26.8k, BW=105MiB/s (110MB/s)(3143MiB/30001msec); 0 zone resets
    clat (usec): min=21, max=4286, avg=36.34, stdev= 9.44
     lat (usec): min=21, max=5189, avg=36.46, stdev=11.05
    clat percentiles (usec):
     |  1.00th=[   25],  5.00th=[   27], 10.00th=[   28], 20.00th=[   30],
     | 30.00th=[   34], 40.00th=[   36], 50.00th=[   37], 60.00th=[   38],
     | 70.00th=[   40], 80.00th=[   42], 90.00th=[   44], 95.00th=[   47],
     | 99.00th=[   57], 99.50th=[   61], 99.90th=[   73], 99.95th=[   80],
     | 99.99th=[  110]
   bw (  KiB/s): min=93928, max=133192, per=2.78%, avg=107268.53, stdev=8797.80, samples=60
   iops        : min=23482, max=33298, avg=26817.13, stdev=2199.45, samples=60
  lat (usec)   : 50=97.32%, 100=2.67%, 250=0.01%, 500=0.01%, 1000=0.01%
  lat (msec)   : 2=0.01%, 4=0.01%, 10=0.01%
  cpu          : usr=3.11%, sys=18.13%, ctx=804502, majf=0, minf=134924
  IO depths    : 1=100.0%, 2=0.0%, 4=0.0%, 8=0.0%, 16=0.0%, 32=0.0%, >=64=0.0%
     submit    : 0=0.0%, 4=100.0%, 8=0.0%, 16=0.0%, 32=0.0%, 64=0.0%, >=64=0.0%
     complete  : 0=0.0%, 4=100.0%, 8=0.0%, 16=0.0%, 32=0.0%, 64=0.0%, >=64=0.0%
     issued rwts: total=0,804485,0,0 short=0,0,0,0 dropped=0,0,0,0
     latency   : target=0, window=0, percentile=100.00%, depth=1
test_64kb_rwrite_5n6: (groupid=0, jobs=1): err= 0: pid=907611: Sat Sep  6 19:20:09 2025
  write: IOPS=27.0k, BW=106MiB/s (111MB/s)(3169MiB/30000msec); 0 zone resets
    clat (usec): min=21, max=1707, avg=36.08, stdev= 7.39
     lat (usec): min=21, max=1707, avg=36.19, stdev= 7.40
    clat percentiles (usec):
     |  1.00th=[   25],  5.00th=[   27], 10.00th=[   28], 20.00th=[   30],
     | 30.00th=[   33], 40.00th=[   35], 50.00th=[   37], 60.00th=[   38],
     | 70.00th=[   40], 80.00th=[   42], 90.00th=[   44], 95.00th=[   47],
     | 99.00th=[   57], 99.50th=[   61], 99.90th=[   73], 99.95th=[   80],
     | 99.99th=[  111]
   bw (  KiB/s): min=88950, max=135712, per=2.80%, avg=108168.90, stdev=11144.82, samples=60
   iops        : min=22237, max=33928, avg=27042.22, stdev=2786.22, samples=60
  lat (usec)   : 50=97.42%, 100=2.57%, 250=0.01%, 500=0.01%, 1000=0.01%
  lat (msec)   : 2=0.01%
  cpu          : usr=3.11%, sys=18.00%, ctx=811300, majf=0, minf=126218
  IO depths    : 1=100.0%, 2=0.0%, 4=0.0%, 8=0.0%, 16=0.0%, 32=0.0%, >=64=0.0%
     submit    : 0=0.0%, 4=100.0%, 8=0.0%, 16=0.0%, 32=0.0%, 64=0.0%, >=64=0.0%
     complete  : 0=0.0%, 4=100.0%, 8=0.0%, 16=0.0%, 32=0.0%, 64=0.0%, >=64=0.0%
     issued rwts: total=0,811289,0,0 short=0,0,0,0 dropped=0,0,0,0
     latency   : target=0, window=0, percentile=100.00%, depth=1
test_64kb_rwrite_5n6: (groupid=0, jobs=1): err= 0: pid=907612: Sat Sep  6 19:20:09 2025
  write: IOPS=26.2k, BW=103MiB/s (107MB/s)(3075MiB/30001msec); 0 zone resets
    clat (usec): min=21, max=6698, avg=37.19, stdev=13.22
     lat (usec): min=21, max=6698, avg=37.30, stdev=13.23
    clat percentiles (usec):
     |  1.00th=[   26],  5.00th=[   27], 10.00th=[   29], 20.00th=[   33],
     | 30.00th=[   35], 40.00th=[   36], 50.00th=[   38], 60.00th=[   39],
     | 70.00th=[   40], 80.00th=[   42], 90.00th=[   45], 95.00th=[   48],
     | 99.00th=[   58], 99.50th=[   62], 99.90th=[   75], 99.95th=[   82],
     | 99.99th=[  120]
   bw (  KiB/s): min=90704, max=135544, per=2.72%, avg=104965.20, stdev=7804.10, samples=60
   iops        : min=22676, max=33886, avg=26241.30, stdev=1951.02, samples=60
  lat (usec)   : 50=96.99%, 100=2.99%, 250=0.02%, 500=0.01%, 750=0.01%
  lat (usec)   : 1000=0.01%
  lat (msec)   : 2=0.01%, 4=0.01%, 10=0.01%
  cpu          : usr=3.02%, sys=17.71%, ctx=787254, majf=0, minf=130350
  IO depths    : 1=100.0%, 2=0.0%, 4=0.0%, 8=0.0%, 16=0.0%, 32=0.0%, >=64=0.0%
     submit    : 0=0.0%, 4=100.0%, 8=0.0%, 16=0.0%, 32=0.0%, 64=0.0%, >=64=0.0%
     complete  : 0=0.0%, 4=100.0%, 8=0.0%, 16=0.0%, 32=0.0%, 64=0.0%, >=64=0.0%
     issued rwts: total=0,787239,0,0 short=0,0,0,0 dropped=0,0,0,0
     latency   : target=0, window=0, percentile=100.00%, depth=1
test_64kb_rwrite_5n6: (groupid=0, jobs=1): err= 0: pid=907613: Sat Sep  6 19:20:09 2025
  write: IOPS=26.4k, BW=103MiB/s (108MB/s)(3094MiB/30001msec); 0 zone resets
    clat (usec): min=21, max=5192, avg=37.03, stdev= 9.83
     lat (usec): min=21, max=5192, avg=37.14, stdev= 9.84
    clat percentiles (usec):
     |  1.00th=[   26],  5.00th=[   28], 10.00th=[   31], 20.00th=[   33],
     | 30.00th=[   35], 40.00th=[   36], 50.00th=[   37], 60.00th=[   38],
     | 70.00th=[   40], 80.00th=[   41], 90.00th=[   44], 95.00th=[   47],
     | 99.00th=[   57], 99.50th=[   61], 99.90th=[   73], 99.95th=[   81],
     | 99.99th=[  245]
   bw (  KiB/s): min=92088, max=126632, per=2.73%, avg=105568.30, stdev=5740.61, samples=60
   iops        : min=23022, max=31658, avg=26392.07, stdev=1435.16, samples=60
  lat (usec)   : 50=97.17%, 100=2.81%, 250=0.01%, 500=0.01%, 1000=0.01%
  lat (msec)   : 2=0.01%, 4=0.01%, 10=0.01%
  cpu          : usr=3.08%, sys=16.81%, ctx=792018, majf=0, minf=125554
  IO depths    : 1=100.0%, 2=0.0%, 4=0.0%, 8=0.0%, 16=0.0%, 32=0.0%, >=64=0.0%
     submit    : 0=0.0%, 4=100.0%, 8=0.0%, 16=0.0%, 32=0.0%, 64=0.0%, >=64=0.0%
     complete  : 0=0.0%, 4=100.0%, 8=0.0%, 16=0.0%, 32=0.0%, 64=0.0%, >=64=0.0%
     issued rwts: total=0,792010,0,0 short=0,0,0,0 dropped=0,0,0,0
     latency   : target=0, window=0, percentile=100.00%, depth=1
test_64kb_rwrite_5n7: (groupid=0, jobs=1): err= 0: pid=907614: Sat Sep  6 19:20:09 2025
  write: IOPS=26.3k, BW=103MiB/s (108MB/s)(3083MiB/30000msec); 0 zone resets
    clat (usec): min=21, max=5290, avg=37.09, stdev= 9.21
     lat (usec): min=21, max=5290, avg=37.20, stdev= 9.21
    clat percentiles (usec):
     |  1.00th=[   26],  5.00th=[   28], 10.00th=[   29], 20.00th=[   32],
     | 30.00th=[   35], 40.00th=[   36], 50.00th=[   38], 60.00th=[   39],
     | 70.00th=[   40], 80.00th=[   42], 90.00th=[   45], 95.00th=[   48],
     | 99.00th=[   58], 99.50th=[   62], 99.90th=[   75], 99.95th=[   84],
     | 99.99th=[  155]
   bw (  KiB/s): min=88601, max=127656, per=2.72%, avg=105234.42, stdev=8098.41, samples=60
   iops        : min=22150, max=31914, avg=26308.60, stdev=2024.61, samples=60
  lat (usec)   : 50=96.95%, 100=3.03%, 250=0.02%, 500=0.01%, 750=0.01%
  lat (usec)   : 1000=0.01%
  lat (msec)   : 10=0.01%
  cpu          : usr=3.11%, sys=17.48%, ctx=789248, majf=0, minf=134391
  IO depths    : 1=100.0%, 2=0.0%, 4=0.0%, 8=0.0%, 16=0.0%, 32=0.0%, >=64=0.0%
     submit    : 0=0.0%, 4=100.0%, 8=0.0%, 16=0.0%, 32=0.0%, 64=0.0%, >=64=0.0%
     complete  : 0=0.0%, 4=100.0%, 8=0.0%, 16=0.0%, 32=0.0%, 64=0.0%, >=64=0.0%
     issued rwts: total=0,789236,0,0 short=0,0,0,0 dropped=0,0,0,0
     latency   : target=0, window=0, percentile=100.00%, depth=1
test_64kb_rwrite_5n7: (groupid=0, jobs=1): err= 0: pid=907615: Sat Sep  6 19:20:09 2025
  write: IOPS=26.5k, BW=103MiB/s (108MB/s)(3101MiB/30001msec); 0 zone resets
    clat (usec): min=21, max=2792, avg=36.93, stdev= 8.33
     lat (usec): min=21, max=2792, avg=37.04, stdev= 8.34
    clat percentiles (usec):
     |  1.00th=[   26],  5.00th=[   28], 10.00th=[   31], 20.00th=[   33],
     | 30.00th=[   35], 40.00th=[   36], 50.00th=[   37], 60.00th=[   38],
     | 70.00th=[   39], 80.00th=[   41], 90.00th=[   44], 95.00th=[   47],
     | 99.00th=[   57], 99.50th=[   61], 99.90th=[   73], 99.95th=[   82],
     | 99.99th=[  212]
   bw (  KiB/s): min=93290, max=117936, per=2.74%, avg=105839.50, stdev=4405.45, samples=60
   iops        : min=23322, max=29484, avg=26459.87, stdev=1101.39, samples=60
  lat (usec)   : 50=97.33%, 100=2.65%, 250=0.02%, 500=0.01%, 750=0.01%
  lat (usec)   : 1000=0.01%
  lat (msec)   : 2=0.01%, 4=0.01%
  cpu          : usr=3.13%, sys=16.87%, ctx=793784, majf=0, minf=128297
  IO depths    : 1=100.0%, 2=0.0%, 4=0.0%, 8=0.0%, 16=0.0%, 32=0.0%, >=64=0.0%
     submit    : 0=0.0%, 4=100.0%, 8=0.0%, 16=0.0%, 32=0.0%, 64=0.0%, >=64=0.0%
     complete  : 0=0.0%, 4=100.0%, 8=0.0%, 16=0.0%, 32=0.0%, 64=0.0%, >=64=0.0%
     issued rwts: total=0,793773,0,0 short=0,0,0,0 dropped=0,0,0,0
     latency   : target=0, window=0, percentile=100.00%, depth=1
test_64kb_rwrite_5n7: (groupid=0, jobs=1): err= 0: pid=907616: Sat Sep  6 19:20:09 2025
  write: IOPS=26.7k, BW=104MiB/s (110MB/s)(3134MiB/30000msec); 0 zone resets
    clat (usec): min=21, max=5044, avg=36.51, stdev=10.99
     lat (usec): min=21, max=5044, avg=36.62, stdev=10.99
    clat percentiles (usec):
     |  1.00th=[   25],  5.00th=[   27], 10.00th=[   28], 20.00th=[   31],
     | 30.00th=[   34], 40.00th=[   36], 50.00th=[   37], 60.00th=[   38],
     | 70.00th=[   40], 80.00th=[   42], 90.00th=[   45], 95.00th=[   47],
     | 99.00th=[   57], 99.50th=[   62], 99.90th=[   73], 99.95th=[   79],
     | 99.99th=[  106]
   bw (  KiB/s): min=95936, max=130192, per=2.77%, avg=106971.48, stdev=8116.77, samples=60
   iops        : min=23984, max=32548, avg=26742.87, stdev=2029.28, samples=60
  lat (usec)   : 50=97.24%, 100=2.75%, 250=0.01%, 500=0.01%, 1000=0.01%
  lat (msec)   : 2=0.01%, 4=0.01%, 10=0.01%
  cpu          : usr=3.16%, sys=17.38%, ctx=802261, majf=0, minf=130474
  IO depths    : 1=100.0%, 2=0.0%, 4=0.0%, 8=0.0%, 16=0.0%, 32=0.0%, >=64=0.0%
     submit    : 0=0.0%, 4=100.0%, 8=0.0%, 16=0.0%, 32=0.0%, 64=0.0%, >=64=0.0%
     complete  : 0=0.0%, 4=100.0%, 8=0.0%, 16=0.0%, 32=0.0%, 64=0.0%, >=64=0.0%
     issued rwts: total=0,802259,0,0 short=0,0,0,0 dropped=0,0,0,0
     latency   : target=0, window=0, percentile=100.00%, depth=1
test_64kb_rwrite_5n7: (groupid=0, jobs=1): err= 0: pid=907617: Sat Sep  6 19:20:09 2025
  write: IOPS=26.9k, BW=105MiB/s (110MB/s)(3148MiB/30001msec); 0 zone resets
    clat (usec): min=21, max=3950, avg=36.32, stdev=11.29
     lat (usec): min=21, max=3950, avg=36.44, stdev=11.30
    clat percentiles (usec):
     |  1.00th=[   25],  5.00th=[   27], 10.00th=[   28], 20.00th=[   30],
     | 30.00th=[   33], 40.00th=[   35], 50.00th=[   37], 60.00th=[   39],
     | 70.00th=[   40], 80.00th=[   42], 90.00th=[   45], 95.00th=[   47],
     | 99.00th=[   58], 99.50th=[   62], 99.90th=[   75], 99.95th=[   84],
     | 99.99th=[  204]
   bw (  KiB/s): min=88897, max=133328, per=2.78%, avg=107434.82, stdev=10209.56, samples=60
   iops        : min=22224, max=33332, avg=26858.70, stdev=2552.40, samples=60
  lat (usec)   : 50=97.14%, 100=2.83%, 250=0.02%, 500=0.01%, 750=0.01%
  lat (usec)   : 1000=0.01%
  lat (msec)   : 2=0.01%, 4=0.01%
  cpu          : usr=3.35%, sys=17.64%, ctx=805791, majf=0, minf=131986
  IO depths    : 1=100.0%, 2=0.0%, 4=0.0%, 8=0.0%, 16=0.0%, 32=0.0%, >=64=0.0%
     submit    : 0=0.0%, 4=100.0%, 8=0.0%, 16=0.0%, 32=0.0%, 64=0.0%, >=64=0.0%
     complete  : 0=0.0%, 4=100.0%, 8=0.0%, 16=0.0%, 32=0.0%, 64=0.0%, >=64=0.0%
     issued rwts: total=0,805785,0,0 short=0,0,0,0 dropped=0,0,0,0
     latency   : target=0, window=0, percentile=100.00%, depth=1
test_64kb_rwrite_5n8: (groupid=0, jobs=1): err= 0: pid=907618: Sat Sep  6 19:20:09 2025
  write: IOPS=27.5k, BW=107MiB/s (113MB/s)(3219MiB/30001msec); 0 zone resets
    clat (usec): min=21, max=1148, avg=35.48, stdev= 7.79
     lat (usec): min=21, max=1148, avg=35.59, stdev= 7.80
    clat percentiles (usec):
     |  1.00th=[   25],  5.00th=[   26], 10.00th=[   27], 20.00th=[   29],
     | 30.00th=[   31], 40.00th=[   34], 50.00th=[   36], 60.00th=[   38],
     | 70.00th=[   40], 80.00th=[   42], 90.00th=[   44], 95.00th=[   47],
     | 99.00th=[   57], 99.50th=[   62], 99.90th=[   75], 99.95th=[   84],
     | 99.99th=[  155]
   bw (  KiB/s): min=84496, max=136952, per=2.84%, avg=109861.63, stdev=10965.39, samples=60
   iops        : min=21124, max=34238, avg=27465.43, stdev=2741.35, samples=60
  lat (usec)   : 50=97.38%, 100=2.60%, 250=0.02%, 500=0.01%, 750=0.01%
  lat (usec)   : 1000=0.01%
  lat (msec)   : 2=0.01%
  cpu          : usr=3.33%, sys=18.08%, ctx=824040, majf=0, minf=135086
  IO depths    : 1=100.0%, 2=0.0%, 4=0.0%, 8=0.0%, 16=0.0%, 32=0.0%, >=64=0.0%
     submit    : 0=0.0%, 4=100.0%, 8=0.0%, 16=0.0%, 32=0.0%, 64=0.0%, >=64=0.0%
     complete  : 0=0.0%, 4=100.0%, 8=0.0%, 16=0.0%, 32=0.0%, 64=0.0%, >=64=0.0%
     issued rwts: total=0,824022,0,0 short=0,0,0,0 dropped=0,0,0,0
     latency   : target=0, window=0, percentile=100.00%, depth=1
test_64kb_rwrite_5n8: (groupid=0, jobs=1): err= 0: pid=907619: Sat Sep  6 19:20:09 2025
  write: IOPS=26.6k, BW=104MiB/s (109MB/s)(3117MiB/30001msec); 0 zone resets
    clat (usec): min=21, max=3001, avg=36.71, stdev= 8.30
     lat (usec): min=21, max=3001, avg=36.83, stdev= 8.30
    clat percentiles (usec):
     |  1.00th=[   26],  5.00th=[   27], 10.00th=[   28], 20.00th=[   31],
     | 30.00th=[   34], 40.00th=[   36], 50.00th=[   37], 60.00th=[   39],
     | 70.00th=[   40], 80.00th=[   42], 90.00th=[   45], 95.00th=[   47],
     | 99.00th=[   58], 99.50th=[   62], 99.90th=[   74], 99.95th=[   80],
     | 99.99th=[  105]
   bw (  KiB/s): min=91832, max=128672, per=2.76%, avg=106398.80, stdev=9221.65, samples=60
   iops        : min=22958, max=32168, avg=26599.70, stdev=2305.41, samples=60
  lat (usec)   : 50=97.06%, 100=2.92%, 250=0.01%, 500=0.01%, 1000=0.01%
  lat (msec)   : 2=0.01%, 4=0.01%
  cpu          : usr=3.27%, sys=17.35%, ctx=797999, majf=0, minf=126573
  IO depths    : 1=100.0%, 2=0.0%, 4=0.0%, 8=0.0%, 16=0.0%, 32=0.0%, >=64=0.0%
     submit    : 0=0.0%, 4=100.0%, 8=0.0%, 16=0.0%, 32=0.0%, 64=0.0%, >=64=0.0%
     complete  : 0=0.0%, 4=100.0%, 8=0.0%, 16=0.0%, 32=0.0%, 64=0.0%, >=64=0.0%
     issued rwts: total=0,797991,0,0 short=0,0,0,0 dropped=0,0,0,0
     latency   : target=0, window=0, percentile=100.00%, depth=1
test_64kb_rwrite_5n8: (groupid=0, jobs=1): err= 0: pid=907620: Sat Sep  6 19:20:09 2025
  write: IOPS=26.5k, BW=104MiB/s (109MB/s)(3106MiB/30000msec); 0 zone resets
    clat (usec): min=21, max=4479, avg=36.90, stdev=10.58
     lat (usec): min=21, max=4479, avg=37.01, stdev=10.58
    clat percentiles (usec):
     |  1.00th=[   26],  5.00th=[   28], 10.00th=[   31], 20.00th=[   33],
     | 30.00th=[   35], 40.00th=[   36], 50.00th=[   37], 60.00th=[   38],
     | 70.00th=[   39], 80.00th=[   41], 90.00th=[   44], 95.00th=[   47],
     | 99.00th=[   57], 99.50th=[   61], 99.90th=[   74], 99.95th=[   85],
     | 99.99th=[  194]
   bw (  KiB/s): min=90424, max=122088, per=2.75%, avg=106130.85, stdev=5508.15, samples=59
   iops        : min=22606, max=30522, avg=26532.71, stdev=1377.04, samples=59
  lat (usec)   : 50=97.35%, 100=2.62%, 250=0.02%, 500=0.01%, 750=0.01%
  lat (usec)   : 1000=0.01%
  lat (msec)   : 2=0.01%, 4=0.01%, 10=0.01%
  cpu          : usr=3.11%, sys=16.87%, ctx=795229, majf=0, minf=121738
  IO depths    : 1=100.0%, 2=0.0%, 4=0.0%, 8=0.0%, 16=0.0%, 32=0.0%, >=64=0.0%
     submit    : 0=0.0%, 4=100.0%, 8=0.0%, 16=0.0%, 32=0.0%, 64=0.0%, >=64=0.0%
     complete  : 0=0.0%, 4=100.0%, 8=0.0%, 16=0.0%, 32=0.0%, 64=0.0%, >=64=0.0%
     issued rwts: total=0,795225,0,0 short=0,0,0,0 dropped=0,0,0,0
     latency   : target=0, window=0, percentile=100.00%, depth=1
test_64kb_rwrite_5n8: (groupid=0, jobs=1): err= 0: pid=907621: Sat Sep  6 19:20:09 2025
  write: IOPS=26.7k, BW=104MiB/s (109MB/s)(3127MiB/30001msec); 0 zone resets
    clat (usec): min=20, max=5925, avg=36.67, stdev=13.23
     lat (usec): min=21, max=5925, avg=36.78, stdev=13.23
    clat percentiles (usec):
     |  1.00th=[   26],  5.00th=[   28], 10.00th=[   31], 20.00th=[   33],
     | 30.00th=[   34], 40.00th=[   36], 50.00th=[   37], 60.00th=[   38],
     | 70.00th=[   39], 80.00th=[   41], 90.00th=[   44], 95.00th=[   47],
     | 99.00th=[   57], 99.50th=[   61], 99.90th=[   73], 99.95th=[   82],
     | 99.99th=[  219]
   bw (  KiB/s): min=98214, max=120408, per=2.76%, avg=106710.90, stdev=4779.17, samples=60
   iops        : min=24553, max=30102, avg=26677.68, stdev=1194.76, samples=60
  lat (usec)   : 50=97.40%, 100=2.58%, 250=0.02%, 500=0.01%, 1000=0.01%
  lat (msec)   : 2=0.01%, 4=0.01%, 10=0.01%
  cpu          : usr=2.90%, sys=16.82%, ctx=800437, majf=0, minf=122069
  IO depths    : 1=100.0%, 2=0.0%, 4=0.0%, 8=0.0%, 16=0.0%, 32=0.0%, >=64=0.0%
     submit    : 0=0.0%, 4=100.0%, 8=0.0%, 16=0.0%, 32=0.0%, 64=0.0%, >=64=0.0%
     complete  : 0=0.0%, 4=100.0%, 8=0.0%, 16=0.0%, 32=0.0%, 64=0.0%, >=64=0.0%
     issued rwts: total=0,800430,0,0 short=0,0,0,0 dropped=0,0,0,0
     latency   : target=0, window=0, percentile=100.00%, depth=1
test_64kb_rwrite_5n9: (groupid=0, jobs=1): err= 0: pid=907622: Sat Sep  6 19:20:09 2025
  write: IOPS=26.4k, BW=103MiB/s (108MB/s)(3089MiB/30001msec); 0 zone resets
    clat (usec): min=20, max=5011, avg=37.01, stdev= 8.58
     lat (usec): min=20, max=5011, avg=37.12, stdev= 8.58
    clat percentiles (usec):
     |  1.00th=[   26],  5.00th=[   28], 10.00th=[   31], 20.00th=[   33],
     | 30.00th=[   35], 40.00th=[   36], 50.00th=[   37], 60.00th=[   38],
     | 70.00th=[   40], 80.00th=[   41], 90.00th=[   44], 95.00th=[   47],
     | 99.00th=[   57], 99.50th=[   61], 99.90th=[   73], 99.95th=[   80],
     | 99.99th=[  149]
   bw (  KiB/s): min=91983, max=119032, per=2.73%, avg=105425.72, stdev=4966.39, samples=60
   iops        : min=22995, max=29758, avg=26356.42, stdev=1241.63, samples=60
  lat (usec)   : 50=97.27%, 100=2.72%, 250=0.02%, 500=0.01%, 750=0.01%
  lat (usec)   : 1000=0.01%
  lat (msec)   : 2=0.01%, 10=0.01%
  cpu          : usr=2.97%, sys=16.85%, ctx=790686, majf=0, minf=138651
  IO depths    : 1=100.0%, 2=0.0%, 4=0.0%, 8=0.0%, 16=0.0%, 32=0.0%, >=64=0.0%
     submit    : 0=0.0%, 4=100.0%, 8=0.0%, 16=0.0%, 32=0.0%, 64=0.0%, >=64=0.0%
     complete  : 0=0.0%, 4=100.0%, 8=0.0%, 16=0.0%, 32=0.0%, 64=0.0%, >=64=0.0%
     issued rwts: total=0,790670,0,0 short=0,0,0,0 dropped=0,0,0,0
     latency   : target=0, window=0, percentile=100.00%, depth=1
test_64kb_rwrite_5n9: (groupid=0, jobs=1): err= 0: pid=907623: Sat Sep  6 19:20:09 2025
  write: IOPS=26.6k, BW=104MiB/s (109MB/s)(3113MiB/30000msec); 0 zone resets
    clat (usec): min=21, max=4129, avg=36.82, stdev= 9.10
     lat (usec): min=21, max=4129, avg=36.92, stdev= 9.11
    clat percentiles (usec):
     |  1.00th=[   26],  5.00th=[   28], 10.00th=[   31], 20.00th=[   33],
     | 30.00th=[   35], 40.00th=[   36], 50.00th=[   37], 60.00th=[   38],
     | 70.00th=[   39], 80.00th=[   41], 90.00th=[   44], 95.00th=[   47],
     | 99.00th=[   57], 99.50th=[   61], 99.90th=[   74], 99.95th=[   85],
     | 99.99th=[  206]
   bw (  KiB/s): min=94464, max=118744, per=2.75%, avg=106240.40, stdev=4848.97, samples=60
   iops        : min=23616, max=29686, avg=26560.10, stdev=1212.24, samples=60
  lat (usec)   : 50=97.31%, 100=2.66%, 250=0.02%, 500=0.01%, 1000=0.01%
  lat (msec)   : 2=0.01%, 4=0.01%, 10=0.01%
  cpu          : usr=3.17%, sys=16.59%, ctx=796813, majf=0, minf=123720
  IO depths    : 1=100.0%, 2=0.0%, 4=0.0%, 8=0.0%, 16=0.0%, 32=0.0%, >=64=0.0%
     submit    : 0=0.0%, 4=100.0%, 8=0.0%, 16=0.0%, 32=0.0%, 64=0.0%, >=64=0.0%
     complete  : 0=0.0%, 4=100.0%, 8=0.0%, 16=0.0%, 32=0.0%, 64=0.0%, >=64=0.0%
     issued rwts: total=0,796803,0,0 short=0,0,0,0 dropped=0,0,0,0
     latency   : target=0, window=0, percentile=100.00%, depth=1
test_64kb_rwrite_5n9: (groupid=0, jobs=1): err= 0: pid=907624: Sat Sep  6 19:20:09 2025
  write: IOPS=26.7k, BW=104MiB/s (109MB/s)(3128MiB/30001msec); 0 zone resets
    clat (usec): min=21, max=5892, avg=36.38, stdev=11.96
     lat (usec): min=21, max=5892, avg=36.49, stdev=11.96
    clat percentiles (usec):
     |  1.00th=[   25],  5.00th=[   27], 10.00th=[   28], 20.00th=[   30],
     | 30.00th=[   34], 40.00th=[   35], 50.00th=[   37], 60.00th=[   38],
     | 70.00th=[   40], 80.00th=[   42], 90.00th=[   44], 95.00th=[   47],
     | 99.00th=[   57], 99.50th=[   62], 99.90th=[   74], 99.95th=[   82],
     | 99.99th=[  115]
   bw (  KiB/s): min=91576, max=126664, per=2.76%, avg=106767.47, stdev=8174.63, samples=60
   iops        : min=22894, max=31666, avg=26691.87, stdev=2043.66, samples=60
  lat (usec)   : 50=97.13%, 100=2.85%, 250=0.01%, 500=0.01%, 750=0.01%
  lat (usec)   : 1000=0.01%
  lat (msec)   : 2=0.01%, 4=0.01%, 10=0.01%
  cpu          : usr=3.14%, sys=18.22%, ctx=800774, majf=0, minf=171950
  IO depths    : 1=100.0%, 2=0.0%, 4=0.0%, 8=0.0%, 16=0.0%, 32=0.0%, >=64=0.0%
     submit    : 0=0.0%, 4=100.0%, 8=0.0%, 16=0.0%, 32=0.0%, 64=0.0%, >=64=0.0%
     complete  : 0=0.0%, 4=100.0%, 8=0.0%, 16=0.0%, 32=0.0%, 64=0.0%, >=64=0.0%
     issued rwts: total=0,800756,0,0 short=0,0,0,0 dropped=0,0,0,0
     latency   : target=0, window=0, percentile=100.00%, depth=1
test_64kb_rwrite_5n9: (groupid=0, jobs=1): err= 0: pid=907625: Sat Sep  6 19:20:09 2025
  write: IOPS=27.1k, BW=106MiB/s (111MB/s)(3178MiB/30001msec); 0 zone resets
    clat (usec): min=21, max=6033, avg=35.90, stdev=12.44
     lat (usec): min=21, max=6033, avg=36.01, stdev=12.44
    clat percentiles (usec):
     |  1.00th=[   26],  5.00th=[   27], 10.00th=[   28], 20.00th=[   30],
     | 30.00th=[   33], 40.00th=[   35], 50.00th=[   36], 60.00th=[   38],
     | 70.00th=[   39], 80.00th=[   41], 90.00th=[   44], 95.00th=[   47],
     | 99.00th=[   57], 99.50th=[   61], 99.90th=[   73], 99.95th=[   80],
     | 99.99th=[  151]
   bw (  KiB/s): min=94064, max=134312, per=2.81%, avg=108485.87, stdev=9876.51, samples=60
   iops        : min=23516, max=33578, avg=27121.47, stdev=2469.14, samples=60
  lat (usec)   : 50=97.37%, 100=2.61%, 250=0.02%, 500=0.01%, 750=0.01%
  lat (usec)   : 1000=0.01%
  lat (msec)   : 2=0.01%, 4=0.01%, 10=0.01%
  cpu          : usr=3.50%, sys=18.00%, ctx=813658, majf=0, minf=145052
  IO depths    : 1=100.0%, 2=0.0%, 4=0.0%, 8=0.0%, 16=0.0%, 32=0.0%, >=64=0.0%
     submit    : 0=0.0%, 4=100.0%, 8=0.0%, 16=0.0%, 32=0.0%, 64=0.0%, >=64=0.0%
     complete  : 0=0.0%, 4=100.0%, 8=0.0%, 16=0.0%, 32=0.0%, 64=0.0%, >=64=0.0%
     issued rwts: total=0,813644,0,0 short=0,0,0,0 dropped=0,0,0,0
     latency   : target=0, window=0, percentile=100.00%, depth=1
test_64kb_rwrite_5n10: (groupid=0, jobs=1): err= 0: pid=907626: Sat Sep  6 19:20:09 2025
  write: IOPS=27.0k, BW=106MiB/s (111MB/s)(3169MiB/30001msec); 0 zone resets
    clat (usec): min=21, max=5278, avg=36.03, stdev=11.55
     lat (usec): min=21, max=5278, avg=36.14, stdev=11.55
    clat percentiles (usec):
     |  1.00th=[   25],  5.00th=[   27], 10.00th=[   28], 20.00th=[   30],
     | 30.00th=[   33], 40.00th=[   35], 50.00th=[   37], 60.00th=[   38],
     | 70.00th=[   39], 80.00th=[   41], 90.00th=[   44], 95.00th=[   47],
     | 99.00th=[   57], 99.50th=[   62], 99.90th=[   75], 99.95th=[   84],
     | 99.99th=[  141]
   bw (  KiB/s): min=91264, max=136928, per=2.80%, avg=108162.12, stdev=9401.97, samples=60
   iops        : min=22816, max=34232, avg=27040.52, stdev=2350.50, samples=60
  lat (usec)   : 50=97.34%, 100=2.64%, 250=0.02%, 500=0.01%, 1000=0.01%
  lat (msec)   : 2=0.01%, 4=0.01%, 10=0.01%
  cpu          : usr=3.35%, sys=17.79%, ctx=811278, majf=0, minf=142289
  IO depths    : 1=100.0%, 2=0.0%, 4=0.0%, 8=0.0%, 16=0.0%, 32=0.0%, >=64=0.0%
     submit    : 0=0.0%, 4=100.0%, 8=0.0%, 16=0.0%, 32=0.0%, 64=0.0%, >=64=0.0%
     complete  : 0=0.0%, 4=100.0%, 8=0.0%, 16=0.0%, 32=0.0%, 64=0.0%, >=64=0.0%
     issued rwts: total=0,811267,0,0 short=0,0,0,0 dropped=0,0,0,0
     latency   : target=0, window=0, percentile=100.00%, depth=1
test_64kb_rwrite_5n10: (groupid=0, jobs=1): err= 0: pid=907627: Sat Sep  6 19:20:09 2025
  write: IOPS=26.1k, BW=102MiB/s (107MB/s)(3063MiB/30001msec); 0 zone resets
    clat (usec): min=20, max=2775, avg=37.32, stdev= 7.98
     lat (usec): min=20, max=2776, avg=37.43, stdev= 7.98
    clat percentiles (usec):
     |  1.00th=[   26],  5.00th=[   29], 10.00th=[   31], 20.00th=[   34],
     | 30.00th=[   35], 40.00th=[   36], 50.00th=[   37], 60.00th=[   39],
     | 70.00th=[   40], 80.00th=[   42], 90.00th=[   44], 95.00th=[   47],
     | 99.00th=[   57], 99.50th=[   61], 99.90th=[   73], 99.95th=[   85],
     | 99.99th=[  255]
   bw (  KiB/s): min=95432, max=118240, per=2.71%, avg=104538.13, stdev=4372.03, samples=60
   iops        : min=23858, max=29560, avg=26134.53, stdev=1093.01, samples=60
  lat (usec)   : 50=97.18%, 100=2.79%, 250=0.02%, 500=0.01%, 750=0.01%
  lat (usec)   : 1000=0.01%
  lat (msec)   : 2=0.01%, 4=0.01%
  cpu          : usr=3.18%, sys=16.55%, ctx=784036, majf=0, minf=139424
  IO depths    : 1=100.0%, 2=0.0%, 4=0.0%, 8=0.0%, 16=0.0%, 32=0.0%, >=64=0.0%
     submit    : 0=0.0%, 4=100.0%, 8=0.0%, 16=0.0%, 32=0.0%, 64=0.0%, >=64=0.0%
     complete  : 0=0.0%, 4=100.0%, 8=0.0%, 16=0.0%, 32=0.0%, 64=0.0%, >=64=0.0%
     issued rwts: total=0,784011,0,0 short=0,0,0,0 dropped=0,0,0,0
     latency   : target=0, window=0, percentile=100.00%, depth=1
test_64kb_rwrite_5n10: (groupid=0, jobs=1): err= 0: pid=907628: Sat Sep  6 19:20:09 2025
  write: IOPS=26.8k, BW=105MiB/s (110MB/s)(3136MiB/30001msec); 0 zone resets
    clat (usec): min=21, max=3412, avg=36.46, stdev= 9.23
     lat (usec): min=21, max=3413, avg=36.57, stdev= 9.23
    clat percentiles (usec):
     |  1.00th=[   26],  5.00th=[   28], 10.00th=[   29], 20.00th=[   32],
     | 30.00th=[   34], 40.00th=[   36], 50.00th=[   37], 60.00th=[   38],
     | 70.00th=[   39], 80.00th=[   41], 90.00th=[   44], 95.00th=[   46],
     | 99.00th=[   57], 99.50th=[   61], 99.90th=[   73], 99.95th=[   81],
     | 99.99th=[  180]
   bw (  KiB/s): min=92848, max=128160, per=2.77%, avg=107030.07, stdev=6976.66, samples=60
   iops        : min=23212, max=32040, avg=26757.52, stdev=1744.16, samples=60
  lat (usec)   : 50=97.41%, 100=2.57%, 250=0.02%, 500=0.01%, 1000=0.01%
  lat (msec)   : 2=0.01%, 4=0.01%
  cpu          : usr=3.30%, sys=16.94%, ctx=802708, majf=0, minf=139556
  IO depths    : 1=100.0%, 2=0.0%, 4=0.0%, 8=0.0%, 16=0.0%, 32=0.0%, >=64=0.0%
     submit    : 0=0.0%, 4=100.0%, 8=0.0%, 16=0.0%, 32=0.0%, 64=0.0%, >=64=0.0%
     complete  : 0=0.0%, 4=100.0%, 8=0.0%, 16=0.0%, 32=0.0%, 64=0.0%, >=64=0.0%
     issued rwts: total=0,802701,0,0 short=0,0,0,0 dropped=0,0,0,0
     latency   : target=0, window=0, percentile=100.00%, depth=1
test_64kb_rwrite_5n10: (groupid=0, jobs=1): err= 0: pid=907629: Sat Sep  6 19:20:09 2025
  write: IOPS=26.2k, BW=102MiB/s (107MB/s)(3065MiB/30001msec); 0 zone resets
    clat (usec): min=21, max=2641, avg=37.37, stdev= 7.90
     lat (usec): min=21, max=2641, avg=37.48, stdev= 7.90
    clat percentiles (usec):
     |  1.00th=[   26],  5.00th=[   29], 10.00th=[   32], 20.00th=[   34],
     | 30.00th=[   35], 40.00th=[   36], 50.00th=[   38], 60.00th=[   39],
     | 70.00th=[   40], 80.00th=[   42], 90.00th=[   44], 95.00th=[   47],
     | 99.00th=[   57], 99.50th=[   61], 99.90th=[   76], 99.95th=[   94],
     | 99.99th=[  258]
   bw (  KiB/s): min=91624, max=116256, per=2.71%, avg=104605.10, stdev=4656.11, samples=60
   iops        : min=22906, max=29064, avg=26151.27, stdev=1164.04, samples=60
  lat (usec)   : 50=97.17%, 100=2.78%, 250=0.04%, 500=0.01%, 1000=0.01%
  lat (msec)   : 2=0.01%, 4=0.01%
  cpu          : usr=3.08%, sys=16.48%, ctx=784595, majf=0, minf=126503
  IO depths    : 1=100.0%, 2=0.0%, 4=0.0%, 8=0.0%, 16=0.0%, 32=0.0%, >=64=0.0%
     submit    : 0=0.0%, 4=100.0%, 8=0.0%, 16=0.0%, 32=0.0%, 64=0.0%, >=64=0.0%
     complete  : 0=0.0%, 4=100.0%, 8=0.0%, 16=0.0%, 32=0.0%, 64=0.0%, >=64=0.0%
     issued rwts: total=0,784587,0,0 short=0,0,0,0 dropped=0,0,0,0
     latency   : target=0, window=0, percentile=100.00%, depth=1
bursty: (groupid=0, jobs=1): err= 0: pid=907630: Sat Sep  6 19:20:09 2025
  write: IOPS=301, BW=1206KiB/s (1235kB/s)(35.3MiB/30001msec); 0 zone resets
    clat (usec): min=24, max=1345, avg=41.36, stdev=20.34
     lat (usec): min=31, max=1365, avg=49.74, stdev=27.26
    clat percentiles (usec):
     |  1.00th=[   30],  5.00th=[   34], 10.00th=[   35], 20.00th=[   36],
     | 30.00th=[   37], 40.00th=[   38], 50.00th=[   39], 60.00th=[   41],
     | 70.00th=[   43], 80.00th=[   46], 90.00th=[   49], 95.00th=[   55],
     | 99.00th=[   82], 99.50th=[   94], 99.90th=[  233], 99.95th=[  285],
     | 99.99th=[ 1352]
   bw (  KiB/s): min= 2568, max=14544, per=0.27%, avg=10339.43, stdev=5028.38, samples=7
   iops        : min=  642, max= 3636, avg=2584.86, stdev=1257.09, samples=7
  lat (usec)   : 50=92.17%, 100=7.41%, 250=0.34%, 500=0.04%, 750=0.02%
  lat (msec)   : 2=0.01%
  cpu          : usr=0.15%, sys=0.21%, ctx=9266, majf=0, minf=10272
  IO depths    : 1=100.0%, 2=0.0%, 4=0.0%, 8=0.0%, 16=0.0%, 32=0.0%, >=64=0.0%
     submit    : 0=0.0%, 4=100.0%, 8=0.0%, 16=0.0%, 32=0.0%, 64=0.0%, >=64=0.0%
     complete  : 0=0.0%, 4=100.0%, 8=0.0%, 16=0.0%, 32=0.0%, 64=0.0%, >=64=0.0%
     issued rwts: total=0,9047,0,0 short=0,0,0,0 dropped=0,0,0,0
     latency   : target=0, window=0, percentile=100.00%, depth=1
bursty: (groupid=0, jobs=1): err= 0: pid=907631: Sat Sep  6 19:20:09 2025
  write: IOPS=299, BW=1197KiB/s (1226kB/s)(35.1MiB/30001msec); 0 zone resets
    clat (usec): min=23, max=2217, avg=40.11, stdev=28.59
     lat (usec): min=29, max=2224, avg=48.66, stdev=33.30
    clat percentiles (usec):
     |  1.00th=[   28],  5.00th=[   30], 10.00th=[   31], 20.00th=[   34],
     | 30.00th=[   36], 40.00th=[   37], 50.00th=[   38], 60.00th=[   40],
     | 70.00th=[   42], 80.00th=[   45], 90.00th=[   48], 95.00th=[   55],
     | 99.00th=[   77], 99.50th=[   86], 99.90th=[  237], 99.95th=[  273],
     | 99.99th=[ 2212]
   bw (  KiB/s): min= 2568, max=14792, per=0.27%, avg=10262.86, stdev=4812.20, samples=7
   iops        : min=  642, max= 3698, avg=2565.71, stdev=1203.05, samples=7
  lat (usec)   : 50=92.61%, 100=7.20%, 250=0.13%, 500=0.02%, 750=0.01%
  lat (msec)   : 2=0.01%, 4=0.01%
  cpu          : usr=0.17%, sys=0.23%, ctx=9126, majf=0, minf=11649
  IO depths    : 1=100.0%, 2=0.0%, 4=0.0%, 8=0.0%, 16=0.0%, 32=0.0%, >=64=0.0%
     submit    : 0=0.0%, 4=100.0%, 8=0.0%, 16=0.0%, 32=0.0%, 64=0.0%, >=64=0.0%
     complete  : 0=0.0%, 4=100.0%, 8=0.0%, 16=0.0%, 32=0.0%, 64=0.0%, >=64=0.0%
     issued rwts: total=0,8980,0,0 short=0,0,0,0 dropped=0,0,0,0
     latency   : target=0, window=0, percentile=100.00%, depth=1
bursty: (groupid=0, jobs=1): err= 0: pid=907632: Sat Sep  6 19:20:09 2025
  write: IOPS=284, BW=1136KiB/s (1164kB/s)(33.3MiB/30001msec); 0 zone resets
    clat (usec): min=24, max=411, avg=42.74, stdev=12.38
     lat (usec): min=29, max=417, avg=49.88, stdev=12.80
    clat percentiles (usec):
     |  1.00th=[   28],  5.00th=[   31], 10.00th=[   34], 20.00th=[   37],
     | 30.00th=[   38], 40.00th=[   40], 50.00th=[   42], 60.00th=[   44],
     | 70.00th=[   46], 80.00th=[   48], 90.00th=[   53], 95.00th=[   59],
     | 99.00th=[   70], 99.50th=[   76], 99.90th=[  186], 99.95th=[  318],
     | 99.99th=[  412]
   bw (  KiB/s): min= 2573, max=13904, per=0.25%, avg=9741.29, stdev=4590.14, samples=7
   iops        : min=  643, max= 3476, avg=2435.29, stdev=1147.60, samples=7
  lat (usec)   : 50=86.07%, 100=13.67%, 250=0.20%, 500=0.06%
  cpu          : usr=0.24%, sys=0.28%, ctx=8643, majf=0, minf=11818
  IO depths    : 1=100.0%, 2=0.0%, 4=0.0%, 8=0.0%, 16=0.0%, 32=0.0%, >=64=0.0%
     submit    : 0=0.0%, 4=100.0%, 8=0.0%, 16=0.0%, 32=0.0%, 64=0.0%, >=64=0.0%
     complete  : 0=0.0%, 4=100.0%, 8=0.0%, 16=0.0%, 32=0.0%, 64=0.0%, >=64=0.0%
     issued rwts: total=0,8523,0,0 short=0,0,0,0 dropped=0,0,0,0
     latency   : target=0, window=0, percentile=100.00%, depth=1
bursty: (groupid=0, jobs=1): err= 0: pid=907633: Sat Sep  6 19:20:09 2025
  write: IOPS=306, BW=1226KiB/s (1256kB/s)(35.9MiB/30001msec); 0 zone resets
    clat (usec): min=24, max=830, avg=39.05, stdev=16.25
     lat (usec): min=30, max=839, avg=47.34, stdev=19.95
    clat percentiles (usec):
     |  1.00th=[   27],  5.00th=[   29], 10.00th=[   30], 20.00th=[   33],
     | 30.00th=[   35], 40.00th=[   36], 50.00th=[   38], 60.00th=[   40],
     | 70.00th=[   42], 80.00th=[   44], 90.00th=[   48], 95.00th=[   52],
     | 99.00th=[   69], 99.50th=[   85], 99.90th=[  231], 99.95th=[  396],
     | 99.99th=[  832]
   bw (  KiB/s): min= 2568, max=16128, per=0.27%, avg=10513.14, stdev=5277.00, samples=7
   iops        : min=  642, max= 4032, avg=2628.29, stdev=1319.25, samples=7
  lat (usec)   : 50=93.71%, 100=6.06%, 250=0.15%, 500=0.05%, 750=0.02%
  lat (usec)   : 1000=0.01%
  cpu          : usr=0.13%, sys=0.25%, ctx=9433, majf=0, minf=11331
  IO depths    : 1=100.0%, 2=0.0%, 4=0.0%, 8=0.0%, 16=0.0%, 32=0.0%, >=64=0.0%
     submit    : 0=0.0%, 4=100.0%, 8=0.0%, 16=0.0%, 32=0.0%, 64=0.0%, >=64=0.0%
     complete  : 0=0.0%, 4=100.0%, 8=0.0%, 16=0.0%, 32=0.0%, 64=0.0%, >=64=0.0%
     issued rwts: total=0,9199,0,0 short=0,0,0,0 dropped=0,0,0,0
     latency   : target=0, window=0, percentile=100.00%, depth=1
bursty: (groupid=0, jobs=1): err= 0: pid=907634: Sat Sep  6 19:20:09 2025
  write: IOPS=285, BW=1142KiB/s (1169kB/s)(33.5MiB/30001msec); 0 zone resets
    clat (usec): min=25, max=914, avg=41.71, stdev=17.05
     lat (usec): min=30, max=927, avg=50.01, stdev=21.83
    clat percentiles (usec):
     |  1.00th=[   30],  5.00th=[   33], 10.00th=[   35], 20.00th=[   36],
     | 30.00th=[   37], 40.00th=[   38], 50.00th=[   40], 60.00th=[   42],
     | 70.00th=[   44], 80.00th=[   46], 90.00th=[   51], 95.00th=[   58],
     | 99.00th=[   69], 99.50th=[   79], 99.90th=[  249], 99.95th=[  351],
     | 99.99th=[  914]
   bw (  KiB/s): min= 2568, max=13888, per=0.25%, avg=9787.43, stdev=4611.13, samples=7
   iops        : min=  642, max= 3472, avg=2446.86, stdev=1152.78, samples=7
  lat (usec)   : 50=89.48%, 100=10.30%, 250=0.13%, 500=0.07%, 750=0.01%
  lat (usec)   : 1000=0.01%
  cpu          : usr=0.17%, sys=0.26%, ctx=8748, majf=0, minf=12278
  IO depths    : 1=100.0%, 2=0.0%, 4=0.0%, 8=0.0%, 16=0.0%, 32=0.0%, >=64=0.0%
     submit    : 0=0.0%, 4=100.0%, 8=0.0%, 16=0.0%, 32=0.0%, 64=0.0%, >=64=0.0%
     complete  : 0=0.0%, 4=100.0%, 8=0.0%, 16=0.0%, 32=0.0%, 64=0.0%, >=64=0.0%
     issued rwts: total=0,8564,0,0 short=0,0,0,0 dropped=0,0,0,0
     latency   : target=0, window=0, percentile=100.00%, depth=1
bursty: (groupid=0, jobs=1): err= 0: pid=907635: Sat Sep  6 19:20:09 2025
  write: IOPS=290, BW=1160KiB/s (1188kB/s)(34.0MiB/30000msec); 0 zone resets
    clat (usec): min=23, max=313, avg=42.00, stdev=11.76
     lat (usec): min=28, max=425, avg=49.45, stdev=12.96
    clat percentiles (usec):
     |  1.00th=[   27],  5.00th=[   30], 10.00th=[   32], 20.00th=[   35],
     | 30.00th=[   37], 40.00th=[   39], 50.00th=[   41], 60.00th=[   44],
     | 70.00th=[   46], 80.00th=[   48], 90.00th=[   53], 95.00th=[   59],
     | 99.00th=[   71], 99.50th=[   80], 99.90th=[  204], 99.95th=[  219],
     | 99.99th=[  314]
   bw (  KiB/s): min= 2568, max=14640, per=0.26%, avg=9946.29, stdev=4933.26, samples=7
   iops        : min=  642, max= 3660, avg=2486.57, stdev=1233.32, samples=7
  lat (usec)   : 50=86.04%, 100=13.71%, 250=0.22%, 500=0.03%
  cpu          : usr=0.20%, sys=0.26%, ctx=8864, majf=0, minf=9715
  IO depths    : 1=100.0%, 2=0.0%, 4=0.0%, 8=0.0%, 16=0.0%, 32=0.0%, >=64=0.0%
     submit    : 0=0.0%, 4=100.0%, 8=0.0%, 16=0.0%, 32=0.0%, 64=0.0%, >=64=0.0%
     complete  : 0=0.0%, 4=100.0%, 8=0.0%, 16=0.0%, 32=0.0%, 64=0.0%, >=64=0.0%
     issued rwts: total=0,8703,0,0 short=0,0,0,0 dropped=0,0,0,0
     latency   : target=0, window=0, percentile=100.00%, depth=1
bursty: (groupid=0, jobs=1): err= 0: pid=907636: Sat Sep  6 19:20:09 2025
  write: IOPS=278, BW=1116KiB/s (1142kB/s)(32.7MiB/30001msec); 0 zone resets
    clat (usec): min=24, max=1293, avg=42.40, stdev=22.97
     lat (usec): min=31, max=1299, avg=50.66, stdev=25.07
    clat percentiles (usec):
     |  1.00th=[   28],  5.00th=[   31], 10.00th=[   34], 20.00th=[   36],
     | 30.00th=[   38], 40.00th=[   40], 50.00th=[   42], 60.00th=[   44],
     | 70.00th=[   45], 80.00th=[   47], 90.00th=[   51], 95.00th=[   57],
     | 99.00th=[   72], 99.50th=[   84], 99.90th=[  118], 99.95th=[  457],
     | 99.99th=[ 1287]
   bw (  KiB/s): min= 2573, max=12872, per=0.25%, avg=9564.14, stdev=4493.48, samples=7
   iops        : min=  643, max= 3218, avg=2391.00, stdev=1123.44, samples=7
  lat (usec)   : 50=89.70%, 100=10.12%, 250=0.11%, 500=0.02%, 750=0.02%
  lat (msec)   : 2=0.02%
  cpu          : usr=0.17%, sys=0.26%, ctx=8576, majf=0, minf=13276
  IO depths    : 1=100.0%, 2=0.0%, 4=0.0%, 8=0.0%, 16=0.0%, 32=0.0%, >=64=0.0%
     submit    : 0=0.0%, 4=100.0%, 8=0.0%, 16=0.0%, 32=0.0%, 64=0.0%, >=64=0.0%
     complete  : 0=0.0%, 4=100.0%, 8=0.0%, 16=0.0%, 32=0.0%, 64=0.0%, >=64=0.0%
     issued rwts: total=0,8368,0,0 short=0,0,0,0 dropped=0,0,0,0
     latency   : target=0, window=0, percentile=100.00%, depth=1
bursty: (groupid=0, jobs=1): err= 0: pid=907637: Sat Sep  6 19:20:09 2025
  write: IOPS=283, BW=1135KiB/s (1162kB/s)(33.2MiB/30000msec); 0 zone resets
    clat (usec): min=25, max=210, avg=42.29, stdev= 8.40
     lat (usec): min=29, max=276, avg=49.57, stdev= 9.30
    clat percentiles (usec):
     |  1.00th=[   29],  5.00th=[   32], 10.00th=[   34], 20.00th=[   36],
     | 30.00th=[   38], 40.00th=[   40], 50.00th=[   42], 60.00th=[   44],
     | 70.00th=[   46], 80.00th=[   48], 90.00th=[   52], 95.00th=[   58],
     | 99.00th=[   70], 99.50th=[   74], 99.90th=[   84], 99.95th=[   92],
     | 99.99th=[  210]
   bw (  KiB/s): min= 2568, max=13600, per=0.25%, avg=9728.00, stdev=4722.35, samples=7
   iops        : min=  642, max= 3400, avg=2432.00, stdev=1180.59, samples=7
  lat (usec)   : 50=86.91%, 100=13.06%, 250=0.02%
  cpu          : usr=0.21%, sys=0.28%, ctx=8685, majf=0, minf=14523
  IO depths    : 1=100.0%, 2=0.0%, 4=0.0%, 8=0.0%, 16=0.0%, 32=0.0%, >=64=0.0%
     submit    : 0=0.0%, 4=100.0%, 8=0.0%, 16=0.0%, 32=0.0%, 64=0.0%, >=64=0.0%
     complete  : 0=0.0%, 4=100.0%, 8=0.0%, 16=0.0%, 32=0.0%, 64=0.0%, >=64=0.0%
     issued rwts: total=0,8512,0,0 short=0,0,0,0 dropped=0,0,0,0
     latency   : target=0, window=0, percentile=100.00%, depth=1
bursty: (groupid=0, jobs=1): err= 0: pid=907638: Sat Sep  6 19:20:09 2025
  write: IOPS=295, BW=1181KiB/s (1209kB/s)(34.6MiB/30000msec); 0 zone resets
    clat (usec): min=25, max=140, avg=40.90, stdev= 8.15
     lat (usec): min=30, max=149, avg=48.46, stdev= 8.67
    clat percentiles (usec):
     |  1.00th=[   29],  5.00th=[   31], 10.00th=[   33], 20.00th=[   35],
     | 30.00th=[   37], 40.00th=[   39], 50.00th=[   40], 60.00th=[   42],
     | 70.00th=[   44], 80.00th=[   46], 90.00th=[   51], 95.00th=[   57],
     | 99.00th=[   68], 99.50th=[   72], 99.90th=[   98], 99.95th=[  116],
     | 99.99th=[  141]
   bw (  KiB/s): min= 2568, max=14400, per=0.26%, avg=10118.86, stdev=4847.58, samples=7
   iops        : min=  642, max= 3600, avg=2529.71, stdev=1211.89, samples=7
  lat (usec)   : 50=89.64%, 100=10.27%, 250=0.09%
  cpu          : usr=0.25%, sys=0.25%, ctx=8979, majf=0, minf=9029
  IO depths    : 1=100.0%, 2=0.0%, 4=0.0%, 8=0.0%, 16=0.0%, 32=0.0%, >=64=0.0%
     submit    : 0=0.0%, 4=100.0%, 8=0.0%, 16=0.0%, 32=0.0%, 64=0.0%, >=64=0.0%
     complete  : 0=0.0%, 4=100.0%, 8=0.0%, 16=0.0%, 32=0.0%, 64=0.0%, >=64=0.0%
     issued rwts: total=0,8854,0,0 short=0,0,0,0 dropped=0,0,0,0
     latency   : target=0, window=0, percentile=100.00%, depth=1
bursty: (groupid=0, jobs=1): err= 0: pid=907639: Sat Sep  6 19:20:09 2025
  write: IOPS=288, BW=1153KiB/s (1180kB/s)(33.8MiB/30000msec); 0 zone resets
    clat (usec): min=24, max=409, avg=40.82, stdev= 9.44
     lat (usec): min=29, max=415, avg=48.19, stdev= 9.86
    clat percentiles (usec):
     |  1.00th=[   28],  5.00th=[   30], 10.00th=[   31], 20.00th=[   34],
     | 30.00th=[   37], 40.00th=[   38], 50.00th=[   40], 60.00th=[   42],
     | 70.00th=[   44], 80.00th=[   47], 90.00th=[   51], 95.00th=[   58],
     | 99.00th=[   68], 99.50th=[   73], 99.90th=[   93], 99.95th=[  106],
     | 99.99th=[  408]
   bw (  KiB/s): min= 2568, max=14280, per=0.26%, avg=9881.14, stdev=4793.45, samples=7
   iops        : min=  642, max= 3570, avg=2470.29, stdev=1198.36, samples=7
  lat (usec)   : 50=88.49%, 100=11.44%, 250=0.06%, 500=0.01%
  cpu          : usr=0.19%, sys=0.34%, ctx=8780, majf=0, minf=13661
  IO depths    : 1=100.0%, 2=0.0%, 4=0.0%, 8=0.0%, 16=0.0%, 32=0.0%, >=64=0.0%
     submit    : 0=0.0%, 4=100.0%, 8=0.0%, 16=0.0%, 32=0.0%, 64=0.0%, >=64=0.0%
     complete  : 0=0.0%, 4=100.0%, 8=0.0%, 16=0.0%, 32=0.0%, 64=0.0%, >=64=0.0%
     issued rwts: total=0,8646,0,0 short=0,0,0,0 dropped=0,0,0,0
     latency   : target=0, window=0, percentile=100.00%, depth=1
bursty: (groupid=0, jobs=1): err= 0: pid=907640: Sat Sep  6 19:20:09 2025
  write: IOPS=275, BW=1102KiB/s (1128kB/s)(32.3MiB/30001msec); 0 zone resets
    clat (usec): min=24, max=3857, avg=43.39, stdev=43.99
     lat (usec): min=30, max=3870, avg=51.09, stdev=45.21
    clat percentiles (usec):
     |  1.00th=[   29],  5.00th=[   34], 10.00th=[   35], 20.00th=[   37],
     | 30.00th=[   38], 40.00th=[   40], 50.00th=[   42], 60.00th=[   44],
     | 70.00th=[   46], 80.00th=[   48], 90.00th=[   52], 95.00th=[   58],
     | 99.00th=[   71], 99.50th=[   79], 99.90th=[  161], 99.95th=[  277],
     | 99.99th=[ 3851]
   bw (  KiB/s): min= 2573, max=13016, per=0.24%, avg=9444.14, stdev=4378.29, samples=7
   iops        : min=  643, max= 3254, avg=2361.00, stdev=1094.64, samples=7
  lat (usec)   : 50=87.12%, 100=12.67%, 250=0.12%, 500=0.05%, 750=0.02%
  lat (msec)   : 4=0.01%
  cpu          : usr=0.15%, sys=0.27%, ctx=8527, majf=0, minf=15304
  IO depths    : 1=100.0%, 2=0.0%, 4=0.0%, 8=0.0%, 16=0.0%, 32=0.0%, >=64=0.0%
     submit    : 0=0.0%, 4=100.0%, 8=0.0%, 16=0.0%, 32=0.0%, 64=0.0%, >=64=0.0%
     complete  : 0=0.0%, 4=100.0%, 8=0.0%, 16=0.0%, 32=0.0%, 64=0.0%, >=64=0.0%
     issued rwts: total=0,8263,0,0 short=0,0,0,0 dropped=0,0,0,0
     latency   : target=0, window=0, percentile=100.00%, depth=1
bursty: (groupid=0, jobs=1): err= 0: pid=907641: Sat Sep  6 19:20:09 2025
  write: IOPS=291, BW=1166KiB/s (1194kB/s)(34.2MiB/30000msec); 0 zone resets
    clat (usec): min=24, max=3997, avg=42.10, stdev=43.91
     lat (usec): min=29, max=4008, avg=49.72, stdev=44.49
    clat percentiles (usec):
     |  1.00th=[   27],  5.00th=[   29], 10.00th=[   31], 20.00th=[   34],
     | 30.00th=[   37], 40.00th=[   39], 50.00th=[   41], 60.00th=[   44],
     | 70.00th=[   45], 80.00th=[   48], 90.00th=[   52], 95.00th=[   59],
     | 99.00th=[   72], 99.50th=[   80], 99.90th=[  190], 99.95th=[  225],
     | 99.99th=[ 4015]
   bw (  KiB/s): min= 2568, max=14512, per=0.26%, avg=9992.00, stdev=4776.43, samples=7
   iops        : min=  642, max= 3628, avg=2498.00, stdev=1194.11, samples=7
  lat (usec)   : 50=87.30%, 100=12.39%, 250=0.30%
  lat (msec)   : 4=0.01%
  cpu          : usr=0.21%, sys=0.26%, ctx=8876, majf=0, minf=8999
  IO depths    : 1=100.0%, 2=0.0%, 4=0.0%, 8=0.0%, 16=0.0%, 32=0.0%, >=64=0.0%
     submit    : 0=0.0%, 4=100.0%, 8=0.0%, 16=0.0%, 32=0.0%, 64=0.0%, >=64=0.0%
     complete  : 0=0.0%, 4=100.0%, 8=0.0%, 16=0.0%, 32=0.0%, 64=0.0%, >=64=0.0%
     issued rwts: total=0,8743,0,0 short=0,0,0,0 dropped=0,0,0,0
     latency   : target=0, window=0, percentile=100.00%, depth=1
bursty: (groupid=0, jobs=1): err= 0: pid=907642: Sat Sep  6 19:20:09 2025
  write: IOPS=292, BW=1169KiB/s (1197kB/s)(34.2MiB/30001msec); 0 zone resets
    clat (usec): min=21, max=3618, avg=40.81, stdev=39.61
     lat (usec): min=28, max=3630, avg=47.96, stdev=39.92
    clat percentiles (usec):
     |  1.00th=[   27],  5.00th=[   29], 10.00th=[   31], 20.00th=[   34],
     | 30.00th=[   36], 40.00th=[   38], 50.00th=[   40], 60.00th=[   42],
     | 70.00th=[   44], 80.00th=[   46], 90.00th=[   51], 95.00th=[   57],
     | 99.00th=[   68], 99.50th=[   72], 99.90th=[   98], 99.95th=[  190],
     | 99.99th=[ 3621]
   bw (  KiB/s): min= 2568, max=14248, per=0.26%, avg=10019.43, stdev=4772.60, samples=7
   iops        : min=  642, max= 3562, avg=2504.86, stdev=1193.15, samples=7
  lat (usec)   : 50=89.30%, 100=10.61%, 250=0.06%, 500=0.02%
  lat (msec)   : 4=0.01%
  cpu          : usr=0.25%, sys=0.25%, ctx=8909, majf=0, minf=15188
  IO depths    : 1=100.0%, 2=0.0%, 4=0.0%, 8=0.0%, 16=0.0%, 32=0.0%, >=64=0.0%
     submit    : 0=0.0%, 4=100.0%, 8=0.0%, 16=0.0%, 32=0.0%, 64=0.0%, >=64=0.0%
     complete  : 0=0.0%, 4=100.0%, 8=0.0%, 16=0.0%, 32=0.0%, 64=0.0%, >=64=0.0%
     issued rwts: total=0,8767,0,0 short=0,0,0,0 dropped=0,0,0,0
     latency   : target=0, window=0, percentile=100.00%, depth=1
bursty: (groupid=0, jobs=1): err= 0: pid=907643: Sat Sep  6 19:20:09 2025
  write: IOPS=287, BW=1151KiB/s (1178kB/s)(33.7MiB/30001msec); 0 zone resets
    clat (usec): min=23, max=149, avg=42.25, stdev= 8.94
     lat (usec): min=30, max=155, avg=49.74, stdev= 9.56
    clat percentiles (usec):
     |  1.00th=[   28],  5.00th=[   30], 10.00th=[   33], 20.00th=[   36],
     | 30.00th=[   38], 40.00th=[   39], 50.00th=[   41], 60.00th=[   44],
     | 70.00th=[   46], 80.00th=[   48], 90.00th=[   55], 95.00th=[   60],
     | 99.00th=[   70], 99.50th=[   75], 99.90th=[   84], 99.95th=[   92],
     | 99.99th=[  149]
   bw (  KiB/s): min= 2568, max=13928, per=0.26%, avg=9864.00, stdev=4620.24, samples=7
   iops        : min=  642, max= 3482, avg=2466.00, stdev=1155.06, samples=7
  lat (usec)   : 50=85.07%, 100=14.89%, 250=0.05%
  cpu          : usr=0.21%, sys=0.27%, ctx=8772, majf=0, minf=11300
  IO depths    : 1=100.0%, 2=0.0%, 4=0.0%, 8=0.0%, 16=0.0%, 32=0.0%, >=64=0.0%
     submit    : 0=0.0%, 4=100.0%, 8=0.0%, 16=0.0%, 32=0.0%, 64=0.0%, >=64=0.0%
     complete  : 0=0.0%, 4=100.0%, 8=0.0%, 16=0.0%, 32=0.0%, 64=0.0%, >=64=0.0%
     issued rwts: total=0,8631,0,0 short=0,0,0,0 dropped=0,0,0,0
     latency   : target=0, window=0, percentile=100.00%, depth=1
bursty: (groupid=0, jobs=1): err= 0: pid=907644: Sat Sep  6 19:20:09 2025
  write: IOPS=291, BW=1166KiB/s (1194kB/s)(34.2MiB/30001msec); 0 zone resets
    clat (usec): min=24, max=237, avg=41.29, stdev=10.24
     lat (usec): min=29, max=272, avg=49.20, stdev=11.19
    clat percentiles (usec):
     |  1.00th=[   28],  5.00th=[   31], 10.00th=[   32], 20.00th=[   35],
     | 30.00th=[   37], 40.00th=[   38], 50.00th=[   40], 60.00th=[   43],
     | 70.00th=[   45], 80.00th=[   47], 90.00th=[   51], 95.00th=[   58],
     | 99.00th=[   70], 99.50th=[   80], 99.90th=[  161], 99.95th=[  188],
     | 99.99th=[  237]
   bw (  KiB/s): min= 2573, max=14040, per=0.26%, avg=9999.57, stdev=4765.06, samples=7
   iops        : min=  643, max= 3510, avg=2499.86, stdev=1191.33, samples=7
  lat (usec)   : 50=89.00%, 100=10.76%, 250=0.24%
  cpu          : usr=0.18%, sys=0.29%, ctx=8896, majf=0, minf=8660
  IO depths    : 1=100.0%, 2=0.0%, 4=0.0%, 8=0.0%, 16=0.0%, 32=0.0%, >=64=0.0%
     submit    : 0=0.0%, 4=100.0%, 8=0.0%, 16=0.0%, 32=0.0%, 64=0.0%, >=64=0.0%
     complete  : 0=0.0%, 4=100.0%, 8=0.0%, 16=0.0%, 32=0.0%, 64=0.0%, >=64=0.0%
     issued rwts: total=0,8749,0,0 short=0,0,0,0 dropped=0,0,0,0
     latency   : target=0, window=0, percentile=100.00%, depth=1
bursty: (groupid=0, jobs=1): err= 0: pid=907645: Sat Sep  6 19:20:09 2025
  write: IOPS=294, BW=1179KiB/s (1207kB/s)(34.5MiB/30000msec); 0 zone resets
    clat (usec): min=23, max=3890, avg=42.61, stdev=58.24
     lat (usec): min=29, max=3903, avg=50.86, stdev=60.29
    clat percentiles (usec):
     |  1.00th=[   27],  5.00th=[   29], 10.00th=[   31], 20.00th=[   35],
     | 30.00th=[   37], 40.00th=[   39], 50.00th=[   41], 60.00th=[   43],
     | 70.00th=[   45], 80.00th=[   47], 90.00th=[   52], 95.00th=[   58],
     | 99.00th=[   81], 99.50th=[   91], 99.90th=[  243], 99.95th=[  281],
     | 99.99th=[ 3884]
   bw (  KiB/s): min= 2573, max=14944, per=0.26%, avg=10105.86, stdev=4985.90, samples=7
   iops        : min=  643, max= 3736, avg=2526.43, stdev=1246.54, samples=7
  lat (usec)   : 50=88.20%, 100=11.46%, 250=0.25%, 500=0.06%
  lat (msec)   : 4=0.03%
  cpu          : usr=0.21%, sys=0.19%, ctx=9006, majf=0, minf=10508
  IO depths    : 1=100.0%, 2=0.0%, 4=0.0%, 8=0.0%, 16=0.0%, 32=0.0%, >=64=0.0%
     submit    : 0=0.0%, 4=100.0%, 8=0.0%, 16=0.0%, 32=0.0%, 64=0.0%, >=64=0.0%
     complete  : 0=0.0%, 4=100.0%, 8=0.0%, 16=0.0%, 32=0.0%, 64=0.0%, >=64=0.0%
     issued rwts: total=0,8842,0,0 short=0,0,0,0 dropped=0,0,0,0
     latency   : target=0, window=0, percentile=100.00%, depth=1

Run status group 0 (all jobs):
  WRITE: bw=3771MiB/s (3955MB/s), 1102KiB/s-107MiB/s (1128kB/s-113MB/s), io=110GiB (119GB), run=30000-30001msec

Disk stats (read/write):
  nvme5n2: ios=0/3183452, sectors=0/25467616, merge=0/0, ticks=0/97855, in_queue=97855, util=97.88%
  nvme5n3: ios=0/3192073, sectors=0/25536584, merge=0/0, ticks=0/98273, in_queue=98273, util=98.17%
  nvme5n4: ios=0/3217008, sectors=0/25736064, merge=0/0, ticks=0/97734, in_queue=97734, util=98.26%
  nvme5n5: ios=0/3167856, sectors=0/25342848, merge=0/0, ticks=0/98559, in_queue=98559, util=98.44%
  nvme5n6: ios=0/3173760, sectors=0/25390080, merge=0/0, ticks=0/97855, in_queue=97855, util=98.25%
  nvme5n7: ios=0/3170324, sectors=0/25362592, merge=0/0, ticks=0/98158, in_queue=98158, util=98.37%
  nvme5n8: ios=0/3196094, sectors=0/25568752, merge=0/0, ticks=0/98248, in_queue=98248, util=98.58%
  nvme5n9: ios=0/3180823, sectors=0/25446584, merge=0/0, ticks=0/98078, in_queue=98078, util=98.51%
  nvme5n10: ios=0/3161406, sectors=0/25291248, merge=0/0, ticks=0/98421, in_queue=98421, util=98.57%
  nvme5n1: ios=0/139391, sectors=0/1115128, merge=0/0, ticks=0/4815, in_queue=4815, util=3.65%
