test_64kb_rwrite_5n2: (g=0): rw=randwrite, bs=(R) 4096B-4096B, (W) 4096B-4096B, (T) 4096B-4096B, ioengine=psync, iodepth=1
...
test_64kb_rwrite_5n3: (g=0): rw=randwrite, bs=(R) 4096B-4096B, (W) 4096B-4096B, (T) 4096B-4096B, ioengine=psync, iodepth=1
...
test_64kb_rwrite_5n4: (g=0): rw=randwrite, bs=(R) 4096B-4096B, (W) 4096B-4096B, (T) 4096B-4096B, ioengine=psync, iodepth=1
...
test_64kb_rwrite_5n5: (g=0): rw=randwrite, bs=(R) 4096B-4096B, (W) 4096B-4096B, (T) 4096B-4096B, ioengine=psync, iodepth=1
...
test_64kb_rwrite_5n6: (g=0): rw=randwrite, bs=(R) 4096B-4096B, (W) 4096B-4096B, (T) 4096B-4096B, ioengine=psync, iodepth=1
...
test_64kb_rwrite_5n7: (g=0): rw=randwrite, bs=(R) 4096B-4096B, (W) 4096B-4096B, (T) 4096B-4096B, ioengine=psync, iodepth=1
...
test_64kb_rwrite_5n8: (g=0): rw=randwrite, bs=(R) 4096B-4096B, (W) 4096B-4096B, (T) 4096B-4096B, ioengine=psync, iodepth=1
...
test_64kb_rwrite_5n9: (g=0): rw=randwrite, bs=(R) 4096B-4096B, (W) 4096B-4096B, (T) 4096B-4096B, ioengine=psync, iodepth=1
...
test_64kb_rwrite_5n10: (g=0): rw=randwrite, bs=(R) 4096B-4096B, (W) 4096B-4096B, (T) 4096B-4096B, ioengine=psync, iodepth=1
...
bursty: (g=0): rw=randwrite, bs=(R) 4096B-4096B, (W) 4096B-4096B, (T) 4096B-4096B, ioengine=psync, iodepth=1
...
fio-3.37-114-gf0af0-dirty
Starting 70 threads

test_64kb_rwrite_5n2: (groupid=0, jobs=1): err= 0: pid=814445: Tue Sep  2 20:25:58 2025
  write: IOPS=25.1k, BW=98.1MiB/s (103MB/s)(2943MiB/30000msec); 0 zone resets
    clat (usec): min=20, max=4464, avg=38.89, stdev=24.30
     lat (usec): min=20, max=4464, avg=38.98, stdev=24.30
    clat percentiles (usec):
     |  1.00th=[   26],  5.00th=[   28], 10.00th=[   29], 20.00th=[   31],
     | 30.00th=[   34], 40.00th=[   36], 50.00th=[   39], 60.00th=[   41],
     | 70.00th=[   43], 80.00th=[   45], 90.00th=[   49], 95.00th=[   53],
     | 99.00th=[   67], 99.50th=[   74], 99.90th=[   92], 99.95th=[  122],
     | 99.99th=[  457]
   bw (  KiB/s): min=86031, max=110888, per=1.85%, avg=100403.25, stdev=4620.62, samples=60
   iops        : min=21507, max=27722, avg=25100.78, stdev=1155.18, samples=60
  lat (usec)   : 50=91.70%, 100=8.22%, 250=0.06%, 500=0.01%, 750=0.01%
  lat (usec)   : 1000=0.01%
  lat (msec)   : 2=0.01%, 4=0.01%, 10=0.01%
  cpu          : usr=2.75%, sys=15.52%, ctx=753339, majf=0, minf=162476
  IO depths    : 1=100.0%, 2=0.0%, 4=0.0%, 8=0.0%, 16=0.0%, 32=0.0%, >=64=0.0%
     submit    : 0=0.0%, 4=100.0%, 8=0.0%, 16=0.0%, 32=0.0%, 64=0.0%, >=64=0.0%
     complete  : 0=0.0%, 4=100.0%, 8=0.0%, 16=0.0%, 32=0.0%, 64=0.0%, >=64=0.0%
     issued rwts: total=0,753290,0,0 short=0,0,0,0 dropped=0,0,0,0
     latency   : target=0, window=0, percentile=100.00%, depth=1
test_64kb_rwrite_5n2: (groupid=0, jobs=1): err= 0: pid=814446: Tue Sep  2 20:25:58 2025
  write: IOPS=25.2k, BW=98.5MiB/s (103MB/s)(2954MiB/30001msec); 0 zone resets
    clat (usec): min=21, max=6033, avg=38.69, stdev=25.60
     lat (usec): min=21, max=6033, avg=38.78, stdev=25.60
    clat percentiles (usec):
     |  1.00th=[   26],  5.00th=[   27], 10.00th=[   28], 20.00th=[   30],
     | 30.00th=[   33], 40.00th=[   36], 50.00th=[   39], 60.00th=[   42],
     | 70.00th=[   44], 80.00th=[   45], 90.00th=[   49], 95.00th=[   53],
     | 99.00th=[   69], 99.50th=[   75], 99.90th=[   95], 99.95th=[  130],
     | 99.99th=[  502]
   bw (  KiB/s): min=91744, max=112744, per=1.86%, avg=100816.53, stdev=5351.91, samples=60
   iops        : min=22936, max=28186, avg=25204.12, stdev=1337.99, samples=60
  lat (usec)   : 50=92.06%, 100=7.86%, 250=0.07%, 500=0.01%, 750=0.01%
  lat (usec)   : 1000=0.01%
  lat (msec)   : 2=0.01%, 4=0.01%, 10=0.01%
  cpu          : usr=2.71%, sys=15.68%, ctx=756258, majf=0, minf=171604
  IO depths    : 1=100.0%, 2=0.0%, 4=0.0%, 8=0.0%, 16=0.0%, 32=0.0%, >=64=0.0%
     submit    : 0=0.0%, 4=100.0%, 8=0.0%, 16=0.0%, 32=0.0%, 64=0.0%, >=64=0.0%
     complete  : 0=0.0%, 4=100.0%, 8=0.0%, 16=0.0%, 32=0.0%, 64=0.0%, >=64=0.0%
     issued rwts: total=0,756198,0,0 short=0,0,0,0 dropped=0,0,0,0
     latency   : target=0, window=0, percentile=100.00%, depth=1
test_64kb_rwrite_5n2: (groupid=0, jobs=1): err= 0: pid=814447: Tue Sep  2 20:25:58 2025
  write: IOPS=25.3k, BW=98.7MiB/s (103MB/s)(2960MiB/30001msec); 0 zone resets
    clat (usec): min=20, max=8362, avg=38.65, stdev=25.02
     lat (usec): min=20, max=8362, avg=38.73, stdev=25.02
    clat percentiles (usec):
     |  1.00th=[   26],  5.00th=[   28], 10.00th=[   29], 20.00th=[   31],
     | 30.00th=[   34], 40.00th=[   36], 50.00th=[   38], 60.00th=[   41],
     | 70.00th=[   43], 80.00th=[   45], 90.00th=[   49], 95.00th=[   53],
     | 99.00th=[   67], 99.50th=[   74], 99.90th=[   91], 99.95th=[  117],
     | 99.99th=[  355]
   bw (  KiB/s): min=90512, max=109824, per=1.86%, avg=101021.67, stdev=4218.44, samples=60
   iops        : min=22628, max=27456, avg=25255.37, stdev=1054.61, samples=60
  lat (usec)   : 50=91.95%, 100=7.98%, 250=0.05%, 500=0.01%, 750=0.01%
  lat (usec)   : 1000=0.01%
  lat (msec)   : 2=0.01%, 4=0.01%, 10=0.01%
  cpu          : usr=2.52%, sys=15.93%, ctx=757818, majf=0, minf=165272
  IO depths    : 1=100.0%, 2=0.0%, 4=0.0%, 8=0.0%, 16=0.0%, 32=0.0%, >=64=0.0%
     submit    : 0=0.0%, 4=100.0%, 8=0.0%, 16=0.0%, 32=0.0%, 64=0.0%, >=64=0.0%
     complete  : 0=0.0%, 4=100.0%, 8=0.0%, 16=0.0%, 32=0.0%, 64=0.0%, >=64=0.0%
     issued rwts: total=0,757767,0,0 short=0,0,0,0 dropped=0,0,0,0
     latency   : target=0, window=0, percentile=100.00%, depth=1
test_64kb_rwrite_5n2: (groupid=0, jobs=1): err= 0: pid=814448: Tue Sep  2 20:25:58 2025
  write: IOPS=25.0k, BW=97.5MiB/s (102MB/s)(2926MiB/30001msec); 0 zone resets
    clat (usec): min=20, max=7452, avg=39.00, stdev=26.61
     lat (usec): min=20, max=7452, avg=39.10, stdev=26.61
    clat percentiles (usec):
     |  1.00th=[   26],  5.00th=[   27], 10.00th=[   29], 20.00th=[   31],
     | 30.00th=[   34], 40.00th=[   36], 50.00th=[   39], 60.00th=[   42],
     | 70.00th=[   44], 80.00th=[   45], 90.00th=[   49], 95.00th=[   54],
     | 99.00th=[   69], 99.50th=[   75], 99.90th=[   96], 99.95th=[  131],
     | 99.99th=[  465]
   bw (  KiB/s): min=88126, max=116024, per=1.84%, avg=99828.57, stdev=5756.04, samples=60
   iops        : min=22031, max=29006, avg=24957.10, stdev=1439.02, samples=60
  lat (usec)   : 50=91.69%, 100=8.22%, 250=0.07%, 500=0.01%, 750=0.01%
  lat (usec)   : 1000=0.01%
  lat (msec)   : 2=0.01%, 4=0.01%, 10=0.01%
  cpu          : usr=2.82%, sys=15.59%, ctx=748997, majf=0, minf=179896
  IO depths    : 1=100.0%, 2=0.0%, 4=0.0%, 8=0.0%, 16=0.0%, 32=0.0%, >=64=0.0%
     submit    : 0=0.0%, 4=100.0%, 8=0.0%, 16=0.0%, 32=0.0%, 64=0.0%, >=64=0.0%
     complete  : 0=0.0%, 4=100.0%, 8=0.0%, 16=0.0%, 32=0.0%, 64=0.0%, >=64=0.0%
     issued rwts: total=0,748929,0,0 short=0,0,0,0 dropped=0,0,0,0
     latency   : target=0, window=0, percentile=100.00%, depth=1
test_64kb_rwrite_5n2: (groupid=0, jobs=1): err= 0: pid=814449: Tue Sep  2 20:25:58 2025
  write: IOPS=25.2k, BW=98.5MiB/s (103MB/s)(2954MiB/30001msec); 0 zone resets
    clat (usec): min=21, max=6943, avg=38.78, stdev=25.26
     lat (usec): min=21, max=6943, avg=38.87, stdev=25.26
    clat percentiles (usec):
     |  1.00th=[   26],  5.00th=[   28], 10.00th=[   29], 20.00th=[   31],
     | 30.00th=[   34], 40.00th=[   36], 50.00th=[   38], 60.00th=[   41],
     | 70.00th=[   43], 80.00th=[   45], 90.00th=[   49], 95.00th=[   53],
     | 99.00th=[   67], 99.50th=[   74], 99.90th=[   92], 99.95th=[  126],
     | 99.99th=[  343]
   bw (  KiB/s): min=88680, max=108160, per=1.86%, avg=100822.03, stdev=4010.05, samples=60
   iops        : min=22170, max=27040, avg=25205.52, stdev=1002.48, samples=60
  lat (usec)   : 50=91.70%, 100=8.23%, 250=0.06%, 500=0.01%, 750=0.01%
  lat (usec)   : 1000=0.01%
  lat (msec)   : 2=0.01%, 4=0.01%, 10=0.01%
  cpu          : usr=2.88%, sys=15.36%, ctx=756358, majf=0, minf=148893
  IO depths    : 1=100.0%, 2=0.0%, 4=0.0%, 8=0.0%, 16=0.0%, 32=0.0%, >=64=0.0%
     submit    : 0=0.0%, 4=100.0%, 8=0.0%, 16=0.0%, 32=0.0%, 64=0.0%, >=64=0.0%
     complete  : 0=0.0%, 4=100.0%, 8=0.0%, 16=0.0%, 32=0.0%, 64=0.0%, >=64=0.0%
     issued rwts: total=0,756271,0,0 short=0,0,0,0 dropped=0,0,0,0
     latency   : target=0, window=0, percentile=100.00%, depth=1
test_64kb_rwrite_5n2: (groupid=0, jobs=1): err= 0: pid=814450: Tue Sep  2 20:25:58 2025
  write: IOPS=25.1k, BW=97.9MiB/s (103MB/s)(2937MiB/30001msec); 0 zone resets
    clat (usec): min=21, max=7542, avg=38.79, stdev=23.57
     lat (usec): min=21, max=7542, avg=38.88, stdev=23.57
    clat percentiles (usec):
     |  1.00th=[   26],  5.00th=[   28], 10.00th=[   29], 20.00th=[   31],
     | 30.00th=[   34], 40.00th=[   36], 50.00th=[   39], 60.00th=[   41],
     | 70.00th=[   43], 80.00th=[   45], 90.00th=[   49], 95.00th=[   53],
     | 99.00th=[   68], 99.50th=[   74], 99.90th=[   93], 99.95th=[  127],
     | 99.99th=[  347]
   bw (  KiB/s): min=88301, max=107728, per=1.84%, avg=100203.88, stdev=3961.29, samples=60
   iops        : min=22075, max=26932, avg=25050.95, stdev=990.35, samples=60
  lat (usec)   : 50=91.85%, 100=8.08%, 250=0.06%, 500=0.01%, 750=0.01%
  lat (usec)   : 1000=0.01%
  lat (msec)   : 2=0.01%, 4=0.01%, 10=0.01%
  cpu          : usr=2.71%, sys=15.97%, ctx=752001, majf=0, minf=195814
  IO depths    : 1=100.0%, 2=0.0%, 4=0.0%, 8=0.0%, 16=0.0%, 32=0.0%, >=64=0.0%
     submit    : 0=0.0%, 4=100.0%, 8=0.0%, 16=0.0%, 32=0.0%, 64=0.0%, >=64=0.0%
     complete  : 0=0.0%, 4=100.0%, 8=0.0%, 16=0.0%, 32=0.0%, 64=0.0%, >=64=0.0%
     issued rwts: total=0,751933,0,0 short=0,0,0,0 dropped=0,0,0,0
     latency   : target=0, window=0, percentile=100.00%, depth=1
test_64kb_rwrite_5n3: (groupid=0, jobs=1): err= 0: pid=814451: Tue Sep  2 20:25:58 2025
  write: IOPS=25.1k, BW=98.2MiB/s (103MB/s)(2946MiB/30001msec); 0 zone resets
    clat (usec): min=20, max=11798, avg=38.85, stdev=28.64
     lat (usec): min=20, max=11798, avg=38.94, stdev=28.64
    clat percentiles (usec):
     |  1.00th=[   26],  5.00th=[   27], 10.00th=[   28], 20.00th=[   30],
     | 30.00th=[   33], 40.00th=[   36], 50.00th=[   39], 60.00th=[   42],
     | 70.00th=[   44], 80.00th=[   45], 90.00th=[   49], 95.00th=[   54],
     | 99.00th=[   70], 99.50th=[   76], 99.90th=[  105], 99.95th=[  137],
     | 99.99th=[  478]
   bw (  KiB/s): min=79760, max=116208, per=1.85%, avg=100730.71, stdev=5375.08, samples=59
   iops        : min=19940, max=29052, avg=25182.64, stdev=1343.78, samples=59
  lat (usec)   : 50=91.52%, 100=8.37%, 250=0.10%, 500=0.01%, 750=0.01%
  lat (usec)   : 1000=0.01%
  lat (msec)   : 2=0.01%, 4=0.01%, 10=0.01%, 20=0.01%
  cpu          : usr=2.63%, sys=15.58%, ctx=754290, majf=0, minf=166016
  IO depths    : 1=100.0%, 2=0.0%, 4=0.0%, 8=0.0%, 16=0.0%, 32=0.0%, >=64=0.0%
     submit    : 0=0.0%, 4=100.0%, 8=0.0%, 16=0.0%, 32=0.0%, 64=0.0%, >=64=0.0%
     complete  : 0=0.0%, 4=100.0%, 8=0.0%, 16=0.0%, 32=0.0%, 64=0.0%, >=64=0.0%
     issued rwts: total=0,754218,0,0 short=0,0,0,0 dropped=0,0,0,0
     latency   : target=0, window=0, percentile=100.00%, depth=1
test_64kb_rwrite_5n3: (groupid=0, jobs=1): err= 0: pid=814452: Tue Sep  2 20:25:58 2025
  write: IOPS=25.0k, BW=97.8MiB/s (103MB/s)(2933MiB/30001msec); 0 zone resets
    clat (usec): min=19, max=6806, avg=38.71, stdev=23.51
     lat (usec): min=19, max=6807, avg=38.79, stdev=23.51
    clat percentiles (usec):
     |  1.00th=[   26],  5.00th=[   27], 10.00th=[   29], 20.00th=[   31],
     | 30.00th=[   33], 40.00th=[   36], 50.00th=[   38], 60.00th=[   41],
     | 70.00th=[   43], 80.00th=[   45], 90.00th=[   49], 95.00th=[   53],
     | 99.00th=[   68], 99.50th=[   74], 99.90th=[   91], 99.95th=[  126],
     | 99.99th=[  515]
   bw (  KiB/s): min=87408, max=111960, per=1.84%, avg=100074.62, stdev=5109.98, samples=60
   iops        : min=21852, max=27990, avg=25018.63, stdev=1277.52, samples=60
  lat (usec)   : 20=0.01%, 50=91.83%, 100=8.10%, 250=0.05%, 500=0.01%
  lat (usec)   : 750=0.01%, 1000=0.01%
  lat (msec)   : 2=0.01%, 4=0.01%, 10=0.01%
  cpu          : usr=2.71%, sys=16.30%, ctx=751001, majf=0, minf=216930
  IO depths    : 1=100.0%, 2=0.0%, 4=0.0%, 8=0.0%, 16=0.0%, 32=0.0%, >=64=0.0%
     submit    : 0=0.0%, 4=100.0%, 8=0.0%, 16=0.0%, 32=0.0%, 64=0.0%, >=64=0.0%
     complete  : 0=0.0%, 4=100.0%, 8=0.0%, 16=0.0%, 32=0.0%, 64=0.0%, >=64=0.0%
     issued rwts: total=0,750921,0,0 short=0,0,0,0 dropped=0,0,0,0
     latency   : target=0, window=0, percentile=100.00%, depth=1
test_64kb_rwrite_5n3: (groupid=0, jobs=1): err= 0: pid=814453: Tue Sep  2 20:25:58 2025
  write: IOPS=25.3k, BW=99.0MiB/s (104MB/s)(2970MiB/30001msec); 0 zone resets
    clat (usec): min=20, max=7048, avg=38.51, stdev=26.31
     lat (usec): min=20, max=7048, avg=38.59, stdev=26.31
    clat percentiles (usec):
     |  1.00th=[   26],  5.00th=[   27], 10.00th=[   29], 20.00th=[   31],
     | 30.00th=[   33], 40.00th=[   35], 50.00th=[   38], 60.00th=[   41],
     | 70.00th=[   43], 80.00th=[   45], 90.00th=[   49], 95.00th=[   53],
     | 99.00th=[   67], 99.50th=[   74], 99.90th=[   92], 99.95th=[  121],
     | 99.99th=[  494]
   bw (  KiB/s): min=90800, max=111256, per=1.86%, avg=101305.08, stdev=4471.94, samples=60
   iops        : min=22700, max=27814, avg=25326.27, stdev=1117.98, samples=60
  lat (usec)   : 50=92.12%, 100=7.80%, 250=0.06%, 500=0.01%, 750=0.01%
  lat (usec)   : 1000=0.01%
  lat (msec)   : 2=0.01%, 4=0.01%, 10=0.01%
  cpu          : usr=2.77%, sys=15.76%, ctx=760276, majf=0, minf=168552
  IO depths    : 1=100.0%, 2=0.0%, 4=0.0%, 8=0.0%, 16=0.0%, 32=0.0%, >=64=0.0%
     submit    : 0=0.0%, 4=100.0%, 8=0.0%, 16=0.0%, 32=0.0%, 64=0.0%, >=64=0.0%
     complete  : 0=0.0%, 4=100.0%, 8=0.0%, 16=0.0%, 32=0.0%, 64=0.0%, >=64=0.0%
     issued rwts: total=0,760230,0,0 short=0,0,0,0 dropped=0,0,0,0
     latency   : target=0, window=0, percentile=100.00%, depth=1
test_64kb_rwrite_5n3: (groupid=0, jobs=1): err= 0: pid=814454: Tue Sep  2 20:25:58 2025
  write: IOPS=25.1k, BW=98.1MiB/s (103MB/s)(2942MiB/30000msec); 0 zone resets
    clat (usec): min=20, max=6965, avg=38.74, stdev=23.61
     lat (usec): min=20, max=6965, avg=38.82, stdev=23.61
    clat percentiles (usec):
     |  1.00th=[   26],  5.00th=[   27], 10.00th=[   29], 20.00th=[   31],
     | 30.00th=[   34], 40.00th=[   36], 50.00th=[   39], 60.00th=[   41],
     | 70.00th=[   43], 80.00th=[   45], 90.00th=[   49], 95.00th=[   53],
     | 99.00th=[   68], 99.50th=[   74], 99.90th=[   99], 99.95th=[  131],
     | 99.99th=[  445]
   bw (  KiB/s): min=93256, max=109272, per=1.85%, avg=100401.55, stdev=4058.92, samples=60
   iops        : min=23314, max=27318, avg=25100.37, stdev=1014.75, samples=60
  lat (usec)   : 50=91.90%, 100=8.00%, 250=0.08%, 500=0.01%, 750=0.01%
  lat (usec)   : 1000=0.01%
  lat (msec)   : 2=0.01%, 4=0.01%, 10=0.01%
  cpu          : usr=2.71%, sys=15.96%, ctx=753273, majf=0, minf=195022
  IO depths    : 1=100.0%, 2=0.0%, 4=0.0%, 8=0.0%, 16=0.0%, 32=0.0%, >=64=0.0%
     submit    : 0=0.0%, 4=100.0%, 8=0.0%, 16=0.0%, 32=0.0%, 64=0.0%, >=64=0.0%
     complete  : 0=0.0%, 4=100.0%, 8=0.0%, 16=0.0%, 32=0.0%, 64=0.0%, >=64=0.0%
     issued rwts: total=0,753207,0,0 short=0,0,0,0 dropped=0,0,0,0
     latency   : target=0, window=0, percentile=100.00%, depth=1
test_64kb_rwrite_5n3: (groupid=0, jobs=1): err= 0: pid=814455: Tue Sep  2 20:25:58 2025
  write: IOPS=25.0k, BW=97.8MiB/s (103MB/s)(2935MiB/30001msec); 0 zone resets
    clat (usec): min=20, max=7033, avg=38.95, stdev=24.20
     lat (usec): min=20, max=7033, avg=39.04, stdev=24.20
    clat percentiles (usec):
     |  1.00th=[   26],  5.00th=[   28], 10.00th=[   29], 20.00th=[   31],
     | 30.00th=[   34], 40.00th=[   36], 50.00th=[   39], 60.00th=[   42],
     | 70.00th=[   44], 80.00th=[   45], 90.00th=[   49], 95.00th=[   54],
     | 99.00th=[   67], 99.50th=[   74], 99.90th=[   91], 99.95th=[  114],
     | 99.99th=[  363]
   bw (  KiB/s): min=92040, max=108904, per=1.84%, avg=100190.22, stdev=3670.38, samples=60
   iops        : min=23010, max=27226, avg=25047.55, stdev=917.59, samples=60
  lat (usec)   : 50=91.69%, 100=8.24%, 250=0.05%, 500=0.01%, 750=0.01%
  lat (usec)   : 1000=0.01%
  lat (msec)   : 2=0.01%, 4=0.01%, 10=0.01%
  cpu          : usr=2.59%, sys=15.76%, ctx=751503, majf=0, minf=167822
  IO depths    : 1=100.0%, 2=0.0%, 4=0.0%, 8=0.0%, 16=0.0%, 32=0.0%, >=64=0.0%
     submit    : 0=0.0%, 4=100.0%, 8=0.0%, 16=0.0%, 32=0.0%, 64=0.0%, >=64=0.0%
     complete  : 0=0.0%, 4=100.0%, 8=0.0%, 16=0.0%, 32=0.0%, 64=0.0%, >=64=0.0%
     issued rwts: total=0,751454,0,0 short=0,0,0,0 dropped=0,0,0,0
     latency   : target=0, window=0, percentile=100.00%, depth=1
test_64kb_rwrite_5n3: (groupid=0, jobs=1): err= 0: pid=814456: Tue Sep  2 20:25:58 2025
  write: IOPS=25.3k, BW=98.9MiB/s (104MB/s)(2967MiB/30001msec); 0 zone resets
    clat (usec): min=20, max=6450, avg=38.47, stdev=25.51
     lat (usec): min=20, max=6450, avg=38.56, stdev=25.51
    clat percentiles (usec):
     |  1.00th=[   25],  5.00th=[   27], 10.00th=[   28], 20.00th=[   30],
     | 30.00th=[   32], 40.00th=[   35], 50.00th=[   38], 60.00th=[   41],
     | 70.00th=[   43], 80.00th=[   45], 90.00th=[   49], 95.00th=[   53],
     | 99.00th=[   68], 99.50th=[   74], 99.90th=[   95], 99.95th=[  125],
     | 99.99th=[  502]
   bw (  KiB/s): min=88840, max=113101, per=1.86%, avg=101282.40, stdev=4992.90, samples=60
   iops        : min=22210, max=28275, avg=25320.58, stdev=1248.22, samples=60
  lat (usec)   : 50=92.24%, 100=7.68%, 250=0.07%, 500=0.01%, 750=0.01%
  lat (usec)   : 1000=0.01%
  lat (msec)   : 2=0.01%, 4=0.01%, 10=0.01%
  cpu          : usr=2.95%, sys=15.67%, ctx=759752, majf=0, minf=170232
  IO depths    : 1=100.0%, 2=0.0%, 4=0.0%, 8=0.0%, 16=0.0%, 32=0.0%, >=64=0.0%
     submit    : 0=0.0%, 4=100.0%, 8=0.0%, 16=0.0%, 32=0.0%, 64=0.0%, >=64=0.0%
     complete  : 0=0.0%, 4=100.0%, 8=0.0%, 16=0.0%, 32=0.0%, 64=0.0%, >=64=0.0%
     issued rwts: total=0,759671,0,0 short=0,0,0,0 dropped=0,0,0,0
     latency   : target=0, window=0, percentile=100.00%, depth=1
test_64kb_rwrite_5n4: (groupid=0, jobs=1): err= 0: pid=814457: Tue Sep  2 20:25:58 2025
  write: IOPS=25.3k, BW=98.8MiB/s (104MB/s)(2965MiB/30001msec); 0 zone resets
    clat (usec): min=20, max=8740, avg=38.45, stdev=26.07
     lat (usec): min=21, max=8740, avg=38.53, stdev=26.07
    clat percentiles (usec):
     |  1.00th=[   26],  5.00th=[   27], 10.00th=[   29], 20.00th=[   31],
     | 30.00th=[   33], 40.00th=[   35], 50.00th=[   38], 60.00th=[   41],
     | 70.00th=[   43], 80.00th=[   45], 90.00th=[   49], 95.00th=[   53],
     | 99.00th=[   67], 99.50th=[   74], 99.90th=[   93], 99.95th=[  122],
     | 99.99th=[  383]
   bw (  KiB/s): min=91200, max=114352, per=1.86%, avg=101202.05, stdev=4063.53, samples=60
   iops        : min=22800, max=28588, avg=25300.50, stdev=1015.87, samples=60
  lat (usec)   : 50=92.22%, 100=7.71%, 250=0.06%, 500=0.01%, 750=0.01%
  lat (usec)   : 1000=0.01%
  lat (msec)   : 2=0.01%, 4=0.01%, 10=0.01%
  cpu          : usr=2.72%, sys=16.11%, ctx=759153, majf=0, minf=190020
  IO depths    : 1=100.0%, 2=0.0%, 4=0.0%, 8=0.0%, 16=0.0%, 32=0.0%, >=64=0.0%
     submit    : 0=0.0%, 4=100.0%, 8=0.0%, 16=0.0%, 32=0.0%, 64=0.0%, >=64=0.0%
     complete  : 0=0.0%, 4=100.0%, 8=0.0%, 16=0.0%, 32=0.0%, 64=0.0%, >=64=0.0%
     issued rwts: total=0,759092,0,0 short=0,0,0,0 dropped=0,0,0,0
     latency   : target=0, window=0, percentile=100.00%, depth=1
test_64kb_rwrite_5n4: (groupid=0, jobs=1): err= 0: pid=814458: Tue Sep  2 20:25:58 2025
  write: IOPS=25.2k, BW=98.4MiB/s (103MB/s)(2953MiB/30001msec); 0 zone resets
    clat (usec): min=20, max=7665, avg=38.59, stdev=23.25
     lat (usec): min=20, max=7665, avg=38.68, stdev=23.25
    clat percentiles (usec):
     |  1.00th=[   26],  5.00th=[   27], 10.00th=[   28], 20.00th=[   30],
     | 30.00th=[   33], 40.00th=[   35], 50.00th=[   38], 60.00th=[   41],
     | 70.00th=[   43], 80.00th=[   45], 90.00th=[   49], 95.00th=[   53],
     | 99.00th=[   69], 99.50th=[   75], 99.90th=[   97], 99.95th=[  128],
     | 99.99th=[  392]
   bw (  KiB/s): min=87333, max=114160, per=1.85%, avg=100768.12, stdev=5327.28, samples=60
   iops        : min=21833, max=28540, avg=25191.98, stdev=1331.84, samples=60
  lat (usec)   : 50=92.07%, 100=7.84%, 250=0.07%, 500=0.01%, 750=0.01%
  lat (usec)   : 1000=0.01%
  lat (msec)   : 2=0.01%, 4=0.01%, 10=0.01%
  cpu          : usr=2.85%, sys=15.96%, ctx=756080, majf=0, minf=195921
  IO depths    : 1=100.0%, 2=0.0%, 4=0.0%, 8=0.0%, 16=0.0%, 32=0.0%, >=64=0.0%
     submit    : 0=0.0%, 4=100.0%, 8=0.0%, 16=0.0%, 32=0.0%, 64=0.0%, >=64=0.0%
     complete  : 0=0.0%, 4=100.0%, 8=0.0%, 16=0.0%, 32=0.0%, 64=0.0%, >=64=0.0%
     issued rwts: total=0,756004,0,0 short=0,0,0,0 dropped=0,0,0,0
     latency   : target=0, window=0, percentile=100.00%, depth=1
test_64kb_rwrite_5n4: (groupid=0, jobs=1): err= 0: pid=814459: Tue Sep  2 20:25:58 2025
  write: IOPS=25.0k, BW=97.7MiB/s (102MB/s)(2932MiB/30001msec); 0 zone resets
    clat (usec): min=20, max=6062, avg=38.98, stdev=21.92
     lat (usec): min=20, max=6062, avg=39.07, stdev=21.92
    clat percentiles (usec):
     |  1.00th=[   26],  5.00th=[   28], 10.00th=[   29], 20.00th=[   31],
     | 30.00th=[   34], 40.00th=[   36], 50.00th=[   39], 60.00th=[   42],
     | 70.00th=[   44], 80.00th=[   45], 90.00th=[   49], 95.00th=[   53],
     | 99.00th=[   67], 99.50th=[   74], 99.90th=[   92], 99.95th=[  119],
     | 99.99th=[  334]
   bw (  KiB/s): min=91266, max=109296, per=1.84%, avg=100060.88, stdev=3823.67, samples=60
   iops        : min=22816, max=27324, avg=25015.20, stdev=955.94, samples=60
  lat (usec)   : 50=91.68%, 100=8.25%, 250=0.06%, 500=0.01%, 750=0.01%
  lat (usec)   : 1000=0.01%
  lat (msec)   : 2=0.01%, 4=0.01%, 10=0.01%
  cpu          : usr=2.92%, sys=15.43%, ctx=750565, majf=0, minf=172971
  IO depths    : 1=100.0%, 2=0.0%, 4=0.0%, 8=0.0%, 16=0.0%, 32=0.0%, >=64=0.0%
     submit    : 0=0.0%, 4=100.0%, 8=0.0%, 16=0.0%, 32=0.0%, 64=0.0%, >=64=0.0%
     complete  : 0=0.0%, 4=100.0%, 8=0.0%, 16=0.0%, 32=0.0%, 64=0.0%, >=64=0.0%
     issued rwts: total=0,750527,0,0 short=0,0,0,0 dropped=0,0,0,0
     latency   : target=0, window=0, percentile=100.00%, depth=1
test_64kb_rwrite_5n4: (groupid=0, jobs=1): err= 0: pid=814460: Tue Sep  2 20:25:58 2025
  write: IOPS=25.2k, BW=98.4MiB/s (103MB/s)(2952MiB/30000msec); 0 zone resets
    clat (usec): min=20, max=3972, avg=38.71, stdev=23.75
     lat (usec): min=20, max=3972, avg=38.80, stdev=23.75
    clat percentiles (usec):
     |  1.00th=[   25],  5.00th=[   27], 10.00th=[   28], 20.00th=[   30],
     | 30.00th=[   33], 40.00th=[   36], 50.00th=[   39], 60.00th=[   42],
     | 70.00th=[   44], 80.00th=[   45], 90.00th=[   49], 95.00th=[   53],
     | 99.00th=[   68], 99.50th=[   75], 99.90th=[   95], 99.95th=[  128],
     | 99.99th=[  519]
   bw (  KiB/s): min=91040, max=112096, per=1.85%, avg=100725.32, stdev=5451.17, samples=60
   iops        : min=22760, max=28024, avg=25181.30, stdev=1362.80, samples=60
  lat (usec)   : 50=91.94%, 100=7.97%, 250=0.07%, 500=0.01%, 750=0.01%
  lat (usec)   : 1000=0.01%
  lat (msec)   : 2=0.01%, 4=0.01%
  cpu          : usr=2.70%, sys=15.65%, ctx=755894, majf=0, minf=168290
  IO depths    : 1=100.0%, 2=0.0%, 4=0.0%, 8=0.0%, 16=0.0%, 32=0.0%, >=64=0.0%
     submit    : 0=0.0%, 4=100.0%, 8=0.0%, 16=0.0%, 32=0.0%, 64=0.0%, >=64=0.0%
     complete  : 0=0.0%, 4=100.0%, 8=0.0%, 16=0.0%, 32=0.0%, 64=0.0%, >=64=0.0%
     issued rwts: total=0,755800,0,0 short=0,0,0,0 dropped=0,0,0,0
     latency   : target=0, window=0, percentile=100.00%, depth=1
test_64kb_rwrite_5n4: (groupid=0, jobs=1): err= 0: pid=814461: Tue Sep  2 20:25:58 2025
  write: IOPS=25.0k, BW=97.6MiB/s (102MB/s)(2928MiB/30001msec); 0 zone resets
    clat (usec): min=20, max=7269, avg=39.00, stdev=27.54
     lat (usec): min=20, max=7269, avg=39.10, stdev=28.44
    clat percentiles (usec):
     |  1.00th=[   26],  5.00th=[   27], 10.00th=[   29], 20.00th=[   31],
     | 30.00th=[   33], 40.00th=[   36], 50.00th=[   39], 60.00th=[   42],
     | 70.00th=[   44], 80.00th=[   45], 90.00th=[   49], 95.00th=[   54],
     | 99.00th=[   69], 99.50th=[   76], 99.90th=[  104], 99.95th=[  139],
     | 99.99th=[  570]
   bw (  KiB/s): min=79112, max=112992, per=1.84%, avg=100071.81, stdev=5984.51, samples=59
   iops        : min=19778, max=28248, avg=25017.92, stdev=1496.15, samples=59
  lat (usec)   : 50=91.72%, 100=8.17%, 250=0.09%, 500=0.01%, 750=0.01%
  lat (usec)   : 1000=0.01%
  lat (msec)   : 2=0.01%, 4=0.01%, 10=0.01%
  cpu          : usr=2.62%, sys=15.79%, ctx=749590, majf=0, minf=181154
  IO depths    : 1=100.0%, 2=0.0%, 4=0.0%, 8=0.0%, 16=0.0%, 32=0.0%, >=64=0.0%
     submit    : 0=0.0%, 4=100.0%, 8=0.0%, 16=0.0%, 32=0.0%, 64=0.0%, >=64=0.0%
     complete  : 0=0.0%, 4=100.0%, 8=0.0%, 16=0.0%, 32=0.0%, 64=0.0%, >=64=0.0%
     issued rwts: total=0,749511,0,0 short=0,0,0,0 dropped=0,0,0,0
     latency   : target=0, window=0, percentile=100.00%, depth=1
test_64kb_rwrite_5n4: (groupid=0, jobs=1): err= 0: pid=814462: Tue Sep  2 20:25:58 2025
  write: IOPS=25.2k, BW=98.4MiB/s (103MB/s)(2953MiB/30001msec); 0 zone resets
    clat (usec): min=21, max=9269, avg=38.75, stdev=28.80
     lat (usec): min=21, max=9270, avg=38.84, stdev=28.80
    clat percentiles (usec):
     |  1.00th=[   26],  5.00th=[   28], 10.00th=[   29], 20.00th=[   31],
     | 30.00th=[   34], 40.00th=[   36], 50.00th=[   38], 60.00th=[   41],
     | 70.00th=[   43], 80.00th=[   45], 90.00th=[   49], 95.00th=[   53],
     | 99.00th=[   67], 99.50th=[   73], 99.90th=[   91], 99.95th=[  129],
     | 99.99th=[  515]
   bw (  KiB/s): min=88823, max=109384, per=1.85%, avg=100757.85, stdev=3592.54, samples=60
   iops        : min=22205, max=27346, avg=25189.42, stdev=898.20, samples=60
  lat (usec)   : 50=91.98%, 100=7.95%, 250=0.06%, 500=0.01%, 750=0.01%
  lat (usec)   : 1000=0.01%
  lat (msec)   : 2=0.01%, 4=0.01%, 10=0.01%
  cpu          : usr=2.75%, sys=15.56%, ctx=756055, majf=0, minf=158420
  IO depths    : 1=100.0%, 2=0.0%, 4=0.0%, 8=0.0%, 16=0.0%, 32=0.0%, >=64=0.0%
     submit    : 0=0.0%, 4=100.0%, 8=0.0%, 16=0.0%, 32=0.0%, 64=0.0%, >=64=0.0%
     complete  : 0=0.0%, 4=100.0%, 8=0.0%, 16=0.0%, 32=0.0%, 64=0.0%, >=64=0.0%
     issued rwts: total=0,756005,0,0 short=0,0,0,0 dropped=0,0,0,0
     latency   : target=0, window=0, percentile=100.00%, depth=1
test_64kb_rwrite_5n5: (groupid=0, jobs=1): err= 0: pid=814463: Tue Sep  2 20:25:58 2025
  write: IOPS=25.1k, BW=97.9MiB/s (103MB/s)(2938MiB/30001msec); 0 zone resets
    clat (usec): min=20, max=6759, avg=38.83, stdev=24.60
     lat (usec): min=20, max=6759, avg=38.92, stdev=24.60
    clat percentiles (usec):
     |  1.00th=[   26],  5.00th=[   27], 10.00th=[   29], 20.00th=[   31],
     | 30.00th=[   34], 40.00th=[   36], 50.00th=[   39], 60.00th=[   42],
     | 70.00th=[   44], 80.00th=[   45], 90.00th=[   49], 95.00th=[   53],
     | 99.00th=[   68], 99.50th=[   74], 99.90th=[   93], 99.95th=[  125],
     | 99.99th=[  367]
   bw (  KiB/s): min=92160, max=109856, per=1.85%, avg=100414.58, stdev=4169.72, samples=59
   iops        : min=23040, max=27464, avg=25103.63, stdev=1042.44, samples=59
  lat (usec)   : 50=91.99%, 100=7.93%, 250=0.07%, 500=0.01%, 750=0.01%
  lat (usec)   : 1000=0.01%
  lat (msec)   : 2=0.01%, 4=0.01%, 10=0.01%
  cpu          : usr=2.63%, sys=15.96%, ctx=752083, majf=0, minf=190289
  IO depths    : 1=100.0%, 2=0.0%, 4=0.0%, 8=0.0%, 16=0.0%, 32=0.0%, >=64=0.0%
     submit    : 0=0.0%, 4=100.0%, 8=0.0%, 16=0.0%, 32=0.0%, 64=0.0%, >=64=0.0%
     complete  : 0=0.0%, 4=100.0%, 8=0.0%, 16=0.0%, 32=0.0%, 64=0.0%, >=64=0.0%
     issued rwts: total=0,752025,0,0 short=0,0,0,0 dropped=0,0,0,0
     latency   : target=0, window=0, percentile=100.00%, depth=1
test_64kb_rwrite_5n5: (groupid=0, jobs=1): err= 0: pid=814464: Tue Sep  2 20:25:58 2025
  write: IOPS=25.4k, BW=99.1MiB/s (104MB/s)(2973MiB/30001msec); 0 zone resets
    clat (usec): min=20, max=7959, avg=38.56, stdev=26.93
     lat (usec): min=20, max=7959, avg=38.65, stdev=26.93
    clat percentiles (usec):
     |  1.00th=[   26],  5.00th=[   28], 10.00th=[   29], 20.00th=[   31],
     | 30.00th=[   34], 40.00th=[   35], 50.00th=[   38], 60.00th=[   41],
     | 70.00th=[   43], 80.00th=[   45], 90.00th=[   49], 95.00th=[   53],
     | 99.00th=[   67], 99.50th=[   74], 99.90th=[   95], 99.95th=[  127],
     | 99.99th=[  453]
   bw (  KiB/s): min=91984, max=112272, per=1.87%, avg=101409.93, stdev=4357.39, samples=60
   iops        : min=22996, max=28068, avg=25352.47, stdev=1089.30, samples=60
  lat (usec)   : 50=92.14%, 100=7.77%, 250=0.06%, 500=0.01%, 750=0.01%
  lat (usec)   : 1000=0.01%
  lat (msec)   : 2=0.01%, 4=0.01%, 10=0.01%
  cpu          : usr=2.63%, sys=15.72%, ctx=761056, majf=0, minf=151338
  IO depths    : 1=100.0%, 2=0.0%, 4=0.0%, 8=0.0%, 16=0.0%, 32=0.0%, >=64=0.0%
     submit    : 0=0.0%, 4=100.0%, 8=0.0%, 16=0.0%, 32=0.0%, 64=0.0%, >=64=0.0%
     complete  : 0=0.0%, 4=100.0%, 8=0.0%, 16=0.0%, 32=0.0%, 64=0.0%, >=64=0.0%
     issued rwts: total=0,760989,0,0 short=0,0,0,0 dropped=0,0,0,0
     latency   : target=0, window=0, percentile=100.00%, depth=1
test_64kb_rwrite_5n5: (groupid=0, jobs=1): err= 0: pid=814465: Tue Sep  2 20:25:58 2025
  write: IOPS=25.2k, BW=98.3MiB/s (103MB/s)(2950MiB/30000msec); 0 zone resets
    clat (usec): min=20, max=6961, avg=38.81, stdev=25.56
     lat (usec): min=20, max=6961, avg=38.90, stdev=25.56
    clat percentiles (usec):
     |  1.00th=[   26],  5.00th=[   28], 10.00th=[   29], 20.00th=[   31],
     | 30.00th=[   34], 40.00th=[   36], 50.00th=[   38], 60.00th=[   41],
     | 70.00th=[   43], 80.00th=[   45], 90.00th=[   49], 95.00th=[   53],
     | 99.00th=[   67], 99.50th=[   74], 99.90th=[   93], 99.95th=[  124],
     | 99.99th=[  400]
   bw (  KiB/s): min=89579, max=110352, per=1.85%, avg=100645.77, stdev=4528.01, samples=60
   iops        : min=22394, max=27588, avg=25161.38, stdev=1132.12, samples=60
  lat (usec)   : 50=91.87%, 100=8.05%, 250=0.06%, 500=0.01%, 750=0.01%
  lat (usec)   : 1000=0.01%
  lat (msec)   : 2=0.01%, 4=0.01%, 10=0.01%
  cpu          : usr=2.61%, sys=15.70%, ctx=755174, majf=0, minf=159468
  IO depths    : 1=100.0%, 2=0.0%, 4=0.0%, 8=0.0%, 16=0.0%, 32=0.0%, >=64=0.0%
     submit    : 0=0.0%, 4=100.0%, 8=0.0%, 16=0.0%, 32=0.0%, 64=0.0%, >=64=0.0%
     complete  : 0=0.0%, 4=100.0%, 8=0.0%, 16=0.0%, 32=0.0%, 64=0.0%, >=64=0.0%
     issued rwts: total=0,755085,0,0 short=0,0,0,0 dropped=0,0,0,0
     latency   : target=0, window=0, percentile=100.00%, depth=1
test_64kb_rwrite_5n5: (groupid=0, jobs=1): err= 0: pid=814466: Tue Sep  2 20:25:58 2025
  write: IOPS=25.3k, BW=98.8MiB/s (104MB/s)(2965MiB/30001msec); 0 zone resets
    clat (usec): min=20, max=4171, avg=38.62, stdev=26.12
     lat (usec): min=20, max=4171, avg=38.71, stdev=26.12
    clat percentiles (usec):
     |  1.00th=[   26],  5.00th=[   27], 10.00th=[   29], 20.00th=[   31],
     | 30.00th=[   33], 40.00th=[   35], 50.00th=[   38], 60.00th=[   41],
     | 70.00th=[   43], 80.00th=[   45], 90.00th=[   49], 95.00th=[   53],
     | 99.00th=[   67], 99.50th=[   74], 99.90th=[   94], 99.95th=[  129],
     | 99.99th=[  562]
   bw (  KiB/s): min=90880, max=111984, per=1.86%, avg=101178.98, stdev=4870.53, samples=60
   iops        : min=22720, max=27996, avg=25294.72, stdev=1217.64, samples=60
  lat (usec)   : 50=92.05%, 100=7.87%, 250=0.06%, 500=0.01%, 750=0.01%
  lat (usec)   : 1000=0.01%
  lat (msec)   : 2=0.01%, 4=0.01%, 10=0.01%
  cpu          : usr=2.83%, sys=15.57%, ctx=759020, majf=0, minf=153216
  IO depths    : 1=100.0%, 2=0.0%, 4=0.0%, 8=0.0%, 16=0.0%, 32=0.0%, >=64=0.0%
     submit    : 0=0.0%, 4=100.0%, 8=0.0%, 16=0.0%, 32=0.0%, 64=0.0%, >=64=0.0%
     complete  : 0=0.0%, 4=100.0%, 8=0.0%, 16=0.0%, 32=0.0%, 64=0.0%, >=64=0.0%
     issued rwts: total=0,758972,0,0 short=0,0,0,0 dropped=0,0,0,0
     latency   : target=0, window=0, percentile=100.00%, depth=1
test_64kb_rwrite_5n5: (groupid=0, jobs=1): err= 0: pid=814467: Tue Sep  2 20:25:58 2025
  write: IOPS=25.0k, BW=97.7MiB/s (102MB/s)(2933MiB/30008msec); 0 zone resets
    clat (usec): min=20, max=4573, avg=38.96, stdev=21.33
     lat (usec): min=20, max=4574, avg=39.05, stdev=21.33
    clat percentiles (usec):
     |  1.00th=[   26],  5.00th=[   28], 10.00th=[   29], 20.00th=[   31],
     | 30.00th=[   34], 40.00th=[   36], 50.00th=[   39], 60.00th=[   42],
     | 70.00th=[   44], 80.00th=[   45], 90.00th=[   49], 95.00th=[   54],
     | 99.00th=[   68], 99.50th=[   75], 99.90th=[  100], 99.95th=[  133],
     | 99.99th=[  359]
   bw (  KiB/s): min=85104, max=108584, per=1.85%, avg=100285.49, stdev=4853.56, samples=59
   iops        : min=21276, max=27146, avg=25071.36, stdev=1213.38, samples=59
  lat (usec)   : 50=91.54%, 100=8.36%, 250=0.08%, 500=0.01%, 750=0.01%
  lat (usec)   : 1000=0.01%
  lat (msec)   : 2=0.01%, 4=0.01%, 10=0.01%
  cpu          : usr=2.49%, sys=15.90%, ctx=750903, majf=0, minf=173373
  IO depths    : 1=100.0%, 2=0.0%, 4=0.0%, 8=0.0%, 16=0.0%, 32=0.0%, >=64=0.0%
     submit    : 0=0.0%, 4=100.0%, 8=0.0%, 16=0.0%, 32=0.0%, 64=0.0%, >=64=0.0%
     complete  : 0=0.0%, 4=100.0%, 8=0.0%, 16=0.0%, 32=0.0%, 64=0.0%, >=64=0.0%
     issued rwts: total=0,750820,0,0 short=0,0,0,0 dropped=0,0,0,0
     latency   : target=0, window=0, percentile=100.00%, depth=1
test_64kb_rwrite_5n5: (groupid=0, jobs=1): err= 0: pid=814468: Tue Sep  2 20:25:58 2025
  write: IOPS=25.2k, BW=98.5MiB/s (103MB/s)(2954MiB/30001msec); 0 zone resets
    clat (usec): min=20, max=4014, avg=38.56, stdev=17.76
     lat (usec): min=20, max=4014, avg=38.65, stdev=17.76
    clat percentiles (usec):
     |  1.00th=[   26],  5.00th=[   27], 10.00th=[   29], 20.00th=[   31],
     | 30.00th=[   34], 40.00th=[   36], 50.00th=[   38], 60.00th=[   41],
     | 70.00th=[   43], 80.00th=[   45], 90.00th=[   49], 95.00th=[   53],
     | 99.00th=[   67], 99.50th=[   73], 99.90th=[   92], 99.95th=[  118],
     | 99.99th=[  281]
   bw (  KiB/s): min=89045, max=110608, per=1.85%, avg=100781.47, stdev=4733.68, samples=60
   iops        : min=22261, max=27652, avg=25195.32, stdev=1183.42, samples=60
  lat (usec)   : 50=92.14%, 100=7.79%, 250=0.06%, 500=0.01%, 750=0.01%
  lat (usec)   : 1000=0.01%
  lat (msec)   : 2=0.01%, 4=0.01%, 10=0.01%
  cpu          : usr=2.81%, sys=15.97%, ctx=756181, majf=0, minf=193702
  IO depths    : 1=100.0%, 2=0.0%, 4=0.0%, 8=0.0%, 16=0.0%, 32=0.0%, >=64=0.0%
     submit    : 0=0.0%, 4=100.0%, 8=0.0%, 16=0.0%, 32=0.0%, 64=0.0%, >=64=0.0%
     complete  : 0=0.0%, 4=100.0%, 8=0.0%, 16=0.0%, 32=0.0%, 64=0.0%, >=64=0.0%
     issued rwts: total=0,756125,0,0 short=0,0,0,0 dropped=0,0,0,0
     latency   : target=0, window=0, percentile=100.00%, depth=1
test_64kb_rwrite_5n6: (groupid=0, jobs=1): err= 0: pid=814469: Tue Sep  2 20:25:58 2025
  write: IOPS=25.4k, BW=99.0MiB/s (104MB/s)(2972MiB/30001msec); 0 zone resets
    clat (usec): min=20, max=7230, avg=38.49, stdev=27.76
     lat (usec): min=20, max=7230, avg=38.59, stdev=28.16
    clat percentiles (usec):
     |  1.00th=[   25],  5.00th=[   27], 10.00th=[   28], 20.00th=[   30],
     | 30.00th=[   32], 40.00th=[   35], 50.00th=[   38], 60.00th=[   41],
     | 70.00th=[   43], 80.00th=[   45], 90.00th=[   49], 95.00th=[   53],
     | 99.00th=[   69], 99.50th=[   76], 99.90th=[  106], 99.95th=[  137],
     | 99.99th=[  474]
   bw (  KiB/s): min=83184, max=120536, per=1.87%, avg=101563.49, stdev=5959.62, samples=59
   iops        : min=20796, max=30134, avg=25390.86, stdev=1489.91, samples=59
  lat (usec)   : 50=92.01%, 100=7.87%, 250=0.10%, 500=0.01%, 750=0.01%
  lat (usec)   : 1000=0.01%
  lat (msec)   : 2=0.01%, 4=0.01%, 10=0.01%
  cpu          : usr=2.71%, sys=15.65%, ctx=760782, majf=0, minf=168807
  IO depths    : 1=100.0%, 2=0.0%, 4=0.0%, 8=0.0%, 16=0.0%, 32=0.0%, >=64=0.0%
     submit    : 0=0.0%, 4=100.0%, 8=0.0%, 16=0.0%, 32=0.0%, 64=0.0%, >=64=0.0%
     complete  : 0=0.0%, 4=100.0%, 8=0.0%, 16=0.0%, 32=0.0%, 64=0.0%, >=64=0.0%
     issued rwts: total=0,760722,0,0 short=0,0,0,0 dropped=0,0,0,0
     latency   : target=0, window=0, percentile=100.00%, depth=1
test_64kb_rwrite_5n6: (groupid=0, jobs=1): err= 0: pid=814470: Tue Sep  2 20:25:58 2025
  write: IOPS=25.2k, BW=98.6MiB/s (103MB/s)(2959MiB/30001msec); 0 zone resets
    clat (usec): min=20, max=6299, avg=38.66, stdev=26.26
     lat (usec): min=20, max=6299, avg=38.75, stdev=26.26
    clat percentiles (usec):
     |  1.00th=[   26],  5.00th=[   28], 10.00th=[   29], 20.00th=[   31],
     | 30.00th=[   34], 40.00th=[   36], 50.00th=[   38], 60.00th=[   41],
     | 70.00th=[   43], 80.00th=[   45], 90.00th=[   49], 95.00th=[   53],
     | 99.00th=[   66], 99.50th=[   73], 99.90th=[   91], 99.95th=[  120],
     | 99.99th=[  367]
   bw (  KiB/s): min=93824, max=110320, per=1.86%, avg=100906.42, stdev=3917.24, samples=60
   iops        : min=23456, max=27580, avg=25226.58, stdev=979.33, samples=60
  lat (usec)   : 50=91.94%, 100=7.99%, 250=0.05%, 500=0.01%, 750=0.01%
  lat (usec)   : 1000=0.01%
  lat (msec)   : 2=0.01%, 4=0.01%, 10=0.01%
  cpu          : usr=2.83%, sys=15.59%, ctx=757604, majf=0, minf=163633
  IO depths    : 1=100.0%, 2=0.0%, 4=0.0%, 8=0.0%, 16=0.0%, 32=0.0%, >=64=0.0%
     submit    : 0=0.0%, 4=100.0%, 8=0.0%, 16=0.0%, 32=0.0%, 64=0.0%, >=64=0.0%
     complete  : 0=0.0%, 4=100.0%, 8=0.0%, 16=0.0%, 32=0.0%, 64=0.0%, >=64=0.0%
     issued rwts: total=0,757508,0,0 short=0,0,0,0 dropped=0,0,0,0
     latency   : target=0, window=0, percentile=100.00%, depth=1
test_64kb_rwrite_5n6: (groupid=0, jobs=1): err= 0: pid=814471: Tue Sep  2 20:25:58 2025
  write: IOPS=25.0k, BW=97.6MiB/s (102MB/s)(2930MiB/30001msec); 0 zone resets
    clat (usec): min=20, max=3995, avg=39.06, stdev=22.10
     lat (usec): min=21, max=3995, avg=39.15, stdev=22.10
    clat percentiles (usec):
     |  1.00th=[   26],  5.00th=[   28], 10.00th=[   29], 20.00th=[   31],
     | 30.00th=[   34], 40.00th=[   36], 50.00th=[   39], 60.00th=[   42],
     | 70.00th=[   44], 80.00th=[   45], 90.00th=[   49], 95.00th=[   54],
     | 99.00th=[   67], 99.50th=[   74], 99.90th=[   91], 99.95th=[  135],
     | 99.99th=[  465]
   bw (  KiB/s): min=92032, max=109416, per=1.84%, avg=99984.02, stdev=4185.49, samples=60
   iops        : min=23008, max=27354, avg=24995.97, stdev=1046.35, samples=60
  lat (usec)   : 50=91.62%, 100=8.30%, 250=0.06%, 500=0.01%, 750=0.01%
  lat (usec)   : 1000=0.01%
  lat (msec)   : 2=0.01%, 4=0.01%
  cpu          : usr=2.61%, sys=15.54%, ctx=750018, majf=0, minf=158110
  IO depths    : 1=100.0%, 2=0.0%, 4=0.0%, 8=0.0%, 16=0.0%, 32=0.0%, >=64=0.0%
     submit    : 0=0.0%, 4=100.0%, 8=0.0%, 16=0.0%, 32=0.0%, 64=0.0%, >=64=0.0%
     complete  : 0=0.0%, 4=100.0%, 8=0.0%, 16=0.0%, 32=0.0%, 64=0.0%, >=64=0.0%
     issued rwts: total=0,749960,0,0 short=0,0,0,0 dropped=0,0,0,0
     latency   : target=0, window=0, percentile=100.00%, depth=1
test_64kb_rwrite_5n6: (groupid=0, jobs=1): err= 0: pid=814472: Tue Sep  2 20:25:58 2025
  write: IOPS=25.2k, BW=98.6MiB/s (103MB/s)(2958MiB/30000msec); 0 zone resets
    clat (usec): min=20, max=7042, avg=38.73, stdev=26.04
     lat (usec): min=20, max=7042, avg=38.82, stdev=26.04
    clat percentiles (usec):
     |  1.00th=[   26],  5.00th=[   28], 10.00th=[   29], 20.00th=[   31],
     | 30.00th=[   34], 40.00th=[   36], 50.00th=[   38], 60.00th=[   41],
     | 70.00th=[   43], 80.00th=[   45], 90.00th=[   49], 95.00th=[   53],
     | 99.00th=[   67], 99.50th=[   73], 99.90th=[   90], 99.95th=[  115],
     | 99.99th=[  449]
   bw (  KiB/s): min=91416, max=110168, per=1.86%, avg=100941.48, stdev=4298.85, samples=60
   iops        : min=22854, max=27542, avg=25235.35, stdev=1074.70, samples=60
  lat (usec)   : 50=91.92%, 100=8.01%, 250=0.05%, 500=0.01%, 750=0.01%
  lat (usec)   : 1000=0.01%
  lat (msec)   : 2=0.01%, 4=0.01%, 10=0.01%
  cpu          : usr=2.68%, sys=15.63%, ctx=757293, majf=0, minf=152700
  IO depths    : 1=100.0%, 2=0.0%, 4=0.0%, 8=0.0%, 16=0.0%, 32=0.0%, >=64=0.0%
     submit    : 0=0.0%, 4=100.0%, 8=0.0%, 16=0.0%, 32=0.0%, 64=0.0%, >=64=0.0%
     complete  : 0=0.0%, 4=100.0%, 8=0.0%, 16=0.0%, 32=0.0%, 64=0.0%, >=64=0.0%
     issued rwts: total=0,757190,0,0 short=0,0,0,0 dropped=0,0,0,0
     latency   : target=0, window=0, percentile=100.00%, depth=1
test_64kb_rwrite_5n6: (groupid=0, jobs=1): err= 0: pid=814473: Tue Sep  2 20:25:58 2025
  write: IOPS=24.9k, BW=97.4MiB/s (102MB/s)(2922MiB/30000msec); 0 zone resets
    clat (usec): min=20, max=4839, avg=39.12, stdev=21.97
     lat (usec): min=21, max=4839, avg=39.21, stdev=21.97
    clat percentiles (usec):
     |  1.00th=[   26],  5.00th=[   28], 10.00th=[   29], 20.00th=[   32],
     | 30.00th=[   34], 40.00th=[   36], 50.00th=[   39], 60.00th=[   42],
     | 70.00th=[   44], 80.00th=[   45], 90.00th=[   49], 95.00th=[   54],
     | 99.00th=[   67], 99.50th=[   74], 99.90th=[   92], 99.95th=[  124],
     | 99.99th=[  388]
   bw (  KiB/s): min=91456, max=109240, per=1.84%, avg=99988.44, stdev=3770.48, samples=59
   iops        : min=22864, max=27310, avg=24997.08, stdev=942.61, samples=59
  lat (usec)   : 50=91.55%, 100=8.37%, 250=0.06%, 500=0.01%, 750=0.01%
  lat (usec)   : 1000=0.01%
  lat (msec)   : 2=0.01%, 4=0.01%, 10=0.01%
  cpu          : usr=2.76%, sys=15.45%, ctx=748189, majf=0, minf=171103
  IO depths    : 1=100.0%, 2=0.0%, 4=0.0%, 8=0.0%, 16=0.0%, 32=0.0%, >=64=0.0%
     submit    : 0=0.0%, 4=100.0%, 8=0.0%, 16=0.0%, 32=0.0%, 64=0.0%, >=64=0.0%
     complete  : 0=0.0%, 4=100.0%, 8=0.0%, 16=0.0%, 32=0.0%, 64=0.0%, >=64=0.0%
     issued rwts: total=0,748145,0,0 short=0,0,0,0 dropped=0,0,0,0
     latency   : target=0, window=0, percentile=100.00%, depth=1
test_64kb_rwrite_5n6: (groupid=0, jobs=1): err= 0: pid=814474: Tue Sep  2 20:25:58 2025
  write: IOPS=25.1k, BW=98.0MiB/s (103MB/s)(2941MiB/30001msec); 0 zone resets
    clat (usec): min=20, max=6374, avg=38.98, stdev=25.40
     lat (usec): min=20, max=6374, avg=39.07, stdev=25.40
    clat percentiles (usec):
     |  1.00th=[   26],  5.00th=[   28], 10.00th=[   29], 20.00th=[   31],
     | 30.00th=[   34], 40.00th=[   36], 50.00th=[   39], 60.00th=[   42],
     | 70.00th=[   44], 80.00th=[   45], 90.00th=[   49], 95.00th=[   54],
     | 99.00th=[   68], 99.50th=[   74], 99.90th=[   95], 99.95th=[  127],
     | 99.99th=[  469]
   bw (  KiB/s): min=87172, max=108792, per=1.85%, avg=100386.05, stdev=4246.70, samples=60
   iops        : min=21793, max=27198, avg=25096.50, stdev=1061.68, samples=60
  lat (usec)   : 50=91.41%, 100=8.51%, 250=0.06%, 500=0.01%, 750=0.01%
  lat (usec)   : 1000=0.01%
  lat (msec)   : 2=0.01%, 4=0.01%, 10=0.01%
  cpu          : usr=2.62%, sys=15.55%, ctx=753072, majf=0, minf=148242
  IO depths    : 1=100.0%, 2=0.0%, 4=0.0%, 8=0.0%, 16=0.0%, 32=0.0%, >=64=0.0%
     submit    : 0=0.0%, 4=100.0%, 8=0.0%, 16=0.0%, 32=0.0%, 64=0.0%, >=64=0.0%
     complete  : 0=0.0%, 4=100.0%, 8=0.0%, 16=0.0%, 32=0.0%, 64=0.0%, >=64=0.0%
     issued rwts: total=0,753011,0,0 short=0,0,0,0 dropped=0,0,0,0
     latency   : target=0, window=0, percentile=100.00%, depth=1
test_64kb_rwrite_5n7: (groupid=0, jobs=1): err= 0: pid=814475: Tue Sep  2 20:25:58 2025
  write: IOPS=25.0k, BW=97.8MiB/s (103MB/s)(2933MiB/30001msec); 0 zone resets
    clat (usec): min=20, max=5369, avg=38.98, stdev=25.40
     lat (usec): min=20, max=5372, avg=39.07, stdev=25.40
    clat percentiles (usec):
     |  1.00th=[   26],  5.00th=[   27], 10.00th=[   28], 20.00th=[   31],
     | 30.00th=[   33], 40.00th=[   36], 50.00th=[   39], 60.00th=[   42],
     | 70.00th=[   44], 80.00th=[   45], 90.00th=[   49], 95.00th=[   54],
     | 99.00th=[   69], 99.50th=[   75], 99.90th=[   97], 99.95th=[  141],
     | 99.99th=[  486]
   bw (  KiB/s): min=88720, max=112072, per=1.84%, avg=100100.53, stdev=4264.28, samples=60
   iops        : min=22180, max=28018, avg=25025.10, stdev=1066.07, samples=60
  lat (usec)   : 50=91.71%, 100=8.20%, 250=0.07%, 500=0.01%, 750=0.01%
  lat (usec)   : 1000=0.01%
  lat (msec)   : 2=0.01%, 4=0.01%, 10=0.01%
  cpu          : usr=2.75%, sys=15.48%, ctx=750893, majf=0, minf=166650
  IO depths    : 1=100.0%, 2=0.0%, 4=0.0%, 8=0.0%, 16=0.0%, 32=0.0%, >=64=0.0%
     submit    : 0=0.0%, 4=100.0%, 8=0.0%, 16=0.0%, 32=0.0%, 64=0.0%, >=64=0.0%
     complete  : 0=0.0%, 4=100.0%, 8=0.0%, 16=0.0%, 32=0.0%, 64=0.0%, >=64=0.0%
     issued rwts: total=0,750854,0,0 short=0,0,0,0 dropped=0,0,0,0
     latency   : target=0, window=0, percentile=100.00%, depth=1
test_64kb_rwrite_5n7: (groupid=0, jobs=1): err= 0: pid=814476: Tue Sep  2 20:25:58 2025
  write: IOPS=25.1k, BW=97.9MiB/s (103MB/s)(2937MiB/30001msec); 0 zone resets
    clat (usec): min=20, max=7380, avg=38.95, stdev=21.48
     lat (usec): min=20, max=7380, avg=39.04, stdev=21.48
    clat percentiles (usec):
     |  1.00th=[   26],  5.00th=[   28], 10.00th=[   29], 20.00th=[   31],
     | 30.00th=[   34], 40.00th=[   36], 50.00th=[   39], 60.00th=[   42],
     | 70.00th=[   44], 80.00th=[   45], 90.00th=[   49], 95.00th=[   53],
     | 99.00th=[   67], 99.50th=[   74], 99.90th=[   91], 99.95th=[  118],
     | 99.99th=[  371]
   bw (  KiB/s): min=88480, max=109112, per=1.84%, avg=100229.38, stdev=4492.82, samples=60
   iops        : min=22120, max=27278, avg=25057.32, stdev=1123.22, samples=60
  lat (usec)   : 50=91.80%, 100=8.13%, 250=0.05%, 500=0.01%, 750=0.01%
  lat (usec)   : 1000=0.01%
  lat (msec)   : 2=0.01%, 4=0.01%, 10=0.01%
  cpu          : usr=2.76%, sys=15.51%, ctx=751868, majf=0, minf=165221
  IO depths    : 1=100.0%, 2=0.0%, 4=0.0%, 8=0.0%, 16=0.0%, 32=0.0%, >=64=0.0%
     submit    : 0=0.0%, 4=100.0%, 8=0.0%, 16=0.0%, 32=0.0%, 64=0.0%, >=64=0.0%
     complete  : 0=0.0%, 4=100.0%, 8=0.0%, 16=0.0%, 32=0.0%, 64=0.0%, >=64=0.0%
     issued rwts: total=0,751820,0,0 short=0,0,0,0 dropped=0,0,0,0
     latency   : target=0, window=0, percentile=100.00%, depth=1
test_64kb_rwrite_5n7: (groupid=0, jobs=1): err= 0: pid=814477: Tue Sep  2 20:25:58 2025
  write: IOPS=25.1k, BW=98.1MiB/s (103MB/s)(2943MiB/30001msec); 0 zone resets
    clat (usec): min=20, max=7767, avg=38.82, stdev=24.60
     lat (usec): min=20, max=7767, avg=38.91, stdev=24.60
    clat percentiles (usec):
     |  1.00th=[   26],  5.00th=[   28], 10.00th=[   29], 20.00th=[   31],
     | 30.00th=[   34], 40.00th=[   36], 50.00th=[   39], 60.00th=[   41],
     | 70.00th=[   43], 80.00th=[   45], 90.00th=[   49], 95.00th=[   53],
     | 99.00th=[   67], 99.50th=[   73], 99.90th=[   92], 99.95th=[  118],
     | 99.99th=[  293]
   bw (  KiB/s): min=83632, max=113400, per=1.85%, avg=100444.78, stdev=5580.53, samples=60
   iops        : min=20908, max=28350, avg=25111.18, stdev=1395.16, samples=60
  lat (usec)   : 50=91.94%, 100=7.99%, 250=0.06%, 500=0.01%, 750=0.01%
  lat (usec)   : 1000=0.01%
  lat (msec)   : 2=0.01%, 4=0.01%, 10=0.01%
  cpu          : usr=3.04%, sys=15.42%, ctx=753550, majf=0, minf=168977
  IO depths    : 1=100.0%, 2=0.0%, 4=0.0%, 8=0.0%, 16=0.0%, 32=0.0%, >=64=0.0%
     submit    : 0=0.0%, 4=100.0%, 8=0.0%, 16=0.0%, 32=0.0%, 64=0.0%, >=64=0.0%
     complete  : 0=0.0%, 4=100.0%, 8=0.0%, 16=0.0%, 32=0.0%, 64=0.0%, >=64=0.0%
     issued rwts: total=0,753493,0,0 short=0,0,0,0 dropped=0,0,0,0
     latency   : target=0, window=0, percentile=100.00%, depth=1
test_64kb_rwrite_5n7: (groupid=0, jobs=1): err= 0: pid=814478: Tue Sep  2 20:25:58 2025
  write: IOPS=24.8k, BW=97.1MiB/s (102MB/s)(2912MiB/30001msec); 0 zone resets
    clat (usec): min=20, max=5334, avg=39.29, stdev=23.77
     lat (usec): min=20, max=5334, avg=39.38, stdev=23.77
    clat percentiles (usec):
     |  1.00th=[   26],  5.00th=[   27], 10.00th=[   29], 20.00th=[   31],
     | 30.00th=[   34], 40.00th=[   37], 50.00th=[   40], 60.00th=[   42],
     | 70.00th=[   44], 80.00th=[   46], 90.00th=[   49], 95.00th=[   54],
     | 99.00th=[   69], 99.50th=[   75], 99.90th=[   97], 99.95th=[  133],
     | 99.99th=[  465]
   bw (  KiB/s): min=88360, max=114752, per=1.83%, avg=99359.10, stdev=5053.23, samples=60
   iops        : min=22090, max=28688, avg=24839.75, stdev=1263.32, samples=60
  lat (usec)   : 50=91.50%, 100=8.41%, 250=0.07%, 500=0.01%, 750=0.01%
  lat (usec)   : 1000=0.01%
  lat (msec)   : 2=0.01%, 4=0.01%, 10=0.01%
  cpu          : usr=2.73%, sys=15.31%, ctx=745436, majf=0, minf=170624
  IO depths    : 1=100.0%, 2=0.0%, 4=0.0%, 8=0.0%, 16=0.0%, 32=0.0%, >=64=0.0%
     submit    : 0=0.0%, 4=100.0%, 8=0.0%, 16=0.0%, 32=0.0%, 64=0.0%, >=64=0.0%
     complete  : 0=0.0%, 4=100.0%, 8=0.0%, 16=0.0%, 32=0.0%, 64=0.0%, >=64=0.0%
     issued rwts: total=0,745386,0,0 short=0,0,0,0 dropped=0,0,0,0
     latency   : target=0, window=0, percentile=100.00%, depth=1
test_64kb_rwrite_5n7: (groupid=0, jobs=1): err= 0: pid=814479: Tue Sep  2 20:25:58 2025
  write: IOPS=25.0k, BW=97.7MiB/s (102MB/s)(2932MiB/30001msec); 0 zone resets
    clat (usec): min=19, max=8393, avg=38.96, stdev=26.60
     lat (usec): min=19, max=8393, avg=39.05, stdev=26.60
    clat percentiles (usec):
     |  1.00th=[   26],  5.00th=[   28], 10.00th=[   29], 20.00th=[   31],
     | 30.00th=[   34], 40.00th=[   36], 50.00th=[   39], 60.00th=[   42],
     | 70.00th=[   43], 80.00th=[   45], 90.00th=[   49], 95.00th=[   53],
     | 99.00th=[   67], 99.50th=[   74], 99.90th=[   91], 99.95th=[  118],
     | 99.99th=[  351]
   bw (  KiB/s): min=85952, max=108192, per=1.84%, avg=100065.77, stdev=4394.87, samples=60
   iops        : min=21488, max=27048, avg=25016.43, stdev=1098.72, samples=60
  lat (usec)   : 20=0.01%, 50=91.82%, 100=8.11%, 250=0.06%, 500=0.01%
  lat (usec)   : 750=0.01%, 1000=0.01%
  lat (msec)   : 2=0.01%, 4=0.01%, 10=0.01%
  cpu          : usr=2.75%, sys=15.64%, ctx=750646, majf=0, minf=172116
  IO depths    : 1=100.0%, 2=0.0%, 4=0.0%, 8=0.0%, 16=0.0%, 32=0.0%, >=64=0.0%
     submit    : 0=0.0%, 4=100.0%, 8=0.0%, 16=0.0%, 32=0.0%, 64=0.0%, >=64=0.0%
     complete  : 0=0.0%, 4=100.0%, 8=0.0%, 16=0.0%, 32=0.0%, 64=0.0%, >=64=0.0%
     issued rwts: total=0,750595,0,0 short=0,0,0,0 dropped=0,0,0,0
     latency   : target=0, window=0, percentile=100.00%, depth=1
test_64kb_rwrite_5n7: (groupid=0, jobs=1): err= 0: pid=814480: Tue Sep  2 20:25:58 2025
  write: IOPS=24.9k, BW=97.2MiB/s (102MB/s)(2918MiB/30001msec); 0 zone resets
    clat (usec): min=20, max=4436, avg=39.12, stdev=21.33
     lat (usec): min=20, max=4436, avg=39.21, stdev=21.33
    clat percentiles (usec):
     |  1.00th=[   26],  5.00th=[   28], 10.00th=[   29], 20.00th=[   31],
     | 30.00th=[   34], 40.00th=[   36], 50.00th=[   40], 60.00th=[   42],
     | 70.00th=[   44], 80.00th=[   45], 90.00th=[   49], 95.00th=[   54],
     | 99.00th=[   69], 99.50th=[   75], 99.90th=[  101], 99.95th=[  141],
     | 99.99th=[  469]
   bw (  KiB/s): min=89964, max=110712, per=1.83%, avg=99563.38, stdev=4926.41, samples=60
   iops        : min=22491, max=27678, avg=24890.83, stdev=1231.62, samples=60
  lat (usec)   : 50=91.75%, 100=8.14%, 250=0.08%, 500=0.01%, 750=0.01%
  lat (usec)   : 1000=0.01%
  lat (msec)   : 2=0.01%, 4=0.01%, 10=0.01%
  cpu          : usr=2.74%, sys=15.62%, ctx=746935, majf=0, minf=184054
  IO depths    : 1=100.0%, 2=0.0%, 4=0.0%, 8=0.0%, 16=0.0%, 32=0.0%, >=64=0.0%
     submit    : 0=0.0%, 4=100.0%, 8=0.0%, 16=0.0%, 32=0.0%, 64=0.0%, >=64=0.0%
     complete  : 0=0.0%, 4=100.0%, 8=0.0%, 16=0.0%, 32=0.0%, 64=0.0%, >=64=0.0%
     issued rwts: total=0,746887,0,0 short=0,0,0,0 dropped=0,0,0,0
     latency   : target=0, window=0, percentile=100.00%, depth=1
test_64kb_rwrite_5n8: (groupid=0, jobs=1): err= 0: pid=814481: Tue Sep  2 20:25:58 2025
  write: IOPS=25.2k, BW=98.3MiB/s (103MB/s)(2949MiB/30001msec); 0 zone resets
    clat (usec): min=21, max=6536, avg=38.87, stdev=23.08
     lat (usec): min=21, max=6536, avg=38.97, stdev=23.08
    clat percentiles (usec):
     |  1.00th=[   25],  5.00th=[   27], 10.00th=[   28], 20.00th=[   30],
     | 30.00th=[   33], 40.00th=[   36], 50.00th=[   39], 60.00th=[   42],
     | 70.00th=[   44], 80.00th=[   45], 90.00th=[   49], 95.00th=[   54],
     | 99.00th=[   69], 99.50th=[   75], 99.90th=[  101], 99.95th=[  137],
     | 99.99th=[  429]
   bw (  KiB/s): min=92240, max=113456, per=1.85%, avg=100672.42, stdev=4717.34, samples=59
   iops        : min=23060, max=28364, avg=25168.08, stdev=1179.33, samples=59
  lat (usec)   : 50=91.73%, 100=8.17%, 250=0.08%, 500=0.01%, 750=0.01%
  lat (usec)   : 1000=0.01%
  lat (msec)   : 2=0.01%, 4=0.01%, 10=0.01%
  cpu          : usr=2.57%, sys=15.53%, ctx=755002, majf=0, minf=153428
  IO depths    : 1=100.0%, 2=0.0%, 4=0.0%, 8=0.0%, 16=0.0%, 32=0.0%, >=64=0.0%
     submit    : 0=0.0%, 4=100.0%, 8=0.0%, 16=0.0%, 32=0.0%, 64=0.0%, >=64=0.0%
     complete  : 0=0.0%, 4=100.0%, 8=0.0%, 16=0.0%, 32=0.0%, 64=0.0%, >=64=0.0%
     issued rwts: total=0,754962,0,0 short=0,0,0,0 dropped=0,0,0,0
     latency   : target=0, window=0, percentile=100.00%, depth=1
test_64kb_rwrite_5n8: (groupid=0, jobs=1): err= 0: pid=814482: Tue Sep  2 20:25:58 2025
  write: IOPS=25.1k, BW=98.2MiB/s (103MB/s)(2947MiB/30001msec); 0 zone resets
    clat (usec): min=19, max=8746, avg=38.78, stdev=24.30
     lat (usec): min=19, max=8746, avg=38.86, stdev=24.30
    clat percentiles (usec):
     |  1.00th=[   26],  5.00th=[   28], 10.00th=[   29], 20.00th=[   31],
     | 30.00th=[   34], 40.00th=[   36], 50.00th=[   39], 60.00th=[   41],
     | 70.00th=[   43], 80.00th=[   45], 90.00th=[   49], 95.00th=[   53],
     | 99.00th=[   67], 99.50th=[   74], 99.90th=[   94], 99.95th=[  126],
     | 99.99th=[  392]
   bw (  KiB/s): min=86944, max=110432, per=1.85%, avg=100562.18, stdev=4270.65, samples=60
   iops        : min=21736, max=27608, avg=25140.53, stdev=1067.67, samples=60
  lat (usec)   : 20=0.01%, 50=92.05%, 100=7.87%, 250=0.06%, 500=0.01%
  lat (usec)   : 750=0.01%, 1000=0.01%
  lat (msec)   : 2=0.01%, 4=0.01%, 10=0.01%
  cpu          : usr=2.86%, sys=15.58%, ctx=754361, majf=0, minf=170649
  IO depths    : 1=100.0%, 2=0.0%, 4=0.0%, 8=0.0%, 16=0.0%, 32=0.0%, >=64=0.0%
     submit    : 0=0.0%, 4=100.0%, 8=0.0%, 16=0.0%, 32=0.0%, 64=0.0%, >=64=0.0%
     complete  : 0=0.0%, 4=100.0%, 8=0.0%, 16=0.0%, 32=0.0%, 64=0.0%, >=64=0.0%
     issued rwts: total=0,754317,0,0 short=0,0,0,0 dropped=0,0,0,0
     latency   : target=0, window=0, percentile=100.00%, depth=1
test_64kb_rwrite_5n8: (groupid=0, jobs=1): err= 0: pid=814483: Tue Sep  2 20:25:58 2025
  write: IOPS=25.2k, BW=98.4MiB/s (103MB/s)(2952MiB/30003msec); 0 zone resets
    clat (usec): min=19, max=6735, avg=38.83, stdev=24.15
     lat (usec): min=19, max=6735, avg=38.92, stdev=24.15
    clat percentiles (usec):
     |  1.00th=[   26],  5.00th=[   28], 10.00th=[   29], 20.00th=[   31],
     | 30.00th=[   34], 40.00th=[   36], 50.00th=[   39], 60.00th=[   41],
     | 70.00th=[   43], 80.00th=[   45], 90.00th=[   49], 95.00th=[   53],
     | 99.00th=[   67], 99.50th=[   74], 99.90th=[   93], 99.95th=[  119],
     | 99.99th=[  371]
   bw (  KiB/s): min=92047, max=112104, per=1.85%, avg=100730.60, stdev=4652.52, samples=60
   iops        : min=23011, max=28026, avg=25182.62, stdev=1163.17, samples=60
  lat (usec)   : 20=0.01%, 50=91.97%, 100=7.95%, 250=0.06%, 500=0.01%
  lat (usec)   : 750=0.01%, 1000=0.01%
  lat (msec)   : 2=0.01%, 4=0.01%, 10=0.01%
  cpu          : usr=2.52%, sys=15.65%, ctx=755707, majf=0, minf=154459
  IO depths    : 1=100.0%, 2=0.0%, 4=0.0%, 8=0.0%, 16=0.0%, 32=0.0%, >=64=0.0%
     submit    : 0=0.0%, 4=100.0%, 8=0.0%, 16=0.0%, 32=0.0%, 64=0.0%, >=64=0.0%
     complete  : 0=0.0%, 4=100.0%, 8=0.0%, 16=0.0%, 32=0.0%, 64=0.0%, >=64=0.0%
     issued rwts: total=0,755666,0,0 short=0,0,0,0 dropped=0,0,0,0
     latency   : target=0, window=0, percentile=100.00%, depth=1
test_64kb_rwrite_5n8: (groupid=0, jobs=1): err= 0: pid=814484: Tue Sep  2 20:25:58 2025
  write: IOPS=25.2k, BW=98.5MiB/s (103MB/s)(2956MiB/30001msec); 0 zone resets
    clat (usec): min=20, max=8687, avg=38.68, stdev=23.44
     lat (usec): min=20, max=8687, avg=38.77, stdev=23.44
    clat percentiles (usec):
     |  1.00th=[   26],  5.00th=[   27], 10.00th=[   28], 20.00th=[   30],
     | 30.00th=[   33], 40.00th=[   36], 50.00th=[   39], 60.00th=[   42],
     | 70.00th=[   44], 80.00th=[   45], 90.00th=[   49], 95.00th=[   53],
     | 99.00th=[   68], 99.50th=[   75], 99.90th=[  100], 99.95th=[  130],
     | 99.99th=[  392]
   bw (  KiB/s): min=83192, max=112552, per=1.86%, avg=100994.66, stdev=5764.55, samples=59
   iops        : min=20798, max=28138, avg=25248.63, stdev=1441.15, samples=59
  lat (usec)   : 50=92.05%, 100=7.85%, 250=0.08%, 500=0.01%, 750=0.01%
  lat (usec)   : 1000=0.01%
  lat (msec)   : 2=0.01%, 4=0.01%, 10=0.01%
  cpu          : usr=2.42%, sys=15.92%, ctx=756912, majf=0, minf=169722
  IO depths    : 1=100.0%, 2=0.0%, 4=0.0%, 8=0.0%, 16=0.0%, 32=0.0%, >=64=0.0%
     submit    : 0=0.0%, 4=100.0%, 8=0.0%, 16=0.0%, 32=0.0%, 64=0.0%, >=64=0.0%
     complete  : 0=0.0%, 4=100.0%, 8=0.0%, 16=0.0%, 32=0.0%, 64=0.0%, >=64=0.0%
     issued rwts: total=0,756853,0,0 short=0,0,0,0 dropped=0,0,0,0
     latency   : target=0, window=0, percentile=100.00%, depth=1
test_64kb_rwrite_5n8: (groupid=0, jobs=1): err= 0: pid=814485: Tue Sep  2 20:25:58 2025
  write: IOPS=25.0k, BW=97.6MiB/s (102MB/s)(2928MiB/30001msec); 0 zone resets
    clat (usec): min=20, max=6507, avg=39.05, stdev=26.89
     lat (usec): min=20, max=6507, avg=39.14, stdev=26.89
    clat percentiles (usec):
     |  1.00th=[   26],  5.00th=[   28], 10.00th=[   29], 20.00th=[   31],
     | 30.00th=[   34], 40.00th=[   36], 50.00th=[   39], 60.00th=[   42],
     | 70.00th=[   44], 80.00th=[   45], 90.00th=[   49], 95.00th=[   53],
     | 99.00th=[   67], 99.50th=[   73], 99.90th=[   91], 99.95th=[  122],
     | 99.99th=[  461]
   bw (  KiB/s): min=90845, max=109176, per=1.84%, avg=99889.70, stdev=4073.00, samples=60
   iops        : min=22711, max=27294, avg=24972.37, stdev=1018.31, samples=60
  lat (usec)   : 50=91.78%, 100=8.15%, 250=0.05%, 500=0.01%, 750=0.01%
  lat (usec)   : 1000=0.01%
  lat (msec)   : 2=0.01%, 4=0.01%, 10=0.01%
  cpu          : usr=2.59%, sys=15.62%, ctx=749551, majf=0, minf=169409
  IO depths    : 1=100.0%, 2=0.0%, 4=0.0%, 8=0.0%, 16=0.0%, 32=0.0%, >=64=0.0%
     submit    : 0=0.0%, 4=100.0%, 8=0.0%, 16=0.0%, 32=0.0%, 64=0.0%, >=64=0.0%
     complete  : 0=0.0%, 4=100.0%, 8=0.0%, 16=0.0%, 32=0.0%, 64=0.0%, >=64=0.0%
     issued rwts: total=0,749504,0,0 short=0,0,0,0 dropped=0,0,0,0
     latency   : target=0, window=0, percentile=100.00%, depth=1
test_64kb_rwrite_5n8: (groupid=0, jobs=1): err= 0: pid=814486: Tue Sep  2 20:25:58 2025
  write: IOPS=24.9k, BW=97.3MiB/s (102MB/s)(2918MiB/30001msec); 0 zone resets
    clat (usec): min=21, max=7787, avg=39.11, stdev=27.41
     lat (usec): min=21, max=7787, avg=39.20, stdev=27.41
    clat percentiles (usec):
     |  1.00th=[   26],  5.00th=[   27], 10.00th=[   29], 20.00th=[   31],
     | 30.00th=[   34], 40.00th=[   36], 50.00th=[   40], 60.00th=[   42],
     | 70.00th=[   44], 80.00th=[   45], 90.00th=[   49], 95.00th=[   54],
     | 99.00th=[   69], 99.50th=[   76], 99.90th=[  110], 99.95th=[  143],
     | 99.99th=[  457]
   bw (  KiB/s): min=84624, max=111496, per=1.84%, avg=99774.34, stdev=5150.88, samples=59
   iops        : min=21156, max=27874, avg=24943.58, stdev=1287.73, samples=59
  lat (usec)   : 50=91.64%, 100=8.23%, 250=0.11%, 500=0.01%, 750=0.01%
  lat (usec)   : 1000=0.01%
  lat (msec)   : 2=0.01%, 4=0.01%, 10=0.01%
  cpu          : usr=2.73%, sys=15.70%, ctx=747107, majf=0, minf=183909
  IO depths    : 1=100.0%, 2=0.0%, 4=0.0%, 8=0.0%, 16=0.0%, 32=0.0%, >=64=0.0%
     submit    : 0=0.0%, 4=100.0%, 8=0.0%, 16=0.0%, 32=0.0%, 64=0.0%, >=64=0.0%
     complete  : 0=0.0%, 4=100.0%, 8=0.0%, 16=0.0%, 32=0.0%, 64=0.0%, >=64=0.0%
     issued rwts: total=0,746989,0,0 short=0,0,0,0 dropped=0,0,0,0
     latency   : target=0, window=0, percentile=100.00%, depth=1
test_64kb_rwrite_5n9: (groupid=0, jobs=1): err= 0: pid=814487: Tue Sep  2 20:25:58 2025
  write: IOPS=25.0k, BW=97.7MiB/s (102MB/s)(2931MiB/30000msec); 0 zone resets
    clat (usec): min=20, max=8004, avg=39.03, stdev=26.80
     lat (usec): min=20, max=8005, avg=39.12, stdev=26.80
    clat percentiles (usec):
     |  1.00th=[   26],  5.00th=[   27], 10.00th=[   29], 20.00th=[   31],
     | 30.00th=[   34], 40.00th=[   36], 50.00th=[   39], 60.00th=[   42],
     | 70.00th=[   44], 80.00th=[   45], 90.00th=[   49], 95.00th=[   54],
     | 99.00th=[   70], 99.50th=[   76], 99.90th=[  105], 99.95th=[  139],
     | 99.99th=[  416]
   bw (  KiB/s): min=90416, max=115352, per=1.84%, avg=100153.73, stdev=4982.28, samples=59
   iops        : min=22604, max=28838, avg=25038.41, stdev=1245.58, samples=59
  lat (usec)   : 50=91.59%, 100=8.30%, 250=0.10%, 500=0.01%, 750=0.01%
  lat (usec)   : 1000=0.01%
  lat (msec)   : 2=0.01%, 4=0.01%, 10=0.01%
  cpu          : usr=2.57%, sys=15.68%, ctx=750380, majf=0, minf=170479
  IO depths    : 1=100.0%, 2=0.0%, 4=0.0%, 8=0.0%, 16=0.0%, 32=0.0%, >=64=0.0%
     submit    : 0=0.0%, 4=100.0%, 8=0.0%, 16=0.0%, 32=0.0%, 64=0.0%, >=64=0.0%
     complete  : 0=0.0%, 4=100.0%, 8=0.0%, 16=0.0%, 32=0.0%, 64=0.0%, >=64=0.0%
     issued rwts: total=0,750279,0,0 short=0,0,0,0 dropped=0,0,0,0
     latency   : target=0, window=0, percentile=100.00%, depth=1
test_64kb_rwrite_5n9: (groupid=0, jobs=1): err= 0: pid=814488: Tue Sep  2 20:25:58 2025
  write: IOPS=24.9k, BW=97.2MiB/s (102MB/s)(2917MiB/30001msec); 0 zone resets
    clat (usec): min=20, max=8058, avg=39.18, stdev=22.96
     lat (usec): min=20, max=8059, avg=39.28, stdev=22.96
    clat percentiles (usec):
     |  1.00th=[   26],  5.00th=[   27], 10.00th=[   29], 20.00th=[   31],
     | 30.00th=[   34], 40.00th=[   36], 50.00th=[   40], 60.00th=[   42],
     | 70.00th=[   44], 80.00th=[   46], 90.00th=[   49], 95.00th=[   54],
     | 99.00th=[   68], 99.50th=[   75], 99.90th=[   95], 99.95th=[  130],
     | 99.99th=[  445]
   bw (  KiB/s): min=88512, max=114832, per=1.83%, avg=99555.48, stdev=4920.75, samples=60
   iops        : min=22128, max=28708, avg=24888.83, stdev=1230.20, samples=60
  lat (usec)   : 50=91.55%, 100=8.37%, 250=0.06%, 500=0.01%, 750=0.01%
  lat (usec)   : 1000=0.01%
  lat (msec)   : 2=0.01%, 4=0.01%, 10=0.01%
  cpu          : usr=2.79%, sys=15.32%, ctx=746853, majf=0, minf=169349
  IO depths    : 1=100.0%, 2=0.0%, 4=0.0%, 8=0.0%, 16=0.0%, 32=0.0%, >=64=0.0%
     submit    : 0=0.0%, 4=100.0%, 8=0.0%, 16=0.0%, 32=0.0%, 64=0.0%, >=64=0.0%
     complete  : 0=0.0%, 4=100.0%, 8=0.0%, 16=0.0%, 32=0.0%, 64=0.0%, >=64=0.0%
     issued rwts: total=0,746788,0,0 short=0,0,0,0 dropped=0,0,0,0
     latency   : target=0, window=0, percentile=100.00%, depth=1
test_64kb_rwrite_5n9: (groupid=0, jobs=1): err= 0: pid=814489: Tue Sep  2 20:25:58 2025
  write: IOPS=24.9k, BW=97.1MiB/s (102MB/s)(2914MiB/30001msec); 0 zone resets
    clat (usec): min=20, max=6220, avg=39.25, stdev=24.88
     lat (usec): min=20, max=6220, avg=39.34, stdev=24.88
    clat percentiles (usec):
     |  1.00th=[   26],  5.00th=[   28], 10.00th=[   29], 20.00th=[   32],
     | 30.00th=[   34], 40.00th=[   36], 50.00th=[   39], 60.00th=[   42],
     | 70.00th=[   44], 80.00th=[   45], 90.00th=[   49], 95.00th=[   54],
     | 99.00th=[   67], 99.50th=[   74], 99.90th=[   92], 99.95th=[  128],
     | 99.99th=[  433]
   bw (  KiB/s): min=85584, max=107536, per=1.83%, avg=99449.92, stdev=4422.34, samples=60
   iops        : min=21396, max=26884, avg=24862.40, stdev=1105.60, samples=60
  lat (usec)   : 50=91.50%, 100=8.42%, 250=0.06%, 500=0.01%, 750=0.01%
  lat (usec)   : 1000=0.01%
  lat (msec)   : 2=0.01%, 4=0.01%, 10=0.01%
  cpu          : usr=2.62%, sys=15.59%, ctx=746122, majf=0, minf=160799
  IO depths    : 1=100.0%, 2=0.0%, 4=0.0%, 8=0.0%, 16=0.0%, 32=0.0%, >=64=0.0%
     submit    : 0=0.0%, 4=100.0%, 8=0.0%, 16=0.0%, 32=0.0%, 64=0.0%, >=64=0.0%
     complete  : 0=0.0%, 4=100.0%, 8=0.0%, 16=0.0%, 32=0.0%, 64=0.0%, >=64=0.0%
     issued rwts: total=0,746048,0,0 short=0,0,0,0 dropped=0,0,0,0
     latency   : target=0, window=0, percentile=100.00%, depth=1
test_64kb_rwrite_5n9: (groupid=0, jobs=1): err= 0: pid=814490: Tue Sep  2 20:25:58 2025
  write: IOPS=25.0k, BW=97.7MiB/s (102MB/s)(2931MiB/30001msec); 0 zone resets
    clat (usec): min=21, max=6090, avg=39.03, stdev=23.14
     lat (usec): min=21, max=6090, avg=39.13, stdev=23.14
    clat percentiles (usec):
     |  1.00th=[   26],  5.00th=[   27], 10.00th=[   29], 20.00th=[   31],
     | 30.00th=[   34], 40.00th=[   36], 50.00th=[   40], 60.00th=[   42],
     | 70.00th=[   44], 80.00th=[   45], 90.00th=[   49], 95.00th=[   54],
     | 99.00th=[   68], 99.50th=[   75], 99.90th=[   96], 99.95th=[  128],
     | 99.99th=[  449]
   bw (  KiB/s): min=91480, max=108384, per=1.84%, avg=100015.52, stdev=3993.74, samples=60
   iops        : min=22870, max=27096, avg=25003.83, stdev=998.45, samples=60
  lat (usec)   : 50=91.81%, 100=8.10%, 250=0.07%, 500=0.01%, 750=0.01%
  lat (usec)   : 1000=0.01%
  lat (msec)   : 2=0.01%, 4=0.01%, 10=0.01%
  cpu          : usr=2.86%, sys=15.28%, ctx=750286, majf=0, minf=164677
  IO depths    : 1=100.0%, 2=0.0%, 4=0.0%, 8=0.0%, 16=0.0%, 32=0.0%, >=64=0.0%
     submit    : 0=0.0%, 4=100.0%, 8=0.0%, 16=0.0%, 32=0.0%, 64=0.0%, >=64=0.0%
     complete  : 0=0.0%, 4=100.0%, 8=0.0%, 16=0.0%, 32=0.0%, 64=0.0%, >=64=0.0%
     issued rwts: total=0,750240,0,0 short=0,0,0,0 dropped=0,0,0,0
     latency   : target=0, window=0, percentile=100.00%, depth=1
test_64kb_rwrite_5n9: (groupid=0, jobs=1): err= 0: pid=814491: Tue Sep  2 20:25:58 2025
  write: IOPS=24.9k, BW=97.3MiB/s (102MB/s)(2918MiB/30001msec); 0 zone resets
    clat (usec): min=20, max=7499, avg=39.20, stdev=26.01
     lat (usec): min=20, max=7499, avg=39.28, stdev=26.01
    clat percentiles (usec):
     |  1.00th=[   26],  5.00th=[   28], 10.00th=[   29], 20.00th=[   32],
     | 30.00th=[   34], 40.00th=[   36], 50.00th=[   39], 60.00th=[   42],
     | 70.00th=[   44], 80.00th=[   45], 90.00th=[   49], 95.00th=[   54],
     | 99.00th=[   67], 99.50th=[   74], 99.90th=[   94], 99.95th=[  128],
     | 99.99th=[  445]
   bw (  KiB/s): min=86613, max=111952, per=1.83%, avg=99573.43, stdev=4413.41, samples=60
   iops        : min=21653, max=27988, avg=24893.33, stdev=1103.39, samples=60
  lat (usec)   : 50=91.40%, 100=8.52%, 250=0.06%, 500=0.01%, 750=0.01%
  lat (usec)   : 1000=0.01%
  lat (msec)   : 2=0.01%, 4=0.01%, 10=0.01%
  cpu          : usr=2.53%, sys=15.68%, ctx=746995, majf=0, minf=169483
  IO depths    : 1=100.0%, 2=0.0%, 4=0.0%, 8=0.0%, 16=0.0%, 32=0.0%, >=64=0.0%
     submit    : 0=0.0%, 4=100.0%, 8=0.0%, 16=0.0%, 32=0.0%, 64=0.0%, >=64=0.0%
     complete  : 0=0.0%, 4=100.0%, 8=0.0%, 16=0.0%, 32=0.0%, 64=0.0%, >=64=0.0%
     issued rwts: total=0,746935,0,0 short=0,0,0,0 dropped=0,0,0,0
     latency   : target=0, window=0, percentile=100.00%, depth=1
test_64kb_rwrite_5n9: (groupid=0, jobs=1): err= 0: pid=814492: Tue Sep  2 20:25:58 2025
  write: IOPS=25.0k, BW=97.7MiB/s (102MB/s)(2930MiB/30001msec); 0 zone resets
    clat (usec): min=20, max=7983, avg=39.00, stdev=23.89
     lat (usec): min=20, max=7983, avg=39.09, stdev=23.89
    clat percentiles (usec):
     |  1.00th=[   26],  5.00th=[   27], 10.00th=[   29], 20.00th=[   31],
     | 30.00th=[   34], 40.00th=[   36], 50.00th=[   39], 60.00th=[   42],
     | 70.00th=[   44], 80.00th=[   45], 90.00th=[   49], 95.00th=[   54],
     | 99.00th=[   69], 99.50th=[   75], 99.90th=[  101], 99.95th=[  135],
     | 99.99th=[  416]
   bw (  KiB/s): min=85080, max=113200, per=1.84%, avg=100013.30, stdev=5760.58, samples=60
   iops        : min=21270, max=28300, avg=25003.30, stdev=1440.13, samples=60
  lat (usec)   : 50=91.65%, 100=8.24%, 250=0.08%, 500=0.01%, 750=0.01%
  lat (usec)   : 1000=0.01%
  lat (msec)   : 2=0.01%, 4=0.01%, 10=0.01%
  cpu          : usr=2.83%, sys=15.48%, ctx=750209, majf=0, minf=173422
  IO depths    : 1=100.0%, 2=0.0%, 4=0.0%, 8=0.0%, 16=0.0%, 32=0.0%, >=64=0.0%
     submit    : 0=0.0%, 4=100.0%, 8=0.0%, 16=0.0%, 32=0.0%, 64=0.0%, >=64=0.0%
     complete  : 0=0.0%, 4=100.0%, 8=0.0%, 16=0.0%, 32=0.0%, 64=0.0%, >=64=0.0%
     issued rwts: total=0,750152,0,0 short=0,0,0,0 dropped=0,0,0,0
     latency   : target=0, window=0, percentile=100.00%, depth=1
test_64kb_rwrite_5n10: (groupid=0, jobs=1): err= 0: pid=814493: Tue Sep  2 20:25:58 2025
  write: IOPS=25.1k, BW=97.9MiB/s (103MB/s)(2937MiB/30001msec); 0 zone resets
    clat (usec): min=20, max=6744, avg=38.90, stdev=27.52
     lat (usec): min=20, max=6744, avg=38.99, stdev=27.52
    clat percentiles (usec):
     |  1.00th=[   26],  5.00th=[   27], 10.00th=[   29], 20.00th=[   31],
     | 30.00th=[   34], 40.00th=[   36], 50.00th=[   39], 60.00th=[   42],
     | 70.00th=[   44], 80.00th=[   45], 90.00th=[   49], 95.00th=[   53],
     | 99.00th=[   68], 99.50th=[   75], 99.90th=[   98], 99.95th=[  137],
     | 99.99th=[  717]
   bw (  KiB/s): min=92912, max=111312, per=1.84%, avg=100252.23, stdev=4442.47, samples=60
   iops        : min=23228, max=27828, avg=25063.03, stdev=1110.62, samples=60
  lat (usec)   : 50=92.19%, 100=7.71%, 250=0.07%, 500=0.01%, 750=0.01%
  lat (usec)   : 1000=0.01%
  lat (msec)   : 2=0.01%, 4=0.01%, 10=0.01%
  cpu          : usr=2.76%, sys=15.45%, ctx=752000, majf=0, minf=177369
  IO depths    : 1=100.0%, 2=0.0%, 4=0.0%, 8=0.0%, 16=0.0%, 32=0.0%, >=64=0.0%
     submit    : 0=0.0%, 4=100.0%, 8=0.0%, 16=0.0%, 32=0.0%, 64=0.0%, >=64=0.0%
     complete  : 0=0.0%, 4=100.0%, 8=0.0%, 16=0.0%, 32=0.0%, 64=0.0%, >=64=0.0%
     issued rwts: total=0,751946,0,0 short=0,0,0,0 dropped=0,0,0,0
     latency   : target=0, window=0, percentile=100.00%, depth=1
test_64kb_rwrite_5n10: (groupid=0, jobs=1): err= 0: pid=814494: Tue Sep  2 20:25:58 2025
  write: IOPS=25.0k, BW=97.7MiB/s (102MB/s)(2932MiB/30001msec); 0 zone resets
    clat (usec): min=20, max=8866, avg=38.96, stdev=21.79
     lat (usec): min=20, max=8866, avg=39.05, stdev=21.79
    clat percentiles (usec):
     |  1.00th=[   26],  5.00th=[   27], 10.00th=[   29], 20.00th=[   31],
     | 30.00th=[   34], 40.00th=[   36], 50.00th=[   40], 60.00th=[   42],
     | 70.00th=[   44], 80.00th=[   45], 90.00th=[   49], 95.00th=[   53],
     | 99.00th=[   68], 99.50th=[   74], 99.90th=[   95], 99.95th=[  129],
     | 99.99th=[  330]
   bw (  KiB/s): min=90732, max=107800, per=1.84%, avg=100056.77, stdev=4293.25, samples=60
   iops        : min=22683, max=26950, avg=25014.18, stdev=1073.32, samples=60
  lat (usec)   : 50=91.96%, 100=7.95%, 250=0.07%, 500=0.01%, 750=0.01%
  lat (usec)   : 1000=0.01%
  lat (msec)   : 2=0.01%, 4=0.01%, 10=0.01%
  cpu          : usr=2.66%, sys=15.63%, ctx=750694, majf=0, minf=173120
  IO depths    : 1=100.0%, 2=0.0%, 4=0.0%, 8=0.0%, 16=0.0%, 32=0.0%, >=64=0.0%
     submit    : 0=0.0%, 4=100.0%, 8=0.0%, 16=0.0%, 32=0.0%, 64=0.0%, >=64=0.0%
     complete  : 0=0.0%, 4=100.0%, 8=0.0%, 16=0.0%, 32=0.0%, 64=0.0%, >=64=0.0%
     issued rwts: total=0,750636,0,0 short=0,0,0,0 dropped=0,0,0,0
     latency   : target=0, window=0, percentile=100.00%, depth=1
test_64kb_rwrite_5n10: (groupid=0, jobs=1): err= 0: pid=814495: Tue Sep  2 20:25:58 2025
  write: IOPS=24.9k, BW=97.3MiB/s (102MB/s)(2918MiB/30001msec); 0 zone resets
    clat (usec): min=20, max=7672, avg=39.18, stdev=24.55
     lat (usec): min=20, max=7672, avg=39.27, stdev=24.55
    clat percentiles (usec):
     |  1.00th=[   26],  5.00th=[   28], 10.00th=[   29], 20.00th=[   32],
     | 30.00th=[   34], 40.00th=[   36], 50.00th=[   39], 60.00th=[   42],
     | 70.00th=[   44], 80.00th=[   45], 90.00th=[   49], 95.00th=[   53],
     | 99.00th=[   67], 99.50th=[   74], 99.90th=[   94], 99.95th=[  127],
     | 99.99th=[  429]
   bw (  KiB/s): min=92688, max=109648, per=1.83%, avg=99587.48, stdev=4008.69, samples=60
   iops        : min=23172, max=27412, avg=24896.87, stdev=1002.18, samples=60
  lat (usec)   : 50=91.71%, 100=8.21%, 250=0.06%, 500=0.01%, 750=0.01%
  lat (usec)   : 1000=0.01%
  lat (msec)   : 2=0.01%, 4=0.01%, 10=0.01%
  cpu          : usr=2.75%, sys=15.49%, ctx=747158, majf=0, minf=172241
  IO depths    : 1=100.0%, 2=0.0%, 4=0.0%, 8=0.0%, 16=0.0%, 32=0.0%, >=64=0.0%
     submit    : 0=0.0%, 4=100.0%, 8=0.0%, 16=0.0%, 32=0.0%, 64=0.0%, >=64=0.0%
     complete  : 0=0.0%, 4=100.0%, 8=0.0%, 16=0.0%, 32=0.0%, 64=0.0%, >=64=0.0%
     issued rwts: total=0,747118,0,0 short=0,0,0,0 dropped=0,0,0,0
     latency   : target=0, window=0, percentile=100.00%, depth=1
test_64kb_rwrite_5n10: (groupid=0, jobs=1): err= 0: pid=814496: Tue Sep  2 20:25:58 2025
  write: IOPS=24.9k, BW=97.3MiB/s (102MB/s)(2920MiB/30001msec); 0 zone resets
    clat (usec): min=20, max=6421, avg=39.17, stdev=26.37
     lat (usec): min=20, max=6421, avg=39.27, stdev=26.37
    clat percentiles (usec):
     |  1.00th=[   26],  5.00th=[   27], 10.00th=[   29], 20.00th=[   31],
     | 30.00th=[   34], 40.00th=[   37], 50.00th=[   40], 60.00th=[   42],
     | 70.00th=[   44], 80.00th=[   45], 90.00th=[   49], 95.00th=[   54],
     | 99.00th=[   68], 99.50th=[   75], 99.90th=[   95], 99.95th=[  126],
     | 99.99th=[  490]
   bw (  KiB/s): min=89896, max=114792, per=1.83%, avg=99634.98, stdev=4906.37, samples=60
   iops        : min=22474, max=28698, avg=24908.72, stdev=1226.61, samples=60
  lat (usec)   : 50=91.77%, 100=8.15%, 250=0.07%, 500=0.01%, 750=0.01%
  lat (usec)   : 1000=0.01%
  lat (msec)   : 2=0.01%, 4=0.01%, 10=0.01%
  cpu          : usr=2.77%, sys=15.28%, ctx=747477, majf=0, minf=172125
  IO depths    : 1=100.0%, 2=0.0%, 4=0.0%, 8=0.0%, 16=0.0%, 32=0.0%, >=64=0.0%
     submit    : 0=0.0%, 4=100.0%, 8=0.0%, 16=0.0%, 32=0.0%, 64=0.0%, >=64=0.0%
     complete  : 0=0.0%, 4=100.0%, 8=0.0%, 16=0.0%, 32=0.0%, 64=0.0%, >=64=0.0%
     issued rwts: total=0,747430,0,0 short=0,0,0,0 dropped=0,0,0,0
     latency   : target=0, window=0, percentile=100.00%, depth=1
test_64kb_rwrite_5n10: (groupid=0, jobs=1): err= 0: pid=814497: Tue Sep  2 20:25:58 2025
  write: IOPS=25.0k, BW=97.8MiB/s (103MB/s)(2934MiB/30000msec); 0 zone resets
    clat (usec): min=20, max=8670, avg=38.97, stdev=23.44
     lat (usec): min=20, max=8671, avg=39.06, stdev=23.44
    clat percentiles (usec):
     |  1.00th=[   26],  5.00th=[   27], 10.00th=[   29], 20.00th=[   31],
     | 30.00th=[   34], 40.00th=[   36], 50.00th=[   39], 60.00th=[   42],
     | 70.00th=[   44], 80.00th=[   45], 90.00th=[   49], 95.00th=[   53],
     | 99.00th=[   68], 99.50th=[   75], 99.90th=[   93], 99.95th=[  120],
     | 99.99th=[  306]
   bw (  KiB/s): min=90772, max=112368, per=1.84%, avg=100132.35, stdev=4912.63, samples=60
   iops        : min=22693, max=28092, avg=25033.03, stdev=1228.13, samples=60
  lat (usec)   : 50=91.86%, 100=8.06%, 250=0.06%, 500=0.01%, 750=0.01%
  lat (usec)   : 1000=0.01%
  lat (msec)   : 2=0.01%, 4=0.01%, 10=0.01%
  cpu          : usr=2.58%, sys=15.70%, ctx=751233, majf=0, minf=169753
  IO depths    : 1=100.0%, 2=0.0%, 4=0.0%, 8=0.0%, 16=0.0%, 32=0.0%, >=64=0.0%
     submit    : 0=0.0%, 4=100.0%, 8=0.0%, 16=0.0%, 32=0.0%, 64=0.0%, >=64=0.0%
     complete  : 0=0.0%, 4=100.0%, 8=0.0%, 16=0.0%, 32=0.0%, 64=0.0%, >=64=0.0%
     issued rwts: total=0,751186,0,0 short=0,0,0,0 dropped=0,0,0,0
     latency   : target=0, window=0, percentile=100.00%, depth=1
test_64kb_rwrite_5n10: (groupid=0, jobs=1): err= 0: pid=814498: Tue Sep  2 20:25:58 2025
  write: IOPS=24.6k, BW=96.2MiB/s (101MB/s)(2887MiB/30001msec); 0 zone resets
    clat (usec): min=19, max=9014, avg=39.49, stdev=22.33
     lat (usec): min=19, max=9014, avg=39.58, stdev=22.33
    clat percentiles (usec):
     |  1.00th=[   26],  5.00th=[   28], 10.00th=[   29], 20.00th=[   31],
     | 30.00th=[   35], 40.00th=[   37], 50.00th=[   40], 60.00th=[   42],
     | 70.00th=[   44], 80.00th=[   46], 90.00th=[   49], 95.00th=[   54],
     | 99.00th=[   68], 99.50th=[   75], 99.90th=[   96], 99.95th=[  125],
     | 99.99th=[  277]
   bw (  KiB/s): min=84856, max=107576, per=1.81%, avg=98536.12, stdev=4390.89, samples=60
   iops        : min=21214, max=26894, avg=24634.00, stdev=1097.73, samples=60
  lat (usec)   : 20=0.01%, 50=91.54%, 100=8.38%, 250=0.07%, 500=0.01%
  lat (usec)   : 750=0.01%, 1000=0.01%
  lat (msec)   : 2=0.01%, 4=0.01%, 10=0.01%
  cpu          : usr=2.74%, sys=15.54%, ctx=739189, majf=0, minf=191573
  IO depths    : 1=100.0%, 2=0.0%, 4=0.0%, 8=0.0%, 16=0.0%, 32=0.0%, >=64=0.0%
     submit    : 0=0.0%, 4=100.0%, 8=0.0%, 16=0.0%, 32=0.0%, 64=0.0%, >=64=0.0%
     complete  : 0=0.0%, 4=100.0%, 8=0.0%, 16=0.0%, 32=0.0%, 64=0.0%, >=64=0.0%
     issued rwts: total=0,739119,0,0 short=0,0,0,0 dropped=0,0,0,0
     latency   : target=0, window=0, percentile=100.00%, depth=1
bursty: (groupid=0, jobs=1): err= 0: pid=814499: Tue Sep  2 20:25:58 2025
  write: IOPS=280, BW=1122KiB/s (1149kB/s)(32.9MiB/30001msec); 0 zone resets
    clat (usec): min=23, max=3496, avg=44.49, stdev=52.52
     lat (usec): min=28, max=3504, avg=51.53, stdev=52.74
    clat percentiles (usec):
     |  1.00th=[   28],  5.00th=[   30], 10.00th=[   32], 20.00th=[   35],
     | 30.00th=[   38], 40.00th=[   41], 50.00th=[   43], 60.00th=[   45],
     | 70.00th=[   47], 80.00th=[   50], 90.00th=[   57], 95.00th=[   63],
     | 99.00th=[   76], 99.50th=[   85], 99.90th=[  204], 99.95th=[  537],
     | 99.99th=[ 3490]
   bw (  KiB/s): min= 2568, max=13756, per=0.18%, avg=9615.43, stdev=4466.64, samples=7
   iops        : min=  642, max= 3439, avg=2403.86, stdev=1116.66, samples=7
  lat (usec)   : 50=80.73%, 100=18.99%, 250=0.19%, 500=0.04%, 750=0.01%
  lat (msec)   : 2=0.02%, 4=0.02%
  cpu          : usr=0.18%, sys=0.23%, ctx=8661, majf=0, minf=9978
  IO depths    : 1=100.0%, 2=0.0%, 4=0.0%, 8=0.0%, 16=0.0%, 32=0.0%, >=64=0.0%
     submit    : 0=0.0%, 4=100.0%, 8=0.0%, 16=0.0%, 32=0.0%, 64=0.0%, >=64=0.0%
     complete  : 0=0.0%, 4=100.0%, 8=0.0%, 16=0.0%, 32=0.0%, 64=0.0%, >=64=0.0%
     issued rwts: total=0,8417,0,0 short=0,0,0,0 dropped=0,0,0,0
     latency   : target=0, window=0, percentile=100.00%, depth=1
bursty: (groupid=0, jobs=1): err= 0: pid=814500: Tue Sep  2 20:25:58 2025
  write: IOPS=295, BW=1182KiB/s (1211kB/s)(34.6MiB/30001msec); 0 zone resets
    clat (usec): min=22, max=1623, avg=42.63, stdev=31.20
     lat (usec): min=27, max=1631, avg=49.74, stdev=31.85
    clat percentiles (usec):
     |  1.00th=[   27],  5.00th=[   29], 10.00th=[   31], 20.00th=[   34],
     | 30.00th=[   37], 40.00th=[   39], 50.00th=[   42], 60.00th=[   44],
     | 70.00th=[   46], 80.00th=[   48], 90.00th=[   52], 95.00th=[   59],
     | 99.00th=[   77], 99.50th=[   91], 99.90th=[  281], 99.95th=[  758],
     | 99.99th=[ 1631]
   bw (  KiB/s): min= 2568, max=13772, per=0.19%, avg=10130.86, stdev=4538.20, samples=7
   iops        : min=  642, max= 3443, avg=2532.71, stdev=1134.55, samples=7
  lat (usec)   : 50=86.87%, 100=12.72%, 250=0.29%, 500=0.02%, 750=0.03%
  lat (usec)   : 1000=0.02%
  lat (msec)   : 2=0.03%
  cpu          : usr=0.14%, sys=0.24%, ctx=9314, majf=0, minf=10202
  IO depths    : 1=100.0%, 2=0.0%, 4=0.0%, 8=0.0%, 16=0.0%, 32=0.0%, >=64=0.0%
     submit    : 0=0.0%, 4=100.0%, 8=0.0%, 16=0.0%, 32=0.0%, 64=0.0%, >=64=0.0%
     complete  : 0=0.0%, 4=100.0%, 8=0.0%, 16=0.0%, 32=0.0%, 64=0.0%, >=64=0.0%
     issued rwts: total=0,8868,0,0 short=0,0,0,0 dropped=0,0,0,0
     latency   : target=0, window=0, percentile=100.00%, depth=1
bursty: (groupid=0, jobs=1): err= 0: pid=814501: Tue Sep  2 20:25:58 2025
  write: IOPS=280, BW=1123KiB/s (1150kB/s)(32.9MiB/30000msec); 0 zone resets
    clat (usec): min=24, max=3503, avg=45.13, stdev=59.71
     lat (usec): min=29, max=3509, avg=52.15, stdev=59.80
    clat percentiles (usec):
     |  1.00th=[   28],  5.00th=[   31], 10.00th=[   33], 20.00th=[   36],
     | 30.00th=[   38], 40.00th=[   41], 50.00th=[   44], 60.00th=[   45],
     | 70.00th=[   47], 80.00th=[   50], 90.00th=[   57], 95.00th=[   64],
     | 99.00th=[   77], 99.50th=[   83], 99.90th=[  182], 99.95th=[  545],
     | 99.99th=[ 3490]
   bw (  KiB/s): min= 2568, max=13752, per=0.18%, avg=9622.86, stdev=4488.02, samples=7
   iops        : min=  642, max= 3438, avg=2405.71, stdev=1122.01, samples=7
  lat (usec)   : 50=80.10%, 100=19.69%, 250=0.13%, 500=0.02%, 750=0.01%
  lat (msec)   : 2=0.01%, 4=0.04%
  cpu          : usr=0.20%, sys=0.20%, ctx=8632, majf=0, minf=10911
  IO depths    : 1=100.0%, 2=0.0%, 4=0.0%, 8=0.0%, 16=0.0%, 32=0.0%, >=64=0.0%
     submit    : 0=0.0%, 4=100.0%, 8=0.0%, 16=0.0%, 32=0.0%, 64=0.0%, >=64=0.0%
     complete  : 0=0.0%, 4=100.0%, 8=0.0%, 16=0.0%, 32=0.0%, 64=0.0%, >=64=0.0%
     issued rwts: total=0,8420,0,0 short=0,0,0,0 dropped=0,0,0,0
     latency   : target=0, window=0, percentile=100.00%, depth=1
bursty: (groupid=0, jobs=1): err= 0: pid=814502: Tue Sep  2 20:25:58 2025
  write: IOPS=277, BW=1110KiB/s (1136kB/s)(32.5MiB/30000msec); 0 zone resets
    clat (usec): min=23, max=3004, avg=44.72, stdev=36.31
     lat (usec): min=29, max=3017, avg=51.76, stdev=36.50
    clat percentiles (usec):
     |  1.00th=[   28],  5.00th=[   30], 10.00th=[   32], 20.00th=[   35],
     | 30.00th=[   39], 40.00th=[   42], 50.00th=[   44], 60.00th=[   46],
     | 70.00th=[   48], 80.00th=[   51], 90.00th=[   58], 95.00th=[   64],
     | 99.00th=[   78], 99.50th=[   87], 99.90th=[  202], 99.95th=[  351],
     | 99.99th=[ 2999]
   bw (  KiB/s): min= 2562, max=13344, per=0.17%, avg=9506.14, stdev=4316.81, samples=7
   iops        : min=  640, max= 3336, avg=2376.43, stdev=1079.30, samples=7
  lat (usec)   : 50=79.00%, 100=20.75%, 250=0.18%, 500=0.04%, 750=0.02%
  lat (msec)   : 4=0.01%
  cpu          : usr=0.13%, sys=0.26%, ctx=8586, majf=0, minf=10541
  IO depths    : 1=100.0%, 2=0.0%, 4=0.0%, 8=0.0%, 16=0.0%, 32=0.0%, >=64=0.0%
     submit    : 0=0.0%, 4=100.0%, 8=0.0%, 16=0.0%, 32=0.0%, 64=0.0%, >=64=0.0%
     complete  : 0=0.0%, 4=100.0%, 8=0.0%, 16=0.0%, 32=0.0%, 64=0.0%, >=64=0.0%
     issued rwts: total=0,8322,0,0 short=0,0,0,0 dropped=0,0,0,0
     latency   : target=0, window=0, percentile=100.00%, depth=1
bursty: (groupid=0, jobs=1): err= 0: pid=814503: Tue Sep  2 20:25:58 2025
  write: IOPS=265, BW=1063KiB/s (1088kB/s)(31.1MiB/30001msec); 0 zone resets
    clat (usec): min=23, max=3043, avg=46.30, stdev=49.19
     lat (usec): min=30, max=3054, avg=53.79, stdev=49.53
    clat percentiles (usec):
     |  1.00th=[   28],  5.00th=[   31], 10.00th=[   34], 20.00th=[   38],
     | 30.00th=[   41], 40.00th=[   43], 50.00th=[   45], 60.00th=[   46],
     | 70.00th=[   48], 80.00th=[   51], 90.00th=[   59], 95.00th=[   64],
     | 99.00th=[   79], 99.50th=[   93], 99.90th=[  243], 99.95th=[  537],
     | 99.99th=[ 3032]
   bw (  KiB/s): min= 2573, max=12864, per=0.17%, avg=9111.57, stdev=4180.13, samples=7
   iops        : min=  643, max= 3216, avg=2277.86, stdev=1045.10, samples=7
  lat (usec)   : 50=77.07%, 100=22.53%, 250=0.31%, 500=0.04%, 750=0.01%
  lat (msec)   : 2=0.01%, 4=0.03%
  cpu          : usr=0.19%, sys=0.27%, ctx=8203, majf=0, minf=11585
  IO depths    : 1=100.0%, 2=0.0%, 4=0.0%, 8=0.0%, 16=0.0%, 32=0.0%, >=64=0.0%
     submit    : 0=0.0%, 4=100.0%, 8=0.0%, 16=0.0%, 32=0.0%, 64=0.0%, >=64=0.0%
     complete  : 0=0.0%, 4=100.0%, 8=0.0%, 16=0.0%, 32=0.0%, 64=0.0%, >=64=0.0%
     issued rwts: total=0,7972,0,0 short=0,0,0,0 dropped=0,0,0,0
     latency   : target=0, window=0, percentile=100.00%, depth=1
bursty: (groupid=0, jobs=1): err= 0: pid=814504: Tue Sep  2 20:25:58 2025
  write: IOPS=273, BW=1093KiB/s (1119kB/s)(32.0MiB/30000msec); 0 zone resets
    clat (usec): min=24, max=2649, avg=45.12, stdev=40.48
     lat (usec): min=29, max=2656, avg=52.45, stdev=40.85
    clat percentiles (usec):
     |  1.00th=[   28],  5.00th=[   31], 10.00th=[   32], 20.00th=[   36],
     | 30.00th=[   39], 40.00th=[   42], 50.00th=[   44], 60.00th=[   46],
     | 70.00th=[   48], 80.00th=[   51], 90.00th=[   58], 95.00th=[   64],
     | 99.00th=[   84], 99.50th=[  108], 99.90th=[  178], 99.95th=[  215],
     | 99.99th=[ 2638]
   bw (  KiB/s): min= 2573, max=13852, per=0.17%, avg=9362.43, stdev=4426.64, samples=7
   iops        : min=  643, max= 3463, avg=2340.57, stdev=1106.72, samples=7
  lat (usec)   : 50=78.44%, 100=21.00%, 250=0.52%, 500=0.01%
  lat (msec)   : 4=0.02%
  cpu          : usr=0.16%, sys=0.32%, ctx=8358, majf=0, minf=11867
  IO depths    : 1=100.0%, 2=0.0%, 4=0.0%, 8=0.0%, 16=0.0%, 32=0.0%, >=64=0.0%
     submit    : 0=0.0%, 4=100.0%, 8=0.0%, 16=0.0%, 32=0.0%, 64=0.0%, >=64=0.0%
     complete  : 0=0.0%, 4=100.0%, 8=0.0%, 16=0.0%, 32=0.0%, 64=0.0%, >=64=0.0%
     issued rwts: total=0,8195,0,0 short=0,0,0,0 dropped=0,0,0,0
     latency   : target=0, window=0, percentile=100.00%, depth=1
bursty: (groupid=0, jobs=1): err= 0: pid=814505: Tue Sep  2 20:25:58 2025
  write: IOPS=281, BW=1125KiB/s (1152kB/s)(33.0MiB/30000msec); 0 zone resets
    clat (usec): min=24, max=3663, avg=43.34, stdev=63.06
     lat (usec): min=29, max=3668, avg=50.43, stdev=63.14
    clat percentiles (usec):
     |  1.00th=[   27],  5.00th=[   29], 10.00th=[   31], 20.00th=[   34],
     | 30.00th=[   37], 40.00th=[   40], 50.00th=[   43], 60.00th=[   44],
     | 70.00th=[   46], 80.00th=[   49], 90.00th=[   54], 95.00th=[   60],
     | 99.00th=[   72], 99.50th=[   79], 99.90th=[  139], 99.95th=[  281],
     | 99.99th=[ 3654]
   bw (  KiB/s): min= 2573, max=14834, per=0.18%, avg=9635.00, stdev=4635.01, samples=7
   iops        : min=  643, max= 3708, avg=2408.57, stdev=1158.67, samples=7
  lat (usec)   : 50=84.81%, 100=15.01%, 250=0.13%, 500=0.01%
  lat (msec)   : 2=0.01%, 4=0.04%
  cpu          : usr=0.15%, sys=0.26%, ctx=8705, majf=0, minf=12898
  IO depths    : 1=100.0%, 2=0.0%, 4=0.0%, 8=0.0%, 16=0.0%, 32=0.0%, >=64=0.0%
     submit    : 0=0.0%, 4=100.0%, 8=0.0%, 16=0.0%, 32=0.0%, 64=0.0%, >=64=0.0%
     complete  : 0=0.0%, 4=100.0%, 8=0.0%, 16=0.0%, 32=0.0%, 64=0.0%, >=64=0.0%
     issued rwts: total=0,8437,0,0 short=0,0,0,0 dropped=0,0,0,0
     latency   : target=0, window=0, percentile=100.00%, depth=1
bursty: (groupid=0, jobs=1): err= 0: pid=814506: Tue Sep  2 20:25:58 2025
  write: IOPS=297, BW=1190KiB/s (1218kB/s)(34.9MiB/30000msec); 0 zone resets
    clat (usec): min=23, max=1460, avg=41.92, stdev=23.72
     lat (usec): min=28, max=1466, avg=49.41, stdev=24.03
    clat percentiles (usec):
     |  1.00th=[   27],  5.00th=[   29], 10.00th=[   30], 20.00th=[   33],
     | 30.00th=[   35], 40.00th=[   38], 50.00th=[   41], 60.00th=[   44],
     | 70.00th=[   46], 80.00th=[   48], 90.00th=[   55], 95.00th=[   61],
     | 99.00th=[   75], 99.50th=[   84], 99.90th=[  215], 99.95th=[  273],
     | 99.99th=[ 1467]
   bw (  KiB/s): min= 2568, max=15400, per=0.19%, avg=10197.71, stdev=4837.39, samples=7
   iops        : min=  642, max= 3850, avg=2549.43, stdev=1209.35, samples=7
  lat (usec)   : 50=84.80%, 100=14.94%, 250=0.19%, 500=0.04%
  lat (msec)   : 2=0.02%
  cpu          : usr=0.14%, sys=0.22%, ctx=9277, majf=0, minf=8446
  IO depths    : 1=100.0%, 2=0.0%, 4=0.0%, 8=0.0%, 16=0.0%, 32=0.0%, >=64=0.0%
     submit    : 0=0.0%, 4=100.0%, 8=0.0%, 16=0.0%, 32=0.0%, 64=0.0%, >=64=0.0%
     complete  : 0=0.0%, 4=100.0%, 8=0.0%, 16=0.0%, 32=0.0%, 64=0.0%, >=64=0.0%
     issued rwts: total=0,8923,0,0 short=0,0,0,0 dropped=0,0,0,0
     latency   : target=0, window=0, percentile=100.00%, depth=1
bursty: (groupid=0, jobs=1): err= 0: pid=814507: Tue Sep  2 20:25:58 2025
  write: IOPS=292, BW=1169KiB/s (1197kB/s)(34.3MiB/30000msec); 0 zone resets
    clat (usec): min=23, max=3488, avg=42.35, stdev=48.00
     lat (usec): min=28, max=3499, avg=49.24, stdev=48.13
    clat percentiles (usec):
     |  1.00th=[   27],  5.00th=[   29], 10.00th=[   30], 20.00th=[   33],
     | 30.00th=[   35], 40.00th=[   38], 50.00th=[   42], 60.00th=[   44],
     | 70.00th=[   46], 80.00th=[   48], 90.00th=[   54], 95.00th=[   60],
     | 99.00th=[   73], 99.50th=[   78], 99.90th=[  188], 99.95th=[  351],
     | 99.99th=[ 3490]
   bw (  KiB/s): min= 2573, max=14464, per=0.18%, avg=10015.57, stdev=4892.66, samples=7
   iops        : min=  643, max= 3616, avg=2503.71, stdev=1223.10, samples=7
  lat (usec)   : 50=85.23%, 100=14.57%, 250=0.13%, 500=0.03%
  lat (msec)   : 2=0.01%, 4=0.02%
  cpu          : usr=0.15%, sys=0.25%, ctx=9012, majf=0, minf=10507
  IO depths    : 1=100.0%, 2=0.0%, 4=0.0%, 8=0.0%, 16=0.0%, 32=0.0%, >=64=0.0%
     submit    : 0=0.0%, 4=100.0%, 8=0.0%, 16=0.0%, 32=0.0%, 64=0.0%, >=64=0.0%
     complete  : 0=0.0%, 4=100.0%, 8=0.0%, 16=0.0%, 32=0.0%, 64=0.0%, >=64=0.0%
     issued rwts: total=0,8770,0,0 short=0,0,0,0 dropped=0,0,0,0
     latency   : target=0, window=0, percentile=100.00%, depth=1
bursty: (groupid=0, jobs=1): err= 0: pid=814508: Tue Sep  2 20:25:58 2025
  write: IOPS=264, BW=1059KiB/s (1084kB/s)(31.0MiB/30001msec); 0 zone resets
    clat (usec): min=25, max=4023, avg=46.88, stdev=50.69
     lat (usec): min=31, max=4028, avg=54.23, stdev=50.86
    clat percentiles (usec):
     |  1.00th=[   29],  5.00th=[   32], 10.00th=[   35], 20.00th=[   38],
     | 30.00th=[   42], 40.00th=[   44], 50.00th=[   45], 60.00th=[   47],
     | 70.00th=[   49], 80.00th=[   52], 90.00th=[   60], 95.00th=[   65],
     | 99.00th=[   77], 99.50th=[   85], 99.90th=[  239], 99.95th=[  396],
     | 99.99th=[ 4015]
   bw (  KiB/s): min= 2568, max=13536, per=0.17%, avg=9070.71, stdev=4222.70, samples=7
   iops        : min=  642, max= 3384, avg=2267.57, stdev=1055.59, samples=7
  lat (usec)   : 50=74.86%, 100=24.86%, 250=0.19%, 500=0.05%
  lat (msec)   : 2=0.03%, 10=0.01%
  cpu          : usr=0.22%, sys=0.26%, ctx=8138, majf=0, minf=11394
  IO depths    : 1=100.0%, 2=0.0%, 4=0.0%, 8=0.0%, 16=0.0%, 32=0.0%, >=64=0.0%
     submit    : 0=0.0%, 4=100.0%, 8=0.0%, 16=0.0%, 32=0.0%, 64=0.0%, >=64=0.0%
     complete  : 0=0.0%, 4=100.0%, 8=0.0%, 16=0.0%, 32=0.0%, 64=0.0%, >=64=0.0%
     issued rwts: total=0,7940,0,0 short=0,0,0,0 dropped=0,0,0,0
     latency   : target=0, window=0, percentile=100.00%, depth=1
bursty: (groupid=0, jobs=1): err= 0: pid=814509: Tue Sep  2 20:25:58 2025
  write: IOPS=279, BW=1116KiB/s (1143kB/s)(32.7MiB/30000msec); 0 zone resets
    clat (usec): min=25, max=641, avg=44.43, stdev=13.42
     lat (usec): min=29, max=651, avg=51.62, stdev=14.13
    clat percentiles (usec):
     |  1.00th=[   29],  5.00th=[   31], 10.00th=[   33], 20.00th=[   36],
     | 30.00th=[   39], 40.00th=[   42], 50.00th=[   44], 60.00th=[   46],
     | 70.00th=[   48], 80.00th=[   51], 90.00th=[   57], 95.00th=[   64],
     | 99.00th=[   76], 99.50th=[   83], 99.90th=[  186], 99.95th=[  241],
     | 99.99th=[  644]
   bw (  KiB/s): min= 2568, max=13632, per=0.18%, avg=9563.57, stdev=4322.26, samples=7
   iops        : min=  642, max= 3408, avg=2390.86, stdev=1080.59, samples=7
  lat (usec)   : 50=79.32%, 100=20.45%, 250=0.19%, 500=0.02%, 750=0.01%
  cpu          : usr=0.19%, sys=0.22%, ctx=8696, majf=0, minf=11172
  IO depths    : 1=100.0%, 2=0.0%, 4=0.0%, 8=0.0%, 16=0.0%, 32=0.0%, >=64=0.0%
     submit    : 0=0.0%, 4=100.0%, 8=0.0%, 16=0.0%, 32=0.0%, 64=0.0%, >=64=0.0%
     complete  : 0=0.0%, 4=100.0%, 8=0.0%, 16=0.0%, 32=0.0%, 64=0.0%, >=64=0.0%
     issued rwts: total=0,8370,0,0 short=0,0,0,0 dropped=0,0,0,0
     latency   : target=0, window=0, percentile=100.00%, depth=1
bursty: (groupid=0, jobs=1): err= 0: pid=814510: Tue Sep  2 20:25:58 2025
  write: IOPS=266, BW=1067KiB/s (1092kB/s)(31.3MiB/30000msec); 0 zone resets
    clat (usec): min=25, max=3324, avg=46.28, stdev=57.23
     lat (usec): min=30, max=3332, avg=53.85, stdev=57.54
    clat percentiles (usec):
     |  1.00th=[   29],  5.00th=[   31], 10.00th=[   33], 20.00th=[   37],
     | 30.00th=[   40], 40.00th=[   43], 50.00th=[   45], 60.00th=[   46],
     | 70.00th=[   48], 80.00th=[   51], 90.00th=[   59], 95.00th=[   64],
     | 99.00th=[   79], 99.50th=[   93], 99.90th=[  247], 99.95th=[  881],
     | 99.99th=[ 3326]
   bw (  KiB/s): min= 2568, max=13556, per=0.17%, avg=9140.00, stdev=4259.97, samples=7
   iops        : min=  642, max= 3389, avg=2285.00, stdev=1064.99, samples=7
  lat (usec)   : 50=76.94%, 100=22.65%, 250=0.31%, 500=0.02%, 1000=0.02%
  lat (msec)   : 2=0.02%, 4=0.02%
  cpu          : usr=0.18%, sys=0.27%, ctx=8221, majf=0, minf=12130
  IO depths    : 1=100.0%, 2=0.0%, 4=0.0%, 8=0.0%, 16=0.0%, 32=0.0%, >=64=0.0%
     submit    : 0=0.0%, 4=100.0%, 8=0.0%, 16=0.0%, 32=0.0%, 64=0.0%, >=64=0.0%
     complete  : 0=0.0%, 4=100.0%, 8=0.0%, 16=0.0%, 32=0.0%, 64=0.0%, >=64=0.0%
     issued rwts: total=0,8001,0,0 short=0,0,0,0 dropped=0,0,0,0
     latency   : target=0, window=0, percentile=100.00%, depth=1
bursty: (groupid=0, jobs=1): err= 0: pid=814511: Tue Sep  2 20:25:58 2025
  write: IOPS=260, BW=1041KiB/s (1066kB/s)(30.5MiB/30000msec); 0 zone resets
    clat (usec): min=24, max=3136, avg=46.01, stdev=50.86
     lat (usec): min=31, max=3145, avg=53.45, stdev=51.02
    clat percentiles (usec):
     |  1.00th=[   29],  5.00th=[   31], 10.00th=[   33], 20.00th=[   37],
     | 30.00th=[   40], 40.00th=[   42], 50.00th=[   45], 60.00th=[   46],
     | 70.00th=[   48], 80.00th=[   51], 90.00th=[   58], 95.00th=[   64],
     | 99.00th=[   78], 99.50th=[   88], 99.90th=[  273], 99.95th=[  889],
     | 99.99th=[ 3130]
   bw (  KiB/s): min= 2568, max=12351, per=0.16%, avg=8911.71, stdev=4105.00, samples=7
   iops        : min=  642, max= 3087, avg=2227.71, stdev=1026.05, samples=7
  lat (usec)   : 50=77.22%, 100=22.49%, 250=0.18%, 500=0.04%, 750=0.03%
  lat (usec)   : 1000=0.01%
  lat (msec)   : 2=0.01%, 4=0.03%
  cpu          : usr=0.18%, sys=0.30%, ctx=7999, majf=0, minf=15222
  IO depths    : 1=100.0%, 2=0.0%, 4=0.0%, 8=0.0%, 16=0.0%, 32=0.0%, >=64=0.0%
     submit    : 0=0.0%, 4=100.0%, 8=0.0%, 16=0.0%, 32=0.0%, 64=0.0%, >=64=0.0%
     complete  : 0=0.0%, 4=100.0%, 8=0.0%, 16=0.0%, 32=0.0%, 64=0.0%, >=64=0.0%
     issued rwts: total=0,7804,0,0 short=0,0,0,0 dropped=0,0,0,0
     latency   : target=0, window=0, percentile=100.00%, depth=1
bursty: (groupid=0, jobs=1): err= 0: pid=814512: Tue Sep  2 20:25:58 2025
  write: IOPS=279, BW=1119KiB/s (1146kB/s)(32.8MiB/30000msec); 0 zone resets
    clat (usec): min=24, max=2260, avg=43.58, stdev=29.45
     lat (usec): min=28, max=2267, avg=50.50, stdev=29.68
    clat percentiles (usec):
     |  1.00th=[   28],  5.00th=[   30], 10.00th=[   32], 20.00th=[   35],
     | 30.00th=[   38], 40.00th=[   40], 50.00th=[   43], 60.00th=[   45],
     | 70.00th=[   47], 80.00th=[   49], 90.00th=[   56], 95.00th=[   62],
     | 99.00th=[   75], 99.50th=[   83], 99.90th=[  310], 99.95th=[  478],
     | 99.99th=[ 2245]
   bw (  KiB/s): min= 2573, max=13552, per=0.18%, avg=9593.86, stdev=4296.06, samples=7
   iops        : min=  643, max= 3388, avg=2398.43, stdev=1074.08, samples=7
  lat (usec)   : 50=83.05%, 100=16.71%, 250=0.12%, 500=0.08%, 750=0.02%
  lat (msec)   : 4=0.01%
  cpu          : usr=0.17%, sys=0.30%, ctx=8604, majf=0, minf=14707
  IO depths    : 1=100.0%, 2=0.0%, 4=0.0%, 8=0.0%, 16=0.0%, 32=0.0%, >=64=0.0%
     submit    : 0=0.0%, 4=100.0%, 8=0.0%, 16=0.0%, 32=0.0%, 64=0.0%, >=64=0.0%
     complete  : 0=0.0%, 4=100.0%, 8=0.0%, 16=0.0%, 32=0.0%, 64=0.0%, >=64=0.0%
     issued rwts: total=0,8394,0,0 short=0,0,0,0 dropped=0,0,0,0
     latency   : target=0, window=0, percentile=100.00%, depth=1
bursty: (groupid=0, jobs=1): err= 0: pid=814513: Tue Sep  2 20:25:58 2025
  write: IOPS=274, BW=1097KiB/s (1123kB/s)(32.1MiB/30001msec); 0 zone resets
    clat (usec): min=24, max=3832, avg=44.98, stdev=71.46
     lat (usec): min=28, max=3842, avg=52.14, stdev=71.60
    clat percentiles (usec):
     |  1.00th=[   28],  5.00th=[   30], 10.00th=[   32], 20.00th=[   35],
     | 30.00th=[   38], 40.00th=[   40], 50.00th=[   43], 60.00th=[   45],
     | 70.00th=[   47], 80.00th=[   51], 90.00th=[   57], 95.00th=[   63],
     | 99.00th=[   76], 99.50th=[   82], 99.90th=[  196], 99.95th=[  433],
     | 99.99th=[ 3818]
   bw (  KiB/s): min= 2573, max=13328, per=0.17%, avg=9399.43, stdev=4375.28, samples=7
   iops        : min=  643, max= 3332, avg=2349.71, stdev=1093.80, samples=7
  lat (usec)   : 50=79.25%, 100=20.58%, 250=0.10%, 500=0.02%
  lat (msec)   : 4=0.05%
  cpu          : usr=0.15%, sys=0.27%, ctx=8498, majf=0, minf=12165
  IO depths    : 1=100.0%, 2=0.0%, 4=0.0%, 8=0.0%, 16=0.0%, 32=0.0%, >=64=0.0%
     submit    : 0=0.0%, 4=100.0%, 8=0.0%, 16=0.0%, 32=0.0%, 64=0.0%, >=64=0.0%
     complete  : 0=0.0%, 4=100.0%, 8=0.0%, 16=0.0%, 32=0.0%, 64=0.0%, >=64=0.0%
     issued rwts: total=0,8227,0,0 short=0,0,0,0 dropped=0,0,0,0
     latency   : target=0, window=0, percentile=100.00%, depth=1
bursty: (groupid=0, jobs=1): err= 0: pid=814514: Tue Sep  2 20:25:58 2025
  write: IOPS=284, BW=1138KiB/s (1165kB/s)(33.3MiB/30000msec); 0 zone resets
    clat (usec): min=23, max=3334, avg=43.52, stdev=53.83
     lat (usec): min=29, max=3340, avg=50.60, stdev=54.03
    clat percentiles (usec):
     |  1.00th=[   28],  5.00th=[   30], 10.00th=[   31], 20.00th=[   34],
     | 30.00th=[   36], 40.00th=[   39], 50.00th=[   42], 60.00th=[   44],
     | 70.00th=[   46], 80.00th=[   49], 90.00th=[   55], 95.00th=[   61],
     | 99.00th=[   77], 99.50th=[   84], 99.90th=[  269], 99.95th=[  486],
     | 99.99th=[ 3326]
   bw (  KiB/s): min= 2568, max=13272, per=0.18%, avg=9755.43, stdev=4430.49, samples=7
   iops        : min=  642, max= 3318, avg=2438.86, stdev=1107.62, samples=7
  lat (usec)   : 50=82.80%, 100=16.99%, 250=0.11%, 500=0.06%
  lat (msec)   : 2=0.02%, 4=0.02%
  cpu          : usr=0.13%, sys=0.28%, ctx=8768, majf=0, minf=12338
  IO depths    : 1=100.0%, 2=0.0%, 4=0.0%, 8=0.0%, 16=0.0%, 32=0.0%, >=64=0.0%
     submit    : 0=0.0%, 4=100.0%, 8=0.0%, 16=0.0%, 32=0.0%, 64=0.0%, >=64=0.0%
     complete  : 0=0.0%, 4=100.0%, 8=0.0%, 16=0.0%, 32=0.0%, 64=0.0%, >=64=0.0%
     issued rwts: total=0,8536,0,0 short=0,0,0,0 dropped=0,0,0,0
     latency   : target=0, window=0, percentile=100.00%, depth=1

Run status group 0 (all jobs):
  WRITE: bw=5307MiB/s (5565MB/s), 1041KiB/s-99.1MiB/s (1066kB/s-104MB/s), io=156GiB (167GB), run=30000-30008msec

Disk stats (read/write):
  nvme5n2: ios=0/4505266, sectors=0/36042128, merge=0/0, ticks=0/150571, in_queue=150571, util=98.42%
  nvme5n3: ios=0/4513988, sectors=0/36111904, merge=0/0, ticks=0/150276, in_queue=150276, util=98.49%
  nvme5n4: ios=0/4511072, sectors=0/36088576, merge=0/0, ticks=0/150216, in_queue=150216, util=98.58%
  nvme5n5: ios=0/4518330, sectors=0/36146640, merge=0/0, ticks=0/150669, in_queue=150669, util=98.64%
  nvme5n6: ios=0/4509230, sectors=0/36073840, merge=0/0, ticks=0/150809, in_queue=150809, util=98.71%
  nvme5n7: ios=0/4481083, sectors=0/35848664, merge=0/0, ticks=0/150577, in_queue=150577, util=98.60%
  nvme5n8: ios=0/4505259, sectors=0/36042072, merge=0/0, ticks=0/150937, in_queue=150937, util=98.83%
  nvme5n9: ios=0/4475194, sectors=0/35801552, merge=0/0, ticks=0/150880, in_queue=150880, util=98.85%
  nvme5n10: ios=0/4464969, sectors=0/35719752, merge=0/0, ticks=0/150947, in_queue=150947, util=98.74%
  nvme5n1: ios=0/133596, sectors=0/1068768, merge=0/0, ticks=0/5069, in_queue=5069, util=3.46%
