bursty: (g=0): rw=randwrite, bs=(R) 4096B-4096B, (W) 4096B-4096B, (T) 4096B-4096B, ioengine=psync, iodepth=1
...
fio-3.37-114-gf0af0-dirty
Starting 16 threads

bursty: (groupid=0, jobs=1): err= 0: pid=906942: Sat Sep  6 19:17:59 2025
  write: IOPS=49, BW=197KiB/s (202kB/s)(5908KiB/30001msec); 0 zone resets
    clat (usec): min=38, max=744, avg=186.26, stdev=101.36
     lat (usec): min=47, max=929, avg=242.13, stdev=138.73
    clat percentiles (usec):
     |  1.00th=[   41],  5.00th=[   48], 10.00th=[   58], 20.00th=[   84],
     | 30.00th=[  149], 40.00th=[  159], 50.00th=[  172], 60.00th=[  198],
     | 70.00th=[  215], 80.00th=[  258], 90.00th=[  326], 95.00th=[  367],
     | 99.00th=[  490], 99.50th=[  586], 99.90th=[  660], 99.95th=[  742],
     | 99.99th=[  742]
   bw (  KiB/s): min=  632, max= 2752, per=23.23%, avg=1688.00, stdev=677.60, samples=7
   iops        : min=  158, max=  688, avg=422.00, stdev=169.40, samples=7
  lat (usec)   : 50=6.97%, 100=15.57%, 250=55.25%, 500=21.26%, 750=0.95%
  cpu          : usr=0.22%, sys=0.13%, ctx=1490, majf=0, minf=0
  IO depths    : 1=100.0%, 2=0.0%, 4=0.0%, 8=0.0%, 16=0.0%, 32=0.0%, >=64=0.0%
     submit    : 0=0.0%, 4=100.0%, 8=0.0%, 16=0.0%, 32=0.0%, 64=0.0%, >=64=0.0%
     complete  : 0=0.0%, 4=100.0%, 8=0.0%, 16=0.0%, 32=0.0%, 64=0.0%, >=64=0.0%
     issued rwts: total=0,1477,0,0 short=0,0,0,0 dropped=0,0,0,0
     latency   : target=0, window=0, percentile=100.00%, depth=1
bursty: (groupid=0, jobs=1): err= 0: pid=906943: Sat Sep  6 19:17:59 2025
  write: IOPS=104, BW=419KiB/s (429kB/s)(12.3MiB/30001msec); 0 zone resets
    clat (usec): min=34, max=900, avg=80.30, stdev=85.12
     lat (usec): min=42, max=1069, avg=126.28, stdev=135.22
    clat percentiles (usec):
     |  1.00th=[   36],  5.00th=[   38], 10.00th=[   39], 20.00th=[   40],
     | 30.00th=[   41], 40.00th=[   42], 50.00th=[   44], 60.00th=[   46],
     | 70.00th=[   60], 80.00th=[   89], 90.00th=[  194], 95.00th=[  310],
     | 99.00th=[  392], 99.50th=[  433], 99.90th=[  545], 99.95th=[  635],
     | 99.99th=[  898]
   bw (  KiB/s): min=  688, max=10200, per=49.41%, avg=3590.86, stdev=3550.42, samples=7
   iops        : min=  172, max= 2550, avg=897.71, stdev=887.60, samples=7
  lat (usec)   : 50=65.09%, 100=19.64%, 250=7.51%, 500=7.61%, 750=0.13%
  lat (usec)   : 1000=0.03%
  cpu          : usr=0.23%, sys=0.13%, ctx=3169, majf=0, minf=0
  IO depths    : 1=100.0%, 2=0.0%, 4=0.0%, 8=0.0%, 16=0.0%, 32=0.0%, >=64=0.0%
     submit    : 0=0.0%, 4=100.0%, 8=0.0%, 16=0.0%, 32=0.0%, 64=0.0%, >=64=0.0%
     complete  : 0=0.0%, 4=100.0%, 8=0.0%, 16=0.0%, 32=0.0%, 64=0.0%, >=64=0.0%
     issued rwts: total=0,3142,0,0 short=0,0,0,0 dropped=0,0,0,0
     latency   : target=0, window=0, percentile=100.00%, depth=1
bursty: (groupid=0, jobs=1): err= 0: pid=906944: Sat Sep  6 19:17:59 2025
  write: IOPS=204, BW=819KiB/s (838kB/s)(24.0MiB/30001msec); 0 zone resets
    clat (usec): min=36, max=707, avg=54.65, stdev=48.06
     lat (usec): min=42, max=951, avg=69.82, stdev=68.64
    clat percentiles (usec):
     |  1.00th=[   39],  5.00th=[   40], 10.00th=[   41], 20.00th=[   42],
     | 30.00th=[   42], 40.00th=[   43], 50.00th=[   44], 60.00th=[   45],
     | 70.00th=[   46], 80.00th=[   49], 90.00th=[   59], 95.00th=[   93],
     | 99.00th=[  310], 99.50th=[  363], 99.90th=[  478], 99.95th=[  627],
     | 99.99th=[  709]
   bw (  KiB/s): min=  792, max=11136, per=96.58%, avg=7017.86, stdev=4206.58, samples=7
   iops        : min=  198, max= 2784, avg=1754.43, stdev=1051.69, samples=7
  lat (usec)   : 50=83.29%, 100=12.12%, 250=2.48%, 500=2.04%, 750=0.08%
  cpu          : usr=0.24%, sys=0.16%, ctx=6164, majf=0, minf=0
  IO depths    : 1=100.0%, 2=0.0%, 4=0.0%, 8=0.0%, 16=0.0%, 32=0.0%, >=64=0.0%
     submit    : 0=0.0%, 4=100.0%, 8=0.0%, 16=0.0%, 32=0.0%, 64=0.0%, >=64=0.0%
     complete  : 0=0.0%, 4=100.0%, 8=0.0%, 16=0.0%, 32=0.0%, 64=0.0%, >=64=0.0%
     issued rwts: total=0,6140,0,0 short=0,0,0,0 dropped=0,0,0,0
     latency   : target=0, window=0, percentile=100.00%, depth=1
bursty: (groupid=0, jobs=1): err= 0: pid=906945: Sat Sep  6 19:17:59 2025
  write: IOPS=108, BW=433KiB/s (443kB/s)(12.7MiB/30001msec); 0 zone resets
    clat (usec): min=29, max=720, avg=91.51, stdev=99.20
     lat (usec): min=39, max=866, avg=124.47, stdev=137.31
    clat percentiles (usec):
     |  1.00th=[   32],  5.00th=[   35], 10.00th=[   36], 20.00th=[   38],
     | 30.00th=[   40], 40.00th=[   42], 50.00th=[   43], 60.00th=[   46],
     | 70.00th=[   60], 80.00th=[  153], 90.00th=[  243], 95.00th=[  318],
     | 99.00th=[  453], 99.50th=[  498], 99.90th=[  635], 99.95th=[  676],
     | 99.99th=[  717]
   bw (  KiB/s): min=  616, max= 6640, per=51.09%, avg=3712.29, stdev=2377.01, samples=7
   iops        : min=  154, max= 1660, avg=928.00, stdev=594.34, samples=7
  lat (usec)   : 50=65.86%, 100=10.68%, 250=14.25%, 500=8.71%, 750=0.49%
  cpu          : usr=0.22%, sys=0.15%, ctx=3260, majf=0, minf=0
  IO depths    : 1=100.0%, 2=0.0%, 4=0.0%, 8=0.0%, 16=0.0%, 32=0.0%, >=64=0.0%
     submit    : 0=0.0%, 4=100.0%, 8=0.0%, 16=0.0%, 32=0.0%, 64=0.0%, >=64=0.0%
     complete  : 0=0.0%, 4=100.0%, 8=0.0%, 16=0.0%, 32=0.0%, 64=0.0%, >=64=0.0%
     issued rwts: total=0,3248,0,0 short=0,0,0,0 dropped=0,0,0,0
     latency   : target=0, window=0, percentile=100.00%, depth=1
bursty: (groupid=0, jobs=1): err= 0: pid=906946: Sat Sep  6 19:17:59 2025
  write: IOPS=222, BW=891KiB/s (912kB/s)(26.1MiB/30001msec); 0 zone resets
    clat (usec): min=29, max=583, avg=48.36, stdev=45.97
     lat (usec): min=38, max=750, avg=63.23, stdev=65.00
    clat percentiles (usec):
     |  1.00th=[   33],  5.00th=[   34], 10.00th=[   35], 20.00th=[   36],
     | 30.00th=[   37], 40.00th=[   37], 50.00th=[   38], 60.00th=[   39],
     | 70.00th=[   40], 80.00th=[   42], 90.00th=[   53], 95.00th=[   91],
     | 99.00th=[  306], 99.50th=[  343], 99.90th=[  445], 99.95th=[  453],
     | 99.99th=[  586]
   bw (  KiB/s): min= 1608, max=11072, per=100.00%, avg=7634.29, stdev=4063.70, samples=7
   iops        : min=  402, max= 2768, avg=1908.57, stdev=1015.92, samples=7
  lat (usec)   : 50=89.09%, 100=6.38%, 250=2.60%, 500=1.90%, 750=0.03%
  cpu          : usr=0.26%, sys=0.23%, ctx=6706, majf=0, minf=0
  IO depths    : 1=100.0%, 2=0.0%, 4=0.0%, 8=0.0%, 16=0.0%, 32=0.0%, >=64=0.0%
     submit    : 0=0.0%, 4=100.0%, 8=0.0%, 16=0.0%, 32=0.0%, 64=0.0%, >=64=0.0%
     complete  : 0=0.0%, 4=100.0%, 8=0.0%, 16=0.0%, 32=0.0%, 64=0.0%, >=64=0.0%
     issued rwts: total=0,6680,0,0 short=0,0,0,0 dropped=0,0,0,0
     latency   : target=0, window=0, percentile=100.00%, depth=1
bursty: (groupid=0, jobs=1): err= 0: pid=906947: Sat Sep  6 19:17:59 2025
  write: IOPS=70, BW=283KiB/s (290kB/s)(8496KiB/30001msec); 0 zone resets
    clat (usec): min=36, max=700, avg=119.66, stdev=93.47
     lat (usec): min=47, max=916, avg=170.19, stdev=131.38
    clat percentiles (usec):
     |  1.00th=[   39],  5.00th=[   41], 10.00th=[   41], 20.00th=[   43],
     | 30.00th=[   47], 40.00th=[   56], 50.00th=[   81], 60.00th=[  115],
     | 70.00th=[  157], 80.00th=[  196], 90.00th=[  258], 95.00th=[  310],
     | 99.00th=[  400], 99.50th=[  445], 99.90th=[  562], 99.95th=[  652],
     | 99.99th=[  701]
   bw (  KiB/s): min=  624, max= 6368, per=33.40%, avg=2427.43, stdev=1918.39, samples=7
   iops        : min=  156, max= 1592, avg=606.86, stdev=479.60, samples=7
  lat (usec)   : 50=34.98%, 100=22.93%, 250=31.12%, 500=10.69%, 750=0.28%
  cpu          : usr=0.23%, sys=0.13%, ctx=2136, majf=0, minf=0
  IO depths    : 1=100.0%, 2=0.0%, 4=0.0%, 8=0.0%, 16=0.0%, 32=0.0%, >=64=0.0%
     submit    : 0=0.0%, 4=100.0%, 8=0.0%, 16=0.0%, 32=0.0%, 64=0.0%, >=64=0.0%
     complete  : 0=0.0%, 4=100.0%, 8=0.0%, 16=0.0%, 32=0.0%, 64=0.0%, >=64=0.0%
     issued rwts: total=0,2124,0,0 short=0,0,0,0 dropped=0,0,0,0
     latency   : target=0, window=0, percentile=100.00%, depth=1
bursty: (groupid=0, jobs=1): err= 0: pid=906948: Sat Sep  6 19:17:59 2025
  write: IOPS=55, BW=222KiB/s (228kB/s)(6672KiB/30001msec); 0 zone resets
    clat (usec): min=37, max=708, avg=140.04, stdev=107.73
     lat (usec): min=47, max=898, avg=206.65, stdev=155.39
    clat percentiles (usec):
     |  1.00th=[   39],  5.00th=[   41], 10.00th=[   43], 20.00th=[   45],
     | 30.00th=[   50], 40.00th=[   68], 50.00th=[   91], 60.00th=[  153],
     | 70.00th=[  194], 80.00th=[  233], 90.00th=[  297], 95.00th=[  347],
     | 99.00th=[  445], 99.50th=[  494], 99.90th=[  586], 99.95th=[  709],
     | 99.99th=[  709]
   bw (  KiB/s): min=  712, max= 3808, per=26.23%, avg=1906.57, stdev=1004.74, samples=7
   iops        : min=  178, max=  952, avg=476.57, stdev=251.24, samples=7
  lat (usec)   : 50=30.70%, 100=21.70%, 250=29.92%, 500=17.21%, 750=0.48%
  cpu          : usr=0.23%, sys=0.15%, ctx=1680, majf=0, minf=0
  IO depths    : 1=100.0%, 2=0.0%, 4=0.0%, 8=0.0%, 16=0.0%, 32=0.0%, >=64=0.0%
     submit    : 0=0.0%, 4=100.0%, 8=0.0%, 16=0.0%, 32=0.0%, 64=0.0%, >=64=0.0%
     complete  : 0=0.0%, 4=100.0%, 8=0.0%, 16=0.0%, 32=0.0%, 64=0.0%, >=64=0.0%
     issued rwts: total=0,1668,0,0 short=0,0,0,0 dropped=0,0,0,0
     latency   : target=0, window=0, percentile=100.00%, depth=1
bursty: (groupid=0, jobs=1): err= 0: pid=906949: Sat Sep  6 19:17:59 2025
  write: IOPS=122, BW=492KiB/s (504kB/s)(14.4MiB/30001msec); 0 zone resets
    clat (usec): min=29, max=582, avg=72.39, stdev=79.79
     lat (usec): min=38, max=814, avg=104.11, stdev=120.38
    clat percentiles (usec):
     |  1.00th=[   32],  5.00th=[   33], 10.00th=[   35], 20.00th=[   37],
     | 30.00th=[   39], 40.00th=[   41], 50.00th=[   42], 60.00th=[   44],
     | 70.00th=[   48], 80.00th=[   71], 90.00th=[  163], 95.00th=[  285],
     | 99.00th=[  400], 99.50th=[  445], 99.90th=[  562], 99.95th=[  578],
     | 99.99th=[  586]
   bw (  KiB/s): min=  824, max= 9496, per=58.00%, avg=4214.86, stdev=2867.62, samples=7
   iops        : min=  206, max= 2374, avg=1053.71, stdev=716.90, samples=7
  lat (usec)   : 50=73.13%, 100=12.28%, 250=8.05%, 500=6.32%, 750=0.22%
  cpu          : usr=0.22%, sys=0.18%, ctx=3719, majf=0, minf=0
  IO depths    : 1=100.0%, 2=0.0%, 4=0.0%, 8=0.0%, 16=0.0%, 32=0.0%, >=64=0.0%
     submit    : 0=0.0%, 4=100.0%, 8=0.0%, 16=0.0%, 32=0.0%, 64=0.0%, >=64=0.0%
     complete  : 0=0.0%, 4=100.0%, 8=0.0%, 16=0.0%, 32=0.0%, 64=0.0%, >=64=0.0%
     issued rwts: total=0,3688,0,0 short=0,0,0,0 dropped=0,0,0,0
     latency   : target=0, window=0, percentile=100.00%, depth=1
bursty: (groupid=0, jobs=1): err= 0: pid=906950: Sat Sep  6 19:17:59 2025
  write: IOPS=168, BW=675KiB/s (692kB/s)(19.8MiB/30001msec); 0 zone resets
    clat (usec): min=32, max=658, avg=69.61, stdev=74.14
     lat (usec): min=37, max=932, avg=87.18, stdev=93.99
    clat percentiles (usec):
     |  1.00th=[   34],  5.00th=[   36], 10.00th=[   37], 20.00th=[   38],
     | 30.00th=[   40], 40.00th=[   41], 50.00th=[   42], 60.00th=[   43],
     | 70.00th=[   46], 80.00th=[   56], 90.00th=[  184], 95.00th=[  260],
     | 99.00th=[  347], 99.50th=[  388], 99.90th=[  537], 99.95th=[  586],
     | 99.99th=[  660]
   bw (  KiB/s): min=  632, max=11432, per=79.66%, avg=5788.57, stdev=4012.82, samples=7
   iops        : min=  158, max= 2858, avg=1447.14, stdev=1003.20, samples=7
  lat (usec)   : 50=76.92%, 100=9.42%, 250=7.88%, 500=5.61%, 750=0.18%
  cpu          : usr=0.20%, sys=0.17%, ctx=5106, majf=0, minf=0
  IO depths    : 1=100.0%, 2=0.0%, 4=0.0%, 8=0.0%, 16=0.0%, 32=0.0%, >=64=0.0%
     submit    : 0=0.0%, 4=100.0%, 8=0.0%, 16=0.0%, 32=0.0%, 64=0.0%, >=64=0.0%
     complete  : 0=0.0%, 4=100.0%, 8=0.0%, 16=0.0%, 32=0.0%, 64=0.0%, >=64=0.0%
     issued rwts: total=0,5065,0,0 short=0,0,0,0 dropped=0,0,0,0
     latency   : target=0, window=0, percentile=100.00%, depth=1
bursty: (groupid=0, jobs=1): err= 0: pid=906951: Sat Sep  6 19:17:59 2025
  write: IOPS=98, BW=393KiB/s (402kB/s)(11.5MiB/30001msec); 0 zone resets
    clat (usec): min=36, max=708, avg=112.49, stdev=103.70
     lat (usec): min=44, max=872, avg=162.66, stdev=164.65
    clat percentiles (usec):
     |  1.00th=[   38],  5.00th=[   39], 10.00th=[   40], 20.00th=[   42],
     | 30.00th=[   43], 40.00th=[   44], 50.00th=[   45], 60.00th=[   51],
     | 70.00th=[  178], 80.00th=[  217], 90.00th=[  262], 95.00th=[  310],
     | 99.00th=[  404], 99.50th=[  449], 99.90th=[  594], 99.95th=[  611],
     | 99.99th=[  709]
   bw (  KiB/s): min=  592, max= 9400, per=46.37%, avg=3369.14, stdev=3476.11, samples=7
   iops        : min=  148, max= 2350, avg=842.29, stdev=869.03, samples=7
  lat (usec)   : 50=59.29%, 100=6.75%, 250=21.03%, 500=12.62%, 750=0.31%
  cpu          : usr=0.21%, sys=0.14%, ctx=2960, majf=0, minf=0
  IO depths    : 1=100.0%, 2=0.0%, 4=0.0%, 8=0.0%, 16=0.0%, 32=0.0%, >=64=0.0%
     submit    : 0=0.0%, 4=100.0%, 8=0.0%, 16=0.0%, 32=0.0%, 64=0.0%, >=64=0.0%
     complete  : 0=0.0%, 4=100.0%, 8=0.0%, 16=0.0%, 32=0.0%, 64=0.0%, >=64=0.0%
     issued rwts: total=0,2948,0,0 short=0,0,0,0 dropped=0,0,0,0
     latency   : target=0, window=0, percentile=100.00%, depth=1
bursty: (groupid=0, jobs=1): err= 0: pid=906952: Sat Sep  6 19:17:59 2025
  write: IOPS=59, BW=237KiB/s (242kB/s)(7104KiB/30001msec); 0 zone resets
    clat (usec): min=37, max=659, avg=157.68, stdev=120.02
     lat (usec): min=48, max=810, avg=226.01, stdev=162.67
    clat percentiles (usec):
     |  1.00th=[   39],  5.00th=[   41], 10.00th=[   43], 20.00th=[   46],
     | 30.00th=[   57], 40.00th=[   81], 50.00th=[  109], 60.00th=[  165],
     | 70.00th=[  219], 80.00th=[  285], 90.00th=[  330], 95.00th=[  367],
     | 99.00th=[  494], 99.50th=[  594], 99.90th=[  644], 99.95th=[  660],
     | 99.99th=[  660]
   bw (  KiB/s): min=  568, max= 4808, per=27.93%, avg=2029.71, stdev=1347.54, samples=7
   iops        : min=  142, max= 1202, avg=507.43, stdev=336.89, samples=7
  lat (usec)   : 50=24.94%, 100=23.59%, 250=25.17%, 500=25.34%, 750=0.96%
  cpu          : usr=0.13%, sys=0.14%, ctx=1788, majf=0, minf=0
  IO depths    : 1=100.0%, 2=0.0%, 4=0.0%, 8=0.0%, 16=0.0%, 32=0.0%, >=64=0.0%
     submit    : 0=0.0%, 4=100.0%, 8=0.0%, 16=0.0%, 32=0.0%, 64=0.0%, >=64=0.0%
     complete  : 0=0.0%, 4=100.0%, 8=0.0%, 16=0.0%, 32=0.0%, 64=0.0%, >=64=0.0%
     issued rwts: total=0,1776,0,0 short=0,0,0,0 dropped=0,0,0,0
     latency   : target=0, window=0, percentile=100.00%, depth=1
bursty: (groupid=0, jobs=1): err= 0: pid=906953: Sat Sep  6 19:17:59 2025
  write: IOPS=64, BW=258KiB/s (264kB/s)(7736KiB/30001msec); 0 zone resets
    clat (usec): min=26, max=536, avg=128.72, stdev=108.12
     lat (usec): min=33, max=688, avg=200.62, stdev=161.16
    clat percentiles (usec):
     |  1.00th=[   32],  5.00th=[   34], 10.00th=[   35], 20.00th=[   38],
     | 30.00th=[   42], 40.00th=[   51], 50.00th=[   83], 60.00th=[  109],
     | 70.00th=[  172], 80.00th=[  241], 90.00th=[  297], 95.00th=[  338],
     | 99.00th=[  408], 99.50th=[  445], 99.90th=[  478], 99.95th=[  537],
     | 99.99th=[  537]
   bw (  KiB/s): min=  680, max= 4928, per=30.42%, avg=2210.29, stdev=1443.08, samples=7
   iops        : min=  170, max= 1232, avg=552.57, stdev=360.77, samples=7
  lat (usec)   : 50=39.30%, 100=19.29%, 250=22.85%, 500=18.51%, 750=0.05%
  cpu          : usr=0.15%, sys=0.13%, ctx=1952, majf=0, minf=0
  IO depths    : 1=100.0%, 2=0.0%, 4=0.0%, 8=0.0%, 16=0.0%, 32=0.0%, >=64=0.0%
     submit    : 0=0.0%, 4=100.0%, 8=0.0%, 16=0.0%, 32=0.0%, 64=0.0%, >=64=0.0%
     complete  : 0=0.0%, 4=100.0%, 8=0.0%, 16=0.0%, 32=0.0%, 64=0.0%, >=64=0.0%
     issued rwts: total=0,1934,0,0 short=0,0,0,0 dropped=0,0,0,0
     latency   : target=0, window=0, percentile=100.00%, depth=1
bursty: (groupid=0, jobs=1): err= 0: pid=906954: Sat Sep  6 19:17:59 2025
  write: IOPS=46, BW=186KiB/s (190kB/s)(5576KiB/30001msec); 0 zone resets
    clat (usec): min=34, max=591, avg=208.94, stdev=96.33
     lat (usec): min=40, max=740, avg=288.04, stdev=143.91
    clat percentiles (usec):
     |  1.00th=[   38],  5.00th=[   42], 10.00th=[   57], 20.00th=[  149],
     | 30.00th=[  163], 40.00th=[  174], 50.00th=[  202], 60.00th=[  219],
     | 70.00th=[  255], 80.00th=[  297], 90.00th=[  343], 95.00th=[  371],
     | 99.00th=[  424], 99.50th=[  482], 99.90th=[  578], 99.95th=[  594],
     | 99.99th=[  594]
   bw (  KiB/s): min=  584, max= 2557, per=21.93%, avg=1593.29, stdev=627.07, samples=7
   iops        : min=  146, max=  639, avg=398.29, stdev=156.70, samples=7
  lat (usec)   : 50=8.82%, 100=4.73%, 250=55.02%, 500=31.13%, 750=0.29%
  cpu          : usr=0.12%, sys=0.15%, ctx=1435, majf=0, minf=0
  IO depths    : 1=100.0%, 2=0.0%, 4=0.0%, 8=0.0%, 16=0.0%, 32=0.0%, >=64=0.0%
     submit    : 0=0.0%, 4=100.0%, 8=0.0%, 16=0.0%, 32=0.0%, 64=0.0%, >=64=0.0%
     complete  : 0=0.0%, 4=100.0%, 8=0.0%, 16=0.0%, 32=0.0%, 64=0.0%, >=64=0.0%
     issued rwts: total=0,1394,0,0 short=0,0,0,0 dropped=0,0,0,0
     latency   : target=0, window=0, percentile=100.00%, depth=1
bursty: (groupid=0, jobs=1): err= 0: pid=906955: Sat Sep  6 19:17:59 2025
  write: IOPS=138, BW=552KiB/s (566kB/s)(16.2MiB/30001msec); 0 zone resets
    clat (usec): min=34, max=640, avg=83.14, stdev=87.43
     lat (usec): min=38, max=820, avg=112.16, stdev=122.23
    clat percentiles (usec):
     |  1.00th=[   36],  5.00th=[   37], 10.00th=[   38], 20.00th=[   40],
     | 30.00th=[   41], 40.00th=[   42], 50.00th=[   43], 60.00th=[   46],
     | 70.00th=[   52], 80.00th=[   87], 90.00th=[  235], 95.00th=[  306],
     | 99.00th=[  375], 99.50th=[  400], 99.90th=[  498], 99.95th=[  545],
     | 99.99th=[  644]
   bw (  KiB/s): min=  576, max= 9176, per=65.13%, avg=4732.43, stdev=3330.69, samples=7
   iops        : min=  144, max= 2294, avg=1183.00, stdev=832.79, samples=7
  lat (usec)   : 50=68.52%, 100=12.96%, 250=9.56%, 500=8.86%, 750=0.10%
  cpu          : usr=0.14%, sys=0.12%, ctx=4155, majf=0, minf=0
  IO depths    : 1=100.0%, 2=0.0%, 4=0.0%, 8=0.0%, 16=0.0%, 32=0.0%, >=64=0.0%
     submit    : 0=0.0%, 4=100.0%, 8=0.0%, 16=0.0%, 32=0.0%, 64=0.0%, >=64=0.0%
     complete  : 0=0.0%, 4=100.0%, 8=0.0%, 16=0.0%, 32=0.0%, 64=0.0%, >=64=0.0%
     issued rwts: total=0,4142,0,0 short=0,0,0,0 dropped=0,0,0,0
     latency   : target=0, window=0, percentile=100.00%, depth=1
bursty: (groupid=0, jobs=1): err= 0: pid=906956: Sat Sep  6 19:17:59 2025
  write: IOPS=87, BW=349KiB/s (357kB/s)(10.2MiB/30001msec); 0 zone resets
    clat (usec): min=31, max=630, avg=136.30, stdev=113.91
     lat (usec): min=40, max=823, avg=180.62, stdev=156.77
    clat percentiles (usec):
     |  1.00th=[   35],  5.00th=[   37], 10.00th=[   37], 20.00th=[   40],
     | 30.00th=[   43], 40.00th=[   47], 50.00th=[   67], 60.00th=[  153],
     | 70.00th=[  196], 80.00th=[  247], 90.00th=[  314], 95.00th=[  351],
     | 99.00th=[  433], 99.50th=[  457], 99.90th=[  523], 99.95th=[  537],
     | 99.99th=[  635]
   bw (  KiB/s): min=  616, max= 6208, per=41.10%, avg=2986.43, stdev=1930.99, samples=7
   iops        : min=  154, max= 1552, avg=746.57, stdev=482.74, samples=7
  lat (usec)   : 50=44.34%, 100=8.91%, 250=27.28%, 500=19.32%, 750=0.15%
  cpu          : usr=0.14%, sys=0.10%, ctx=2642, majf=0, minf=0
  IO depths    : 1=100.0%, 2=0.0%, 4=0.0%, 8=0.0%, 16=0.0%, 32=0.0%, >=64=0.0%
     submit    : 0=0.0%, 4=100.0%, 8=0.0%, 16=0.0%, 32=0.0%, 64=0.0%, >=64=0.0%
     complete  : 0=0.0%, 4=100.0%, 8=0.0%, 16=0.0%, 32=0.0%, 64=0.0%, >=64=0.0%
     issued rwts: total=0,2614,0,0 short=0,0,0,0 dropped=0,0,0,0
     latency   : target=0, window=0, percentile=100.00%, depth=1
bursty: (groupid=0, jobs=1): err= 0: pid=906957: Sat Sep  6 19:17:59 2025
  write: IOPS=215, BW=860KiB/s (881kB/s)(25.2MiB/30001msec); 0 zone resets
    clat (usec): min=25, max=486, avg=50.21, stdev=53.68
     lat (usec): min=31, max=736, avg=67.60, stdev=77.55
    clat percentiles (usec):
     |  1.00th=[   28],  5.00th=[   30], 10.00th=[   31], 20.00th=[   32],
     | 30.00th=[   33], 40.00th=[   34], 50.00th=[   35], 60.00th=[   36],
     | 70.00th=[   37], 80.00th=[   41], 90.00th=[   70], 95.00th=[  182],
     | 99.00th=[  310], 99.50th=[  343], 99.90th=[  429], 99.95th=[  433],
     | 99.99th=[  486]
   bw (  KiB/s): min= 1536, max=14624, per=100.00%, avg=7371.86, stdev=4552.97, samples=7
   iops        : min=  384, max= 3656, avg=1842.86, stdev=1138.16, samples=7
  lat (usec)   : 50=86.56%, 100=6.21%, 250=4.76%, 500=2.46%
  cpu          : usr=0.15%, sys=0.23%, ctx=6496, majf=0, minf=0
  IO depths    : 1=100.0%, 2=0.0%, 4=0.0%, 8=0.0%, 16=0.0%, 32=0.0%, >=64=0.0%
     submit    : 0=0.0%, 4=100.0%, 8=0.0%, 16=0.0%, 32=0.0%, 64=0.0%, >=64=0.0%
     complete  : 0=0.0%, 4=100.0%, 8=0.0%, 16=0.0%, 32=0.0%, 64=0.0%, >=64=0.0%
     issued rwts: total=0,6453,0,0 short=0,0,0,0 dropped=0,0,0,0
     latency   : target=0, window=0, percentile=100.00%, depth=1

Run status group 0 (all jobs):
  WRITE: bw=7265KiB/s (7440kB/s), 186KiB/s-891KiB/s (190kB/s-912kB/s), io=213MiB (223MB), run=30001-30001msec

Disk stats (read/write):
  nvme5n1: ios=63/54493, sectors=4008/435944, merge=0/0, ticks=16/4190, in_queue=4206, util=2.26%
