test_64kb_rwrite_5n2: (g=0): rw=randwrite, bs=(R) 4096B-4096B, (W) 4096B-4096B, (T) 4096B-4096B, ioengine=psync, iodepth=1
...
test_64kb_rwrite_5n3: (g=0): rw=randwrite, bs=(R) 4096B-4096B, (W) 4096B-4096B, (T) 4096B-4096B, ioengine=psync, iodepth=1
...
test_64kb_rwrite_5n4: (g=0): rw=randwrite, bs=(R) 4096B-4096B, (W) 4096B-4096B, (T) 4096B-4096B, ioengine=psync, iodepth=1
...
test_64kb_rwrite_5n5: (g=0): rw=randwrite, bs=(R) 4096B-4096B, (W) 4096B-4096B, (T) 4096B-4096B, ioengine=psync, iodepth=1
...
test_64kb_rwrite_5n6: (g=0): rw=randwrite, bs=(R) 4096B-4096B, (W) 4096B-4096B, (T) 4096B-4096B, ioengine=psync, iodepth=1
...
test_64kb_rwrite_5n7: (g=0): rw=randwrite, bs=(R) 4096B-4096B, (W) 4096B-4096B, (T) 4096B-4096B, ioengine=psync, iodepth=1
...
test_64kb_rwrite_5n8: (g=0): rw=randwrite, bs=(R) 4096B-4096B, (W) 4096B-4096B, (T) 4096B-4096B, ioengine=psync, iodepth=1
...
test_64kb_rwrite_5n9: (g=0): rw=randwrite, bs=(R) 4096B-4096B, (W) 4096B-4096B, (T) 4096B-4096B, ioengine=psync, iodepth=1
...
test_64kb_rwrite_5n10: (g=0): rw=randwrite, bs=(R) 4096B-4096B, (W) 4096B-4096B, (T) 4096B-4096B, ioengine=psync, iodepth=1
...
bursty: (g=0): rw=randwrite, bs=(R) 4096B-4096B, (W) 4096B-4096B, (T) 4096B-4096B, ioengine=psync, iodepth=1
...
fio-3.37-114-gf0af0-dirty
Starting 43 threads

test_64kb_rwrite_5n2: (groupid=0, jobs=1): err= 0: pid=907425: Sat Sep  6 19:19:36 2025
  write: IOPS=26.1k, BW=102MiB/s (107MB/s)(3058MiB/30001msec); 0 zone resets
    clat (usec): min=21, max=4270, avg=37.55, stdev=12.26
     lat (usec): min=21, max=4270, avg=37.66, stdev=12.26
    clat percentiles (usec):
     |  1.00th=[   26],  5.00th=[   31], 10.00th=[   33], 20.00th=[   35],
     | 30.00th=[   36], 40.00th=[   37], 50.00th=[   38], 60.00th=[   38],
     | 70.00th=[   39], 80.00th=[   41], 90.00th=[   43], 95.00th=[   45],
     | 99.00th=[   56], 99.50th=[   61], 99.90th=[  202], 99.95th=[  237],
     | 99.99th=[  302]
   bw (  KiB/s): min=75936, max=126448, per=3.55%, avg=104178.72, stdev=7515.62, samples=60
   iops        : min=18984, max=31612, avg=26044.67, stdev=1878.92, samples=60
  lat (usec)   : 50=98.07%, 100=1.70%, 250=0.18%, 500=0.04%, 1000=0.01%
  lat (msec)   : 2=0.01%, 4=0.01%, 10=0.01%
  cpu          : usr=2.89%, sys=16.09%, ctx=782866, majf=0, minf=99447
  IO depths    : 1=100.0%, 2=0.0%, 4=0.0%, 8=0.0%, 16=0.0%, 32=0.0%, >=64=0.0%
     submit    : 0=0.0%, 4=100.0%, 8=0.0%, 16=0.0%, 32=0.0%, 64=0.0%, >=64=0.0%
     complete  : 0=0.0%, 4=100.0%, 8=0.0%, 16=0.0%, 32=0.0%, 64=0.0%, >=64=0.0%
     issued rwts: total=0,782858,0,0 short=0,0,0,0 dropped=0,0,0,0
     latency   : target=0, window=0, percentile=100.00%, depth=1
test_64kb_rwrite_5n2: (groupid=0, jobs=1): err= 0: pid=907426: Sat Sep  6 19:19:36 2025
  write: IOPS=26.9k, BW=105MiB/s (110MB/s)(3150MiB/30001msec); 0 zone resets
    clat (usec): min=21, max=2387, avg=36.40, stdev= 6.26
     lat (usec): min=21, max=2388, avg=36.52, stdev= 6.26
    clat percentiles (usec):
     |  1.00th=[   26],  5.00th=[   28], 10.00th=[   31], 20.00th=[   34],
     | 30.00th=[   35], 40.00th=[   36], 50.00th=[   37], 60.00th=[   38],
     | 70.00th=[   39], 80.00th=[   40], 90.00th=[   42], 95.00th=[   44],
     | 99.00th=[   53], 99.50th=[   58], 99.90th=[   68], 99.95th=[   74],
     | 99.99th=[  194]
   bw (  KiB/s): min=95304, max=132808, per=3.67%, avg=107465.57, stdev=7152.46, samples=60
   iops        : min=23828, max=33202, avg=26866.42, stdev=1788.07, samples=60
  lat (usec)   : 50=98.47%, 100=1.51%, 250=0.02%, 500=0.01%, 750=0.01%
  lat (usec)   : 1000=0.01%
  lat (msec)   : 2=0.01%, 4=0.01%
  cpu          : usr=2.91%, sys=16.15%, ctx=806405, majf=0, minf=126912
  IO depths    : 1=100.0%, 2=0.0%, 4=0.0%, 8=0.0%, 16=0.0%, 32=0.0%, >=64=0.0%
     submit    : 0=0.0%, 4=100.0%, 8=0.0%, 16=0.0%, 32=0.0%, 64=0.0%, >=64=0.0%
     complete  : 0=0.0%, 4=100.0%, 8=0.0%, 16=0.0%, 32=0.0%, 64=0.0%, >=64=0.0%
     issued rwts: total=0,806401,0,0 short=0,0,0,0 dropped=0,0,0,0
     latency   : target=0, window=0, percentile=100.00%, depth=1
test_64kb_rwrite_5n2: (groupid=0, jobs=1): err= 0: pid=907427: Sat Sep  6 19:19:36 2025
  write: IOPS=27.8k, BW=109MiB/s (114MB/s)(3262MiB/30001msec); 0 zone resets
    clat (usec): min=20, max=2544, avg=35.08, stdev= 8.00
     lat (usec): min=21, max=2544, avg=35.20, stdev= 8.00
    clat percentiles (usec):
     |  1.00th=[   25],  5.00th=[   26], 10.00th=[   27], 20.00th=[   29],
     | 30.00th=[   32], 40.00th=[   34], 50.00th=[   36], 60.00th=[   37],
     | 70.00th=[   38], 80.00th=[   40], 90.00th=[   43], 95.00th=[   45],
     | 99.00th=[   53], 99.50th=[   58], 99.90th=[   73], 99.95th=[  122],
     | 99.99th=[  231]
   bw (  KiB/s): min=90352, max=143496, per=3.80%, avg=111303.43, stdev=13521.46, samples=60
   iops        : min=22588, max=35874, avg=27825.83, stdev=3380.39, samples=60
  lat (usec)   : 50=98.43%, 100=1.51%, 250=0.05%, 500=0.01%, 1000=0.01%
  lat (msec)   : 2=0.01%, 4=0.01%
  cpu          : usr=3.23%, sys=17.10%, ctx=834948, majf=0, minf=133163
  IO depths    : 1=100.0%, 2=0.0%, 4=0.0%, 8=0.0%, 16=0.0%, 32=0.0%, >=64=0.0%
     submit    : 0=0.0%, 4=100.0%, 8=0.0%, 16=0.0%, 32=0.0%, 64=0.0%, >=64=0.0%
     complete  : 0=0.0%, 4=100.0%, 8=0.0%, 16=0.0%, 32=0.0%, 64=0.0%, >=64=0.0%
     issued rwts: total=0,834944,0,0 short=0,0,0,0 dropped=0,0,0,0
     latency   : target=0, window=0, percentile=100.00%, depth=1
test_64kb_rwrite_5n3: (groupid=0, jobs=1): err= 0: pid=907428: Sat Sep  6 19:19:36 2025
  write: IOPS=26.8k, BW=105MiB/s (110MB/s)(3146MiB/30036msec); 0 zone resets
    clat (usec): min=21, max=1043, avg=36.31, stdev= 7.04
     lat (usec): min=21, max=1043, avg=36.44, stdev= 7.04
    clat percentiles (usec):
     |  1.00th=[   25],  5.00th=[   27], 10.00th=[   28], 20.00th=[   32],
     | 30.00th=[   35], 40.00th=[   36], 50.00th=[   37], 60.00th=[   38],
     | 70.00th=[   39], 80.00th=[   41], 90.00th=[   43], 95.00th=[   45],
     | 99.00th=[   55], 99.50th=[   60], 99.90th=[   80], 99.95th=[  141],
     | 99.99th=[  221]
   bw (  KiB/s): min=92416, max=142792, per=3.66%, avg=107377.00, stdev=10231.09, samples=60
   iops        : min=23104, max=35698, avg=26844.25, stdev=2557.77, samples=60
  lat (usec)   : 50=98.22%, 100=1.71%, 250=0.06%, 500=0.01%, 1000=0.01%
  lat (msec)   : 2=0.01%
  cpu          : usr=3.20%, sys=17.11%, ctx=805481, majf=0, minf=124233
  IO depths    : 1=100.0%, 2=0.0%, 4=0.0%, 8=0.0%, 16=0.0%, 32=0.0%, >=64=0.0%
     submit    : 0=0.0%, 4=100.0%, 8=0.0%, 16=0.0%, 32=0.0%, 64=0.0%, >=64=0.0%
     complete  : 0=0.0%, 4=100.0%, 8=0.0%, 16=0.0%, 32=0.0%, 64=0.0%, >=64=0.0%
     issued rwts: total=0,805474,0,0 short=0,0,0,0 dropped=0,0,0,0
     latency   : target=0, window=0, percentile=100.00%, depth=1
test_64kb_rwrite_5n3: (groupid=0, jobs=1): err= 0: pid=907429: Sat Sep  6 19:19:36 2025
  write: IOPS=26.8k, BW=105MiB/s (110MB/s)(3139MiB/30001msec); 0 zone resets
    clat (usec): min=21, max=5606, avg=36.55, stdev=14.31
     lat (usec): min=21, max=5606, avg=36.66, stdev=14.31
    clat percentiles (usec):
     |  1.00th=[   26],  5.00th=[   28], 10.00th=[   31], 20.00th=[   34],
     | 30.00th=[   35], 40.00th=[   36], 50.00th=[   37], 60.00th=[   38],
     | 70.00th=[   38], 80.00th=[   39], 90.00th=[   41], 95.00th=[   44],
     | 99.00th=[   55], 99.50th=[   60], 99.90th=[  215], 99.95th=[  231],
     | 99.99th=[  297]
   bw (  KiB/s): min=76848, max=135648, per=3.65%, avg=107125.83, stdev=7749.13, samples=60
   iops        : min=19212, max=33912, avg=26781.45, stdev=1937.28, samples=60
  lat (usec)   : 50=98.28%, 100=1.46%, 250=0.22%, 500=0.03%, 750=0.01%
  lat (usec)   : 1000=0.01%
  lat (msec)   : 2=0.01%, 4=0.01%, 10=0.01%
  cpu          : usr=2.90%, sys=15.54%, ctx=803480, majf=0, minf=123448
  IO depths    : 1=100.0%, 2=0.0%, 4=0.0%, 8=0.0%, 16=0.0%, 32=0.0%, >=64=0.0%
     submit    : 0=0.0%, 4=100.0%, 8=0.0%, 16=0.0%, 32=0.0%, 64=0.0%, >=64=0.0%
     complete  : 0=0.0%, 4=100.0%, 8=0.0%, 16=0.0%, 32=0.0%, 64=0.0%, >=64=0.0%
     issued rwts: total=0,803471,0,0 short=0,0,0,0 dropped=0,0,0,0
     latency   : target=0, window=0, percentile=100.00%, depth=1
test_64kb_rwrite_5n3: (groupid=0, jobs=1): err= 0: pid=907430: Sat Sep  6 19:19:36 2025
  write: IOPS=26.9k, BW=105MiB/s (110MB/s)(3149MiB/30001msec); 0 zone resets
    clat (usec): min=21, max=3491, avg=36.39, stdev= 8.25
     lat (usec): min=21, max=3491, avg=36.50, stdev= 8.25
    clat percentiles (usec):
     |  1.00th=[   26],  5.00th=[   31], 10.00th=[   32], 20.00th=[   34],
     | 30.00th=[   35], 40.00th=[   36], 50.00th=[   37], 60.00th=[   37],
     | 70.00th=[   38], 80.00th=[   39], 90.00th=[   41], 95.00th=[   44],
     | 99.00th=[   53], 99.50th=[   58], 99.90th=[   80], 99.95th=[  153],
     | 99.99th=[  253]
   bw (  KiB/s): min=96392, max=117008, per=3.67%, avg=107697.64, stdev=4335.75, samples=59
   iops        : min=24098, max=29252, avg=26924.41, stdev=1083.94, samples=59
  lat (usec)   : 50=98.44%, 100=1.49%, 250=0.06%, 500=0.01%, 750=0.01%
  lat (usec)   : 1000=0.01%
  lat (msec)   : 2=0.01%, 4=0.01%
  cpu          : usr=2.91%, sys=16.41%, ctx=806104, majf=0, minf=136009
  IO depths    : 1=100.0%, 2=0.0%, 4=0.0%, 8=0.0%, 16=0.0%, 32=0.0%, >=64=0.0%
     submit    : 0=0.0%, 4=100.0%, 8=0.0%, 16=0.0%, 32=0.0%, 64=0.0%, >=64=0.0%
     complete  : 0=0.0%, 4=100.0%, 8=0.0%, 16=0.0%, 32=0.0%, 64=0.0%, >=64=0.0%
     issued rwts: total=0,806098,0,0 short=0,0,0,0 dropped=0,0,0,0
     latency   : target=0, window=0, percentile=100.00%, depth=1
test_64kb_rwrite_5n4: (groupid=0, jobs=1): err= 0: pid=907431: Sat Sep  6 19:19:36 2025
  write: IOPS=27.0k, BW=106MiB/s (111MB/s)(3169MiB/30001msec); 0 zone resets
    clat (usec): min=21, max=5786, avg=36.16, stdev=10.54
     lat (usec): min=21, max=5786, avg=36.27, stdev=10.54
    clat percentiles (usec):
     |  1.00th=[   26],  5.00th=[   30], 10.00th=[   31], 20.00th=[   33],
     | 30.00th=[   35], 40.00th=[   36], 50.00th=[   37], 60.00th=[   38],
     | 70.00th=[   38], 80.00th=[   39], 90.00th=[   41], 95.00th=[   43],
     | 99.00th=[   53], 99.50th=[   58], 99.90th=[   75], 99.95th=[  153],
     | 99.99th=[  231]
   bw (  KiB/s): min=91806, max=125328, per=3.69%, avg=108128.93, stdev=5638.52, samples=60
   iops        : min=22951, max=31332, avg=27032.22, stdev=1409.66, samples=60
  lat (usec)   : 50=98.46%, 100=1.47%, 250=0.06%, 500=0.01%, 750=0.01%
  lat (usec)   : 1000=0.01%
  lat (msec)   : 2=0.01%, 10=0.01%
  cpu          : usr=2.71%, sys=16.75%, ctx=811342, majf=0, minf=122124
  IO depths    : 1=100.0%, 2=0.0%, 4=0.0%, 8=0.0%, 16=0.0%, 32=0.0%, >=64=0.0%
     submit    : 0=0.0%, 4=100.0%, 8=0.0%, 16=0.0%, 32=0.0%, 64=0.0%, >=64=0.0%
     complete  : 0=0.0%, 4=100.0%, 8=0.0%, 16=0.0%, 32=0.0%, 64=0.0%, >=64=0.0%
     issued rwts: total=0,811332,0,0 short=0,0,0,0 dropped=0,0,0,0
     latency   : target=0, window=0, percentile=100.00%, depth=1
test_64kb_rwrite_5n4: (groupid=0, jobs=1): err= 0: pid=907432: Sat Sep  6 19:19:36 2025
  write: IOPS=27.3k, BW=107MiB/s (112MB/s)(3198MiB/30000msec); 0 zone resets
    clat (usec): min=21, max=4333, avg=35.90, stdev= 9.95
     lat (usec): min=21, max=4333, avg=36.02, stdev= 9.96
    clat percentiles (usec):
     |  1.00th=[   25],  5.00th=[   28], 10.00th=[   30], 20.00th=[   33],
     | 30.00th=[   35], 40.00th=[   36], 50.00th=[   37], 60.00th=[   37],
     | 70.00th=[   38], 80.00th=[   39], 90.00th=[   41], 95.00th=[   43],
     | 99.00th=[   53], 99.50th=[   58], 99.90th=[  147], 99.95th=[  188],
     | 99.99th=[  265]
   bw (  KiB/s): min=88792, max=139112, per=3.72%, avg=108956.93, stdev=8918.80, samples=60
   iops        : min=22198, max=34778, avg=27239.23, stdev=2229.70, samples=60
  lat (usec)   : 50=98.51%, 100=1.38%, 250=0.10%, 500=0.01%, 1000=0.01%
  lat (msec)   : 2=0.01%, 4=0.01%, 10=0.01%
  cpu          : usr=3.03%, sys=16.29%, ctx=818570, majf=0, minf=111479
  IO depths    : 1=100.0%, 2=0.0%, 4=0.0%, 8=0.0%, 16=0.0%, 32=0.0%, >=64=0.0%
     submit    : 0=0.0%, 4=100.0%, 8=0.0%, 16=0.0%, 32=0.0%, 64=0.0%, >=64=0.0%
     complete  : 0=0.0%, 4=100.0%, 8=0.0%, 16=0.0%, 32=0.0%, 64=0.0%, >=64=0.0%
     issued rwts: total=0,818562,0,0 short=0,0,0,0 dropped=0,0,0,0
     latency   : target=0, window=0, percentile=100.00%, depth=1
test_64kb_rwrite_5n4: (groupid=0, jobs=1): err= 0: pid=907433: Sat Sep  6 19:19:36 2025
  write: IOPS=27.3k, BW=107MiB/s (112MB/s)(3195MiB/30001msec); 0 zone resets
    clat (usec): min=20, max=975, avg=35.89, stdev= 5.73
     lat (usec): min=21, max=975, avg=36.00, stdev= 5.73
    clat percentiles (usec):
     |  1.00th=[   26],  5.00th=[   28], 10.00th=[   30], 20.00th=[   33],
     | 30.00th=[   35], 40.00th=[   36], 50.00th=[   37], 60.00th=[   38],
     | 70.00th=[   38], 80.00th=[   39], 90.00th=[   41], 95.00th=[   43],
     | 99.00th=[   53], 99.50th=[   57], 99.90th=[   68], 99.95th=[   78],
     | 99.99th=[  188]
   bw (  KiB/s): min=92246, max=128864, per=3.71%, avg=108857.67, stdev=6410.19, samples=60
   iops        : min=23061, max=32216, avg=27214.40, stdev=1602.57, samples=60
  lat (usec)   : 50=98.57%, 100=1.41%, 250=0.02%, 500=0.01%, 750=0.01%
  lat (usec)   : 1000=0.01%
  cpu          : usr=2.88%, sys=16.86%, ctx=818038, majf=0, minf=116410
  IO depths    : 1=100.0%, 2=0.0%, 4=0.0%, 8=0.0%, 16=0.0%, 32=0.0%, >=64=0.0%
     submit    : 0=0.0%, 4=100.0%, 8=0.0%, 16=0.0%, 32=0.0%, 64=0.0%, >=64=0.0%
     complete  : 0=0.0%, 4=100.0%, 8=0.0%, 16=0.0%, 32=0.0%, 64=0.0%, >=64=0.0%
     issued rwts: total=0,818028,0,0 short=0,0,0,0 dropped=0,0,0,0
     latency   : target=0, window=0, percentile=100.00%, depth=1
test_64kb_rwrite_5n5: (groupid=0, jobs=1): err= 0: pid=907434: Sat Sep  6 19:19:36 2025
  write: IOPS=27.3k, BW=107MiB/s (112MB/s)(3198MiB/30001msec); 0 zone resets
    clat (usec): min=21, max=3720, avg=35.75, stdev= 8.30
     lat (usec): min=21, max=3720, avg=35.87, stdev= 8.30
    clat percentiles (usec):
     |  1.00th=[   25],  5.00th=[   26], 10.00th=[   28], 20.00th=[   32],
     | 30.00th=[   34], 40.00th=[   36], 50.00th=[   37], 60.00th=[   38],
     | 70.00th=[   39], 80.00th=[   40], 90.00th=[   42], 95.00th=[   44],
     | 99.00th=[   53], 99.50th=[   58], 99.90th=[   70], 99.95th=[   80],
     | 99.99th=[  153]
   bw (  KiB/s): min=87390, max=144368, per=3.72%, avg=109077.85, stdev=10491.73, samples=60
   iops        : min=21847, max=36092, avg=27269.45, stdev=2622.95, samples=60
  lat (usec)   : 50=98.36%, 100=1.61%, 250=0.02%, 500=0.01%, 750=0.01%
  lat (usec)   : 1000=0.01%
  lat (msec)   : 2=0.01%, 4=0.01%
  cpu          : usr=3.23%, sys=17.14%, ctx=818662, majf=0, minf=132244
  IO depths    : 1=100.0%, 2=0.0%, 4=0.0%, 8=0.0%, 16=0.0%, 32=0.0%, >=64=0.0%
     submit    : 0=0.0%, 4=100.0%, 8=0.0%, 16=0.0%, 32=0.0%, 64=0.0%, >=64=0.0%
     complete  : 0=0.0%, 4=100.0%, 8=0.0%, 16=0.0%, 32=0.0%, 64=0.0%, >=64=0.0%
     issued rwts: total=0,818661,0,0 short=0,0,0,0 dropped=0,0,0,0
     latency   : target=0, window=0, percentile=100.00%, depth=1
test_64kb_rwrite_5n5: (groupid=0, jobs=1): err= 0: pid=907435: Sat Sep  6 19:19:36 2025
  write: IOPS=26.5k, BW=103MiB/s (108MB/s)(3101MiB/30001msec); 0 zone resets
    clat (usec): min=21, max=5412, avg=36.94, stdev=11.00
     lat (usec): min=21, max=5412, avg=37.06, stdev=11.00
    clat percentiles (usec):
     |  1.00th=[   26],  5.00th=[   28], 10.00th=[   32], 20.00th=[   34],
     | 30.00th=[   35], 40.00th=[   36], 50.00th=[   37], 60.00th=[   38],
     | 70.00th=[   39], 80.00th=[   41], 90.00th=[   43], 95.00th=[   45],
     | 99.00th=[   55], 99.50th=[   59], 99.90th=[  114], 99.95th=[  204],
     | 99.99th=[  297]
   bw (  KiB/s): min=85712, max=134552, per=3.62%, avg=106007.44, stdev=7629.30, samples=59
   iops        : min=21428, max=33638, avg=26501.85, stdev=1907.33, samples=59
  lat (usec)   : 50=98.25%, 100=1.65%, 250=0.08%, 500=0.02%, 750=0.01%
  lat (usec)   : 1000=0.01%
  lat (msec)   : 2=0.01%, 4=0.01%, 10=0.01%
  cpu          : usr=2.81%, sys=16.49%, ctx=793849, majf=0, minf=139325
  IO depths    : 1=100.0%, 2=0.0%, 4=0.0%, 8=0.0%, 16=0.0%, 32=0.0%, >=64=0.0%
     submit    : 0=0.0%, 4=100.0%, 8=0.0%, 16=0.0%, 32=0.0%, 64=0.0%, >=64=0.0%
     complete  : 0=0.0%, 4=100.0%, 8=0.0%, 16=0.0%, 32=0.0%, 64=0.0%, >=64=0.0%
     issued rwts: total=0,793841,0,0 short=0,0,0,0 dropped=0,0,0,0
     latency   : target=0, window=0, percentile=100.00%, depth=1
test_64kb_rwrite_5n5: (groupid=0, jobs=1): err= 0: pid=907436: Sat Sep  6 19:19:36 2025
  write: IOPS=27.4k, BW=107MiB/s (112MB/s)(3210MiB/30001msec); 0 zone resets
    clat (usec): min=20, max=1344, avg=35.81, stdev= 6.66
     lat (usec): min=20, max=1344, avg=35.92, stdev= 6.66
    clat percentiles (usec):
     |  1.00th=[   25],  5.00th=[   27], 10.00th=[   30], 20.00th=[   33],
     | 30.00th=[   35], 40.00th=[   36], 50.00th=[   37], 60.00th=[   37],
     | 70.00th=[   38], 80.00th=[   39], 90.00th=[   41], 95.00th=[   44],
     | 99.00th=[   53], 99.50th=[   57], 99.90th=[   74], 99.95th=[  116],
     | 99.99th=[  229]
   bw (  KiB/s): min=89257, max=128032, per=3.73%, avg=109435.85, stdev=7104.76, samples=60
   iops        : min=22314, max=32008, avg=27358.95, stdev=1776.21, samples=60
  lat (usec)   : 50=98.54%, 100=1.41%, 250=0.05%, 500=0.01%, 1000=0.01%
  lat (msec)   : 2=0.01%
  cpu          : usr=2.99%, sys=16.16%, ctx=821735, majf=0, minf=100882
  IO depths    : 1=100.0%, 2=0.0%, 4=0.0%, 8=0.0%, 16=0.0%, 32=0.0%, >=64=0.0%
     submit    : 0=0.0%, 4=100.0%, 8=0.0%, 16=0.0%, 32=0.0%, 64=0.0%, >=64=0.0%
     complete  : 0=0.0%, 4=100.0%, 8=0.0%, 16=0.0%, 32=0.0%, 64=0.0%, >=64=0.0%
     issued rwts: total=0,821725,0,0 short=0,0,0,0 dropped=0,0,0,0
     latency   : target=0, window=0, percentile=100.00%, depth=1
test_64kb_rwrite_5n6: (groupid=0, jobs=1): err= 0: pid=907437: Sat Sep  6 19:19:36 2025
  write: IOPS=26.7k, BW=104MiB/s (109MB/s)(3133MiB/30001msec); 0 zone resets
    clat (usec): min=21, max=3771, avg=36.54, stdev= 7.95
     lat (usec): min=22, max=3771, avg=36.65, stdev= 7.96
    clat percentiles (usec):
     |  1.00th=[   27],  5.00th=[   31], 10.00th=[   32], 20.00th=[   34],
     | 30.00th=[   35], 40.00th=[   36], 50.00th=[   37], 60.00th=[   38],
     | 70.00th=[   39], 80.00th=[   40], 90.00th=[   41], 95.00th=[   44],
     | 99.00th=[   53], 99.50th=[   57], 99.90th=[   70], 99.95th=[   81],
     | 99.99th=[  208]
   bw (  KiB/s): min=93720, max=126312, per=3.64%, avg=106857.28, stdev=4890.35, samples=60
   iops        : min=23430, max=31578, avg=26714.32, stdev=1222.59, samples=60
  lat (usec)   : 50=98.47%, 100=1.50%, 250=0.03%, 500=0.01%, 750=0.01%
  lat (usec)   : 1000=0.01%
  lat (msec)   : 2=0.01%, 4=0.01%
  cpu          : usr=3.06%, sys=16.27%, ctx=802000, majf=0, minf=136922
  IO depths    : 1=100.0%, 2=0.0%, 4=0.0%, 8=0.0%, 16=0.0%, 32=0.0%, >=64=0.0%
     submit    : 0=0.0%, 4=100.0%, 8=0.0%, 16=0.0%, 32=0.0%, 64=0.0%, >=64=0.0%
     complete  : 0=0.0%, 4=100.0%, 8=0.0%, 16=0.0%, 32=0.0%, 64=0.0%, >=64=0.0%
     issued rwts: total=0,801996,0,0 short=0,0,0,0 dropped=0,0,0,0
     latency   : target=0, window=0, percentile=100.00%, depth=1
test_64kb_rwrite_5n6: (groupid=0, jobs=1): err= 0: pid=907438: Sat Sep  6 19:19:36 2025
  write: IOPS=26.5k, BW=103MiB/s (108MB/s)(3106MiB/30046msec); 0 zone resets
    clat (usec): min=21, max=1207, avg=37.01, stdev= 6.49
     lat (usec): min=21, max=1208, avg=37.12, stdev= 6.49
    clat percentiles (usec):
     |  1.00th=[   26],  5.00th=[   31], 10.00th=[   33], 20.00th=[   35],
     | 30.00th=[   36], 40.00th=[   37], 50.00th=[   37], 60.00th=[   38],
     | 70.00th=[   39], 80.00th=[   40], 90.00th=[   42], 95.00th=[   44],
     | 99.00th=[   54], 99.50th=[   58], 99.90th=[   72], 99.95th=[  117],
     | 99.99th=[  239]
   bw (  KiB/s): min=94653, max=123320, per=3.61%, avg=105971.88, stdev=4823.51, samples=60
   iops        : min=23663, max=30830, avg=26492.97, stdev=1205.89, samples=60
  lat (usec)   : 50=98.30%, 100=1.64%, 250=0.04%, 500=0.01%, 750=0.01%
  lat (usec)   : 1000=0.01%
  lat (msec)   : 2=0.01%
  cpu          : usr=3.03%, sys=15.62%, ctx=795198, majf=0, minf=96431
  IO depths    : 1=100.0%, 2=0.0%, 4=0.0%, 8=0.0%, 16=0.0%, 32=0.0%, >=64=0.0%
     submit    : 0=0.0%, 4=100.0%, 8=0.0%, 16=0.0%, 32=0.0%, 64=0.0%, >=64=0.0%
     complete  : 0=0.0%, 4=100.0%, 8=0.0%, 16=0.0%, 32=0.0%, 64=0.0%, >=64=0.0%
     issued rwts: total=0,795185,0,0 short=0,0,0,0 dropped=0,0,0,0
     latency   : target=0, window=0, percentile=100.00%, depth=1
test_64kb_rwrite_5n6: (groupid=0, jobs=1): err= 0: pid=907439: Sat Sep  6 19:19:36 2025
  write: IOPS=29.0k, BW=113MiB/s (119MB/s)(3404MiB/30001msec); 0 zone resets
    clat (usec): min=21, max=5631, avg=33.54, stdev=12.74
     lat (usec): min=21, max=5631, avg=33.67, stdev=12.75
    clat percentiles (usec):
     |  1.00th=[   24],  5.00th=[   25], 10.00th=[   26], 20.00th=[   27],
     | 30.00th=[   28], 40.00th=[   31], 50.00th=[   34], 60.00th=[   36],
     | 70.00th=[   38], 80.00th=[   39], 90.00th=[   41], 95.00th=[   43],
     | 99.00th=[   54], 99.50th=[   62], 99.90th=[  221], 99.95th=[  262],
     | 99.99th=[  293]
   bw (  KiB/s): min=55248, max=144520, per=3.96%, avg=116000.47, stdev=16592.84, samples=60
   iops        : min=13812, max=36130, avg=29000.08, stdev=4148.24, samples=60
  lat (usec)   : 50=98.52%, 100=1.20%, 250=0.21%, 500=0.07%, 750=0.01%
  lat (usec)   : 1000=0.01%
  lat (msec)   : 2=0.01%, 10=0.01%
  cpu          : usr=3.31%, sys=18.13%, ctx=871459, majf=0, minf=130938
  IO depths    : 1=100.0%, 2=0.0%, 4=0.0%, 8=0.0%, 16=0.0%, 32=0.0%, >=64=0.0%
     submit    : 0=0.0%, 4=100.0%, 8=0.0%, 16=0.0%, 32=0.0%, 64=0.0%, >=64=0.0%
     complete  : 0=0.0%, 4=100.0%, 8=0.0%, 16=0.0%, 32=0.0%, 64=0.0%, >=64=0.0%
     issued rwts: total=0,871463,0,0 short=0,0,0,0 dropped=0,0,0,0
     latency   : target=0, window=0, percentile=100.00%, depth=1
test_64kb_rwrite_5n7: (groupid=0, jobs=1): err= 0: pid=907440: Sat Sep  6 19:19:36 2025
  write: IOPS=26.9k, BW=105MiB/s (110MB/s)(3155MiB/30001msec); 0 zone resets
    clat (usec): min=21, max=4873, avg=36.13, stdev= 9.59
     lat (usec): min=21, max=4873, avg=36.24, stdev= 9.60
    clat percentiles (usec):
     |  1.00th=[   25],  5.00th=[   27], 10.00th=[   30], 20.00th=[   33],
     | 30.00th=[   35], 40.00th=[   36], 50.00th=[   37], 60.00th=[   38],
     | 70.00th=[   39], 80.00th=[   40], 90.00th=[   42], 95.00th=[   44],
     | 99.00th=[   53], 99.50th=[   58], 99.90th=[   71], 99.95th=[  101],
     | 99.99th=[  231]
   bw (  KiB/s): min=97024, max=142024, per=3.67%, avg=107689.95, stdev=9270.45, samples=60
   iops        : min=24256, max=35506, avg=26922.48, stdev=2317.62, samples=60
  lat (usec)   : 50=98.46%, 100=1.49%, 250=0.04%, 500=0.01%
  lat (msec)   : 2=0.01%, 10=0.01%
  cpu          : usr=3.24%, sys=16.78%, ctx=807790, majf=0, minf=166957
  IO depths    : 1=100.0%, 2=0.0%, 4=0.0%, 8=0.0%, 16=0.0%, 32=0.0%, >=64=0.0%
     submit    : 0=0.0%, 4=100.0%, 8=0.0%, 16=0.0%, 32=0.0%, 64=0.0%, >=64=0.0%
     complete  : 0=0.0%, 4=100.0%, 8=0.0%, 16=0.0%, 32=0.0%, 64=0.0%, >=64=0.0%
     issued rwts: total=0,807776,0,0 short=0,0,0,0 dropped=0,0,0,0
     latency   : target=0, window=0, percentile=100.00%, depth=1
test_64kb_rwrite_5n7: (groupid=0, jobs=1): err= 0: pid=907441: Sat Sep  6 19:19:36 2025
  write: IOPS=26.4k, BW=103MiB/s (108MB/s)(3096MiB/30001msec); 0 zone resets
    clat (usec): min=22, max=4170, avg=36.93, stdev= 9.77
     lat (usec): min=22, max=4170, avg=37.05, stdev= 9.77
    clat percentiles (usec):
     |  1.00th=[   26],  5.00th=[   31], 10.00th=[   32], 20.00th=[   34],
     | 30.00th=[   35], 40.00th=[   36], 50.00th=[   37], 60.00th=[   38],
     | 70.00th=[   39], 80.00th=[   40], 90.00th=[   42], 95.00th=[   45],
     | 99.00th=[   55], 99.50th=[   59], 99.90th=[   73], 99.95th=[   88],
     | 99.99th=[  202]
   bw (  KiB/s): min=94456, max=123152, per=3.60%, avg=105659.23, stdev=4724.63, samples=60
   iops        : min=23614, max=30788, avg=26414.80, stdev=1181.17, samples=60
  lat (usec)   : 50=98.17%, 100=1.80%, 250=0.03%, 500=0.01%, 750=0.01%
  lat (msec)   : 2=0.01%, 4=0.01%, 10=0.01%
  cpu          : usr=3.10%, sys=17.18%, ctx=792473, majf=0, minf=136730
  IO depths    : 1=100.0%, 2=0.0%, 4=0.0%, 8=0.0%, 16=0.0%, 32=0.0%, >=64=0.0%
     submit    : 0=0.0%, 4=100.0%, 8=0.0%, 16=0.0%, 32=0.0%, 64=0.0%, >=64=0.0%
     complete  : 0=0.0%, 4=100.0%, 8=0.0%, 16=0.0%, 32=0.0%, 64=0.0%, >=64=0.0%
     issued rwts: total=0,792469,0,0 short=0,0,0,0 dropped=0,0,0,0
     latency   : target=0, window=0, percentile=100.00%, depth=1
test_64kb_rwrite_5n7: (groupid=0, jobs=1): err= 0: pid=907442: Sat Sep  6 19:19:36 2025
  write: IOPS=26.8k, BW=105MiB/s (110MB/s)(3139MiB/30025msec); 0 zone resets
    clat (usec): min=21, max=4437, avg=36.56, stdev= 9.87
     lat (usec): min=21, max=4437, avg=36.68, stdev= 9.88
    clat percentiles (usec):
     |  1.00th=[   27],  5.00th=[   30], 10.00th=[   32], 20.00th=[   34],
     | 30.00th=[   35], 40.00th=[   36], 50.00th=[   37], 60.00th=[   38],
     | 70.00th=[   39], 80.00th=[   40], 90.00th=[   42], 95.00th=[   44],
     | 99.00th=[   53], 99.50th=[   57], 99.90th=[   68], 99.95th=[   77],
     | 99.99th=[  225]
   bw (  KiB/s): min=80915, max=128160, per=3.65%, avg=106965.82, stdev=6372.72, samples=60
   iops        : min=20228, max=32040, avg=26741.45, stdev=1593.20, samples=60
  lat (usec)   : 50=98.42%, 100=1.55%, 250=0.02%, 500=0.01%, 1000=0.01%
  lat (msec)   : 2=0.01%, 4=0.01%, 10=0.01%
  cpu          : usr=2.92%, sys=15.97%, ctx=803635, majf=0, minf=104877
  IO depths    : 1=100.0%, 2=0.0%, 4=0.0%, 8=0.0%, 16=0.0%, 32=0.0%, >=64=0.0%
     submit    : 0=0.0%, 4=100.0%, 8=0.0%, 16=0.0%, 32=0.0%, 64=0.0%, >=64=0.0%
     complete  : 0=0.0%, 4=100.0%, 8=0.0%, 16=0.0%, 32=0.0%, 64=0.0%, >=64=0.0%
     issued rwts: total=0,803623,0,0 short=0,0,0,0 dropped=0,0,0,0
     latency   : target=0, window=0, percentile=100.00%, depth=1
test_64kb_rwrite_5n8: (groupid=0, jobs=1): err= 0: pid=907443: Sat Sep  6 19:19:36 2025
  write: IOPS=27.0k, BW=105MiB/s (110MB/s)(3159MiB/30001msec); 0 zone resets
    clat (usec): min=20, max=4665, avg=36.26, stdev=10.19
     lat (usec): min=20, max=4665, avg=36.38, stdev=10.97
    clat percentiles (usec):
     |  1.00th=[   26],  5.00th=[   29], 10.00th=[   31], 20.00th=[   34],
     | 30.00th=[   35], 40.00th=[   36], 50.00th=[   37], 60.00th=[   38],
     | 70.00th=[   39], 80.00th=[   40], 90.00th=[   42], 95.00th=[   44],
     | 99.00th=[   53], 99.50th=[   57], 99.90th=[   67], 99.95th=[   75],
     | 99.99th=[  178]
   bw (  KiB/s): min=94688, max=129896, per=3.68%, avg=107819.45, stdev=6227.62, samples=60
   iops        : min=23672, max=32474, avg=26954.85, stdev=1556.89, samples=60
  lat (usec)   : 50=98.51%, 100=1.46%, 250=0.02%, 500=0.01%, 750=0.01%
  lat (usec)   : 1000=0.01%
  lat (msec)   : 4=0.01%, 10=0.01%
  cpu          : usr=2.91%, sys=16.50%, ctx=808766, majf=0, minf=126465
  IO depths    : 1=100.0%, 2=0.0%, 4=0.0%, 8=0.0%, 16=0.0%, 32=0.0%, >=64=0.0%
     submit    : 0=0.0%, 4=100.0%, 8=0.0%, 16=0.0%, 32=0.0%, 64=0.0%, >=64=0.0%
     complete  : 0=0.0%, 4=100.0%, 8=0.0%, 16=0.0%, 32=0.0%, 64=0.0%, >=64=0.0%
     issued rwts: total=0,808752,0,0 short=0,0,0,0 dropped=0,0,0,0
     latency   : target=0, window=0, percentile=100.00%, depth=1
test_64kb_rwrite_5n8: (groupid=0, jobs=1): err= 0: pid=907444: Sat Sep  6 19:19:36 2025
  write: IOPS=26.9k, BW=105MiB/s (110MB/s)(3157MiB/30001msec); 0 zone resets
    clat (usec): min=21, max=3759, avg=36.30, stdev= 9.72
     lat (usec): min=21, max=3759, avg=36.42, stdev= 9.73
    clat percentiles (usec):
     |  1.00th=[   25],  5.00th=[   27], 10.00th=[   29], 20.00th=[   33],
     | 30.00th=[   35], 40.00th=[   36], 50.00th=[   37], 60.00th=[   38],
     | 70.00th=[   39], 80.00th=[   40], 90.00th=[   42], 95.00th=[   44],
     | 99.00th=[   55], 99.50th=[   59], 99.90th=[   86], 99.95th=[  196],
     | 99.99th=[  289]
   bw (  KiB/s): min=90760, max=139648, per=3.67%, avg=107629.03, stdev=9041.94, samples=59
   iops        : min=22690, max=34912, avg=26907.25, stdev=2260.49, samples=59
  lat (usec)   : 50=98.30%, 100=1.61%, 250=0.07%, 500=0.02%, 750=0.01%
  lat (usec)   : 1000=0.01%
  lat (msec)   : 2=0.01%, 4=0.01%
  cpu          : usr=3.19%, sys=17.02%, ctx=808235, majf=0, minf=128226
  IO depths    : 1=100.0%, 2=0.0%, 4=0.0%, 8=0.0%, 16=0.0%, 32=0.0%, >=64=0.0%
     submit    : 0=0.0%, 4=100.0%, 8=0.0%, 16=0.0%, 32=0.0%, 64=0.0%, >=64=0.0%
     complete  : 0=0.0%, 4=100.0%, 8=0.0%, 16=0.0%, 32=0.0%, 64=0.0%, >=64=0.0%
     issued rwts: total=0,808233,0,0 short=0,0,0,0 dropped=0,0,0,0
     latency   : target=0, window=0, percentile=100.00%, depth=1
test_64kb_rwrite_5n8: (groupid=0, jobs=1): err= 0: pid=907445: Sat Sep  6 19:19:36 2025
  write: IOPS=27.3k, BW=107MiB/s (112MB/s)(3196MiB/30001msec); 0 zone resets
    clat (usec): min=21, max=2859, avg=35.82, stdev= 7.03
     lat (usec): min=21, max=2859, avg=35.94, stdev= 7.03
    clat percentiles (usec):
     |  1.00th=[   25],  5.00th=[   27], 10.00th=[   29], 20.00th=[   32],
     | 30.00th=[   34], 40.00th=[   36], 50.00th=[   37], 60.00th=[   38],
     | 70.00th=[   38], 80.00th=[   40], 90.00th=[   42], 95.00th=[   44],
     | 99.00th=[   53], 99.50th=[   58], 99.90th=[   70], 99.95th=[   88],
     | 99.99th=[  215]
   bw (  KiB/s): min=95232, max=144384, per=3.73%, avg=109260.78, stdev=9005.44, samples=59
   iops        : min=23808, max=36096, avg=27315.19, stdev=2251.36, samples=59
  lat (usec)   : 50=98.44%, 100=1.52%, 250=0.04%, 500=0.01%, 1000=0.01%
  lat (msec)   : 4=0.01%
  cpu          : usr=3.18%, sys=16.59%, ctx=818187, majf=0, minf=133374
  IO depths    : 1=100.0%, 2=0.0%, 4=0.0%, 8=0.0%, 16=0.0%, 32=0.0%, >=64=0.0%
     submit    : 0=0.0%, 4=100.0%, 8=0.0%, 16=0.0%, 32=0.0%, 64=0.0%, >=64=0.0%
     complete  : 0=0.0%, 4=100.0%, 8=0.0%, 16=0.0%, 32=0.0%, 64=0.0%, >=64=0.0%
     issued rwts: total=0,818179,0,0 short=0,0,0,0 dropped=0,0,0,0
     latency   : target=0, window=0, percentile=100.00%, depth=1
test_64kb_rwrite_5n9: (groupid=0, jobs=1): err= 0: pid=907446: Sat Sep  6 19:19:36 2025
  write: IOPS=27.1k, BW=106MiB/s (111MB/s)(3174MiB/30001msec); 0 zone resets
    clat (usec): min=21, max=3008, avg=36.18, stdev= 7.53
     lat (usec): min=21, max=3008, avg=36.30, stdev= 7.54
    clat percentiles (usec):
     |  1.00th=[   26],  5.00th=[   30], 10.00th=[   32], 20.00th=[   34],
     | 30.00th=[   35], 40.00th=[   36], 50.00th=[   37], 60.00th=[   38],
     | 70.00th=[   38], 80.00th=[   40], 90.00th=[   41], 95.00th=[   43],
     | 99.00th=[   53], 99.50th=[   57], 99.90th=[   69], 99.95th=[   87],
     | 99.99th=[  215]
   bw (  KiB/s): min=84535, max=119600, per=3.69%, avg=108182.57, stdev=5752.18, samples=60
   iops        : min=21133, max=29900, avg=27045.62, stdev=1438.11, samples=60
  lat (usec)   : 50=98.53%, 100=1.43%, 250=0.03%, 500=0.01%, 1000=0.01%
  lat (msec)   : 2=0.01%, 4=0.01%
  cpu          : usr=2.88%, sys=16.57%, ctx=812560, majf=0, minf=106402
  IO depths    : 1=100.0%, 2=0.0%, 4=0.0%, 8=0.0%, 16=0.0%, 32=0.0%, >=64=0.0%
     submit    : 0=0.0%, 4=100.0%, 8=0.0%, 16=0.0%, 32=0.0%, 64=0.0%, >=64=0.0%
     complete  : 0=0.0%, 4=100.0%, 8=0.0%, 16=0.0%, 32=0.0%, 64=0.0%, >=64=0.0%
     issued rwts: total=0,812544,0,0 short=0,0,0,0 dropped=0,0,0,0
     latency   : target=0, window=0, percentile=100.00%, depth=1
test_64kb_rwrite_5n9: (groupid=0, jobs=1): err= 0: pid=907447: Sat Sep  6 19:19:36 2025
  write: IOPS=27.4k, BW=107MiB/s (112MB/s)(3214MiB/30001msec); 0 zone resets
    clat (usec): min=21, max=2210, avg=35.59, stdev= 7.67
     lat (usec): min=21, max=2210, avg=35.72, stdev= 7.67
    clat percentiles (usec):
     |  1.00th=[   25],  5.00th=[   26], 10.00th=[   28], 20.00th=[   32],
     | 30.00th=[   34], 40.00th=[   35], 50.00th=[   37], 60.00th=[   37],
     | 70.00th=[   38], 80.00th=[   40], 90.00th=[   42], 95.00th=[   44],
     | 99.00th=[   54], 99.50th=[   59], 99.90th=[   73], 99.95th=[  103],
     | 99.99th=[  253]
   bw (  KiB/s): min=93832, max=143016, per=3.73%, avg=109390.10, stdev=10569.29, samples=59
   iops        : min=23458, max=35754, avg=27347.49, stdev=2642.23, samples=59
  lat (usec)   : 50=98.34%, 100=1.61%, 250=0.04%, 500=0.01%, 750=0.01%
  lat (usec)   : 1000=0.01%
  lat (msec)   : 2=0.01%, 4=0.01%
  cpu          : usr=3.15%, sys=17.38%, ctx=822822, majf=0, minf=128281
  IO depths    : 1=100.0%, 2=0.0%, 4=0.0%, 8=0.0%, 16=0.0%, 32=0.0%, >=64=0.0%
     submit    : 0=0.0%, 4=100.0%, 8=0.0%, 16=0.0%, 32=0.0%, 64=0.0%, >=64=0.0%
     complete  : 0=0.0%, 4=100.0%, 8=0.0%, 16=0.0%, 32=0.0%, 64=0.0%, >=64=0.0%
     issued rwts: total=0,822816,0,0 short=0,0,0,0 dropped=0,0,0,0
     latency   : target=0, window=0, percentile=100.00%, depth=1
test_64kb_rwrite_5n9: (groupid=0, jobs=1): err= 0: pid=907448: Sat Sep  6 19:19:36 2025
  write: IOPS=26.4k, BW=103MiB/s (108MB/s)(3094MiB/30025msec); 0 zone resets
    clat (usec): min=22, max=4155, avg=36.96, stdev= 7.66
     lat (usec): min=22, max=4155, avg=37.08, stdev= 7.66
    clat percentiles (usec):
     |  1.00th=[   26],  5.00th=[   31], 10.00th=[   32], 20.00th=[   34],
     | 30.00th=[   36], 40.00th=[   37], 50.00th=[   37], 60.00th=[   38],
     | 70.00th=[   39], 80.00th=[   40], 90.00th=[   42], 95.00th=[   45],
     | 99.00th=[   55], 99.50th=[   59], 99.90th=[   71], 99.95th=[   83],
     | 99.99th=[  215]
   bw (  KiB/s): min=81935, max=136000, per=3.60%, avg=105415.40, stdev=7770.31, samples=60
   iops        : min=20483, max=34000, avg=26353.77, stdev=1942.61, samples=60
  lat (usec)   : 50=98.21%, 100=1.75%, 250=0.03%, 500=0.01%, 1000=0.01%
  lat (msec)   : 2=0.01%, 10=0.01%
  cpu          : usr=2.93%, sys=17.12%, ctx=792052, majf=0, minf=127439
  IO depths    : 1=100.0%, 2=0.0%, 4=0.0%, 8=0.0%, 16=0.0%, 32=0.0%, >=64=0.0%
     submit    : 0=0.0%, 4=100.0%, 8=0.0%, 16=0.0%, 32=0.0%, 64=0.0%, >=64=0.0%
     complete  : 0=0.0%, 4=100.0%, 8=0.0%, 16=0.0%, 32=0.0%, 64=0.0%, >=64=0.0%
     issued rwts: total=0,792041,0,0 short=0,0,0,0 dropped=0,0,0,0
     latency   : target=0, window=0, percentile=100.00%, depth=1
test_64kb_rwrite_5n10: (groupid=0, jobs=1): err= 0: pid=907449: Sat Sep  6 19:19:36 2025
  write: IOPS=27.1k, BW=106MiB/s (111MB/s)(3179MiB/30001msec); 0 zone resets
    clat (usec): min=21, max=4208, avg=35.83, stdev=12.48
     lat (usec): min=21, max=4208, avg=35.96, stdev=12.49
    clat percentiles (usec):
     |  1.00th=[   25],  5.00th=[   26], 10.00th=[   27], 20.00th=[   31],
     | 30.00th=[   34], 40.00th=[   36], 50.00th=[   37], 60.00th=[   38],
     | 70.00th=[   38], 80.00th=[   40], 90.00th=[   42], 95.00th=[   45],
     | 99.00th=[   55], 99.50th=[   61], 99.90th=[  221], 99.95th=[  233],
     | 99.99th=[  289]
   bw (  KiB/s): min=79504, max=143784, per=3.70%, avg=108453.87, stdev=12244.50, samples=60
   iops        : min=19876, max=35946, avg=27113.45, stdev=3061.12, samples=60
  lat (usec)   : 50=98.26%, 100=1.55%, 250=0.16%, 500=0.03%, 750=0.01%
  lat (usec)   : 1000=0.01%
  lat (msec)   : 2=0.01%, 4=0.01%, 10=0.01%
  cpu          : usr=2.98%, sys=17.16%, ctx=813859, majf=0, minf=181523
  IO depths    : 1=100.0%, 2=0.0%, 4=0.0%, 8=0.0%, 16=0.0%, 32=0.0%, >=64=0.0%
     submit    : 0=0.0%, 4=100.0%, 8=0.0%, 16=0.0%, 32=0.0%, 64=0.0%, >=64=0.0%
     complete  : 0=0.0%, 4=100.0%, 8=0.0%, 16=0.0%, 32=0.0%, 64=0.0%, >=64=0.0%
     issued rwts: total=0,813851,0,0 short=0,0,0,0 dropped=0,0,0,0
     latency   : target=0, window=0, percentile=100.00%, depth=1
test_64kb_rwrite_5n10: (groupid=0, jobs=1): err= 0: pid=907450: Sat Sep  6 19:19:36 2025
  write: IOPS=26.8k, BW=105MiB/s (110MB/s)(3143MiB/30000msec); 0 zone resets
    clat (usec): min=21, max=6473, avg=36.37, stdev=12.40
     lat (usec): min=21, max=6473, avg=36.50, stdev=12.40
    clat percentiles (usec):
     |  1.00th=[   26],  5.00th=[   28], 10.00th=[   31], 20.00th=[   33],
     | 30.00th=[   35], 40.00th=[   36], 50.00th=[   37], 60.00th=[   38],
     | 70.00th=[   39], 80.00th=[   40], 90.00th=[   42], 95.00th=[   44],
     | 99.00th=[   54], 99.50th=[   59], 99.90th=[   73], 99.95th=[   90],
     | 99.99th=[  215]
   bw (  KiB/s): min=79338, max=135320, per=3.65%, avg=107083.62, stdev=8151.83, samples=60
   iops        : min=19834, max=33830, avg=26770.88, stdev=2037.99, samples=60
  lat (usec)   : 50=98.31%, 100=1.65%, 250=0.04%, 500=0.01%, 1000=0.01%
  lat (msec)   : 2=0.01%, 4=0.01%, 10=0.01%
  cpu          : usr=3.31%, sys=17.44%, ctx=804511, majf=0, minf=131437
  IO depths    : 1=100.0%, 2=0.0%, 4=0.0%, 8=0.0%, 16=0.0%, 32=0.0%, >=64=0.0%
     submit    : 0=0.0%, 4=100.0%, 8=0.0%, 16=0.0%, 32=0.0%, 64=0.0%, >=64=0.0%
     complete  : 0=0.0%, 4=100.0%, 8=0.0%, 16=0.0%, 32=0.0%, 64=0.0%, >=64=0.0%
     issued rwts: total=0,804504,0,0 short=0,0,0,0 dropped=0,0,0,0
     latency   : target=0, window=0, percentile=100.00%, depth=1
test_64kb_rwrite_5n10: (groupid=0, jobs=1): err= 0: pid=907451: Sat Sep  6 19:19:36 2025
  write: IOPS=26.9k, BW=105MiB/s (110MB/s)(3153MiB/30003msec); 0 zone resets
    clat (usec): min=21, max=3709, avg=36.42, stdev= 7.98
     lat (usec): min=21, max=3709, avg=36.53, stdev= 7.98
    clat percentiles (usec):
     |  1.00th=[   26],  5.00th=[   31], 10.00th=[   32], 20.00th=[   34],
     | 30.00th=[   35], 40.00th=[   36], 50.00th=[   37], 60.00th=[   38],
     | 70.00th=[   38], 80.00th=[   40], 90.00th=[   41], 95.00th=[   43],
     | 99.00th=[   53], 99.50th=[   57], 99.90th=[   67], 99.95th=[   75],
     | 99.99th=[  223]
   bw (  KiB/s): min=84007, max=131656, per=3.67%, avg=107481.73, stdev=5947.47, samples=60
   iops        : min=21001, max=32914, avg=26870.38, stdev=1486.88, samples=60
  lat (usec)   : 50=98.54%, 100=1.44%, 250=0.02%, 500=0.01%, 750=0.01%
  lat (usec)   : 1000=0.01%
  lat (msec)   : 2=0.01%, 4=0.01%
  cpu          : usr=2.85%, sys=16.42%, ctx=807073, majf=0, minf=102349
  IO depths    : 1=100.0%, 2=0.0%, 4=0.0%, 8=0.0%, 16=0.0%, 32=0.0%, >=64=0.0%
     submit    : 0=0.0%, 4=100.0%, 8=0.0%, 16=0.0%, 32=0.0%, 64=0.0%, >=64=0.0%
     complete  : 0=0.0%, 4=100.0%, 8=0.0%, 16=0.0%, 32=0.0%, 64=0.0%, >=64=0.0%
     issued rwts: total=0,807063,0,0 short=0,0,0,0 dropped=0,0,0,0
     latency   : target=0, window=0, percentile=100.00%, depth=1
bursty: (groupid=0, jobs=1): err= 0: pid=907452: Sat Sep  6 19:19:36 2025
  write: IOPS=263, BW=1053KiB/s (1078kB/s)(30.9MiB/30000msec); 0 zone resets
    clat (usec): min=25, max=296, avg=43.38, stdev= 9.55
     lat (usec): min=31, max=302, avg=51.53, stdev=11.26
    clat percentiles (usec):
     |  1.00th=[   32],  5.00th=[   35], 10.00th=[   36], 20.00th=[   37],
     | 30.00th=[   39], 40.00th=[   41], 50.00th=[   43], 60.00th=[   44],
     | 70.00th=[   46], 80.00th=[   48], 90.00th=[   53], 95.00th=[   60],
     | 99.00th=[   74], 99.50th=[   81], 99.90th=[  122], 99.95th=[  161],
     | 99.99th=[  297]
   bw (  KiB/s): min= 2573, max=12872, per=0.31%, avg=9028.14, stdev=4196.22, samples=7
   iops        : min=  643, max= 3218, avg=2257.00, stdev=1049.12, samples=7
  lat (usec)   : 50=85.82%, 100=13.98%, 250=0.19%, 500=0.01%
  cpu          : usr=0.22%, sys=0.33%, ctx=8051, majf=0, minf=15253
  IO depths    : 1=100.0%, 2=0.0%, 4=0.0%, 8=0.0%, 16=0.0%, 32=0.0%, >=64=0.0%
     submit    : 0=0.0%, 4=100.0%, 8=0.0%, 16=0.0%, 32=0.0%, 64=0.0%, >=64=0.0%
     complete  : 0=0.0%, 4=100.0%, 8=0.0%, 16=0.0%, 32=0.0%, 64=0.0%, >=64=0.0%
     issued rwts: total=0,7899,0,0 short=0,0,0,0 dropped=0,0,0,0
     latency   : target=0, window=0, percentile=100.00%, depth=1
bursty: (groupid=0, jobs=1): err= 0: pid=907453: Sat Sep  6 19:19:36 2025
  write: IOPS=306, BW=1225KiB/s (1254kB/s)(35.9MiB/30000msec); 0 zone resets
    clat (usec): min=24, max=181, avg=40.13, stdev= 7.96
     lat (usec): min=29, max=210, avg=47.30, stdev= 9.16
    clat percentiles (usec):
     |  1.00th=[   29],  5.00th=[   33], 10.00th=[   34], 20.00th=[   35],
     | 30.00th=[   36], 40.00th=[   37], 50.00th=[   39], 60.00th=[   41],
     | 70.00th=[   43], 80.00th=[   45], 90.00th=[   49], 95.00th=[   55],
     | 99.00th=[   66], 99.50th=[   70], 99.90th=[  100], 99.95th=[  135],
     | 99.99th=[  182]
   bw (  KiB/s): min= 2568, max=14576, per=0.36%, avg=10497.14, stdev=5031.49, samples=7
   iops        : min=  642, max= 3644, avg=2624.29, stdev=1257.87, samples=7
  lat (usec)   : 50=91.01%, 100=8.87%, 250=0.12%
  cpu          : usr=0.19%, sys=0.26%, ctx=9335, majf=0, minf=8709
  IO depths    : 1=100.0%, 2=0.0%, 4=0.0%, 8=0.0%, 16=0.0%, 32=0.0%, >=64=0.0%
     submit    : 0=0.0%, 4=100.0%, 8=0.0%, 16=0.0%, 32=0.0%, 64=0.0%, >=64=0.0%
     complete  : 0=0.0%, 4=100.0%, 8=0.0%, 16=0.0%, 32=0.0%, 64=0.0%, >=64=0.0%
     issued rwts: total=0,9185,0,0 short=0,0,0,0 dropped=0,0,0,0
     latency   : target=0, window=0, percentile=100.00%, depth=1
bursty: (groupid=0, jobs=1): err= 0: pid=907454: Sat Sep  6 19:19:36 2025
  write: IOPS=325, BW=1301KiB/s (1333kB/s)(38.1MiB/30000msec); 0 zone resets
    clat (usec): min=22, max=223, avg=34.78, stdev= 8.07
     lat (usec): min=29, max=231, avg=42.94, stdev= 8.31
    clat percentiles (usec):
     |  1.00th=[   26],  5.00th=[   27], 10.00th=[   28], 20.00th=[   29],
     | 30.00th=[   31], 40.00th=[   32], 50.00th=[   34], 60.00th=[   36],
     | 70.00th=[   37], 80.00th=[   40], 90.00th=[   45], 95.00th=[   49],
     | 99.00th=[   60], 99.50th=[   65], 99.90th=[  104], 99.95th=[  143],
     | 99.99th=[  225]
   bw (  KiB/s): min= 2573, max=15832, per=0.38%, avg=11155.00, stdev=5474.51, samples=7
   iops        : min=  643, max= 3958, avg=2788.71, stdev=1368.69, samples=7
  lat (usec)   : 50=95.99%, 100=3.90%, 250=0.10%
  cpu          : usr=0.24%, sys=0.23%, ctx=9939, majf=0, minf=8425
  IO depths    : 1=100.0%, 2=0.0%, 4=0.0%, 8=0.0%, 16=0.0%, 32=0.0%, >=64=0.0%
     submit    : 0=0.0%, 4=100.0%, 8=0.0%, 16=0.0%, 32=0.0%, 64=0.0%, >=64=0.0%
     complete  : 0=0.0%, 4=100.0%, 8=0.0%, 16=0.0%, 32=0.0%, 64=0.0%, >=64=0.0%
     issued rwts: total=0,9760,0,0 short=0,0,0,0 dropped=0,0,0,0
     latency   : target=0, window=0, percentile=100.00%, depth=1
bursty: (groupid=0, jobs=1): err= 0: pid=907455: Sat Sep  6 19:19:36 2025
  write: IOPS=288, BW=1155KiB/s (1183kB/s)(33.8MiB/30001msec); 0 zone resets
    clat (usec): min=23, max=184, avg=40.05, stdev= 8.59
     lat (usec): min=29, max=250, avg=47.79, stdev=11.09
    clat percentiles (usec):
     |  1.00th=[   27],  5.00th=[   30], 10.00th=[   32], 20.00th=[   35],
     | 30.00th=[   37], 40.00th=[   38], 50.00th=[   39], 60.00th=[   41],
     | 70.00th=[   43], 80.00th=[   45], 90.00th=[   49], 95.00th=[   56],
     | 99.00th=[   70], 99.50th=[   76], 99.90th=[  105], 99.95th=[  119],
     | 99.99th=[  186]
   bw (  KiB/s): min= 2573, max=14432, per=0.34%, avg=9902.43, stdev=4840.29, samples=7
   iops        : min=  643, max= 3608, avg=2475.57, stdev=1210.13, samples=7
  lat (usec)   : 50=90.93%, 100=8.92%, 250=0.15%
  cpu          : usr=0.21%, sys=0.29%, ctx=8848, majf=0, minf=12094
  IO depths    : 1=100.0%, 2=0.0%, 4=0.0%, 8=0.0%, 16=0.0%, 32=0.0%, >=64=0.0%
     submit    : 0=0.0%, 4=100.0%, 8=0.0%, 16=0.0%, 32=0.0%, 64=0.0%, >=64=0.0%
     complete  : 0=0.0%, 4=100.0%, 8=0.0%, 16=0.0%, 32=0.0%, 64=0.0%, >=64=0.0%
     issued rwts: total=0,8664,0,0 short=0,0,0,0 dropped=0,0,0,0
     latency   : target=0, window=0, percentile=100.00%, depth=1
bursty: (groupid=0, jobs=1): err= 0: pid=907456: Sat Sep  6 19:19:36 2025
  write: IOPS=276, BW=1106KiB/s (1133kB/s)(32.4MiB/30001msec); 0 zone resets
    clat (usec): min=24, max=243, avg=41.02, stdev= 8.30
     lat (usec): min=29, max=254, avg=48.97, stdev=10.90
    clat percentiles (usec):
     |  1.00th=[   29],  5.00th=[   32], 10.00th=[   34], 20.00th=[   36],
     | 30.00th=[   37], 40.00th=[   38], 50.00th=[   40], 60.00th=[   42],
     | 70.00th=[   44], 80.00th=[   46], 90.00th=[   51], 95.00th=[   57],
     | 99.00th=[   67], 99.50th=[   72], 99.90th=[   86], 99.95th=[   97],
     | 99.99th=[  243]
   bw (  KiB/s): min= 2573, max=13456, per=0.32%, avg=9481.86, stdev=4622.87, samples=7
   iops        : min=  643, max= 3364, avg=2370.43, stdev=1155.78, samples=7
  lat (usec)   : 50=89.65%, 100=10.31%, 250=0.05%
  cpu          : usr=0.24%, sys=0.29%, ctx=8469, majf=0, minf=15349
  IO depths    : 1=100.0%, 2=0.0%, 4=0.0%, 8=0.0%, 16=0.0%, 32=0.0%, >=64=0.0%
     submit    : 0=0.0%, 4=100.0%, 8=0.0%, 16=0.0%, 32=0.0%, 64=0.0%, >=64=0.0%
     complete  : 0=0.0%, 4=100.0%, 8=0.0%, 16=0.0%, 32=0.0%, 64=0.0%, >=64=0.0%
     issued rwts: total=0,8296,0,0 short=0,0,0,0 dropped=0,0,0,0
     latency   : target=0, window=0, percentile=100.00%, depth=1
bursty: (groupid=0, jobs=1): err= 0: pid=907457: Sat Sep  6 19:19:36 2025
  write: IOPS=302, BW=1208KiB/s (1237kB/s)(35.4MiB/30000msec); 0 zone resets
    clat (usec): min=25, max=1542, avg=39.98, stdev=19.63
     lat (usec): min=30, max=1551, avg=48.91, stdev=25.77
    clat percentiles (usec):
     |  1.00th=[   28],  5.00th=[   29], 10.00th=[   30], 20.00th=[   32],
     | 30.00th=[   36], 40.00th=[   37], 50.00th=[   39], 60.00th=[   41],
     | 70.00th=[   43], 80.00th=[   46], 90.00th=[   50], 95.00th=[   57],
     | 99.00th=[   71], 99.50th=[   77], 99.90th=[  204], 99.95th=[  258],
     | 99.99th=[ 1549]
   bw (  KiB/s): min= 2568, max=16000, per=0.35%, avg=10355.43, stdev=4997.46, samples=7
   iops        : min=  642, max= 4000, avg=2588.86, stdev=1249.37, samples=7
  lat (usec)   : 50=90.43%, 100=9.29%, 250=0.22%, 500=0.04%
  lat (msec)   : 2=0.01%
  cpu          : usr=0.12%, sys=0.24%, ctx=9186, majf=0, minf=10317
  IO depths    : 1=100.0%, 2=0.0%, 4=0.0%, 8=0.0%, 16=0.0%, 32=0.0%, >=64=0.0%
     submit    : 0=0.0%, 4=100.0%, 8=0.0%, 16=0.0%, 32=0.0%, 64=0.0%, >=64=0.0%
     complete  : 0=0.0%, 4=100.0%, 8=0.0%, 16=0.0%, 32=0.0%, 64=0.0%, >=64=0.0%
     issued rwts: total=0,9061,0,0 short=0,0,0,0 dropped=0,0,0,0
     latency   : target=0, window=0, percentile=100.00%, depth=1
bursty: (groupid=0, jobs=1): err= 0: pid=907458: Sat Sep  6 19:19:36 2025
  write: IOPS=280, BW=1122KiB/s (1149kB/s)(32.9MiB/30000msec); 0 zone resets
    clat (usec): min=24, max=233, avg=39.44, stdev= 8.36
     lat (usec): min=30, max=246, avg=47.60, stdev= 9.05
    clat percentiles (usec):
     |  1.00th=[   28],  5.00th=[   29], 10.00th=[   30], 20.00th=[   33],
     | 30.00th=[   35], 40.00th=[   37], 50.00th=[   39], 60.00th=[   41],
     | 70.00th=[   44], 80.00th=[   46], 90.00th=[   50], 95.00th=[   55],
     | 99.00th=[   65], 99.50th=[   70], 99.90th=[   78], 99.95th=[   88],
     | 99.99th=[  233]
   bw (  KiB/s): min= 2573, max=14112, per=0.33%, avg=9619.00, stdev=4364.54, samples=7
   iops        : min=  643, max= 3528, avg=2404.71, stdev=1091.20, samples=7
  lat (usec)   : 50=91.35%, 100=8.61%, 250=0.04%
  cpu          : usr=0.17%, sys=0.33%, ctx=8632, majf=0, minf=15666
  IO depths    : 1=100.0%, 2=0.0%, 4=0.0%, 8=0.0%, 16=0.0%, 32=0.0%, >=64=0.0%
     submit    : 0=0.0%, 4=100.0%, 8=0.0%, 16=0.0%, 32=0.0%, 64=0.0%, >=64=0.0%
     complete  : 0=0.0%, 4=100.0%, 8=0.0%, 16=0.0%, 32=0.0%, 64=0.0%, >=64=0.0%
     issued rwts: total=0,8416,0,0 short=0,0,0,0 dropped=0,0,0,0
     latency   : target=0, window=0, percentile=100.00%, depth=1
bursty: (groupid=0, jobs=1): err= 0: pid=907459: Sat Sep  6 19:19:36 2025
  write: IOPS=308, BW=1234KiB/s (1264kB/s)(36.2MiB/30001msec); 0 zone resets
    clat (usec): min=23, max=5248, avg=38.81, stdev=54.68
     lat (usec): min=29, max=5253, avg=46.46, stdev=54.70
    clat percentiles (usec):
     |  1.00th=[   27],  5.00th=[   29], 10.00th=[   31], 20.00th=[   34],
     | 30.00th=[   35], 40.00th=[   36], 50.00th=[   37], 60.00th=[   39],
     | 70.00th=[   41], 80.00th=[   44], 90.00th=[   47], 95.00th=[   52],
     | 99.00th=[   62], 99.50th=[   66], 99.90th=[  101], 99.95th=[  115],
     | 99.99th=[ 5276]
   bw (  KiB/s): min= 2568, max=15392, per=0.36%, avg=10577.14, stdev=5247.44, samples=7
   iops        : min=  642, max= 3848, avg=2644.29, stdev=1311.86, samples=7
  lat (usec)   : 50=94.08%, 100=5.81%, 250=0.10%
  lat (msec)   : 10=0.01%
  cpu          : usr=0.20%, sys=0.23%, ctx=9433, majf=0, minf=8857
  IO depths    : 1=100.0%, 2=0.0%, 4=0.0%, 8=0.0%, 16=0.0%, 32=0.0%, >=64=0.0%
     submit    : 0=0.0%, 4=100.0%, 8=0.0%, 16=0.0%, 32=0.0%, 64=0.0%, >=64=0.0%
     complete  : 0=0.0%, 4=100.0%, 8=0.0%, 16=0.0%, 32=0.0%, 64=0.0%, >=64=0.0%
     issued rwts: total=0,9255,0,0 short=0,0,0,0 dropped=0,0,0,0
     latency   : target=0, window=0, percentile=100.00%, depth=1
bursty: (groupid=0, jobs=1): err= 0: pid=907460: Sat Sep  6 19:19:36 2025
  write: IOPS=288, BW=1153KiB/s (1180kB/s)(33.8MiB/30000msec); 0 zone resets
    clat (usec): min=24, max=3020, avg=41.18, stdev=35.21
     lat (usec): min=31, max=3032, avg=50.03, stdev=39.90
    clat percentiles (usec):
     |  1.00th=[   29],  5.00th=[   32], 10.00th=[   34], 20.00th=[   35],
     | 30.00th=[   36], 40.00th=[   38], 50.00th=[   39], 60.00th=[   41],
     | 70.00th=[   43], 80.00th=[   46], 90.00th=[   51], 95.00th=[   58],
     | 99.00th=[   73], 99.50th=[   78], 99.90th=[  180], 99.95th=[  293],
     | 99.99th=[ 3032]
   bw (  KiB/s): min= 2573, max=14472, per=0.34%, avg=9880.71, stdev=4703.90, samples=7
   iops        : min=  643, max= 3618, avg=2470.14, stdev=1176.04, samples=7
  lat (usec)   : 50=89.77%, 100=10.01%, 250=0.16%, 500=0.01%, 750=0.03%
  lat (msec)   : 4=0.01%
  cpu          : usr=0.10%, sys=0.31%, ctx=8802, majf=0, minf=15979
  IO depths    : 1=100.0%, 2=0.0%, 4=0.0%, 8=0.0%, 16=0.0%, 32=0.0%, >=64=0.0%
     submit    : 0=0.0%, 4=100.0%, 8=0.0%, 16=0.0%, 32=0.0%, 64=0.0%, >=64=0.0%
     complete  : 0=0.0%, 4=100.0%, 8=0.0%, 16=0.0%, 32=0.0%, 64=0.0%, >=64=0.0%
     issued rwts: total=0,8645,0,0 short=0,0,0,0 dropped=0,0,0,0
     latency   : target=0, window=0, percentile=100.00%, depth=1
bursty: (groupid=0, jobs=1): err= 0: pid=907461: Sat Sep  6 19:19:36 2025
  write: IOPS=287, BW=1150KiB/s (1178kB/s)(33.7MiB/30000msec); 0 zone resets
    clat (usec): min=24, max=3017, avg=42.40, stdev=33.92
     lat (usec): min=31, max=3028, avg=52.10, stdev=39.32
    clat percentiles (usec):
     |  1.00th=[   30],  5.00th=[   34], 10.00th=[   35], 20.00th=[   36],
     | 30.00th=[   37], 40.00th=[   39], 50.00th=[   40], 60.00th=[   43],
     | 70.00th=[   45], 80.00th=[   47], 90.00th=[   52], 95.00th=[   58],
     | 99.00th=[   71], 99.50th=[   78], 99.90th=[  202], 99.95th=[  285],
     | 99.99th=[ 3032]
   bw (  KiB/s): min= 2568, max=13976, per=0.34%, avg=9854.57, stdev=4652.74, samples=7
   iops        : min=  642, max= 3494, avg=2463.57, stdev=1163.20, samples=7
  lat (usec)   : 50=88.10%, 100=11.61%, 250=0.22%, 500=0.06%
  lat (msec)   : 4=0.01%
  cpu          : usr=0.14%, sys=0.21%, ctx=8806, majf=0, minf=9973
  IO depths    : 1=100.0%, 2=0.0%, 4=0.0%, 8=0.0%, 16=0.0%, 32=0.0%, >=64=0.0%
     submit    : 0=0.0%, 4=100.0%, 8=0.0%, 16=0.0%, 32=0.0%, 64=0.0%, >=64=0.0%
     complete  : 0=0.0%, 4=100.0%, 8=0.0%, 16=0.0%, 32=0.0%, 64=0.0%, >=64=0.0%
     issued rwts: total=0,8625,0,0 short=0,0,0,0 dropped=0,0,0,0
     latency   : target=0, window=0, percentile=100.00%, depth=1
bursty: (groupid=0, jobs=1): err= 0: pid=907462: Sat Sep  6 19:19:36 2025
  write: IOPS=312, BW=1250KiB/s (1280kB/s)(36.6MiB/30000msec); 0 zone resets
    clat (usec): min=23, max=197, avg=38.66, stdev= 7.33
     lat (usec): min=31, max=298, avg=46.03, stdev= 8.29
    clat percentiles (usec):
     |  1.00th=[   28],  5.00th=[   32], 10.00th=[   33], 20.00th=[   34],
     | 30.00th=[   35], 40.00th=[   36], 50.00th=[   37], 60.00th=[   39],
     | 70.00th=[   41], 80.00th=[   44], 90.00th=[   48], 95.00th=[   52],
     | 99.00th=[   63], 99.50th=[   67], 99.90th=[   77], 99.95th=[   84],
     | 99.99th=[  198]
   bw (  KiB/s): min= 2568, max=14904, per=0.37%, avg=10717.71, stdev=5338.83, samples=7
   iops        : min=  642, max= 3726, avg=2679.43, stdev=1334.71, samples=7
  lat (usec)   : 50=93.46%, 100=6.49%, 250=0.04%
  cpu          : usr=0.21%, sys=0.22%, ctx=9571, majf=0, minf=7769
  IO depths    : 1=100.0%, 2=0.0%, 4=0.0%, 8=0.0%, 16=0.0%, 32=0.0%, >=64=0.0%
     submit    : 0=0.0%, 4=100.0%, 8=0.0%, 16=0.0%, 32=0.0%, 64=0.0%, >=64=0.0%
     complete  : 0=0.0%, 4=100.0%, 8=0.0%, 16=0.0%, 32=0.0%, 64=0.0%, >=64=0.0%
     issued rwts: total=0,9378,0,0 short=0,0,0,0 dropped=0,0,0,0
     latency   : target=0, window=0, percentile=100.00%, depth=1
bursty: (groupid=0, jobs=1): err= 0: pid=907463: Sat Sep  6 19:19:36 2025
  write: IOPS=311, BW=1247KiB/s (1277kB/s)(36.5MiB/30001msec); 0 zone resets
    clat (usec): min=23, max=2203, avg=37.92, stdev=26.14
     lat (usec): min=29, max=2333, avg=47.23, stdev=32.53
    clat percentiles (usec):
     |  1.00th=[   26],  5.00th=[   28], 10.00th=[   29], 20.00th=[   30],
     | 30.00th=[   31], 40.00th=[   34], 50.00th=[   36], 60.00th=[   38],
     | 70.00th=[   41], 80.00th=[   44], 90.00th=[   49], 95.00th=[   56],
     | 99.00th=[   71], 99.50th=[   80], 99.90th=[  269], 99.95th=[  310],
     | 99.99th=[ 2212]
   bw (  KiB/s): min= 2568, max=15512, per=0.36%, avg=10689.14, stdev=5488.77, samples=7
   iops        : min=  642, max= 3878, avg=2672.29, stdev=1372.19, samples=7
  lat (usec)   : 50=91.31%, 100=8.46%, 250=0.11%, 500=0.12%
  lat (msec)   : 4=0.01%
  cpu          : usr=0.14%, sys=0.23%, ctx=9536, majf=0, minf=10056
  IO depths    : 1=100.0%, 2=0.0%, 4=0.0%, 8=0.0%, 16=0.0%, 32=0.0%, >=64=0.0%
     submit    : 0=0.0%, 4=100.0%, 8=0.0%, 16=0.0%, 32=0.0%, 64=0.0%, >=64=0.0%
     complete  : 0=0.0%, 4=100.0%, 8=0.0%, 16=0.0%, 32=0.0%, 64=0.0%, >=64=0.0%
     issued rwts: total=0,9353,0,0 short=0,0,0,0 dropped=0,0,0,0
     latency   : target=0, window=0, percentile=100.00%, depth=1
bursty: (groupid=0, jobs=1): err= 0: pid=907464: Sat Sep  6 19:19:36 2025
  write: IOPS=305, BW=1222KiB/s (1251kB/s)(35.8MiB/30000msec); 0 zone resets
    clat (usec): min=23, max=1064, avg=38.57, stdev=17.64
     lat (usec): min=29, max=1209, avg=47.46, stdev=22.89
    clat percentiles (usec):
     |  1.00th=[   27],  5.00th=[   29], 10.00th=[   30], 20.00th=[   32],
     | 30.00th=[   35], 40.00th=[   36], 50.00th=[   37], 60.00th=[   39],
     | 70.00th=[   41], 80.00th=[   44], 90.00th=[   48], 95.00th=[   53],
     | 99.00th=[   68], 99.50th=[   75], 99.90th=[  161], 99.95th=[  245],
     | 99.99th=[ 1057]
   bw (  KiB/s): min= 2573, max=14704, per=0.36%, avg=10472.71, stdev=5067.37, samples=7
   iops        : min=  643, max= 3676, avg=2618.14, stdev=1266.91, samples=7
  lat (usec)   : 50=92.56%, 100=7.22%, 250=0.17%, 500=0.02%, 1000=0.01%
  lat (msec)   : 2=0.01%
  cpu          : usr=0.17%, sys=0.21%, ctx=9334, majf=0, minf=9215
  IO depths    : 1=100.0%, 2=0.0%, 4=0.0%, 8=0.0%, 16=0.0%, 32=0.0%, >=64=0.0%
     submit    : 0=0.0%, 4=100.0%, 8=0.0%, 16=0.0%, 32=0.0%, 64=0.0%, >=64=0.0%
     complete  : 0=0.0%, 4=100.0%, 8=0.0%, 16=0.0%, 32=0.0%, 64=0.0%, >=64=0.0%
     issued rwts: total=0,9163,0,0 short=0,0,0,0 dropped=0,0,0,0
     latency   : target=0, window=0, percentile=100.00%, depth=1
bursty: (groupid=0, jobs=1): err= 0: pid=907465: Sat Sep  6 19:19:36 2025
  write: IOPS=300, BW=1204KiB/s (1232kB/s)(35.3MiB/30001msec); 0 zone resets
    clat (usec): min=24, max=567, avg=39.92, stdev=13.31
     lat (usec): min=30, max=631, avg=48.61, stdev=22.43
    clat percentiles (usec):
     |  1.00th=[   28],  5.00th=[   29], 10.00th=[   31], 20.00th=[   34],
     | 30.00th=[   35], 40.00th=[   37], 50.00th=[   38], 60.00th=[   40],
     | 70.00th=[   43], 80.00th=[   45], 90.00th=[   50], 95.00th=[   57],
     | 99.00th=[   75], 99.50th=[   88], 99.90th=[  202], 99.95th=[  258],
     | 99.99th=[  570]
   bw (  KiB/s): min= 2568, max=15096, per=0.35%, avg=10316.57, stdev=4643.01, samples=7
   iops        : min=  642, max= 3774, avg=2579.14, stdev=1160.75, samples=7
  lat (usec)   : 50=90.89%, 100=8.73%, 250=0.32%, 500=0.04%, 750=0.01%
  cpu          : usr=0.11%, sys=0.26%, ctx=9214, majf=0, minf=10136
  IO depths    : 1=100.0%, 2=0.0%, 4=0.0%, 8=0.0%, 16=0.0%, 32=0.0%, >=64=0.0%
     submit    : 0=0.0%, 4=100.0%, 8=0.0%, 16=0.0%, 32=0.0%, 64=0.0%, >=64=0.0%
     complete  : 0=0.0%, 4=100.0%, 8=0.0%, 16=0.0%, 32=0.0%, 64=0.0%, >=64=0.0%
     issued rwts: total=0,9027,0,0 short=0,0,0,0 dropped=0,0,0,0
     latency   : target=0, window=0, percentile=100.00%, depth=1
bursty: (groupid=0, jobs=1): err= 0: pid=907466: Sat Sep  6 19:19:36 2025
  write: IOPS=315, BW=1264KiB/s (1294kB/s)(37.0MiB/30000msec); 0 zone resets
    clat (usec): min=22, max=199, avg=38.00, stdev= 7.66
     lat (usec): min=27, max=340, avg=45.68, stdev= 9.58
    clat percentiles (usec):
     |  1.00th=[   25],  5.00th=[   28], 10.00th=[   30], 20.00th=[   34],
     | 30.00th=[   36], 40.00th=[   37], 50.00th=[   37], 60.00th=[   38],
     | 70.00th=[   40], 80.00th=[   43], 90.00th=[   47], 95.00th=[   52],
     | 99.00th=[   62], 99.50th=[   67], 99.90th=[   79], 99.95th=[  111],
     | 99.99th=[  200]
   bw (  KiB/s): min= 2568, max=15080, per=0.37%, avg=10832.00, stdev=5379.14, samples=7
   iops        : min=  642, max= 3770, avg=2708.00, stdev=1344.78, samples=7
  lat (usec)   : 50=93.98%, 100=5.96%, 250=0.06%
  cpu          : usr=0.23%, sys=0.20%, ctx=9659, majf=0, minf=8060
  IO depths    : 1=100.0%, 2=0.0%, 4=0.0%, 8=0.0%, 16=0.0%, 32=0.0%, >=64=0.0%
     submit    : 0=0.0%, 4=100.0%, 8=0.0%, 16=0.0%, 32=0.0%, 64=0.0%, >=64=0.0%
     complete  : 0=0.0%, 4=100.0%, 8=0.0%, 16=0.0%, 32=0.0%, 64=0.0%, >=64=0.0%
     issued rwts: total=0,9478,0,0 short=0,0,0,0 dropped=0,0,0,0
     latency   : target=0, window=0, percentile=100.00%, depth=1
bursty: (groupid=0, jobs=1): err= 0: pid=907467: Sat Sep  6 19:19:36 2025
  write: IOPS=284, BW=1139KiB/s (1166kB/s)(33.4MiB/30001msec); 0 zone resets
    clat (usec): min=25, max=331, avg=41.74, stdev= 8.92
     lat (usec): min=30, max=466, avg=50.09, stdev=16.35
    clat percentiles (usec):
     |  1.00th=[   29],  5.00th=[   32], 10.00th=[   35], 20.00th=[   36],
     | 30.00th=[   38], 40.00th=[   39], 50.00th=[   41], 60.00th=[   43],
     | 70.00th=[   45], 80.00th=[   47], 90.00th=[   51], 95.00th=[   58],
     | 99.00th=[   69], 99.50th=[   73], 99.90th=[  105], 99.95th=[  125],
     | 99.99th=[  330]
   bw (  KiB/s): min= 2568, max=13552, per=0.33%, avg=9760.00, stdev=4623.80, samples=7
   iops        : min=  642, max= 3388, avg=2440.00, stdev=1155.95, samples=7
  lat (usec)   : 50=88.74%, 100=11.14%, 250=0.12%, 500=0.01%
  cpu          : usr=0.13%, sys=0.26%, ctx=8731, majf=0, minf=10429
  IO depths    : 1=100.0%, 2=0.0%, 4=0.0%, 8=0.0%, 16=0.0%, 32=0.0%, >=64=0.0%
     submit    : 0=0.0%, 4=100.0%, 8=0.0%, 16=0.0%, 32=0.0%, 64=0.0%, >=64=0.0%
     complete  : 0=0.0%, 4=100.0%, 8=0.0%, 16=0.0%, 32=0.0%, 64=0.0%, >=64=0.0%
     issued rwts: total=0,8540,0,0 short=0,0,0,0 dropped=0,0,0,0
     latency   : target=0, window=0, percentile=100.00%, depth=1

Run status group 0 (all jobs):
  WRITE: bw=2863MiB/s (3002MB/s), 1053KiB/s-113MiB/s (1078kB/s-119MB/s), io=84.0GiB (90.2GB), run=30000-30046msec

Disk stats (read/write):
  nvme5n2: ios=0/2414711, sectors=0/19317688, merge=0/0, ticks=0/74599, in_queue=74599, util=97.84%
  nvme5n3: ios=0/2405577, sectors=0/19244616, merge=0/0, ticks=0/74767, in_queue=74767, util=97.97%
  nvme5n4: ios=0/2436914, sectors=0/19495312, merge=0/0, ticks=0/74427, in_queue=74427, util=97.90%
  nvme5n5: ios=0/2425228, sectors=0/19401824, merge=0/0, ticks=0/74460, in_queue=74460, util=98.26%
  nvme5n6: ios=0/2458817, sectors=0/19670536, merge=0/0, ticks=0/74433, in_queue=74433, util=98.10%
  nvme5n7: ios=0/2394640, sectors=0/19157120, merge=0/0, ticks=0/74248, in_queue=74248, util=98.10%
  nvme5n8: ios=0/2427940, sectors=0/19423520, merge=0/0, ticks=0/74347, in_queue=74347, util=98.60%
  nvme5n9: ios=0/2415670, sectors=0/19325360, merge=0/0, ticks=0/74170, in_queue=74170, util=98.35%
  nvme5n10: ios=0/2414985, sectors=0/19319880, merge=0/0, ticks=0/73976, in_queue=73976, util=98.27%
  nvme5n1: ios=0/142745, sectors=0/1141960, merge=0/0, ticks=0/4783, in_queue=4783, util=3.09%
