test_64kb_rwrite_5n2: (g=0): rw=randwrite, bs=(R) 4096B-4096B, (W) 4096B-4096B, (T) 4096B-4096B, ioengine=psync, iodepth=1
...
test_64kb_rwrite_5n3: (g=0): rw=randwrite, bs=(R) 4096B-4096B, (W) 4096B-4096B, (T) 4096B-4096B, ioengine=psync, iodepth=1
...
test_64kb_rwrite_5n4: (g=0): rw=randwrite, bs=(R) 4096B-4096B, (W) 4096B-4096B, (T) 4096B-4096B, ioengine=psync, iodepth=1
...
test_64kb_rwrite_5n5: (g=0): rw=randwrite, bs=(R) 4096B-4096B, (W) 4096B-4096B, (T) 4096B-4096B, ioengine=psync, iodepth=1
...
test_64kb_rwrite_5n6: (g=0): rw=randwrite, bs=(R) 4096B-4096B, (W) 4096B-4096B, (T) 4096B-4096B, ioengine=psync, iodepth=1
...
test_64kb_rwrite_5n7: (g=0): rw=randwrite, bs=(R) 4096B-4096B, (W) 4096B-4096B, (T) 4096B-4096B, ioengine=psync, iodepth=1
...
test_64kb_rwrite_5n8: (g=0): rw=randwrite, bs=(R) 4096B-4096B, (W) 4096B-4096B, (T) 4096B-4096B, ioengine=psync, iodepth=1
...
test_64kb_rwrite_5n9: (g=0): rw=randwrite, bs=(R) 4096B-4096B, (W) 4096B-4096B, (T) 4096B-4096B, ioengine=psync, iodepth=1
...
test_64kb_rwrite_5n10: (g=0): rw=randwrite, bs=(R) 4096B-4096B, (W) 4096B-4096B, (T) 4096B-4096B, ioengine=psync, iodepth=1
...
bursty: (g=0): rw=randwrite, bs=(R) 4096B-4096B, (W) 4096B-4096B, (T) 4096B-4096B, ioengine=psync, iodepth=1
...
fio-3.37-114-gf0af0-dirty
Starting 52 threads

test_64kb_rwrite_5n2: (groupid=0, jobs=1): err= 0: pid=911130: Sat Sep  6 19:32:16 2025
  write: IOPS=33.3k, BW=130MiB/s (136MB/s)(3898MiB/30001msec); 0 zone resets
    clat (usec): min=17, max=1204, avg=29.21, stdev=13.98
     lat (usec): min=17, max=1204, avg=29.32, stdev=13.99
    clat percentiles (usec):
     |  1.00th=[   21],  5.00th=[   23], 10.00th=[   23], 20.00th=[   24],
     | 30.00th=[   25], 40.00th=[   26], 50.00th=[   27], 60.00th=[   28],
     | 70.00th=[   30], 80.00th=[   31], 90.00th=[   36], 95.00th=[   47],
     | 99.00th=[   65], 99.50th=[   80], 99.90th=[  281], 99.95th=[  318],
     | 99.99th=[  400]
   bw (  KiB/s): min=33627, max=151968, per=2.78%, avg=133024.87, stdev=26265.89, samples=60
   iops        : min= 8406, max=37992, avg=33256.20, stdev=6566.52, samples=60
  lat (usec)   : 20=0.16%, 50=96.43%, 100=3.20%, 250=0.08%, 500=0.13%
  lat (usec)   : 750=0.01%, 1000=0.01%
  lat (msec)   : 2=0.01%
  cpu          : usr=3.76%, sys=22.27%, ctx=997906, majf=0, minf=143178
  IO depths    : 1=100.0%, 2=0.0%, 4=0.0%, 8=0.0%, 16=0.0%, 32=0.0%, >=64=0.0%
     submit    : 0=0.0%, 4=100.0%, 8=0.0%, 16=0.0%, 32=0.0%, 64=0.0%, >=64=0.0%
     complete  : 0=0.0%, 4=100.0%, 8=0.0%, 16=0.0%, 32=0.0%, 64=0.0%, >=64=0.0%
     issued rwts: total=0,997905,0,0 short=0,0,0,0 dropped=0,0,0,0
     latency   : target=0, window=0, percentile=100.00%, depth=1
test_64kb_rwrite_5n2: (groupid=0, jobs=1): err= 0: pid=911131: Sat Sep  6 19:32:16 2025
  write: IOPS=32.9k, BW=128MiB/s (135MB/s)(3851MiB/30001msec); 0 zone resets
    clat (usec): min=17, max=8950, avg=29.49, stdev=19.01
     lat (usec): min=17, max=8950, avg=29.60, stdev=19.02
    clat percentiles (usec):
     |  1.00th=[   22],  5.00th=[   23], 10.00th=[   24], 20.00th=[   25],
     | 30.00th=[   26], 40.00th=[   26], 50.00th=[   28], 60.00th=[   29],
     | 70.00th=[   30], 80.00th=[   32], 90.00th=[   37], 95.00th=[   47],
     | 99.00th=[   65], 99.50th=[   80], 99.90th=[  281], 99.95th=[  334],
     | 99.99th=[  424]
   bw (  KiB/s): min=35712, max=149688, per=2.75%, avg=131421.87, stdev=25316.90, samples=60
   iops        : min= 8928, max=37422, avg=32855.43, stdev=6329.22, samples=60
  lat (usec)   : 20=0.16%, 50=96.39%, 100=3.24%, 250=0.08%, 500=0.12%
  lat (usec)   : 750=0.01%, 1000=0.01%
  lat (msec)   : 2=0.01%, 4=0.01%, 10=0.01%
  cpu          : usr=3.61%, sys=22.49%, ctx=985747, majf=0, minf=169183
  IO depths    : 1=100.0%, 2=0.0%, 4=0.0%, 8=0.0%, 16=0.0%, 32=0.0%, >=64=0.0%
     submit    : 0=0.0%, 4=100.0%, 8=0.0%, 16=0.0%, 32=0.0%, 64=0.0%, >=64=0.0%
     complete  : 0=0.0%, 4=100.0%, 8=0.0%, 16=0.0%, 32=0.0%, 64=0.0%, >=64=0.0%
     issued rwts: total=0,985734,0,0 short=0,0,0,0 dropped=0,0,0,0
     latency   : target=0, window=0, percentile=100.00%, depth=1
test_64kb_rwrite_5n2: (groupid=0, jobs=1): err= 0: pid=911132: Sat Sep  6 19:32:16 2025
  write: IOPS=33.0k, BW=129MiB/s (135MB/s)(3870MiB/30001msec); 0 zone resets
    clat (usec): min=17, max=5258, avg=29.38, stdev=15.91
     lat (usec): min=17, max=5259, avg=29.48, stdev=15.92
    clat percentiles (usec):
     |  1.00th=[   21],  5.00th=[   23], 10.00th=[   23], 20.00th=[   24],
     | 30.00th=[   25], 40.00th=[   26], 50.00th=[   28], 60.00th=[   29],
     | 70.00th=[   30], 80.00th=[   32], 90.00th=[   37], 95.00th=[   47],
     | 99.00th=[   64], 99.50th=[   80], 99.90th=[  277], 99.95th=[  318],
     | 99.99th=[  400]
   bw (  KiB/s): min=28657, max=149280, per=2.76%, avg=132083.30, stdev=26547.55, samples=60
   iops        : min= 7164, max=37320, avg=33020.85, stdev=6636.91, samples=60
  lat (usec)   : 20=0.17%, 50=96.45%, 100=3.14%, 250=0.11%, 500=0.13%
  lat (usec)   : 750=0.01%, 1000=0.01%
  lat (msec)   : 2=0.01%, 10=0.01%
  cpu          : usr=3.89%, sys=21.94%, ctx=990665, majf=0, minf=157268
  IO depths    : 1=100.0%, 2=0.0%, 4=0.0%, 8=0.0%, 16=0.0%, 32=0.0%, >=64=0.0%
     submit    : 0=0.0%, 4=100.0%, 8=0.0%, 16=0.0%, 32=0.0%, 64=0.0%, >=64=0.0%
     complete  : 0=0.0%, 4=100.0%, 8=0.0%, 16=0.0%, 32=0.0%, 64=0.0%, >=64=0.0%
     issued rwts: total=0,990653,0,0 short=0,0,0,0 dropped=0,0,0,0
     latency   : target=0, window=0, percentile=100.00%, depth=1
test_64kb_rwrite_5n2: (groupid=0, jobs=1): err= 0: pid=911133: Sat Sep  6 19:32:16 2025
  write: IOPS=33.3k, BW=130MiB/s (136MB/s)(3898MiB/30001msec); 0 zone resets
    clat (usec): min=17, max=4836, avg=28.96, stdev=13.56
     lat (usec): min=17, max=4837, avg=29.07, stdev=13.57
    clat percentiles (usec):
     |  1.00th=[   21],  5.00th=[   23], 10.00th=[   23], 20.00th=[   24],
     | 30.00th=[   25], 40.00th=[   26], 50.00th=[   27], 60.00th=[   28],
     | 70.00th=[   29], 80.00th=[   31], 90.00th=[   36], 95.00th=[   45],
     | 99.00th=[   67], 99.50th=[   80], 99.90th=[  233], 99.95th=[  293],
     | 99.99th=[  392]
   bw (  KiB/s): min=41768, max=158472, per=2.78%, avg=133053.07, stdev=23349.32, samples=60
   iops        : min=10442, max=39618, avg=33263.27, stdev=5837.33, samples=60
  lat (usec)   : 20=0.24%, 50=96.34%, 100=3.25%, 250=0.08%, 500=0.08%
  lat (usec)   : 750=0.01%, 1000=0.01%
  lat (msec)   : 2=0.01%, 10=0.01%
  cpu          : usr=4.17%, sys=22.63%, ctx=997936, majf=0, minf=232980
  IO depths    : 1=100.0%, 2=0.0%, 4=0.0%, 8=0.0%, 16=0.0%, 32=0.0%, >=64=0.0%
     submit    : 0=0.0%, 4=100.0%, 8=0.0%, 16=0.0%, 32=0.0%, 64=0.0%, >=64=0.0%
     complete  : 0=0.0%, 4=100.0%, 8=0.0%, 16=0.0%, 32=0.0%, 64=0.0%, >=64=0.0%
     issued rwts: total=0,997933,0,0 short=0,0,0,0 dropped=0,0,0,0
     latency   : target=0, window=0, percentile=100.00%, depth=1
test_64kb_rwrite_5n3: (groupid=0, jobs=1): err= 0: pid=911134: Sat Sep  6 19:32:16 2025
  write: IOPS=33.6k, BW=131MiB/s (138MB/s)(3942MiB/30001msec); 0 zone resets
    clat (usec): min=17, max=9315, avg=28.62, stdev=18.65
     lat (usec): min=17, max=9315, avg=28.73, stdev=18.65
    clat percentiles (usec):
     |  1.00th=[   20],  5.00th=[   22], 10.00th=[   23], 20.00th=[   24],
     | 30.00th=[   25], 40.00th=[   26], 50.00th=[   27], 60.00th=[   28],
     | 70.00th=[   29], 80.00th=[   31], 90.00th=[   35], 95.00th=[   44],
     | 99.00th=[   65], 99.50th=[   78], 99.90th=[  239], 99.95th=[  297],
     | 99.99th=[  408]
   bw (  KiB/s): min=38896, max=166536, per=2.81%, avg=134534.02, stdev=22463.70, samples=60
   iops        : min= 9724, max=41634, avg=33633.50, stdev=5615.92, samples=60
  lat (usec)   : 20=1.48%, 50=96.12%, 100=2.24%, 250=0.07%, 500=0.09%
  lat (usec)   : 750=0.01%, 1000=0.01%
  lat (msec)   : 2=0.01%, 4=0.01%, 10=0.01%
  cpu          : usr=3.95%, sys=22.97%, ctx=1009267, majf=0, minf=235453
  IO depths    : 1=100.0%, 2=0.0%, 4=0.0%, 8=0.0%, 16=0.0%, 32=0.0%, >=64=0.0%
     submit    : 0=0.0%, 4=100.0%, 8=0.0%, 16=0.0%, 32=0.0%, 64=0.0%, >=64=0.0%
     complete  : 0=0.0%, 4=100.0%, 8=0.0%, 16=0.0%, 32=0.0%, 64=0.0%, >=64=0.0%
     issued rwts: total=0,1009245,0,0 short=0,0,0,0 dropped=0,0,0,0
     latency   : target=0, window=0, percentile=100.00%, depth=1
test_64kb_rwrite_5n3: (groupid=0, jobs=1): err= 0: pid=911135: Sat Sep  6 19:32:16 2025
  write: IOPS=32.8k, BW=128MiB/s (134MB/s)(3846MiB/30001msec); 0 zone resets
    clat (usec): min=18, max=6093, avg=29.49, stdev=18.11
     lat (usec): min=18, max=6094, avg=29.60, stdev=18.12
    clat percentiles (usec):
     |  1.00th=[   21],  5.00th=[   23], 10.00th=[   23], 20.00th=[   24],
     | 30.00th=[   25], 40.00th=[   26], 50.00th=[   28], 60.00th=[   29],
     | 70.00th=[   30], 80.00th=[   31], 90.00th=[   37], 95.00th=[   47],
     | 99.00th=[   64], 99.50th=[   83], 99.90th=[  297], 99.95th=[  334],
     | 99.99th=[  404]
   bw (  KiB/s): min=27536, max=153640, per=2.74%, avg=131271.65, stdev=27211.47, samples=60
   iops        : min= 6884, max=38410, avg=32817.90, stdev=6802.91, samples=60
  lat (usec)   : 20=0.18%, 50=96.52%, 100=3.02%, 250=0.11%, 500=0.18%
  lat (usec)   : 750=0.01%, 1000=0.01%
  lat (msec)   : 2=0.01%, 4=0.01%, 10=0.01%
  cpu          : usr=3.80%, sys=22.31%, ctx=984657, majf=0, minf=192795
  IO depths    : 1=100.0%, 2=0.0%, 4=0.0%, 8=0.0%, 16=0.0%, 32=0.0%, >=64=0.0%
     submit    : 0=0.0%, 4=100.0%, 8=0.0%, 16=0.0%, 32=0.0%, 64=0.0%, >=64=0.0%
     complete  : 0=0.0%, 4=100.0%, 8=0.0%, 16=0.0%, 32=0.0%, 64=0.0%, >=64=0.0%
     issued rwts: total=0,984655,0,0 short=0,0,0,0 dropped=0,0,0,0
     latency   : target=0, window=0, percentile=100.00%, depth=1
test_64kb_rwrite_5n3: (groupid=0, jobs=1): err= 0: pid=911136: Sat Sep  6 19:32:16 2025
  write: IOPS=33.6k, BW=131MiB/s (138MB/s)(3938MiB/30001msec); 0 zone resets
    clat (usec): min=17, max=7799, avg=28.87, stdev=16.26
     lat (usec): min=17, max=7799, avg=28.99, stdev=16.27
    clat percentiles (usec):
     |  1.00th=[   21],  5.00th=[   22], 10.00th=[   23], 20.00th=[   24],
     | 30.00th=[   25], 40.00th=[   26], 50.00th=[   27], 60.00th=[   28],
     | 70.00th=[   29], 80.00th=[   31], 90.00th=[   36], 95.00th=[   45],
     | 99.00th=[   66], 99.50th=[   80], 99.90th=[  255], 99.95th=[  302],
     | 99.99th=[  388]
   bw (  KiB/s): min=39848, max=156160, per=2.81%, avg=134497.63, stdev=23879.26, samples=59
   iops        : min= 9962, max=39040, avg=33624.37, stdev=5969.81, samples=59
  lat (usec)   : 20=0.37%, 50=96.65%, 100=2.78%, 250=0.09%, 500=0.11%
  lat (usec)   : 750=0.01%, 1000=0.01%
  lat (msec)   : 2=0.01%, 4=0.01%, 10=0.01%
  cpu          : usr=4.07%, sys=22.37%, ctx=1008034, majf=0, minf=162227
  IO depths    : 1=100.0%, 2=0.0%, 4=0.0%, 8=0.0%, 16=0.0%, 32=0.0%, >=64=0.0%
     submit    : 0=0.0%, 4=100.0%, 8=0.0%, 16=0.0%, 32=0.0%, 64=0.0%, >=64=0.0%
     complete  : 0=0.0%, 4=100.0%, 8=0.0%, 16=0.0%, 32=0.0%, 64=0.0%, >=64=0.0%
     issued rwts: total=0,1008053,0,0 short=0,0,0,0 dropped=0,0,0,0
     latency   : target=0, window=0, percentile=100.00%, depth=1
test_64kb_rwrite_5n3: (groupid=0, jobs=1): err= 0: pid=911137: Sat Sep  6 19:32:16 2025
  write: IOPS=33.0k, BW=129MiB/s (135MB/s)(3870MiB/30001msec); 0 zone resets
    clat (usec): min=17, max=1047, avg=29.32, stdev=15.20
     lat (usec): min=18, max=1047, avg=29.44, stdev=15.20
    clat percentiles (usec):
     |  1.00th=[   22],  5.00th=[   23], 10.00th=[   24], 20.00th=[   24],
     | 30.00th=[   25], 40.00th=[   26], 50.00th=[   27], 60.00th=[   28],
     | 70.00th=[   29], 80.00th=[   31], 90.00th=[   37], 95.00th=[   47],
     | 99.00th=[   63], 99.50th=[   82], 99.90th=[  293], 99.95th=[  338],
     | 99.99th=[  437]
   bw (  KiB/s): min=21048, max=152944, per=2.76%, avg=132078.22, stdev=27416.54, samples=60
   iops        : min= 5262, max=38236, avg=33019.55, stdev=6854.13, samples=60
  lat (usec)   : 20=0.12%, 50=96.56%, 100=3.04%, 250=0.11%, 500=0.16%
  lat (usec)   : 750=0.01%, 1000=0.01%
  lat (msec)   : 2=0.01%
  cpu          : usr=3.91%, sys=22.45%, ctx=990610, majf=0, minf=174542
  IO depths    : 1=100.0%, 2=0.0%, 4=0.0%, 8=0.0%, 16=0.0%, 32=0.0%, >=64=0.0%
     submit    : 0=0.0%, 4=100.0%, 8=0.0%, 16=0.0%, 32=0.0%, 64=0.0%, >=64=0.0%
     complete  : 0=0.0%, 4=100.0%, 8=0.0%, 16=0.0%, 32=0.0%, 64=0.0%, >=64=0.0%
     issued rwts: total=0,990612,0,0 short=0,0,0,0 dropped=0,0,0,0
     latency   : target=0, window=0, percentile=100.00%, depth=1
test_64kb_rwrite_5n4: (groupid=0, jobs=1): err= 0: pid=911138: Sat Sep  6 19:32:16 2025
  write: IOPS=32.9k, BW=129MiB/s (135MB/s)(3861MiB/30000msec); 0 zone resets
    clat (usec): min=17, max=7369, avg=29.44, stdev=20.03
     lat (usec): min=17, max=7369, avg=29.55, stdev=20.04
    clat percentiles (usec):
     |  1.00th=[   21],  5.00th=[   23], 10.00th=[   23], 20.00th=[   25],
     | 30.00th=[   25], 40.00th=[   26], 50.00th=[   28], 60.00th=[   29],
     | 70.00th=[   30], 80.00th=[   32], 90.00th=[   37], 95.00th=[   47],
     | 99.00th=[   64], 99.50th=[   79], 99.90th=[  281], 99.95th=[  310],
     | 99.99th=[  396]
   bw (  KiB/s): min=23616, max=156440, per=2.75%, avg=131780.93, stdev=25939.02, samples=60
   iops        : min= 5904, max=39110, avg=32945.23, stdev=6484.76, samples=60
  lat (usec)   : 20=0.17%, 50=96.45%, 100=3.19%, 250=0.07%, 500=0.12%
  lat (usec)   : 750=0.01%, 1000=0.01%
  lat (msec)   : 2=0.01%, 10=0.01%
  cpu          : usr=3.86%, sys=22.17%, ctx=988374, majf=0, minf=157668
  IO depths    : 1=100.0%, 2=0.0%, 4=0.0%, 8=0.0%, 16=0.0%, 32=0.0%, >=64=0.0%
     submit    : 0=0.0%, 4=100.0%, 8=0.0%, 16=0.0%, 32=0.0%, 64=0.0%, >=64=0.0%
     complete  : 0=0.0%, 4=100.0%, 8=0.0%, 16=0.0%, 32=0.0%, 64=0.0%, >=64=0.0%
     issued rwts: total=0,988357,0,0 short=0,0,0,0 dropped=0,0,0,0
     latency   : target=0, window=0, percentile=100.00%, depth=1
test_64kb_rwrite_5n4: (groupid=0, jobs=1): err= 0: pid=911139: Sat Sep  6 19:32:16 2025
  write: IOPS=32.9k, BW=129MiB/s (135MB/s)(3856MiB/30001msec); 0 zone resets
    clat (usec): min=17, max=7118, avg=29.41, stdev=20.85
     lat (usec): min=18, max=7118, avg=29.52, stdev=20.86
    clat percentiles (usec):
     |  1.00th=[   21],  5.00th=[   23], 10.00th=[   23], 20.00th=[   24],
     | 30.00th=[   25], 40.00th=[   26], 50.00th=[   28], 60.00th=[   29],
     | 70.00th=[   30], 80.00th=[   31], 90.00th=[   37], 95.00th=[   47],
     | 99.00th=[   64], 99.50th=[   79], 99.90th=[  289], 99.95th=[  334],
     | 99.99th=[  424]
   bw (  KiB/s): min=30512, max=152184, per=2.75%, avg=131597.85, stdev=26275.07, samples=60
   iops        : min= 7628, max=38046, avg=32899.45, stdev=6568.80, samples=60
  lat (usec)   : 20=0.18%, 50=96.36%, 100=3.24%, 250=0.08%, 500=0.14%
  lat (usec)   : 750=0.01%, 1000=0.01%
  lat (msec)   : 2=0.01%, 4=0.01%, 10=0.01%
  cpu          : usr=3.93%, sys=22.25%, ctx=987055, majf=0, minf=198129
  IO depths    : 1=100.0%, 2=0.0%, 4=0.0%, 8=0.0%, 16=0.0%, 32=0.0%, >=64=0.0%
     submit    : 0=0.0%, 4=100.0%, 8=0.0%, 16=0.0%, 32=0.0%, 64=0.0%, >=64=0.0%
     complete  : 0=0.0%, 4=100.0%, 8=0.0%, 16=0.0%, 32=0.0%, 64=0.0%, >=64=0.0%
     issued rwts: total=0,987041,0,0 short=0,0,0,0 dropped=0,0,0,0
     latency   : target=0, window=0, percentile=100.00%, depth=1
test_64kb_rwrite_5n4: (groupid=0, jobs=1): err= 0: pid=911140: Sat Sep  6 19:32:16 2025
  write: IOPS=32.9k, BW=129MiB/s (135MB/s)(3861MiB/30001msec); 0 zone resets
    clat (usec): min=17, max=4856, avg=29.45, stdev=15.93
     lat (usec): min=17, max=4856, avg=29.56, stdev=15.94
    clat percentiles (usec):
     |  1.00th=[   21],  5.00th=[   23], 10.00th=[   23], 20.00th=[   24],
     | 30.00th=[   25], 40.00th=[   26], 50.00th=[   28], 60.00th=[   29],
     | 70.00th=[   30], 80.00th=[   32], 90.00th=[   37], 95.00th=[   47],
     | 99.00th=[   63], 99.50th=[   78], 99.90th=[  289], 99.95th=[  334],
     | 99.99th=[  424]
   bw (  KiB/s): min=32776, max=151720, per=2.74%, avg=131044.12, stdev=26370.60, samples=60
   iops        : min= 8194, max=37930, avg=32761.02, stdev=6592.66, samples=60
  lat (usec)   : 20=0.23%, 50=96.27%, 100=3.27%, 250=0.08%, 500=0.14%
  lat (usec)   : 750=0.01%, 1000=0.01%
  lat (msec)   : 2=0.01%, 10=0.01%
  cpu          : usr=4.08%, sys=21.84%, ctx=988318, majf=0, minf=157575
  IO depths    : 1=100.0%, 2=0.0%, 4=0.0%, 8=0.0%, 16=0.0%, 32=0.0%, >=64=0.0%
     submit    : 0=0.0%, 4=100.0%, 8=0.0%, 16=0.0%, 32=0.0%, 64=0.0%, >=64=0.0%
     complete  : 0=0.0%, 4=100.0%, 8=0.0%, 16=0.0%, 32=0.0%, 64=0.0%, >=64=0.0%
     issued rwts: total=0,988293,0,0 short=0,0,0,0 dropped=0,0,0,0
     latency   : target=0, window=0, percentile=100.00%, depth=1
test_64kb_rwrite_5n4: (groupid=0, jobs=1): err= 0: pid=911141: Sat Sep  6 19:32:16 2025
  write: IOPS=32.8k, BW=128MiB/s (134MB/s)(3839MiB/30000msec); 0 zone resets
    clat (usec): min=18, max=2104, avg=29.62, stdev=14.56
     lat (usec): min=18, max=2104, avg=29.72, stdev=14.57
    clat percentiles (usec):
     |  1.00th=[   22],  5.00th=[   23], 10.00th=[   24], 20.00th=[   25],
     | 30.00th=[   26], 40.00th=[   27], 50.00th=[   28], 60.00th=[   29],
     | 70.00th=[   30], 80.00th=[   32], 90.00th=[   37], 95.00th=[   47],
     | 99.00th=[   68], 99.50th=[   82], 99.90th=[  277], 99.95th=[  322],
     | 99.99th=[  416]
   bw (  KiB/s): min=36976, max=150792, per=2.74%, avg=131041.10, stdev=26411.55, samples=60
   iops        : min= 9244, max=37698, avg=32760.27, stdev=6602.90, samples=60
  lat (usec)   : 20=0.15%, 50=96.47%, 100=3.14%, 250=0.12%, 500=0.12%
  lat (usec)   : 750=0.01%, 1000=0.01%
  lat (msec)   : 2=0.01%, 4=0.01%
  cpu          : usr=3.85%, sys=21.95%, ctx=982834, majf=0, minf=154502
  IO depths    : 1=100.0%, 2=0.0%, 4=0.0%, 8=0.0%, 16=0.0%, 32=0.0%, >=64=0.0%
     submit    : 0=0.0%, 4=100.0%, 8=0.0%, 16=0.0%, 32=0.0%, 64=0.0%, >=64=0.0%
     complete  : 0=0.0%, 4=100.0%, 8=0.0%, 16=0.0%, 32=0.0%, 64=0.0%, >=64=0.0%
     issued rwts: total=0,982831,0,0 short=0,0,0,0 dropped=0,0,0,0
     latency   : target=0, window=0, percentile=100.00%, depth=1
test_64kb_rwrite_5n5: (groupid=0, jobs=1): err= 0: pid=911142: Sat Sep  6 19:32:16 2025
  write: IOPS=33.0k, BW=129MiB/s (135MB/s)(3872MiB/30001msec); 0 zone resets
    clat (usec): min=17, max=3334, avg=29.35, stdev=14.93
     lat (usec): min=17, max=3334, avg=29.46, stdev=14.94
    clat percentiles (usec):
     |  1.00th=[   21],  5.00th=[   23], 10.00th=[   23], 20.00th=[   24],
     | 30.00th=[   25], 40.00th=[   26], 50.00th=[   27], 60.00th=[   28],
     | 70.00th=[   30], 80.00th=[   32], 90.00th=[   37], 95.00th=[   47],
     | 99.00th=[   64], 99.50th=[   81], 99.90th=[  289], 99.95th=[  330],
     | 99.99th=[  396]
   bw (  KiB/s): min=28384, max=152656, per=2.76%, avg=132136.32, stdev=27011.66, samples=60
   iops        : min= 7096, max=38164, avg=33034.07, stdev=6752.92, samples=60
  lat (usec)   : 20=0.20%, 50=96.34%, 100=3.22%, 250=0.10%, 500=0.14%
  lat (usec)   : 750=0.01%, 1000=0.01%
  lat (msec)   : 2=0.01%, 4=0.01%
  cpu          : usr=3.66%, sys=22.44%, ctx=991158, majf=0, minf=162160
  IO depths    : 1=100.0%, 2=0.0%, 4=0.0%, 8=0.0%, 16=0.0%, 32=0.0%, >=64=0.0%
     submit    : 0=0.0%, 4=100.0%, 8=0.0%, 16=0.0%, 32=0.0%, 64=0.0%, >=64=0.0%
     complete  : 0=0.0%, 4=100.0%, 8=0.0%, 16=0.0%, 32=0.0%, 64=0.0%, >=64=0.0%
     issued rwts: total=0,991146,0,0 short=0,0,0,0 dropped=0,0,0,0
     latency   : target=0, window=0, percentile=100.00%, depth=1
test_64kb_rwrite_5n5: (groupid=0, jobs=1): err= 0: pid=911143: Sat Sep  6 19:32:16 2025
  write: IOPS=32.8k, BW=128MiB/s (134MB/s)(3842MiB/30000msec); 0 zone resets
    clat (usec): min=16, max=4080, avg=29.59, stdev=16.71
     lat (usec): min=17, max=4080, avg=29.70, stdev=16.72
    clat percentiles (usec):
     |  1.00th=[   21],  5.00th=[   23], 10.00th=[   23], 20.00th=[   25],
     | 30.00th=[   26], 40.00th=[   26], 50.00th=[   28], 60.00th=[   29],
     | 70.00th=[   30], 80.00th=[   32], 90.00th=[   37], 95.00th=[   47],
     | 99.00th=[   61], 99.50th=[   83], 99.90th=[  306], 99.95th=[  343],
     | 99.99th=[  429]
   bw (  KiB/s): min=26688, max=153288, per=2.73%, avg=130454.68, stdev=28032.43, samples=60
   iops        : min= 6672, max=38322, avg=32613.67, stdev=7008.11, samples=60
  lat (usec)   : 20=0.27%, 50=96.57%, 100=2.85%, 250=0.12%, 500=0.19%
  lat (usec)   : 750=0.01%, 1000=0.01%
  lat (msec)   : 2=0.01%, 10=0.01%
  cpu          : usr=3.84%, sys=22.03%, ctx=983503, majf=0, minf=168465
  IO depths    : 1=100.0%, 2=0.0%, 4=0.0%, 8=0.0%, 16=0.0%, 32=0.0%, >=64=0.0%
     submit    : 0=0.0%, 4=100.0%, 8=0.0%, 16=0.0%, 32=0.0%, 64=0.0%, >=64=0.0%
     complete  : 0=0.0%, 4=100.0%, 8=0.0%, 16=0.0%, 32=0.0%, 64=0.0%, >=64=0.0%
     issued rwts: total=0,983497,0,0 short=0,0,0,0 dropped=0,0,0,0
     latency   : target=0, window=0, percentile=100.00%, depth=1
test_64kb_rwrite_5n5: (groupid=0, jobs=1): err= 0: pid=911144: Sat Sep  6 19:32:16 2025
  write: IOPS=32.9k, BW=129MiB/s (135MB/s)(3859MiB/30001msec); 0 zone resets
    clat (usec): min=17, max=5943, avg=29.31, stdev=13.89
     lat (usec): min=17, max=5944, avg=29.43, stdev=13.90
    clat percentiles (usec):
     |  1.00th=[   21],  5.00th=[   23], 10.00th=[   24], 20.00th=[   25],
     | 30.00th=[   26], 40.00th=[   26], 50.00th=[   28], 60.00th=[   29],
     | 70.00th=[   30], 80.00th=[   32], 90.00th=[   37], 95.00th=[   47],
     | 99.00th=[   67], 99.50th=[   79], 99.90th=[  239], 99.95th=[  293],
     | 99.99th=[  383]
   bw (  KiB/s): min=35142, max=150080, per=2.75%, avg=131705.68, stdev=23612.64, samples=60
   iops        : min= 8785, max=37520, avg=32926.40, stdev=5903.19, samples=60
  lat (usec)   : 20=0.22%, 50=96.57%, 100=3.04%, 250=0.08%, 500=0.09%
  lat (usec)   : 750=0.01%, 1000=0.01%
  lat (msec)   : 2=0.01%, 10=0.01%
  cpu          : usr=3.78%, sys=22.78%, ctx=987870, majf=0, minf=194529
  IO depths    : 1=100.0%, 2=0.0%, 4=0.0%, 8=0.0%, 16=0.0%, 32=0.0%, >=64=0.0%
     submit    : 0=0.0%, 4=100.0%, 8=0.0%, 16=0.0%, 32=0.0%, 64=0.0%, >=64=0.0%
     complete  : 0=0.0%, 4=100.0%, 8=0.0%, 16=0.0%, 32=0.0%, 64=0.0%, >=64=0.0%
     issued rwts: total=0,987854,0,0 short=0,0,0,0 dropped=0,0,0,0
     latency   : target=0, window=0, percentile=100.00%, depth=1
test_64kb_rwrite_5n5: (groupid=0, jobs=1): err= 0: pid=911145: Sat Sep  6 19:32:16 2025
  write: IOPS=33.7k, BW=132MiB/s (138MB/s)(3946MiB/30001msec); 0 zone resets
    clat (usec): min=17, max=6216, avg=28.73, stdev=19.11
     lat (usec): min=17, max=6216, avg=28.85, stdev=19.12
    clat percentiles (usec):
     |  1.00th=[   21],  5.00th=[   23], 10.00th=[   23], 20.00th=[   24],
     | 30.00th=[   25], 40.00th=[   26], 50.00th=[   27], 60.00th=[   28],
     | 70.00th=[   29], 80.00th=[   31], 90.00th=[   35], 95.00th=[   40],
     | 99.00th=[   57], 99.50th=[   81], 99.90th=[  306], 99.95th=[  347],
     | 99.99th=[  441]
   bw (  KiB/s): min=22484, max=151576, per=2.81%, avg=134675.83, stdev=22917.85, samples=60
   iops        : min= 5621, max=37894, avg=33668.95, stdev=5729.46, samples=60
  lat (usec)   : 20=0.27%, 50=98.07%, 100=1.35%, 250=0.11%, 500=0.21%
  lat (usec)   : 750=0.01%, 1000=0.01%
  lat (msec)   : 2=0.01%, 4=0.01%, 10=0.01%
  cpu          : usr=4.19%, sys=22.97%, ctx=1010122, majf=0, minf=172072
  IO depths    : 1=100.0%, 2=0.0%, 4=0.0%, 8=0.0%, 16=0.0%, 32=0.0%, >=64=0.0%
     submit    : 0=0.0%, 4=100.0%, 8=0.0%, 16=0.0%, 32=0.0%, 64=0.0%, >=64=0.0%
     complete  : 0=0.0%, 4=100.0%, 8=0.0%, 16=0.0%, 32=0.0%, 64=0.0%, >=64=0.0%
     issued rwts: total=0,1010131,0,0 short=0,0,0,0 dropped=0,0,0,0
     latency   : target=0, window=0, percentile=100.00%, depth=1
test_64kb_rwrite_5n6: (groupid=0, jobs=1): err= 0: pid=911146: Sat Sep  6 19:32:16 2025
  write: IOPS=33.6k, BW=131MiB/s (138MB/s)(3943MiB/30001msec); 0 zone resets
    clat (usec): min=17, max=6335, avg=28.75, stdev=18.82
     lat (usec): min=17, max=6335, avg=28.87, stdev=18.82
    clat percentiles (usec):
     |  1.00th=[   21],  5.00th=[   23], 10.00th=[   23], 20.00th=[   24],
     | 30.00th=[   25], 40.00th=[   26], 50.00th=[   27], 60.00th=[   28],
     | 70.00th=[   29], 80.00th=[   31], 90.00th=[   35], 95.00th=[   42],
     | 99.00th=[   60], 99.50th=[   81], 99.90th=[  297], 99.95th=[  338],
     | 99.99th=[  424]
   bw (  KiB/s): min=25704, max=160616, per=2.81%, avg=134589.47, stdev=25796.51, samples=60
   iops        : min= 6426, max=40154, avg=33647.37, stdev=6449.13, samples=60
  lat (usec)   : 20=0.30%, 50=96.78%, 100=2.67%, 250=0.09%, 500=0.16%
  lat (usec)   : 750=0.01%, 1000=0.01%
  lat (msec)   : 2=0.01%, 4=0.01%, 10=0.01%
  cpu          : usr=3.92%, sys=23.15%, ctx=1009419, majf=0, minf=172093
  IO depths    : 1=100.0%, 2=0.0%, 4=0.0%, 8=0.0%, 16=0.0%, 32=0.0%, >=64=0.0%
     submit    : 0=0.0%, 4=100.0%, 8=0.0%, 16=0.0%, 32=0.0%, 64=0.0%, >=64=0.0%
     complete  : 0=0.0%, 4=100.0%, 8=0.0%, 16=0.0%, 32=0.0%, 64=0.0%, >=64=0.0%
     issued rwts: total=0,1009421,0,0 short=0,0,0,0 dropped=0,0,0,0
     latency   : target=0, window=0, percentile=100.00%, depth=1
test_64kb_rwrite_5n6: (groupid=0, jobs=1): err= 0: pid=911147: Sat Sep  6 19:32:16 2025
  write: IOPS=34.1k, BW=133MiB/s (140MB/s)(3993MiB/30000msec); 0 zone resets
    clat (usec): min=17, max=2471, avg=28.39, stdev=13.64
     lat (usec): min=17, max=2472, avg=28.51, stdev=13.65
    clat percentiles (usec):
     |  1.00th=[   21],  5.00th=[   22], 10.00th=[   23], 20.00th=[   24],
     | 30.00th=[   25], 40.00th=[   26], 50.00th=[   27], 60.00th=[   28],
     | 70.00th=[   29], 80.00th=[   31], 90.00th=[   35], 95.00th=[   41],
     | 99.00th=[   61], 99.50th=[   79], 99.90th=[  277], 99.95th=[  314],
     | 99.99th=[  392]
   bw (  KiB/s): min=30488, max=163008, per=2.85%, avg=136302.52, stdev=22499.82, samples=60
   iops        : min= 7622, max=40752, avg=34075.58, stdev=5624.95, samples=60
  lat (usec)   : 20=0.42%, 50=97.69%, 100=1.68%, 250=0.09%, 500=0.13%
  lat (usec)   : 750=0.01%, 1000=0.01%
  lat (msec)   : 2=0.01%, 4=0.01%
  cpu          : usr=4.26%, sys=22.63%, ctx=1022288, majf=0, minf=172110
  IO depths    : 1=100.0%, 2=0.0%, 4=0.0%, 8=0.0%, 16=0.0%, 32=0.0%, >=64=0.0%
     submit    : 0=0.0%, 4=100.0%, 8=0.0%, 16=0.0%, 32=0.0%, 64=0.0%, >=64=0.0%
     complete  : 0=0.0%, 4=100.0%, 8=0.0%, 16=0.0%, 32=0.0%, 64=0.0%, >=64=0.0%
     issued rwts: total=0,1022304,0,0 short=0,0,0,0 dropped=0,0,0,0
     latency   : target=0, window=0, percentile=100.00%, depth=1
test_64kb_rwrite_5n6: (groupid=0, jobs=1): err= 0: pid=911148: Sat Sep  6 19:32:16 2025
  write: IOPS=33.1k, BW=129MiB/s (136MB/s)(3884MiB/30001msec); 0 zone resets
    clat (usec): min=17, max=3405, avg=29.29, stdev=16.53
     lat (usec): min=17, max=3406, avg=29.40, stdev=16.54
    clat percentiles (usec):
     |  1.00th=[   21],  5.00th=[   23], 10.00th=[   23], 20.00th=[   24],
     | 30.00th=[   25], 40.00th=[   26], 50.00th=[   27], 60.00th=[   28],
     | 70.00th=[   29], 80.00th=[   31], 90.00th=[   36], 95.00th=[   46],
     | 99.00th=[   61], 99.50th=[   82], 99.90th=[  302], 99.95th=[  343],
     | 99.99th=[  420]
   bw (  KiB/s): min=19776, max=163464, per=2.77%, avg=132573.82, stdev=27755.83, samples=60
   iops        : min= 4944, max=40866, avg=33143.48, stdev=6938.89, samples=60
  lat (usec)   : 20=0.34%, 50=96.42%, 100=2.94%, 250=0.09%, 500=0.21%
  lat (usec)   : 750=0.01%, 1000=0.01%
  lat (msec)   : 2=0.01%, 4=0.01%
  cpu          : usr=3.67%, sys=22.29%, ctx=994329, majf=0, minf=161866
  IO depths    : 1=100.0%, 2=0.0%, 4=0.0%, 8=0.0%, 16=0.0%, 32=0.0%, >=64=0.0%
     submit    : 0=0.0%, 4=100.0%, 8=0.0%, 16=0.0%, 32=0.0%, 64=0.0%, >=64=0.0%
     complete  : 0=0.0%, 4=100.0%, 8=0.0%, 16=0.0%, 32=0.0%, 64=0.0%, >=64=0.0%
     issued rwts: total=0,994341,0,0 short=0,0,0,0 dropped=0,0,0,0
     latency   : target=0, window=0, percentile=100.00%, depth=1
test_64kb_rwrite_5n6: (groupid=0, jobs=1): err= 0: pid=911149: Sat Sep  6 19:32:16 2025
  write: IOPS=32.8k, BW=128MiB/s (134MB/s)(3842MiB/30001msec); 0 zone resets
    clat (usec): min=18, max=4973, avg=29.37, stdev=14.69
     lat (usec): min=18, max=4973, avg=29.48, stdev=14.70
    clat percentiles (usec):
     |  1.00th=[   21],  5.00th=[   23], 10.00th=[   23], 20.00th=[   24],
     | 30.00th=[   25], 40.00th=[   26], 50.00th=[   28], 60.00th=[   29],
     | 70.00th=[   30], 80.00th=[   32], 90.00th=[   37], 95.00th=[   47],
     | 99.00th=[   67], 99.50th=[   80], 99.90th=[  255], 99.95th=[  306],
     | 99.99th=[  383]
   bw (  KiB/s): min=35608, max=155336, per=2.74%, avg=131199.73, stdev=25930.01, samples=59
   iops        : min= 8902, max=38834, avg=32799.93, stdev=6482.50, samples=59
  lat (usec)   : 20=0.20%, 50=96.19%, 100=3.41%, 250=0.09%, 500=0.11%
  lat (usec)   : 750=0.01%, 1000=0.01%
  lat (msec)   : 2=0.01%, 4=0.01%, 10=0.01%
  cpu          : usr=3.87%, sys=22.74%, ctx=983637, majf=0, minf=230501
  IO depths    : 1=100.0%, 2=0.0%, 4=0.0%, 8=0.0%, 16=0.0%, 32=0.0%, >=64=0.0%
     submit    : 0=0.0%, 4=100.0%, 8=0.0%, 16=0.0%, 32=0.0%, 64=0.0%, >=64=0.0%
     complete  : 0=0.0%, 4=100.0%, 8=0.0%, 16=0.0%, 32=0.0%, 64=0.0%, >=64=0.0%
     issued rwts: total=0,983640,0,0 short=0,0,0,0 dropped=0,0,0,0
     latency   : target=0, window=0, percentile=100.00%, depth=1
test_64kb_rwrite_5n7: (groupid=0, jobs=1): err= 0: pid=911150: Sat Sep  6 19:32:16 2025
  write: IOPS=33.2k, BW=130MiB/s (136MB/s)(3886MiB/30003msec); 0 zone resets
    clat (usec): min=17, max=7677, avg=29.23, stdev=15.82
     lat (usec): min=17, max=7678, avg=29.35, stdev=15.82
    clat percentiles (usec):
     |  1.00th=[   21],  5.00th=[   23], 10.00th=[   23], 20.00th=[   24],
     | 30.00th=[   25], 40.00th=[   26], 50.00th=[   27], 60.00th=[   28],
     | 70.00th=[   30], 80.00th=[   31], 90.00th=[   37], 95.00th=[   47],
     | 99.00th=[   68], 99.50th=[   79], 99.90th=[  111], 99.95th=[  269],
     | 99.99th=[  359]
   bw (  KiB/s): min=43992, max=159368, per=2.77%, avg=132623.28, stdev=25047.87, samples=60
   iops        : min=10998, max=39842, avg=33155.82, stdev=6261.97, samples=60
  lat (usec)   : 20=0.30%, 50=96.02%, 100=3.56%, 250=0.06%, 500=0.06%
  lat (usec)   : 750=0.01%, 1000=0.01%
  lat (msec)   : 2=0.01%, 10=0.01%
  cpu          : usr=3.81%, sys=22.37%, ctx=994692, majf=0, minf=179352
  IO depths    : 1=100.0%, 2=0.0%, 4=0.0%, 8=0.0%, 16=0.0%, 32=0.0%, >=64=0.0%
     submit    : 0=0.0%, 4=100.0%, 8=0.0%, 16=0.0%, 32=0.0%, 64=0.0%, >=64=0.0%
     complete  : 0=0.0%, 4=100.0%, 8=0.0%, 16=0.0%, 32=0.0%, 64=0.0%, >=64=0.0%
     issued rwts: total=0,994708,0,0 short=0,0,0,0 dropped=0,0,0,0
     latency   : target=0, window=0, percentile=100.00%, depth=1
test_64kb_rwrite_5n7: (groupid=0, jobs=1): err= 0: pid=911151: Sat Sep  6 19:32:16 2025
  write: IOPS=33.5k, BW=131MiB/s (137MB/s)(3924MiB/30002msec); 0 zone resets
    clat (usec): min=17, max=1061, avg=28.89, stdev=13.31
     lat (usec): min=17, max=1061, avg=29.00, stdev=13.32
    clat percentiles (usec):
     |  1.00th=[   21],  5.00th=[   23], 10.00th=[   23], 20.00th=[   24],
     | 30.00th=[   25], 40.00th=[   26], 50.00th=[   27], 60.00th=[   28],
     | 70.00th=[   30], 80.00th=[   31], 90.00th=[   35], 95.00th=[   42],
     | 99.00th=[   65], 99.50th=[   80], 99.90th=[  258], 99.95th=[  314],
     | 99.99th=[  400]
   bw (  KiB/s): min=34944, max=151576, per=2.80%, avg=133920.28, stdev=23338.61, samples=60
   iops        : min= 8736, max=37894, avg=33480.07, stdev=5834.67, samples=60
  lat (usec)   : 20=0.21%, 50=96.87%, 100=2.72%, 250=0.09%, 500=0.11%
  lat (usec)   : 750=0.01%, 1000=0.01%
  lat (msec)   : 2=0.01%
  cpu          : usr=4.04%, sys=22.28%, ctx=1004436, majf=0, minf=178717
  IO depths    : 1=100.0%, 2=0.0%, 4=0.0%, 8=0.0%, 16=0.0%, 32=0.0%, >=64=0.0%
     submit    : 0=0.0%, 4=100.0%, 8=0.0%, 16=0.0%, 32=0.0%, 64=0.0%, >=64=0.0%
     complete  : 0=0.0%, 4=100.0%, 8=0.0%, 16=0.0%, 32=0.0%, 64=0.0%, >=64=0.0%
     issued rwts: total=0,1004428,0,0 short=0,0,0,0 dropped=0,0,0,0
     latency   : target=0, window=0, percentile=100.00%, depth=1
test_64kb_rwrite_5n7: (groupid=0, jobs=1): err= 0: pid=911152: Sat Sep  6 19:32:16 2025
  write: IOPS=33.4k, BW=130MiB/s (137MB/s)(3909MiB/30001msec); 0 zone resets
    clat (usec): min=17, max=7661, avg=29.07, stdev=18.95
     lat (usec): min=17, max=7661, avg=29.18, stdev=18.96
    clat percentiles (usec):
     |  1.00th=[   21],  5.00th=[   22], 10.00th=[   23], 20.00th=[   24],
     | 30.00th=[   25], 40.00th=[   26], 50.00th=[   28], 60.00th=[   29],
     | 70.00th=[   30], 80.00th=[   31], 90.00th=[   36], 95.00th=[   45],
     | 99.00th=[   63], 99.50th=[   78], 99.90th=[  262], 99.95th=[  314],
     | 99.99th=[  404]
   bw (  KiB/s): min=31576, max=155152, per=2.79%, avg=133393.73, stdev=23181.07, samples=60
   iops        : min= 7894, max=38788, avg=33348.43, stdev=5795.27, samples=60
  lat (usec)   : 20=0.42%, 50=96.92%, 100=2.45%, 250=0.09%, 500=0.12%
  lat (usec)   : 750=0.01%, 1000=0.01%
  lat (msec)   : 2=0.01%, 10=0.01%
  cpu          : usr=3.91%, sys=21.87%, ctx=1000595, majf=0, minf=157669
  IO depths    : 1=100.0%, 2=0.0%, 4=0.0%, 8=0.0%, 16=0.0%, 32=0.0%, >=64=0.0%
     submit    : 0=0.0%, 4=100.0%, 8=0.0%, 16=0.0%, 32=0.0%, 64=0.0%, >=64=0.0%
     complete  : 0=0.0%, 4=100.0%, 8=0.0%, 16=0.0%, 32=0.0%, 64=0.0%, >=64=0.0%
     issued rwts: total=0,1000588,0,0 short=0,0,0,0 dropped=0,0,0,0
     latency   : target=0, window=0, percentile=100.00%, depth=1
test_64kb_rwrite_5n7: (groupid=0, jobs=1): err= 0: pid=911153: Sat Sep  6 19:32:16 2025
  write: IOPS=33.0k, BW=129MiB/s (135MB/s)(3868MiB/30001msec); 0 zone resets
    clat (usec): min=18, max=4753, avg=29.30, stdev=13.92
     lat (usec): min=18, max=4753, avg=29.41, stdev=13.92
    clat percentiles (usec):
     |  1.00th=[   21],  5.00th=[   23], 10.00th=[   23], 20.00th=[   25],
     | 30.00th=[   25], 40.00th=[   26], 50.00th=[   28], 60.00th=[   29],
     | 70.00th=[   30], 80.00th=[   32], 90.00th=[   37], 95.00th=[   47],
     | 99.00th=[   68], 99.50th=[   80], 99.90th=[  165], 99.95th=[  293],
     | 99.99th=[  383]
   bw (  KiB/s): min=47760, max=151312, per=2.76%, avg=131929.73, stdev=23802.65, samples=59
   iops        : min=11940, max=37828, avg=32982.46, stdev=5950.67, samples=59
  lat (usec)   : 20=0.16%, 50=96.15%, 100=3.55%, 250=0.06%, 500=0.07%
  lat (usec)   : 750=0.01%, 1000=0.01%
  lat (msec)   : 2=0.01%, 4=0.01%, 10=0.01%
  cpu          : usr=3.94%, sys=22.24%, ctx=990189, majf=0, minf=196556
  IO depths    : 1=100.0%, 2=0.0%, 4=0.0%, 8=0.0%, 16=0.0%, 32=0.0%, >=64=0.0%
     submit    : 0=0.0%, 4=100.0%, 8=0.0%, 16=0.0%, 32=0.0%, 64=0.0%, >=64=0.0%
     complete  : 0=0.0%, 4=100.0%, 8=0.0%, 16=0.0%, 32=0.0%, 64=0.0%, >=64=0.0%
     issued rwts: total=0,990180,0,0 short=0,0,0,0 dropped=0,0,0,0
     latency   : target=0, window=0, percentile=100.00%, depth=1
test_64kb_rwrite_5n8: (groupid=0, jobs=1): err= 0: pid=911154: Sat Sep  6 19:32:16 2025
  write: IOPS=32.9k, BW=129MiB/s (135MB/s)(3861MiB/30000msec); 0 zone resets
    clat (usec): min=17, max=6455, avg=29.47, stdev=15.55
     lat (usec): min=17, max=6455, avg=29.58, stdev=15.55
    clat percentiles (usec):
     |  1.00th=[   21],  5.00th=[   23], 10.00th=[   24], 20.00th=[   25],
     | 30.00th=[   26], 40.00th=[   26], 50.00th=[   28], 60.00th=[   29],
     | 70.00th=[   30], 80.00th=[   32], 90.00th=[   37], 95.00th=[   47],
     | 99.00th=[   66], 99.50th=[   80], 99.90th=[  269], 99.95th=[  310],
     | 99.99th=[  396]
   bw (  KiB/s): min=32504, max=150920, per=2.75%, avg=131771.88, stdev=25948.35, samples=60
   iops        : min= 8126, max=37730, avg=32942.97, stdev=6487.09, samples=60
  lat (usec)   : 20=0.16%, 50=96.39%, 100=3.25%, 250=0.08%, 500=0.11%
  lat (usec)   : 750=0.01%, 1000=0.01%
  lat (msec)   : 2=0.01%, 4=0.01%, 10=0.01%
  cpu          : usr=3.83%, sys=21.86%, ctx=988337, majf=0, minf=151733
  IO depths    : 1=100.0%, 2=0.0%, 4=0.0%, 8=0.0%, 16=0.0%, 32=0.0%, >=64=0.0%
     submit    : 0=0.0%, 4=100.0%, 8=0.0%, 16=0.0%, 32=0.0%, 64=0.0%, >=64=0.0%
     complete  : 0=0.0%, 4=100.0%, 8=0.0%, 16=0.0%, 32=0.0%, 64=0.0%, >=64=0.0%
     issued rwts: total=0,988324,0,0 short=0,0,0,0 dropped=0,0,0,0
     latency   : target=0, window=0, percentile=100.00%, depth=1
test_64kb_rwrite_5n8: (groupid=0, jobs=1): err= 0: pid=911155: Sat Sep  6 19:32:16 2025
  write: IOPS=32.8k, BW=128MiB/s (135MB/s)(3849MiB/30001msec); 0 zone resets
    clat (usec): min=17, max=5801, avg=29.49, stdev=15.75
     lat (usec): min=17, max=5801, avg=29.61, stdev=15.75
    clat percentiles (usec):
     |  1.00th=[   22],  5.00th=[   23], 10.00th=[   24], 20.00th=[   25],
     | 30.00th=[   26], 40.00th=[   26], 50.00th=[   28], 60.00th=[   29],
     | 70.00th=[   30], 80.00th=[   32], 90.00th=[   37], 95.00th=[   47],
     | 99.00th=[   64], 99.50th=[   81], 99.90th=[  289], 99.95th=[  334],
     | 99.99th=[  416]
   bw (  KiB/s): min=26776, max=154792, per=2.73%, avg=130698.60, stdev=26864.31, samples=60
   iops        : min= 6694, max=38698, avg=32674.58, stdev=6716.07, samples=60
  lat (usec)   : 20=0.18%, 50=96.48%, 100=3.10%, 250=0.09%, 500=0.15%
  lat (usec)   : 750=0.01%, 1000=0.01%
  lat (msec)   : 2=0.01%, 10=0.01%
  cpu          : usr=3.87%, sys=22.27%, ctx=985432, majf=0, minf=172041
  IO depths    : 1=100.0%, 2=0.0%, 4=0.0%, 8=0.0%, 16=0.0%, 32=0.0%, >=64=0.0%
     submit    : 0=0.0%, 4=100.0%, 8=0.0%, 16=0.0%, 32=0.0%, 64=0.0%, >=64=0.0%
     complete  : 0=0.0%, 4=100.0%, 8=0.0%, 16=0.0%, 32=0.0%, 64=0.0%, >=64=0.0%
     issued rwts: total=0,985420,0,0 short=0,0,0,0 dropped=0,0,0,0
     latency   : target=0, window=0, percentile=100.00%, depth=1
test_64kb_rwrite_5n8: (groupid=0, jobs=1): err= 0: pid=911156: Sat Sep  6 19:32:16 2025
  write: IOPS=33.0k, BW=129MiB/s (135MB/s)(3867MiB/30000msec); 0 zone resets
    clat (usec): min=17, max=4688, avg=29.43, stdev=14.15
     lat (usec): min=17, max=4689, avg=29.53, stdev=14.16
    clat percentiles (usec):
     |  1.00th=[   21],  5.00th=[   23], 10.00th=[   23], 20.00th=[   25],
     | 30.00th=[   25], 40.00th=[   26], 50.00th=[   28], 60.00th=[   29],
     | 70.00th=[   30], 80.00th=[   32], 90.00th=[   37], 95.00th=[   47],
     | 99.00th=[   66], 99.50th=[   80], 99.90th=[  253], 99.95th=[  306],
     | 99.99th=[  396]
   bw (  KiB/s): min=29104, max=157104, per=2.76%, avg=131986.77, stdev=26136.13, samples=60
   iops        : min= 7276, max=39276, avg=32996.68, stdev=6534.03, samples=60
  lat (usec)   : 20=0.19%, 50=96.29%, 100=3.34%, 250=0.09%, 500=0.10%
  lat (usec)   : 750=0.01%, 1000=0.01%
  lat (msec)   : 2=0.01%, 10=0.01%
  cpu          : usr=3.86%, sys=21.64%, ctx=989980, majf=0, minf=152182
  IO depths    : 1=100.0%, 2=0.0%, 4=0.0%, 8=0.0%, 16=0.0%, 32=0.0%, >=64=0.0%
     submit    : 0=0.0%, 4=100.0%, 8=0.0%, 16=0.0%, 32=0.0%, 64=0.0%, >=64=0.0%
     complete  : 0=0.0%, 4=100.0%, 8=0.0%, 16=0.0%, 32=0.0%, 64=0.0%, >=64=0.0%
     issued rwts: total=0,989970,0,0 short=0,0,0,0 dropped=0,0,0,0
     latency   : target=0, window=0, percentile=100.00%, depth=1
test_64kb_rwrite_5n8: (groupid=0, jobs=1): err= 0: pid=911157: Sat Sep  6 19:32:16 2025
  write: IOPS=32.7k, BW=128MiB/s (134MB/s)(3837MiB/30001msec); 0 zone resets
    clat (usec): min=18, max=7071, avg=29.66, stdev=15.87
     lat (usec): min=18, max=7071, avg=29.78, stdev=15.88
    clat percentiles (usec):
     |  1.00th=[   22],  5.00th=[   23], 10.00th=[   24], 20.00th=[   25],
     | 30.00th=[   26], 40.00th=[   27], 50.00th=[   28], 60.00th=[   29],
     | 70.00th=[   30], 80.00th=[   32], 90.00th=[   38], 95.00th=[   48],
     | 99.00th=[   68], 99.50th=[   80], 99.90th=[  241], 99.95th=[  297],
     | 99.99th=[  388]
   bw (  KiB/s): min=42008, max=151448, per=2.74%, avg=130986.15, stdev=24956.79, samples=59
   iops        : min=10502, max=37862, avg=32746.53, stdev=6239.19, samples=59
  lat (usec)   : 20=0.09%, 50=96.19%, 100=3.56%, 250=0.07%, 500=0.09%
  lat (usec)   : 750=0.01%, 1000=0.01%
  lat (msec)   : 2=0.01%, 10=0.01%
  cpu          : usr=3.79%, sys=22.32%, ctx=982378, majf=0, minf=156845
  IO depths    : 1=100.0%, 2=0.0%, 4=0.0%, 8=0.0%, 16=0.0%, 32=0.0%, >=64=0.0%
     submit    : 0=0.0%, 4=100.0%, 8=0.0%, 16=0.0%, 32=0.0%, 64=0.0%, >=64=0.0%
     complete  : 0=0.0%, 4=100.0%, 8=0.0%, 16=0.0%, 32=0.0%, 64=0.0%, >=64=0.0%
     issued rwts: total=0,982385,0,0 short=0,0,0,0 dropped=0,0,0,0
     latency   : target=0, window=0, percentile=100.00%, depth=1
test_64kb_rwrite_5n9: (groupid=0, jobs=1): err= 0: pid=911158: Sat Sep  6 19:32:16 2025
  write: IOPS=33.1k, BW=129MiB/s (136MB/s)(3880MiB/30001msec); 0 zone resets
    clat (usec): min=17, max=6296, avg=29.25, stdev=18.31
     lat (usec): min=17, max=6296, avg=29.37, stdev=18.31
    clat percentiles (usec):
     |  1.00th=[   21],  5.00th=[   23], 10.00th=[   24], 20.00th=[   25],
     | 30.00th=[   25], 40.00th=[   26], 50.00th=[   27], 60.00th=[   28],
     | 70.00th=[   30], 80.00th=[   31], 90.00th=[   36], 95.00th=[   45],
     | 99.00th=[   64], 99.50th=[   80], 99.90th=[  293], 99.95th=[  334],
     | 99.99th=[  404]
   bw (  KiB/s): min=27744, max=151920, per=2.77%, avg=132525.47, stdev=25212.38, samples=59
   iops        : min= 6936, max=37980, avg=33131.36, stdev=6303.14, samples=59
  lat (usec)   : 20=0.23%, 50=96.55%, 100=2.96%, 250=0.11%, 500=0.15%
  lat (usec)   : 750=0.01%, 1000=0.01%
  lat (msec)   : 2=0.01%, 4=0.01%, 10=0.01%
  cpu          : usr=3.75%, sys=22.54%, ctx=993287, majf=0, minf=195512
  IO depths    : 1=100.0%, 2=0.0%, 4=0.0%, 8=0.0%, 16=0.0%, 32=0.0%, >=64=0.0%
     submit    : 0=0.0%, 4=100.0%, 8=0.0%, 16=0.0%, 32=0.0%, 64=0.0%, >=64=0.0%
     complete  : 0=0.0%, 4=100.0%, 8=0.0%, 16=0.0%, 32=0.0%, 64=0.0%, >=64=0.0%
     issued rwts: total=0,993293,0,0 short=0,0,0,0 dropped=0,0,0,0
     latency   : target=0, window=0, percentile=100.00%, depth=1
test_64kb_rwrite_5n9: (groupid=0, jobs=1): err= 0: pid=911159: Sat Sep  6 19:32:16 2025
  write: IOPS=33.1k, BW=129MiB/s (136MB/s)(3884MiB/30001msec); 0 zone resets
    clat (usec): min=17, max=6075, avg=29.30, stdev=16.02
     lat (usec): min=17, max=6075, avg=29.42, stdev=16.02
    clat percentiles (usec):
     |  1.00th=[   21],  5.00th=[   23], 10.00th=[   23], 20.00th=[   24],
     | 30.00th=[   25], 40.00th=[   26], 50.00th=[   27], 60.00th=[   28],
     | 70.00th=[   30], 80.00th=[   31], 90.00th=[   37], 95.00th=[   47],
     | 99.00th=[   66], 99.50th=[   80], 99.90th=[  258], 99.95th=[  306],
     | 99.99th=[  396]
   bw (  KiB/s): min=34528, max=155080, per=2.77%, avg=132643.80, stdev=26476.60, samples=59
   iops        : min= 8632, max=38770, avg=33160.95, stdev=6619.15, samples=59
  lat (usec)   : 20=0.28%, 50=96.17%, 100=3.35%, 250=0.09%, 500=0.11%
  lat (usec)   : 750=0.01%, 1000=0.01%
  lat (msec)   : 2=0.01%, 10=0.01%
  cpu          : usr=3.96%, sys=22.16%, ctx=994282, majf=0, minf=159950
  IO depths    : 1=100.0%, 2=0.0%, 4=0.0%, 8=0.0%, 16=0.0%, 32=0.0%, >=64=0.0%
     submit    : 0=0.0%, 4=100.0%, 8=0.0%, 16=0.0%, 32=0.0%, 64=0.0%, >=64=0.0%
     complete  : 0=0.0%, 4=100.0%, 8=0.0%, 16=0.0%, 32=0.0%, 64=0.0%, >=64=0.0%
     issued rwts: total=0,994294,0,0 short=0,0,0,0 dropped=0,0,0,0
     latency   : target=0, window=0, percentile=100.00%, depth=1
test_64kb_rwrite_5n9: (groupid=0, jobs=1): err= 0: pid=911160: Sat Sep  6 19:32:16 2025
  write: IOPS=32.9k, BW=128MiB/s (135MB/s)(3853MiB/30001msec); 0 zone resets
    clat (usec): min=17, max=6258, avg=29.34, stdev=15.36
     lat (usec): min=17, max=6258, avg=29.46, stdev=15.37
    clat percentiles (usec):
     |  1.00th=[   21],  5.00th=[   23], 10.00th=[   23], 20.00th=[   25],
     | 30.00th=[   26], 40.00th=[   26], 50.00th=[   28], 60.00th=[   29],
     | 70.00th=[   30], 80.00th=[   32], 90.00th=[   36], 95.00th=[   46],
     | 99.00th=[   65], 99.50th=[   80], 99.90th=[  281], 99.95th=[  314],
     | 99.99th=[  396]
   bw (  KiB/s): min=34408, max=152840, per=2.75%, avg=131520.41, stdev=24759.88, samples=59
   iops        : min= 8602, max=38210, avg=32880.10, stdev=6189.97, samples=59
  lat (usec)   : 20=0.23%, 50=96.41%, 100=3.14%, 250=0.09%, 500=0.13%
  lat (usec)   : 750=0.01%, 1000=0.01%
  lat (msec)   : 2=0.01%, 10=0.01%
  cpu          : usr=3.82%, sys=22.57%, ctx=986419, majf=0, minf=205085
  IO depths    : 1=100.0%, 2=0.0%, 4=0.0%, 8=0.0%, 16=0.0%, 32=0.0%, >=64=0.0%
     submit    : 0=0.0%, 4=100.0%, 8=0.0%, 16=0.0%, 32=0.0%, 64=0.0%, >=64=0.0%
     complete  : 0=0.0%, 4=100.0%, 8=0.0%, 16=0.0%, 32=0.0%, 64=0.0%, >=64=0.0%
     issued rwts: total=0,986415,0,0 short=0,0,0,0 dropped=0,0,0,0
     latency   : target=0, window=0, percentile=100.00%, depth=1
test_64kb_rwrite_5n9: (groupid=0, jobs=1): err= 0: pid=911161: Sat Sep  6 19:32:16 2025
  write: IOPS=32.8k, BW=128MiB/s (134MB/s)(3847MiB/30001msec); 0 zone resets
    clat (usec): min=17, max=6535, avg=29.47, stdev=17.50
     lat (usec): min=17, max=6535, avg=29.58, stdev=17.50
    clat percentiles (usec):
     |  1.00th=[   22],  5.00th=[   23], 10.00th=[   24], 20.00th=[   25],
     | 30.00th=[   26], 40.00th=[   27], 50.00th=[   28], 60.00th=[   29],
     | 70.00th=[   30], 80.00th=[   31], 90.00th=[   36], 95.00th=[   45],
     | 99.00th=[   62], 99.50th=[   80], 99.90th=[  297], 99.95th=[  334],
     | 99.99th=[  404]
   bw (  KiB/s): min=22316, max=148720, per=2.74%, avg=131291.97, stdev=25489.03, samples=60
   iops        : min= 5579, max=37180, avg=32823.02, stdev=6372.27, samples=60
  lat (usec)   : 20=0.14%, 50=96.65%, 100=2.93%, 250=0.11%, 500=0.17%
  lat (usec)   : 750=0.01%, 1000=0.01%
  lat (msec)   : 2=0.01%, 10=0.01%
  cpu          : usr=3.96%, sys=22.36%, ctx=984758, majf=0, minf=178407
  IO depths    : 1=100.0%, 2=0.0%, 4=0.0%, 8=0.0%, 16=0.0%, 32=0.0%, >=64=0.0%
     submit    : 0=0.0%, 4=100.0%, 8=0.0%, 16=0.0%, 32=0.0%, 64=0.0%, >=64=0.0%
     complete  : 0=0.0%, 4=100.0%, 8=0.0%, 16=0.0%, 32=0.0%, 64=0.0%, >=64=0.0%
     issued rwts: total=0,984751,0,0 short=0,0,0,0 dropped=0,0,0,0
     latency   : target=0, window=0, percentile=100.00%, depth=1
test_64kb_rwrite_5n10: (groupid=0, jobs=1): err= 0: pid=911162: Sat Sep  6 19:32:16 2025
  write: IOPS=32.7k, BW=128MiB/s (134MB/s)(3836MiB/30001msec); 0 zone resets
    clat (usec): min=17, max=6767, avg=29.48, stdev=19.98
     lat (usec): min=17, max=6767, avg=29.60, stdev=19.99
    clat percentiles (usec):
     |  1.00th=[   22],  5.00th=[   23], 10.00th=[   24], 20.00th=[   25],
     | 30.00th=[   26], 40.00th=[   26], 50.00th=[   28], 60.00th=[   29],
     | 70.00th=[   30], 80.00th=[   31], 90.00th=[   36], 95.00th=[   45],
     | 99.00th=[   60], 99.50th=[   82], 99.90th=[  302], 99.95th=[  343],
     | 99.99th=[  412]
   bw (  KiB/s): min=23360, max=152720, per=2.72%, avg=130272.25, stdev=26974.52, samples=60
   iops        : min= 5840, max=38180, avg=32568.02, stdev=6743.64, samples=60
  lat (usec)   : 20=0.16%, 50=96.70%, 100=2.84%, 250=0.11%, 500=0.19%
  lat (usec)   : 750=0.01%, 1000=0.01%
  lat (msec)   : 10=0.01%
  cpu          : usr=3.90%, sys=22.37%, ctx=982096, majf=0, minf=195988
  IO depths    : 1=100.0%, 2=0.0%, 4=0.0%, 8=0.0%, 16=0.0%, 32=0.0%, >=64=0.0%
     submit    : 0=0.0%, 4=100.0%, 8=0.0%, 16=0.0%, 32=0.0%, 64=0.0%, >=64=0.0%
     complete  : 0=0.0%, 4=100.0%, 8=0.0%, 16=0.0%, 32=0.0%, 64=0.0%, >=64=0.0%
     issued rwts: total=0,982090,0,0 short=0,0,0,0 dropped=0,0,0,0
     latency   : target=0, window=0, percentile=100.00%, depth=1
test_64kb_rwrite_5n10: (groupid=0, jobs=1): err= 0: pid=911163: Sat Sep  6 19:32:16 2025
  write: IOPS=32.7k, BW=128MiB/s (134MB/s)(3838MiB/30001msec); 0 zone resets
    clat (usec): min=18, max=6305, avg=29.66, stdev=18.99
     lat (usec): min=18, max=6305, avg=29.76, stdev=19.00
    clat percentiles (usec):
     |  1.00th=[   21],  5.00th=[   23], 10.00th=[   24], 20.00th=[   25],
     | 30.00th=[   26], 40.00th=[   27], 50.00th=[   28], 60.00th=[   29],
     | 70.00th=[   30], 80.00th=[   32], 90.00th=[   37], 95.00th=[   47],
     | 99.00th=[   62], 99.50th=[   79], 99.90th=[  293], 99.95th=[  334],
     | 99.99th=[  433]
   bw (  KiB/s): min=19360, max=153376, per=2.74%, avg=130995.92, stdev=26764.96, samples=60
   iops        : min= 4840, max=38344, avg=32748.97, stdev=6691.23, samples=60
  lat (usec)   : 20=0.17%, 50=96.50%, 100=3.06%, 250=0.11%, 500=0.15%
  lat (usec)   : 750=0.01%, 1000=0.01%
  lat (msec)   : 2=0.01%, 10=0.01%
  cpu          : usr=4.07%, sys=21.48%, ctx=982453, majf=0, minf=151344
  IO depths    : 1=100.0%, 2=0.0%, 4=0.0%, 8=0.0%, 16=0.0%, 32=0.0%, >=64=0.0%
     submit    : 0=0.0%, 4=100.0%, 8=0.0%, 16=0.0%, 32=0.0%, 64=0.0%, >=64=0.0%
     complete  : 0=0.0%, 4=100.0%, 8=0.0%, 16=0.0%, 32=0.0%, 64=0.0%, >=64=0.0%
     issued rwts: total=0,982433,0,0 short=0,0,0,0 dropped=0,0,0,0
     latency   : target=0, window=0, percentile=100.00%, depth=1
test_64kb_rwrite_5n10: (groupid=0, jobs=1): err= 0: pid=911164: Sat Sep  6 19:32:16 2025
  write: IOPS=32.9k, BW=129MiB/s (135MB/s)(3862MiB/30001msec); 0 zone resets
    clat (usec): min=17, max=4872, avg=29.41, stdev=16.07
     lat (usec): min=17, max=4872, avg=29.53, stdev=16.08
    clat percentiles (usec):
     |  1.00th=[   21],  5.00th=[   23], 10.00th=[   24], 20.00th=[   25],
     | 30.00th=[   25], 40.00th=[   26], 50.00th=[   27], 60.00th=[   28],
     | 70.00th=[   30], 80.00th=[   31], 90.00th=[   37], 95.00th=[   47],
     | 99.00th=[   65], 99.50th=[   82], 99.90th=[  293], 99.95th=[  334],
     | 99.99th=[  420]
   bw (  KiB/s): min=27232, max=155936, per=2.75%, avg=131802.95, stdev=26097.64, samples=60
   iops        : min= 6808, max=38984, avg=32950.73, stdev=6524.41, samples=60
  lat (usec)   : 20=0.18%, 50=96.42%, 100=3.15%, 250=0.09%, 500=0.15%
  lat (usec)   : 750=0.01%, 1000=0.01%
  lat (msec)   : 10=0.01%
  cpu          : usr=3.96%, sys=21.96%, ctx=988554, majf=0, minf=176217
  IO depths    : 1=100.0%, 2=0.0%, 4=0.0%, 8=0.0%, 16=0.0%, 32=0.0%, >=64=0.0%
     submit    : 0=0.0%, 4=100.0%, 8=0.0%, 16=0.0%, 32=0.0%, 64=0.0%, >=64=0.0%
     complete  : 0=0.0%, 4=100.0%, 8=0.0%, 16=0.0%, 32=0.0%, 64=0.0%, >=64=0.0%
     issued rwts: total=0,988558,0,0 short=0,0,0,0 dropped=0,0,0,0
     latency   : target=0, window=0, percentile=100.00%, depth=1
test_64kb_rwrite_5n10: (groupid=0, jobs=1): err= 0: pid=911165: Sat Sep  6 19:32:16 2025
  write: IOPS=33.0k, BW=129MiB/s (135MB/s)(3872MiB/30001msec); 0 zone resets
    clat (usec): min=17, max=7364, avg=29.32, stdev=19.67
     lat (usec): min=17, max=7364, avg=29.43, stdev=19.68
    clat percentiles (usec):
     |  1.00th=[   22],  5.00th=[   23], 10.00th=[   24], 20.00th=[   25],
     | 30.00th=[   25], 40.00th=[   26], 50.00th=[   28], 60.00th=[   29],
     | 70.00th=[   30], 80.00th=[   31], 90.00th=[   36], 95.00th=[   44],
     | 99.00th=[   60], 99.50th=[   79], 99.90th=[  297], 99.95th=[  338],
     | 99.99th=[  424]
   bw (  KiB/s): min=19935, max=150904, per=2.76%, avg=132175.63, stdev=26222.83, samples=60
   iops        : min= 4983, max=37726, avg=33043.88, stdev=6555.76, samples=60
  lat (usec)   : 20=0.14%, 50=96.76%, 100=2.82%, 250=0.11%, 500=0.17%
  lat (usec)   : 750=0.01%, 1000=0.01%
  lat (msec)   : 4=0.01%, 10=0.01%
  cpu          : usr=3.93%, sys=22.17%, ctx=991356, majf=0, minf=179440
  IO depths    : 1=100.0%, 2=0.0%, 4=0.0%, 8=0.0%, 16=0.0%, 32=0.0%, >=64=0.0%
     submit    : 0=0.0%, 4=100.0%, 8=0.0%, 16=0.0%, 32=0.0%, 64=0.0%, >=64=0.0%
     complete  : 0=0.0%, 4=100.0%, 8=0.0%, 16=0.0%, 32=0.0%, 64=0.0%, >=64=0.0%
     issued rwts: total=0,991345,0,0 short=0,0,0,0 dropped=0,0,0,0
     latency   : target=0, window=0, percentile=100.00%, depth=1
bursty: (groupid=0, jobs=1): err= 0: pid=911166: Sat Sep  6 19:32:16 2025
  write: IOPS=325, BW=1301KiB/s (1332kB/s)(38.1MiB/30000msec); 0 zone resets
    clat (usec): min=19, max=543, avg=34.67, stdev=23.33
     lat (usec): min=24, max=554, avg=43.10, stdev=26.00
    clat percentiles (usec):
     |  1.00th=[   23],  5.00th=[   25], 10.00th=[   26], 20.00th=[   28],
     | 30.00th=[   29], 40.00th=[   30], 50.00th=[   31], 60.00th=[   33],
     | 70.00th=[   35], 80.00th=[   37], 90.00th=[   42], 95.00th=[   48],
     | 99.00th=[  116], 99.50th=[  231], 99.90th=[  351], 99.95th=[  375],
     | 99.99th=[  545]
   bw (  KiB/s): min= 1931, max=15976, per=0.23%, avg=11151.29, stdev=5602.81, samples=7
   iops        : min=  482, max= 3994, avg=2787.71, stdev=1400.91, samples=7
  lat (usec)   : 20=0.04%, 50=95.61%, 100=2.81%, 250=1.14%, 500=0.39%
  lat (usec)   : 750=0.01%
  cpu          : usr=0.25%, sys=0.33%, ctx=9784, majf=0, minf=12341
  IO depths    : 1=100.0%, 2=0.0%, 4=0.0%, 8=0.0%, 16=0.0%, 32=0.0%, >=64=0.0%
     submit    : 0=0.0%, 4=100.0%, 8=0.0%, 16=0.0%, 32=0.0%, 64=0.0%, >=64=0.0%
     complete  : 0=0.0%, 4=100.0%, 8=0.0%, 16=0.0%, 32=0.0%, 64=0.0%, >=64=0.0%
     issued rwts: total=0,9757,0,0 short=0,0,0,0 dropped=0,0,0,0
     latency   : target=0, window=0, percentile=100.00%, depth=1
bursty: (groupid=0, jobs=1): err= 0: pid=911167: Sat Sep  6 19:32:16 2025
  write: IOPS=315, BW=1260KiB/s (1291kB/s)(36.9MiB/30000msec); 0 zone resets
    clat (usec): min=19, max=544, avg=35.18, stdev=26.09
     lat (usec): min=24, max=579, avg=43.61, stdev=28.40
    clat percentiles (usec):
     |  1.00th=[   23],  5.00th=[   24], 10.00th=[   26], 20.00th=[   28],
     | 30.00th=[   29], 40.00th=[   30], 50.00th=[   32], 60.00th=[   33],
     | 70.00th=[   35], 80.00th=[   37], 90.00th=[   43], 95.00th=[   49],
     | 99.00th=[  119], 99.50th=[  269], 99.90th=[  367], 99.95th=[  416],
     | 99.99th=[  545]
   bw (  KiB/s): min= 1648, max=15960, per=0.23%, avg=10803.43, stdev=5620.44, samples=7
   iops        : min=  412, max= 3990, avg=2700.86, stdev=1405.11, samples=7
  lat (usec)   : 20=0.01%, 50=95.31%, 100=3.15%, 250=0.99%, 500=0.51%
  lat (usec)   : 750=0.02%
  cpu          : usr=0.25%, sys=0.36%, ctx=9488, majf=0, minf=13777
  IO depths    : 1=100.0%, 2=0.0%, 4=0.0%, 8=0.0%, 16=0.0%, 32=0.0%, >=64=0.0%
     submit    : 0=0.0%, 4=100.0%, 8=0.0%, 16=0.0%, 32=0.0%, 64=0.0%, >=64=0.0%
     complete  : 0=0.0%, 4=100.0%, 8=0.0%, 16=0.0%, 32=0.0%, 64=0.0%, >=64=0.0%
     issued rwts: total=0,9453,0,0 short=0,0,0,0 dropped=0,0,0,0
     latency   : target=0, window=0, percentile=100.00%, depth=1
bursty: (groupid=0, jobs=1): err= 0: pid=911168: Sat Sep  6 19:32:16 2025
  write: IOPS=318, BW=1274KiB/s (1305kB/s)(37.3MiB/30000msec); 0 zone resets
    clat (usec): min=19, max=465, avg=34.21, stdev=16.75
     lat (usec): min=26, max=477, avg=42.45, stdev=17.21
    clat percentiles (usec):
     |  1.00th=[   23],  5.00th=[   25], 10.00th=[   26], 20.00th=[   28],
     | 30.00th=[   29], 40.00th=[   30], 50.00th=[   31], 60.00th=[   32],
     | 70.00th=[   34], 80.00th=[   37], 90.00th=[   43], 95.00th=[   52],
     | 99.00th=[  104], 99.50th=[  115], 99.90th=[  260], 99.95th=[  285],
     | 99.99th=[  465]
   bw (  KiB/s): min= 2568, max=16032, per=0.23%, avg=10921.14, stdev=5272.53, samples=7
   iops        : min=  642, max= 4008, avg=2730.29, stdev=1318.13, samples=7
  lat (usec)   : 20=0.01%, 50=94.40%, 100=4.19%, 250=1.29%, 500=0.12%
  cpu          : usr=0.24%, sys=0.36%, ctx=9648, majf=0, minf=14142
  IO depths    : 1=100.0%, 2=0.0%, 4=0.0%, 8=0.0%, 16=0.0%, 32=0.0%, >=64=0.0%
     submit    : 0=0.0%, 4=100.0%, 8=0.0%, 16=0.0%, 32=0.0%, 64=0.0%, >=64=0.0%
     complete  : 0=0.0%, 4=100.0%, 8=0.0%, 16=0.0%, 32=0.0%, 64=0.0%, >=64=0.0%
     issued rwts: total=0,9556,0,0 short=0,0,0,0 dropped=0,0,0,0
     latency   : target=0, window=0, percentile=100.00%, depth=1
bursty: (groupid=0, jobs=1): err= 0: pid=911169: Sat Sep  6 19:32:16 2025
  write: IOPS=338, BW=1352KiB/s (1385kB/s)(39.6MiB/30001msec); 0 zone resets
    clat (usec): min=18, max=1092, avg=31.92, stdev=13.14
     lat (usec): min=24, max=1102, avg=39.95, stdev=13.67
    clat percentiles (usec):
     |  1.00th=[   23],  5.00th=[   25], 10.00th=[   26], 20.00th=[   28],
     | 30.00th=[   29], 40.00th=[   30], 50.00th=[   31], 60.00th=[   32],
     | 70.00th=[   34], 80.00th=[   36], 90.00th=[   40], 95.00th=[   45],
     | 99.00th=[   55], 99.50th=[   59], 99.90th=[   71], 99.95th=[   79],
     | 99.99th=[  478]
   bw (  KiB/s): min= 2568, max=16544, per=0.24%, avg=11589.71, stdev=5587.24, samples=7
   iops        : min=  642, max= 4136, avg=2897.43, stdev=1396.81, samples=7
  lat (usec)   : 20=0.02%, 50=97.77%, 100=2.18%, 250=0.01%, 500=0.01%
  lat (msec)   : 2=0.01%
  cpu          : usr=0.17%, sys=0.30%, ctx=10392, majf=0, minf=11720
  IO depths    : 1=100.0%, 2=0.0%, 4=0.0%, 8=0.0%, 16=0.0%, 32=0.0%, >=64=0.0%
     submit    : 0=0.0%, 4=100.0%, 8=0.0%, 16=0.0%, 32=0.0%, 64=0.0%, >=64=0.0%
     complete  : 0=0.0%, 4=100.0%, 8=0.0%, 16=0.0%, 32=0.0%, 64=0.0%, >=64=0.0%
     issued rwts: total=0,10141,0,0 short=0,0,0,0 dropped=0,0,0,0
     latency   : target=0, window=0, percentile=100.00%, depth=1
bursty: (groupid=0, jobs=1): err= 0: pid=911170: Sat Sep  6 19:32:16 2025
  write: IOPS=346, BW=1388KiB/s (1421kB/s)(40.7MiB/30001msec); 0 zone resets
    clat (usec): min=18, max=838, avg=31.14, stdev=12.45
     lat (usec): min=23, max=850, avg=38.80, stdev=13.23
    clat percentiles (usec):
     |  1.00th=[   22],  5.00th=[   24], 10.00th=[   25], 20.00th=[   26],
     | 30.00th=[   28], 40.00th=[   29], 50.00th=[   30], 60.00th=[   31],
     | 70.00th=[   33], 80.00th=[   35], 90.00th=[   40], 95.00th=[   44],
     | 99.00th=[   57], 99.50th=[   64], 99.90th=[  182], 99.95th=[  243],
     | 99.99th=[  302]
   bw (  KiB/s): min= 2573, max=17336, per=0.25%, avg=11897.86, stdev=5638.50, samples=7
   iops        : min=  643, max= 4334, avg=2974.43, stdev=1409.69, samples=7
  lat (usec)   : 20=0.09%, 50=97.70%, 100=2.03%, 250=0.13%, 500=0.04%
  lat (usec)   : 1000=0.01%
  cpu          : usr=0.18%, sys=0.28%, ctx=10685, majf=0, minf=9884
  IO depths    : 1=100.0%, 2=0.0%, 4=0.0%, 8=0.0%, 16=0.0%, 32=0.0%, >=64=0.0%
     submit    : 0=0.0%, 4=100.0%, 8=0.0%, 16=0.0%, 32=0.0%, 64=0.0%, >=64=0.0%
     complete  : 0=0.0%, 4=100.0%, 8=0.0%, 16=0.0%, 32=0.0%, 64=0.0%, >=64=0.0%
     issued rwts: total=0,10410,0,0 short=0,0,0,0 dropped=0,0,0,0
     latency   : target=0, window=0, percentile=100.00%, depth=1
bursty: (groupid=0, jobs=1): err= 0: pid=911171: Sat Sep  6 19:32:16 2025
  write: IOPS=335, BW=1344KiB/s (1376kB/s)(39.4MiB/30000msec); 0 zone resets
    clat (usec): min=19, max=644, avg=34.30, stdev=23.49
     lat (usec): min=25, max=716, avg=42.56, stdev=26.58
    clat percentiles (usec):
     |  1.00th=[   23],  5.00th=[   25], 10.00th=[   26], 20.00th=[   27],
     | 30.00th=[   29], 40.00th=[   30], 50.00th=[   31], 60.00th=[   33],
     | 70.00th=[   34], 80.00th=[   37], 90.00th=[   42], 95.00th=[   48],
     | 99.00th=[  112], 99.50th=[  215], 99.90th=[  367], 99.95th=[  441],
     | 99.99th=[  461]
   bw (  KiB/s): min= 1555, max=16048, per=0.24%, avg=11519.29, stdev=5924.07, samples=7
   iops        : min=  388, max= 4012, avg=2879.71, stdev=1481.23, samples=7
  lat (usec)   : 20=0.01%, 50=95.82%, 100=2.76%, 250=1.05%, 500=0.35%
  lat (usec)   : 750=0.01%
  cpu          : usr=0.31%, sys=0.26%, ctx=10102, majf=0, minf=10082
  IO depths    : 1=100.0%, 2=0.0%, 4=0.0%, 8=0.0%, 16=0.0%, 32=0.0%, >=64=0.0%
     submit    : 0=0.0%, 4=100.0%, 8=0.0%, 16=0.0%, 32=0.0%, 64=0.0%, >=64=0.0%
     complete  : 0=0.0%, 4=100.0%, 8=0.0%, 16=0.0%, 32=0.0%, 64=0.0%, >=64=0.0%
     issued rwts: total=0,10079,0,0 short=0,0,0,0 dropped=0,0,0,0
     latency   : target=0, window=0, percentile=100.00%, depth=1
bursty: (groupid=0, jobs=1): err= 0: pid=911172: Sat Sep  6 19:32:16 2025
  write: IOPS=326, BW=1305KiB/s (1337kB/s)(38.2MiB/30001msec); 0 zone resets
    clat (usec): min=19, max=479, avg=34.50, stdev=23.31
     lat (usec): min=24, max=609, avg=43.13, stdev=27.72
    clat percentiles (usec):
     |  1.00th=[   23],  5.00th=[   25], 10.00th=[   26], 20.00th=[   28],
     | 30.00th=[   29], 40.00th=[   30], 50.00th=[   31], 60.00th=[   33],
     | 70.00th=[   35], 80.00th=[   37], 90.00th=[   42], 95.00th=[   48],
     | 99.00th=[  113], 99.50th=[  227], 99.90th=[  355], 99.95th=[  383],
     | 99.99th=[  482]
   bw (  KiB/s): min= 1544, max=16064, per=0.23%, avg=11189.71, stdev=5822.37, samples=7
   iops        : min=  386, max= 4016, avg=2797.43, stdev=1455.59, samples=7
  lat (usec)   : 20=0.03%, 50=95.98%, 100=2.55%, 250=0.99%, 500=0.45%
  cpu          : usr=0.27%, sys=0.30%, ctx=9826, majf=0, minf=11141
  IO depths    : 1=100.0%, 2=0.0%, 4=0.0%, 8=0.0%, 16=0.0%, 32=0.0%, >=64=0.0%
     submit    : 0=0.0%, 4=100.0%, 8=0.0%, 16=0.0%, 32=0.0%, 64=0.0%, >=64=0.0%
     complete  : 0=0.0%, 4=100.0%, 8=0.0%, 16=0.0%, 32=0.0%, 64=0.0%, >=64=0.0%
     issued rwts: total=0,9791,0,0 short=0,0,0,0 dropped=0,0,0,0
     latency   : target=0, window=0, percentile=100.00%, depth=1
bursty: (groupid=0, jobs=1): err= 0: pid=911173: Sat Sep  6 19:32:16 2025
  write: IOPS=333, BW=1332KiB/s (1364kB/s)(39.0MiB/30000msec); 0 zone resets
    clat (usec): min=19, max=429, avg=34.85, stdev=24.32
     lat (usec): min=25, max=607, avg=43.05, stdev=28.28
    clat percentiles (usec):
     |  1.00th=[   23],  5.00th=[   24], 10.00th=[   25], 20.00th=[   27],
     | 30.00th=[   29], 40.00th=[   30], 50.00th=[   31], 60.00th=[   33],
     | 70.00th=[   35], 80.00th=[   37], 90.00th=[   43], 95.00th=[   51],
     | 99.00th=[  109], 99.50th=[  249], 99.90th=[  355], 99.95th=[  379],
     | 99.99th=[  429]
   bw (  KiB/s): min= 2557, max=16096, per=0.24%, avg=11420.14, stdev=5407.01, samples=7
   iops        : min=  639, max= 4024, avg=2855.00, stdev=1351.82, samples=7
  lat (usec)   : 20=0.01%, 50=94.76%, 100=3.96%, 250=0.79%, 500=0.48%
  cpu          : usr=0.22%, sys=0.33%, ctx=10023, majf=0, minf=12096
  IO depths    : 1=100.0%, 2=0.0%, 4=0.0%, 8=0.0%, 16=0.0%, 32=0.0%, >=64=0.0%
     submit    : 0=0.0%, 4=100.0%, 8=0.0%, 16=0.0%, 32=0.0%, 64=0.0%, >=64=0.0%
     complete  : 0=0.0%, 4=100.0%, 8=0.0%, 16=0.0%, 32=0.0%, 64=0.0%, >=64=0.0%
     issued rwts: total=0,9992,0,0 short=0,0,0,0 dropped=0,0,0,0
     latency   : target=0, window=0, percentile=100.00%, depth=1
bursty: (groupid=0, jobs=1): err= 0: pid=911174: Sat Sep  6 19:32:16 2025
  write: IOPS=350, BW=1401KiB/s (1435kB/s)(41.1MiB/30001msec); 0 zone resets
    clat (usec): min=19, max=1181, avg=31.52, stdev=13.19
     lat (usec): min=25, max=1191, avg=39.60, stdev=13.60
    clat percentiles (usec):
     |  1.00th=[   23],  5.00th=[   24], 10.00th=[   25], 20.00th=[   27],
     | 30.00th=[   28], 40.00th=[   30], 50.00th=[   31], 60.00th=[   32],
     | 70.00th=[   33], 80.00th=[   36], 90.00th=[   40], 95.00th=[   45],
     | 99.00th=[   56], 99.50th=[   61], 99.90th=[   71], 99.95th=[   76],
     | 99.99th=[  225]
   bw (  KiB/s): min= 2568, max=17040, per=0.25%, avg=12011.43, stdev=5815.17, samples=7
   iops        : min=  642, max= 4260, avg=3002.86, stdev=1453.79, samples=7
  lat (usec)   : 20=0.01%, 50=97.44%, 100=2.52%, 250=0.02%
  lat (msec)   : 2=0.01%
  cpu          : usr=0.18%, sys=0.24%, ctx=10775, majf=0, minf=9786
  IO depths    : 1=100.0%, 2=0.0%, 4=0.0%, 8=0.0%, 16=0.0%, 32=0.0%, >=64=0.0%
     submit    : 0=0.0%, 4=100.0%, 8=0.0%, 16=0.0%, 32=0.0%, 64=0.0%, >=64=0.0%
     complete  : 0=0.0%, 4=100.0%, 8=0.0%, 16=0.0%, 32=0.0%, 64=0.0%, >=64=0.0%
     issued rwts: total=0,10510,0,0 short=0,0,0,0 dropped=0,0,0,0
     latency   : target=0, window=0, percentile=100.00%, depth=1
bursty: (groupid=0, jobs=1): err= 0: pid=911175: Sat Sep  6 19:32:16 2025
  write: IOPS=323, BW=1293KiB/s (1324kB/s)(37.9MiB/30000msec); 0 zone resets
    clat (usec): min=19, max=477, avg=35.22, stdev=25.19
     lat (usec): min=26, max=488, avg=43.62, stdev=26.56
    clat percentiles (usec):
     |  1.00th=[   23],  5.00th=[   25], 10.00th=[   26], 20.00th=[   27],
     | 30.00th=[   29], 40.00th=[   30], 50.00th=[   31], 60.00th=[   33],
     | 70.00th=[   35], 80.00th=[   37], 90.00th=[   43], 95.00th=[   51],
     | 99.00th=[  116], 99.50th=[  253], 99.90th=[  363], 99.95th=[  404],
     | 99.99th=[  478]
   bw (  KiB/s): min= 2573, max=16304, per=0.23%, avg=11080.71, stdev=5442.10, samples=7
   iops        : min=  643, max= 4076, avg=2770.14, stdev=1360.59, samples=7
  lat (usec)   : 20=0.01%, 50=94.57%, 100=3.94%, 250=0.96%, 500=0.52%
  cpu          : usr=0.24%, sys=0.35%, ctx=9750, majf=0, minf=12969
  IO depths    : 1=100.0%, 2=0.0%, 4=0.0%, 8=0.0%, 16=0.0%, 32=0.0%, >=64=0.0%
     submit    : 0=0.0%, 4=100.0%, 8=0.0%, 16=0.0%, 32=0.0%, 64=0.0%, >=64=0.0%
     complete  : 0=0.0%, 4=100.0%, 8=0.0%, 16=0.0%, 32=0.0%, 64=0.0%, >=64=0.0%
     issued rwts: total=0,9695,0,0 short=0,0,0,0 dropped=0,0,0,0
     latency   : target=0, window=0, percentile=100.00%, depth=1
bursty: (groupid=0, jobs=1): err= 0: pid=911176: Sat Sep  6 19:32:16 2025
  write: IOPS=342, BW=1368KiB/s (1401kB/s)(40.1MiB/30000msec); 0 zone resets
    clat (usec): min=20, max=507, avg=33.96, stdev=18.73
     lat (usec): min=25, max=611, avg=41.94, stdev=21.97
    clat percentiles (usec):
     |  1.00th=[   23],  5.00th=[   25], 10.00th=[   26], 20.00th=[   28],
     | 30.00th=[   29], 40.00th=[   30], 50.00th=[   31], 60.00th=[   33],
     | 70.00th=[   35], 80.00th=[   37], 90.00th=[   43], 95.00th=[   50],
     | 99.00th=[   88], 99.50th=[  120], 99.90th=[  343], 99.95th=[  363],
     | 99.99th=[  482]
   bw (  KiB/s): min= 2544, max=16256, per=0.25%, avg=11728.00, stdev=5648.85, samples=7
   iops        : min=  636, max= 4064, avg=2932.00, stdev=1412.21, samples=7
  lat (usec)   : 50=95.09%, 100=4.11%, 250=0.62%, 500=0.17%, 750=0.01%
  cpu          : usr=0.20%, sys=0.31%, ctx=10370, majf=0, minf=11290
  IO depths    : 1=100.0%, 2=0.0%, 4=0.0%, 8=0.0%, 16=0.0%, 32=0.0%, >=64=0.0%
     submit    : 0=0.0%, 4=100.0%, 8=0.0%, 16=0.0%, 32=0.0%, 64=0.0%, >=64=0.0%
     complete  : 0=0.0%, 4=100.0%, 8=0.0%, 16=0.0%, 32=0.0%, 64=0.0%, >=64=0.0%
     issued rwts: total=0,10262,0,0 short=0,0,0,0 dropped=0,0,0,0
     latency   : target=0, window=0, percentile=100.00%, depth=1
bursty: (groupid=0, jobs=1): err= 0: pid=911177: Sat Sep  6 19:32:16 2025
  write: IOPS=305, BW=1221KiB/s (1251kB/s)(35.8MiB/30000msec); 0 zone resets
    clat (usec): min=19, max=484, avg=35.20, stdev=28.13
     lat (usec): min=25, max=701, avg=43.93, stdev=31.94
    clat percentiles (usec):
     |  1.00th=[   23],  5.00th=[   25], 10.00th=[   26], 20.00th=[   28],
     | 30.00th=[   29], 40.00th=[   30], 50.00th=[   31], 60.00th=[   33],
     | 70.00th=[   35], 80.00th=[   37], 90.00th=[   42], 95.00th=[   49],
     | 99.00th=[  120], 99.50th=[  277], 99.90th=[  392], 99.95th=[  429],
     | 99.99th=[  486]
   bw (  KiB/s): min= 1384, max=14496, per=0.22%, avg=10465.57, stdev=5323.53, samples=7
   iops        : min=  346, max= 3624, avg=2616.29, stdev=1330.79, samples=7
  lat (usec)   : 20=0.05%, 50=95.67%, 100=3.03%, 250=0.48%, 500=0.76%
  cpu          : usr=0.26%, sys=0.37%, ctx=9185, majf=0, minf=17395
  IO depths    : 1=100.0%, 2=0.0%, 4=0.0%, 8=0.0%, 16=0.0%, 32=0.0%, >=64=0.0%
     submit    : 0=0.0%, 4=100.0%, 8=0.0%, 16=0.0%, 32=0.0%, 64=0.0%, >=64=0.0%
     complete  : 0=0.0%, 4=100.0%, 8=0.0%, 16=0.0%, 32=0.0%, 64=0.0%, >=64=0.0%
     issued rwts: total=0,9161,0,0 short=0,0,0,0 dropped=0,0,0,0
     latency   : target=0, window=0, percentile=100.00%, depth=1
bursty: (groupid=0, jobs=1): err= 0: pid=911178: Sat Sep  6 19:32:16 2025
  write: IOPS=322, BW=1289KiB/s (1320kB/s)(37.8MiB/30001msec); 0 zone resets
    clat (usec): min=19, max=344, avg=32.57, stdev=12.12
     lat (usec): min=24, max=531, avg=40.91, stdev=16.05
    clat percentiles (usec):
     |  1.00th=[   23],  5.00th=[   24], 10.00th=[   25], 20.00th=[   27],
     | 30.00th=[   28], 40.00th=[   30], 50.00th=[   31], 60.00th=[   32],
     | 70.00th=[   34], 80.00th=[   36], 90.00th=[   42], 95.00th=[   48],
     | 99.00th=[   71], 99.50th=[   88], 99.90th=[  217], 99.95th=[  302],
     | 99.99th=[  347]
   bw (  KiB/s): min= 2568, max=16504, per=0.23%, avg=11050.29, stdev=5322.19, samples=7
   iops        : min=  642, max= 4126, avg=2762.57, stdev=1330.55, samples=7
  lat (usec)   : 20=0.03%, 50=96.12%, 100=3.49%, 250=0.30%, 500=0.06%
  cpu          : usr=0.21%, sys=0.37%, ctx=9840, majf=0, minf=14349
  IO depths    : 1=100.0%, 2=0.0%, 4=0.0%, 8=0.0%, 16=0.0%, 32=0.0%, >=64=0.0%
     submit    : 0=0.0%, 4=100.0%, 8=0.0%, 16=0.0%, 32=0.0%, 64=0.0%, >=64=0.0%
     complete  : 0=0.0%, 4=100.0%, 8=0.0%, 16=0.0%, 32=0.0%, 64=0.0%, >=64=0.0%
     issued rwts: total=0,9669,0,0 short=0,0,0,0 dropped=0,0,0,0
     latency   : target=0, window=0, percentile=100.00%, depth=1
bursty: (groupid=0, jobs=1): err= 0: pid=911179: Sat Sep  6 19:32:16 2025
  write: IOPS=322, BW=1290KiB/s (1321kB/s)(37.8MiB/30001msec); 0 zone resets
    clat (usec): min=19, max=1461, avg=32.32, stdev=18.27
     lat (usec): min=26, max=1475, avg=40.57, stdev=18.98
    clat percentiles (usec):
     |  1.00th=[   23],  5.00th=[   24], 10.00th=[   25], 20.00th=[   27],
     | 30.00th=[   28], 40.00th=[   29], 50.00th=[   31], 60.00th=[   32],
     | 70.00th=[   34], 80.00th=[   36], 90.00th=[   41], 95.00th=[   47],
     | 99.00th=[   63], 99.50th=[   72], 99.90th=[  217], 99.95th=[  260],
     | 99.99th=[ 1467]
   bw (  KiB/s): min= 2568, max=15336, per=0.23%, avg=11061.71, stdev=5221.23, samples=7
   iops        : min=  642, max= 3834, avg=2765.43, stdev=1305.31, samples=7
  lat (usec)   : 20=0.03%, 50=96.40%, 100=3.39%, 250=0.12%, 500=0.04%
  lat (msec)   : 2=0.01%
  cpu          : usr=0.15%, sys=0.36%, ctx=9938, majf=0, minf=17123
  IO depths    : 1=100.0%, 2=0.0%, 4=0.0%, 8=0.0%, 16=0.0%, 32=0.0%, >=64=0.0%
     submit    : 0=0.0%, 4=100.0%, 8=0.0%, 16=0.0%, 32=0.0%, 64=0.0%, >=64=0.0%
     complete  : 0=0.0%, 4=100.0%, 8=0.0%, 16=0.0%, 32=0.0%, 64=0.0%, >=64=0.0%
     issued rwts: total=0,9679,0,0 short=0,0,0,0 dropped=0,0,0,0
     latency   : target=0, window=0, percentile=100.00%, depth=1
bursty: (groupid=0, jobs=1): err= 0: pid=911180: Sat Sep  6 19:32:16 2025
  write: IOPS=335, BW=1340KiB/s (1373kB/s)(39.3MiB/30001msec); 0 zone resets
    clat (usec): min=19, max=402, avg=34.23, stdev=20.25
     lat (usec): min=24, max=594, avg=42.74, stdev=25.92
    clat percentiles (usec):
     |  1.00th=[   23],  5.00th=[   24], 10.00th=[   25], 20.00th=[   27],
     | 30.00th=[   29], 40.00th=[   30], 50.00th=[   31], 60.00th=[   32],
     | 70.00th=[   34], 80.00th=[   37], 90.00th=[   42], 95.00th=[   51],
     | 99.00th=[  108], 99.50th=[  188], 99.90th=[  306], 99.95th=[  343],
     | 99.99th=[  371]
   bw (  KiB/s): min= 2557, max=15696, per=0.24%, avg=11485.29, stdev=5556.80, samples=7
   iops        : min=  639, max= 3924, avg=2871.29, stdev=1389.27, samples=7
  lat (usec)   : 20=0.01%, 50=94.85%, 100=3.86%, 250=1.05%, 500=0.23%
  cpu          : usr=0.18%, sys=0.29%, ctx=10207, majf=0, minf=12055
  IO depths    : 1=100.0%, 2=0.0%, 4=0.0%, 8=0.0%, 16=0.0%, 32=0.0%, >=64=0.0%
     submit    : 0=0.0%, 4=100.0%, 8=0.0%, 16=0.0%, 32=0.0%, 64=0.0%, >=64=0.0%
     complete  : 0=0.0%, 4=100.0%, 8=0.0%, 16=0.0%, 32=0.0%, 64=0.0%, >=64=0.0%
     issued rwts: total=0,10053,0,0 short=0,0,0,0 dropped=0,0,0,0
     latency   : target=0, window=0, percentile=100.00%, depth=1
bursty: (groupid=0, jobs=1): err= 0: pid=911181: Sat Sep  6 19:32:16 2025
  write: IOPS=341, BW=1365KiB/s (1398kB/s)(40.0MiB/30001msec); 0 zone resets
    clat (usec): min=20, max=290, avg=31.52, stdev= 8.44
     lat (usec): min=26, max=400, avg=39.76, stdev=11.05
    clat percentiles (usec):
     |  1.00th=[   23],  5.00th=[   24], 10.00th=[   25], 20.00th=[   27],
     | 30.00th=[   28], 40.00th=[   29], 50.00th=[   31], 60.00th=[   32],
     | 70.00th=[   34], 80.00th=[   36], 90.00th=[   40], 95.00th=[   45],
     | 99.00th=[   57], 99.50th=[   62], 99.90th=[  108], 99.95th=[  174],
     | 99.99th=[  223]
   bw (  KiB/s): min= 2573, max=16520, per=0.24%, avg=11701.29, stdev=5684.92, samples=7
   iops        : min=  643, max= 4130, avg=2925.29, stdev=1421.30, samples=7
  lat (usec)   : 50=97.75%, 100=2.10%, 250=0.14%, 500=0.01%
  cpu          : usr=0.17%, sys=0.28%, ctx=10505, majf=0, minf=11172
  IO depths    : 1=100.0%, 2=0.0%, 4=0.0%, 8=0.0%, 16=0.0%, 32=0.0%, >=64=0.0%
     submit    : 0=0.0%, 4=100.0%, 8=0.0%, 16=0.0%, 32=0.0%, 64=0.0%, >=64=0.0%
     complete  : 0=0.0%, 4=100.0%, 8=0.0%, 16=0.0%, 32=0.0%, 64=0.0%, >=64=0.0%
     issued rwts: total=0,10238,0,0 short=0,0,0,0 dropped=0,0,0,0
     latency   : target=0, window=0, percentile=100.00%, depth=1

Run status group 0 (all jobs):
  WRITE: bw=4673MiB/s (4900MB/s), 1221KiB/s-133MiB/s (1251kB/s-140MB/s), io=137GiB (147GB), run=30000-30003msec

Disk stats (read/write):
  nvme5n2: ios=0/3944142, sectors=0/31553136, merge=0/0, ticks=0/92548, in_queue=92548, util=97.85%
  nvme5n3: ios=0/3965441, sectors=0/31723528, merge=0/0, ticks=0/92421, in_queue=92421, util=98.01%
  nvme5n4: ios=0/3915603, sectors=0/31324824, merge=0/0, ticks=0/92525, in_queue=92525, util=97.83%
  nvme5n5: ios=0/3941668, sectors=0/31533344, merge=0/0, ticks=0/92215, in_queue=92215, util=97.88%
  nvme5n6: ios=0/3982673, sectors=0/31861384, merge=0/0, ticks=0/92112, in_queue=92112, util=98.25%
  nvme5n7: ios=0/3963068, sectors=0/31704544, merge=0/0, ticks=0/92343, in_queue=92343, util=98.29%
  nvme5n8: ios=0/3916817, sectors=0/31334536, merge=0/0, ticks=0/92926, in_queue=92926, util=98.37%
  nvme5n9: ios=0/3931829, sectors=0/31454632, merge=0/0, ticks=0/92600, in_queue=92600, util=98.41%
  nvme5n10: ios=0/3916145, sectors=0/31329160, merge=0/0, ticks=0/92645, in_queue=92645, util=98.57%
  nvme5n1: ios=0/158446, sectors=0/1267568, merge=0/0, ticks=0/4202, in_queue=4202, util=3.22%
