test_64kb_rwrite_5n2: (g=0): rw=randwrite, bs=(R) 4096B-4096B, (W) 4096B-4096B, (T) 4096B-4096B, ioengine=psync, iodepth=1
...
test_64kb_rwrite_5n3: (g=0): rw=randwrite, bs=(R) 4096B-4096B, (W) 4096B-4096B, (T) 4096B-4096B, ioengine=psync, iodepth=1
...
test_64kb_rwrite_5n4: (g=0): rw=randwrite, bs=(R) 4096B-4096B, (W) 4096B-4096B, (T) 4096B-4096B, ioengine=psync, iodepth=1
...
test_64kb_rwrite_5n5: (g=0): rw=randwrite, bs=(R) 4096B-4096B, (W) 4096B-4096B, (T) 4096B-4096B, ioengine=psync, iodepth=1
...
test_64kb_rwrite_5n6: (g=0): rw=randwrite, bs=(R) 4096B-4096B, (W) 4096B-4096B, (T) 4096B-4096B, ioengine=psync, iodepth=1
...
test_64kb_rwrite_5n7: (g=0): rw=randwrite, bs=(R) 4096B-4096B, (W) 4096B-4096B, (T) 4096B-4096B, ioengine=psync, iodepth=1
...
test_64kb_rwrite_5n8: (g=0): rw=randwrite, bs=(R) 4096B-4096B, (W) 4096B-4096B, (T) 4096B-4096B, ioengine=psync, iodepth=1
...
test_64kb_rwrite_5n9: (g=0): rw=randwrite, bs=(R) 4096B-4096B, (W) 4096B-4096B, (T) 4096B-4096B, ioengine=psync, iodepth=1
...
test_64kb_rwrite_5n10: (g=0): rw=randwrite, bs=(R) 4096B-4096B, (W) 4096B-4096B, (T) 4096B-4096B, ioengine=psync, iodepth=1
...
bursty: (g=0): rw=randwrite, bs=(R) 4096B-4096B, (W) 4096B-4096B, (T) 4096B-4096B, ioengine=psync, iodepth=1
...
fio-3.37-114-gf0af0-dirty
Starting 61 threads

test_64kb_rwrite_5n2: (groupid=0, jobs=1): err= 0: pid=909716: Sat Sep  6 19:27:55 2025
  write: IOPS=38.9k, BW=152MiB/s (159MB/s)(4561MiB/30001msec); 0 zone resets
    clat (usec): min=16, max=6688, avg=24.82, stdev=12.50
     lat (usec): min=16, max=6688, avg=24.91, stdev=12.50
    clat percentiles (nsec):
     |  1.00th=[19072],  5.00th=[20096], 10.00th=[20608], 20.00th=[21376],
     | 30.00th=[21888], 40.00th=[22656], 50.00th=[23168], 60.00th=[24192],
     | 70.00th=[25216], 80.00th=[27008], 90.00th=[30848], 95.00th=[35072],
     | 99.00th=[44288], 99.50th=[47872], 99.90th=[56064], 99.95th=[60672],
     | 99.99th=[89600]
   bw (  KiB/s): min=141488, max=161800, per=2.22%, avg=155661.47, stdev=4618.66, samples=60
   iops        : min=35372, max=40450, avg=38915.37, stdev=1154.67, samples=60
  lat (usec)   : 20=4.56%, 50=95.11%, 100=0.32%, 250=0.01%, 500=0.01%
  lat (usec)   : 750=0.01%, 1000=0.01%
  lat (msec)   : 2=0.01%, 4=0.01%, 10=0.01%
  cpu          : usr=3.92%, sys=25.41%, ctx=1167695, majf=0, minf=154667
  IO depths    : 1=100.0%, 2=0.0%, 4=0.0%, 8=0.0%, 16=0.0%, 32=0.0%, >=64=0.0%
     submit    : 0=0.0%, 4=100.0%, 8=0.0%, 16=0.0%, 32=0.0%, 64=0.0%, >=64=0.0%
     complete  : 0=0.0%, 4=100.0%, 8=0.0%, 16=0.0%, 32=0.0%, 64=0.0%, >=64=0.0%
     issued rwts: total=0,1167640,0,0 short=0,0,0,0 dropped=0,0,0,0
     latency   : target=0, window=0, percentile=100.00%, depth=1
test_64kb_rwrite_5n2: (groupid=0, jobs=1): err= 0: pid=909717: Sat Sep  6 19:27:55 2025
  write: IOPS=39.1k, BW=153MiB/s (160MB/s)(4578MiB/30001msec); 0 zone resets
    clat (usec): min=16, max=6206, avg=24.73, stdev= 9.21
     lat (usec): min=16, max=6206, avg=24.82, stdev= 9.22
    clat percentiles (nsec):
     |  1.00th=[19072],  5.00th=[20096], 10.00th=[20608], 20.00th=[21376],
     | 30.00th=[21888], 40.00th=[22656], 50.00th=[23168], 60.00th=[23936],
     | 70.00th=[25216], 80.00th=[27008], 90.00th=[30848], 95.00th=[35072],
     | 99.00th=[44288], 99.50th=[47872], 99.90th=[56576], 99.95th=[62208],
     | 99.99th=[88576]
   bw (  KiB/s): min=135714, max=164064, per=2.23%, avg=156240.48, stdev=5781.71, samples=60
   iops        : min=33928, max=41016, avg=39060.10, stdev=1445.47, samples=60
  lat (usec)   : 20=5.02%, 50=94.64%, 100=0.33%, 250=0.01%, 500=0.01%
  lat (usec)   : 750=0.01%, 1000=0.01%
  lat (msec)   : 2=0.01%, 10=0.01%
  cpu          : usr=3.99%, sys=25.28%, ctx=1171888, majf=0, minf=157890
  IO depths    : 1=100.0%, 2=0.0%, 4=0.0%, 8=0.0%, 16=0.0%, 32=0.0%, >=64=0.0%
     submit    : 0=0.0%, 4=100.0%, 8=0.0%, 16=0.0%, 32=0.0%, 64=0.0%, >=64=0.0%
     complete  : 0=0.0%, 4=100.0%, 8=0.0%, 16=0.0%, 32=0.0%, 64=0.0%, >=64=0.0%
     issued rwts: total=0,1171853,0,0 short=0,0,0,0 dropped=0,0,0,0
     latency   : target=0, window=0, percentile=100.00%, depth=1
test_64kb_rwrite_5n2: (groupid=0, jobs=1): err= 0: pid=909718: Sat Sep  6 19:27:55 2025
  write: IOPS=38.7k, BW=151MiB/s (159MB/s)(4538MiB/30001msec); 0 zone resets
    clat (usec): min=16, max=8700, avg=24.95, stdev=14.39
     lat (usec): min=16, max=8700, avg=25.04, stdev=14.39
    clat percentiles (nsec):
     |  1.00th=[19072],  5.00th=[20096], 10.00th=[20608], 20.00th=[21376],
     | 30.00th=[22144], 40.00th=[22656], 50.00th=[23424], 60.00th=[24192],
     | 70.00th=[25472], 80.00th=[27264], 90.00th=[31104], 95.00th=[35584],
     | 99.00th=[44800], 99.50th=[47872], 99.90th=[56576], 99.95th=[60672],
     | 99.99th=[87552]
   bw (  KiB/s): min=140730, max=161192, per=2.21%, avg=154864.83, stdev=4960.14, samples=60
   iops        : min=35182, max=40298, avg=38716.20, stdev=1240.06, samples=60
  lat (usec)   : 20=4.20%, 50=95.46%, 100=0.34%, 250=0.01%, 500=0.01%
  lat (usec)   : 750=0.01%, 1000=0.01%
  lat (msec)   : 2=0.01%, 10=0.01%
  cpu          : usr=4.01%, sys=25.31%, ctx=1161661, majf=0, minf=173950
  IO depths    : 1=100.0%, 2=0.0%, 4=0.0%, 8=0.0%, 16=0.0%, 32=0.0%, >=64=0.0%
     submit    : 0=0.0%, 4=100.0%, 8=0.0%, 16=0.0%, 32=0.0%, 64=0.0%, >=64=0.0%
     complete  : 0=0.0%, 4=100.0%, 8=0.0%, 16=0.0%, 32=0.0%, 64=0.0%, >=64=0.0%
     issued rwts: total=0,1161627,0,0 short=0,0,0,0 dropped=0,0,0,0
     latency   : target=0, window=0, percentile=100.00%, depth=1
test_64kb_rwrite_5n2: (groupid=0, jobs=1): err= 0: pid=909719: Sat Sep  6 19:27:55 2025
  write: IOPS=38.8k, BW=152MiB/s (159MB/s)(4549MiB/30001msec); 0 zone resets
    clat (usec): min=16, max=7188, avg=24.87, stdev=10.85
     lat (usec): min=16, max=7188, avg=24.96, stdev=10.85
    clat percentiles (nsec):
     |  1.00th=[19072],  5.00th=[20096], 10.00th=[20608], 20.00th=[21376],
     | 30.00th=[22144], 40.00th=[22656], 50.00th=[23424], 60.00th=[24192],
     | 70.00th=[25216], 80.00th=[27264], 90.00th=[31104], 95.00th=[35072],
     | 99.00th=[44800], 99.50th=[47872], 99.90th=[56064], 99.95th=[60672],
     | 99.99th=[90624]
   bw (  KiB/s): min=100118, max=161344, per=2.20%, avg=154566.37, stdev=8432.49, samples=60
   iops        : min=25029, max=40336, avg=38641.57, stdev=2108.19, samples=60
  lat (usec)   : 20=4.19%, 50=95.47%, 100=0.33%, 250=0.01%, 500=0.01%
  lat (usec)   : 750=0.01%, 1000=0.01%
  lat (msec)   : 2=0.01%, 10=0.01%
  cpu          : usr=4.07%, sys=25.32%, ctx=1164509, majf=0, minf=171129
  IO depths    : 1=100.0%, 2=0.0%, 4=0.0%, 8=0.0%, 16=0.0%, 32=0.0%, >=64=0.0%
     submit    : 0=0.0%, 4=100.0%, 8=0.0%, 16=0.0%, 32=0.0%, 64=0.0%, >=64=0.0%
     complete  : 0=0.0%, 4=100.0%, 8=0.0%, 16=0.0%, 32=0.0%, 64=0.0%, >=64=0.0%
     issued rwts: total=0,1164467,0,0 short=0,0,0,0 dropped=0,0,0,0
     latency   : target=0, window=0, percentile=100.00%, depth=1
test_64kb_rwrite_5n2: (groupid=0, jobs=1): err= 0: pid=909720: Sat Sep  6 19:27:55 2025
  write: IOPS=39.0k, BW=152MiB/s (160MB/s)(4570MiB/30001msec); 0 zone resets
    clat (usec): min=16, max=5882, avg=24.74, stdev= 8.94
     lat (usec): min=17, max=5882, avg=24.84, stdev= 8.94
    clat percentiles (nsec):
     |  1.00th=[19072],  5.00th=[20096], 10.00th=[20608], 20.00th=[21376],
     | 30.00th=[21888], 40.00th=[22656], 50.00th=[23168], 60.00th=[23936],
     | 70.00th=[25216], 80.00th=[27008], 90.00th=[30848], 95.00th=[35072],
     | 99.00th=[44288], 99.50th=[47872], 99.90th=[56064], 99.95th=[60672],
     | 99.99th=[93696]
   bw (  KiB/s): min=135206, max=163976, per=2.22%, avg=155976.55, stdev=5424.51, samples=60
   iops        : min=33801, max=40994, avg=38994.12, stdev=1356.18, samples=60
  lat (usec)   : 20=5.00%, 50=94.68%, 100=0.32%, 250=0.01%, 500=0.01%
  lat (usec)   : 750=0.01%, 1000=0.01%
  lat (msec)   : 2=0.01%, 4=0.01%, 10=0.01%
  cpu          : usr=4.33%, sys=25.08%, ctx=1169892, majf=0, minf=165921
  IO depths    : 1=100.0%, 2=0.0%, 4=0.0%, 8=0.0%, 16=0.0%, 32=0.0%, >=64=0.0%
     submit    : 0=0.0%, 4=100.0%, 8=0.0%, 16=0.0%, 32=0.0%, 64=0.0%, >=64=0.0%
     complete  : 0=0.0%, 4=100.0%, 8=0.0%, 16=0.0%, 32=0.0%, 64=0.0%, >=64=0.0%
     issued rwts: total=0,1169852,0,0 short=0,0,0,0 dropped=0,0,0,0
     latency   : target=0, window=0, percentile=100.00%, depth=1
test_64kb_rwrite_5n3: (groupid=0, jobs=1): err= 0: pid=909721: Sat Sep  6 19:27:55 2025
  write: IOPS=38.9k, BW=152MiB/s (159MB/s)(4556MiB/30001msec); 0 zone resets
    clat (usec): min=16, max=8293, avg=24.90, stdev= 9.72
     lat (usec): min=17, max=8293, avg=24.99, stdev= 9.73
    clat percentiles (nsec):
     |  1.00th=[19072],  5.00th=[20096], 10.00th=[20608], 20.00th=[21376],
     | 30.00th=[21888], 40.00th=[22656], 50.00th=[23424], 60.00th=[24192],
     | 70.00th=[25472], 80.00th=[27264], 90.00th=[31104], 95.00th=[35584],
     | 99.00th=[44800], 99.50th=[47872], 99.90th=[56576], 99.95th=[60672],
     | 99.99th=[88576]
   bw (  KiB/s): min=133816, max=160952, per=2.21%, avg=155508.23, stdev=5073.62, samples=60
   iops        : min=33454, max=40238, avg=38877.05, stdev=1268.42, samples=60
  lat (usec)   : 20=4.55%, 50=95.11%, 100=0.34%, 250=0.01%, 500=0.01%
  lat (usec)   : 750=0.01%, 1000=0.01%
  lat (msec)   : 2=0.01%, 10=0.01%
  cpu          : usr=4.26%, sys=24.97%, ctx=1166407, majf=0, minf=128925
  IO depths    : 1=100.0%, 2=0.0%, 4=0.0%, 8=0.0%, 16=0.0%, 32=0.0%, >=64=0.0%
     submit    : 0=0.0%, 4=100.0%, 8=0.0%, 16=0.0%, 32=0.0%, 64=0.0%, >=64=0.0%
     complete  : 0=0.0%, 4=100.0%, 8=0.0%, 16=0.0%, 32=0.0%, 64=0.0%, >=64=0.0%
     issued rwts: total=0,1166375,0,0 short=0,0,0,0 dropped=0,0,0,0
     latency   : target=0, window=0, percentile=100.00%, depth=1
test_64kb_rwrite_5n3: (groupid=0, jobs=1): err= 0: pid=909722: Sat Sep  6 19:27:55 2025
  write: IOPS=38.9k, BW=152MiB/s (159MB/s)(4557MiB/30001msec); 0 zone resets
    clat (usec): min=16, max=6647, avg=24.86, stdev= 8.74
     lat (usec): min=16, max=6647, avg=24.95, stdev= 8.74
    clat percentiles (nsec):
     |  1.00th=[19072],  5.00th=[20096], 10.00th=[20608], 20.00th=[21376],
     | 30.00th=[21888], 40.00th=[22656], 50.00th=[23424], 60.00th=[24192],
     | 70.00th=[25472], 80.00th=[27264], 90.00th=[31104], 95.00th=[35072],
     | 99.00th=[44800], 99.50th=[47872], 99.90th=[56576], 99.95th=[60672],
     | 99.99th=[89600]
   bw (  KiB/s): min=139576, max=161904, per=2.22%, avg=155547.07, stdev=4817.09, samples=60
   iops        : min=34894, max=40476, avg=38886.75, stdev=1204.29, samples=60
  lat (usec)   : 20=4.59%, 50=95.07%, 100=0.34%, 250=0.01%, 500=0.01%
  lat (usec)   : 750=0.01%, 1000=0.01%
  lat (msec)   : 2=0.01%, 10=0.01%
  cpu          : usr=4.05%, sys=25.32%, ctx=1166589, majf=0, minf=145230
  IO depths    : 1=100.0%, 2=0.0%, 4=0.0%, 8=0.0%, 16=0.0%, 32=0.0%, >=64=0.0%
     submit    : 0=0.0%, 4=100.0%, 8=0.0%, 16=0.0%, 32=0.0%, 64=0.0%, >=64=0.0%
     complete  : 0=0.0%, 4=100.0%, 8=0.0%, 16=0.0%, 32=0.0%, 64=0.0%, >=64=0.0%
     issued rwts: total=0,1166568,0,0 short=0,0,0,0 dropped=0,0,0,0
     latency   : target=0, window=0, percentile=100.00%, depth=1
test_64kb_rwrite_5n3: (groupid=0, jobs=1): err= 0: pid=909723: Sat Sep  6 19:27:55 2025
  write: IOPS=38.9k, BW=152MiB/s (159MB/s)(4562MiB/30001msec); 0 zone resets
    clat (usec): min=16, max=7631, avg=24.81, stdev= 9.69
     lat (usec): min=16, max=7631, avg=24.90, stdev= 9.69
    clat percentiles (nsec):
     |  1.00th=[19072],  5.00th=[20096], 10.00th=[20608], 20.00th=[21376],
     | 30.00th=[21888], 40.00th=[22656], 50.00th=[23168], 60.00th=[24192],
     | 70.00th=[25216], 80.00th=[27008], 90.00th=[31104], 95.00th=[35072],
     | 99.00th=[44800], 99.50th=[47872], 99.90th=[56064], 99.95th=[60160],
     | 99.99th=[85504]
   bw (  KiB/s): min=100324, max=162432, per=2.21%, avg=154994.43, stdev=8620.91, samples=60
   iops        : min=25081, max=40608, avg=38748.60, stdev=2155.22, samples=60
  lat (usec)   : 20=4.78%, 50=94.89%, 100=0.33%, 250=0.01%, 500=0.01%
  lat (usec)   : 750=0.01%, 1000=0.01%
  lat (msec)   : 2=0.01%, 4=0.01%, 10=0.01%
  cpu          : usr=4.01%, sys=25.51%, ctx=1167885, majf=0, minf=166968
  IO depths    : 1=100.0%, 2=0.0%, 4=0.0%, 8=0.0%, 16=0.0%, 32=0.0%, >=64=0.0%
     submit    : 0=0.0%, 4=100.0%, 8=0.0%, 16=0.0%, 32=0.0%, 64=0.0%, >=64=0.0%
     complete  : 0=0.0%, 4=100.0%, 8=0.0%, 16=0.0%, 32=0.0%, 64=0.0%, >=64=0.0%
     issued rwts: total=0,1167849,0,0 short=0,0,0,0 dropped=0,0,0,0
     latency   : target=0, window=0, percentile=100.00%, depth=1
test_64kb_rwrite_5n3: (groupid=0, jobs=1): err= 0: pid=909724: Sat Sep  6 19:27:55 2025
  write: IOPS=39.1k, BW=153MiB/s (160MB/s)(4579MiB/30001msec); 0 zone resets
    clat (usec): min=16, max=7356, avg=24.71, stdev=10.23
     lat (usec): min=16, max=7356, avg=24.80, stdev=10.23
    clat percentiles (nsec):
     |  1.00th=[19072],  5.00th=[19840], 10.00th=[20608], 20.00th=[21376],
     | 30.00th=[21888], 40.00th=[22400], 50.00th=[23168], 60.00th=[23936],
     | 70.00th=[25216], 80.00th=[27008], 90.00th=[30848], 95.00th=[35072],
     | 99.00th=[44288], 99.50th=[47872], 99.90th=[56064], 99.95th=[60672],
     | 99.99th=[90624]
   bw (  KiB/s): min=100667, max=163120, per=2.22%, avg=155593.93, stdev=8801.38, samples=60
   iops        : min=25166, max=40780, avg=38898.43, stdev=2200.45, samples=60
  lat (usec)   : 20=5.49%, 50=94.18%, 100=0.32%, 250=0.01%, 500=0.01%
  lat (usec)   : 750=0.01%, 1000=0.01%
  lat (msec)   : 2=0.01%, 10=0.01%
  cpu          : usr=4.04%, sys=25.39%, ctx=1172221, majf=0, minf=167001
  IO depths    : 1=100.0%, 2=0.0%, 4=0.0%, 8=0.0%, 16=0.0%, 32=0.0%, >=64=0.0%
     submit    : 0=0.0%, 4=100.0%, 8=0.0%, 16=0.0%, 32=0.0%, 64=0.0%, >=64=0.0%
     complete  : 0=0.0%, 4=100.0%, 8=0.0%, 16=0.0%, 32=0.0%, 64=0.0%, >=64=0.0%
     issued rwts: total=0,1172163,0,0 short=0,0,0,0 dropped=0,0,0,0
     latency   : target=0, window=0, percentile=100.00%, depth=1
test_64kb_rwrite_5n3: (groupid=0, jobs=1): err= 0: pid=909725: Sat Sep  6 19:27:55 2025
  write: IOPS=38.8k, BW=152MiB/s (159MB/s)(4549MiB/30001msec); 0 zone resets
    clat (usec): min=16, max=6728, avg=24.87, stdev= 9.61
     lat (usec): min=16, max=6729, avg=24.96, stdev= 9.62
    clat percentiles (nsec):
     |  1.00th=[19072],  5.00th=[20096], 10.00th=[20608], 20.00th=[21376],
     | 30.00th=[21888], 40.00th=[22656], 50.00th=[23424], 60.00th=[24192],
     | 70.00th=[25472], 80.00th=[27264], 90.00th=[31104], 95.00th=[35072],
     | 99.00th=[44800], 99.50th=[47872], 99.90th=[56576], 99.95th=[61184],
     | 99.99th=[86528]
   bw (  KiB/s): min=139808, max=162928, per=2.22%, avg=155541.37, stdev=4773.64, samples=59
   iops        : min=34952, max=40732, avg=38885.32, stdev=1193.43, samples=59
  lat (usec)   : 20=4.57%, 50=95.08%, 100=0.34%, 250=0.01%, 500=0.01%
  lat (usec)   : 750=0.01%, 1000=0.01%
  lat (msec)   : 2=0.01%, 10=0.01%
  cpu          : usr=4.05%, sys=25.47%, ctx=1164640, majf=0, minf=165448
  IO depths    : 1=100.0%, 2=0.0%, 4=0.0%, 8=0.0%, 16=0.0%, 32=0.0%, >=64=0.0%
     submit    : 0=0.0%, 4=100.0%, 8=0.0%, 16=0.0%, 32=0.0%, 64=0.0%, >=64=0.0%
     complete  : 0=0.0%, 4=100.0%, 8=0.0%, 16=0.0%, 32=0.0%, 64=0.0%, >=64=0.0%
     issued rwts: total=0,1164621,0,0 short=0,0,0,0 dropped=0,0,0,0
     latency   : target=0, window=0, percentile=100.00%, depth=1
test_64kb_rwrite_5n4: (groupid=0, jobs=1): err= 0: pid=909727: Sat Sep  6 19:27:55 2025
  write: IOPS=39.0k, BW=152MiB/s (160MB/s)(4575MiB/30001msec); 0 zone resets
    clat (usec): min=16, max=6775, avg=24.80, stdev=11.61
     lat (usec): min=16, max=6775, avg=24.89, stdev=11.61
    clat percentiles (nsec):
     |  1.00th=[19072],  5.00th=[20096], 10.00th=[20608], 20.00th=[21376],
     | 30.00th=[21888], 40.00th=[22656], 50.00th=[23168], 60.00th=[24192],
     | 70.00th=[25216], 80.00th=[27008], 90.00th=[30848], 95.00th=[35072],
     | 99.00th=[44800], 99.50th=[47872], 99.90th=[56064], 99.95th=[60672],
     | 99.99th=[90624]
   bw (  KiB/s): min=104877, max=161848, per=2.21%, avg=155439.78, stdev=7917.12, samples=60
   iops        : min=26219, max=40462, avg=38859.92, stdev=1979.34, samples=60
  lat (usec)   : 20=4.85%, 50=94.82%, 100=0.33%, 250=0.01%, 500=0.01%
  lat (usec)   : 750=0.01%, 1000=0.01%
  lat (msec)   : 2=0.01%, 10=0.01%
  cpu          : usr=3.97%, sys=25.32%, ctx=1171223, majf=0, minf=131635
  IO depths    : 1=100.0%, 2=0.0%, 4=0.0%, 8=0.0%, 16=0.0%, 32=0.0%, >=64=0.0%
     submit    : 0=0.0%, 4=100.0%, 8=0.0%, 16=0.0%, 32=0.0%, 64=0.0%, >=64=0.0%
     complete  : 0=0.0%, 4=100.0%, 8=0.0%, 16=0.0%, 32=0.0%, 64=0.0%, >=64=0.0%
     issued rwts: total=0,1171137,0,0 short=0,0,0,0 dropped=0,0,0,0
     latency   : target=0, window=0, percentile=100.00%, depth=1
test_64kb_rwrite_5n4: (groupid=0, jobs=1): err= 0: pid=909728: Sat Sep  6 19:27:55 2025
  write: IOPS=39.0k, BW=152MiB/s (160MB/s)(4569MiB/30001msec); 0 zone resets
    clat (usec): min=16, max=9361, avg=24.73, stdev=11.10
     lat (usec): min=16, max=9361, avg=24.83, stdev=11.10
    clat percentiles (nsec):
     |  1.00th=[19072],  5.00th=[19840], 10.00th=[20608], 20.00th=[21376],
     | 30.00th=[21888], 40.00th=[22400], 50.00th=[23168], 60.00th=[23936],
     | 70.00th=[25216], 80.00th=[27008], 90.00th=[31104], 95.00th=[35072],
     | 99.00th=[44288], 99.50th=[47872], 99.90th=[56064], 99.95th=[61184],
     | 99.99th=[91648]
   bw (  KiB/s): min=89983, max=162944, per=2.21%, avg=155325.30, stdev=10110.00, samples=60
   iops        : min=22495, max=40736, avg=38831.30, stdev=2527.60, samples=60
  lat (usec)   : 20=5.40%, 50=94.28%, 100=0.31%, 250=0.01%, 500=0.01%
  lat (usec)   : 750=0.01%, 1000=0.01%
  lat (msec)   : 2=0.01%, 10=0.01%
  cpu          : usr=4.19%, sys=25.42%, ctx=1169750, majf=0, minf=167166
  IO depths    : 1=100.0%, 2=0.0%, 4=0.0%, 8=0.0%, 16=0.0%, 32=0.0%, >=64=0.0%
     submit    : 0=0.0%, 4=100.0%, 8=0.0%, 16=0.0%, 32=0.0%, 64=0.0%, >=64=0.0%
     complete  : 0=0.0%, 4=100.0%, 8=0.0%, 16=0.0%, 32=0.0%, 64=0.0%, >=64=0.0%
     issued rwts: total=0,1169711,0,0 short=0,0,0,0 dropped=0,0,0,0
     latency   : target=0, window=0, percentile=100.00%, depth=1
test_64kb_rwrite_5n4: (groupid=0, jobs=1): err= 0: pid=909729: Sat Sep  6 19:27:55 2025
  write: IOPS=39.0k, BW=152MiB/s (160MB/s)(4566MiB/30001msec); 0 zone resets
    clat (usec): min=16, max=6973, avg=24.79, stdev=10.45
     lat (usec): min=16, max=6973, avg=24.89, stdev=10.45
    clat percentiles (usec):
     |  1.00th=[   20],  5.00th=[   20], 10.00th=[   21], 20.00th=[   22],
     | 30.00th=[   22], 40.00th=[   23], 50.00th=[   24], 60.00th=[   25],
     | 70.00th=[   26], 80.00th=[   28], 90.00th=[   32], 95.00th=[   36],
     | 99.00th=[   45], 99.50th=[   48], 99.90th=[   57], 99.95th=[   63],
     | 99.99th=[  101]
   bw (  KiB/s): min=101787, max=163144, per=2.21%, avg=155152.23, stdev=8850.88, samples=60
   iops        : min=25446, max=40786, avg=38788.02, stdev=2212.82, samples=60
  lat (usec)   : 20=5.43%, 50=94.23%, 100=0.33%, 250=0.01%, 500=0.01%
  lat (usec)   : 750=0.01%, 1000=0.01%
  lat (msec)   : 2=0.01%, 10=0.01%
  cpu          : usr=3.79%, sys=25.63%, ctx=1168975, majf=0, minf=167771
  IO depths    : 1=100.0%, 2=0.0%, 4=0.0%, 8=0.0%, 16=0.0%, 32=0.0%, >=64=0.0%
     submit    : 0=0.0%, 4=100.0%, 8=0.0%, 16=0.0%, 32=0.0%, 64=0.0%, >=64=0.0%
     complete  : 0=0.0%, 4=100.0%, 8=0.0%, 16=0.0%, 32=0.0%, 64=0.0%, >=64=0.0%
     issued rwts: total=0,1168946,0,0 short=0,0,0,0 dropped=0,0,0,0
     latency   : target=0, window=0, percentile=100.00%, depth=1
test_64kb_rwrite_5n4: (groupid=0, jobs=1): err= 0: pid=909730: Sat Sep  6 19:27:55 2025
  write: IOPS=39.0k, BW=152MiB/s (160MB/s)(4574MiB/30000msec); 0 zone resets
    clat (usec): min=16, max=5512, avg=24.82, stdev= 7.69
     lat (usec): min=16, max=5512, avg=24.91, stdev= 7.69
    clat percentiles (nsec):
     |  1.00th=[19072],  5.00th=[20096], 10.00th=[20608], 20.00th=[21376],
     | 30.00th=[21888], 40.00th=[22656], 50.00th=[23168], 60.00th=[24192],
     | 70.00th=[25216], 80.00th=[27264], 90.00th=[31104], 95.00th=[35072],
     | 99.00th=[44288], 99.50th=[47872], 99.90th=[56576], 99.95th=[61184],
     | 99.99th=[85504]
   bw (  KiB/s): min=134784, max=161232, per=2.22%, avg=156100.87, stdev=4387.84, samples=60
   iops        : min=33696, max=40308, avg=39025.20, stdev=1096.97, samples=60
  lat (usec)   : 20=4.69%, 50=94.98%, 100=0.33%, 250=0.01%, 500=0.01%
  lat (usec)   : 750=0.01%, 1000=0.01%
  lat (msec)   : 2=0.01%, 10=0.01%
  cpu          : usr=4.29%, sys=25.06%, ctx=1170857, majf=0, minf=124922
  IO depths    : 1=100.0%, 2=0.0%, 4=0.0%, 8=0.0%, 16=0.0%, 32=0.0%, >=64=0.0%
     submit    : 0=0.0%, 4=100.0%, 8=0.0%, 16=0.0%, 32=0.0%, 64=0.0%, >=64=0.0%
     complete  : 0=0.0%, 4=100.0%, 8=0.0%, 16=0.0%, 32=0.0%, 64=0.0%, >=64=0.0%
     issued rwts: total=0,1170820,0,0 short=0,0,0,0 dropped=0,0,0,0
     latency   : target=0, window=0, percentile=100.00%, depth=1
test_64kb_rwrite_5n4: (groupid=0, jobs=1): err= 0: pid=909731: Sat Sep  6 19:27:55 2025
  write: IOPS=38.8k, BW=151MiB/s (159MB/s)(4545MiB/30001msec); 0 zone resets
    clat (usec): min=16, max=8438, avg=24.92, stdev=14.37
     lat (usec): min=16, max=8438, avg=25.01, stdev=14.37
    clat percentiles (nsec):
     |  1.00th=[19072],  5.00th=[20096], 10.00th=[20608], 20.00th=[21376],
     | 30.00th=[21888], 40.00th=[22656], 50.00th=[23424], 60.00th=[24192],
     | 70.00th=[25472], 80.00th=[27264], 90.00th=[31104], 95.00th=[35584],
     | 99.00th=[44800], 99.50th=[48384], 99.90th=[56576], 99.95th=[61696],
     | 99.99th=[88576]
   bw (  KiB/s): min=138208, max=162624, per=2.21%, avg=155322.24, stdev=4648.71, samples=59
   iops        : min=34552, max=40656, avg=38830.53, stdev=1162.27, samples=59
  lat (usec)   : 20=4.66%, 50=95.00%, 100=0.34%, 250=0.01%, 500=0.01%
  lat (usec)   : 750=0.01%, 1000=0.01%
  lat (msec)   : 2=0.01%, 10=0.01%
  cpu          : usr=4.14%, sys=25.30%, ctx=1163516, majf=0, minf=142917
  IO depths    : 1=100.0%, 2=0.0%, 4=0.0%, 8=0.0%, 16=0.0%, 32=0.0%, >=64=0.0%
     submit    : 0=0.0%, 4=100.0%, 8=0.0%, 16=0.0%, 32=0.0%, 64=0.0%, >=64=0.0%
     complete  : 0=0.0%, 4=100.0%, 8=0.0%, 16=0.0%, 32=0.0%, 64=0.0%, >=64=0.0%
     issued rwts: total=0,1163480,0,0 short=0,0,0,0 dropped=0,0,0,0
     latency   : target=0, window=0, percentile=100.00%, depth=1
test_64kb_rwrite_5n5: (groupid=0, jobs=1): err= 0: pid=909732: Sat Sep  6 19:27:55 2025
  write: IOPS=39.1k, BW=153MiB/s (160MB/s)(4577MiB/30001msec); 0 zone resets
    clat (usec): min=16, max=1048, avg=24.71, stdev= 5.69
     lat (usec): min=16, max=1048, avg=24.80, stdev= 5.69
    clat percentiles (nsec):
     |  1.00th=[19072],  5.00th=[19840], 10.00th=[20608], 20.00th=[21376],
     | 30.00th=[21888], 40.00th=[22400], 50.00th=[23168], 60.00th=[23936],
     | 70.00th=[25216], 80.00th=[27008], 90.00th=[30848], 95.00th=[35072],
     | 99.00th=[44288], 99.50th=[47872], 99.90th=[56576], 99.95th=[62720],
     | 99.99th=[90624]
   bw (  KiB/s): min=139744, max=163616, per=2.22%, avg=156192.38, stdev=5374.50, samples=60
   iops        : min=34936, max=40904, avg=39048.08, stdev=1343.66, samples=60
  lat (usec)   : 20=5.26%, 50=94.40%, 100=0.34%, 250=0.01%, 500=0.01%
  lat (usec)   : 750=0.01%, 1000=0.01%
  lat (msec)   : 2=0.01%
  cpu          : usr=4.18%, sys=25.27%, ctx=1171606, majf=0, minf=177363
  IO depths    : 1=100.0%, 2=0.0%, 4=0.0%, 8=0.0%, 16=0.0%, 32=0.0%, >=64=0.0%
     submit    : 0=0.0%, 4=100.0%, 8=0.0%, 16=0.0%, 32=0.0%, 64=0.0%, >=64=0.0%
     complete  : 0=0.0%, 4=100.0%, 8=0.0%, 16=0.0%, 32=0.0%, 64=0.0%, >=64=0.0%
     issued rwts: total=0,1171586,0,0 short=0,0,0,0 dropped=0,0,0,0
     latency   : target=0, window=0, percentile=100.00%, depth=1
test_64kb_rwrite_5n5: (groupid=0, jobs=1): err= 0: pid=909733: Sat Sep  6 19:27:55 2025
  write: IOPS=38.8k, BW=152MiB/s (159MB/s)(4548MiB/30000msec); 0 zone resets
    clat (usec): min=16, max=8854, avg=24.96, stdev=13.52
     lat (usec): min=16, max=8854, avg=25.05, stdev=13.52
    clat percentiles (nsec):
     |  1.00th=[19072],  5.00th=[20096], 10.00th=[20608], 20.00th=[21376],
     | 30.00th=[22144], 40.00th=[22656], 50.00th=[23424], 60.00th=[24192],
     | 70.00th=[25472], 80.00th=[27264], 90.00th=[31360], 95.00th=[35584],
     | 99.00th=[44800], 99.50th=[48384], 99.90th=[56576], 99.95th=[61696],
     | 99.99th=[88576]
   bw (  KiB/s): min=101129, max=161832, per=2.20%, avg=154522.57, stdev=8225.96, samples=60
   iops        : min=25282, max=40458, avg=38630.62, stdev=2056.54, samples=60
  lat (usec)   : 20=4.49%, 50=95.15%, 100=0.35%, 250=0.01%, 500=0.01%
  lat (usec)   : 750=0.01%, 1000=0.01%
  lat (msec)   : 2=0.01%, 4=0.01%, 10=0.01%
  cpu          : usr=3.75%, sys=25.47%, ctx=1164362, majf=0, minf=129622
  IO depths    : 1=100.0%, 2=0.0%, 4=0.0%, 8=0.0%, 16=0.0%, 32=0.0%, >=64=0.0%
     submit    : 0=0.0%, 4=100.0%, 8=0.0%, 16=0.0%, 32=0.0%, 64=0.0%, >=64=0.0%
     complete  : 0=0.0%, 4=100.0%, 8=0.0%, 16=0.0%, 32=0.0%, 64=0.0%, >=64=0.0%
     issued rwts: total=0,1164283,0,0 short=0,0,0,0 dropped=0,0,0,0
     latency   : target=0, window=0, percentile=100.00%, depth=1
test_64kb_rwrite_5n5: (groupid=0, jobs=1): err= 0: pid=909734: Sat Sep  6 19:27:55 2025
  write: IOPS=38.9k, BW=152MiB/s (159MB/s)(4562MiB/30001msec); 0 zone resets
    clat (usec): min=16, max=6707, avg=24.81, stdev=12.00
     lat (usec): min=16, max=6707, avg=24.90, stdev=12.00
    clat percentiles (nsec):
     |  1.00th=[19072],  5.00th=[19840], 10.00th=[20608], 20.00th=[21376],
     | 30.00th=[21888], 40.00th=[22656], 50.00th=[23168], 60.00th=[24192],
     | 70.00th=[25216], 80.00th=[27008], 90.00th=[31104], 95.00th=[35072],
     | 99.00th=[44800], 99.50th=[47872], 99.90th=[56576], 99.95th=[61184],
     | 99.99th=[88576]
   bw (  KiB/s): min=134368, max=162424, per=2.22%, avg=155721.40, stdev=5556.79, samples=60
   iops        : min=33592, max=40606, avg=38930.33, stdev=1389.21, samples=60
  lat (usec)   : 20=5.34%, 50=94.32%, 100=0.33%, 250=0.01%, 500=0.01%
  lat (usec)   : 750=0.01%, 1000=0.01%
  lat (msec)   : 2=0.01%, 10=0.01%
  cpu          : usr=4.12%, sys=25.22%, ctx=1168013, majf=0, minf=143043
  IO depths    : 1=100.0%, 2=0.0%, 4=0.0%, 8=0.0%, 16=0.0%, 32=0.0%, >=64=0.0%
     submit    : 0=0.0%, 4=100.0%, 8=0.0%, 16=0.0%, 32=0.0%, 64=0.0%, >=64=0.0%
     complete  : 0=0.0%, 4=100.0%, 8=0.0%, 16=0.0%, 32=0.0%, 64=0.0%, >=64=0.0%
     issued rwts: total=0,1167980,0,0 short=0,0,0,0 dropped=0,0,0,0
     latency   : target=0, window=0, percentile=100.00%, depth=1
test_64kb_rwrite_5n5: (groupid=0, jobs=1): err= 0: pid=909735: Sat Sep  6 19:27:55 2025
  write: IOPS=39.0k, BW=152MiB/s (160MB/s)(4573MiB/30000msec); 0 zone resets
    clat (usec): min=16, max=7452, avg=24.74, stdev=11.97
     lat (usec): min=16, max=7452, avg=24.83, stdev=11.97
    clat percentiles (nsec):
     |  1.00th=[19072],  5.00th=[19840], 10.00th=[20608], 20.00th=[21376],
     | 30.00th=[21888], 40.00th=[22400], 50.00th=[23168], 60.00th=[23936],
     | 70.00th=[25216], 80.00th=[27008], 90.00th=[30848], 95.00th=[35072],
     | 99.00th=[44288], 99.50th=[47872], 99.90th=[56576], 99.95th=[61696],
     | 99.99th=[90624]
   bw (  KiB/s): min=140096, max=163192, per=2.22%, avg=156059.53, stdev=5668.88, samples=60
   iops        : min=35024, max=40798, avg=39014.88, stdev=1417.22, samples=60
  lat (usec)   : 20=5.57%, 50=94.09%, 100=0.34%, 250=0.01%, 500=0.01%
  lat (usec)   : 750=0.01%, 1000=0.01%
  lat (msec)   : 2=0.01%, 4=0.01%, 10=0.01%
  cpu          : usr=3.89%, sys=25.49%, ctx=1170696, majf=0, minf=176622
  IO depths    : 1=100.0%, 2=0.0%, 4=0.0%, 8=0.0%, 16=0.0%, 32=0.0%, >=64=0.0%
     submit    : 0=0.0%, 4=100.0%, 8=0.0%, 16=0.0%, 32=0.0%, 64=0.0%, >=64=0.0%
     complete  : 0=0.0%, 4=100.0%, 8=0.0%, 16=0.0%, 32=0.0%, 64=0.0%, >=64=0.0%
     issued rwts: total=0,1170692,0,0 short=0,0,0,0 dropped=0,0,0,0
     latency   : target=0, window=0, percentile=100.00%, depth=1
test_64kb_rwrite_5n5: (groupid=0, jobs=1): err= 0: pid=909736: Sat Sep  6 19:27:55 2025
  write: IOPS=38.9k, BW=152MiB/s (159MB/s)(4555MiB/30001msec); 0 zone resets
    clat (usec): min=16, max=7932, avg=24.85, stdev=12.86
     lat (usec): min=16, max=7932, avg=24.94, stdev=12.86
    clat percentiles (nsec):
     |  1.00th=[19072],  5.00th=[20096], 10.00th=[20608], 20.00th=[21376],
     | 30.00th=[21888], 40.00th=[22656], 50.00th=[23168], 60.00th=[24192],
     | 70.00th=[25216], 80.00th=[27264], 90.00th=[31104], 95.00th=[35072],
     | 99.00th=[44800], 99.50th=[47872], 99.90th=[56576], 99.95th=[61184],
     | 99.99th=[85504]
   bw (  KiB/s): min=140464, max=161216, per=2.21%, avg=155482.52, stdev=4440.41, samples=60
   iops        : min=35116, max=40304, avg=38870.60, stdev=1110.12, samples=60
  lat (usec)   : 20=4.61%, 50=95.05%, 100=0.33%, 250=0.01%, 500=0.01%
  lat (usec)   : 750=0.01%, 1000=0.01%
  lat (msec)   : 2=0.01%, 10=0.01%
  cpu          : usr=4.34%, sys=25.11%, ctx=1166075, majf=0, minf=164265
  IO depths    : 1=100.0%, 2=0.0%, 4=0.0%, 8=0.0%, 16=0.0%, 32=0.0%, >=64=0.0%
     submit    : 0=0.0%, 4=100.0%, 8=0.0%, 16=0.0%, 32=0.0%, 64=0.0%, >=64=0.0%
     complete  : 0=0.0%, 4=100.0%, 8=0.0%, 16=0.0%, 32=0.0%, 64=0.0%, >=64=0.0%
     issued rwts: total=0,1166046,0,0 short=0,0,0,0 dropped=0,0,0,0
     latency   : target=0, window=0, percentile=100.00%, depth=1
test_64kb_rwrite_5n6: (groupid=0, jobs=1): err= 0: pid=909737: Sat Sep  6 19:27:55 2025
  write: IOPS=38.9k, BW=152MiB/s (159MB/s)(4557MiB/30001msec); 0 zone resets
    clat (usec): min=16, max=9270, avg=24.89, stdev=10.47
     lat (usec): min=16, max=9270, avg=24.98, stdev=10.48
    clat percentiles (nsec):
     |  1.00th=[19072],  5.00th=[20096], 10.00th=[20608], 20.00th=[21376],
     | 30.00th=[22144], 40.00th=[22656], 50.00th=[23424], 60.00th=[24192],
     | 70.00th=[25472], 80.00th=[27264], 90.00th=[31104], 95.00th=[35072],
     | 99.00th=[44800], 99.50th=[47872], 99.90th=[56576], 99.95th=[61184],
     | 99.99th=[87552]
   bw (  KiB/s): min=137680, max=161128, per=2.22%, avg=155755.12, stdev=4592.92, samples=59
   iops        : min=34420, max=40282, avg=38938.78, stdev=1148.23, samples=59
  lat (usec)   : 20=4.42%, 50=95.24%, 100=0.33%, 250=0.01%, 500=0.01%
  lat (usec)   : 750=0.01%, 1000=0.01%
  lat (msec)   : 2=0.01%, 10=0.01%
  cpu          : usr=3.98%, sys=25.33%, ctx=1166692, majf=0, minf=137686
  IO depths    : 1=100.0%, 2=0.0%, 4=0.0%, 8=0.0%, 16=0.0%, 32=0.0%, >=64=0.0%
     submit    : 0=0.0%, 4=100.0%, 8=0.0%, 16=0.0%, 32=0.0%, 64=0.0%, >=64=0.0%
     complete  : 0=0.0%, 4=100.0%, 8=0.0%, 16=0.0%, 32=0.0%, 64=0.0%, >=64=0.0%
     issued rwts: total=0,1166667,0,0 short=0,0,0,0 dropped=0,0,0,0
     latency   : target=0, window=0, percentile=100.00%, depth=1
test_64kb_rwrite_5n6: (groupid=0, jobs=1): err= 0: pid=909738: Sat Sep  6 19:27:55 2025
  write: IOPS=39.0k, BW=152MiB/s (160MB/s)(4573MiB/30000msec); 0 zone resets
    clat (usec): min=14, max=6634, avg=24.84, stdev= 9.19
     lat (usec): min=14, max=6634, avg=24.92, stdev= 9.19
    clat percentiles (nsec):
     |  1.00th=[19072],  5.00th=[20096], 10.00th=[20608], 20.00th=[21376],
     | 30.00th=[21888], 40.00th=[22656], 50.00th=[23424], 60.00th=[24192],
     | 70.00th=[25216], 80.00th=[27264], 90.00th=[31104], 95.00th=[35072],
     | 99.00th=[44288], 99.50th=[47872], 99.90th=[56064], 99.95th=[60672],
     | 99.99th=[94720]
   bw (  KiB/s): min=109931, max=163544, per=2.21%, avg=155470.45, stdev=7106.59, samples=60
   iops        : min=27482, max=40886, avg=38867.60, stdev=1776.73, samples=60
  lat (usec)   : 20=4.80%, 50=94.87%, 100=0.32%, 250=0.01%, 500=0.01%
  lat (usec)   : 750=0.01%, 1000=0.01%
  lat (msec)   : 2=0.01%, 4=0.01%, 10=0.01%
  cpu          : usr=4.01%, sys=25.27%, ctx=1170671, majf=0, minf=130118
  IO depths    : 1=100.0%, 2=0.0%, 4=0.0%, 8=0.0%, 16=0.0%, 32=0.0%, >=64=0.0%
     submit    : 0=0.0%, 4=100.0%, 8=0.0%, 16=0.0%, 32=0.0%, 64=0.0%, >=64=0.0%
     complete  : 0=0.0%, 4=100.0%, 8=0.0%, 16=0.0%, 32=0.0%, 64=0.0%, >=64=0.0%
     issued rwts: total=0,1170618,0,0 short=0,0,0,0 dropped=0,0,0,0
     latency   : target=0, window=0, percentile=100.00%, depth=1
test_64kb_rwrite_5n6: (groupid=0, jobs=1): err= 0: pid=909739: Sat Sep  6 19:27:55 2025
  write: IOPS=39.1k, BW=153MiB/s (160MB/s)(4588MiB/30001msec); 0 zone resets
    clat (usec): min=16, max=3144, avg=24.71, stdev= 6.74
     lat (usec): min=16, max=3144, avg=24.81, stdev= 6.74
    clat percentiles (nsec):
     |  1.00th=[19072],  5.00th=[19840], 10.00th=[20352], 20.00th=[21120],
     | 30.00th=[21888], 40.00th=[22400], 50.00th=[23168], 60.00th=[23936],
     | 70.00th=[25216], 80.00th=[27008], 90.00th=[30848], 95.00th=[35072],
     | 99.00th=[44288], 99.50th=[47872], 99.90th=[56064], 99.95th=[61184],
     | 99.99th=[91648]
   bw (  KiB/s): min=141528, max=163368, per=2.23%, avg=156604.00, stdev=4831.15, samples=60
   iops        : min=35382, max=40842, avg=39150.98, stdev=1207.78, samples=60
  lat (usec)   : 20=5.63%, 50=94.04%, 100=0.32%, 250=0.01%, 500=0.01%
  lat (usec)   : 750=0.01%, 1000=0.01%
  lat (msec)   : 2=0.01%, 4=0.01%
  cpu          : usr=3.89%, sys=25.45%, ctx=1174549, majf=0, minf=140833
  IO depths    : 1=100.0%, 2=0.0%, 4=0.0%, 8=0.0%, 16=0.0%, 32=0.0%, >=64=0.0%
     submit    : 0=0.0%, 4=100.0%, 8=0.0%, 16=0.0%, 32=0.0%, 64=0.0%, >=64=0.0%
     complete  : 0=0.0%, 4=100.0%, 8=0.0%, 16=0.0%, 32=0.0%, 64=0.0%, >=64=0.0%
     issued rwts: total=0,1174531,0,0 short=0,0,0,0 dropped=0,0,0,0
     latency   : target=0, window=0, percentile=100.00%, depth=1
test_64kb_rwrite_5n6: (groupid=0, jobs=1): err= 0: pid=909740: Sat Sep  6 19:27:55 2025
  write: IOPS=39.1k, BW=153MiB/s (160MB/s)(4582MiB/30001msec); 0 zone resets
    clat (usec): min=16, max=6765, avg=24.73, stdev=10.64
     lat (usec): min=16, max=6765, avg=24.83, stdev=10.64
    clat percentiles (nsec):
     |  1.00th=[19072],  5.00th=[19840], 10.00th=[20608], 20.00th=[21376],
     | 30.00th=[21888], 40.00th=[22400], 50.00th=[23168], 60.00th=[23936],
     | 70.00th=[25216], 80.00th=[27008], 90.00th=[31104], 95.00th=[35072],
     | 99.00th=[44288], 99.50th=[47872], 99.90th=[56064], 99.95th=[61184],
     | 99.99th=[89600]
   bw (  KiB/s): min=143736, max=162312, per=2.23%, avg=156763.37, stdev=4526.24, samples=59
   iops        : min=35934, max=40578, avg=39190.83, stdev=1131.55, samples=59
  lat (usec)   : 20=5.36%, 50=94.31%, 100=0.32%, 250=0.01%, 500=0.01%
  lat (usec)   : 750=0.01%, 1000=0.01%
  lat (msec)   : 2=0.01%, 4=0.01%, 10=0.01%
  cpu          : usr=4.04%, sys=25.38%, ctx=1172891, majf=0, minf=157459
  IO depths    : 1=100.0%, 2=0.0%, 4=0.0%, 8=0.0%, 16=0.0%, 32=0.0%, >=64=0.0%
     submit    : 0=0.0%, 4=100.0%, 8=0.0%, 16=0.0%, 32=0.0%, 64=0.0%, >=64=0.0%
     complete  : 0=0.0%, 4=100.0%, 8=0.0%, 16=0.0%, 32=0.0%, 64=0.0%, >=64=0.0%
     issued rwts: total=0,1172880,0,0 short=0,0,0,0 dropped=0,0,0,0
     latency   : target=0, window=0, percentile=100.00%, depth=1
test_64kb_rwrite_5n6: (groupid=0, jobs=1): err= 0: pid=909741: Sat Sep  6 19:27:55 2025
  write: IOPS=39.1k, BW=153MiB/s (160MB/s)(4580MiB/30001msec); 0 zone resets
    clat (usec): min=16, max=3881, avg=24.72, stdev= 6.78
     lat (usec): min=16, max=3881, avg=24.82, stdev= 6.78
    clat percentiles (nsec):
     |  1.00th=[19072],  5.00th=[19840], 10.00th=[20608], 20.00th=[21376],
     | 30.00th=[21888], 40.00th=[22656], 50.00th=[23168], 60.00th=[23936],
     | 70.00th=[25216], 80.00th=[27008], 90.00th=[30848], 95.00th=[35072],
     | 99.00th=[44288], 99.50th=[47872], 99.90th=[56064], 99.95th=[60672],
     | 99.99th=[88576]
   bw (  KiB/s): min=139272, max=162560, per=2.23%, avg=156334.52, stdev=5164.97, samples=60
   iops        : min=34818, max=40640, avg=39083.60, stdev=1291.27, samples=60
  lat (usec)   : 20=5.27%, 50=94.41%, 100=0.32%, 250=0.01%, 500=0.01%
  lat (usec)   : 750=0.01%, 1000=0.01%
  lat (msec)   : 2=0.01%, 4=0.01%
  cpu          : usr=4.15%, sys=25.26%, ctx=1172553, majf=0, minf=141306
  IO depths    : 1=100.0%, 2=0.0%, 4=0.0%, 8=0.0%, 16=0.0%, 32=0.0%, >=64=0.0%
     submit    : 0=0.0%, 4=100.0%, 8=0.0%, 16=0.0%, 32=0.0%, 64=0.0%, >=64=0.0%
     complete  : 0=0.0%, 4=100.0%, 8=0.0%, 16=0.0%, 32=0.0%, 64=0.0%, >=64=0.0%
     issued rwts: total=0,1172536,0,0 short=0,0,0,0 dropped=0,0,0,0
     latency   : target=0, window=0, percentile=100.00%, depth=1
test_64kb_rwrite_5n7: (groupid=0, jobs=1): err= 0: pid=909742: Sat Sep  6 19:27:55 2025
  write: IOPS=38.9k, BW=152MiB/s (159MB/s)(4559MiB/30001msec); 0 zone resets
    clat (usec): min=16, max=6879, avg=24.84, stdev=10.39
     lat (usec): min=16, max=6879, avg=24.93, stdev=10.39
    clat percentiles (nsec):
     |  1.00th=[19072],  5.00th=[20096], 10.00th=[20608], 20.00th=[21376],
     | 30.00th=[22144], 40.00th=[22656], 50.00th=[23424], 60.00th=[24192],
     | 70.00th=[25216], 80.00th=[27008], 90.00th=[31104], 95.00th=[35072],
     | 99.00th=[44288], 99.50th=[47872], 99.90th=[56576], 99.95th=[61184],
     | 99.99th=[88576]
   bw (  KiB/s): min=104282, max=162032, per=2.21%, avg=154899.45, stdev=8236.67, samples=60
   iops        : min=26070, max=40508, avg=38724.83, stdev=2059.22, samples=60
  lat (usec)   : 20=4.70%, 50=94.98%, 100=0.32%, 250=0.01%, 500=0.01%
  lat (usec)   : 750=0.01%, 1000=0.01%
  lat (msec)   : 2=0.01%, 10=0.01%
  cpu          : usr=3.80%, sys=25.37%, ctx=1167249, majf=0, minf=146545
  IO depths    : 1=100.0%, 2=0.0%, 4=0.0%, 8=0.0%, 16=0.0%, 32=0.0%, >=64=0.0%
     submit    : 0=0.0%, 4=100.0%, 8=0.0%, 16=0.0%, 32=0.0%, 64=0.0%, >=64=0.0%
     complete  : 0=0.0%, 4=100.0%, 8=0.0%, 16=0.0%, 32=0.0%, 64=0.0%, >=64=0.0%
     issued rwts: total=0,1167181,0,0 short=0,0,0,0 dropped=0,0,0,0
     latency   : target=0, window=0, percentile=100.00%, depth=1
test_64kb_rwrite_5n7: (groupid=0, jobs=1): err= 0: pid=909743: Sat Sep  6 19:27:55 2025
  write: IOPS=38.8k, BW=151MiB/s (159MB/s)(4543MiB/30001msec); 0 zone resets
    clat (usec): min=16, max=5337, avg=24.97, stdev=11.17
     lat (usec): min=17, max=5337, avg=25.05, stdev=11.17
    clat percentiles (nsec):
     |  1.00th=[19328],  5.00th=[20096], 10.00th=[20608], 20.00th=[21376],
     | 30.00th=[22144], 40.00th=[22656], 50.00th=[23424], 60.00th=[24192],
     | 70.00th=[25472], 80.00th=[27264], 90.00th=[31104], 95.00th=[35584],
     | 99.00th=[44800], 99.50th=[47872], 99.90th=[57088], 99.95th=[62720],
     | 99.99th=[91648]
   bw (  KiB/s): min=136088, max=161696, per=2.21%, avg=155055.62, stdev=4583.81, samples=60
   iops        : min=34022, max=40424, avg=38763.88, stdev=1145.98, samples=60
  lat (usec)   : 20=4.07%, 50=95.59%, 100=0.34%, 250=0.01%, 500=0.01%
  lat (usec)   : 750=0.01%, 1000=0.01%
  lat (msec)   : 2=0.01%, 4=0.01%, 10=0.01%
  cpu          : usr=4.20%, sys=24.92%, ctx=1163026, majf=0, minf=135868
  IO depths    : 1=100.0%, 2=0.0%, 4=0.0%, 8=0.0%, 16=0.0%, 32=0.0%, >=64=0.0%
     submit    : 0=0.0%, 4=100.0%, 8=0.0%, 16=0.0%, 32=0.0%, 64=0.0%, >=64=0.0%
     complete  : 0=0.0%, 4=100.0%, 8=0.0%, 16=0.0%, 32=0.0%, 64=0.0%, >=64=0.0%
     issued rwts: total=0,1162990,0,0 short=0,0,0,0 dropped=0,0,0,0
     latency   : target=0, window=0, percentile=100.00%, depth=1
test_64kb_rwrite_5n7: (groupid=0, jobs=1): err= 0: pid=909744: Sat Sep  6 19:27:55 2025
  write: IOPS=39.0k, BW=152MiB/s (160MB/s)(4565MiB/30000msec); 0 zone resets
    clat (usec): min=16, max=6713, avg=24.82, stdev= 9.08
     lat (usec): min=16, max=6713, avg=24.91, stdev= 9.08
    clat percentiles (nsec):
     |  1.00th=[19072],  5.00th=[20096], 10.00th=[20608], 20.00th=[21376],
     | 30.00th=[21888], 40.00th=[22656], 50.00th=[23424], 60.00th=[24192],
     | 70.00th=[25216], 80.00th=[27008], 90.00th=[31104], 95.00th=[35072],
     | 99.00th=[44288], 99.50th=[47872], 99.90th=[56064], 99.95th=[60672],
     | 99.99th=[89600]
   bw (  KiB/s): min=96772, max=162488, per=2.21%, avg=155136.25, stdev=9076.22, samples=60
   iops        : min=24193, max=40622, avg=38784.05, stdev=2269.06, samples=60
  lat (usec)   : 20=4.70%, 50=94.98%, 100=0.32%, 250=0.01%, 500=0.01%
  lat (usec)   : 750=0.01%, 1000=0.01%
  lat (msec)   : 2=0.01%, 4=0.01%, 10=0.01%
  cpu          : usr=4.10%, sys=25.17%, ctx=1168703, majf=0, minf=148755
  IO depths    : 1=100.0%, 2=0.0%, 4=0.0%, 8=0.0%, 16=0.0%, 32=0.0%, >=64=0.0%
     submit    : 0=0.0%, 4=100.0%, 8=0.0%, 16=0.0%, 32=0.0%, 64=0.0%, >=64=0.0%
     complete  : 0=0.0%, 4=100.0%, 8=0.0%, 16=0.0%, 32=0.0%, 64=0.0%, >=64=0.0%
     issued rwts: total=0,1168686,0,0 short=0,0,0,0 dropped=0,0,0,0
     latency   : target=0, window=0, percentile=100.00%, depth=1
test_64kb_rwrite_5n7: (groupid=0, jobs=1): err= 0: pid=909745: Sat Sep  6 19:27:55 2025
  write: IOPS=38.8k, BW=152MiB/s (159MB/s)(4548MiB/30001msec); 0 zone resets
    clat (usec): min=15, max=8268, avg=24.92, stdev=10.64
     lat (usec): min=15, max=8268, avg=25.00, stdev=10.64
    clat percentiles (nsec):
     |  1.00th=[19328],  5.00th=[20096], 10.00th=[20608], 20.00th=[21376],
     | 30.00th=[22144], 40.00th=[22656], 50.00th=[23424], 60.00th=[24192],
     | 70.00th=[25472], 80.00th=[27264], 90.00th=[31104], 95.00th=[35072],
     | 99.00th=[44288], 99.50th=[47872], 99.90th=[56064], 99.95th=[60160],
     | 99.99th=[86528]
   bw (  KiB/s): min=103375, max=161560, per=2.20%, avg=154565.95, stdev=8131.15, samples=60
   iops        : min=25843, max=40390, avg=38641.43, stdev=2032.89, samples=60
  lat (usec)   : 20=3.95%, 50=95.73%, 100=0.32%, 250=0.01%, 500=0.01%
  lat (usec)   : 750=0.01%, 1000=0.01%
  lat (msec)   : 2=0.01%, 10=0.01%
  cpu          : usr=3.82%, sys=25.45%, ctx=1164481, majf=0, minf=139711
  IO depths    : 1=100.0%, 2=0.0%, 4=0.0%, 8=0.0%, 16=0.0%, 32=0.0%, >=64=0.0%
     submit    : 0=0.0%, 4=100.0%, 8=0.0%, 16=0.0%, 32=0.0%, 64=0.0%, >=64=0.0%
     complete  : 0=0.0%, 4=100.0%, 8=0.0%, 16=0.0%, 32=0.0%, 64=0.0%, >=64=0.0%
     issued rwts: total=0,1164404,0,0 short=0,0,0,0 dropped=0,0,0,0
     latency   : target=0, window=0, percentile=100.00%, depth=1
test_64kb_rwrite_5n7: (groupid=0, jobs=1): err= 0: pid=909746: Sat Sep  6 19:27:55 2025
  write: IOPS=39.0k, BW=152MiB/s (160MB/s)(4568MiB/30001msec); 0 zone resets
    clat (usec): min=16, max=8377, avg=24.80, stdev=10.58
     lat (usec): min=16, max=8377, avg=24.90, stdev=10.58
    clat percentiles (nsec):
     |  1.00th=[19072],  5.00th=[20096], 10.00th=[20608], 20.00th=[21376],
     | 30.00th=[21888], 40.00th=[22656], 50.00th=[23424], 60.00th=[24192],
     | 70.00th=[25216], 80.00th=[27008], 90.00th=[31104], 95.00th=[35072],
     | 99.00th=[44288], 99.50th=[47872], 99.90th=[56064], 99.95th=[60672],
     | 99.99th=[88576]
   bw (  KiB/s): min=101806, max=163272, per=2.21%, avg=155196.82, stdev=8612.25, samples=60
   iops        : min=25451, max=40818, avg=38799.18, stdev=2153.14, samples=60
  lat (usec)   : 20=4.89%, 50=94.78%, 100=0.32%, 250=0.01%, 500=0.01%
  lat (usec)   : 750=0.01%, 1000=0.01%
  lat (msec)   : 2=0.01%, 4=0.01%, 10=0.01%
  cpu          : usr=4.20%, sys=24.91%, ctx=1169419, majf=0, minf=144249
  IO depths    : 1=100.0%, 2=0.0%, 4=0.0%, 8=0.0%, 16=0.0%, 32=0.0%, >=64=0.0%
     submit    : 0=0.0%, 4=100.0%, 8=0.0%, 16=0.0%, 32=0.0%, 64=0.0%, >=64=0.0%
     complete  : 0=0.0%, 4=100.0%, 8=0.0%, 16=0.0%, 32=0.0%, 64=0.0%, >=64=0.0%
     issued rwts: total=0,1169411,0,0 short=0,0,0,0 dropped=0,0,0,0
     latency   : target=0, window=0, percentile=100.00%, depth=1
test_64kb_rwrite_5n8: (groupid=0, jobs=1): err= 0: pid=909747: Sat Sep  6 19:27:55 2025
  write: IOPS=39.0k, BW=152MiB/s (160MB/s)(4566MiB/30000msec); 0 zone resets
    clat (usec): min=16, max=8461, avg=24.79, stdev=12.68
     lat (usec): min=16, max=8461, avg=24.89, stdev=12.68
    clat percentiles (nsec):
     |  1.00th=[19072],  5.00th=[20096], 10.00th=[20608], 20.00th=[21376],
     | 30.00th=[21888], 40.00th=[22656], 50.00th=[23168], 60.00th=[24192],
     | 70.00th=[25216], 80.00th=[27008], 90.00th=[30848], 95.00th=[35072],
     | 99.00th=[44288], 99.50th=[47360], 99.90th=[56064], 99.95th=[61184],
     | 99.99th=[93696]
   bw (  KiB/s): min=140448, max=161952, per=2.22%, avg=155819.17, stdev=5071.27, samples=60
   iops        : min=35112, max=40488, avg=38954.78, stdev=1267.84, samples=60
  lat (usec)   : 20=5.01%, 50=94.68%, 100=0.31%, 250=0.01%, 500=0.01%
  lat (usec)   : 750=0.01%, 1000=0.01%
  lat (msec)   : 2=0.01%, 10=0.01%
  cpu          : usr=4.13%, sys=25.13%, ctx=1168800, majf=0, minf=150919
  IO depths    : 1=100.0%, 2=0.0%, 4=0.0%, 8=0.0%, 16=0.0%, 32=0.0%, >=64=0.0%
     submit    : 0=0.0%, 4=100.0%, 8=0.0%, 16=0.0%, 32=0.0%, 64=0.0%, >=64=0.0%
     complete  : 0=0.0%, 4=100.0%, 8=0.0%, 16=0.0%, 32=0.0%, 64=0.0%, >=64=0.0%
     issued rwts: total=0,1168786,0,0 short=0,0,0,0 dropped=0,0,0,0
     latency   : target=0, window=0, percentile=100.00%, depth=1
test_64kb_rwrite_5n8: (groupid=0, jobs=1): err= 0: pid=909748: Sat Sep  6 19:27:55 2025
  write: IOPS=38.8k, BW=151MiB/s (159MB/s)(4542MiB/30001msec); 0 zone resets
    clat (usec): min=16, max=9173, avg=24.91, stdev=14.33
     lat (usec): min=16, max=9173, avg=25.00, stdev=14.33
    clat percentiles (nsec):
     |  1.00th=[19072],  5.00th=[20096], 10.00th=[20608], 20.00th=[21376],
     | 30.00th=[22144], 40.00th=[22656], 50.00th=[23424], 60.00th=[24192],
     | 70.00th=[25472], 80.00th=[27264], 90.00th=[31104], 95.00th=[35072],
     | 99.00th=[44288], 99.50th=[47872], 99.90th=[56064], 99.95th=[60672],
     | 99.99th=[85504]
   bw (  KiB/s): min=143656, max=161784, per=2.21%, avg=155225.56, stdev=4178.76, samples=59
   iops        : min=35914, max=40446, avg=38806.39, stdev=1044.69, samples=59
  lat (usec)   : 20=4.27%, 50=95.41%, 100=0.32%, 250=0.01%, 500=0.01%
  lat (usec)   : 750=0.01%, 1000=0.01%
  lat (msec)   : 2=0.01%, 4=0.01%, 10=0.01%
  cpu          : usr=3.94%, sys=25.42%, ctx=1162904, majf=0, minf=179152
  IO depths    : 1=100.0%, 2=0.0%, 4=0.0%, 8=0.0%, 16=0.0%, 32=0.0%, >=64=0.0%
     submit    : 0=0.0%, 4=100.0%, 8=0.0%, 16=0.0%, 32=0.0%, 64=0.0%, >=64=0.0%
     complete  : 0=0.0%, 4=100.0%, 8=0.0%, 16=0.0%, 32=0.0%, 64=0.0%, >=64=0.0%
     issued rwts: total=0,1162864,0,0 short=0,0,0,0 dropped=0,0,0,0
     latency   : target=0, window=0, percentile=100.00%, depth=1
test_64kb_rwrite_5n8: (groupid=0, jobs=1): err= 0: pid=909749: Sat Sep  6 19:27:55 2025
  write: IOPS=38.7k, BW=151MiB/s (159MB/s)(4540MiB/30001msec); 0 zone resets
    clat (usec): min=16, max=5723, avg=25.02, stdev= 7.90
     lat (usec): min=16, max=5723, avg=25.11, stdev= 7.91
    clat percentiles (nsec):
     |  1.00th=[19328],  5.00th=[20096], 10.00th=[20864], 20.00th=[21632],
     | 30.00th=[22144], 40.00th=[22912], 50.00th=[23424], 60.00th=[24448],
     | 70.00th=[25728], 80.00th=[27520], 90.00th=[31360], 95.00th=[35584],
     | 99.00th=[44288], 99.50th=[47872], 99.90th=[56576], 99.95th=[60672],
     | 99.99th=[85504]
   bw (  KiB/s): min=100450, max=159872, per=2.20%, avg=154265.47, stdev=8162.02, samples=60
   iops        : min=25112, max=39968, avg=38566.33, stdev=2040.56, samples=60
  lat (usec)   : 20=3.91%, 50=95.76%, 100=0.32%, 250=0.01%, 500=0.01%
  lat (usec)   : 750=0.01%, 1000=0.01%
  lat (msec)   : 2=0.01%, 10=0.01%
  cpu          : usr=3.99%, sys=25.12%, ctx=1162351, majf=0, minf=124575
  IO depths    : 1=100.0%, 2=0.0%, 4=0.0%, 8=0.0%, 16=0.0%, 32=0.0%, >=64=0.0%
     submit    : 0=0.0%, 4=100.0%, 8=0.0%, 16=0.0%, 32=0.0%, 64=0.0%, >=64=0.0%
     complete  : 0=0.0%, 4=100.0%, 8=0.0%, 16=0.0%, 32=0.0%, 64=0.0%, >=64=0.0%
     issued rwts: total=0,1162304,0,0 short=0,0,0,0 dropped=0,0,0,0
     latency   : target=0, window=0, percentile=100.00%, depth=1
test_64kb_rwrite_5n8: (groupid=0, jobs=1): err= 0: pid=909750: Sat Sep  6 19:27:55 2025
  write: IOPS=38.8k, BW=151MiB/s (159MB/s)(4542MiB/30001msec); 0 zone resets
    clat (usec): min=16, max=7344, avg=24.93, stdev=12.30
     lat (usec): min=16, max=7344, avg=25.02, stdev=12.30
    clat percentiles (nsec):
     |  1.00th=[19072],  5.00th=[20096], 10.00th=[20608], 20.00th=[21376],
     | 30.00th=[22144], 40.00th=[22656], 50.00th=[23424], 60.00th=[24192],
     | 70.00th=[25472], 80.00th=[27264], 90.00th=[31104], 95.00th=[35072],
     | 99.00th=[44288], 99.50th=[47872], 99.90th=[56576], 99.95th=[60672],
     | 99.99th=[90624]
   bw (  KiB/s): min=100438, max=161624, per=2.20%, avg=154351.57, stdev=8220.50, samples=60
   iops        : min=25109, max=40406, avg=38587.87, stdev=2055.18, samples=60
  lat (usec)   : 20=4.12%, 50=95.54%, 100=0.34%, 250=0.01%, 500=0.01%
  lat (usec)   : 750=0.01%, 1000=0.01%
  lat (msec)   : 2=0.01%, 10=0.01%
  cpu          : usr=4.04%, sys=25.30%, ctx=1162856, majf=0, minf=164231
  IO depths    : 1=100.0%, 2=0.0%, 4=0.0%, 8=0.0%, 16=0.0%, 32=0.0%, >=64=0.0%
     submit    : 0=0.0%, 4=100.0%, 8=0.0%, 16=0.0%, 32=0.0%, 64=0.0%, >=64=0.0%
     complete  : 0=0.0%, 4=100.0%, 8=0.0%, 16=0.0%, 32=0.0%, 64=0.0%, >=64=0.0%
     issued rwts: total=0,1162785,0,0 short=0,0,0,0 dropped=0,0,0,0
     latency   : target=0, window=0, percentile=100.00%, depth=1
test_64kb_rwrite_5n8: (groupid=0, jobs=1): err= 0: pid=909751: Sat Sep  6 19:27:55 2025
  write: IOPS=38.7k, BW=151MiB/s (158MB/s)(4531MiB/30001msec); 0 zone resets
    clat (usec): min=16, max=7414, avg=24.98, stdev= 8.87
     lat (usec): min=16, max=7414, avg=25.07, stdev= 8.87
    clat percentiles (nsec):
     |  1.00th=[19328],  5.00th=[20096], 10.00th=[20608], 20.00th=[21376],
     | 30.00th=[22144], 40.00th=[22656], 50.00th=[23424], 60.00th=[24192],
     | 70.00th=[25472], 80.00th=[27264], 90.00th=[31104], 95.00th=[35584],
     | 99.00th=[44800], 99.50th=[47872], 99.90th=[56576], 99.95th=[61184],
     | 99.99th=[87552]
   bw (  KiB/s): min=139952, max=160848, per=2.20%, avg=154613.83, stdev=5032.95, samples=60
   iops        : min=34988, max=40212, avg=38653.42, stdev=1258.24, samples=60
  lat (usec)   : 20=3.98%, 50=95.68%, 100=0.34%, 250=0.01%, 500=0.01%
  lat (usec)   : 750=0.01%, 1000=0.01%
  lat (msec)   : 2=0.01%, 10=0.01%
  cpu          : usr=3.94%, sys=25.46%, ctx=1159978, majf=0, minf=171843
  IO depths    : 1=100.0%, 2=0.0%, 4=0.0%, 8=0.0%, 16=0.0%, 32=0.0%, >=64=0.0%
     submit    : 0=0.0%, 4=100.0%, 8=0.0%, 16=0.0%, 32=0.0%, 64=0.0%, >=64=0.0%
     complete  : 0=0.0%, 4=100.0%, 8=0.0%, 16=0.0%, 32=0.0%, 64=0.0%, >=64=0.0%
     issued rwts: total=0,1159958,0,0 short=0,0,0,0 dropped=0,0,0,0
     latency   : target=0, window=0, percentile=100.00%, depth=1
test_64kb_rwrite_5n9: (groupid=0, jobs=1): err= 0: pid=909752: Sat Sep  6 19:27:55 2025
  write: IOPS=38.9k, BW=152MiB/s (159MB/s)(4553MiB/30001msec); 0 zone resets
    clat (usec): min=16, max=2429, avg=24.89, stdev= 6.58
     lat (usec): min=16, max=2429, avg=24.98, stdev= 6.58
    clat percentiles (nsec):
     |  1.00th=[19072],  5.00th=[20096], 10.00th=[20608], 20.00th=[21376],
     | 30.00th=[22144], 40.00th=[22656], 50.00th=[23424], 60.00th=[24192],
     | 70.00th=[25472], 80.00th=[27264], 90.00th=[31104], 95.00th=[35072],
     | 99.00th=[44288], 99.50th=[47872], 99.90th=[56064], 99.95th=[60672],
     | 99.99th=[85504]
   bw (  KiB/s): min=137856, max=160816, per=2.22%, avg=155622.37, stdev=4285.72, samples=59
   iops        : min=34464, max=40204, avg=38905.63, stdev=1071.46, samples=59
  lat (usec)   : 20=4.24%, 50=95.43%, 100=0.32%, 250=0.01%, 500=0.01%
  lat (usec)   : 750=0.01%, 1000=0.01%
  lat (msec)   : 2=0.01%, 4=0.01%
  cpu          : usr=4.26%, sys=24.84%, ctx=1165677, majf=0, minf=145865
  IO depths    : 1=100.0%, 2=0.0%, 4=0.0%, 8=0.0%, 16=0.0%, 32=0.0%, >=64=0.0%
     submit    : 0=0.0%, 4=100.0%, 8=0.0%, 16=0.0%, 32=0.0%, 64=0.0%, >=64=0.0%
     complete  : 0=0.0%, 4=100.0%, 8=0.0%, 16=0.0%, 32=0.0%, 64=0.0%, >=64=0.0%
     issued rwts: total=0,1165654,0,0 short=0,0,0,0 dropped=0,0,0,0
     latency   : target=0, window=0, percentile=100.00%, depth=1
test_64kb_rwrite_5n9: (groupid=0, jobs=1): err= 0: pid=909753: Sat Sep  6 19:27:55 2025
  write: IOPS=38.7k, BW=151MiB/s (159MB/s)(4538MiB/30001msec); 0 zone resets
    clat (usec): min=16, max=7224, avg=25.01, stdev=10.21
     lat (usec): min=16, max=7224, avg=25.10, stdev=10.21
    clat percentiles (nsec):
     |  1.00th=[19328],  5.00th=[20096], 10.00th=[20864], 20.00th=[21632],
     | 30.00th=[22144], 40.00th=[22656], 50.00th=[23424], 60.00th=[24448],
     | 70.00th=[25472], 80.00th=[27264], 90.00th=[31104], 95.00th=[35584],
     | 99.00th=[44800], 99.50th=[47872], 99.90th=[56576], 99.95th=[61184],
     | 99.99th=[87552]
   bw (  KiB/s): min=137456, max=161344, per=2.21%, avg=154878.93, stdev=4653.52, samples=60
   iops        : min=34364, max=40336, avg=38719.73, stdev=1163.38, samples=60
  lat (usec)   : 20=3.72%, 50=95.93%, 100=0.34%, 250=0.01%, 500=0.01%
  lat (usec)   : 750=0.01%, 1000=0.01%
  lat (msec)   : 2=0.01%, 4=0.01%, 10=0.01%
  cpu          : usr=4.12%, sys=24.96%, ctx=1161852, majf=0, minf=135670
  IO depths    : 1=100.0%, 2=0.0%, 4=0.0%, 8=0.0%, 16=0.0%, 32=0.0%, >=64=0.0%
     submit    : 0=0.0%, 4=100.0%, 8=0.0%, 16=0.0%, 32=0.0%, 64=0.0%, >=64=0.0%
     complete  : 0=0.0%, 4=100.0%, 8=0.0%, 16=0.0%, 32=0.0%, 64=0.0%, >=64=0.0%
     issued rwts: total=0,1161806,0,0 short=0,0,0,0 dropped=0,0,0,0
     latency   : target=0, window=0, percentile=100.00%, depth=1
test_64kb_rwrite_5n9: (groupid=0, jobs=1): err= 0: pid=909754: Sat Sep  6 19:27:55 2025
  write: IOPS=38.8k, BW=151MiB/s (159MB/s)(4543MiB/30001msec); 0 zone resets
    clat (usec): min=16, max=5832, avg=24.89, stdev=10.93
     lat (usec): min=16, max=5832, avg=24.98, stdev=10.93
    clat percentiles (nsec):
     |  1.00th=[19072],  5.00th=[20096], 10.00th=[20608], 20.00th=[21376],
     | 30.00th=[22144], 40.00th=[22656], 50.00th=[23424], 60.00th=[24192],
     | 70.00th=[25472], 80.00th=[27264], 90.00th=[31104], 95.00th=[35072],
     | 99.00th=[44288], 99.50th=[47872], 99.90th=[56576], 99.95th=[61184],
     | 99.99th=[87552]
   bw (  KiB/s): min=99507, max=161672, per=2.20%, avg=154364.58, stdev=8917.96, samples=60
   iops        : min=24876, max=40418, avg=38591.13, stdev=2229.57, samples=60
  lat (usec)   : 20=4.67%, 50=94.99%, 100=0.33%, 250=0.01%, 500=0.01%
  lat (usec)   : 750=0.01%, 1000=0.01%
  lat (msec)   : 2=0.01%, 4=0.01%, 10=0.01%
  cpu          : usr=4.19%, sys=25.14%, ctx=1163156, majf=0, minf=167775
  IO depths    : 1=100.0%, 2=0.0%, 4=0.0%, 8=0.0%, 16=0.0%, 32=0.0%, >=64=0.0%
     submit    : 0=0.0%, 4=100.0%, 8=0.0%, 16=0.0%, 32=0.0%, 64=0.0%, >=64=0.0%
     complete  : 0=0.0%, 4=100.0%, 8=0.0%, 16=0.0%, 32=0.0%, 64=0.0%, >=64=0.0%
     issued rwts: total=0,1163082,0,0 short=0,0,0,0 dropped=0,0,0,0
     latency   : target=0, window=0, percentile=100.00%, depth=1
test_64kb_rwrite_5n9: (groupid=0, jobs=1): err= 0: pid=909755: Sat Sep  6 19:27:55 2025
  write: IOPS=38.8k, BW=152MiB/s (159MB/s)(4549MiB/30001msec); 0 zone resets
    clat (usec): min=16, max=8032, avg=24.91, stdev=11.65
     lat (usec): min=16, max=8032, avg=25.00, stdev=11.65
    clat percentiles (nsec):
     |  1.00th=[19072],  5.00th=[20096], 10.00th=[20608], 20.00th=[21376],
     | 30.00th=[22144], 40.00th=[22656], 50.00th=[23424], 60.00th=[24192],
     | 70.00th=[25472], 80.00th=[27264], 90.00th=[31104], 95.00th=[35072],
     | 99.00th=[44288], 99.50th=[47872], 99.90th=[56064], 99.95th=[61184],
     | 99.99th=[98816]
   bw (  KiB/s): min=98709, max=161248, per=2.20%, avg=154582.12, stdev=8826.86, samples=60
   iops        : min=24677, max=40312, avg=38645.50, stdev=2206.77, samples=60
  lat (usec)   : 20=4.49%, 50=95.18%, 100=0.32%, 250=0.01%, 500=0.01%
  lat (usec)   : 750=0.01%, 1000=0.01%
  lat (msec)   : 2=0.01%, 10=0.01%
  cpu          : usr=4.17%, sys=25.00%, ctx=1164607, majf=0, minf=144311
  IO depths    : 1=100.0%, 2=0.0%, 4=0.0%, 8=0.0%, 16=0.0%, 32=0.0%, >=64=0.0%
     submit    : 0=0.0%, 4=100.0%, 8=0.0%, 16=0.0%, 32=0.0%, 64=0.0%, >=64=0.0%
     complete  : 0=0.0%, 4=100.0%, 8=0.0%, 16=0.0%, 32=0.0%, 64=0.0%, >=64=0.0%
     issued rwts: total=0,1164554,0,0 short=0,0,0,0 dropped=0,0,0,0
     latency   : target=0, window=0, percentile=100.00%, depth=1
test_64kb_rwrite_5n9: (groupid=0, jobs=1): err= 0: pid=909756: Sat Sep  6 19:27:55 2025
  write: IOPS=38.8k, BW=151MiB/s (159MB/s)(4542MiB/30001msec); 0 zone resets
    clat (usec): min=16, max=7588, avg=24.94, stdev=13.01
     lat (usec): min=16, max=7588, avg=25.03, stdev=13.02
    clat percentiles (nsec):
     |  1.00th=[19072],  5.00th=[20096], 10.00th=[20608], 20.00th=[21376],
     | 30.00th=[22144], 40.00th=[22656], 50.00th=[23424], 60.00th=[24192],
     | 70.00th=[25472], 80.00th=[27264], 90.00th=[31104], 95.00th=[35072],
     | 99.00th=[44800], 99.50th=[47872], 99.90th=[57088], 99.95th=[62720],
     | 99.99th=[89600]
   bw (  KiB/s): min=136152, max=162744, per=2.21%, avg=155023.12, stdev=5768.41, samples=60
   iops        : min=34038, max=40686, avg=38755.77, stdev=1442.13, samples=60
  lat (usec)   : 20=4.60%, 50=95.05%, 100=0.35%, 250=0.01%, 500=0.01%
  lat (usec)   : 750=0.01%, 1000=0.01%
  lat (msec)   : 2=0.01%, 10=0.01%
  cpu          : usr=4.18%, sys=25.00%, ctx=1162786, majf=0, minf=142996
  IO depths    : 1=100.0%, 2=0.0%, 4=0.0%, 8=0.0%, 16=0.0%, 32=0.0%, >=64=0.0%
     submit    : 0=0.0%, 4=100.0%, 8=0.0%, 16=0.0%, 32=0.0%, 64=0.0%, >=64=0.0%
     complete  : 0=0.0%, 4=100.0%, 8=0.0%, 16=0.0%, 32=0.0%, 64=0.0%, >=64=0.0%
     issued rwts: total=0,1162746,0,0 short=0,0,0,0 dropped=0,0,0,0
     latency   : target=0, window=0, percentile=100.00%, depth=1
test_64kb_rwrite_5n10: (groupid=0, jobs=1): err= 0: pid=909757: Sat Sep  6 19:27:55 2025
  write: IOPS=38.4k, BW=150MiB/s (157MB/s)(4503MiB/30001msec); 0 zone resets
    clat (usec): min=17, max=9000, avg=25.16, stdev=12.81
     lat (usec): min=17, max=9000, avg=25.25, stdev=12.81
    clat percentiles (nsec):
     |  1.00th=[19328],  5.00th=[20352], 10.00th=[20864], 20.00th=[21632],
     | 30.00th=[22144], 40.00th=[22912], 50.00th=[23680], 60.00th=[24448],
     | 70.00th=[25728], 80.00th=[27520], 90.00th=[31360], 95.00th=[35584],
     | 99.00th=[44800], 99.50th=[47872], 99.90th=[57088], 99.95th=[61696],
     | 99.99th=[89600]
   bw (  KiB/s): min=136745, max=160144, per=2.19%, avg=153682.07, stdev=5141.08, samples=60
   iops        : min=34186, max=40036, avg=38420.50, stdev=1285.31, samples=60
  lat (usec)   : 20=3.25%, 50=96.39%, 100=0.35%, 250=0.01%, 500=0.01%
  lat (usec)   : 750=0.01%, 1000=0.01%
  lat (msec)   : 2=0.01%, 10=0.01%
  cpu          : usr=3.98%, sys=25.42%, ctx=1152692, majf=0, minf=153452
  IO depths    : 1=100.0%, 2=0.0%, 4=0.0%, 8=0.0%, 16=0.0%, 32=0.0%, >=64=0.0%
     submit    : 0=0.0%, 4=100.0%, 8=0.0%, 16=0.0%, 32=0.0%, 64=0.0%, >=64=0.0%
     complete  : 0=0.0%, 4=100.0%, 8=0.0%, 16=0.0%, 32=0.0%, 64=0.0%, >=64=0.0%
     issued rwts: total=0,1152653,0,0 short=0,0,0,0 dropped=0,0,0,0
     latency   : target=0, window=0, percentile=100.00%, depth=1
test_64kb_rwrite_5n10: (groupid=0, jobs=1): err= 0: pid=909758: Sat Sep  6 19:27:55 2025
  write: IOPS=38.9k, BW=152MiB/s (159MB/s)(4561MiB/30000msec); 0 zone resets
    clat (usec): min=17, max=5983, avg=24.84, stdev= 9.55
     lat (usec): min=17, max=5983, avg=24.94, stdev= 9.55
    clat percentiles (nsec):
     |  1.00th=[19072],  5.00th=[20096], 10.00th=[20608], 20.00th=[21376],
     | 30.00th=[21888], 40.00th=[22656], 50.00th=[23424], 60.00th=[24192],
     | 70.00th=[25216], 80.00th=[27008], 90.00th=[31104], 95.00th=[35072],
     | 99.00th=[44288], 99.50th=[47872], 99.90th=[56576], 99.95th=[61184],
     | 99.99th=[91648]
   bw (  KiB/s): min=142728, max=162576, per=2.22%, avg=155682.30, stdev=4820.59, samples=60
   iops        : min=35682, max=40644, avg=38920.57, stdev=1205.17, samples=60
  lat (usec)   : 20=4.55%, 50=95.12%, 100=0.32%, 250=0.01%, 500=0.01%
  lat (usec)   : 750=0.01%, 1000=0.01%
  lat (msec)   : 2=0.01%, 10=0.01%
  cpu          : usr=3.99%, sys=25.05%, ctx=1167680, majf=0, minf=170616
  IO depths    : 1=100.0%, 2=0.0%, 4=0.0%, 8=0.0%, 16=0.0%, 32=0.0%, >=64=0.0%
     submit    : 0=0.0%, 4=100.0%, 8=0.0%, 16=0.0%, 32=0.0%, 64=0.0%, >=64=0.0%
     complete  : 0=0.0%, 4=100.0%, 8=0.0%, 16=0.0%, 32=0.0%, 64=0.0%, >=64=0.0%
     issued rwts: total=0,1167656,0,0 short=0,0,0,0 dropped=0,0,0,0
     latency   : target=0, window=0, percentile=100.00%, depth=1
test_64kb_rwrite_5n10: (groupid=0, jobs=1): err= 0: pid=909759: Sat Sep  6 19:27:55 2025
  write: IOPS=38.7k, BW=151MiB/s (159MB/s)(4538MiB/30001msec); 0 zone resets
    clat (usec): min=16, max=4702, avg=24.95, stdev= 8.17
     lat (usec): min=16, max=4702, avg=25.04, stdev= 8.18
    clat percentiles (nsec):
     |  1.00th=[19328],  5.00th=[20096], 10.00th=[20608], 20.00th=[21376],
     | 30.00th=[22144], 40.00th=[22656], 50.00th=[23424], 60.00th=[24192],
     | 70.00th=[25472], 80.00th=[27264], 90.00th=[31104], 95.00th=[35072],
     | 99.00th=[44800], 99.50th=[47872], 99.90th=[56576], 99.95th=[61696],
     | 99.99th=[88576]
   bw (  KiB/s): min=139200, max=161000, per=2.21%, avg=155106.71, stdev=4558.35, samples=59
   iops        : min=34800, max=40250, avg=38776.68, stdev=1139.59, samples=59
  lat (usec)   : 20=3.95%, 50=95.71%, 100=0.33%, 250=0.01%, 500=0.01%
  lat (usec)   : 750=0.01%, 1000=0.01%
  lat (msec)   : 2=0.01%, 4=0.01%, 10=0.01%
  cpu          : usr=4.12%, sys=25.04%, ctx=1161887, majf=0, minf=149901
  IO depths    : 1=100.0%, 2=0.0%, 4=0.0%, 8=0.0%, 16=0.0%, 32=0.0%, >=64=0.0%
     submit    : 0=0.0%, 4=100.0%, 8=0.0%, 16=0.0%, 32=0.0%, 64=0.0%, >=64=0.0%
     complete  : 0=0.0%, 4=100.0%, 8=0.0%, 16=0.0%, 32=0.0%, 64=0.0%, >=64=0.0%
     issued rwts: total=0,1161850,0,0 short=0,0,0,0 dropped=0,0,0,0
     latency   : target=0, window=0, percentile=100.00%, depth=1
test_64kb_rwrite_5n10: (groupid=0, jobs=1): err= 0: pid=909760: Sat Sep  6 19:27:55 2025
  write: IOPS=38.8k, BW=151MiB/s (159MB/s)(4544MiB/30000msec); 0 zone resets
    clat (usec): min=16, max=5932, avg=24.91, stdev= 9.25
     lat (usec): min=16, max=5932, avg=25.00, stdev= 9.25
    clat percentiles (nsec):
     |  1.00th=[19072],  5.00th=[20096], 10.00th=[20608], 20.00th=[21376],
     | 30.00th=[22144], 40.00th=[22656], 50.00th=[23424], 60.00th=[24192],
     | 70.00th=[25472], 80.00th=[27264], 90.00th=[31104], 95.00th=[35072],
     | 99.00th=[44288], 99.50th=[47872], 99.90th=[56576], 99.95th=[61184],
     | 99.99th=[89600]
   bw (  KiB/s): min=131312, max=162976, per=2.21%, avg=155111.47, stdev=5707.52, samples=60
   iops        : min=32828, max=40744, avg=38777.87, stdev=1426.88, samples=60
  lat (usec)   : 20=4.48%, 50=95.19%, 100=0.32%, 250=0.01%, 500=0.01%
  lat (usec)   : 750=0.01%, 1000=0.01%
  lat (msec)   : 2=0.01%, 10=0.01%
  cpu          : usr=4.25%, sys=24.95%, ctx=1163365, majf=0, minf=142692
  IO depths    : 1=100.0%, 2=0.0%, 4=0.0%, 8=0.0%, 16=0.0%, 32=0.0%, >=64=0.0%
     submit    : 0=0.0%, 4=100.0%, 8=0.0%, 16=0.0%, 32=0.0%, 64=0.0%, >=64=0.0%
     complete  : 0=0.0%, 4=100.0%, 8=0.0%, 16=0.0%, 32=0.0%, 64=0.0%, >=64=0.0%
     issued rwts: total=0,1163336,0,0 short=0,0,0,0 dropped=0,0,0,0
     latency   : target=0, window=0, percentile=100.00%, depth=1
test_64kb_rwrite_5n10: (groupid=0, jobs=1): err= 0: pid=909761: Sat Sep  6 19:27:55 2025
  write: IOPS=38.8k, BW=151MiB/s (159MB/s)(4543MiB/30001msec); 0 zone resets
    clat (usec): min=15, max=7014, avg=24.88, stdev= 9.53
     lat (usec): min=16, max=7014, avg=24.97, stdev= 9.53
    clat percentiles (nsec):
     |  1.00th=[19072],  5.00th=[20096], 10.00th=[20608], 20.00th=[21376],
     | 30.00th=[22144], 40.00th=[22656], 50.00th=[23424], 60.00th=[24192],
     | 70.00th=[25472], 80.00th=[27264], 90.00th=[31104], 95.00th=[35072],
     | 99.00th=[44288], 99.50th=[47872], 99.90th=[56064], 99.95th=[60672],
     | 99.99th=[87552]
   bw (  KiB/s): min=96412, max=161816, per=2.20%, avg=154480.20, stdev=8928.28, samples=60
   iops        : min=24103, max=40454, avg=38620.05, stdev=2232.07, samples=60
  lat (usec)   : 20=4.62%, 50=95.05%, 100=0.32%, 250=0.01%, 500=0.01%
  lat (usec)   : 750=0.01%, 1000=0.01%
  lat (msec)   : 2=0.01%, 10=0.01%
  cpu          : usr=4.14%, sys=24.94%, ctx=1163001, majf=0, minf=171264
  IO depths    : 1=100.0%, 2=0.0%, 4=0.0%, 8=0.0%, 16=0.0%, 32=0.0%, >=64=0.0%
     submit    : 0=0.0%, 4=100.0%, 8=0.0%, 16=0.0%, 32=0.0%, 64=0.0%, >=64=0.0%
     complete  : 0=0.0%, 4=100.0%, 8=0.0%, 16=0.0%, 32=0.0%, 64=0.0%, >=64=0.0%
     issued rwts: total=0,1162916,0,0 short=0,0,0,0 dropped=0,0,0,0
     latency   : target=0, window=0, percentile=100.00%, depth=1
bursty: (groupid=0, jobs=1): err= 0: pid=909762: Sat Sep  6 19:27:55 2025
  write: IOPS=368, BW=1472KiB/s (1508kB/s)(43.1MiB/30001msec); 0 zone resets
    clat (usec): min=18, max=365, avg=27.90, stdev= 7.29
     lat (usec): min=23, max=393, avg=35.49, stdev= 8.09
    clat percentiles (usec):
     |  1.00th=[   21],  5.00th=[   22], 10.00th=[   23], 20.00th=[   24],
     | 30.00th=[   25], 40.00th=[   25], 50.00th=[   26], 60.00th=[   28],
     | 70.00th=[   30], 80.00th=[   32], 90.00th=[   37], 95.00th=[   41],
     | 99.00th=[   51], 99.50th=[   55], 99.90th=[   63], 99.95th=[   67],
     | 99.99th=[  188]
   bw (  KiB/s): min= 2573, max=17776, per=0.18%, avg=12622.43, stdev=6103.18, samples=7
   iops        : min=  643, max= 4444, avg=3155.57, stdev=1525.86, samples=7
  lat (usec)   : 20=0.69%, 50=98.21%, 100=1.08%, 250=0.02%, 500=0.01%
  cpu          : usr=0.26%, sys=0.29%, ctx=11252, majf=0, minf=13993
  IO depths    : 1=100.0%, 2=0.0%, 4=0.0%, 8=0.0%, 16=0.0%, 32=0.0%, >=64=0.0%
     submit    : 0=0.0%, 4=100.0%, 8=0.0%, 16=0.0%, 32=0.0%, 64=0.0%, >=64=0.0%
     complete  : 0=0.0%, 4=100.0%, 8=0.0%, 16=0.0%, 32=0.0%, 64=0.0%, >=64=0.0%
     issued rwts: total=0,11044,0,0 short=0,0,0,0 dropped=0,0,0,0
     latency   : target=0, window=0, percentile=100.00%, depth=1
bursty: (groupid=0, jobs=1): err= 0: pid=909763: Sat Sep  6 19:27:55 2025
  write: IOPS=367, BW=1468KiB/s (1504kB/s)(43.0MiB/30000msec); 0 zone resets
    clat (usec): min=18, max=1467, avg=28.50, stdev=15.63
     lat (usec): min=23, max=1473, avg=36.04, stdev=16.02
    clat percentiles (usec):
     |  1.00th=[   21],  5.00th=[   22], 10.00th=[   23], 20.00th=[   24],
     | 30.00th=[   25], 40.00th=[   26], 50.00th=[   27], 60.00th=[   28],
     | 70.00th=[   30], 80.00th=[   33], 90.00th=[   38], 95.00th=[   43],
     | 99.00th=[   54], 99.50th=[   58], 99.90th=[   69], 99.95th=[   91],
     | 99.99th=[  269]
   bw (  KiB/s): min= 2568, max=17464, per=0.18%, avg=12580.43, stdev=6052.82, samples=7
   iops        : min=  642, max= 4366, avg=3145.00, stdev=1513.13, samples=7
  lat (usec)   : 20=0.61%, 50=97.73%, 100=1.62%, 250=0.03%, 500=0.01%
  lat (msec)   : 2=0.01%
  cpu          : usr=0.22%, sys=0.35%, ctx=11212, majf=0, minf=12804
  IO depths    : 1=100.0%, 2=0.0%, 4=0.0%, 8=0.0%, 16=0.0%, 32=0.0%, >=64=0.0%
     submit    : 0=0.0%, 4=100.0%, 8=0.0%, 16=0.0%, 32=0.0%, 64=0.0%, >=64=0.0%
     complete  : 0=0.0%, 4=100.0%, 8=0.0%, 16=0.0%, 32=0.0%, 64=0.0%, >=64=0.0%
     issued rwts: total=0,11012,0,0 short=0,0,0,0 dropped=0,0,0,0
     latency   : target=0, window=0, percentile=100.00%, depth=1
bursty: (groupid=0, jobs=1): err= 0: pid=909764: Sat Sep  6 19:27:55 2025
  write: IOPS=356, BW=1426KiB/s (1460kB/s)(41.8MiB/30000msec); 0 zone resets
    clat (usec): min=18, max=344, avg=28.22, stdev= 7.34
     lat (usec): min=23, max=352, avg=35.87, stdev= 8.12
    clat percentiles (usec):
     |  1.00th=[   21],  5.00th=[   22], 10.00th=[   23], 20.00th=[   24],
     | 30.00th=[   25], 40.00th=[   26], 50.00th=[   27], 60.00th=[   28],
     | 70.00th=[   30], 80.00th=[   33], 90.00th=[   38], 95.00th=[   42],
     | 99.00th=[   52], 99.50th=[   57], 99.90th=[   67], 99.95th=[   72],
     | 99.99th=[  155]
   bw (  KiB/s): min= 2568, max=17456, per=0.17%, avg=12221.71, stdev=5838.06, samples=7
   iops        : min=  642, max= 4364, avg=3055.43, stdev=1459.52, samples=7
  lat (usec)   : 20=0.43%, 50=98.37%, 100=1.18%, 250=0.01%, 500=0.01%
  cpu          : usr=0.22%, sys=0.38%, ctx=10877, majf=0, minf=16174
  IO depths    : 1=100.0%, 2=0.0%, 4=0.0%, 8=0.0%, 16=0.0%, 32=0.0%, >=64=0.0%
     submit    : 0=0.0%, 4=100.0%, 8=0.0%, 16=0.0%, 32=0.0%, 64=0.0%, >=64=0.0%
     complete  : 0=0.0%, 4=100.0%, 8=0.0%, 16=0.0%, 32=0.0%, 64=0.0%, >=64=0.0%
     issued rwts: total=0,10694,0,0 short=0,0,0,0 dropped=0,0,0,0
     latency   : target=0, window=0, percentile=100.00%, depth=1
bursty: (groupid=0, jobs=1): err= 0: pid=909765: Sat Sep  6 19:27:55 2025
  write: IOPS=353, BW=1413KiB/s (1447kB/s)(41.4MiB/30001msec); 0 zone resets
    clat (usec): min=18, max=138, avg=28.10, stdev= 7.18
     lat (usec): min=23, max=145, avg=35.91, stdev= 7.94
    clat percentiles (usec):
     |  1.00th=[   21],  5.00th=[   22], 10.00th=[   22], 20.00th=[   23],
     | 30.00th=[   24], 40.00th=[   25], 50.00th=[   26], 60.00th=[   28],
     | 70.00th=[   30], 80.00th=[   32], 90.00th=[   38], 95.00th=[   43],
     | 99.00th=[   55], 99.50th=[   59], 99.90th=[   69], 99.95th=[   84],
     | 99.99th=[  133]
   bw (  KiB/s): min= 2568, max=16488, per=0.17%, avg=12115.43, stdev=5779.03, samples=7
   iops        : min=  642, max= 4122, avg=3028.86, stdev=1444.76, samples=7
  lat (usec)   : 20=0.86%, 50=97.20%, 100=1.91%, 250=0.03%
  cpu          : usr=0.15%, sys=0.43%, ctx=10872, majf=0, minf=18172
  IO depths    : 1=100.0%, 2=0.0%, 4=0.0%, 8=0.0%, 16=0.0%, 32=0.0%, >=64=0.0%
     submit    : 0=0.0%, 4=100.0%, 8=0.0%, 16=0.0%, 32=0.0%, 64=0.0%, >=64=0.0%
     complete  : 0=0.0%, 4=100.0%, 8=0.0%, 16=0.0%, 32=0.0%, 64=0.0%, >=64=0.0%
     issued rwts: total=0,10601,0,0 short=0,0,0,0 dropped=0,0,0,0
     latency   : target=0, window=0, percentile=100.00%, depth=1
bursty: (groupid=0, jobs=1): err= 0: pid=909766: Sat Sep  6 19:27:55 2025
  write: IOPS=376, BW=1507KiB/s (1543kB/s)(44.1MiB/30001msec); 0 zone resets
    clat (usec): min=18, max=162, avg=27.39, stdev= 6.48
     lat (usec): min=23, max=167, avg=34.83, stdev= 7.36
    clat percentiles (usec):
     |  1.00th=[   21],  5.00th=[   22], 10.00th=[   22], 20.00th=[   23],
     | 30.00th=[   24], 40.00th=[   25], 50.00th=[   26], 60.00th=[   27],
     | 70.00th=[   29], 80.00th=[   31], 90.00th=[   36], 95.00th=[   41],
     | 99.00th=[   50], 99.50th=[   54], 99.90th=[   67], 99.95th=[   76],
     | 99.99th=[  141]
   bw (  KiB/s): min= 2562, max=17824, per=0.18%, avg=12914.57, stdev=6280.48, samples=7
   iops        : min=  640, max= 4456, avg=3228.57, stdev=1570.26, samples=7
  lat (usec)   : 20=0.69%, 50=98.41%, 100=0.88%, 250=0.02%
  cpu          : usr=0.23%, sys=0.32%, ctx=11553, majf=0, minf=12774
  IO depths    : 1=100.0%, 2=0.0%, 4=0.0%, 8=0.0%, 16=0.0%, 32=0.0%, >=64=0.0%
     submit    : 0=0.0%, 4=100.0%, 8=0.0%, 16=0.0%, 32=0.0%, 64=0.0%, >=64=0.0%
     complete  : 0=0.0%, 4=100.0%, 8=0.0%, 16=0.0%, 32=0.0%, 64=0.0%, >=64=0.0%
     issued rwts: total=0,11301,0,0 short=0,0,0,0 dropped=0,0,0,0
     latency   : target=0, window=0, percentile=100.00%, depth=1
bursty: (groupid=0, jobs=1): err= 0: pid=909767: Sat Sep  6 19:27:55 2025
  write: IOPS=362, BW=1448KiB/s (1483kB/s)(42.4MiB/30000msec); 0 zone resets
    clat (usec): min=17, max=305, avg=27.74, stdev= 8.34
     lat (usec): min=22, max=316, avg=35.28, stdev= 9.27
    clat percentiles (usec):
     |  1.00th=[   20],  5.00th=[   22], 10.00th=[   22], 20.00th=[   23],
     | 30.00th=[   24], 40.00th=[   25], 50.00th=[   26], 60.00th=[   28],
     | 70.00th=[   29], 80.00th=[   32], 90.00th=[   37], 95.00th=[   41],
     | 99.00th=[   52], 99.50th=[   57], 99.90th=[   91], 99.95th=[  145],
     | 99.99th=[  302]
   bw (  KiB/s): min= 2568, max=17528, per=0.18%, avg=12411.43, stdev=5840.74, samples=7
   iops        : min=  642, max= 4382, avg=3102.86, stdev=1460.18, samples=7
  lat (usec)   : 20=1.09%, 50=97.70%, 100=1.13%, 250=0.06%, 500=0.03%
  cpu          : usr=0.23%, sys=0.33%, ctx=11116, majf=0, minf=16885
  IO depths    : 1=100.0%, 2=0.0%, 4=0.0%, 8=0.0%, 16=0.0%, 32=0.0%, >=64=0.0%
     submit    : 0=0.0%, 4=100.0%, 8=0.0%, 16=0.0%, 32=0.0%, 64=0.0%, >=64=0.0%
     complete  : 0=0.0%, 4=100.0%, 8=0.0%, 16=0.0%, 32=0.0%, 64=0.0%, >=64=0.0%
     issued rwts: total=0,10860,0,0 short=0,0,0,0 dropped=0,0,0,0
     latency   : target=0, window=0, percentile=100.00%, depth=1
bursty: (groupid=0, jobs=1): err= 0: pid=909768: Sat Sep  6 19:27:55 2025
  write: IOPS=364, BW=1458KiB/s (1493kB/s)(42.7MiB/30000msec); 0 zone resets
    clat (usec): min=18, max=583, avg=28.42, stdev= 8.87
     lat (usec): min=23, max=590, avg=36.13, stdev= 9.57
    clat percentiles (usec):
     |  1.00th=[   21],  5.00th=[   22], 10.00th=[   23], 20.00th=[   24],
     | 30.00th=[   25], 40.00th=[   26], 50.00th=[   27], 60.00th=[   28],
     | 70.00th=[   30], 80.00th=[   33], 90.00th=[   38], 95.00th=[   42],
     | 99.00th=[   53], 99.50th=[   58], 99.90th=[   73], 99.95th=[   92],
     | 99.99th=[  190]
   bw (  KiB/s): min= 2568, max=17592, per=0.18%, avg=12500.57, stdev=5958.61, samples=7
   iops        : min=  642, max= 4398, avg=3125.14, stdev=1489.65, samples=7
  lat (usec)   : 20=0.40%, 50=98.00%, 100=1.56%, 250=0.03%, 750=0.01%
  cpu          : usr=0.29%, sys=0.32%, ctx=11096, majf=0, minf=12245
  IO depths    : 1=100.0%, 2=0.0%, 4=0.0%, 8=0.0%, 16=0.0%, 32=0.0%, >=64=0.0%
     submit    : 0=0.0%, 4=100.0%, 8=0.0%, 16=0.0%, 32=0.0%, 64=0.0%, >=64=0.0%
     complete  : 0=0.0%, 4=100.0%, 8=0.0%, 16=0.0%, 32=0.0%, 64=0.0%, >=64=0.0%
     issued rwts: total=0,10938,0,0 short=0,0,0,0 dropped=0,0,0,0
     latency   : target=0, window=0, percentile=100.00%, depth=1
bursty: (groupid=0, jobs=1): err= 0: pid=909769: Sat Sep  6 19:27:55 2025
  write: IOPS=355, BW=1422KiB/s (1456kB/s)(41.7MiB/30001msec); 0 zone resets
    clat (usec): min=18, max=515, avg=28.53, stdev= 9.17
     lat (usec): min=22, max=528, avg=36.33, stdev= 9.95
    clat percentiles (usec):
     |  1.00th=[   21],  5.00th=[   22], 10.00th=[   23], 20.00th=[   24],
     | 30.00th=[   25], 40.00th=[   26], 50.00th=[   27], 60.00th=[   28],
     | 70.00th=[   30], 80.00th=[   33], 90.00th=[   38], 95.00th=[   43],
     | 99.00th=[   52], 99.50th=[   57], 99.90th=[   79], 99.95th=[  112],
     | 99.99th=[  351]
   bw (  KiB/s): min= 2568, max=17600, per=0.17%, avg=12187.43, stdev=5961.98, samples=7
   iops        : min=  642, max= 4400, avg=3046.86, stdev=1490.49, samples=7
  lat (usec)   : 20=0.36%, 50=98.29%, 100=1.28%, 250=0.05%, 500=0.01%
  lat (usec)   : 750=0.01%
  cpu          : usr=0.22%, sys=0.35%, ctx=10883, majf=0, minf=15155
  IO depths    : 1=100.0%, 2=0.0%, 4=0.0%, 8=0.0%, 16=0.0%, 32=0.0%, >=64=0.0%
     submit    : 0=0.0%, 4=100.0%, 8=0.0%, 16=0.0%, 32=0.0%, 64=0.0%, >=64=0.0%
     complete  : 0=0.0%, 4=100.0%, 8=0.0%, 16=0.0%, 32=0.0%, 64=0.0%, >=64=0.0%
     issued rwts: total=0,10664,0,0 short=0,0,0,0 dropped=0,0,0,0
     latency   : target=0, window=0, percentile=100.00%, depth=1
bursty: (groupid=0, jobs=1): err= 0: pid=909770: Sat Sep  6 19:27:55 2025
  write: IOPS=353, BW=1414KiB/s (1448kB/s)(41.4MiB/30000msec); 0 zone resets
    clat (usec): min=17, max=212, avg=28.54, stdev= 7.04
     lat (usec): min=22, max=236, avg=36.32, stdev= 7.96
    clat percentiles (usec):
     |  1.00th=[   21],  5.00th=[   22], 10.00th=[   23], 20.00th=[   24],
     | 30.00th=[   25], 40.00th=[   26], 50.00th=[   27], 60.00th=[   29],
     | 70.00th=[   30], 80.00th=[   33], 90.00th=[   38], 95.00th=[   42],
     | 99.00th=[   52], 99.50th=[   56], 99.90th=[   68], 99.95th=[   77],
     | 99.99th=[  184]
   bw (  KiB/s): min= 2573, max=16936, per=0.17%, avg=12120.71, stdev=5805.58, samples=7
   iops        : min=  643, max= 4234, avg=3030.14, stdev=1451.46, samples=7
  lat (usec)   : 20=0.32%, 50=98.36%, 100=1.28%, 250=0.04%
  cpu          : usr=0.24%, sys=0.40%, ctx=10759, majf=0, minf=15597
  IO depths    : 1=100.0%, 2=0.0%, 4=0.0%, 8=0.0%, 16=0.0%, 32=0.0%, >=64=0.0%
     submit    : 0=0.0%, 4=100.0%, 8=0.0%, 16=0.0%, 32=0.0%, 64=0.0%, >=64=0.0%
     complete  : 0=0.0%, 4=100.0%, 8=0.0%, 16=0.0%, 32=0.0%, 64=0.0%, >=64=0.0%
     issued rwts: total=0,10605,0,0 short=0,0,0,0 dropped=0,0,0,0
     latency   : target=0, window=0, percentile=100.00%, depth=1
bursty: (groupid=0, jobs=1): err= 0: pid=909771: Sat Sep  6 19:27:55 2025
  write: IOPS=354, BW=1419KiB/s (1453kB/s)(41.6MiB/30000msec); 0 zone resets
    clat (usec): min=18, max=263, avg=28.18, stdev= 7.01
     lat (usec): min=23, max=272, avg=35.98, stdev= 7.93
    clat percentiles (usec):
     |  1.00th=[   21],  5.00th=[   22], 10.00th=[   23], 20.00th=[   24],
     | 30.00th=[   25], 40.00th=[   26], 50.00th=[   27], 60.00th=[   28],
     | 70.00th=[   30], 80.00th=[   33], 90.00th=[   37], 95.00th=[   42],
     | 99.00th=[   51], 99.50th=[   56], 99.90th=[   68], 99.95th=[   73],
     | 99.99th=[  147]
   bw (  KiB/s): min= 2568, max=17328, per=0.17%, avg=12161.14, stdev=5704.69, samples=7
   iops        : min=  642, max= 4332, avg=3040.29, stdev=1426.17, samples=7
  lat (usec)   : 20=0.40%, 50=98.45%, 100=1.13%, 250=0.01%, 500=0.01%
  cpu          : usr=0.24%, sys=0.43%, ctx=10772, majf=0, minf=15130
  IO depths    : 1=100.0%, 2=0.0%, 4=0.0%, 8=0.0%, 16=0.0%, 32=0.0%, >=64=0.0%
     submit    : 0=0.0%, 4=100.0%, 8=0.0%, 16=0.0%, 32=0.0%, 64=0.0%, >=64=0.0%
     complete  : 0=0.0%, 4=100.0%, 8=0.0%, 16=0.0%, 32=0.0%, 64=0.0%, >=64=0.0%
     issued rwts: total=0,10641,0,0 short=0,0,0,0 dropped=0,0,0,0
     latency   : target=0, window=0, percentile=100.00%, depth=1
bursty: (groupid=0, jobs=1): err= 0: pid=909772: Sat Sep  6 19:27:55 2025
  write: IOPS=353, BW=1416KiB/s (1450kB/s)(41.5MiB/30000msec); 0 zone resets
    clat (usec): min=18, max=714, avg=28.81, stdev=11.25
     lat (usec): min=23, max=719, avg=36.65, stdev=11.73
    clat percentiles (usec):
     |  1.00th=[   21],  5.00th=[   22], 10.00th=[   23], 20.00th=[   24],
     | 30.00th=[   25], 40.00th=[   26], 50.00th=[   27], 60.00th=[   29],
     | 70.00th=[   30], 80.00th=[   34], 90.00th=[   38], 95.00th=[   43],
     | 99.00th=[   54], 99.50th=[   58], 99.90th=[   70], 99.95th=[  121],
     | 99.99th=[  586]
   bw (  KiB/s): min= 2573, max=17584, per=0.17%, avg=12134.43, stdev=5876.06, samples=7
   iops        : min=  643, max= 4396, avg=3033.57, stdev=1469.08, samples=7
  lat (usec)   : 20=0.33%, 50=97.97%, 100=1.65%, 250=0.04%, 750=0.02%
  cpu          : usr=0.19%, sys=0.33%, ctx=10881, majf=0, minf=14045
  IO depths    : 1=100.0%, 2=0.0%, 4=0.0%, 8=0.0%, 16=0.0%, 32=0.0%, >=64=0.0%
     submit    : 0=0.0%, 4=100.0%, 8=0.0%, 16=0.0%, 32=0.0%, 64=0.0%, >=64=0.0%
     complete  : 0=0.0%, 4=100.0%, 8=0.0%, 16=0.0%, 32=0.0%, 64=0.0%, >=64=0.0%
     issued rwts: total=0,10617,0,0 short=0,0,0,0 dropped=0,0,0,0
     latency   : target=0, window=0, percentile=100.00%, depth=1
bursty: (groupid=0, jobs=1): err= 0: pid=909773: Sat Sep  6 19:27:55 2025
  write: IOPS=417, BW=1669KiB/s (1709kB/s)(48.9MiB/30001msec); 0 zone resets
    clat (usec): min=17, max=2846, avg=24.47, stdev=25.76
     lat (usec): min=22, max=2949, avg=32.16, stdev=27.89
    clat percentiles (usec):
     |  1.00th=[   20],  5.00th=[   21], 10.00th=[   21], 20.00th=[   22],
     | 30.00th=[   22], 40.00th=[   23], 50.00th=[   24], 60.00th=[   24],
     | 70.00th=[   25], 80.00th=[   27], 90.00th=[   29], 95.00th=[   32],
     | 99.00th=[   41], 99.50th=[   45], 99.90th=[   59], 99.95th=[   74],
     | 99.99th=[  334]
   bw (  KiB/s): min= 2568, max=19888, per=0.20%, avg=14302.86, stdev=6917.29, samples=7
   iops        : min=  642, max= 4972, avg=3575.71, stdev=1729.32, samples=7
  lat (usec)   : 20=4.16%, 50=95.58%, 100=0.24%, 250=0.01%, 500=0.01%
  lat (msec)   : 4=0.01%
  cpu          : usr=0.15%, sys=0.31%, ctx=12791, majf=0, minf=13523
  IO depths    : 1=100.0%, 2=0.0%, 4=0.0%, 8=0.0%, 16=0.0%, 32=0.0%, >=64=0.0%
     submit    : 0=0.0%, 4=100.0%, 8=0.0%, 16=0.0%, 32=0.0%, 64=0.0%, >=64=0.0%
     complete  : 0=0.0%, 4=100.0%, 8=0.0%, 16=0.0%, 32=0.0%, 64=0.0%, >=64=0.0%
     issued rwts: total=0,12515,0,0 short=0,0,0,0 dropped=0,0,0,0
     latency   : target=0, window=0, percentile=100.00%, depth=1
bursty: (groupid=0, jobs=1): err= 0: pid=909774: Sat Sep  6 19:27:55 2025
  write: IOPS=364, BW=1456KiB/s (1491kB/s)(42.7MiB/30000msec); 0 zone resets
    clat (usec): min=18, max=420, avg=28.84, stdev= 7.89
     lat (usec): min=24, max=428, avg=36.69, stdev= 8.64
    clat percentiles (nsec):
     |  1.00th=[20608],  5.00th=[21632], 10.00th=[22400], 20.00th=[23680],
     | 30.00th=[24704], 40.00th=[25472], 50.00th=[26752], 60.00th=[28288],
     | 70.00th=[30080], 80.00th=[33024], 90.00th=[37632], 95.00th=[43264],
     | 99.00th=[54016], 99.50th=[58112], 99.90th=[67072], 99.95th=[69120],
     | 99.99th=[86528]
   bw (  KiB/s): min= 2568, max=17128, per=0.18%, avg=12480.00, stdev=6019.37, samples=7
   iops        : min=  642, max= 4282, avg=3120.00, stdev=1504.84, samples=7
  lat (usec)   : 20=0.30%, 50=97.91%, 100=1.78%, 500=0.01%
  cpu          : usr=0.27%, sys=0.30%, ctx=11088, majf=0, minf=10558
  IO depths    : 1=100.0%, 2=0.0%, 4=0.0%, 8=0.0%, 16=0.0%, 32=0.0%, >=64=0.0%
     submit    : 0=0.0%, 4=100.0%, 8=0.0%, 16=0.0%, 32=0.0%, 64=0.0%, >=64=0.0%
     complete  : 0=0.0%, 4=100.0%, 8=0.0%, 16=0.0%, 32=0.0%, 64=0.0%, >=64=0.0%
     issued rwts: total=0,10920,0,0 short=0,0,0,0 dropped=0,0,0,0
     latency   : target=0, window=0, percentile=100.00%, depth=1
bursty: (groupid=0, jobs=1): err= 0: pid=909775: Sat Sep  6 19:27:55 2025
  write: IOPS=360, BW=1440KiB/s (1475kB/s)(42.2MiB/30001msec); 0 zone resets
    clat (usec): min=18, max=1563, avg=28.82, stdev=16.78
     lat (usec): min=22, max=1570, avg=36.59, stdev=17.79
    clat percentiles (usec):
     |  1.00th=[   21],  5.00th=[   22], 10.00th=[   23], 20.00th=[   24],
     | 30.00th=[   25], 40.00th=[   26], 50.00th=[   27], 60.00th=[   29],
     | 70.00th=[   30], 80.00th=[   33], 90.00th=[   38], 95.00th=[   43],
     | 99.00th=[   55], 99.50th=[   59], 99.90th=[  103], 99.95th=[  131],
     | 99.99th=[  289]
   bw (  KiB/s): min= 2573, max=17608, per=0.18%, avg=12344.71, stdev=5937.79, samples=7
   iops        : min=  643, max= 4402, avg=3086.14, stdev=1484.52, samples=7
  lat (usec)   : 20=0.30%, 50=97.89%, 100=1.70%, 250=0.09%, 500=0.01%
  lat (msec)   : 2=0.01%
  cpu          : usr=0.24%, sys=0.31%, ctx=11008, majf=0, minf=13645
  IO depths    : 1=100.0%, 2=0.0%, 4=0.0%, 8=0.0%, 16=0.0%, 32=0.0%, >=64=0.0%
     submit    : 0=0.0%, 4=100.0%, 8=0.0%, 16=0.0%, 32=0.0%, 64=0.0%, >=64=0.0%
     complete  : 0=0.0%, 4=100.0%, 8=0.0%, 16=0.0%, 32=0.0%, 64=0.0%, >=64=0.0%
     issued rwts: total=0,10801,0,0 short=0,0,0,0 dropped=0,0,0,0
     latency   : target=0, window=0, percentile=100.00%, depth=1
bursty: (groupid=0, jobs=1): err= 0: pid=909776: Sat Sep  6 19:27:55 2025
  write: IOPS=360, BW=1442KiB/s (1476kB/s)(42.2MiB/30000msec); 0 zone resets
    clat (usec): min=18, max=655, avg=28.61, stdev= 9.35
     lat (usec): min=23, max=660, avg=36.33, stdev= 9.93
    clat percentiles (usec):
     |  1.00th=[   21],  5.00th=[   22], 10.00th=[   23], 20.00th=[   24],
     | 30.00th=[   25], 40.00th=[   26], 50.00th=[   27], 60.00th=[   29],
     | 70.00th=[   30], 80.00th=[   33], 90.00th=[   38], 95.00th=[   42],
     | 99.00th=[   53], 99.50th=[   57], 99.90th=[   70], 99.95th=[   90],
     | 99.99th=[  204]
   bw (  KiB/s): min= 2568, max=17144, per=0.18%, avg=12356.57, stdev=5905.06, samples=7
   iops        : min=  642, max= 4286, avg=3089.14, stdev=1476.26, samples=7
  lat (usec)   : 20=0.28%, 50=98.24%, 100=1.44%, 250=0.03%, 750=0.01%
  cpu          : usr=0.26%, sys=0.32%, ctx=10990, majf=0, minf=13787
  IO depths    : 1=100.0%, 2=0.0%, 4=0.0%, 8=0.0%, 16=0.0%, 32=0.0%, >=64=0.0%
     submit    : 0=0.0%, 4=100.0%, 8=0.0%, 16=0.0%, 32=0.0%, 64=0.0%, >=64=0.0%
     complete  : 0=0.0%, 4=100.0%, 8=0.0%, 16=0.0%, 32=0.0%, 64=0.0%, >=64=0.0%
     issued rwts: total=0,10812,0,0 short=0,0,0,0 dropped=0,0,0,0
     latency   : target=0, window=0, percentile=100.00%, depth=1
bursty: (groupid=0, jobs=1): err= 0: pid=909777: Sat Sep  6 19:27:55 2025
  write: IOPS=371, BW=1485KiB/s (1521kB/s)(43.5MiB/30000msec); 0 zone resets
    clat (usec): min=18, max=221, avg=28.39, stdev= 7.50
     lat (usec): min=23, max=226, avg=35.97, stdev= 8.39
    clat percentiles (usec):
     |  1.00th=[   21],  5.00th=[   22], 10.00th=[   23], 20.00th=[   24],
     | 30.00th=[   25], 40.00th=[   26], 50.00th=[   27], 60.00th=[   28],
     | 70.00th=[   30], 80.00th=[   33], 90.00th=[   38], 95.00th=[   43],
     | 99.00th=[   53], 99.50th=[   59], 99.90th=[   76], 99.95th=[  102],
     | 99.99th=[  198]
   bw (  KiB/s): min= 2568, max=17848, per=0.18%, avg=12729.14, stdev=6116.07, samples=7
   iops        : min=  642, max= 4462, avg=3182.29, stdev=1529.02, samples=7
  lat (usec)   : 20=0.35%, 50=98.17%, 100=1.43%, 250=0.05%
  cpu          : usr=0.26%, sys=0.33%, ctx=11285, majf=0, minf=13408
  IO depths    : 1=100.0%, 2=0.0%, 4=0.0%, 8=0.0%, 16=0.0%, 32=0.0%, >=64=0.0%
     submit    : 0=0.0%, 4=100.0%, 8=0.0%, 16=0.0%, 32=0.0%, 64=0.0%, >=64=0.0%
     complete  : 0=0.0%, 4=100.0%, 8=0.0%, 16=0.0%, 32=0.0%, 64=0.0%, >=64=0.0%
     issued rwts: total=0,11138,0,0 short=0,0,0,0 dropped=0,0,0,0
     latency   : target=0, window=0, percentile=100.00%, depth=1

Run status group 0 (all jobs):
  WRITE: bw=6857MiB/s (7190MB/s), 1413KiB/s-153MiB/s (1447kB/s-160MB/s), io=201GiB (216GB), run=30000-30001msec

Disk stats (read/write):
  nvme5n2: ios=0/5793939, sectors=0/46351512, merge=0/0, ticks=0/110554, in_queue=110554, util=97.82%
  nvme5n3: ios=0/5793519, sectors=0/46348152, merge=0/0, ticks=0/110341, in_queue=110341, util=97.92%
  nvme5n4: ios=109/5844049, sectors=4344/46752392, merge=0/0, ticks=8/111489, in_queue=111497, util=97.91%
  nvme5n5: ios=0/5797908, sectors=0/46383264, merge=0/0, ticks=0/110364, in_queue=110364, util=98.00%
  nvme5n6: ios=144/5855525, sectors=6360/46844200, merge=0/0, ticks=12/111652, in_queue=111664, util=98.21%
  nvme5n7: ios=99/5832481, sectors=4264/46659848, merge=0/0, ticks=9/111967, in_queue=111976, util=98.16%
  nvme5n8: ios=144/5816692, sectors=6360/46533536, merge=0/0, ticks=10/111586, in_queue=111596, util=98.52%
  nvme5n9: ios=0/5778478, sectors=0/46227824, merge=0/0, ticks=0/110903, in_queue=110903, util=98.64%
  nvme5n10: ios=96/5807347, sectors=4240/46458776, merge=0/0, ticks=9/111749, in_queue=111758, util=98.47%
  nvme5n1: ios=0/175163, sectors=0/1401304, merge=0/0, ticks=0/3640, in_queue=3640, util=3.11%
