test_64kb_rwrite_5n2: (g=0): rw=randwrite, bs=(R) 4096B-4096B, (W) 4096B-4096B, (T) 4096B-4096B, ioengine=psync, iodepth=1
...
test_64kb_rwrite_5n3: (g=0): rw=randwrite, bs=(R) 4096B-4096B, (W) 4096B-4096B, (T) 4096B-4096B, ioengine=psync, iodepth=1
...
test_64kb_rwrite_5n4: (g=0): rw=randwrite, bs=(R) 4096B-4096B, (W) 4096B-4096B, (T) 4096B-4096B, ioengine=psync, iodepth=1
...
test_64kb_rwrite_5n5: (g=0): rw=randwrite, bs=(R) 4096B-4096B, (W) 4096B-4096B, (T) 4096B-4096B, ioengine=psync, iodepth=1
...
test_64kb_rwrite_5n6: (g=0): rw=randwrite, bs=(R) 4096B-4096B, (W) 4096B-4096B, (T) 4096B-4096B, ioengine=psync, iodepth=1
...
test_64kb_rwrite_5n7: (g=0): rw=randwrite, bs=(R) 4096B-4096B, (W) 4096B-4096B, (T) 4096B-4096B, ioengine=psync, iodepth=1
...
test_64kb_rwrite_5n8: (g=0): rw=randwrite, bs=(R) 4096B-4096B, (W) 4096B-4096B, (T) 4096B-4096B, ioengine=psync, iodepth=1
...
test_64kb_rwrite_5n9: (g=0): rw=randwrite, bs=(R) 4096B-4096B, (W) 4096B-4096B, (T) 4096B-4096B, ioengine=psync, iodepth=1
...
test_64kb_rwrite_5n10: (g=0): rw=randwrite, bs=(R) 4096B-4096B, (W) 4096B-4096B, (T) 4096B-4096B, ioengine=psync, iodepth=1
...
bursty: (g=0): rw=randwrite, bs=(R) 4096B-4096B, (W) 4096B-4096B, (T) 4096B-4096B, ioengine=psync, iodepth=1
...
fio-3.37-114-gf0af0-dirty
Starting 70 threads

test_64kb_rwrite_5n2: (groupid=0, jobs=1): err= 0: pid=817822: Tue Sep  2 20:38:04 2025
  write: IOPS=32.6k, BW=127MiB/s (133MB/s)(3819MiB/30001msec); 0 zone resets
    clat (usec): min=17, max=7962, avg=29.80, stdev=14.99
     lat (usec): min=17, max=7962, avg=29.88, stdev=14.99
    clat percentiles (usec):
     |  1.00th=[   21],  5.00th=[   23], 10.00th=[   24], 20.00th=[   25],
     | 30.00th=[   26], 40.00th=[   27], 50.00th=[   28], 60.00th=[   29],
     | 70.00th=[   30], 80.00th=[   33], 90.00th=[   39], 95.00th=[   47],
     | 99.00th=[   72], 99.50th=[   76], 99.90th=[   89], 99.95th=[  145],
     | 99.99th=[  306]
   bw (  KiB/s): min=48689, max=141872, per=1.86%, avg=130363.08, stdev=22063.05, samples=60
   iops        : min=12172, max=35468, avg=32590.77, stdev=5515.78, samples=60
  lat (usec)   : 20=0.27%, 50=95.58%, 100=4.09%, 250=0.05%, 500=0.02%
  lat (usec)   : 750=0.01%, 1000=0.01%
  lat (msec)   : 2=0.01%, 10=0.01%
  cpu          : usr=3.42%, sys=21.74%, ctx=977809, majf=0, minf=140252
  IO depths    : 1=100.0%, 2=0.0%, 4=0.0%, 8=0.0%, 16=0.0%, 32=0.0%, >=64=0.0%
     submit    : 0=0.0%, 4=100.0%, 8=0.0%, 16=0.0%, 32=0.0%, 64=0.0%, >=64=0.0%
     complete  : 0=0.0%, 4=100.0%, 8=0.0%, 16=0.0%, 32=0.0%, 64=0.0%, >=64=0.0%
     issued rwts: total=0,977711,0,0 short=0,0,0,0 dropped=0,0,0,0
     latency   : target=0, window=0, percentile=100.00%, depth=1
test_64kb_rwrite_5n2: (groupid=0, jobs=1): err= 0: pid=817823: Tue Sep  2 20:38:04 2025
  write: IOPS=32.5k, BW=127MiB/s (133MB/s)(3809MiB/30001msec); 0 zone resets
    clat (usec): min=16, max=1659, avg=29.75, stdev=11.52
     lat (usec): min=16, max=1659, avg=29.84, stdev=11.52
    clat percentiles (usec):
     |  1.00th=[   21],  5.00th=[   23], 10.00th=[   24], 20.00th=[   25],
     | 30.00th=[   26], 40.00th=[   26], 50.00th=[   28], 60.00th=[   29],
     | 70.00th=[   30], 80.00th=[   33], 90.00th=[   39], 95.00th=[   47],
     | 99.00th=[   73], 99.50th=[   77], 99.90th=[   97], 99.95th=[  221],
     | 99.99th=[  338]
   bw (  KiB/s): min=49928, max=141080, per=1.85%, avg=129992.80, stdev=21446.17, samples=60
   iops        : min=12482, max=35270, avg=32498.20, stdev=5361.54, samples=60
  lat (usec)   : 20=0.44%, 50=95.60%, 100=3.86%, 250=0.06%, 500=0.04%
  lat (usec)   : 750=0.01%, 1000=0.01%
  lat (msec)   : 2=0.01%
  cpu          : usr=3.54%, sys=22.21%, ctx=975133, majf=0, minf=159608
  IO depths    : 1=100.0%, 2=0.0%, 4=0.0%, 8=0.0%, 16=0.0%, 32=0.0%, >=64=0.0%
     submit    : 0=0.0%, 4=100.0%, 8=0.0%, 16=0.0%, 32=0.0%, 64=0.0%, >=64=0.0%
     complete  : 0=0.0%, 4=100.0%, 8=0.0%, 16=0.0%, 32=0.0%, 64=0.0%, >=64=0.0%
     issued rwts: total=0,975012,0,0 short=0,0,0,0 dropped=0,0,0,0
     latency   : target=0, window=0, percentile=100.00%, depth=1
test_64kb_rwrite_5n2: (groupid=0, jobs=1): err= 0: pid=817824: Tue Sep  2 20:38:04 2025
  write: IOPS=32.7k, BW=128MiB/s (134MB/s)(3827MiB/30001msec); 0 zone resets
    clat (usec): min=16, max=1065, avg=29.66, stdev=11.54
     lat (usec): min=16, max=1065, avg=29.74, stdev=11.55
    clat percentiles (usec):
     |  1.00th=[   21],  5.00th=[   23], 10.00th=[   24], 20.00th=[   25],
     | 30.00th=[   26], 40.00th=[   27], 50.00th=[   28], 60.00th=[   29],
     | 70.00th=[   30], 80.00th=[   33], 90.00th=[   39], 95.00th=[   46],
     | 99.00th=[   72], 99.50th=[   76], 99.90th=[   94], 99.95th=[  241],
     | 99.99th=[  371]
   bw (  KiB/s): min=48848, max=140992, per=1.86%, avg=130588.10, stdev=20422.37, samples=60
   iops        : min=12212, max=35248, avg=32647.02, stdev=5105.59, samples=60
  lat (usec)   : 20=0.49%, 50=95.77%, 100=3.65%, 250=0.04%, 500=0.05%
  lat (usec)   : 750=0.01%, 1000=0.01%
  lat (msec)   : 2=0.01%
  cpu          : usr=3.43%, sys=22.11%, ctx=979738, majf=0, minf=171521
  IO depths    : 1=100.0%, 2=0.0%, 4=0.0%, 8=0.0%, 16=0.0%, 32=0.0%, >=64=0.0%
     submit    : 0=0.0%, 4=100.0%, 8=0.0%, 16=0.0%, 32=0.0%, 64=0.0%, >=64=0.0%
     complete  : 0=0.0%, 4=100.0%, 8=0.0%, 16=0.0%, 32=0.0%, 64=0.0%, >=64=0.0%
     issued rwts: total=0,979645,0,0 short=0,0,0,0 dropped=0,0,0,0
     latency   : target=0, window=0, percentile=100.00%, depth=1
test_64kb_rwrite_5n2: (groupid=0, jobs=1): err= 0: pid=817825: Tue Sep  2 20:38:04 2025
  write: IOPS=32.5k, BW=127MiB/s (133MB/s)(3812MiB/30001msec); 0 zone resets
    clat (usec): min=17, max=9448, avg=29.78, stdev=17.02
     lat (usec): min=17, max=9448, avg=29.87, stdev=17.03
    clat percentiles (usec):
     |  1.00th=[   21],  5.00th=[   23], 10.00th=[   24], 20.00th=[   25],
     | 30.00th=[   26], 40.00th=[   27], 50.00th=[   28], 60.00th=[   29],
     | 70.00th=[   30], 80.00th=[   33], 90.00th=[   39], 95.00th=[   47],
     | 99.00th=[   72], 99.50th=[   76], 99.90th=[   88], 99.95th=[  137],
     | 99.99th=[  326]
   bw (  KiB/s): min=51096, max=141128, per=1.85%, avg=130092.08, stdev=21040.27, samples=60
   iops        : min=12774, max=35282, avg=32523.02, stdev=5260.07, samples=60
  lat (usec)   : 20=0.44%, 50=95.60%, 100=3.90%, 250=0.04%, 500=0.02%
  lat (usec)   : 750=0.01%, 1000=0.01%
  lat (msec)   : 2=0.01%, 4=0.01%, 10=0.01%
  cpu          : usr=3.50%, sys=21.94%, ctx=975965, majf=0, minf=153408
  IO depths    : 1=100.0%, 2=0.0%, 4=0.0%, 8=0.0%, 16=0.0%, 32=0.0%, >=64=0.0%
     submit    : 0=0.0%, 4=100.0%, 8=0.0%, 16=0.0%, 32=0.0%, 64=0.0%, >=64=0.0%
     complete  : 0=0.0%, 4=100.0%, 8=0.0%, 16=0.0%, 32=0.0%, 64=0.0%, >=64=0.0%
     issued rwts: total=0,975853,0,0 short=0,0,0,0 dropped=0,0,0,0
     latency   : target=0, window=0, percentile=100.00%, depth=1
test_64kb_rwrite_5n2: (groupid=0, jobs=1): err= 0: pid=817826: Tue Sep  2 20:38:04 2025
  write: IOPS=32.6k, BW=127MiB/s (134MB/s)(3821MiB/30001msec); 0 zone resets
    clat (usec): min=16, max=3970, avg=29.69, stdev=13.16
     lat (usec): min=16, max=3970, avg=29.77, stdev=13.17
    clat percentiles (usec):
     |  1.00th=[   21],  5.00th=[   23], 10.00th=[   24], 20.00th=[   25],
     | 30.00th=[   26], 40.00th=[   26], 50.00th=[   28], 60.00th=[   29],
     | 70.00th=[   30], 80.00th=[   32], 90.00th=[   39], 95.00th=[   46],
     | 99.00th=[   72], 99.50th=[   77], 99.90th=[   98], 99.95th=[  225],
     | 99.99th=[  363]
   bw (  KiB/s): min=49664, max=141320, per=1.86%, avg=130420.33, stdev=21105.22, samples=60
   iops        : min=12416, max=35330, avg=32605.07, stdev=5276.30, samples=60
  lat (usec)   : 20=0.42%, 50=95.74%, 100=3.75%, 250=0.06%, 500=0.04%
  lat (usec)   : 750=0.01%, 1000=0.01%
  lat (msec)   : 2=0.01%, 4=0.01%
  cpu          : usr=3.40%, sys=22.40%, ctx=978210, majf=0, minf=170830
  IO depths    : 1=100.0%, 2=0.0%, 4=0.0%, 8=0.0%, 16=0.0%, 32=0.0%, >=64=0.0%
     submit    : 0=0.0%, 4=100.0%, 8=0.0%, 16=0.0%, 32=0.0%, 64=0.0%, >=64=0.0%
     complete  : 0=0.0%, 4=100.0%, 8=0.0%, 16=0.0%, 32=0.0%, 64=0.0%, >=64=0.0%
     issued rwts: total=0,978118,0,0 short=0,0,0,0 dropped=0,0,0,0
     latency   : target=0, window=0, percentile=100.00%, depth=1
test_64kb_rwrite_5n2: (groupid=0, jobs=1): err= 0: pid=817827: Tue Sep  2 20:38:04 2025
  write: IOPS=32.3k, BW=126MiB/s (133MB/s)(3791MiB/30000msec); 0 zone resets
    clat (usec): min=16, max=9623, avg=29.93, stdev=20.06
     lat (usec): min=16, max=9623, avg=30.02, stdev=20.07
    clat percentiles (usec):
     |  1.00th=[   21],  5.00th=[   23], 10.00th=[   24], 20.00th=[   25],
     | 30.00th=[   26], 40.00th=[   27], 50.00th=[   28], 60.00th=[   29],
     | 70.00th=[   30], 80.00th=[   33], 90.00th=[   39], 95.00th=[   47],
     | 99.00th=[   72], 99.50th=[   76], 99.90th=[   91], 99.95th=[  202],
     | 99.99th=[  338]
   bw (  KiB/s): min=50544, max=140712, per=1.84%, avg=129431.88, stdev=21814.09, samples=60
   iops        : min=12636, max=35178, avg=32357.92, stdev=5453.53, samples=60
  lat (usec)   : 20=0.24%, 50=95.56%, 100=4.12%, 250=0.04%, 500=0.03%
  lat (usec)   : 750=0.01%, 1000=0.01%
  lat (msec)   : 2=0.01%, 10=0.01%
  cpu          : usr=3.70%, sys=21.84%, ctx=970602, majf=0, minf=171049
  IO depths    : 1=100.0%, 2=0.0%, 4=0.0%, 8=0.0%, 16=0.0%, 32=0.0%, >=64=0.0%
     submit    : 0=0.0%, 4=100.0%, 8=0.0%, 16=0.0%, 32=0.0%, 64=0.0%, >=64=0.0%
     complete  : 0=0.0%, 4=100.0%, 8=0.0%, 16=0.0%, 32=0.0%, 64=0.0%, >=64=0.0%
     issued rwts: total=0,970470,0,0 short=0,0,0,0 dropped=0,0,0,0
     latency   : target=0, window=0, percentile=100.00%, depth=1
test_64kb_rwrite_5n3: (groupid=0, jobs=1): err= 0: pid=817828: Tue Sep  2 20:38:04 2025
  write: IOPS=33.1k, BW=129MiB/s (136MB/s)(3880MiB/30001msec); 0 zone resets
    clat (usec): min=16, max=8442, avg=29.22, stdev=18.13
     lat (usec): min=16, max=8442, avg=29.31, stdev=18.13
    clat percentiles (usec):
     |  1.00th=[   21],  5.00th=[   22], 10.00th=[   23], 20.00th=[   25],
     | 30.00th=[   26], 40.00th=[   26], 50.00th=[   27], 60.00th=[   28],
     | 70.00th=[   30], 80.00th=[   32], 90.00th=[   38], 95.00th=[   45],
     | 99.00th=[   72], 99.50th=[   76], 99.90th=[   84], 99.95th=[   98],
     | 99.99th=[  322]
   bw (  KiB/s): min=50200, max=146576, per=1.89%, avg=132412.87, stdev=17604.54, samples=60
   iops        : min=12550, max=36644, avg=33103.22, stdev=4401.13, samples=60
  lat (usec)   : 20=0.89%, 50=96.14%, 100=2.93%, 250=0.02%, 500=0.02%
  lat (usec)   : 750=0.01%, 1000=0.01%
  lat (msec)   : 2=0.01%, 10=0.01%
  cpu          : usr=3.53%, sys=22.63%, ctx=993453, majf=0, minf=168366
  IO depths    : 1=100.0%, 2=0.0%, 4=0.0%, 8=0.0%, 16=0.0%, 32=0.0%, >=64=0.0%
     submit    : 0=0.0%, 4=100.0%, 8=0.0%, 16=0.0%, 32=0.0%, 64=0.0%, >=64=0.0%
     complete  : 0=0.0%, 4=100.0%, 8=0.0%, 16=0.0%, 32=0.0%, 64=0.0%, >=64=0.0%
     issued rwts: total=0,993369,0,0 short=0,0,0,0 dropped=0,0,0,0
     latency   : target=0, window=0, percentile=100.00%, depth=1
test_64kb_rwrite_5n3: (groupid=0, jobs=1): err= 0: pid=817829: Tue Sep  2 20:38:04 2025
  write: IOPS=32.6k, BW=127MiB/s (134MB/s)(3824MiB/30000msec); 0 zone resets
    clat (usec): min=16, max=1090, avg=29.65, stdev=10.97
     lat (usec): min=16, max=1090, avg=29.73, stdev=10.97
    clat percentiles (usec):
     |  1.00th=[   21],  5.00th=[   23], 10.00th=[   24], 20.00th=[   25],
     | 30.00th=[   26], 40.00th=[   26], 50.00th=[   28], 60.00th=[   29],
     | 70.00th=[   30], 80.00th=[   32], 90.00th=[   39], 95.00th=[   46],
     | 99.00th=[   72], 99.50th=[   76], 99.90th=[   89], 99.95th=[  208],
     | 99.99th=[  334]
   bw (  KiB/s): min=45840, max=140448, per=1.86%, avg=130540.40, stdev=20610.48, samples=60
   iops        : min=11460, max=35112, avg=32635.10, stdev=5152.62, samples=60
  lat (usec)   : 20=0.56%, 50=95.61%, 100=3.76%, 250=0.05%, 500=0.03%
  lat (usec)   : 750=0.01%, 1000=0.01%
  lat (msec)   : 2=0.01%
  cpu          : usr=3.57%, sys=22.26%, ctx=979151, majf=0, minf=171774
  IO depths    : 1=100.0%, 2=0.0%, 4=0.0%, 8=0.0%, 16=0.0%, 32=0.0%, >=64=0.0%
     submit    : 0=0.0%, 4=100.0%, 8=0.0%, 16=0.0%, 32=0.0%, 64=0.0%, >=64=0.0%
     complete  : 0=0.0%, 4=100.0%, 8=0.0%, 16=0.0%, 32=0.0%, 64=0.0%, >=64=0.0%
     issued rwts: total=0,979053,0,0 short=0,0,0,0 dropped=0,0,0,0
     latency   : target=0, window=0, percentile=100.00%, depth=1
test_64kb_rwrite_5n3: (groupid=0, jobs=1): err= 0: pid=817830: Tue Sep  2 20:38:04 2025
  write: IOPS=32.3k, BW=126MiB/s (132MB/s)(3787MiB/30001msec); 0 zone resets
    clat (usec): min=17, max=3147, avg=29.82, stdev=11.76
     lat (usec): min=17, max=3147, avg=29.91, stdev=11.76
    clat percentiles (usec):
     |  1.00th=[   21],  5.00th=[   23], 10.00th=[   24], 20.00th=[   25],
     | 30.00th=[   26], 40.00th=[   26], 50.00th=[   28], 60.00th=[   29],
     | 70.00th=[   30], 80.00th=[   33], 90.00th=[   39], 95.00th=[   47],
     | 99.00th=[   73], 99.50th=[   77], 99.90th=[   94], 99.95th=[  225],
     | 99.99th=[  334]
   bw (  KiB/s): min=49104, max=141624, per=1.84%, avg=129260.22, stdev=21701.99, samples=60
   iops        : min=12276, max=35406, avg=32315.05, stdev=5425.50, samples=60
  lat (usec)   : 20=0.25%, 50=95.62%, 100=4.03%, 250=0.05%, 500=0.03%
  lat (usec)   : 750=0.01%, 1000=0.01%
  lat (msec)   : 2=0.01%, 4=0.01%
  cpu          : usr=3.36%, sys=22.55%, ctx=969705, majf=0, minf=181103
  IO depths    : 1=100.0%, 2=0.0%, 4=0.0%, 8=0.0%, 16=0.0%, 32=0.0%, >=64=0.0%
     submit    : 0=0.0%, 4=100.0%, 8=0.0%, 16=0.0%, 32=0.0%, 64=0.0%, >=64=0.0%
     complete  : 0=0.0%, 4=100.0%, 8=0.0%, 16=0.0%, 32=0.0%, 64=0.0%, >=64=0.0%
     issued rwts: total=0,969577,0,0 short=0,0,0,0 dropped=0,0,0,0
     latency   : target=0, window=0, percentile=100.00%, depth=1
test_64kb_rwrite_5n3: (groupid=0, jobs=1): err= 0: pid=817831: Tue Sep  2 20:38:04 2025
  write: IOPS=32.7k, BW=128MiB/s (134MB/s)(3832MiB/30001msec); 0 zone resets
    clat (usec): min=15, max=10167, avg=29.62, stdev=17.70
     lat (usec): min=15, max=10167, avg=29.71, stdev=17.70
    clat percentiles (usec):
     |  1.00th=[   21],  5.00th=[   23], 10.00th=[   24], 20.00th=[   25],
     | 30.00th=[   26], 40.00th=[   26], 50.00th=[   28], 60.00th=[   29],
     | 70.00th=[   30], 80.00th=[   33], 90.00th=[   39], 95.00th=[   46],
     | 99.00th=[   72], 99.50th=[   76], 99.90th=[   92], 99.95th=[  243],
     | 99.99th=[  355]
   bw (  KiB/s): min=46800, max=140904, per=1.86%, avg=130393.80, stdev=20286.57, samples=60
   iops        : min=11700, max=35226, avg=32598.45, stdev=5071.64, samples=60
  lat (usec)   : 20=0.77%, 50=95.58%, 100=3.57%, 250=0.04%, 500=0.04%
  lat (usec)   : 750=0.01%, 1000=0.01%
  lat (msec)   : 2=0.01%, 10=0.01%, 20=0.01%
  cpu          : usr=3.34%, sys=22.21%, ctx=981093, majf=0, minf=167185
  IO depths    : 1=100.0%, 2=0.0%, 4=0.0%, 8=0.0%, 16=0.0%, 32=0.0%, >=64=0.0%
     submit    : 0=0.0%, 4=100.0%, 8=0.0%, 16=0.0%, 32=0.0%, 64=0.0%, >=64=0.0%
     complete  : 0=0.0%, 4=100.0%, 8=0.0%, 16=0.0%, 32=0.0%, 64=0.0%, >=64=0.0%
     issued rwts: total=0,980991,0,0 short=0,0,0,0 dropped=0,0,0,0
     latency   : target=0, window=0, percentile=100.00%, depth=1
test_64kb_rwrite_5n3: (groupid=0, jobs=1): err= 0: pid=817832: Tue Sep  2 20:38:04 2025
  write: IOPS=32.4k, BW=127MiB/s (133MB/s)(3799MiB/30001msec); 0 zone resets
    clat (usec): min=16, max=10917, avg=29.86, stdev=20.46
     lat (usec): min=16, max=10917, avg=29.95, stdev=20.46
    clat percentiles (usec):
     |  1.00th=[   21],  5.00th=[   23], 10.00th=[   24], 20.00th=[   25],
     | 30.00th=[   26], 40.00th=[   27], 50.00th=[   28], 60.00th=[   29],
     | 70.00th=[   30], 80.00th=[   33], 90.00th=[   39], 95.00th=[   47],
     | 99.00th=[   72], 99.50th=[   77], 99.90th=[  180], 99.95th=[  285],
     | 99.99th=[  404]
   bw (  KiB/s): min=43104, max=141120, per=1.85%, avg=129684.27, stdev=22363.67, samples=60
   iops        : min=10776, max=35280, avg=32421.07, stdev=5590.92, samples=60
  lat (usec)   : 20=0.24%, 50=95.81%, 100=3.82%, 250=0.06%, 500=0.07%
  lat (usec)   : 750=0.01%, 1000=0.01%
  lat (msec)   : 2=0.01%, 10=0.01%, 20=0.01%
  cpu          : usr=3.53%, sys=22.19%, ctx=972716, majf=0, minf=166010
  IO depths    : 1=100.0%, 2=0.0%, 4=0.0%, 8=0.0%, 16=0.0%, 32=0.0%, >=64=0.0%
     submit    : 0=0.0%, 4=100.0%, 8=0.0%, 16=0.0%, 32=0.0%, 64=0.0%, >=64=0.0%
     complete  : 0=0.0%, 4=100.0%, 8=0.0%, 16=0.0%, 32=0.0%, 64=0.0%, >=64=0.0%
     issued rwts: total=0,972632,0,0 short=0,0,0,0 dropped=0,0,0,0
     latency   : target=0, window=0, percentile=100.00%, depth=1
test_64kb_rwrite_5n3: (groupid=0, jobs=1): err= 0: pid=817833: Tue Sep  2 20:38:04 2025
  write: IOPS=32.5k, BW=127MiB/s (133MB/s)(3813MiB/30001msec); 0 zone resets
    clat (usec): min=16, max=3524, avg=29.71, stdev=14.16
     lat (usec): min=16, max=3525, avg=29.80, stdev=14.16
    clat percentiles (usec):
     |  1.00th=[   21],  5.00th=[   23], 10.00th=[   24], 20.00th=[   25],
     | 30.00th=[   26], 40.00th=[   26], 50.00th=[   28], 60.00th=[   29],
     | 70.00th=[   30], 80.00th=[   32], 90.00th=[   39], 95.00th=[   46],
     | 99.00th=[   72], 99.50th=[   77], 99.90th=[  124], 99.95th=[  281],
     | 99.99th=[  388]
   bw (  KiB/s): min=48872, max=141200, per=1.85%, avg=130133.87, stdev=21593.17, samples=60
   iops        : min=12218, max=35300, avg=32533.47, stdev=5398.29, samples=60
  lat (usec)   : 20=0.41%, 50=95.81%, 100=3.67%, 250=0.05%, 500=0.06%
  lat (usec)   : 750=0.01%, 1000=0.01%
  lat (msec)   : 2=0.01%, 4=0.01%
  cpu          : usr=3.68%, sys=22.16%, ctx=976155, majf=0, minf=167617
  IO depths    : 1=100.0%, 2=0.0%, 4=0.0%, 8=0.0%, 16=0.0%, 32=0.0%, >=64=0.0%
     submit    : 0=0.0%, 4=100.0%, 8=0.0%, 16=0.0%, 32=0.0%, 64=0.0%, >=64=0.0%
     complete  : 0=0.0%, 4=100.0%, 8=0.0%, 16=0.0%, 32=0.0%, 64=0.0%, >=64=0.0%
     issued rwts: total=0,976004,0,0 short=0,0,0,0 dropped=0,0,0,0
     latency   : target=0, window=0, percentile=100.00%, depth=1
test_64kb_rwrite_5n4: (groupid=0, jobs=1): err= 0: pid=817834: Tue Sep  2 20:38:04 2025
  write: IOPS=32.5k, BW=127MiB/s (133MB/s)(3811MiB/30001msec); 0 zone resets
    clat (usec): min=17, max=8380, avg=29.78, stdev=15.74
     lat (usec): min=17, max=8380, avg=29.87, stdev=15.75
    clat percentiles (usec):
     |  1.00th=[   21],  5.00th=[   23], 10.00th=[   24], 20.00th=[   25],
     | 30.00th=[   26], 40.00th=[   27], 50.00th=[   28], 60.00th=[   29],
     | 70.00th=[   30], 80.00th=[   33], 90.00th=[   39], 95.00th=[   47],
     | 99.00th=[   73], 99.50th=[   77], 99.90th=[   97], 99.95th=[  245],
     | 99.99th=[  363]
   bw (  KiB/s): min=42517, max=140680, per=1.85%, avg=129588.73, stdev=22492.02, samples=60
   iops        : min=10629, max=35170, avg=32397.17, stdev=5623.04, samples=60
  lat (usec)   : 20=0.28%, 50=95.77%, 100=3.85%, 250=0.05%, 500=0.05%
  lat (usec)   : 750=0.01%, 1000=0.01%
  lat (msec)   : 2=0.01%, 10=0.01%
  cpu          : usr=3.58%, sys=22.14%, ctx=975618, majf=0, minf=158936
  IO depths    : 1=100.0%, 2=0.0%, 4=0.0%, 8=0.0%, 16=0.0%, 32=0.0%, >=64=0.0%
     submit    : 0=0.0%, 4=100.0%, 8=0.0%, 16=0.0%, 32=0.0%, 64=0.0%, >=64=0.0%
     complete  : 0=0.0%, 4=100.0%, 8=0.0%, 16=0.0%, 32=0.0%, 64=0.0%, >=64=0.0%
     issued rwts: total=0,975515,0,0 short=0,0,0,0 dropped=0,0,0,0
     latency   : target=0, window=0, percentile=100.00%, depth=1
test_64kb_rwrite_5n4: (groupid=0, jobs=1): err= 0: pid=817835: Tue Sep  2 20:38:04 2025
  write: IOPS=32.6k, BW=127MiB/s (134MB/s)(3824MiB/30001msec); 0 zone resets
    clat (usec): min=16, max=10097, avg=29.73, stdev=20.71
     lat (usec): min=16, max=10097, avg=29.81, stdev=20.71
    clat percentiles (usec):
     |  1.00th=[   21],  5.00th=[   23], 10.00th=[   24], 20.00th=[   25],
     | 30.00th=[   26], 40.00th=[   27], 50.00th=[   28], 60.00th=[   29],
     | 70.00th=[   30], 80.00th=[   33], 90.00th=[   39], 95.00th=[   46],
     | 99.00th=[   71], 99.50th=[   77], 99.90th=[  223], 99.95th=[  289],
     | 99.99th=[  420]
   bw (  KiB/s): min=43936, max=141192, per=1.86%, avg=130521.87, stdev=21797.10, samples=60
   iops        : min=10984, max=35298, avg=32630.47, stdev=5449.27, samples=60
  lat (usec)   : 20=0.62%, 50=95.93%, 100=3.31%, 250=0.07%, 500=0.07%
  lat (usec)   : 750=0.01%, 1000=0.01%
  lat (msec)   : 2=0.01%, 10=0.01%, 20=0.01%
  cpu          : usr=3.54%, sys=21.95%, ctx=979069, majf=0, minf=141902
  IO depths    : 1=100.0%, 2=0.0%, 4=0.0%, 8=0.0%, 16=0.0%, 32=0.0%, >=64=0.0%
     submit    : 0=0.0%, 4=100.0%, 8=0.0%, 16=0.0%, 32=0.0%, 64=0.0%, >=64=0.0%
     complete  : 0=0.0%, 4=100.0%, 8=0.0%, 16=0.0%, 32=0.0%, 64=0.0%, >=64=0.0%
     issued rwts: total=0,978914,0,0 short=0,0,0,0 dropped=0,0,0,0
     latency   : target=0, window=0, percentile=100.00%, depth=1
test_64kb_rwrite_5n4: (groupid=0, jobs=1): err= 0: pid=817836: Tue Sep  2 20:38:04 2025
  write: IOPS=32.6k, BW=128MiB/s (134MB/s)(3825MiB/30001msec); 0 zone resets
    clat (usec): min=16, max=9240, avg=29.68, stdev=16.99
     lat (usec): min=17, max=9241, avg=29.77, stdev=16.99
    clat percentiles (usec):
     |  1.00th=[   21],  5.00th=[   23], 10.00th=[   24], 20.00th=[   25],
     | 30.00th=[   26], 40.00th=[   27], 50.00th=[   28], 60.00th=[   29],
     | 70.00th=[   30], 80.00th=[   33], 90.00th=[   39], 95.00th=[   46],
     | 99.00th=[   72], 99.50th=[   76], 99.90th=[   92], 99.95th=[  247],
     | 99.99th=[  379]
   bw (  KiB/s): min=48344, max=140832, per=1.86%, avg=130522.38, stdev=19823.22, samples=60
   iops        : min=12086, max=35208, avg=32630.58, stdev=4955.81, samples=60
  lat (usec)   : 20=0.68%, 50=95.73%, 100=3.51%, 250=0.03%, 500=0.05%
  lat (usec)   : 750=0.01%, 1000=0.01%
  lat (msec)   : 2=0.01%, 4=0.01%, 10=0.01%
  cpu          : usr=3.48%, sys=22.05%, ctx=979376, majf=0, minf=161014
  IO depths    : 1=100.0%, 2=0.0%, 4=0.0%, 8=0.0%, 16=0.0%, 32=0.0%, >=64=0.0%
     submit    : 0=0.0%, 4=100.0%, 8=0.0%, 16=0.0%, 32=0.0%, 64=0.0%, >=64=0.0%
     complete  : 0=0.0%, 4=100.0%, 8=0.0%, 16=0.0%, 32=0.0%, 64=0.0%, >=64=0.0%
     issued rwts: total=0,979269,0,0 short=0,0,0,0 dropped=0,0,0,0
     latency   : target=0, window=0, percentile=100.00%, depth=1
test_64kb_rwrite_5n4: (groupid=0, jobs=1): err= 0: pid=817837: Tue Sep  2 20:38:04 2025
  write: IOPS=32.6k, BW=127MiB/s (133MB/s)(3819MiB/30000msec); 0 zone resets
    clat (usec): min=17, max=5795, avg=29.70, stdev=12.75
     lat (usec): min=17, max=5795, avg=29.79, stdev=12.76
    clat percentiles (usec):
     |  1.00th=[   21],  5.00th=[   23], 10.00th=[   24], 20.00th=[   25],
     | 30.00th=[   26], 40.00th=[   27], 50.00th=[   28], 60.00th=[   29],
     | 70.00th=[   30], 80.00th=[   33], 90.00th=[   39], 95.00th=[   46],
     | 99.00th=[   72], 99.50th=[   77], 99.90th=[   90], 99.95th=[  227],
     | 99.99th=[  355]
   bw (  KiB/s): min=47672, max=141000, per=1.85%, avg=129858.53, stdev=21191.58, samples=60
   iops        : min=11918, max=35250, avg=32464.63, stdev=5297.90, samples=60
  lat (usec)   : 20=0.41%, 50=95.74%, 100=3.77%, 250=0.04%, 500=0.04%
  lat (usec)   : 750=0.01%, 1000=0.01%
  lat (msec)   : 2=0.01%, 10=0.01%
  cpu          : usr=3.80%, sys=21.77%, ctx=977889, majf=0, minf=170656
  IO depths    : 1=100.0%, 2=0.0%, 4=0.0%, 8=0.0%, 16=0.0%, 32=0.0%, >=64=0.0%
     submit    : 0=0.0%, 4=100.0%, 8=0.0%, 16=0.0%, 32=0.0%, 64=0.0%, >=64=0.0%
     complete  : 0=0.0%, 4=100.0%, 8=0.0%, 16=0.0%, 32=0.0%, 64=0.0%, >=64=0.0%
     issued rwts: total=0,977769,0,0 short=0,0,0,0 dropped=0,0,0,0
     latency   : target=0, window=0, percentile=100.00%, depth=1
test_64kb_rwrite_5n4: (groupid=0, jobs=1): err= 0: pid=817838: Tue Sep  2 20:38:04 2025
  write: IOPS=32.7k, BW=128MiB/s (134MB/s)(3829MiB/30000msec); 0 zone resets
    clat (usec): min=16, max=7062, avg=29.53, stdev=15.15
     lat (usec): min=17, max=7062, avg=29.61, stdev=15.16
    clat percentiles (usec):
     |  1.00th=[   21],  5.00th=[   23], 10.00th=[   24], 20.00th=[   25],
     | 30.00th=[   26], 40.00th=[   26], 50.00th=[   28], 60.00th=[   29],
     | 70.00th=[   30], 80.00th=[   32], 90.00th=[   38], 95.00th=[   45],
     | 99.00th=[   72], 99.50th=[   77], 99.90th=[  100], 99.95th=[  255],
     | 99.99th=[  355]
   bw (  KiB/s): min=41136, max=141032, per=1.86%, avg=130228.85, stdev=20523.34, samples=60
   iops        : min=10284, max=35258, avg=32557.20, stdev=5130.85, samples=60
  lat (usec)   : 20=0.76%, 50=95.78%, 100=3.36%, 250=0.05%, 500=0.05%
  lat (usec)   : 750=0.01%, 1000=0.01%
  lat (msec)   : 2=0.01%, 10=0.01%
  cpu          : usr=3.25%, sys=22.69%, ctx=980361, majf=0, minf=189617
  IO depths    : 1=100.0%, 2=0.0%, 4=0.0%, 8=0.0%, 16=0.0%, 32=0.0%, >=64=0.0%
     submit    : 0=0.0%, 4=100.0%, 8=0.0%, 16=0.0%, 32=0.0%, 64=0.0%, >=64=0.0%
     complete  : 0=0.0%, 4=100.0%, 8=0.0%, 16=0.0%, 32=0.0%, 64=0.0%, >=64=0.0%
     issued rwts: total=0,980252,0,0 short=0,0,0,0 dropped=0,0,0,0
     latency   : target=0, window=0, percentile=100.00%, depth=1
test_64kb_rwrite_5n4: (groupid=0, jobs=1): err= 0: pid=817839: Tue Sep  2 20:38:04 2025
  write: IOPS=32.4k, BW=126MiB/s (133MB/s)(3792MiB/30001msec); 0 zone resets
    clat (usec): min=16, max=8447, avg=29.73, stdev=17.64
     lat (usec): min=16, max=8447, avg=29.82, stdev=17.64
    clat percentiles (usec):
     |  1.00th=[   21],  5.00th=[   23], 10.00th=[   24], 20.00th=[   25],
     | 30.00th=[   26], 40.00th=[   27], 50.00th=[   28], 60.00th=[   29],
     | 70.00th=[   30], 80.00th=[   32], 90.00th=[   39], 95.00th=[   46],
     | 99.00th=[   73], 99.50th=[   77], 99.90th=[  125], 99.95th=[  255],
     | 99.99th=[  367]
   bw (  KiB/s): min=45200, max=141272, per=1.84%, avg=129382.18, stdev=21578.45, samples=60
   iops        : min=11300, max=35318, avg=32345.53, stdev=5394.62, samples=60
  lat (usec)   : 20=0.46%, 50=95.75%, 100=3.68%, 250=0.06%, 500=0.05%
  lat (usec)   : 750=0.01%, 1000=0.01%
  lat (msec)   : 2=0.01%, 4=0.01%, 10=0.01%
  cpu          : usr=3.54%, sys=22.56%, ctx=970872, majf=0, minf=202054
  IO depths    : 1=100.0%, 2=0.0%, 4=0.0%, 8=0.0%, 16=0.0%, 32=0.0%, >=64=0.0%
     submit    : 0=0.0%, 4=100.0%, 8=0.0%, 16=0.0%, 32=0.0%, 64=0.0%, >=64=0.0%
     complete  : 0=0.0%, 4=100.0%, 8=0.0%, 16=0.0%, 32=0.0%, 64=0.0%, >=64=0.0%
     issued rwts: total=0,970749,0,0 short=0,0,0,0 dropped=0,0,0,0
     latency   : target=0, window=0, percentile=100.00%, depth=1
test_64kb_rwrite_5n5: (groupid=0, jobs=1): err= 0: pid=817840: Tue Sep  2 20:38:04 2025
  write: IOPS=32.6k, BW=127MiB/s (133MB/s)(3815MiB/30000msec); 0 zone resets
    clat (usec): min=16, max=1071, avg=29.77, stdev=11.57
     lat (usec): min=16, max=1071, avg=29.86, stdev=11.58
    clat percentiles (usec):
     |  1.00th=[   21],  5.00th=[   23], 10.00th=[   24], 20.00th=[   25],
     | 30.00th=[   26], 40.00th=[   27], 50.00th=[   28], 60.00th=[   29],
     | 70.00th=[   30], 80.00th=[   33], 90.00th=[   39], 95.00th=[   47],
     | 99.00th=[   72], 99.50th=[   77], 99.90th=[   96], 99.95th=[  245],
     | 99.99th=[  347]
   bw (  KiB/s): min=43696, max=140896, per=1.85%, avg=130205.43, stdev=21960.66, samples=60
   iops        : min=10924, max=35224, avg=32551.35, stdev=5490.16, samples=60
  lat (usec)   : 20=0.30%, 50=95.76%, 100=3.85%, 250=0.05%, 500=0.05%
  lat (usec)   : 750=0.01%, 1000=0.01%
  lat (msec)   : 2=0.01%
  cpu          : usr=3.69%, sys=21.85%, ctx=976841, majf=0, minf=145043
  IO depths    : 1=100.0%, 2=0.0%, 4=0.0%, 8=0.0%, 16=0.0%, 32=0.0%, >=64=0.0%
     submit    : 0=0.0%, 4=100.0%, 8=0.0%, 16=0.0%, 32=0.0%, 64=0.0%, >=64=0.0%
     complete  : 0=0.0%, 4=100.0%, 8=0.0%, 16=0.0%, 32=0.0%, 64=0.0%, >=64=0.0%
     issued rwts: total=0,976743,0,0 short=0,0,0,0 dropped=0,0,0,0
     latency   : target=0, window=0, percentile=100.00%, depth=1
test_64kb_rwrite_5n5: (groupid=0, jobs=1): err= 0: pid=817841: Tue Sep  2 20:38:04 2025
  write: IOPS=33.1k, BW=129MiB/s (136MB/s)(3879MiB/30001msec); 0 zone resets
    clat (usec): min=16, max=9366, avg=29.29, stdev=16.85
     lat (usec): min=16, max=9366, avg=29.38, stdev=16.85
    clat percentiles (usec):
     |  1.00th=[   21],  5.00th=[   22], 10.00th=[   23], 20.00th=[   25],
     | 30.00th=[   26], 40.00th=[   26], 50.00th=[   28], 60.00th=[   29],
     | 70.00th=[   30], 80.00th=[   32], 90.00th=[   38], 95.00th=[   45],
     | 99.00th=[   72], 99.50th=[   76], 99.90th=[   88], 99.95th=[  184],
     | 99.99th=[  343]
   bw (  KiB/s): min=49472, max=163336, per=1.88%, avg=132307.03, stdev=19869.38, samples=60
   iops        : min=12368, max=40834, avg=33076.75, stdev=4967.35, samples=60
  lat (usec)   : 20=0.95%, 50=96.10%, 100=2.88%, 250=0.03%, 500=0.03%
  lat (usec)   : 750=0.01%, 1000=0.01%
  lat (msec)   : 2=0.01%, 10=0.01%
  cpu          : usr=3.57%, sys=22.12%, ctx=993019, majf=0, minf=142051
  IO depths    : 1=100.0%, 2=0.0%, 4=0.0%, 8=0.0%, 16=0.0%, 32=0.0%, >=64=0.0%
     submit    : 0=0.0%, 4=100.0%, 8=0.0%, 16=0.0%, 32=0.0%, 64=0.0%, >=64=0.0%
     complete  : 0=0.0%, 4=100.0%, 8=0.0%, 16=0.0%, 32=0.0%, 64=0.0%, >=64=0.0%
     issued rwts: total=0,992932,0,0 short=0,0,0,0 dropped=0,0,0,0
     latency   : target=0, window=0, percentile=100.00%, depth=1
test_64kb_rwrite_5n5: (groupid=0, jobs=1): err= 0: pid=817842: Tue Sep  2 20:38:04 2025
  write: IOPS=32.9k, BW=128MiB/s (135MB/s)(3854MiB/30000msec); 0 zone resets
    clat (usec): min=16, max=10200, avg=29.56, stdev=18.27
     lat (usec): min=16, max=10200, avg=29.64, stdev=18.27
    clat percentiles (usec):
     |  1.00th=[   21],  5.00th=[   23], 10.00th=[   23], 20.00th=[   25],
     | 30.00th=[   26], 40.00th=[   26], 50.00th=[   28], 60.00th=[   29],
     | 70.00th=[   30], 80.00th=[   32], 90.00th=[   38], 95.00th=[   45],
     | 99.00th=[   71], 99.50th=[   77], 99.90th=[  235], 99.95th=[  289],
     | 99.99th=[  388]
   bw (  KiB/s): min=40888, max=140592, per=1.87%, avg=131566.27, stdev=21297.20, samples=60
   iops        : min=10222, max=35148, avg=32891.57, stdev=5324.30, samples=60
  lat (usec)   : 20=0.84%, 50=95.91%, 100=3.08%, 250=0.09%, 500=0.08%
  lat (usec)   : 750=0.01%, 1000=0.01%
  lat (msec)   : 2=0.01%, 4=0.01%, 10=0.01%, 20=0.01%
  cpu          : usr=3.58%, sys=21.69%, ctx=986847, majf=0, minf=126005
  IO depths    : 1=100.0%, 2=0.0%, 4=0.0%, 8=0.0%, 16=0.0%, 32=0.0%, >=64=0.0%
     submit    : 0=0.0%, 4=100.0%, 8=0.0%, 16=0.0%, 32=0.0%, 64=0.0%, >=64=0.0%
     complete  : 0=0.0%, 4=100.0%, 8=0.0%, 16=0.0%, 32=0.0%, 64=0.0%, >=64=0.0%
     issued rwts: total=0,986747,0,0 short=0,0,0,0 dropped=0,0,0,0
     latency   : target=0, window=0, percentile=100.00%, depth=1
test_64kb_rwrite_5n5: (groupid=0, jobs=1): err= 0: pid=817843: Tue Sep  2 20:38:04 2025
  write: IOPS=32.4k, BW=127MiB/s (133MB/s)(3800MiB/30001msec); 0 zone resets
    clat (usec): min=16, max=9189, avg=29.81, stdev=16.21
     lat (usec): min=16, max=9189, avg=29.89, stdev=16.22
    clat percentiles (usec):
     |  1.00th=[   22],  5.00th=[   23], 10.00th=[   24], 20.00th=[   25],
     | 30.00th=[   26], 40.00th=[   27], 50.00th=[   28], 60.00th=[   29],
     | 70.00th=[   30], 80.00th=[   33], 90.00th=[   39], 95.00th=[   47],
     | 99.00th=[   72], 99.50th=[   76], 99.90th=[   86], 99.95th=[  120],
     | 99.99th=[  347]
   bw (  KiB/s): min=50104, max=141240, per=1.85%, avg=129631.38, stdev=21487.49, samples=60
   iops        : min=12526, max=35310, avg=32407.83, stdev=5371.87, samples=60
  lat (usec)   : 20=0.22%, 50=95.64%, 100=4.08%, 250=0.03%, 500=0.03%
  lat (usec)   : 750=0.01%, 1000=0.01%
  lat (msec)   : 2=0.01%, 10=0.01%
  cpu          : usr=3.49%, sys=22.32%, ctx=972861, majf=0, minf=181837
  IO depths    : 1=100.0%, 2=0.0%, 4=0.0%, 8=0.0%, 16=0.0%, 32=0.0%, >=64=0.0%
     submit    : 0=0.0%, 4=100.0%, 8=0.0%, 16=0.0%, 32=0.0%, 64=0.0%, >=64=0.0%
     complete  : 0=0.0%, 4=100.0%, 8=0.0%, 16=0.0%, 32=0.0%, 64=0.0%, >=64=0.0%
     issued rwts: total=0,972761,0,0 short=0,0,0,0 dropped=0,0,0,0
     latency   : target=0, window=0, percentile=100.00%, depth=1
test_64kb_rwrite_5n5: (groupid=0, jobs=1): err= 0: pid=817844: Tue Sep  2 20:38:04 2025
  write: IOPS=32.7k, BW=128MiB/s (134MB/s)(3837MiB/30000msec); 0 zone resets
    clat (usec): min=16, max=10035, avg=29.67, stdev=20.48
     lat (usec): min=16, max=10035, avg=29.75, stdev=20.49
    clat percentiles (usec):
     |  1.00th=[   21],  5.00th=[   23], 10.00th=[   24], 20.00th=[   25],
     | 30.00th=[   26], 40.00th=[   26], 50.00th=[   28], 60.00th=[   29],
     | 70.00th=[   30], 80.00th=[   33], 90.00th=[   39], 95.00th=[   46],
     | 99.00th=[   73], 99.50th=[   77], 99.90th=[   91], 99.95th=[  208],
     | 99.99th=[  334]
   bw (  KiB/s): min=44304, max=141512, per=1.86%, avg=130851.48, stdev=20397.94, samples=60
   iops        : min=11076, max=35378, avg=32712.83, stdev=5099.47, samples=60
  lat (usec)   : 20=0.47%, 50=95.80%, 100=3.65%, 250=0.04%, 500=0.03%
  lat (usec)   : 750=0.01%, 1000=0.01%
  lat (msec)   : 2=0.01%, 10=0.01%, 20=0.01%
  cpu          : usr=3.49%, sys=21.82%, ctx=982476, majf=0, minf=129545
  IO depths    : 1=100.0%, 2=0.0%, 4=0.0%, 8=0.0%, 16=0.0%, 32=0.0%, >=64=0.0%
     submit    : 0=0.0%, 4=100.0%, 8=0.0%, 16=0.0%, 32=0.0%, 64=0.0%, >=64=0.0%
     complete  : 0=0.0%, 4=100.0%, 8=0.0%, 16=0.0%, 32=0.0%, 64=0.0%, >=64=0.0%
     issued rwts: total=0,982300,0,0 short=0,0,0,0 dropped=0,0,0,0
     latency   : target=0, window=0, percentile=100.00%, depth=1
test_64kb_rwrite_5n5: (groupid=0, jobs=1): err= 0: pid=817845: Tue Sep  2 20:38:04 2025
  write: IOPS=32.3k, BW=126MiB/s (132MB/s)(3789MiB/30001msec); 0 zone resets
    clat (usec): min=17, max=8483, avg=29.99, stdev=17.65
     lat (usec): min=17, max=8483, avg=30.07, stdev=17.66
    clat percentiles (usec):
     |  1.00th=[   21],  5.00th=[   23], 10.00th=[   24], 20.00th=[   25],
     | 30.00th=[   26], 40.00th=[   27], 50.00th=[   28], 60.00th=[   29],
     | 70.00th=[   30], 80.00th=[   33], 90.00th=[   39], 95.00th=[   46],
     | 99.00th=[   71], 99.50th=[   77], 99.90th=[  269], 99.95th=[  306],
     | 99.99th=[  404]
   bw (  KiB/s): min=36752, max=140840, per=1.84%, avg=129344.32, stdev=23796.90, samples=60
   iops        : min= 9188, max=35210, avg=32336.07, stdev=5949.26, samples=60
  lat (usec)   : 20=0.26%, 50=95.99%, 100=3.54%, 250=0.09%, 500=0.11%
  lat (usec)   : 750=0.01%, 1000=0.01%
  lat (msec)   : 2=0.01%, 10=0.01%
  cpu          : usr=3.46%, sys=21.84%, ctx=970209, majf=0, minf=145804
  IO depths    : 1=100.0%, 2=0.0%, 4=0.0%, 8=0.0%, 16=0.0%, 32=0.0%, >=64=0.0%
     submit    : 0=0.0%, 4=100.0%, 8=0.0%, 16=0.0%, 32=0.0%, 64=0.0%, >=64=0.0%
     complete  : 0=0.0%, 4=100.0%, 8=0.0%, 16=0.0%, 32=0.0%, 64=0.0%, >=64=0.0%
     issued rwts: total=0,970093,0,0 short=0,0,0,0 dropped=0,0,0,0
     latency   : target=0, window=0, percentile=100.00%, depth=1
test_64kb_rwrite_5n6: (groupid=0, jobs=1): err= 0: pid=817846: Tue Sep  2 20:38:04 2025
  write: IOPS=32.4k, BW=127MiB/s (133MB/s)(3801MiB/30001msec); 0 zone resets
    clat (usec): min=17, max=9520, avg=29.86, stdev=19.28
     lat (usec): min=17, max=9520, avg=29.95, stdev=19.28
    clat percentiles (usec):
     |  1.00th=[   21],  5.00th=[   23], 10.00th=[   24], 20.00th=[   25],
     | 30.00th=[   26], 40.00th=[   27], 50.00th=[   28], 60.00th=[   29],
     | 70.00th=[   30], 80.00th=[   33], 90.00th=[   39], 95.00th=[   47],
     | 99.00th=[   72], 99.50th=[   77], 99.90th=[  184], 99.95th=[  255],
     | 99.99th=[  343]
   bw (  KiB/s): min=47880, max=140784, per=1.85%, avg=129737.47, stdev=22116.76, samples=60
   iops        : min=11970, max=35196, avg=32434.37, stdev=5529.19, samples=60
  lat (usec)   : 20=0.33%, 50=95.67%, 100=3.88%, 250=0.07%, 500=0.05%
  lat (usec)   : 750=0.01%, 1000=0.01%
  lat (msec)   : 2=0.01%, 4=0.01%, 10=0.01%
  cpu          : usr=3.47%, sys=21.99%, ctx=973148, majf=0, minf=168077
  IO depths    : 1=100.0%, 2=0.0%, 4=0.0%, 8=0.0%, 16=0.0%, 32=0.0%, >=64=0.0%
     submit    : 0=0.0%, 4=100.0%, 8=0.0%, 16=0.0%, 32=0.0%, 64=0.0%, >=64=0.0%
     complete  : 0=0.0%, 4=100.0%, 8=0.0%, 16=0.0%, 32=0.0%, 64=0.0%, >=64=0.0%
     issued rwts: total=0,973031,0,0 short=0,0,0,0 dropped=0,0,0,0
     latency   : target=0, window=0, percentile=100.00%, depth=1
test_64kb_rwrite_5n6: (groupid=0, jobs=1): err= 0: pid=817847: Tue Sep  2 20:38:04 2025
  write: IOPS=32.7k, BW=128MiB/s (134MB/s)(3826MiB/30001msec); 0 zone resets
    clat (usec): min=16, max=9802, avg=29.64, stdev=22.60
     lat (usec): min=16, max=9802, avg=29.73, stdev=22.60
    clat percentiles (usec):
     |  1.00th=[   21],  5.00th=[   23], 10.00th=[   24], 20.00th=[   25],
     | 30.00th=[   26], 40.00th=[   26], 50.00th=[   28], 60.00th=[   29],
     | 70.00th=[   30], 80.00th=[   32], 90.00th=[   39], 95.00th=[   46],
     | 99.00th=[   72], 99.50th=[   77], 99.90th=[  210], 99.95th=[  285],
     | 99.99th=[  379]
   bw (  KiB/s): min=40216, max=140304, per=1.85%, avg=130131.60, stdev=20561.93, samples=60
   iops        : min=10054, max=35076, avg=32532.90, stdev=5140.48, samples=60
  lat (usec)   : 20=0.73%, 50=95.79%, 100=3.34%, 250=0.06%, 500=0.07%
  lat (usec)   : 750=0.01%, 1000=0.01%
  lat (msec)   : 2=0.01%, 10=0.01%
  cpu          : usr=3.48%, sys=22.21%, ctx=979673, majf=0, minf=173783
  IO depths    : 1=100.0%, 2=0.0%, 4=0.0%, 8=0.0%, 16=0.0%, 32=0.0%, >=64=0.0%
     submit    : 0=0.0%, 4=100.0%, 8=0.0%, 16=0.0%, 32=0.0%, 64=0.0%, >=64=0.0%
     complete  : 0=0.0%, 4=100.0%, 8=0.0%, 16=0.0%, 32=0.0%, 64=0.0%, >=64=0.0%
     issued rwts: total=0,979553,0,0 short=0,0,0,0 dropped=0,0,0,0
     latency   : target=0, window=0, percentile=100.00%, depth=1
test_64kb_rwrite_5n6: (groupid=0, jobs=1): err= 0: pid=817848: Tue Sep  2 20:38:04 2025
  write: IOPS=32.5k, BW=127MiB/s (133MB/s)(3808MiB/30001msec); 0 zone resets
    clat (usec): min=16, max=7904, avg=29.80, stdev=14.82
     lat (usec): min=17, max=7904, avg=29.89, stdev=14.82
    clat percentiles (usec):
     |  1.00th=[   21],  5.00th=[   23], 10.00th=[   24], 20.00th=[   25],
     | 30.00th=[   26], 40.00th=[   27], 50.00th=[   28], 60.00th=[   29],
     | 70.00th=[   30], 80.00th=[   33], 90.00th=[   39], 95.00th=[   47],
     | 99.00th=[   72], 99.50th=[   77], 99.90th=[   99], 99.95th=[  265],
     | 99.99th=[  351]
   bw (  KiB/s): min=43008, max=140760, per=1.84%, avg=129499.77, stdev=22182.97, samples=60
   iops        : min=10752, max=35190, avg=32374.93, stdev=5545.75, samples=60
  lat (usec)   : 20=0.31%, 50=95.77%, 100=3.83%, 250=0.04%, 500=0.05%
  lat (usec)   : 750=0.01%, 1000=0.01%
  lat (msec)   : 2=0.01%, 10=0.01%
  cpu          : usr=3.68%, sys=21.97%, ctx=975047, majf=0, minf=155455
  IO depths    : 1=100.0%, 2=0.0%, 4=0.0%, 8=0.0%, 16=0.0%, 32=0.0%, >=64=0.0%
     submit    : 0=0.0%, 4=100.0%, 8=0.0%, 16=0.0%, 32=0.0%, 64=0.0%, >=64=0.0%
     complete  : 0=0.0%, 4=100.0%, 8=0.0%, 16=0.0%, 32=0.0%, 64=0.0%, >=64=0.0%
     issued rwts: total=0,974938,0,0 short=0,0,0,0 dropped=0,0,0,0
     latency   : target=0, window=0, percentile=100.00%, depth=1
test_64kb_rwrite_5n6: (groupid=0, jobs=1): err= 0: pid=817849: Tue Sep  2 20:38:04 2025
  write: IOPS=32.4k, BW=127MiB/s (133MB/s)(3796MiB/30000msec); 0 zone resets
    clat (usec): min=16, max=7910, avg=29.87, stdev=17.65
     lat (usec): min=16, max=7910, avg=29.96, stdev=17.66
    clat percentiles (usec):
     |  1.00th=[   21],  5.00th=[   23], 10.00th=[   24], 20.00th=[   25],
     | 30.00th=[   26], 40.00th=[   27], 50.00th=[   28], 60.00th=[   29],
     | 70.00th=[   30], 80.00th=[   32], 90.00th=[   38], 95.00th=[   46],
     | 99.00th=[   71], 99.50th=[   77], 99.90th=[  255], 99.95th=[  302],
     | 99.99th=[  424]
   bw (  KiB/s): min=30952, max=140592, per=1.85%, avg=129575.35, stdev=23067.78, samples=60
   iops        : min= 7738, max=35148, avg=32393.83, stdev=5766.95, samples=60
  lat (usec)   : 20=0.28%, 50=96.05%, 100=3.46%, 250=0.09%, 500=0.11%
  lat (usec)   : 750=0.01%, 1000=0.01%
  lat (msec)   : 2=0.01%, 4=0.01%, 10=0.01%
  cpu          : usr=3.61%, sys=22.11%, ctx=971992, majf=0, minf=149191
  IO depths    : 1=100.0%, 2=0.0%, 4=0.0%, 8=0.0%, 16=0.0%, 32=0.0%, >=64=0.0%
     submit    : 0=0.0%, 4=100.0%, 8=0.0%, 16=0.0%, 32=0.0%, 64=0.0%, >=64=0.0%
     complete  : 0=0.0%, 4=100.0%, 8=0.0%, 16=0.0%, 32=0.0%, 64=0.0%, >=64=0.0%
     issued rwts: total=0,971878,0,0 short=0,0,0,0 dropped=0,0,0,0
     latency   : target=0, window=0, percentile=100.00%, depth=1
test_64kb_rwrite_5n6: (groupid=0, jobs=1): err= 0: pid=817850: Tue Sep  2 20:38:04 2025
  write: IOPS=32.4k, BW=127MiB/s (133MB/s)(3797MiB/30001msec); 0 zone resets
    clat (usec): min=16, max=8437, avg=29.89, stdev=17.99
     lat (usec): min=16, max=8437, avg=29.98, stdev=17.99
    clat percentiles (usec):
     |  1.00th=[   21],  5.00th=[   23], 10.00th=[   24], 20.00th=[   25],
     | 30.00th=[   26], 40.00th=[   27], 50.00th=[   28], 60.00th=[   29],
     | 70.00th=[   30], 80.00th=[   33], 90.00th=[   39], 95.00th=[   47],
     | 99.00th=[   72], 99.50th=[   77], 99.90th=[  202], 99.95th=[  285],
     | 99.99th=[  392]
   bw (  KiB/s): min=39815, max=141160, per=1.85%, avg=129590.52, stdev=22862.16, samples=60
   iops        : min= 9953, max=35290, avg=32397.62, stdev=5715.59, samples=60
  lat (usec)   : 20=0.28%, 50=95.81%, 100=3.78%, 250=0.06%, 500=0.07%
  lat (usec)   : 750=0.01%, 1000=0.01%
  lat (msec)   : 2=0.01%, 10=0.01%
  cpu          : usr=3.47%, sys=22.16%, ctx=972075, majf=0, minf=144597
  IO depths    : 1=100.0%, 2=0.0%, 4=0.0%, 8=0.0%, 16=0.0%, 32=0.0%, >=64=0.0%
     submit    : 0=0.0%, 4=100.0%, 8=0.0%, 16=0.0%, 32=0.0%, 64=0.0%, >=64=0.0%
     complete  : 0=0.0%, 4=100.0%, 8=0.0%, 16=0.0%, 32=0.0%, 64=0.0%, >=64=0.0%
     issued rwts: total=0,971919,0,0 short=0,0,0,0 dropped=0,0,0,0
     latency   : target=0, window=0, percentile=100.00%, depth=1
test_64kb_rwrite_5n6: (groupid=0, jobs=1): err= 0: pid=817851: Tue Sep  2 20:38:04 2025
  write: IOPS=32.5k, BW=127MiB/s (133MB/s)(3806MiB/30000msec); 0 zone resets
    clat (usec): min=17, max=10010, avg=29.91, stdev=19.05
     lat (usec): min=17, max=10010, avg=29.99, stdev=19.05
    clat percentiles (usec):
     |  1.00th=[   21],  5.00th=[   23], 10.00th=[   24], 20.00th=[   25],
     | 30.00th=[   26], 40.00th=[   27], 50.00th=[   28], 60.00th=[   29],
     | 70.00th=[   30], 80.00th=[   33], 90.00th=[   39], 95.00th=[   47],
     | 99.00th=[   72], 99.50th=[   76], 99.90th=[   89], 99.95th=[  208],
     | 99.99th=[  338]
   bw (  KiB/s): min=47903, max=140656, per=1.85%, avg=129925.02, stdev=22130.80, samples=60
   iops        : min=11975, max=35164, avg=32481.23, stdev=5532.74, samples=60
  lat (usec)   : 20=0.25%, 50=95.57%, 100=4.10%, 250=0.04%, 500=0.03%
  lat (usec)   : 750=0.01%, 1000=0.01%
  lat (msec)   : 2=0.01%, 10=0.01%, 20=0.01%
  cpu          : usr=3.57%, sys=21.63%, ctx=974556, majf=0, minf=132447
  IO depths    : 1=100.0%, 2=0.0%, 4=0.0%, 8=0.0%, 16=0.0%, 32=0.0%, >=64=0.0%
     submit    : 0=0.0%, 4=100.0%, 8=0.0%, 16=0.0%, 32=0.0%, 64=0.0%, >=64=0.0%
     complete  : 0=0.0%, 4=100.0%, 8=0.0%, 16=0.0%, 32=0.0%, 64=0.0%, >=64=0.0%
     issued rwts: total=0,974460,0,0 short=0,0,0,0 dropped=0,0,0,0
     latency   : target=0, window=0, percentile=100.00%, depth=1
test_64kb_rwrite_5n7: (groupid=0, jobs=1): err= 0: pid=817852: Tue Sep  2 20:38:04 2025
  write: IOPS=32.2k, BW=126MiB/s (132MB/s)(3776MiB/30001msec); 0 zone resets
    clat (usec): min=17, max=8065, avg=29.83, stdev=13.74
     lat (usec): min=17, max=8065, avg=29.92, stdev=13.74
    clat percentiles (usec):
     |  1.00th=[   21],  5.00th=[   23], 10.00th=[   24], 20.00th=[   25],
     | 30.00th=[   26], 40.00th=[   27], 50.00th=[   28], 60.00th=[   29],
     | 70.00th=[   30], 80.00th=[   33], 90.00th=[   39], 95.00th=[   47],
     | 99.00th=[   72], 99.50th=[   77], 99.90th=[   89], 99.95th=[  198],
     | 99.99th=[  306]
   bw (  KiB/s): min=48704, max=140464, per=1.83%, avg=128794.57, stdev=21070.04, samples=60
   iops        : min=12176, max=35116, avg=32198.63, stdev=5267.51, samples=60
  lat (usec)   : 20=0.25%, 50=95.65%, 100=4.04%, 250=0.04%, 500=0.03%
  lat (usec)   : 1000=0.01%
  lat (msec)   : 2=0.01%, 4=0.01%, 10=0.01%
  cpu          : usr=3.63%, sys=22.48%, ctx=966829, majf=0, minf=211093
  IO depths    : 1=100.0%, 2=0.0%, 4=0.0%, 8=0.0%, 16=0.0%, 32=0.0%, >=64=0.0%
     submit    : 0=0.0%, 4=100.0%, 8=0.0%, 16=0.0%, 32=0.0%, 64=0.0%, >=64=0.0%
     complete  : 0=0.0%, 4=100.0%, 8=0.0%, 16=0.0%, 32=0.0%, 64=0.0%, >=64=0.0%
     issued rwts: total=0,966694,0,0 short=0,0,0,0 dropped=0,0,0,0
     latency   : target=0, window=0, percentile=100.00%, depth=1
test_64kb_rwrite_5n7: (groupid=0, jobs=1): err= 0: pid=817853: Tue Sep  2 20:38:04 2025
  write: IOPS=32.4k, BW=127MiB/s (133MB/s)(3802MiB/30001msec); 0 zone resets
    clat (usec): min=16, max=10651, avg=29.85, stdev=18.67
     lat (usec): min=17, max=10651, avg=29.94, stdev=18.67
    clat percentiles (usec):
     |  1.00th=[   21],  5.00th=[   23], 10.00th=[   24], 20.00th=[   25],
     | 30.00th=[   26], 40.00th=[   27], 50.00th=[   28], 60.00th=[   29],
     | 70.00th=[   30], 80.00th=[   33], 90.00th=[   39], 95.00th=[   46],
     | 99.00th=[   72], 99.50th=[   77], 99.90th=[  112], 99.95th=[  265],
     | 99.99th=[  388]
   bw (  KiB/s): min=44200, max=140496, per=1.84%, avg=129292.30, stdev=21907.59, samples=60
   iops        : min=11050, max=35124, avg=32323.07, stdev=5476.90, samples=60
  lat (usec)   : 20=0.29%, 50=95.86%, 100=3.74%, 250=0.05%, 500=0.06%
  lat (usec)   : 750=0.01%, 1000=0.01%
  lat (msec)   : 2=0.01%, 4=0.01%, 10=0.01%, 20=0.01%
  cpu          : usr=3.56%, sys=22.15%, ctx=973319, majf=0, minf=161369
  IO depths    : 1=100.0%, 2=0.0%, 4=0.0%, 8=0.0%, 16=0.0%, 32=0.0%, >=64=0.0%
     submit    : 0=0.0%, 4=100.0%, 8=0.0%, 16=0.0%, 32=0.0%, 64=0.0%, >=64=0.0%
     complete  : 0=0.0%, 4=100.0%, 8=0.0%, 16=0.0%, 32=0.0%, 64=0.0%, >=64=0.0%
     issued rwts: total=0,973212,0,0 short=0,0,0,0 dropped=0,0,0,0
     latency   : target=0, window=0, percentile=100.00%, depth=1
test_64kb_rwrite_5n7: (groupid=0, jobs=1): err= 0: pid=817854: Tue Sep  2 20:38:04 2025
  write: IOPS=32.4k, BW=127MiB/s (133MB/s)(3803MiB/30001msec); 0 zone resets
    clat (usec): min=15, max=11281, avg=29.85, stdev=18.42
     lat (usec): min=15, max=11281, avg=29.94, stdev=18.43
    clat percentiles (usec):
     |  1.00th=[   21],  5.00th=[   23], 10.00th=[   24], 20.00th=[   25],
     | 30.00th=[   26], 40.00th=[   27], 50.00th=[   28], 60.00th=[   29],
     | 70.00th=[   30], 80.00th=[   33], 90.00th=[   39], 95.00th=[   47],
     | 99.00th=[   72], 99.50th=[   76], 99.90th=[   95], 99.95th=[  249],
     | 99.99th=[  347]
   bw (  KiB/s): min=45864, max=140744, per=1.84%, avg=129404.15, stdev=21538.95, samples=60
   iops        : min=11466, max=35186, avg=32351.03, stdev=5384.74, samples=60
  lat (usec)   : 20=0.33%, 50=95.71%, 100=3.87%, 250=0.04%, 500=0.05%
  lat (usec)   : 750=0.01%, 1000=0.01%
  lat (msec)   : 2=0.01%, 4=0.01%, 10=0.01%, 20=0.01%
  cpu          : usr=3.45%, sys=22.30%, ctx=973595, majf=0, minf=165689
  IO depths    : 1=100.0%, 2=0.0%, 4=0.0%, 8=0.0%, 16=0.0%, 32=0.0%, >=64=0.0%
     submit    : 0=0.0%, 4=100.0%, 8=0.0%, 16=0.0%, 32=0.0%, 64=0.0%, >=64=0.0%
     complete  : 0=0.0%, 4=100.0%, 8=0.0%, 16=0.0%, 32=0.0%, 64=0.0%, >=64=0.0%
     issued rwts: total=0,973481,0,0 short=0,0,0,0 dropped=0,0,0,0
     latency   : target=0, window=0, percentile=100.00%, depth=1
test_64kb_rwrite_5n7: (groupid=0, jobs=1): err= 0: pid=817855: Tue Sep  2 20:38:04 2025
  write: IOPS=32.6k, BW=127MiB/s (133MB/s)(3816MiB/30000msec); 0 zone resets
    clat (usec): min=17, max=1186, avg=29.86, stdev=11.23
     lat (usec): min=17, max=1186, avg=29.95, stdev=11.23
    clat percentiles (usec):
     |  1.00th=[   21],  5.00th=[   23], 10.00th=[   24], 20.00th=[   25],
     | 30.00th=[   26], 40.00th=[   27], 50.00th=[   28], 60.00th=[   29],
     | 70.00th=[   30], 80.00th=[   33], 90.00th=[   39], 95.00th=[   47],
     | 99.00th=[   73], 99.50th=[   77], 99.90th=[   90], 99.95th=[  196],
     | 99.99th=[  347]
   bw (  KiB/s): min=46536, max=140272, per=1.86%, avg=130238.27, stdev=21244.95, samples=60
   iops        : min=11634, max=35068, avg=32559.57, stdev=5311.24, samples=60
  lat (usec)   : 20=0.38%, 50=95.59%, 100=3.95%, 250=0.04%, 500=0.04%
  lat (usec)   : 750=0.01%, 1000=0.01%
  lat (msec)   : 2=0.01%
  cpu          : usr=3.61%, sys=21.48%, ctx=976890, majf=0, minf=125399
  IO depths    : 1=100.0%, 2=0.0%, 4=0.0%, 8=0.0%, 16=0.0%, 32=0.0%, >=64=0.0%
     submit    : 0=0.0%, 4=100.0%, 8=0.0%, 16=0.0%, 32=0.0%, 64=0.0%, >=64=0.0%
     complete  : 0=0.0%, 4=100.0%, 8=0.0%, 16=0.0%, 32=0.0%, 64=0.0%, >=64=0.0%
     issued rwts: total=0,976787,0,0 short=0,0,0,0 dropped=0,0,0,0
     latency   : target=0, window=0, percentile=100.00%, depth=1
test_64kb_rwrite_5n7: (groupid=0, jobs=1): err= 0: pid=817856: Tue Sep  2 20:38:04 2025
  write: IOPS=32.5k, BW=127MiB/s (133MB/s)(3810MiB/30001msec); 0 zone resets
    clat (usec): min=16, max=7421, avg=29.79, stdev=15.99
     lat (usec): min=16, max=7421, avg=29.88, stdev=15.99
    clat percentiles (usec):
     |  1.00th=[   21],  5.00th=[   23], 10.00th=[   24], 20.00th=[   25],
     | 30.00th=[   26], 40.00th=[   27], 50.00th=[   28], 60.00th=[   29],
     | 70.00th=[   30], 80.00th=[   33], 90.00th=[   39], 95.00th=[   46],
     | 99.00th=[   72], 99.50th=[   77], 99.90th=[  106], 99.95th=[  249],
     | 99.99th=[  371]
   bw (  KiB/s): min=47536, max=139856, per=1.85%, avg=130041.88, stdev=21120.57, samples=60
   iops        : min=11884, max=34964, avg=32510.47, stdev=5280.14, samples=60
  lat (usec)   : 20=0.61%, 50=95.61%, 100=3.68%, 250=0.06%, 500=0.05%
  lat (usec)   : 750=0.01%, 1000=0.01%
  lat (msec)   : 2=0.01%, 4=0.01%, 10=0.01%
  cpu          : usr=3.45%, sys=22.02%, ctx=975503, majf=0, minf=167026
  IO depths    : 1=100.0%, 2=0.0%, 4=0.0%, 8=0.0%, 16=0.0%, 32=0.0%, >=64=0.0%
     submit    : 0=0.0%, 4=100.0%, 8=0.0%, 16=0.0%, 32=0.0%, 64=0.0%, >=64=0.0%
     complete  : 0=0.0%, 4=100.0%, 8=0.0%, 16=0.0%, 32=0.0%, 64=0.0%, >=64=0.0%
     issued rwts: total=0,975347,0,0 short=0,0,0,0 dropped=0,0,0,0
     latency   : target=0, window=0, percentile=100.00%, depth=1
test_64kb_rwrite_5n7: (groupid=0, jobs=1): err= 0: pid=817857: Tue Sep  2 20:38:04 2025
  write: IOPS=32.6k, BW=127MiB/s (133MB/s)(3819MiB/30001msec); 0 zone resets
    clat (usec): min=16, max=1183, avg=29.74, stdev=13.85
     lat (usec): min=16, max=1183, avg=29.83, stdev=13.86
    clat percentiles (usec):
     |  1.00th=[   21],  5.00th=[   23], 10.00th=[   24], 20.00th=[   25],
     | 30.00th=[   26], 40.00th=[   27], 50.00th=[   28], 60.00th=[   29],
     | 70.00th=[   30], 80.00th=[   32], 90.00th=[   38], 95.00th=[   45],
     | 99.00th=[   71], 99.50th=[   77], 99.90th=[  258], 99.95th=[  302],
     | 99.99th=[  404]
   bw (  KiB/s): min=35975, max=139952, per=1.85%, avg=129864.18, stdev=21458.49, samples=60
   iops        : min= 8993, max=34988, avg=32466.03, stdev=5364.68, samples=60
  lat (usec)   : 20=0.74%, 50=95.97%, 100=3.09%, 250=0.09%, 500=0.11%
  lat (usec)   : 750=0.01%, 1000=0.01%
  lat (msec)   : 2=0.01%
  cpu          : usr=3.64%, sys=22.03%, ctx=977854, majf=0, minf=145611
  IO depths    : 1=100.0%, 2=0.0%, 4=0.0%, 8=0.0%, 16=0.0%, 32=0.0%, >=64=0.0%
     submit    : 0=0.0%, 4=100.0%, 8=0.0%, 16=0.0%, 32=0.0%, 64=0.0%, >=64=0.0%
     complete  : 0=0.0%, 4=100.0%, 8=0.0%, 16=0.0%, 32=0.0%, 64=0.0%, >=64=0.0%
     issued rwts: total=0,977775,0,0 short=0,0,0,0 dropped=0,0,0,0
     latency   : target=0, window=0, percentile=100.00%, depth=1
test_64kb_rwrite_5n8: (groupid=0, jobs=1): err= 0: pid=817858: Tue Sep  2 20:38:04 2025
  write: IOPS=31.9k, BW=125MiB/s (131MB/s)(3742MiB/30001msec); 0 zone resets
    clat (usec): min=16, max=9135, avg=30.21, stdev=17.40
     lat (usec): min=17, max=9135, avg=30.30, stdev=17.40
    clat percentiles (usec):
     |  1.00th=[   21],  5.00th=[   23], 10.00th=[   24], 20.00th=[   25],
     | 30.00th=[   26], 40.00th=[   27], 50.00th=[   28], 60.00th=[   29],
     | 70.00th=[   30], 80.00th=[   33], 90.00th=[   40], 95.00th=[   47],
     | 99.00th=[   72], 99.50th=[   78], 99.90th=[  251], 99.95th=[  297],
     | 99.99th=[  400]
   bw (  KiB/s): min=31984, max=138928, per=1.82%, avg=127705.68, stdev=21521.64, samples=60
   iops        : min= 7996, max=34732, avg=31926.42, stdev=5380.41, samples=60
  lat (usec)   : 20=0.51%, 50=95.64%, 100=3.61%, 250=0.13%, 500=0.10%
  lat (usec)   : 750=0.01%, 1000=0.01%
  lat (msec)   : 2=0.01%, 4=0.01%, 10=0.01%
  cpu          : usr=3.27%, sys=22.40%, ctx=958110, majf=0, minf=198720
  IO depths    : 1=100.0%, 2=0.0%, 4=0.0%, 8=0.0%, 16=0.0%, 32=0.0%, >=64=0.0%
     submit    : 0=0.0%, 4=100.0%, 8=0.0%, 16=0.0%, 32=0.0%, 64=0.0%, >=64=0.0%
     complete  : 0=0.0%, 4=100.0%, 8=0.0%, 16=0.0%, 32=0.0%, 64=0.0%, >=64=0.0%
     issued rwts: total=0,958018,0,0 short=0,0,0,0 dropped=0,0,0,0
     latency   : target=0, window=0, percentile=100.00%, depth=1
test_64kb_rwrite_5n8: (groupid=0, jobs=1): err= 0: pid=817859: Tue Sep  2 20:38:04 2025
  write: IOPS=32.0k, BW=125MiB/s (131MB/s)(3751MiB/30001msec); 0 zone resets
    clat (usec): min=17, max=10867, avg=30.36, stdev=17.36
     lat (usec): min=17, max=10867, avg=30.45, stdev=17.36
    clat percentiles (usec):
     |  1.00th=[   22],  5.00th=[   23], 10.00th=[   24], 20.00th=[   25],
     | 30.00th=[   26], 40.00th=[   27], 50.00th=[   28], 60.00th=[   29],
     | 70.00th=[   30], 80.00th=[   34], 90.00th=[   40], 95.00th=[   48],
     | 99.00th=[   74], 99.50th=[   78], 99.90th=[  190], 99.95th=[  258],
     | 99.99th=[  351]
   bw (  KiB/s): min=44392, max=138392, per=1.82%, avg=127988.65, stdev=21725.71, samples=60
   iops        : min=11098, max=34598, avg=31997.15, stdev=5431.43, samples=60
  lat (usec)   : 20=0.19%, 50=95.53%, 100=4.10%, 250=0.13%, 500=0.05%
  lat (usec)   : 750=0.01%, 1000=0.01%
  lat (msec)   : 2=0.01%, 10=0.01%, 20=0.01%
  cpu          : usr=3.51%, sys=21.59%, ctx=960433, majf=0, minf=131221
  IO depths    : 1=100.0%, 2=0.0%, 4=0.0%, 8=0.0%, 16=0.0%, 32=0.0%, >=64=0.0%
     submit    : 0=0.0%, 4=100.0%, 8=0.0%, 16=0.0%, 32=0.0%, 64=0.0%, >=64=0.0%
     complete  : 0=0.0%, 4=100.0%, 8=0.0%, 16=0.0%, 32=0.0%, 64=0.0%, >=64=0.0%
     issued rwts: total=0,960340,0,0 short=0,0,0,0 dropped=0,0,0,0
     latency   : target=0, window=0, percentile=100.00%, depth=1
test_64kb_rwrite_5n8: (groupid=0, jobs=1): err= 0: pid=817860: Tue Sep  2 20:38:04 2025
  write: IOPS=32.0k, BW=125MiB/s (131MB/s)(3754MiB/30001msec); 0 zone resets
    clat (usec): min=16, max=9154, avg=30.23, stdev=15.80
     lat (usec): min=16, max=9154, avg=30.32, stdev=15.81
    clat percentiles (usec):
     |  1.00th=[   21],  5.00th=[   23], 10.00th=[   24], 20.00th=[   25],
     | 30.00th=[   26], 40.00th=[   27], 50.00th=[   28], 60.00th=[   29],
     | 70.00th=[   30], 80.00th=[   33], 90.00th=[   40], 95.00th=[   47],
     | 99.00th=[   73], 99.50th=[   78], 99.90th=[  215], 99.95th=[  277],
     | 99.99th=[  355]
   bw (  KiB/s): min=39120, max=138632, per=1.82%, avg=128072.33, stdev=21320.70, samples=60
   iops        : min= 9780, max=34658, avg=32018.08, stdev=5330.18, samples=60
  lat (usec)   : 20=0.37%, 50=95.55%, 100=3.89%, 250=0.13%, 500=0.07%
  lat (usec)   : 750=0.01%, 1000=0.01%
  lat (msec)   : 2=0.01%, 10=0.01%
  cpu          : usr=3.43%, sys=21.88%, ctx=961091, majf=0, minf=157821
  IO depths    : 1=100.0%, 2=0.0%, 4=0.0%, 8=0.0%, 16=0.0%, 32=0.0%, >=64=0.0%
     submit    : 0=0.0%, 4=100.0%, 8=0.0%, 16=0.0%, 32=0.0%, 64=0.0%, >=64=0.0%
     complete  : 0=0.0%, 4=100.0%, 8=0.0%, 16=0.0%, 32=0.0%, 64=0.0%, >=64=0.0%
     issued rwts: total=0,961015,0,0 short=0,0,0,0 dropped=0,0,0,0
     latency   : target=0, window=0, percentile=100.00%, depth=1
test_64kb_rwrite_5n8: (groupid=0, jobs=1): err= 0: pid=817861: Tue Sep  2 20:38:04 2025
  write: IOPS=32.4k, BW=127MiB/s (133MB/s)(3799MiB/30001msec); 0 zone resets
    clat (usec): min=16, max=7916, avg=29.89, stdev=13.25
     lat (usec): min=16, max=7916, avg=29.98, stdev=13.26
    clat percentiles (usec):
     |  1.00th=[   21],  5.00th=[   23], 10.00th=[   24], 20.00th=[   25],
     | 30.00th=[   26], 40.00th=[   27], 50.00th=[   28], 60.00th=[   29],
     | 70.00th=[   30], 80.00th=[   33], 90.00th=[   40], 95.00th=[   47],
     | 99.00th=[   73], 99.50th=[   77], 99.90th=[   97], 99.95th=[  130],
     | 99.99th=[  314]
   bw (  KiB/s): min=49232, max=138880, per=1.84%, avg=129214.73, stdev=18746.39, samples=60
   iops        : min=12308, max=34720, avg=32303.68, stdev=4686.60, samples=60
  lat (usec)   : 20=0.77%, 50=95.51%, 100=3.63%, 250=0.07%, 500=0.02%
  lat (usec)   : 750=0.01%, 1000=0.01%
  lat (msec)   : 2=0.01%, 10=0.01%
  cpu          : usr=3.53%, sys=21.75%, ctx=972632, majf=0, minf=158160
  IO depths    : 1=100.0%, 2=0.0%, 4=0.0%, 8=0.0%, 16=0.0%, 32=0.0%, >=64=0.0%
     submit    : 0=0.0%, 4=100.0%, 8=0.0%, 16=0.0%, 32=0.0%, 64=0.0%, >=64=0.0%
     complete  : 0=0.0%, 4=100.0%, 8=0.0%, 16=0.0%, 32=0.0%, 64=0.0%, >=64=0.0%
     issued rwts: total=0,972551,0,0 short=0,0,0,0 dropped=0,0,0,0
     latency   : target=0, window=0, percentile=100.00%, depth=1
test_64kb_rwrite_5n8: (groupid=0, jobs=1): err= 0: pid=817862: Tue Sep  2 20:38:04 2025
  write: IOPS=32.1k, BW=125MiB/s (132MB/s)(3763MiB/30000msec); 0 zone resets
    clat (usec): min=17, max=1077, avg=30.27, stdev=13.22
     lat (usec): min=17, max=1077, avg=30.35, stdev=13.23
    clat percentiles (usec):
     |  1.00th=[   21],  5.00th=[   23], 10.00th=[   24], 20.00th=[   25],
     | 30.00th=[   26], 40.00th=[   27], 50.00th=[   28], 60.00th=[   29],
     | 70.00th=[   31], 80.00th=[   33], 90.00th=[   40], 95.00th=[   47],
     | 99.00th=[   73], 99.50th=[   78], 99.90th=[  229], 99.95th=[  289],
     | 99.99th=[  388]
   bw (  KiB/s): min=38424, max=139656, per=1.82%, avg=127967.83, stdev=22161.72, samples=60
   iops        : min= 9606, max=34914, avg=31991.95, stdev=5540.44, samples=60
  lat (usec)   : 20=0.29%, 50=95.61%, 100=3.90%, 250=0.12%, 500=0.08%
  lat (usec)   : 750=0.01%, 1000=0.01%
  lat (msec)   : 2=0.01%
  cpu          : usr=3.31%, sys=21.48%, ctx=963396, majf=0, minf=131228
  IO depths    : 1=100.0%, 2=0.0%, 4=0.0%, 8=0.0%, 16=0.0%, 32=0.0%, >=64=0.0%
     submit    : 0=0.0%, 4=100.0%, 8=0.0%, 16=0.0%, 32=0.0%, 64=0.0%, >=64=0.0%
     complete  : 0=0.0%, 4=100.0%, 8=0.0%, 16=0.0%, 32=0.0%, 64=0.0%, >=64=0.0%
     issued rwts: total=0,963293,0,0 short=0,0,0,0 dropped=0,0,0,0
     latency   : target=0, window=0, percentile=100.00%, depth=1
test_64kb_rwrite_5n8: (groupid=0, jobs=1): err= 0: pid=817863: Tue Sep  2 20:38:04 2025
  write: IOPS=31.9k, BW=125MiB/s (131MB/s)(3741MiB/30001msec); 0 zone resets
    clat (usec): min=17, max=8491, avg=30.37, stdev=17.07
     lat (usec): min=17, max=8491, avg=30.46, stdev=17.07
    clat percentiles (usec):
     |  1.00th=[   22],  5.00th=[   23], 10.00th=[   24], 20.00th=[   25],
     | 30.00th=[   26], 40.00th=[   27], 50.00th=[   28], 60.00th=[   29],
     | 70.00th=[   31], 80.00th=[   34], 90.00th=[   40], 95.00th=[   48],
     | 99.00th=[   73], 99.50th=[   78], 99.90th=[  141], 99.95th=[  277],
     | 99.99th=[  375]
   bw (  KiB/s): min=44424, max=139312, per=1.82%, avg=127720.02, stdev=21808.31, samples=60
   iops        : min=11106, max=34828, avg=31929.95, stdev=5452.06, samples=60
  lat (usec)   : 20=0.17%, 50=95.42%, 100=4.25%, 250=0.10%, 500=0.06%
  lat (usec)   : 750=0.01%, 1000=0.01%
  lat (msec)   : 2=0.01%, 10=0.01%
  cpu          : usr=3.37%, sys=21.96%, ctx=957864, majf=0, minf=162712
  IO depths    : 1=100.0%, 2=0.0%, 4=0.0%, 8=0.0%, 16=0.0%, 32=0.0%, >=64=0.0%
     submit    : 0=0.0%, 4=100.0%, 8=0.0%, 16=0.0%, 32=0.0%, 64=0.0%, >=64=0.0%
     complete  : 0=0.0%, 4=100.0%, 8=0.0%, 16=0.0%, 32=0.0%, 64=0.0%, >=64=0.0%
     issued rwts: total=0,957698,0,0 short=0,0,0,0 dropped=0,0,0,0
     latency   : target=0, window=0, percentile=100.00%, depth=1
test_64kb_rwrite_5n9: (groupid=0, jobs=1): err= 0: pid=817864: Tue Sep  2 20:38:04 2025
  write: IOPS=31.7k, BW=124MiB/s (130MB/s)(3720MiB/30001msec); 0 zone resets
    clat (usec): min=16, max=11073, avg=30.50, stdev=21.51
     lat (usec): min=16, max=11073, avg=30.59, stdev=21.51
    clat percentiles (usec):
     |  1.00th=[   22],  5.00th=[   23], 10.00th=[   24], 20.00th=[   25],
     | 30.00th=[   26], 40.00th=[   27], 50.00th=[   28], 60.00th=[   29],
     | 70.00th=[   31], 80.00th=[   34], 90.00th=[   41], 95.00th=[   48],
     | 99.00th=[   73], 99.50th=[   78], 99.90th=[  115], 99.95th=[  239],
     | 99.99th=[  359]
   bw (  KiB/s): min=45290, max=137736, per=1.81%, avg=126927.63, stdev=20827.19, samples=60
   iops        : min=11322, max=34434, avg=31731.90, stdev=5206.83, samples=60
  lat (usec)   : 20=0.26%, 50=95.30%, 100=4.31%, 250=0.08%, 500=0.04%
  lat (usec)   : 750=0.01%, 1000=0.01%
  lat (msec)   : 2=0.01%, 10=0.01%, 20=0.01%
  cpu          : usr=3.43%, sys=21.83%, ctx=952318, majf=0, minf=168924
  IO depths    : 1=100.0%, 2=0.0%, 4=0.0%, 8=0.0%, 16=0.0%, 32=0.0%, >=64=0.0%
     submit    : 0=0.0%, 4=100.0%, 8=0.0%, 16=0.0%, 32=0.0%, 64=0.0%, >=64=0.0%
     complete  : 0=0.0%, 4=100.0%, 8=0.0%, 16=0.0%, 32=0.0%, 64=0.0%, >=64=0.0%
     issued rwts: total=0,952232,0,0 short=0,0,0,0 dropped=0,0,0,0
     latency   : target=0, window=0, percentile=100.00%, depth=1
test_64kb_rwrite_5n9: (groupid=0, jobs=1): err= 0: pid=817865: Tue Sep  2 20:38:04 2025
  write: IOPS=31.6k, BW=123MiB/s (129MB/s)(3698MiB/30001msec); 0 zone resets
    clat (usec): min=17, max=10346, avg=30.48, stdev=19.82
     lat (usec): min=17, max=10346, avg=30.56, stdev=19.82
    clat percentiles (usec):
     |  1.00th=[   21],  5.00th=[   23], 10.00th=[   24], 20.00th=[   25],
     | 30.00th=[   26], 40.00th=[   27], 50.00th=[   28], 60.00th=[   29],
     | 70.00th=[   31], 80.00th=[   34], 90.00th=[   40], 95.00th=[   48],
     | 99.00th=[   73], 99.50th=[   78], 99.90th=[  241], 99.95th=[  293],
     | 99.99th=[  404]
   bw (  KiB/s): min=35368, max=137504, per=1.79%, avg=125780.48, stdev=20354.66, samples=60
   iops        : min= 8842, max=34376, avg=31445.18, stdev=5088.69, samples=60
  lat (usec)   : 20=0.43%, 50=95.51%, 100=3.88%, 250=0.09%, 500=0.08%
  lat (usec)   : 750=0.01%, 1000=0.01%
  lat (msec)   : 2=0.01%, 10=0.01%, 20=0.01%
  cpu          : usr=3.33%, sys=22.28%, ctx=946883, majf=0, minf=212917
  IO depths    : 1=100.0%, 2=0.0%, 4=0.0%, 8=0.0%, 16=0.0%, 32=0.0%, >=64=0.0%
     submit    : 0=0.0%, 4=100.0%, 8=0.0%, 16=0.0%, 32=0.0%, 64=0.0%, >=64=0.0%
     complete  : 0=0.0%, 4=100.0%, 8=0.0%, 16=0.0%, 32=0.0%, 64=0.0%, >=64=0.0%
     issued rwts: total=0,946746,0,0 short=0,0,0,0 dropped=0,0,0,0
     latency   : target=0, window=0, percentile=100.00%, depth=1
test_64kb_rwrite_5n9: (groupid=0, jobs=1): err= 0: pid=817866: Tue Sep  2 20:38:04 2025
  write: IOPS=31.9k, BW=125MiB/s (131MB/s)(3739MiB/30001msec); 0 zone resets
    clat (usec): min=17, max=6834, avg=30.35, stdev=13.86
     lat (usec): min=17, max=6834, avg=30.43, stdev=13.86
    clat percentiles (usec):
     |  1.00th=[   21],  5.00th=[   23], 10.00th=[   24], 20.00th=[   25],
     | 30.00th=[   26], 40.00th=[   27], 50.00th=[   28], 60.00th=[   29],
     | 70.00th=[   31], 80.00th=[   34], 90.00th=[   40], 95.00th=[   48],
     | 99.00th=[   73], 99.50th=[   77], 99.90th=[  118], 99.95th=[  239],
     | 99.99th=[  359]
   bw (  KiB/s): min=42792, max=138368, per=1.82%, avg=127543.30, stdev=19805.44, samples=60
   iops        : min=10698, max=34592, avg=31885.82, stdev=4951.36, samples=60
  lat (usec)   : 20=0.40%, 50=95.38%, 100=4.10%, 250=0.08%, 500=0.04%
  lat (usec)   : 750=0.01%, 1000=0.01%
  lat (msec)   : 2=0.01%, 10=0.01%
  cpu          : usr=3.47%, sys=21.76%, ctx=957136, majf=0, minf=172543
  IO depths    : 1=100.0%, 2=0.0%, 4=0.0%, 8=0.0%, 16=0.0%, 32=0.0%, >=64=0.0%
     submit    : 0=0.0%, 4=100.0%, 8=0.0%, 16=0.0%, 32=0.0%, 64=0.0%, >=64=0.0%
     complete  : 0=0.0%, 4=100.0%, 8=0.0%, 16=0.0%, 32=0.0%, 64=0.0%, >=64=0.0%
     issued rwts: total=0,957058,0,0 short=0,0,0,0 dropped=0,0,0,0
     latency   : target=0, window=0, percentile=100.00%, depth=1
test_64kb_rwrite_5n9: (groupid=0, jobs=1): err= 0: pid=817867: Tue Sep  2 20:38:04 2025
  write: IOPS=31.7k, BW=124MiB/s (130MB/s)(3715MiB/30001msec); 0 zone resets
    clat (usec): min=16, max=6857, avg=30.43, stdev=13.76
     lat (usec): min=16, max=6857, avg=30.52, stdev=13.77
    clat percentiles (usec):
     |  1.00th=[   21],  5.00th=[   23], 10.00th=[   24], 20.00th=[   25],
     | 30.00th=[   26], 40.00th=[   27], 50.00th=[   28], 60.00th=[   29],
     | 70.00th=[   31], 80.00th=[   34], 90.00th=[   41], 95.00th=[   48],
     | 99.00th=[   73], 99.50th=[   78], 99.90th=[  109], 99.95th=[  204],
     | 99.99th=[  318]
   bw (  KiB/s): min=49240, max=137544, per=1.80%, avg=126402.17, stdev=19927.19, samples=60
   iops        : min=12310, max=34386, avg=31600.53, stdev=4981.80, samples=60
  lat (usec)   : 20=0.31%, 50=95.33%, 100=4.24%, 250=0.08%, 500=0.03%
  lat (usec)   : 750=0.01%, 1000=0.01%
  lat (msec)   : 2=0.01%, 4=0.01%, 10=0.01%
  cpu          : usr=3.48%, sys=22.03%, ctx=951241, majf=0, minf=199411
  IO depths    : 1=100.0%, 2=0.0%, 4=0.0%, 8=0.0%, 16=0.0%, 32=0.0%, >=64=0.0%
     submit    : 0=0.0%, 4=100.0%, 8=0.0%, 16=0.0%, 32=0.0%, 64=0.0%, >=64=0.0%
     complete  : 0=0.0%, 4=100.0%, 8=0.0%, 16=0.0%, 32=0.0%, 64=0.0%, >=64=0.0%
     issued rwts: total=0,951117,0,0 short=0,0,0,0 dropped=0,0,0,0
     latency   : target=0, window=0, percentile=100.00%, depth=1
test_64kb_rwrite_5n9: (groupid=0, jobs=1): err= 0: pid=817868: Tue Sep  2 20:38:04 2025
  write: IOPS=32.2k, BW=126MiB/s (132MB/s)(3770MiB/30001msec); 0 zone resets
    clat (usec): min=16, max=8459, avg=30.07, stdev=15.32
     lat (usec): min=17, max=8459, avg=30.16, stdev=15.32
    clat percentiles (usec):
     |  1.00th=[   21],  5.00th=[   23], 10.00th=[   24], 20.00th=[   25],
     | 30.00th=[   26], 40.00th=[   27], 50.00th=[   28], 60.00th=[   29],
     | 70.00th=[   31], 80.00th=[   34], 90.00th=[   40], 95.00th=[   47],
     | 99.00th=[   73], 99.50th=[   77], 99.90th=[  100], 99.95th=[  212],
     | 99.99th=[  334]
   bw (  KiB/s): min=48072, max=138608, per=1.83%, avg=128651.85, stdev=17703.72, samples=60
   iops        : min=12018, max=34652, avg=32162.95, stdev=4425.93, samples=60
  lat (usec)   : 20=0.75%, 50=95.51%, 100=3.64%, 250=0.06%, 500=0.03%
  lat (usec)   : 750=0.01%, 1000=0.01%
  lat (msec)   : 2=0.01%, 4=0.01%, 10=0.01%
  cpu          : usr=3.57%, sys=22.00%, ctx=965290, majf=0, minf=173071
  IO depths    : 1=100.0%, 2=0.0%, 4=0.0%, 8=0.0%, 16=0.0%, 32=0.0%, >=64=0.0%
     submit    : 0=0.0%, 4=100.0%, 8=0.0%, 16=0.0%, 32=0.0%, 64=0.0%, >=64=0.0%
     complete  : 0=0.0%, 4=100.0%, 8=0.0%, 16=0.0%, 32=0.0%, 64=0.0%, >=64=0.0%
     issued rwts: total=0,965182,0,0 short=0,0,0,0 dropped=0,0,0,0
     latency   : target=0, window=0, percentile=100.00%, depth=1
test_64kb_rwrite_5n9: (groupid=0, jobs=1): err= 0: pid=817869: Tue Sep  2 20:38:04 2025
  write: IOPS=31.7k, BW=124MiB/s (130MB/s)(3714MiB/30001msec); 0 zone resets
    clat (usec): min=17, max=6801, avg=30.54, stdev=14.31
     lat (usec): min=17, max=6801, avg=30.63, stdev=14.31
    clat percentiles (usec):
     |  1.00th=[   22],  5.00th=[   23], 10.00th=[   24], 20.00th=[   25],
     | 30.00th=[   26], 40.00th=[   27], 50.00th=[   28], 60.00th=[   29],
     | 70.00th=[   31], 80.00th=[   34], 90.00th=[   40], 95.00th=[   48],
     | 99.00th=[   73], 99.50th=[   78], 99.90th=[  176], 99.95th=[  281],
     | 99.99th=[  371]
   bw (  KiB/s): min=40024, max=137424, per=1.80%, avg=126683.12, stdev=21370.44, samples=60
   iops        : min=10006, max=34356, avg=31670.77, stdev=5342.61, samples=60
  lat (usec)   : 20=0.19%, 50=95.42%, 100=4.25%, 250=0.08%, 500=0.06%
  lat (usec)   : 750=0.01%, 1000=0.01%
  lat (msec)   : 2=0.01%, 10=0.01%
  cpu          : usr=3.43%, sys=21.49%, ctx=950835, majf=0, minf=169397
  IO depths    : 1=100.0%, 2=0.0%, 4=0.0%, 8=0.0%, 16=0.0%, 32=0.0%, >=64=0.0%
     submit    : 0=0.0%, 4=100.0%, 8=0.0%, 16=0.0%, 32=0.0%, 64=0.0%, >=64=0.0%
     complete  : 0=0.0%, 4=100.0%, 8=0.0%, 16=0.0%, 32=0.0%, 64=0.0%, >=64=0.0%
     issued rwts: total=0,950731,0,0 short=0,0,0,0 dropped=0,0,0,0
     latency   : target=0, window=0, percentile=100.00%, depth=1
test_64kb_rwrite_5n10: (groupid=0, jobs=1): err= 0: pid=817870: Tue Sep  2 20:38:04 2025
  write: IOPS=32.8k, BW=128MiB/s (134MB/s)(3841MiB/30001msec); 0 zone resets
    clat (usec): min=16, max=7426, avg=29.55, stdev=16.77
     lat (usec): min=16, max=7426, avg=29.64, stdev=16.78
    clat percentiles (usec):
     |  1.00th=[   20],  5.00th=[   23], 10.00th=[   24], 20.00th=[   25],
     | 30.00th=[   26], 40.00th=[   27], 50.00th=[   28], 60.00th=[   29],
     | 70.00th=[   30], 80.00th=[   32], 90.00th=[   38], 95.00th=[   44],
     | 99.00th=[   71], 99.50th=[   77], 99.90th=[  245], 99.95th=[  297],
     | 99.99th=[  392]
   bw (  KiB/s): min=37971, max=139920, per=1.87%, avg=131119.38, stdev=18924.91, samples=60
   iops        : min= 9492, max=34980, avg=32779.83, stdev=4731.29, samples=60
  lat (usec)   : 20=1.07%, 50=96.11%, 100=2.67%, 250=0.06%, 500=0.09%
  lat (usec)   : 750=0.01%, 1000=0.01%
  lat (msec)   : 2=0.01%, 10=0.01%
  cpu          : usr=3.33%, sys=22.24%, ctx=983494, majf=0, minf=168454
  IO depths    : 1=100.0%, 2=0.0%, 4=0.0%, 8=0.0%, 16=0.0%, 32=0.0%, >=64=0.0%
     submit    : 0=0.0%, 4=100.0%, 8=0.0%, 16=0.0%, 32=0.0%, 64=0.0%, >=64=0.0%
     complete  : 0=0.0%, 4=100.0%, 8=0.0%, 16=0.0%, 32=0.0%, 64=0.0%, >=64=0.0%
     issued rwts: total=0,983386,0,0 short=0,0,0,0 dropped=0,0,0,0
     latency   : target=0, window=0, percentile=100.00%, depth=1
test_64kb_rwrite_5n10: (groupid=0, jobs=1): err= 0: pid=817871: Tue Sep  2 20:38:04 2025
  write: IOPS=32.2k, BW=126MiB/s (132MB/s)(3779MiB/30001msec); 0 zone resets
    clat (usec): min=17, max=6664, avg=29.93, stdev=13.77
     lat (usec): min=17, max=6664, avg=30.02, stdev=13.78
    clat percentiles (usec):
     |  1.00th=[   21],  5.00th=[   23], 10.00th=[   24], 20.00th=[   25],
     | 30.00th=[   26], 40.00th=[   27], 50.00th=[   28], 60.00th=[   29],
     | 70.00th=[   30], 80.00th=[   33], 90.00th=[   39], 95.00th=[   46],
     | 99.00th=[   72], 99.50th=[   77], 99.90th=[  141], 99.95th=[  273],
     | 99.99th=[  363]
   bw (  KiB/s): min=40801, max=140120, per=1.84%, avg=128907.53, stdev=21511.25, samples=60
   iops        : min=10200, max=35030, avg=32226.87, stdev=5377.84, samples=60
  lat (usec)   : 20=0.33%, 50=95.80%, 100=3.75%, 250=0.05%, 500=0.06%
  lat (usec)   : 750=0.01%, 1000=0.01%
  lat (msec)   : 2=0.01%, 10=0.01%
  cpu          : usr=3.56%, sys=22.25%, ctx=967584, majf=0, minf=177523
  IO depths    : 1=100.0%, 2=0.0%, 4=0.0%, 8=0.0%, 16=0.0%, 32=0.0%, >=64=0.0%
     submit    : 0=0.0%, 4=100.0%, 8=0.0%, 16=0.0%, 32=0.0%, 64=0.0%, >=64=0.0%
     complete  : 0=0.0%, 4=100.0%, 8=0.0%, 16=0.0%, 32=0.0%, 64=0.0%, >=64=0.0%
     issued rwts: total=0,967482,0,0 short=0,0,0,0 dropped=0,0,0,0
     latency   : target=0, window=0, percentile=100.00%, depth=1
test_64kb_rwrite_5n10: (groupid=0, jobs=1): err= 0: pid=817872: Tue Sep  2 20:38:04 2025
  write: IOPS=32.3k, BW=126MiB/s (132MB/s)(3781MiB/30001msec); 0 zone resets
    clat (usec): min=16, max=9481, avg=29.88, stdev=20.19
     lat (usec): min=16, max=9481, avg=29.98, stdev=20.87
    clat percentiles (usec):
     |  1.00th=[   21],  5.00th=[   23], 10.00th=[   24], 20.00th=[   25],
     | 30.00th=[   26], 40.00th=[   27], 50.00th=[   28], 60.00th=[   29],
     | 70.00th=[   30], 80.00th=[   33], 90.00th=[   39], 95.00th=[   46],
     | 99.00th=[   72], 99.50th=[   77], 99.90th=[  217], 99.95th=[  293],
     | 99.99th=[  429]
   bw (  KiB/s): min=34180, max=139880, per=1.84%, avg=128986.20, stdev=21001.02, samples=60
   iops        : min= 8545, max=34970, avg=32246.55, stdev=5250.26, samples=60
  lat (usec)   : 20=0.46%, 50=95.88%, 100=3.52%, 250=0.06%, 500=0.08%
  lat (usec)   : 750=0.01%, 1000=0.01%
  lat (msec)   : 2=0.01%, 10=0.01%
  cpu          : usr=3.55%, sys=22.14%, ctx=968085, majf=0, minf=184349
  IO depths    : 1=100.0%, 2=0.0%, 4=0.0%, 8=0.0%, 16=0.0%, 32=0.0%, >=64=0.0%
     submit    : 0=0.0%, 4=100.0%, 8=0.0%, 16=0.0%, 32=0.0%, 64=0.0%, >=64=0.0%
     complete  : 0=0.0%, 4=100.0%, 8=0.0%, 16=0.0%, 32=0.0%, 64=0.0%, >=64=0.0%
     issued rwts: total=0,967942,0,0 short=0,0,0,0 dropped=0,0,0,0
     latency   : target=0, window=0, percentile=100.00%, depth=1
test_64kb_rwrite_5n10: (groupid=0, jobs=1): err= 0: pid=817873: Tue Sep  2 20:38:04 2025
  write: IOPS=32.2k, BW=126MiB/s (132MB/s)(3771MiB/30001msec); 0 zone resets
    clat (usec): min=16, max=6812, avg=29.97, stdev=15.91
     lat (usec): min=16, max=6812, avg=30.05, stdev=15.91
    clat percentiles (usec):
     |  1.00th=[   21],  5.00th=[   23], 10.00th=[   24], 20.00th=[   25],
     | 30.00th=[   26], 40.00th=[   27], 50.00th=[   28], 60.00th=[   29],
     | 70.00th=[   30], 80.00th=[   33], 90.00th=[   39], 95.00th=[   47],
     | 99.00th=[   72], 99.50th=[   77], 99.90th=[  115], 99.95th=[  277],
     | 99.99th=[  379]
   bw (  KiB/s): min=47416, max=141064, per=1.83%, avg=128718.53, stdev=20986.42, samples=60
   iops        : min=11854, max=35266, avg=32179.63, stdev=5246.61, samples=60
  lat (usec)   : 20=0.30%, 50=95.75%, 100=3.84%, 250=0.04%, 500=0.06%
  lat (usec)   : 750=0.01%, 1000=0.01%
  lat (msec)   : 2=0.01%, 10=0.01%
  cpu          : usr=3.52%, sys=22.31%, ctx=965506, majf=0, minf=196655
  IO depths    : 1=100.0%, 2=0.0%, 4=0.0%, 8=0.0%, 16=0.0%, 32=0.0%, >=64=0.0%
     submit    : 0=0.0%, 4=100.0%, 8=0.0%, 16=0.0%, 32=0.0%, 64=0.0%, >=64=0.0%
     complete  : 0=0.0%, 4=100.0%, 8=0.0%, 16=0.0%, 32=0.0%, 64=0.0%, >=64=0.0%
     issued rwts: total=0,965389,0,0 short=0,0,0,0 dropped=0,0,0,0
     latency   : target=0, window=0, percentile=100.00%, depth=1
test_64kb_rwrite_5n10: (groupid=0, jobs=1): err= 0: pid=817874: Tue Sep  2 20:38:04 2025
  write: IOPS=32.4k, BW=126MiB/s (133MB/s)(3795MiB/30001msec); 0 zone resets
    clat (usec): min=16, max=9240, avg=29.86, stdev=19.42
     lat (usec): min=16, max=9240, avg=29.95, stdev=19.42
    clat percentiles (usec):
     |  1.00th=[   21],  5.00th=[   23], 10.00th=[   24], 20.00th=[   25],
     | 30.00th=[   26], 40.00th=[   27], 50.00th=[   28], 60.00th=[   29],
     | 70.00th=[   30], 80.00th=[   33], 90.00th=[   39], 95.00th=[   46],
     | 99.00th=[   72], 99.50th=[   77], 99.90th=[  167], 99.95th=[  258],
     | 99.99th=[  359]
   bw (  KiB/s): min=43656, max=139432, per=1.84%, avg=129134.18, stdev=20689.73, samples=60
   iops        : min=10914, max=34858, avg=32283.53, stdev=5172.45, samples=60
  lat (usec)   : 20=0.59%, 50=95.80%, 100=3.49%, 250=0.06%, 500=0.06%
  lat (usec)   : 750=0.01%, 1000=0.01%
  lat (msec)   : 2=0.01%, 10=0.01%
  cpu          : usr=3.43%, sys=22.11%, ctx=971677, majf=0, minf=165788
  IO depths    : 1=100.0%, 2=0.0%, 4=0.0%, 8=0.0%, 16=0.0%, 32=0.0%, >=64=0.0%
     submit    : 0=0.0%, 4=100.0%, 8=0.0%, 16=0.0%, 32=0.0%, 64=0.0%, >=64=0.0%
     complete  : 0=0.0%, 4=100.0%, 8=0.0%, 16=0.0%, 32=0.0%, 64=0.0%, >=64=0.0%
     issued rwts: total=0,971526,0,0 short=0,0,0,0 dropped=0,0,0,0
     latency   : target=0, window=0, percentile=100.00%, depth=1
test_64kb_rwrite_5n10: (groupid=0, jobs=1): err= 0: pid=817875: Tue Sep  2 20:38:04 2025
  write: IOPS=32.6k, BW=127MiB/s (133MB/s)(3816MiB/30001msec); 0 zone resets
    clat (usec): min=16, max=10077, avg=29.72, stdev=22.28
     lat (usec): min=16, max=10077, avg=29.81, stdev=22.28
    clat percentiles (usec):
     |  1.00th=[   21],  5.00th=[   23], 10.00th=[   24], 20.00th=[   25],
     | 30.00th=[   26], 40.00th=[   27], 50.00th=[   28], 60.00th=[   29],
     | 70.00th=[   30], 80.00th=[   33], 90.00th=[   38], 95.00th=[   45],
     | 99.00th=[   72], 99.50th=[   77], 99.90th=[  119], 99.95th=[  285],
     | 99.99th=[  408]
   bw (  KiB/s): min=40496, max=139216, per=1.85%, avg=130154.57, stdev=19510.20, samples=60
   iops        : min=10124, max=34804, avg=32538.63, stdev=4877.55, samples=60
  lat (usec)   : 20=0.70%, 50=96.09%, 100=3.09%, 250=0.05%, 500=0.07%
  lat (usec)   : 750=0.01%, 1000=0.01%
  lat (msec)   : 2=0.01%, 10=0.01%, 20=0.01%
  cpu          : usr=3.78%, sys=21.85%, ctx=976957, majf=0, minf=176008
  IO depths    : 1=100.0%, 2=0.0%, 4=0.0%, 8=0.0%, 16=0.0%, 32=0.0%, >=64=0.0%
     submit    : 0=0.0%, 4=100.0%, 8=0.0%, 16=0.0%, 32=0.0%, 64=0.0%, >=64=0.0%
     complete  : 0=0.0%, 4=100.0%, 8=0.0%, 16=0.0%, 32=0.0%, 64=0.0%, >=64=0.0%
     issued rwts: total=0,976846,0,0 short=0,0,0,0 dropped=0,0,0,0
     latency   : target=0, window=0, percentile=100.00%, depth=1
bursty: (groupid=0, jobs=1): err= 0: pid=817876: Tue Sep  2 20:38:04 2025
  write: IOPS=344, BW=1379KiB/s (1412kB/s)(40.4MiB/30000msec); 0 zone resets
    clat (usec): min=19, max=488, avg=33.94, stdev=24.01
     lat (usec): min=24, max=525, avg=41.81, stdev=27.60
    clat percentiles (usec):
     |  1.00th=[   23],  5.00th=[   24], 10.00th=[   25], 20.00th=[   26],
     | 30.00th=[   28], 40.00th=[   29], 50.00th=[   30], 60.00th=[   31],
     | 70.00th=[   33], 80.00th=[   36], 90.00th=[   43], 95.00th=[   53],
     | 99.00th=[   94], 99.50th=[  237], 99.90th=[  367], 99.95th=[  396],
     | 99.99th=[  478]
   bw (  KiB/s): min= 1824, max=17064, per=0.17%, avg=11821.14, stdev=6672.50, samples=7
   iops        : min=  456, max= 4266, avg=2955.29, stdev=1668.13, samples=7
  lat (usec)   : 20=0.03%, 50=94.02%, 100=5.04%, 250=0.47%, 500=0.44%
  cpu          : usr=0.19%, sys=0.32%, ctx=10409, majf=0, minf=11582
  IO depths    : 1=100.0%, 2=0.0%, 4=0.0%, 8=0.0%, 16=0.0%, 32=0.0%, >=64=0.0%
     submit    : 0=0.0%, 4=100.0%, 8=0.0%, 16=0.0%, 32=0.0%, 64=0.0%, >=64=0.0%
     complete  : 0=0.0%, 4=100.0%, 8=0.0%, 16=0.0%, 32=0.0%, 64=0.0%, >=64=0.0%
     issued rwts: total=0,10343,0,0 short=0,0,0,0 dropped=0,0,0,0
     latency   : target=0, window=0, percentile=100.00%, depth=1
bursty: (groupid=0, jobs=1): err= 0: pid=817877: Tue Sep  2 20:38:04 2025
  write: IOPS=338, BW=1353KiB/s (1386kB/s)(39.6MiB/30000msec); 0 zone resets
    clat (usec): min=20, max=508, avg=33.02, stdev=13.22
     lat (usec): min=24, max=546, avg=40.80, stdev=14.71
    clat percentiles (usec):
     |  1.00th=[   23],  5.00th=[   25], 10.00th=[   26], 20.00th=[   27],
     | 30.00th=[   28], 40.00th=[   29], 50.00th=[   30], 60.00th=[   32],
     | 70.00th=[   34], 80.00th=[   37], 90.00th=[   44], 95.00th=[   51],
     | 99.00th=[   74], 99.50th=[   86], 99.90th=[  167], 99.95th=[  198],
     | 99.99th=[  453]
   bw (  KiB/s): min= 2184, max=16872, per=0.17%, avg=11598.86, stdev=6389.41, samples=7
   iops        : min=  548, max= 4218, avg=2899.71, stdev=1596.77, samples=7
  lat (usec)   : 50=94.47%, 100=5.21%, 250=0.28%, 500=0.03%, 750=0.01%
  cpu          : usr=0.17%, sys=0.32%, ctx=10519, majf=0, minf=12805
  IO depths    : 1=100.0%, 2=0.0%, 4=0.0%, 8=0.0%, 16=0.0%, 32=0.0%, >=64=0.0%
     submit    : 0=0.0%, 4=100.0%, 8=0.0%, 16=0.0%, 32=0.0%, 64=0.0%, >=64=0.0%
     complete  : 0=0.0%, 4=100.0%, 8=0.0%, 16=0.0%, 32=0.0%, 64=0.0%, >=64=0.0%
     issued rwts: total=0,10149,0,0 short=0,0,0,0 dropped=0,0,0,0
     latency   : target=0, window=0, percentile=100.00%, depth=1
bursty: (groupid=0, jobs=1): err= 0: pid=817878: Tue Sep  2 20:38:04 2025
  write: IOPS=338, BW=1355KiB/s (1387kB/s)(39.7MiB/30000msec); 0 zone resets
    clat (usec): min=19, max=568, avg=33.68, stdev=15.57
     lat (usec): min=24, max=576, avg=41.45, stdev=17.48
    clat percentiles (usec):
     |  1.00th=[   23],  5.00th=[   25], 10.00th=[   26], 20.00th=[   27],
     | 30.00th=[   28], 40.00th=[   30], 50.00th=[   31], 60.00th=[   32],
     | 70.00th=[   35], 80.00th=[   38], 90.00th=[   45], 95.00th=[   53],
     | 99.00th=[   81], 99.50th=[  112], 99.90th=[  262], 99.95th=[  285],
     | 99.99th=[  383]
   bw (  KiB/s): min= 2064, max=16760, per=0.17%, avg=11610.29, stdev=6394.17, samples=7
   iops        : min=  516, max= 4190, avg=2902.57, stdev=1598.54, samples=7
  lat (usec)   : 20=0.02%, 50=93.91%, 100=5.37%, 250=0.58%, 500=0.11%
  lat (usec)   : 750=0.01%
  cpu          : usr=0.20%, sys=0.30%, ctx=10512, majf=0, minf=11779
  IO depths    : 1=100.0%, 2=0.0%, 4=0.0%, 8=0.0%, 16=0.0%, 32=0.0%, >=64=0.0%
     submit    : 0=0.0%, 4=100.0%, 8=0.0%, 16=0.0%, 32=0.0%, 64=0.0%, >=64=0.0%
     complete  : 0=0.0%, 4=100.0%, 8=0.0%, 16=0.0%, 32=0.0%, 64=0.0%, >=64=0.0%
     issued rwts: total=0,10159,0,0 short=0,0,0,0 dropped=0,0,0,0
     latency   : target=0, window=0, percentile=100.00%, depth=1
bursty: (groupid=0, jobs=1): err= 0: pid=817879: Tue Sep  2 20:38:04 2025
  write: IOPS=334, BW=1336KiB/s (1368kB/s)(39.2MiB/30000msec); 0 zone resets
    clat (usec): min=20, max=646, avg=33.42, stdev=13.23
     lat (usec): min=25, max=653, avg=41.39, stdev=13.84
    clat percentiles (usec):
     |  1.00th=[   23],  5.00th=[   25], 10.00th=[   26], 20.00th=[   27],
     | 30.00th=[   29], 40.00th=[   30], 50.00th=[   31], 60.00th=[   32],
     | 70.00th=[   35], 80.00th=[   38], 90.00th=[   45], 95.00th=[   52],
     | 99.00th=[   73], 99.50th=[   83], 99.90th=[  147], 99.95th=[  202],
     | 99.99th=[  529]
   bw (  KiB/s): min= 1808, max=16352, per=0.16%, avg=11455.57, stdev=6376.75, samples=7
   iops        : min=  452, max= 4088, avg=2863.86, stdev=1594.25, samples=7
  lat (usec)   : 50=94.18%, 100=5.63%, 250=0.17%, 750=0.02%
  cpu          : usr=0.18%, sys=0.30%, ctx=10308, majf=0, minf=10884
  IO depths    : 1=100.0%, 2=0.0%, 4=0.0%, 8=0.0%, 16=0.0%, 32=0.0%, >=64=0.0%
     submit    : 0=0.0%, 4=100.0%, 8=0.0%, 16=0.0%, 32=0.0%, 64=0.0%, >=64=0.0%
     complete  : 0=0.0%, 4=100.0%, 8=0.0%, 16=0.0%, 32=0.0%, 64=0.0%, >=64=0.0%
     issued rwts: total=0,10023,0,0 short=0,0,0,0 dropped=0,0,0,0
     latency   : target=0, window=0, percentile=100.00%, depth=1
bursty: (groupid=0, jobs=1): err= 0: pid=817880: Tue Sep  2 20:38:04 2025
  write: IOPS=334, BW=1338KiB/s (1370kB/s)(39.2MiB/30000msec); 0 zone resets
    clat (usec): min=19, max=309, avg=33.60, stdev=11.81
     lat (usec): min=23, max=326, avg=41.42, stdev=12.57
    clat percentiles (usec):
     |  1.00th=[   23],  5.00th=[   25], 10.00th=[   26], 20.00th=[   27],
     | 30.00th=[   29], 40.00th=[   30], 50.00th=[   31], 60.00th=[   32],
     | 70.00th=[   35], 80.00th=[   38], 90.00th=[   46], 95.00th=[   54],
     | 99.00th=[   77], 99.50th=[   89], 99.90th=[  155], 99.95th=[  178],
     | 99.99th=[  293]
   bw (  KiB/s): min= 1968, max=16560, per=0.16%, avg=11469.71, stdev=6359.95, samples=7
   iops        : min=  492, max= 4140, avg=2867.43, stdev=1589.99, samples=7
  lat (usec)   : 20=0.02%, 50=93.20%, 100=6.44%, 250=0.32%, 500=0.02%
  cpu          : usr=0.17%, sys=0.31%, ctx=10323, majf=0, minf=10641
  IO depths    : 1=100.0%, 2=0.0%, 4=0.0%, 8=0.0%, 16=0.0%, 32=0.0%, >=64=0.0%
     submit    : 0=0.0%, 4=100.0%, 8=0.0%, 16=0.0%, 32=0.0%, 64=0.0%, >=64=0.0%
     complete  : 0=0.0%, 4=100.0%, 8=0.0%, 16=0.0%, 32=0.0%, 64=0.0%, >=64=0.0%
     issued rwts: total=0,10036,0,0 short=0,0,0,0 dropped=0,0,0,0
     latency   : target=0, window=0, percentile=100.00%, depth=1
bursty: (groupid=0, jobs=1): err= 0: pid=817881: Tue Sep  2 20:38:04 2025
  write: IOPS=337, BW=1349KiB/s (1382kB/s)(39.5MiB/30000msec); 0 zone resets
    clat (usec): min=20, max=724, avg=33.41, stdev=13.40
     lat (usec): min=25, max=737, avg=41.15, stdev=14.16
    clat percentiles (usec):
     |  1.00th=[   23],  5.00th=[   25], 10.00th=[   26], 20.00th=[   27],
     | 30.00th=[   28], 40.00th=[   30], 50.00th=[   31], 60.00th=[   32],
     | 70.00th=[   35], 80.00th=[   38], 90.00th=[   46], 95.00th=[   53],
     | 99.00th=[   72], 99.50th=[   82], 99.90th=[  139], 99.95th=[  163],
     | 99.99th=[  453]
   bw (  KiB/s): min= 2136, max=16672, per=0.16%, avg=11564.57, stdev=6360.27, samples=7
   iops        : min=  534, max= 4168, avg=2891.14, stdev=1590.07, samples=7
  lat (usec)   : 50=93.43%, 100=6.38%, 250=0.16%, 500=0.02%, 750=0.01%
  cpu          : usr=0.20%, sys=0.29%, ctx=10346, majf=0, minf=11185
  IO depths    : 1=100.0%, 2=0.0%, 4=0.0%, 8=0.0%, 16=0.0%, 32=0.0%, >=64=0.0%
     submit    : 0=0.0%, 4=100.0%, 8=0.0%, 16=0.0%, 32=0.0%, 64=0.0%, >=64=0.0%
     complete  : 0=0.0%, 4=100.0%, 8=0.0%, 16=0.0%, 32=0.0%, 64=0.0%, >=64=0.0%
     issued rwts: total=0,10119,0,0 short=0,0,0,0 dropped=0,0,0,0
     latency   : target=0, window=0, percentile=100.00%, depth=1
bursty: (groupid=0, jobs=1): err= 0: pid=817882: Tue Sep  2 20:38:04 2025
  write: IOPS=351, BW=1408KiB/s (1441kB/s)(41.2MiB/30001msec); 0 zone resets
    clat (usec): min=18, max=1437, avg=31.47, stdev=23.32
     lat (usec): min=23, max=1466, avg=39.07, stdev=26.25
    clat percentiles (usec):
     |  1.00th=[   22],  5.00th=[   24], 10.00th=[   25], 20.00th=[   26],
     | 30.00th=[   27], 40.00th=[   28], 50.00th=[   29], 60.00th=[   31],
     | 70.00th=[   32], 80.00th=[   35], 90.00th=[   41], 95.00th=[   47],
     | 99.00th=[   63], 99.50th=[   75], 99.90th=[  137], 99.95th=[  157],
     | 99.99th=[ 1319]
   bw (  KiB/s): min=  848, max=17250, per=0.17%, avg=12075.00, stdev=7118.73, samples=7
   iops        : min=  212, max= 4312, avg=3018.57, stdev=1779.64, samples=7
  lat (usec)   : 20=0.04%, 50=96.37%, 100=3.38%, 250=0.16%, 500=0.02%
  lat (msec)   : 2=0.03%
  cpu          : usr=0.15%, sys=0.35%, ctx=10992, majf=0, minf=13603
  IO depths    : 1=100.0%, 2=0.0%, 4=0.0%, 8=0.0%, 16=0.0%, 32=0.0%, >=64=0.0%
     submit    : 0=0.0%, 4=100.0%, 8=0.0%, 16=0.0%, 32=0.0%, 64=0.0%, >=64=0.0%
     complete  : 0=0.0%, 4=100.0%, 8=0.0%, 16=0.0%, 32=0.0%, 64=0.0%, >=64=0.0%
     issued rwts: total=0,10557,0,0 short=0,0,0,0 dropped=0,0,0,0
     latency   : target=0, window=0, percentile=100.00%, depth=1
bursty: (groupid=0, jobs=1): err= 0: pid=817883: Tue Sep  2 20:38:04 2025
  write: IOPS=349, BW=1399KiB/s (1433kB/s)(41.0MiB/30000msec); 0 zone resets
    clat (usec): min=19, max=623, avg=33.22, stdev=27.97
     lat (usec): min=24, max=630, avg=40.63, stdev=30.16
    clat percentiles (usec):
     |  1.00th=[   23],  5.00th=[   24], 10.00th=[   25], 20.00th=[   26],
     | 30.00th=[   27], 40.00th=[   28], 50.00th=[   29], 60.00th=[   30],
     | 70.00th=[   31], 80.00th=[   34], 90.00th=[   40], 95.00th=[   50],
     | 99.00th=[   96], 99.50th=[  273], 99.90th=[  429], 99.95th=[  490],
     | 99.99th=[  553]
   bw (  KiB/s): min= 1864, max=17960, per=0.17%, avg=11994.29, stdev=6786.03, samples=7
   iops        : min=  466, max= 4490, avg=2998.57, stdev=1696.51, samples=7
  lat (usec)   : 20=0.03%, 50=95.01%, 100=4.02%, 250=0.28%, 500=0.62%
  lat (usec)   : 750=0.05%
  cpu          : usr=0.16%, sys=0.35%, ctx=10581, majf=0, minf=15269
  IO depths    : 1=100.0%, 2=0.0%, 4=0.0%, 8=0.0%, 16=0.0%, 32=0.0%, >=64=0.0%
     submit    : 0=0.0%, 4=100.0%, 8=0.0%, 16=0.0%, 32=0.0%, 64=0.0%, >=64=0.0%
     complete  : 0=0.0%, 4=100.0%, 8=0.0%, 16=0.0%, 32=0.0%, 64=0.0%, >=64=0.0%
     issued rwts: total=0,10495,0,0 short=0,0,0,0 dropped=0,0,0,0
     latency   : target=0, window=0, percentile=100.00%, depth=1
bursty: (groupid=0, jobs=1): err= 0: pid=817884: Tue Sep  2 20:38:04 2025
  write: IOPS=342, BW=1371KiB/s (1404kB/s)(40.2MiB/30000msec); 0 zone resets
    clat (usec): min=20, max=322, avg=33.19, stdev=15.34
     lat (usec): min=25, max=448, avg=40.75, stdev=16.11
    clat percentiles (usec):
     |  1.00th=[   23],  5.00th=[   24], 10.00th=[   25], 20.00th=[   27],
     | 30.00th=[   28], 40.00th=[   29], 50.00th=[   30], 60.00th=[   31],
     | 70.00th=[   34], 80.00th=[   37], 90.00th=[   44], 95.00th=[   53],
     | 99.00th=[   84], 99.50th=[   95], 99.90th=[  269], 99.95th=[  289],
     | 99.99th=[  322]
   bw (  KiB/s): min= 1776, max=17008, per=0.17%, avg=11752.71, stdev=6601.98, samples=7
   iops        : min=  444, max= 4252, avg=2938.14, stdev=1650.55, samples=7
  lat (usec)   : 50=94.16%, 100=5.39%, 250=0.33%, 500=0.13%
  cpu          : usr=0.22%, sys=0.32%, ctx=10384, majf=0, minf=11583
  IO depths    : 1=100.0%, 2=0.0%, 4=0.0%, 8=0.0%, 16=0.0%, 32=0.0%, >=64=0.0%
     submit    : 0=0.0%, 4=100.0%, 8=0.0%, 16=0.0%, 32=0.0%, 64=0.0%, >=64=0.0%
     complete  : 0=0.0%, 4=100.0%, 8=0.0%, 16=0.0%, 32=0.0%, 64=0.0%, >=64=0.0%
     issued rwts: total=0,10283,0,0 short=0,0,0,0 dropped=0,0,0,0
     latency   : target=0, window=0, percentile=100.00%, depth=1
bursty: (groupid=0, jobs=1): err= 0: pid=817885: Tue Sep  2 20:38:04 2025
  write: IOPS=378, BW=1513KiB/s (1549kB/s)(44.3MiB/30001msec); 0 zone resets
    clat (usec): min=18, max=3560, avg=30.42, stdev=52.02
     lat (usec): min=23, max=3589, avg=37.93, stdev=52.89
    clat percentiles (usec):
     |  1.00th=[   22],  5.00th=[   24], 10.00th=[   24], 20.00th=[   25],
     | 30.00th=[   26], 40.00th=[   27], 50.00th=[   28], 60.00th=[   29],
     | 70.00th=[   30], 80.00th=[   32], 90.00th=[   37], 95.00th=[   42],
     | 99.00th=[   60], 99.50th=[   77], 99.90th=[  139], 99.95th=[  865],
     | 99.99th=[ 3064]
   bw (  KiB/s): min= 2488, max=18272, per=0.18%, avg=12964.86, stdev=7195.72, samples=7
   iops        : min=  622, max= 4568, avg=3241.14, stdev=1799.05, samples=7
  lat (usec)   : 20=0.04%, 50=97.81%, 100=1.94%, 250=0.14%, 500=0.01%
  lat (usec)   : 750=0.01%, 1000=0.01%
  lat (msec)   : 2=0.02%, 4=0.03%
  cpu          : usr=0.17%, sys=0.29%, ctx=11726, majf=0, minf=11269
  IO depths    : 1=100.0%, 2=0.0%, 4=0.0%, 8=0.0%, 16=0.0%, 32=0.0%, >=64=0.0%
     submit    : 0=0.0%, 4=100.0%, 8=0.0%, 16=0.0%, 32=0.0%, 64=0.0%, >=64=0.0%
     complete  : 0=0.0%, 4=100.0%, 8=0.0%, 16=0.0%, 32=0.0%, 64=0.0%, >=64=0.0%
     issued rwts: total=0,11345,0,0 short=0,0,0,0 dropped=0,0,0,0
     latency   : target=0, window=0, percentile=100.00%, depth=1
bursty: (groupid=0, jobs=1): err= 0: pid=817886: Tue Sep  2 20:38:04 2025
  write: IOPS=334, BW=1339KiB/s (1371kB/s)(39.2MiB/30000msec); 0 zone resets
    clat (usec): min=19, max=1208, avg=33.65, stdev=19.91
     lat (usec): min=23, max=1213, avg=41.23, stdev=20.86
    clat percentiles (usec):
     |  1.00th=[   23],  5.00th=[   25], 10.00th=[   26], 20.00th=[   27],
     | 30.00th=[   28], 40.00th=[   30], 50.00th=[   31], 60.00th=[   32],
     | 70.00th=[   35], 80.00th=[   38], 90.00th=[   45], 95.00th=[   52],
     | 99.00th=[   74], 99.50th=[   87], 99.90th=[  273], 99.95th=[  326],
     | 99.99th=[  750]
   bw (  KiB/s): min= 1984, max=16664, per=0.16%, avg=11476.57, stdev=6359.64, samples=7
   iops        : min=  496, max= 4166, avg=2869.14, stdev=1589.91, samples=7
  lat (usec)   : 20=0.05%, 50=94.14%, 100=5.43%, 250=0.24%, 500=0.12%
  lat (usec)   : 750=0.01%
  lat (msec)   : 2=0.01%
  cpu          : usr=0.12%, sys=0.37%, ctx=10296, majf=0, minf=13374
  IO depths    : 1=100.0%, 2=0.0%, 4=0.0%, 8=0.0%, 16=0.0%, 32=0.0%, >=64=0.0%
     submit    : 0=0.0%, 4=100.0%, 8=0.0%, 16=0.0%, 32=0.0%, 64=0.0%, >=64=0.0%
     complete  : 0=0.0%, 4=100.0%, 8=0.0%, 16=0.0%, 32=0.0%, 64=0.0%, >=64=0.0%
     issued rwts: total=0,10042,0,0 short=0,0,0,0 dropped=0,0,0,0
     latency   : target=0, window=0, percentile=100.00%, depth=1
bursty: (groupid=0, jobs=1): err= 0: pid=817887: Tue Sep  2 20:38:04 2025
  write: IOPS=330, BW=1323KiB/s (1355kB/s)(38.8MiB/30000msec); 0 zone resets
    clat (usec): min=20, max=316, avg=33.71, stdev=13.63
     lat (usec): min=25, max=420, avg=41.74, stdev=15.65
    clat percentiles (usec):
     |  1.00th=[   23],  5.00th=[   25], 10.00th=[   26], 20.00th=[   27],
     | 30.00th=[   28], 40.00th=[   30], 50.00th=[   31], 60.00th=[   32],
     | 70.00th=[   35], 80.00th=[   38], 90.00th=[   46], 95.00th=[   53],
     | 99.00th=[   86], 99.50th=[  106], 99.90th=[  202], 99.95th=[  269],
     | 99.99th=[  318]
   bw (  KiB/s): min= 1880, max=16760, per=0.16%, avg=11343.57, stdev=6322.05, samples=7
   iops        : min=  470, max= 4190, avg=2835.86, stdev=1580.57, samples=7
  lat (usec)   : 50=93.42%, 100=5.96%, 250=0.55%, 500=0.06%
  cpu          : usr=0.22%, sys=0.30%, ctx=10246, majf=0, minf=12580
  IO depths    : 1=100.0%, 2=0.0%, 4=0.0%, 8=0.0%, 16=0.0%, 32=0.0%, >=64=0.0%
     submit    : 0=0.0%, 4=100.0%, 8=0.0%, 16=0.0%, 32=0.0%, 64=0.0%, >=64=0.0%
     complete  : 0=0.0%, 4=100.0%, 8=0.0%, 16=0.0%, 32=0.0%, 64=0.0%, >=64=0.0%
     issued rwts: total=0,9925,0,0 short=0,0,0,0 dropped=0,0,0,0
     latency   : target=0, window=0, percentile=100.00%, depth=1
bursty: (groupid=0, jobs=1): err= 0: pid=817888: Tue Sep  2 20:38:04 2025
  write: IOPS=334, BW=1340KiB/s (1372kB/s)(39.3MiB/30001msec); 0 zone resets
    clat (usec): min=19, max=413, avg=33.41, stdev=11.66
     lat (usec): min=25, max=425, avg=41.27, stdev=12.44
    clat percentiles (usec):
     |  1.00th=[   23],  5.00th=[   25], 10.00th=[   26], 20.00th=[   27],
     | 30.00th=[   29], 40.00th=[   30], 50.00th=[   31], 60.00th=[   33],
     | 70.00th=[   35], 80.00th=[   38], 90.00th=[   45], 95.00th=[   52],
     | 99.00th=[   74], 99.50th=[   83], 99.90th=[  141], 99.95th=[  172],
     | 99.99th=[  412]
   bw (  KiB/s): min= 1880, max=16560, per=0.16%, avg=11486.43, stdev=6380.11, samples=7
   iops        : min=  470, max= 4140, avg=2871.57, stdev=1595.09, samples=7
  lat (usec)   : 20=0.01%, 50=93.88%, 100=5.90%, 250=0.19%, 500=0.02%
  cpu          : usr=0.19%, sys=0.30%, ctx=10298, majf=0, minf=10904
  IO depths    : 1=100.0%, 2=0.0%, 4=0.0%, 8=0.0%, 16=0.0%, 32=0.0%, >=64=0.0%
     submit    : 0=0.0%, 4=100.0%, 8=0.0%, 16=0.0%, 32=0.0%, 64=0.0%, >=64=0.0%
     complete  : 0=0.0%, 4=100.0%, 8=0.0%, 16=0.0%, 32=0.0%, 64=0.0%, >=64=0.0%
     issued rwts: total=0,10050,0,0 short=0,0,0,0 dropped=0,0,0,0
     latency   : target=0, window=0, percentile=100.00%, depth=1
bursty: (groupid=0, jobs=1): err= 0: pid=817889: Tue Sep  2 20:38:04 2025
  write: IOPS=337, BW=1352KiB/s (1384kB/s)(39.6MiB/30000msec); 0 zone resets
    clat (usec): min=19, max=474, avg=34.09, stdev=24.45
     lat (usec): min=25, max=685, avg=42.14, stdev=31.09
    clat percentiles (usec):
     |  1.00th=[   23],  5.00th=[   24], 10.00th=[   25], 20.00th=[   26],
     | 30.00th=[   28], 40.00th=[   29], 50.00th=[   30], 60.00th=[   31],
     | 70.00th=[   33], 80.00th=[   36], 90.00th=[   44], 95.00th=[   53],
     | 99.00th=[   99], 99.50th=[  235], 99.90th=[  379], 99.95th=[  396],
     | 99.99th=[  474]
   bw (  KiB/s): min= 1760, max=17256, per=0.17%, avg=11585.14, stdev=6553.32, samples=7
   iops        : min=  440, max= 4314, avg=2896.29, stdev=1638.33, samples=7
  lat (usec)   : 20=0.01%, 50=94.08%, 100=4.93%, 250=0.51%, 500=0.46%
  cpu          : usr=0.19%, sys=0.33%, ctx=10223, majf=0, minf=14629
  IO depths    : 1=100.0%, 2=0.0%, 4=0.0%, 8=0.0%, 16=0.0%, 32=0.0%, >=64=0.0%
     submit    : 0=0.0%, 4=100.0%, 8=0.0%, 16=0.0%, 32=0.0%, 64=0.0%, >=64=0.0%
     complete  : 0=0.0%, 4=100.0%, 8=0.0%, 16=0.0%, 32=0.0%, 64=0.0%, >=64=0.0%
     issued rwts: total=0,10137,0,0 short=0,0,0,0 dropped=0,0,0,0
     latency   : target=0, window=0, percentile=100.00%, depth=1
bursty: (groupid=0, jobs=1): err= 0: pid=817890: Tue Sep  2 20:38:04 2025
  write: IOPS=348, BW=1392KiB/s (1426kB/s)(40.8MiB/30000msec); 0 zone resets
    clat (usec): min=19, max=615, avg=34.20, stdev=24.09
     lat (usec): min=24, max=640, avg=42.02, stdev=29.46
    clat percentiles (usec):
     |  1.00th=[   23],  5.00th=[   24], 10.00th=[   25], 20.00th=[   27],
     | 30.00th=[   28], 40.00th=[   29], 50.00th=[   30], 60.00th=[   32],
     | 70.00th=[   34], 80.00th=[   37], 90.00th=[   44], 95.00th=[   52],
     | 99.00th=[   84], 99.50th=[  262], 99.90th=[  347], 99.95th=[  379],
     | 99.99th=[  416]
   bw (  KiB/s): min= 1960, max=16864, per=0.17%, avg=11932.57, stdev=6718.99, samples=7
   iops        : min=  490, max= 4216, avg=2983.14, stdev=1679.75, samples=7
  lat (usec)   : 20=0.01%, 50=94.22%, 100=4.96%, 250=0.25%, 500=0.55%
  lat (usec)   : 750=0.01%
  cpu          : usr=0.21%, sys=0.27%, ctx=10558, majf=0, minf=11042
  IO depths    : 1=100.0%, 2=0.0%, 4=0.0%, 8=0.0%, 16=0.0%, 32=0.0%, >=64=0.0%
     submit    : 0=0.0%, 4=100.0%, 8=0.0%, 16=0.0%, 32=0.0%, 64=0.0%, >=64=0.0%
     complete  : 0=0.0%, 4=100.0%, 8=0.0%, 16=0.0%, 32=0.0%, 64=0.0%, >=64=0.0%
     issued rwts: total=0,10441,0,0 short=0,0,0,0 dropped=0,0,0,0
     latency   : target=0, window=0, percentile=100.00%, depth=1
bursty: (groupid=0, jobs=1): err= 0: pid=817891: Tue Sep  2 20:38:04 2025
  write: IOPS=339, BW=1360KiB/s (1393kB/s)(39.8MiB/30000msec); 0 zone resets
    clat (usec): min=18, max=416, avg=33.61, stdev=13.49
     lat (usec): min=25, max=445, avg=41.66, stdev=16.71
    clat percentiles (usec):
     |  1.00th=[   23],  5.00th=[   25], 10.00th=[   25], 20.00th=[   27],
     | 30.00th=[   28], 40.00th=[   29], 50.00th=[   31], 60.00th=[   32],
     | 70.00th=[   35], 80.00th=[   38], 90.00th=[   45], 95.00th=[   54],
     | 99.00th=[   91], 99.50th=[  108], 99.90th=[  165], 99.95th=[  190],
     | 99.99th=[  297]
   bw (  KiB/s): min= 2088, max=17056, per=0.17%, avg=11656.00, stdev=6466.22, samples=7
   iops        : min=  522, max= 4264, avg=2914.00, stdev=1616.55, samples=7
  lat (usec)   : 20=0.01%, 50=93.66%, 100=5.69%, 250=0.63%, 500=0.02%
  cpu          : usr=0.20%, sys=0.29%, ctx=10564, majf=0, minf=11392
  IO depths    : 1=100.0%, 2=0.0%, 4=0.0%, 8=0.0%, 16=0.0%, 32=0.0%, >=64=0.0%
     submit    : 0=0.0%, 4=100.0%, 8=0.0%, 16=0.0%, 32=0.0%, 64=0.0%, >=64=0.0%
     complete  : 0=0.0%, 4=100.0%, 8=0.0%, 16=0.0%, 32=0.0%, 64=0.0%, >=64=0.0%
     issued rwts: total=0,10199,0,0 short=0,0,0,0 dropped=0,0,0,0
     latency   : target=0, window=0, percentile=100.00%, depth=1

Run status group 0 (all jobs):
  WRITE: bw=6856MiB/s (7189MB/s), 1323KiB/s-129MiB/s (1355kB/s-136MB/s), io=201GiB (216GB), run=30000-30001msec

Disk stats (read/write):
  nvme5n2: ios=192/5853384, sectors=8480/46827072, merge=0/0, ticks=14/139390, in_queue=139404, util=98.67%
  nvme5n3: ios=48/5858136, sectors=2120/46865088, merge=0/0, ticks=5/138430, in_queue=138435, util=98.68%
  nvme5n4: ios=0/5847315, sectors=0/46778520, merge=0/0, ticks=0/138357, in_queue=138357, util=98.58%
  nvme5n5: ios=0/5870507, sectors=0/46964056, merge=0/0, ticks=0/139346, in_queue=139346, util=98.65%
  nvme5n6: ios=48/5833179, sectors=2120/46665432, merge=0/0, ticks=2/138877, in_queue=138879, util=98.83%
  nvme5n7: ios=48/5826091, sectors=2120/46608728, merge=0/0, ticks=6/138793, in_queue=138799, util=98.85%
  nvme5n8: ios=48/5759466, sectors=2120/46075728, merge=0/0, ticks=4/139524, in_queue=139528, util=98.88%
  nvme5n9: ios=0/5705522, sectors=0/45644176, merge=0/0, ticks=0/139187, in_queue=139187, util=98.69%
  nvme5n10: ios=0/5817477, sectors=0/46539816, merge=0/0, ticks=0/138365, in_queue=138365, util=98.78%
  nvme5n1: ios=0/164303, sectors=0/1314424, merge=0/0, ticks=0/4249, in_queue=4249, util=3.85%
