test_64kb_rwrite_5n2: (g=0): rw=randwrite, bs=(R) 4096B-4096B, (W) 4096B-4096B, (T) 4096B-4096B, ioengine=psync, iodepth=1
...
test_64kb_rwrite_5n3: (g=0): rw=randwrite, bs=(R) 4096B-4096B, (W) 4096B-4096B, (T) 4096B-4096B, ioengine=psync, iodepth=1
...
test_64kb_rwrite_5n4: (g=0): rw=randwrite, bs=(R) 4096B-4096B, (W) 4096B-4096B, (T) 4096B-4096B, ioengine=psync, iodepth=1
...
test_64kb_rwrite_5n5: (g=0): rw=randwrite, bs=(R) 4096B-4096B, (W) 4096B-4096B, (T) 4096B-4096B, ioengine=psync, iodepth=1
...
test_64kb_rwrite_5n6: (g=0): rw=randwrite, bs=(R) 4096B-4096B, (W) 4096B-4096B, (T) 4096B-4096B, ioengine=psync, iodepth=1
...
test_64kb_rwrite_5n7: (g=0): rw=randwrite, bs=(R) 4096B-4096B, (W) 4096B-4096B, (T) 4096B-4096B, ioengine=psync, iodepth=1
...
test_64kb_rwrite_5n8: (g=0): rw=randwrite, bs=(R) 4096B-4096B, (W) 4096B-4096B, (T) 4096B-4096B, ioengine=psync, iodepth=1
...
test_64kb_rwrite_5n9: (g=0): rw=randwrite, bs=(R) 4096B-4096B, (W) 4096B-4096B, (T) 4096B-4096B, ioengine=psync, iodepth=1
...
test_64kb_rwrite_5n10: (g=0): rw=randwrite, bs=(R) 4096B-4096B, (W) 4096B-4096B, (T) 4096B-4096B, ioengine=psync, iodepth=1
...
bursty: (g=0): rw=randwrite, bs=(R) 4096B-4096B, (W) 4096B-4096B, (T) 4096B-4096B, ioengine=psync, iodepth=1
...
fio-3.37-114-gf0af0-dirty
Starting 43 threads

test_64kb_rwrite_5n2: (groupid=0, jobs=1): err= 0: pid=909362: Sat Sep  6 19:26:49 2025
  write: IOPS=42.3k, BW=165MiB/s (173MB/s)(4962MiB/30001msec); 0 zone resets
    clat (usec): min=16, max=4293, avg=22.95, stdev= 7.35
     lat (usec): min=16, max=4294, avg=23.06, stdev= 7.35
    clat percentiles (usec):
     |  1.00th=[   19],  5.00th=[   20], 10.00th=[   20], 20.00th=[   21],
     | 30.00th=[   21], 40.00th=[   22], 50.00th=[   22], 60.00th=[   23],
     | 70.00th=[   24], 80.00th=[   25], 90.00th=[   28], 95.00th=[   31],
     | 99.00th=[   41], 99.50th=[   44], 99.90th=[   54], 99.95th=[   62],
     | 99.99th=[  204]
   bw (  KiB/s): min=149568, max=185352, per=3.73%, avg=169380.92, stdev=7650.10, samples=60
   iops        : min=37392, max=46338, avg=42345.22, stdev=1912.54, samples=60
  lat (usec)   : 20=17.33%, 50=82.51%, 100=0.13%, 250=0.02%, 500=0.01%
  lat (usec)   : 750=0.01%, 1000=0.01%
  lat (msec)   : 2=0.01%, 4=0.01%, 10=0.01%
  cpu          : usr=4.35%, sys=25.64%, ctx=1270376, majf=0, minf=115799
  IO depths    : 1=100.0%, 2=0.0%, 4=0.0%, 8=0.0%, 16=0.0%, 32=0.0%, >=64=0.0%
     submit    : 0=0.0%, 4=100.0%, 8=0.0%, 16=0.0%, 32=0.0%, 64=0.0%, >=64=0.0%
     complete  : 0=0.0%, 4=100.0%, 8=0.0%, 16=0.0%, 32=0.0%, 64=0.0%, >=64=0.0%
     issued rwts: total=0,1270399,0,0 short=0,0,0,0 dropped=0,0,0,0
     latency   : target=0, window=0, percentile=100.00%, depth=1
test_64kb_rwrite_5n2: (groupid=0, jobs=1): err= 0: pid=909363: Sat Sep  6 19:26:49 2025
  write: IOPS=42.0k, BW=164MiB/s (172MB/s)(4926MiB/30000msec); 0 zone resets
    clat (usec): min=16, max=4536, avg=22.98, stdev= 6.29
     lat (usec): min=16, max=5430, avg=23.11, stdev= 7.92
    clat percentiles (usec):
     |  1.00th=[   19],  5.00th=[   20], 10.00th=[   20], 20.00th=[   21],
     | 30.00th=[   22], 40.00th=[   22], 50.00th=[   22], 60.00th=[   23],
     | 70.00th=[   24], 80.00th=[   25], 90.00th=[   27], 95.00th=[   31],
     | 99.00th=[   41], 99.50th=[   44], 99.90th=[   52], 99.95th=[   57],
     | 99.99th=[  155]
   bw (  KiB/s): min=143008, max=181224, per=3.70%, avg=168094.17, stdev=7051.96, samples=60
   iops        : min=35752, max=45306, avg=42023.48, stdev=1763.02, samples=60
  lat (usec)   : 20=11.85%, 50=88.02%, 100=0.12%, 250=0.01%, 500=0.01%
  lat (usec)   : 750=0.01%, 1000=0.01%
  lat (msec)   : 10=0.01%
  cpu          : usr=4.61%, sys=26.77%, ctx=1261046, majf=0, minf=143900
  IO depths    : 1=100.0%, 2=0.0%, 4=0.0%, 8=0.0%, 16=0.0%, 32=0.0%, >=64=0.0%
     submit    : 0=0.0%, 4=100.0%, 8=0.0%, 16=0.0%, 32=0.0%, 64=0.0%, >=64=0.0%
     complete  : 0=0.0%, 4=100.0%, 8=0.0%, 16=0.0%, 32=0.0%, 64=0.0%, >=64=0.0%
     issued rwts: total=0,1261092,0,0 short=0,0,0,0 dropped=0,0,0,0
     latency   : target=0, window=0, percentile=100.00%, depth=1
test_64kb_rwrite_5n2: (groupid=0, jobs=1): err= 0: pid=909364: Sat Sep  6 19:26:49 2025
  write: IOPS=42.2k, BW=165MiB/s (173MB/s)(4947MiB/30001msec); 0 zone resets
    clat (usec): min=16, max=7186, avg=22.88, stdev= 9.95
     lat (usec): min=16, max=7186, avg=23.01, stdev= 9.95
    clat percentiles (usec):
     |  1.00th=[   19],  5.00th=[   20], 10.00th=[   20], 20.00th=[   21],
     | 30.00th=[   21], 40.00th=[   22], 50.00th=[   22], 60.00th=[   23],
     | 70.00th=[   23], 80.00th=[   24], 90.00th=[   27], 95.00th=[   31],
     | 99.00th=[   41], 99.50th=[   44], 99.90th=[   53], 99.95th=[   63],
     | 99.99th=[  229]
   bw (  KiB/s): min=145264, max=179528, per=3.72%, avg=168861.50, stdev=6953.97, samples=60
   iops        : min=36316, max=44882, avg=42215.37, stdev=1738.50, samples=60
  lat (usec)   : 20=12.22%, 50=87.63%, 100=0.11%, 250=0.03%, 500=0.01%
  lat (usec)   : 750=0.01%, 1000=0.01%
  lat (msec)   : 4=0.01%, 10=0.01%
  cpu          : usr=4.67%, sys=26.63%, ctx=1266490, majf=0, minf=144812
  IO depths    : 1=100.0%, 2=0.0%, 4=0.0%, 8=0.0%, 16=0.0%, 32=0.0%, >=64=0.0%
     submit    : 0=0.0%, 4=100.0%, 8=0.0%, 16=0.0%, 32=0.0%, 64=0.0%, >=64=0.0%
     complete  : 0=0.0%, 4=100.0%, 8=0.0%, 16=0.0%, 32=0.0%, 64=0.0%, >=64=0.0%
     issued rwts: total=0,1266543,0,0 short=0,0,0,0 dropped=0,0,0,0
     latency   : target=0, window=0, percentile=100.00%, depth=1
test_64kb_rwrite_5n3: (groupid=0, jobs=1): err= 0: pid=909365: Sat Sep  6 19:26:49 2025
  write: IOPS=42.5k, BW=166MiB/s (174MB/s)(4985MiB/30001msec); 0 zone resets
    clat (usec): min=16, max=4979, avg=22.74, stdev= 6.98
     lat (usec): min=16, max=4979, avg=22.85, stdev= 6.98
    clat percentiles (nsec):
     |  1.00th=[18304],  5.00th=[19072], 10.00th=[19584], 20.00th=[20096],
     | 30.00th=[20608], 40.00th=[21120], 50.00th=[21632], 60.00th=[22144],
     | 70.00th=[23168], 80.00th=[24448], 90.00th=[26752], 95.00th=[30336],
     | 99.00th=[40704], 99.50th=[43776], 99.90th=[51456], 99.95th=[55040],
     | 99.99th=[76288]
   bw (  KiB/s): min=152744, max=182592, per=3.75%, avg=170145.60, stdev=6774.29, samples=60
   iops        : min=38186, max=45648, avg=42536.40, stdev=1693.57, samples=60
  lat (usec)   : 20=18.48%, 50=81.39%, 100=0.12%, 250=0.01%, 500=0.01%
  lat (usec)   : 750=0.01%, 1000=0.01%
  lat (msec)   : 2=0.01%, 10=0.01%
  cpu          : usr=4.52%, sys=25.52%, ctx=1276075, majf=0, minf=171915
  IO depths    : 1=100.0%, 2=0.0%, 4=0.0%, 8=0.0%, 16=0.0%, 32=0.0%, >=64=0.0%
     submit    : 0=0.0%, 4=100.0%, 8=0.0%, 16=0.0%, 32=0.0%, 64=0.0%, >=64=0.0%
     complete  : 0=0.0%, 4=100.0%, 8=0.0%, 16=0.0%, 32=0.0%, 64=0.0%, >=64=0.0%
     issued rwts: total=0,1276092,0,0 short=0,0,0,0 dropped=0,0,0,0
     latency   : target=0, window=0, percentile=100.00%, depth=1
test_64kb_rwrite_5n3: (groupid=0, jobs=1): err= 0: pid=909366: Sat Sep  6 19:26:49 2025
  write: IOPS=41.7k, BW=163MiB/s (171MB/s)(4884MiB/30001msec); 0 zone resets
    clat (usec): min=16, max=5190, avg=23.27, stdev= 8.96
     lat (usec): min=16, max=5190, avg=23.37, stdev= 8.96
    clat percentiles (usec):
     |  1.00th=[   19],  5.00th=[   20], 10.00th=[   20], 20.00th=[   21],
     | 30.00th=[   21], 40.00th=[   22], 50.00th=[   22], 60.00th=[   23],
     | 70.00th=[   24], 80.00th=[   25], 90.00th=[   28], 95.00th=[   32],
     | 99.00th=[   42], 99.50th=[   46], 99.90th=[  153], 99.95th=[  153],
     | 99.99th=[  204]
   bw (  KiB/s): min=100872, max=184408, per=3.67%, avg=166633.85, stdev=12521.87, samples=60
   iops        : min=25218, max=46102, avg=41658.45, stdev=3130.50, samples=60
  lat (usec)   : 20=16.37%, 50=83.35%, 100=0.14%, 250=0.13%, 500=0.01%
  lat (usec)   : 750=0.01%, 1000=0.01%
  lat (msec)   : 2=0.01%, 4=0.01%, 10=0.01%
  cpu          : usr=4.43%, sys=25.42%, ctx=1250178, majf=0, minf=153326
  IO depths    : 1=100.0%, 2=0.0%, 4=0.0%, 8=0.0%, 16=0.0%, 32=0.0%, >=64=0.0%
     submit    : 0=0.0%, 4=100.0%, 8=0.0%, 16=0.0%, 32=0.0%, 64=0.0%, >=64=0.0%
     complete  : 0=0.0%, 4=100.0%, 8=0.0%, 16=0.0%, 32=0.0%, 64=0.0%, >=64=0.0%
     issued rwts: total=0,1250192,0,0 short=0,0,0,0 dropped=0,0,0,0
     latency   : target=0, window=0, percentile=100.00%, depth=1
test_64kb_rwrite_5n3: (groupid=0, jobs=1): err= 0: pid=909367: Sat Sep  6 19:26:49 2025
  write: IOPS=41.8k, BW=163MiB/s (171MB/s)(4894MiB/30000msec); 0 zone resets
    clat (usec): min=16, max=5604, avg=23.15, stdev=10.38
     lat (usec): min=16, max=5604, avg=23.27, stdev=10.38
    clat percentiles (usec):
     |  1.00th=[   19],  5.00th=[   20], 10.00th=[   20], 20.00th=[   21],
     | 30.00th=[   21], 40.00th=[   22], 50.00th=[   22], 60.00th=[   23],
     | 70.00th=[   24], 80.00th=[   25], 90.00th=[   28], 95.00th=[   31],
     | 99.00th=[   42], 99.50th=[   45], 99.90th=[   57], 99.95th=[  141],
     | 99.99th=[  237]
   bw (  KiB/s): min=145632, max=179088, per=3.68%, avg=167040.08, stdev=7757.13, samples=60
   iops        : min=36408, max=44772, avg=41760.02, stdev=1939.29, samples=60
  lat (usec)   : 20=14.66%, 50=85.15%, 100=0.14%, 250=0.05%, 500=0.01%
  lat (usec)   : 750=0.01%, 1000=0.01%
  lat (msec)   : 2=0.01%, 4=0.01%, 10=0.01%
  cpu          : usr=4.47%, sys=25.78%, ctx=1252742, majf=0, minf=169877
  IO depths    : 1=100.0%, 2=0.0%, 4=0.0%, 8=0.0%, 16=0.0%, 32=0.0%, >=64=0.0%
     submit    : 0=0.0%, 4=100.0%, 8=0.0%, 16=0.0%, 32=0.0%, 64=0.0%, >=64=0.0%
     complete  : 0=0.0%, 4=100.0%, 8=0.0%, 16=0.0%, 32=0.0%, 64=0.0%, >=64=0.0%
     issued rwts: total=0,1252761,0,0 short=0,0,0,0 dropped=0,0,0,0
     latency   : target=0, window=0, percentile=100.00%, depth=1
test_64kb_rwrite_5n4: (groupid=0, jobs=1): err= 0: pid=909368: Sat Sep  6 19:26:49 2025
  write: IOPS=41.9k, BW=164MiB/s (172MB/s)(4913MiB/30000msec); 0 zone resets
    clat (usec): min=16, max=6821, avg=23.12, stdev= 9.07
     lat (usec): min=16, max=6821, avg=23.23, stdev= 9.07
    clat percentiles (usec):
     |  1.00th=[   19],  5.00th=[   19], 10.00th=[   20], 20.00th=[   21],
     | 30.00th=[   21], 40.00th=[   22], 50.00th=[   22], 60.00th=[   23],
     | 70.00th=[   24], 80.00th=[   26], 90.00th=[   28], 95.00th=[   31],
     | 99.00th=[   42], 99.50th=[   45], 99.90th=[   53], 99.95th=[   62],
     | 99.99th=[  194]
   bw (  KiB/s): min=134968, max=183640, per=3.70%, avg=167701.60, stdev=8097.10, samples=60
   iops        : min=33742, max=45910, avg=41925.43, stdev=2024.28, samples=60
  lat (usec)   : 20=17.76%, 50=82.07%, 100=0.13%, 250=0.02%, 500=0.01%
  lat (usec)   : 750=0.01%, 1000=0.01%
  lat (msec)   : 2=0.01%, 10=0.01%
  cpu          : usr=4.61%, sys=25.29%, ctx=1257738, majf=0, minf=147590
  IO depths    : 1=100.0%, 2=0.0%, 4=0.0%, 8=0.0%, 16=0.0%, 32=0.0%, >=64=0.0%
     submit    : 0=0.0%, 4=100.0%, 8=0.0%, 16=0.0%, 32=0.0%, 64=0.0%, >=64=0.0%
     complete  : 0=0.0%, 4=100.0%, 8=0.0%, 16=0.0%, 32=0.0%, 64=0.0%, >=64=0.0%
     issued rwts: total=0,1257763,0,0 short=0,0,0,0 dropped=0,0,0,0
     latency   : target=0, window=0, percentile=100.00%, depth=1
test_64kb_rwrite_5n4: (groupid=0, jobs=1): err= 0: pid=909369: Sat Sep  6 19:26:49 2025
  write: IOPS=42.0k, BW=164MiB/s (172MB/s)(4920MiB/30001msec); 0 zone resets
    clat (usec): min=17, max=6305, avg=22.99, stdev= 8.34
     lat (usec): min=17, max=6305, avg=23.11, stdev= 8.34
    clat percentiles (usec):
     |  1.00th=[   19],  5.00th=[   20], 10.00th=[   20], 20.00th=[   21],
     | 30.00th=[   21], 40.00th=[   22], 50.00th=[   22], 60.00th=[   23],
     | 70.00th=[   24], 80.00th=[   25], 90.00th=[   27], 95.00th=[   31],
     | 99.00th=[   41], 99.50th=[   44], 99.90th=[   53], 99.95th=[   59],
     | 99.99th=[  153]
   bw (  KiB/s): min=148792, max=182728, per=3.70%, avg=167942.83, stdev=6481.05, samples=60
   iops        : min=37198, max=45682, avg=41985.70, stdev=1620.27, samples=60
  lat (usec)   : 20=12.22%, 50=87.64%, 100=0.13%, 250=0.01%, 500=0.01%
  lat (usec)   : 750=0.01%, 1000=0.01%
  lat (msec)   : 2=0.01%, 10=0.01%
  cpu          : usr=4.82%, sys=27.31%, ctx=1259455, majf=0, minf=164394
  IO depths    : 1=100.0%, 2=0.0%, 4=0.0%, 8=0.0%, 16=0.0%, 32=0.0%, >=64=0.0%
     submit    : 0=0.0%, 4=100.0%, 8=0.0%, 16=0.0%, 32=0.0%, 64=0.0%, >=64=0.0%
     complete  : 0=0.0%, 4=100.0%, 8=0.0%, 16=0.0%, 32=0.0%, 64=0.0%, >=64=0.0%
     issued rwts: total=0,1259531,0,0 short=0,0,0,0 dropped=0,0,0,0
     latency   : target=0, window=0, percentile=100.00%, depth=1
test_64kb_rwrite_5n4: (groupid=0, jobs=1): err= 0: pid=909370: Sat Sep  6 19:26:49 2025
  write: IOPS=42.1k, BW=165MiB/s (173MB/s)(4936MiB/30000msec); 0 zone resets
    clat (usec): min=16, max=4081, avg=23.01, stdev= 6.50
     lat (usec): min=16, max=4081, avg=23.12, stdev= 6.50
    clat percentiles (nsec):
     |  1.00th=[18304],  5.00th=[19072], 10.00th=[19584], 20.00th=[20096],
     | 30.00th=[20608], 40.00th=[21376], 50.00th=[21888], 60.00th=[22400],
     | 70.00th=[23424], 80.00th=[24960], 90.00th=[27520], 95.00th=[30848],
     | 99.00th=[40704], 99.50th=[44288], 99.90th=[51968], 99.95th=[55552],
     | 99.99th=[88576]
   bw (  KiB/s): min=145672, max=182712, per=3.71%, avg=168481.73, stdev=8315.67, samples=60
   iops        : min=36418, max=45678, avg=42120.47, stdev=2078.92, samples=60
  lat (usec)   : 20=16.98%, 50=82.87%, 100=0.13%, 250=0.01%, 500=0.01%
  lat (usec)   : 750=0.01%, 1000=0.01%
  lat (msec)   : 2=0.01%, 4=0.01%, 10=0.01%
  cpu          : usr=4.43%, sys=25.86%, ctx=1263677, majf=0, minf=145321
  IO depths    : 1=100.0%, 2=0.0%, 4=0.0%, 8=0.0%, 16=0.0%, 32=0.0%, >=64=0.0%
     submit    : 0=0.0%, 4=100.0%, 8=0.0%, 16=0.0%, 32=0.0%, 64=0.0%, >=64=0.0%
     complete  : 0=0.0%, 4=100.0%, 8=0.0%, 16=0.0%, 32=0.0%, 64=0.0%, >=64=0.0%
     issued rwts: total=0,1263699,0,0 short=0,0,0,0 dropped=0,0,0,0
     latency   : target=0, window=0, percentile=100.00%, depth=1
test_64kb_rwrite_5n5: (groupid=0, jobs=1): err= 0: pid=909371: Sat Sep  6 19:26:49 2025
  write: IOPS=41.7k, BW=163MiB/s (171MB/s)(4884MiB/30000msec); 0 zone resets
    clat (usec): min=16, max=7568, avg=23.31, stdev= 9.51
     lat (usec): min=16, max=7569, avg=23.42, stdev= 9.51
    clat percentiles (nsec):
     |  1.00th=[18304],  5.00th=[19072], 10.00th=[19584], 20.00th=[20352],
     | 30.00th=[20864], 40.00th=[21376], 50.00th=[22144], 60.00th=[22912],
     | 70.00th=[23936], 80.00th=[25472], 90.00th=[28288], 95.00th=[31360],
     | 99.00th=[41216], 99.50th=[44288], 99.90th=[52480], 99.95th=[57088],
     | 99.99th=[87552]
   bw (  KiB/s): min=135280, max=184048, per=3.67%, avg=166719.87, stdev=10674.27, samples=60
   iops        : min=33820, max=46012, avg=41679.97, stdev=2668.57, samples=60
  lat (usec)   : 20=16.02%, 50=83.82%, 100=0.15%, 250=0.01%, 500=0.01%
  lat (usec)   : 750=0.01%, 1000=0.01%
  lat (msec)   : 2=0.01%, 4=0.01%, 10=0.01%
  cpu          : usr=4.36%, sys=25.43%, ctx=1250376, majf=0, minf=117912
  IO depths    : 1=100.0%, 2=0.0%, 4=0.0%, 8=0.0%, 16=0.0%, 32=0.0%, >=64=0.0%
     submit    : 0=0.0%, 4=100.0%, 8=0.0%, 16=0.0%, 32=0.0%, 64=0.0%, >=64=0.0%
     complete  : 0=0.0%, 4=100.0%, 8=0.0%, 16=0.0%, 32=0.0%, 64=0.0%, >=64=0.0%
     issued rwts: total=0,1250399,0,0 short=0,0,0,0 dropped=0,0,0,0
     latency   : target=0, window=0, percentile=100.00%, depth=1
test_64kb_rwrite_5n5: (groupid=0, jobs=1): err= 0: pid=909372: Sat Sep  6 19:26:49 2025
  write: IOPS=41.8k, BW=163MiB/s (171MB/s)(4904MiB/30001msec); 0 zone resets
    clat (usec): min=16, max=2866, avg=23.14, stdev= 7.18
     lat (usec): min=16, max=2866, avg=23.26, stdev= 7.18
    clat percentiles (usec):
     |  1.00th=[   19],  5.00th=[   19], 10.00th=[   20], 20.00th=[   21],
     | 30.00th=[   21], 40.00th=[   22], 50.00th=[   22], 60.00th=[   23],
     | 70.00th=[   24], 80.00th=[   25], 90.00th=[   28], 95.00th=[   32],
     | 99.00th=[   42], 99.50th=[   45], 99.90th=[   58], 99.95th=[  151],
     | 99.99th=[  229]
   bw (  KiB/s): min=138632, max=186040, per=3.69%, avg=167395.48, stdev=9284.34, samples=60
   iops        : min=34658, max=46510, avg=41848.87, stdev=2321.09, samples=60
  lat (usec)   : 20=17.39%, 50=82.41%, 100=0.14%, 250=0.06%, 500=0.01%
  lat (usec)   : 750=0.01%, 1000=0.01%
  lat (msec)   : 2=0.01%, 4=0.01%
  cpu          : usr=4.41%, sys=25.57%, ctx=1255414, majf=0, minf=143550
  IO depths    : 1=100.0%, 2=0.0%, 4=0.0%, 8=0.0%, 16=0.0%, 32=0.0%, >=64=0.0%
     submit    : 0=0.0%, 4=100.0%, 8=0.0%, 16=0.0%, 32=0.0%, 64=0.0%, >=64=0.0%
     complete  : 0=0.0%, 4=100.0%, 8=0.0%, 16=0.0%, 32=0.0%, 64=0.0%, >=64=0.0%
     issued rwts: total=0,1255428,0,0 short=0,0,0,0 dropped=0,0,0,0
     latency   : target=0, window=0, percentile=100.00%, depth=1
test_64kb_rwrite_5n5: (groupid=0, jobs=1): err= 0: pid=909373: Sat Sep  6 19:26:49 2025
  write: IOPS=40.6k, BW=158MiB/s (166MB/s)(4755MiB/30001msec); 0 zone resets
    clat (usec): min=17, max=5198, avg=23.80, stdev= 8.34
     lat (usec): min=17, max=5198, avg=23.92, stdev= 8.34
    clat percentiles (usec):
     |  1.00th=[   20],  5.00th=[   20], 10.00th=[   21], 20.00th=[   21],
     | 30.00th=[   22], 40.00th=[   23], 50.00th=[   23], 60.00th=[   24],
     | 70.00th=[   25], 80.00th=[   26], 90.00th=[   28], 95.00th=[   32],
     | 99.00th=[   42], 99.50th=[   45], 99.90th=[   56], 99.95th=[  117],
     | 99.99th=[  233]
   bw (  KiB/s): min=129528, max=177176, per=3.58%, avg=162307.28, stdev=9038.05, samples=60
   iops        : min=32382, max=44294, avg=40576.82, stdev=2259.52, samples=60
  lat (usec)   : 20=8.20%, 50=91.60%, 100=0.14%, 250=0.04%, 500=0.01%
  lat (usec)   : 750=0.01%, 1000=0.01%
  lat (msec)   : 2=0.01%, 4=0.01%, 10=0.01%
  cpu          : usr=4.42%, sys=25.93%, ctx=1217218, majf=0, minf=163944
  IO depths    : 1=100.0%, 2=0.0%, 4=0.0%, 8=0.0%, 16=0.0%, 32=0.0%, >=64=0.0%
     submit    : 0=0.0%, 4=100.0%, 8=0.0%, 16=0.0%, 32=0.0%, 64=0.0%, >=64=0.0%
     complete  : 0=0.0%, 4=100.0%, 8=0.0%, 16=0.0%, 32=0.0%, 64=0.0%, >=64=0.0%
     issued rwts: total=0,1217266,0,0 short=0,0,0,0 dropped=0,0,0,0
     latency   : target=0, window=0, percentile=100.00%, depth=1
test_64kb_rwrite_5n6: (groupid=0, jobs=1): err= 0: pid=909374: Sat Sep  6 19:26:49 2025
  write: IOPS=42.2k, BW=165MiB/s (173MB/s)(4945MiB/30001msec); 0 zone resets
    clat (usec): min=16, max=3841, avg=23.03, stdev= 6.86
     lat (usec): min=16, max=3841, avg=23.14, stdev= 6.86
    clat percentiles (usec):
     |  1.00th=[   19],  5.00th=[   19], 10.00th=[   20], 20.00th=[   20],
     | 30.00th=[   21], 40.00th=[   22], 50.00th=[   22], 60.00th=[   23],
     | 70.00th=[   24], 80.00th=[   25], 90.00th=[   28], 95.00th=[   31],
     | 99.00th=[   42], 99.50th=[   45], 99.90th=[   53], 99.95th=[   60],
     | 99.99th=[  184]
   bw (  KiB/s): min=149984, max=189312, per=3.72%, avg=168804.53, stdev=9118.63, samples=60
   iops        : min=37496, max=47328, avg=42201.13, stdev=2279.66, samples=60
  lat (usec)   : 20=20.50%, 50=79.33%, 100=0.14%, 250=0.02%, 500=0.01%
  lat (usec)   : 750=0.01%, 1000=0.01%
  lat (msec)   : 2=0.01%, 4=0.01%
  cpu          : usr=4.17%, sys=25.15%, ctx=1266003, majf=0, minf=115295
  IO depths    : 1=100.0%, 2=0.0%, 4=0.0%, 8=0.0%, 16=0.0%, 32=0.0%, >=64=0.0%
     submit    : 0=0.0%, 4=100.0%, 8=0.0%, 16=0.0%, 32=0.0%, 64=0.0%, >=64=0.0%
     complete  : 0=0.0%, 4=100.0%, 8=0.0%, 16=0.0%, 32=0.0%, 64=0.0%, >=64=0.0%
     issued rwts: total=0,1266034,0,0 short=0,0,0,0 dropped=0,0,0,0
     latency   : target=0, window=0, percentile=100.00%, depth=1
test_64kb_rwrite_5n6: (groupid=0, jobs=1): err= 0: pid=909375: Sat Sep  6 19:26:49 2025
  write: IOPS=42.4k, BW=166MiB/s (174MB/s)(4968MiB/30001msec); 0 zone resets
    clat (usec): min=16, max=5237, avg=22.75, stdev= 7.87
     lat (usec): min=16, max=5237, avg=22.88, stdev= 7.87
    clat percentiles (usec):
     |  1.00th=[   19],  5.00th=[   20], 10.00th=[   20], 20.00th=[   21],
     | 30.00th=[   21], 40.00th=[   22], 50.00th=[   22], 60.00th=[   23],
     | 70.00th=[   23], 80.00th=[   24], 90.00th=[   27], 95.00th=[   31],
     | 99.00th=[   41], 99.50th=[   44], 99.90th=[   53], 99.95th=[   59],
     | 99.99th=[  221]
   bw (  KiB/s): min=147744, max=182016, per=3.74%, avg=169489.80, stdev=6083.36, samples=60
   iops        : min=36936, max=45504, avg=42372.42, stdev=1520.87, samples=60
  lat (usec)   : 20=13.85%, 50=86.01%, 100=0.12%, 250=0.02%, 500=0.01%
  lat (usec)   : 750=0.01%, 1000=0.01%
  lat (msec)   : 10=0.01%
  cpu          : usr=4.68%, sys=27.13%, ctx=1271859, majf=0, minf=172457
  IO depths    : 1=100.0%, 2=0.0%, 4=0.0%, 8=0.0%, 16=0.0%, 32=0.0%, >=64=0.0%
     submit    : 0=0.0%, 4=100.0%, 8=0.0%, 16=0.0%, 32=0.0%, 64=0.0%, >=64=0.0%
     complete  : 0=0.0%, 4=100.0%, 8=0.0%, 16=0.0%, 32=0.0%, 64=0.0%, >=64=0.0%
     issued rwts: total=0,1271922,0,0 short=0,0,0,0 dropped=0,0,0,0
     latency   : target=0, window=0, percentile=100.00%, depth=1
test_64kb_rwrite_5n6: (groupid=0, jobs=1): err= 0: pid=909376: Sat Sep  6 19:26:49 2025
  write: IOPS=41.5k, BW=162MiB/s (170MB/s)(4862MiB/30000msec); 0 zone resets
    clat (usec): min=16, max=4442, avg=23.29, stdev= 8.00
     lat (usec): min=16, max=4442, avg=23.40, stdev= 8.00
    clat percentiles (usec):
     |  1.00th=[   19],  5.00th=[   20], 10.00th=[   20], 20.00th=[   21],
     | 30.00th=[   22], 40.00th=[   22], 50.00th=[   23], 60.00th=[   23],
     | 70.00th=[   24], 80.00th=[   25], 90.00th=[   28], 95.00th=[   31],
     | 99.00th=[   42], 99.50th=[   45], 99.90th=[   56], 99.95th=[   79],
     | 99.99th=[  159]
   bw (  KiB/s): min=136944, max=178688, per=3.66%, avg=165958.53, stdev=7975.89, samples=60
   iops        : min=34236, max=44672, avg=41489.63, stdev=1993.97, samples=60
  lat (usec)   : 20=11.95%, 50=87.86%, 100=0.14%, 250=0.04%, 500=0.01%
  lat (usec)   : 750=0.01%, 1000=0.01%
  lat (msec)   : 2=0.01%, 4=0.01%, 10=0.01%
  cpu          : usr=4.53%, sys=26.38%, ctx=1244636, majf=0, minf=170450
  IO depths    : 1=100.0%, 2=0.0%, 4=0.0%, 8=0.0%, 16=0.0%, 32=0.0%, >=64=0.0%
     submit    : 0=0.0%, 4=100.0%, 8=0.0%, 16=0.0%, 32=0.0%, 64=0.0%, >=64=0.0%
     complete  : 0=0.0%, 4=100.0%, 8=0.0%, 16=0.0%, 32=0.0%, 64=0.0%, >=64=0.0%
     issued rwts: total=0,1244689,0,0 short=0,0,0,0 dropped=0,0,0,0
     latency   : target=0, window=0, percentile=100.00%, depth=1
test_64kb_rwrite_5n7: (groupid=0, jobs=1): err= 0: pid=909377: Sat Sep  6 19:26:49 2025
  write: IOPS=41.4k, BW=162MiB/s (170MB/s)(4852MiB/30001msec); 0 zone resets
    clat (usec): min=16, max=5391, avg=23.35, stdev= 9.85
     lat (usec): min=16, max=5391, avg=23.46, stdev= 9.86
    clat percentiles (usec):
     |  1.00th=[   19],  5.00th=[   20], 10.00th=[   20], 20.00th=[   21],
     | 30.00th=[   21], 40.00th=[   22], 50.00th=[   23], 60.00th=[   23],
     | 70.00th=[   24], 80.00th=[   26], 90.00th=[   29], 95.00th=[   32],
     | 99.00th=[   42], 99.50th=[   45], 99.90th=[   55], 99.95th=[   62],
     | 99.99th=[  165]
   bw (  KiB/s): min=137616, max=186768, per=3.65%, avg=165690.03, stdev=10421.94, samples=59
   iops        : min=34404, max=46692, avg=41422.51, stdev=2605.49, samples=59
  lat (usec)   : 20=13.78%, 50=86.03%, 100=0.16%, 250=0.02%, 500=0.01%
  lat (usec)   : 750=0.01%, 1000=0.01%
  lat (msec)   : 2=0.01%, 4=0.01%, 10=0.01%
  cpu          : usr=4.39%, sys=25.98%, ctx=1242062, majf=0, minf=171229
  IO depths    : 1=100.0%, 2=0.0%, 4=0.0%, 8=0.0%, 16=0.0%, 32=0.0%, >=64=0.0%
     submit    : 0=0.0%, 4=100.0%, 8=0.0%, 16=0.0%, 32=0.0%, 64=0.0%, >=64=0.0%
     complete  : 0=0.0%, 4=100.0%, 8=0.0%, 16=0.0%, 32=0.0%, 64=0.0%, >=64=0.0%
     issued rwts: total=0,1242089,0,0 short=0,0,0,0 dropped=0,0,0,0
     latency   : target=0, window=0, percentile=100.00%, depth=1
test_64kb_rwrite_5n7: (groupid=0, jobs=1): err= 0: pid=909378: Sat Sep  6 19:26:49 2025
  write: IOPS=42.0k, BW=164MiB/s (172MB/s)(4927MiB/30001msec); 0 zone resets
    clat (usec): min=16, max=5828, avg=23.08, stdev= 8.23
     lat (usec): min=16, max=5828, avg=23.19, stdev= 8.23
    clat percentiles (usec):
     |  1.00th=[   19],  5.00th=[   20], 10.00th=[   20], 20.00th=[   21],
     | 30.00th=[   21], 40.00th=[   22], 50.00th=[   22], 60.00th=[   23],
     | 70.00th=[   24], 80.00th=[   25], 90.00th=[   28], 95.00th=[   31],
     | 99.00th=[   42], 99.50th=[   45], 99.90th=[   53], 99.95th=[   61],
     | 99.99th=[  169]
   bw (  KiB/s): min=142504, max=185256, per=3.71%, avg=168164.72, stdev=9026.03, samples=60
   iops        : min=35626, max=46314, avg=42041.17, stdev=2256.50, samples=60
  lat (usec)   : 20=16.27%, 50=83.57%, 100=0.14%, 250=0.02%, 500=0.01%
  lat (usec)   : 750=0.01%, 1000=0.01%
  lat (msec)   : 2=0.01%, 4=0.01%, 10=0.01%
  cpu          : usr=4.40%, sys=25.65%, ctx=1261252, majf=0, minf=131041
  IO depths    : 1=100.0%, 2=0.0%, 4=0.0%, 8=0.0%, 16=0.0%, 32=0.0%, >=64=0.0%
     submit    : 0=0.0%, 4=100.0%, 8=0.0%, 16=0.0%, 32=0.0%, 64=0.0%, >=64=0.0%
     complete  : 0=0.0%, 4=100.0%, 8=0.0%, 16=0.0%, 32=0.0%, 64=0.0%, >=64=0.0%
     issued rwts: total=0,1261278,0,0 short=0,0,0,0 dropped=0,0,0,0
     latency   : target=0, window=0, percentile=100.00%, depth=1
test_64kb_rwrite_5n7: (groupid=0, jobs=1): err= 0: pid=909379: Sat Sep  6 19:26:49 2025
  write: IOPS=41.6k, BW=163MiB/s (171MB/s)(4879MiB/30000msec); 0 zone resets
    clat (usec): min=16, max=5789, avg=23.20, stdev= 9.01
     lat (usec): min=16, max=5789, avg=23.32, stdev= 9.01
    clat percentiles (usec):
     |  1.00th=[   20],  5.00th=[   20], 10.00th=[   21], 20.00th=[   21],
     | 30.00th=[   22], 40.00th=[   22], 50.00th=[   23], 60.00th=[   23],
     | 70.00th=[   24], 80.00th=[   25], 90.00th=[   27], 95.00th=[   31],
     | 99.00th=[   41], 99.50th=[   45], 99.90th=[   55], 99.95th=[   73],
     | 99.99th=[  225]
   bw (  KiB/s): min=146040, max=178792, per=3.67%, avg=166436.43, stdev=7276.01, samples=60
   iops        : min=36510, max=44698, avg=41609.10, stdev=1819.00, samples=60
  lat (usec)   : 20=8.44%, 50=91.40%, 100=0.12%, 250=0.04%, 500=0.01%
  lat (usec)   : 750=0.01%, 1000=0.01%
  lat (msec)   : 2=0.01%, 4=0.01%, 10=0.01%
  cpu          : usr=4.60%, sys=25.85%, ctx=1249008, majf=0, minf=172624
  IO depths    : 1=100.0%, 2=0.0%, 4=0.0%, 8=0.0%, 16=0.0%, 32=0.0%, >=64=0.0%
     submit    : 0=0.0%, 4=100.0%, 8=0.0%, 16=0.0%, 32=0.0%, 64=0.0%, >=64=0.0%
     complete  : 0=0.0%, 4=100.0%, 8=0.0%, 16=0.0%, 32=0.0%, 64=0.0%, >=64=0.0%
     issued rwts: total=0,1249057,0,0 short=0,0,0,0 dropped=0,0,0,0
     latency   : target=0, window=0, percentile=100.00%, depth=1
test_64kb_rwrite_5n8: (groupid=0, jobs=1): err= 0: pid=909380: Sat Sep  6 19:26:49 2025
  write: IOPS=41.8k, BW=163MiB/s (171MB/s)(4895MiB/30000msec); 0 zone resets
    clat (usec): min=16, max=2420, avg=23.26, stdev= 7.07
     lat (usec): min=16, max=2420, avg=23.37, stdev= 7.07
    clat percentiles (usec):
     |  1.00th=[   19],  5.00th=[   19], 10.00th=[   20], 20.00th=[   21],
     | 30.00th=[   21], 40.00th=[   22], 50.00th=[   23], 60.00th=[   23],
     | 70.00th=[   24], 80.00th=[   26], 90.00th=[   28], 95.00th=[   31],
     | 99.00th=[   42], 99.50th=[   45], 99.90th=[   67], 99.95th=[  153],
     | 99.99th=[  233]
   bw (  KiB/s): min=131594, max=182088, per=3.68%, avg=166904.97, stdev=9329.14, samples=60
   iops        : min=32898, max=45522, avg=41726.23, stdev=2332.32, samples=60
  lat (usec)   : 20=16.18%, 50=83.60%, 100=0.13%, 250=0.08%, 500=0.01%
  lat (usec)   : 750=0.01%, 1000=0.01%
  lat (msec)   : 2=0.01%, 4=0.01%
  cpu          : usr=4.17%, sys=25.48%, ctx=1253162, majf=0, minf=124475
  IO depths    : 1=100.0%, 2=0.0%, 4=0.0%, 8=0.0%, 16=0.0%, 32=0.0%, >=64=0.0%
     submit    : 0=0.0%, 4=100.0%, 8=0.0%, 16=0.0%, 32=0.0%, 64=0.0%, >=64=0.0%
     complete  : 0=0.0%, 4=100.0%, 8=0.0%, 16=0.0%, 32=0.0%, 64=0.0%, >=64=0.0%
     issued rwts: total=0,1253169,0,0 short=0,0,0,0 dropped=0,0,0,0
     latency   : target=0, window=0, percentile=100.00%, depth=1
test_64kb_rwrite_5n8: (groupid=0, jobs=1): err= 0: pid=909381: Sat Sep  6 19:26:49 2025
  write: IOPS=41.4k, BW=162MiB/s (170MB/s)(4858MiB/30001msec); 0 zone resets
    clat (usec): min=17, max=7458, avg=23.30, stdev=10.76
     lat (usec): min=17, max=7458, avg=23.42, stdev=10.76
    clat percentiles (usec):
     |  1.00th=[   20],  5.00th=[   20], 10.00th=[   21], 20.00th=[   21],
     | 30.00th=[   22], 40.00th=[   22], 50.00th=[   23], 60.00th=[   23],
     | 70.00th=[   24], 80.00th=[   25], 90.00th=[   28], 95.00th=[   31],
     | 99.00th=[   41], 99.50th=[   45], 99.90th=[   53], 99.95th=[   59],
     | 99.99th=[  155]
   bw (  KiB/s): min=142280, max=178800, per=3.65%, avg=165705.82, stdev=8017.80, samples=60
   iops        : min=35570, max=44700, avg=41426.43, stdev=2004.48, samples=60
  lat (usec)   : 20=9.28%, 50=90.57%, 100=0.13%, 250=0.01%, 500=0.01%
  lat (usec)   : 750=0.01%, 1000=0.01%
  lat (msec)   : 2=0.01%, 4=0.01%, 10=0.01%
  cpu          : usr=4.54%, sys=26.26%, ctx=1243458, majf=0, minf=168752
  IO depths    : 1=100.0%, 2=0.0%, 4=0.0%, 8=0.0%, 16=0.0%, 32=0.0%, >=64=0.0%
     submit    : 0=0.0%, 4=100.0%, 8=0.0%, 16=0.0%, 32=0.0%, 64=0.0%, >=64=0.0%
     complete  : 0=0.0%, 4=100.0%, 8=0.0%, 16=0.0%, 32=0.0%, 64=0.0%, >=64=0.0%
     issued rwts: total=0,1243526,0,0 short=0,0,0,0 dropped=0,0,0,0
     latency   : target=0, window=0, percentile=100.00%, depth=1
test_64kb_rwrite_5n8: (groupid=0, jobs=1): err= 0: pid=909382: Sat Sep  6 19:26:49 2025
  write: IOPS=41.2k, BW=161MiB/s (169MB/s)(4829MiB/30000msec); 0 zone resets
    clat (usec): min=17, max=2330, avg=23.53, stdev= 5.89
     lat (usec): min=17, max=2330, avg=23.65, stdev= 5.89
    clat percentiles (usec):
     |  1.00th=[   19],  5.00th=[   20], 10.00th=[   21], 20.00th=[   21],
     | 30.00th=[   22], 40.00th=[   22], 50.00th=[   23], 60.00th=[   24],
     | 70.00th=[   25], 80.00th=[   26], 90.00th=[   28], 95.00th=[   32],
     | 99.00th=[   42], 99.50th=[   45], 99.90th=[   53], 99.95th=[   58],
     | 99.99th=[  167]
   bw (  KiB/s): min=140832, max=185104, per=3.63%, avg=164771.67, stdev=8897.84, samples=60
   iops        : min=35208, max=46276, avg=41192.92, stdev=2224.44, samples=60
  lat (usec)   : 20=9.99%, 50=89.86%, 100=0.14%, 250=0.01%, 500=0.01%
  lat (usec)   : 750=0.01%, 1000=0.01%
  lat (msec)   : 2=0.01%, 4=0.01%
  cpu          : usr=4.31%, sys=26.02%, ctx=1236148, majf=0, minf=151462
  IO depths    : 1=100.0%, 2=0.0%, 4=0.0%, 8=0.0%, 16=0.0%, 32=0.0%, >=64=0.0%
     submit    : 0=0.0%, 4=100.0%, 8=0.0%, 16=0.0%, 32=0.0%, 64=0.0%, >=64=0.0%
     complete  : 0=0.0%, 4=100.0%, 8=0.0%, 16=0.0%, 32=0.0%, 64=0.0%, >=64=0.0%
     issued rwts: total=0,1236187,0,0 short=0,0,0,0 dropped=0,0,0,0
     latency   : target=0, window=0, percentile=100.00%, depth=1
test_64kb_rwrite_5n9: (groupid=0, jobs=1): err= 0: pid=909383: Sat Sep  6 19:26:49 2025
  write: IOPS=41.1k, BW=161MiB/s (168MB/s)(4819MiB/30001msec); 0 zone resets
    clat (usec): min=16, max=4281, avg=23.42, stdev= 8.21
     lat (usec): min=16, max=4282, avg=23.54, stdev= 8.21
    clat percentiles (usec):
     |  1.00th=[   19],  5.00th=[   20], 10.00th=[   21], 20.00th=[   21],
     | 30.00th=[   22], 40.00th=[   22], 50.00th=[   23], 60.00th=[   23],
     | 70.00th=[   24], 80.00th=[   25], 90.00th=[   28], 95.00th=[   32],
     | 99.00th=[   42], 99.50th=[   46], 99.90th=[   77], 99.95th=[   88],
     | 99.99th=[  153]
   bw (  KiB/s): min=143280, max=178784, per=3.63%, avg=164610.71, stdev=8447.52, samples=59
   iops        : min=35820, max=44696, avg=41152.68, stdev=2111.88, samples=59
  lat (usec)   : 20=10.13%, 50=89.57%, 100=0.27%, 250=0.02%, 500=0.01%
  lat (usec)   : 750=0.01%, 1000=0.01%
  lat (msec)   : 2=0.01%, 4=0.01%, 10=0.01%
  cpu          : usr=4.42%, sys=26.27%, ctx=1233512, majf=0, minf=198572
  IO depths    : 1=100.0%, 2=0.0%, 4=0.0%, 8=0.0%, 16=0.0%, 32=0.0%, >=64=0.0%
     submit    : 0=0.0%, 4=100.0%, 8=0.0%, 16=0.0%, 32=0.0%, 64=0.0%, >=64=0.0%
     complete  : 0=0.0%, 4=100.0%, 8=0.0%, 16=0.0%, 32=0.0%, 64=0.0%, >=64=0.0%
     issued rwts: total=0,1233569,0,0 short=0,0,0,0 dropped=0,0,0,0
     latency   : target=0, window=0, percentile=100.00%, depth=1
test_64kb_rwrite_5n9: (groupid=0, jobs=1): err= 0: pid=909384: Sat Sep  6 19:26:49 2025
  write: IOPS=42.0k, BW=164MiB/s (172MB/s)(4917MiB/30000msec); 0 zone resets
    clat (usec): min=17, max=5435, avg=23.03, stdev=10.82
     lat (usec): min=17, max=5435, avg=23.15, stdev=10.82
    clat percentiles (usec):
     |  1.00th=[   19],  5.00th=[   20], 10.00th=[   20], 20.00th=[   21],
     | 30.00th=[   21], 40.00th=[   22], 50.00th=[   22], 60.00th=[   23],
     | 70.00th=[   24], 80.00th=[   25], 90.00th=[   27], 95.00th=[   31],
     | 99.00th=[   42], 99.50th=[   45], 99.90th=[   76], 99.95th=[   87],
     | 99.99th=[  151]
   bw (  KiB/s): min=140888, max=177952, per=3.70%, avg=167813.93, stdev=7386.16, samples=60
   iops        : min=35222, max=44488, avg=41953.48, stdev=1846.54, samples=60
  lat (usec)   : 20=11.50%, 50=88.22%, 100=0.25%, 250=0.02%, 500=0.01%
  lat (usec)   : 1000=0.01%
  lat (msec)   : 2=0.01%, 4=0.01%, 10=0.01%
  cpu          : usr=4.63%, sys=26.55%, ctx=1258570, majf=0, minf=149487
  IO depths    : 1=100.0%, 2=0.0%, 4=0.0%, 8=0.0%, 16=0.0%, 32=0.0%, >=64=0.0%
     submit    : 0=0.0%, 4=100.0%, 8=0.0%, 16=0.0%, 32=0.0%, 64=0.0%, >=64=0.0%
     complete  : 0=0.0%, 4=100.0%, 8=0.0%, 16=0.0%, 32=0.0%, 64=0.0%, >=64=0.0%
     issued rwts: total=0,1258646,0,0 short=0,0,0,0 dropped=0,0,0,0
     latency   : target=0, window=0, percentile=100.00%, depth=1
test_64kb_rwrite_5n9: (groupid=0, jobs=1): err= 0: pid=909385: Sat Sep  6 19:26:49 2025
  write: IOPS=41.5k, BW=162MiB/s (170MB/s)(4859MiB/30001msec); 0 zone resets
    clat (usec): min=16, max=6287, avg=23.29, stdev=10.30
     lat (usec): min=16, max=6287, avg=23.41, stdev=10.30
    clat percentiles (usec):
     |  1.00th=[   19],  5.00th=[   20], 10.00th=[   21], 20.00th=[   21],
     | 30.00th=[   22], 40.00th=[   22], 50.00th=[   23], 60.00th=[   23],
     | 70.00th=[   24], 80.00th=[   25], 90.00th=[   28], 95.00th=[   31],
     | 99.00th=[   42], 99.50th=[   46], 99.90th=[   74], 99.95th=[   86],
     | 99.99th=[  112]
   bw (  KiB/s): min=143624, max=176112, per=3.65%, avg=165773.88, stdev=7481.21, samples=60
   iops        : min=35906, max=44028, avg=41443.47, stdev=1870.31, samples=60
  lat (usec)   : 20=10.21%, 50=89.50%, 100=0.27%, 250=0.01%, 500=0.01%
  lat (usec)   : 750=0.01%, 1000=0.01%
  lat (msec)   : 2=0.01%, 4=0.01%, 10=0.01%
  cpu          : usr=4.68%, sys=26.53%, ctx=1243730, majf=0, minf=168821
  IO depths    : 1=100.0%, 2=0.0%, 4=0.0%, 8=0.0%, 16=0.0%, 32=0.0%, >=64=0.0%
     submit    : 0=0.0%, 4=100.0%, 8=0.0%, 16=0.0%, 32=0.0%, 64=0.0%, >=64=0.0%
     complete  : 0=0.0%, 4=100.0%, 8=0.0%, 16=0.0%, 32=0.0%, 64=0.0%, >=64=0.0%
     issued rwts: total=0,1243788,0,0 short=0,0,0,0 dropped=0,0,0,0
     latency   : target=0, window=0, percentile=100.00%, depth=1
test_64kb_rwrite_5n10: (groupid=0, jobs=1): err= 0: pid=909386: Sat Sep  6 19:26:49 2025
  write: IOPS=41.9k, BW=163MiB/s (171MB/s)(4905MiB/30001msec); 0 zone resets
    clat (usec): min=16, max=4067, avg=23.06, stdev= 6.15
     lat (usec): min=16, max=4067, avg=23.18, stdev= 6.15
    clat percentiles (nsec):
     |  1.00th=[18816],  5.00th=[19584], 10.00th=[19840], 20.00th=[20608],
     | 30.00th=[21120], 40.00th=[21376], 50.00th=[21888], 60.00th=[22656],
     | 70.00th=[23424], 80.00th=[24448], 90.00th=[27008], 95.00th=[30592],
     | 99.00th=[40704], 99.50th=[43776], 99.90th=[50944], 99.95th=[55040],
     | 99.99th=[76288]
   bw (  KiB/s): min=139800, max=177632, per=3.69%, avg=167401.75, stdev=7669.00, samples=60
   iops        : min=34950, max=44408, avg=41850.43, stdev=1917.26, samples=60
  lat (usec)   : 20=11.35%, 50=88.52%, 100=0.12%, 250=0.01%, 500=0.01%
  lat (usec)   : 750=0.01%, 1000=0.01%
  lat (msec)   : 2=0.01%, 4=0.01%, 10=0.01%
  cpu          : usr=4.68%, sys=26.39%, ctx=1255559, majf=0, minf=171380
  IO depths    : 1=100.0%, 2=0.0%, 4=0.0%, 8=0.0%, 16=0.0%, 32=0.0%, >=64=0.0%
     submit    : 0=0.0%, 4=100.0%, 8=0.0%, 16=0.0%, 32=0.0%, 64=0.0%, >=64=0.0%
     complete  : 0=0.0%, 4=100.0%, 8=0.0%, 16=0.0%, 32=0.0%, 64=0.0%, >=64=0.0%
     issued rwts: total=0,1255591,0,0 short=0,0,0,0 dropped=0,0,0,0
     latency   : target=0, window=0, percentile=100.00%, depth=1
test_64kb_rwrite_5n10: (groupid=0, jobs=1): err= 0: pid=909387: Sat Sep  6 19:26:49 2025
  write: IOPS=42.0k, BW=164MiB/s (172MB/s)(4923MiB/30001msec); 0 zone resets
    clat (usec): min=16, max=3835, avg=23.08, stdev= 6.45
     lat (usec): min=16, max=3835, avg=23.19, stdev= 6.45
    clat percentiles (usec):
     |  1.00th=[   19],  5.00th=[   20], 10.00th=[   20], 20.00th=[   21],
     | 30.00th=[   21], 40.00th=[   22], 50.00th=[   22], 60.00th=[   23],
     | 70.00th=[   24], 80.00th=[   25], 90.00th=[   28], 95.00th=[   31],
     | 99.00th=[   42], 99.50th=[   45], 99.90th=[   55], 99.95th=[   67],
     | 99.99th=[  204]
   bw (  KiB/s): min=141208, max=186032, per=3.70%, avg=168027.33, stdev=8804.24, samples=60
   iops        : min=35302, max=46508, avg=42006.83, stdev=2201.06, samples=60
  lat (usec)   : 20=15.10%, 50=84.72%, 100=0.14%, 250=0.03%, 500=0.01%
  lat (usec)   : 750=0.01%, 1000=0.01%
  lat (msec)   : 2=0.01%, 4=0.01%
  cpu          : usr=4.49%, sys=24.97%, ctx=1260185, majf=0, minf=146647
  IO depths    : 1=100.0%, 2=0.0%, 4=0.0%, 8=0.0%, 16=0.0%, 32=0.0%, >=64=0.0%
     submit    : 0=0.0%, 4=100.0%, 8=0.0%, 16=0.0%, 32=0.0%, 64=0.0%, >=64=0.0%
     complete  : 0=0.0%, 4=100.0%, 8=0.0%, 16=0.0%, 32=0.0%, 64=0.0%, >=64=0.0%
     issued rwts: total=0,1260205,0,0 short=0,0,0,0 dropped=0,0,0,0
     latency   : target=0, window=0, percentile=100.00%, depth=1
test_64kb_rwrite_5n10: (groupid=0, jobs=1): err= 0: pid=909388: Sat Sep  6 19:26:49 2025
  write: IOPS=41.8k, BW=163MiB/s (171MB/s)(4898MiB/30000msec); 0 zone resets
    clat (usec): min=16, max=1038, avg=23.24, stdev= 5.03
     lat (usec): min=16, max=1038, avg=23.35, stdev= 5.03
    clat percentiles (usec):
     |  1.00th=[   19],  5.00th=[   20], 10.00th=[   20], 20.00th=[   21],
     | 30.00th=[   22], 40.00th=[   22], 50.00th=[   23], 60.00th=[   23],
     | 70.00th=[   24], 80.00th=[   25], 90.00th=[   28], 95.00th=[   31],
     | 99.00th=[   42], 99.50th=[   45], 99.90th=[   53], 99.95th=[   58],
     | 99.99th=[  153]
   bw (  KiB/s): min=151647, max=180440, per=3.68%, avg=167173.65, stdev=7203.72, samples=60
   iops        : min=37911, max=45110, avg=41793.40, stdev=1800.96, samples=60
  lat (usec)   : 20=14.14%, 50=85.71%, 100=0.14%, 250=0.02%, 500=0.01%
  lat (usec)   : 750=0.01%, 1000=0.01%
  lat (msec)   : 2=0.01%
  cpu          : usr=4.33%, sys=25.62%, ctx=1253835, majf=0, minf=115267
  IO depths    : 1=100.0%, 2=0.0%, 4=0.0%, 8=0.0%, 16=0.0%, 32=0.0%, >=64=0.0%
     submit    : 0=0.0%, 4=100.0%, 8=0.0%, 16=0.0%, 32=0.0%, 64=0.0%, >=64=0.0%
     complete  : 0=0.0%, 4=100.0%, 8=0.0%, 16=0.0%, 32=0.0%, 64=0.0%, >=64=0.0%
     issued rwts: total=0,1253842,0,0 short=0,0,0,0 dropped=0,0,0,0
     latency   : target=0, window=0, percentile=100.00%, depth=1
bursty: (groupid=0, jobs=1): err= 0: pid=909389: Sat Sep  6 19:26:49 2025
  write: IOPS=435, BW=1743KiB/s (1785kB/s)(51.1MiB/30001msec); 0 zone resets
    clat (nsec): min=17022, max=99025, avg=22733.70, stdev=4276.15
     lat (usec): min=21, max=105, avg=30.20, stdev= 5.02
    clat percentiles (nsec):
     |  1.00th=[18304],  5.00th=[18816], 10.00th=[19328], 20.00th=[19840],
     | 30.00th=[20608], 40.00th=[21120], 50.00th=[21632], 60.00th=[22400],
     | 70.00th=[23168], 80.00th=[24448], 90.00th=[26752], 95.00th=[30336],
     | 99.00th=[41216], 99.50th=[44800], 99.90th=[49920], 99.95th=[54016],
     | 99.99th=[70144]
   bw (  KiB/s): min= 2568, max=21488, per=0.33%, avg=14944.00, stdev=7574.79, samples=7
   iops        : min=  642, max= 5372, avg=3736.00, stdev=1893.70, samples=7
  lat (usec)   : 20=21.12%, 50=78.78%, 100=0.11%
  cpu          : usr=0.16%, sys=0.31%, ctx=13359, majf=0, minf=10995
  IO depths    : 1=100.0%, 2=0.0%, 4=0.0%, 8=0.0%, 16=0.0%, 32=0.0%, >=64=0.0%
     submit    : 0=0.0%, 4=100.0%, 8=0.0%, 16=0.0%, 32=0.0%, 64=0.0%, >=64=0.0%
     complete  : 0=0.0%, 4=100.0%, 8=0.0%, 16=0.0%, 32=0.0%, 64=0.0%, >=64=0.0%
     issued rwts: total=0,13076,0,0 short=0,0,0,0 dropped=0,0,0,0
     latency   : target=0, window=0, percentile=100.00%, depth=1
bursty: (groupid=0, jobs=1): err= 0: pid=909390: Sat Sep  6 19:26:49 2025
  write: IOPS=340, BW=1362KiB/s (1395kB/s)(39.9MiB/30001msec); 0 zone resets
    clat (usec): min=19, max=178, avg=27.18, stdev= 6.27
     lat (usec): min=25, max=370, avg=35.78, stdev= 9.27
    clat percentiles (usec):
     |  1.00th=[   21],  5.00th=[   22], 10.00th=[   23], 20.00th=[   24],
     | 30.00th=[   24], 40.00th=[   25], 50.00th=[   26], 60.00th=[   27],
     | 70.00th=[   28], 80.00th=[   30], 90.00th=[   35], 95.00th=[   40],
     | 99.00th=[   49], 99.50th=[   53], 99.90th=[   64], 99.95th=[   74],
     | 99.99th=[  137]
   bw (  KiB/s): min= 2568, max=16064, per=0.26%, avg=11676.57, stdev=5626.43, samples=7
   iops        : min=  642, max= 4016, avg=2919.14, stdev=1406.61, samples=7
  lat (usec)   : 20=0.33%, 50=98.79%, 100=0.85%, 250=0.03%
  cpu          : usr=0.22%, sys=0.42%, ctx=10425, majf=0, minf=18699
  IO depths    : 1=100.0%, 2=0.0%, 4=0.0%, 8=0.0%, 16=0.0%, 32=0.0%, >=64=0.0%
     submit    : 0=0.0%, 4=100.0%, 8=0.0%, 16=0.0%, 32=0.0%, 64=0.0%, >=64=0.0%
     complete  : 0=0.0%, 4=100.0%, 8=0.0%, 16=0.0%, 32=0.0%, 64=0.0%, >=64=0.0%
     issued rwts: total=0,10217,0,0 short=0,0,0,0 dropped=0,0,0,0
     latency   : target=0, window=0, percentile=100.00%, depth=1
bursty: (groupid=0, jobs=1): err= 0: pid=909391: Sat Sep  6 19:26:49 2025
  write: IOPS=353, BW=1412KiB/s (1446kB/s)(41.4MiB/30000msec); 0 zone resets
    clat (usec): min=18, max=1407, avg=27.26, stdev=19.05
     lat (usec): min=22, max=1418, avg=36.51, stdev=25.50
    clat percentiles (usec):
     |  1.00th=[   20],  5.00th=[   21], 10.00th=[   22], 20.00th=[   23],
     | 30.00th=[   24], 40.00th=[   24], 50.00th=[   25], 60.00th=[   26],
     | 70.00th=[   28], 80.00th=[   30], 90.00th=[   36], 95.00th=[   41],
     | 99.00th=[   57], 99.50th=[   62], 99.90th=[  124], 99.95th=[  210],
     | 99.99th=[  938]
   bw (  KiB/s): min= 2568, max=16776, per=0.27%, avg=12106.29, stdev=5849.47, samples=7
   iops        : min=  642, max= 4194, avg=3026.57, stdev=1462.37, samples=7
  lat (usec)   : 20=1.30%, 50=97.11%, 100=1.45%, 250=0.09%, 500=0.01%
  lat (usec)   : 750=0.01%, 1000=0.01%
  lat (msec)   : 2=0.01%
  cpu          : usr=0.18%, sys=0.39%, ctx=10748, majf=0, minf=19260
  IO depths    : 1=100.0%, 2=0.0%, 4=0.0%, 8=0.0%, 16=0.0%, 32=0.0%, >=64=0.0%
     submit    : 0=0.0%, 4=100.0%, 8=0.0%, 16=0.0%, 32=0.0%, 64=0.0%, >=64=0.0%
     complete  : 0=0.0%, 4=100.0%, 8=0.0%, 16=0.0%, 32=0.0%, 64=0.0%, >=64=0.0%
     issued rwts: total=0,10593,0,0 short=0,0,0,0 dropped=0,0,0,0
     latency   : target=0, window=0, percentile=100.00%, depth=1
bursty: (groupid=0, jobs=1): err= 0: pid=909392: Sat Sep  6 19:26:49 2025
  write: IOPS=368, BW=1475KiB/s (1510kB/s)(43.2MiB/30001msec); 0 zone resets
    clat (usec): min=18, max=1526, avg=26.78, stdev=17.67
     lat (usec): min=24, max=1537, avg=35.66, stdev=19.99
    clat percentiles (usec):
     |  1.00th=[   20],  5.00th=[   21], 10.00th=[   22], 20.00th=[   23],
     | 30.00th=[   24], 40.00th=[   24], 50.00th=[   25], 60.00th=[   26],
     | 70.00th=[   28], 80.00th=[   30], 90.00th=[   35], 95.00th=[   40],
     | 99.00th=[   51], 99.50th=[   56], 99.90th=[   80], 99.95th=[  102],
     | 99.99th=[  783]
   bw (  KiB/s): min= 2573, max=18000, per=0.28%, avg=12643.00, stdev=6366.91, samples=7
   iops        : min=  643, max= 4500, avg=3160.71, stdev=1591.79, samples=7
  lat (usec)   : 20=1.07%, 50=97.88%, 100=0.99%, 250=0.02%, 500=0.02%
  lat (usec)   : 1000=0.01%
  lat (msec)   : 2=0.01%
  cpu          : usr=0.17%, sys=0.33%, ctx=11300, majf=0, minf=10109
  IO depths    : 1=100.0%, 2=0.0%, 4=0.0%, 8=0.0%, 16=0.0%, 32=0.0%, >=64=0.0%
     submit    : 0=0.0%, 4=100.0%, 8=0.0%, 16=0.0%, 32=0.0%, 64=0.0%, >=64=0.0%
     complete  : 0=0.0%, 4=100.0%, 8=0.0%, 16=0.0%, 32=0.0%, 64=0.0%, >=64=0.0%
     issued rwts: total=0,11062,0,0 short=0,0,0,0 dropped=0,0,0,0
     latency   : target=0, window=0, percentile=100.00%, depth=1
bursty: (groupid=0, jobs=1): err= 0: pid=909393: Sat Sep  6 19:26:49 2025
  write: IOPS=369, BW=1479KiB/s (1515kB/s)(43.3MiB/30001msec); 0 zone resets
    clat (usec): min=17, max=170, avg=27.10, stdev= 6.44
     lat (usec): min=22, max=316, avg=36.01, stdev=13.77
    clat percentiles (nsec):
     |  1.00th=[19840],  5.00th=[21120], 10.00th=[21888], 20.00th=[22912],
     | 30.00th=[23424], 40.00th=[24448], 50.00th=[25216], 60.00th=[26240],
     | 70.00th=[27776], 80.00th=[30080], 90.00th=[35072], 95.00th=[40192],
     | 99.00th=[50944], 99.50th=[54016], 99.90th=[66048], 99.95th=[77312],
     | 99.99th=[98816]
   bw (  KiB/s): min= 2568, max=17568, per=0.28%, avg=12678.86, stdev=6206.00, samples=7
   iops        : min=  642, max= 4392, avg=3169.71, stdev=1551.50, samples=7
  lat (usec)   : 20=1.26%, 50=97.66%, 100=1.07%, 250=0.01%
  cpu          : usr=0.21%, sys=0.32%, ctx=11279, majf=0, minf=13588
  IO depths    : 1=100.0%, 2=0.0%, 4=0.0%, 8=0.0%, 16=0.0%, 32=0.0%, >=64=0.0%
     submit    : 0=0.0%, 4=100.0%, 8=0.0%, 16=0.0%, 32=0.0%, 64=0.0%, >=64=0.0%
     complete  : 0=0.0%, 4=100.0%, 8=0.0%, 16=0.0%, 32=0.0%, 64=0.0%, >=64=0.0%
     issued rwts: total=0,11094,0,0 short=0,0,0,0 dropped=0,0,0,0
     latency   : target=0, window=0, percentile=100.00%, depth=1
bursty: (groupid=0, jobs=1): err= 0: pid=909394: Sat Sep  6 19:26:49 2025
  write: IOPS=350, BW=1402KiB/s (1435kB/s)(41.1MiB/30001msec); 0 zone resets
    clat (usec): min=18, max=135, avg=27.07, stdev= 6.52
     lat (usec): min=22, max=236, avg=35.51, stdev=11.00
    clat percentiles (usec):
     |  1.00th=[   20],  5.00th=[   22], 10.00th=[   22], 20.00th=[   23],
     | 30.00th=[   24], 40.00th=[   25], 50.00th=[   26], 60.00th=[   27],
     | 70.00th=[   28], 80.00th=[   30], 90.00th=[   35], 95.00th=[   41],
     | 99.00th=[   51], 99.50th=[   56], 99.90th=[   75], 99.95th=[   94],
     | 99.99th=[  126]
   bw (  KiB/s): min= 2568, max=16696, per=0.26%, avg=12016.00, stdev=5864.88, samples=7
   iops        : min=  642, max= 4174, avg=3004.00, stdev=1466.22, samples=7
  lat (usec)   : 20=1.17%, 50=97.65%, 100=1.13%, 250=0.05%
  cpu          : usr=0.24%, sys=0.39%, ctx=10676, majf=0, minf=18201
  IO depths    : 1=100.0%, 2=0.0%, 4=0.0%, 8=0.0%, 16=0.0%, 32=0.0%, >=64=0.0%
     submit    : 0=0.0%, 4=100.0%, 8=0.0%, 16=0.0%, 32=0.0%, 64=0.0%, >=64=0.0%
     complete  : 0=0.0%, 4=100.0%, 8=0.0%, 16=0.0%, 32=0.0%, 64=0.0%, >=64=0.0%
     issued rwts: total=0,10514,0,0 short=0,0,0,0 dropped=0,0,0,0
     latency   : target=0, window=0, percentile=100.00%, depth=1
bursty: (groupid=0, jobs=1): err= 0: pid=909395: Sat Sep  6 19:26:49 2025
  write: IOPS=348, BW=1393KiB/s (1427kB/s)(40.8MiB/30000msec); 0 zone resets
    clat (usec): min=18, max=694, avg=27.69, stdev=11.17
     lat (usec): min=24, max=703, avg=37.07, stdev=19.56
    clat percentiles (usec):
     |  1.00th=[   21],  5.00th=[   22], 10.00th=[   23], 20.00th=[   24],
     | 30.00th=[   24], 40.00th=[   25], 50.00th=[   26], 60.00th=[   27],
     | 70.00th=[   28], 80.00th=[   31], 90.00th=[   36], 95.00th=[   42],
     | 99.00th=[   54], 99.50th=[   61], 99.90th=[  118], 99.95th=[  161],
     | 99.99th=[  359]
   bw (  KiB/s): min= 2573, max=17480, per=0.26%, avg=11943.57, stdev=6029.35, samples=7
   iops        : min=  643, max= 4370, avg=2985.86, stdev=1507.40, samples=7
  lat (usec)   : 20=0.33%, 50=98.11%, 100=1.44%, 250=0.10%, 500=0.03%
  lat (usec)   : 750=0.01%
  cpu          : usr=0.19%, sys=0.38%, ctx=10661, majf=0, minf=14620
  IO depths    : 1=100.0%, 2=0.0%, 4=0.0%, 8=0.0%, 16=0.0%, 32=0.0%, >=64=0.0%
     submit    : 0=0.0%, 4=100.0%, 8=0.0%, 16=0.0%, 32=0.0%, 64=0.0%, >=64=0.0%
     complete  : 0=0.0%, 4=100.0%, 8=0.0%, 16=0.0%, 32=0.0%, 64=0.0%, >=64=0.0%
     issued rwts: total=0,10450,0,0 short=0,0,0,0 dropped=0,0,0,0
     latency   : target=0, window=0, percentile=100.00%, depth=1
bursty: (groupid=0, jobs=1): err= 0: pid=909396: Sat Sep  6 19:26:49 2025
  write: IOPS=344, BW=1376KiB/s (1410kB/s)(40.3MiB/30001msec); 0 zone resets
    clat (usec): min=17, max=188, avg=26.64, stdev= 6.70
     lat (usec): min=23, max=202, avg=34.64, stdev= 7.29
    clat percentiles (usec):
     |  1.00th=[   20],  5.00th=[   21], 10.00th=[   22], 20.00th=[   23],
     | 30.00th=[   24], 40.00th=[   25], 50.00th=[   25], 60.00th=[   26],
     | 70.00th=[   28], 80.00th=[   30], 90.00th=[   34], 95.00th=[   39],
     | 99.00th=[   49], 99.50th=[   54], 99.90th=[   66], 99.95th=[  139],
     | 99.99th=[  180]
   bw (  KiB/s): min= 2568, max=16856, per=0.26%, avg=11798.86, stdev=5818.10, samples=7
   iops        : min=  642, max= 4214, avg=2949.71, stdev=1454.52, samples=7
  lat (usec)   : 20=2.23%, 50=96.95%, 100=0.77%, 250=0.06%
  cpu          : usr=0.27%, sys=0.39%, ctx=10517, majf=0, minf=19675
  IO depths    : 1=100.0%, 2=0.0%, 4=0.0%, 8=0.0%, 16=0.0%, 32=0.0%, >=64=0.0%
     submit    : 0=0.0%, 4=100.0%, 8=0.0%, 16=0.0%, 32=0.0%, 64=0.0%, >=64=0.0%
     complete  : 0=0.0%, 4=100.0%, 8=0.0%, 16=0.0%, 32=0.0%, 64=0.0%, >=64=0.0%
     issued rwts: total=0,10324,0,0 short=0,0,0,0 dropped=0,0,0,0
     latency   : target=0, window=0, percentile=100.00%, depth=1
bursty: (groupid=0, jobs=1): err= 0: pid=909397: Sat Sep  6 19:26:49 2025
  write: IOPS=367, BW=1470KiB/s (1505kB/s)(43.1MiB/30000msec); 0 zone resets
    clat (usec): min=17, max=1480, avg=27.49, stdev=19.59
     lat (usec): min=23, max=1672, avg=37.04, stdev=27.01
    clat percentiles (usec):
     |  1.00th=[   20],  5.00th=[   21], 10.00th=[   22], 20.00th=[   23],
     | 30.00th=[   24], 40.00th=[   25], 50.00th=[   26], 60.00th=[   27],
     | 70.00th=[   28], 80.00th=[   30], 90.00th=[   36], 95.00th=[   42],
     | 99.00th=[   56], 99.50th=[   62], 99.90th=[   84], 99.95th=[  167],
     | 99.99th=[ 1045]
   bw (  KiB/s): min= 2573, max=18224, per=0.28%, avg=12598.43, stdev=6231.21, samples=7
   iops        : min=  643, max= 4556, avg=3149.57, stdev=1557.87, samples=7
  lat (usec)   : 20=2.41%, 50=95.74%, 100=1.78%, 250=0.04%, 500=0.01%
  lat (usec)   : 750=0.01%
  lat (msec)   : 2=0.02%
  cpu          : usr=0.16%, sys=0.36%, ctx=11118, majf=0, minf=13697
  IO depths    : 1=100.0%, 2=0.0%, 4=0.0%, 8=0.0%, 16=0.0%, 32=0.0%, >=64=0.0%
     submit    : 0=0.0%, 4=100.0%, 8=0.0%, 16=0.0%, 32=0.0%, 64=0.0%, >=64=0.0%
     complete  : 0=0.0%, 4=100.0%, 8=0.0%, 16=0.0%, 32=0.0%, 64=0.0%, >=64=0.0%
     issued rwts: total=0,11023,0,0 short=0,0,0,0 dropped=0,0,0,0
     latency   : target=0, window=0, percentile=100.00%, depth=1
bursty: (groupid=0, jobs=1): err= 0: pid=909398: Sat Sep  6 19:26:49 2025
  write: IOPS=359, BW=1437KiB/s (1472kB/s)(42.1MiB/30001msec); 0 zone resets
    clat (usec): min=18, max=698, avg=26.92, stdev= 8.89
     lat (usec): min=23, max=704, avg=34.96, stdev= 9.40
    clat percentiles (usec):
     |  1.00th=[   21],  5.00th=[   22], 10.00th=[   22], 20.00th=[   23],
     | 30.00th=[   24], 40.00th=[   25], 50.00th=[   25], 60.00th=[   26],
     | 70.00th=[   28], 80.00th=[   30], 90.00th=[   35], 95.00th=[   40],
     | 99.00th=[   49], 99.50th=[   53], 99.90th=[   68], 99.95th=[   89],
     | 99.99th=[  127]
   bw (  KiB/s): min= 2568, max=17904, per=0.27%, avg=12317.71, stdev=6160.50, samples=7
   iops        : min=  642, max= 4476, avg=3079.43, stdev=1540.12, samples=7
  lat (usec)   : 20=0.84%, 50=98.45%, 100=0.68%, 250=0.03%, 750=0.01%
  cpu          : usr=0.26%, sys=0.36%, ctx=10956, majf=0, minf=14204
  IO depths    : 1=100.0%, 2=0.0%, 4=0.0%, 8=0.0%, 16=0.0%, 32=0.0%, >=64=0.0%
     submit    : 0=0.0%, 4=100.0%, 8=0.0%, 16=0.0%, 32=0.0%, 64=0.0%, >=64=0.0%
     complete  : 0=0.0%, 4=100.0%, 8=0.0%, 16=0.0%, 32=0.0%, 64=0.0%, >=64=0.0%
     issued rwts: total=0,10778,0,0 short=0,0,0,0 dropped=0,0,0,0
     latency   : target=0, window=0, percentile=100.00%, depth=1
bursty: (groupid=0, jobs=1): err= 0: pid=909399: Sat Sep  6 19:26:49 2025
  write: IOPS=375, BW=1502KiB/s (1538kB/s)(44.0MiB/30001msec); 0 zone resets
    clat (usec): min=18, max=296, avg=26.87, stdev= 7.55
     lat (usec): min=23, max=544, avg=35.18, stdev=10.68
    clat percentiles (usec):
     |  1.00th=[   20],  5.00th=[   21], 10.00th=[   22], 20.00th=[   23],
     | 30.00th=[   24], 40.00th=[   25], 50.00th=[   25], 60.00th=[   26],
     | 70.00th=[   28], 80.00th=[   30], 90.00th=[   35], 95.00th=[   40],
     | 99.00th=[   50], 99.50th=[   55], 99.90th=[   68], 99.95th=[  114],
     | 99.99th=[  277]
   bw (  KiB/s): min= 2568, max=18256, per=0.28%, avg=12872.00, stdev=6451.96, samples=7
   iops        : min=  642, max= 4564, avg=3218.00, stdev=1612.99, samples=7
  lat (usec)   : 20=1.96%, 50=97.10%, 100=0.89%, 250=0.03%, 500=0.03%
  cpu          : usr=0.19%, sys=0.36%, ctx=11469, majf=0, minf=13036
  IO depths    : 1=100.0%, 2=0.0%, 4=0.0%, 8=0.0%, 16=0.0%, 32=0.0%, >=64=0.0%
     submit    : 0=0.0%, 4=100.0%, 8=0.0%, 16=0.0%, 32=0.0%, 64=0.0%, >=64=0.0%
     complete  : 0=0.0%, 4=100.0%, 8=0.0%, 16=0.0%, 32=0.0%, 64=0.0%, >=64=0.0%
     issued rwts: total=0,11263,0,0 short=0,0,0,0 dropped=0,0,0,0
     latency   : target=0, window=0, percentile=100.00%, depth=1
bursty: (groupid=0, jobs=1): err= 0: pid=909400: Sat Sep  6 19:26:49 2025
  write: IOPS=380, BW=1524KiB/s (1560kB/s)(44.6MiB/30001msec); 0 zone resets
    clat (usec): min=17, max=103, avg=26.44, stdev= 5.83
     lat (usec): min=23, max=109, avg=34.47, stdev= 6.48
    clat percentiles (nsec):
     |  1.00th=[19584],  5.00th=[20608], 10.00th=[21376], 20.00th=[22400],
     | 30.00th=[23168], 40.00th=[23936], 50.00th=[24960], 60.00th=[25984],
     | 70.00th=[27264], 80.00th=[29312], 90.00th=[33536], 95.00th=[38656],
     | 99.00th=[47872], 99.50th=[51456], 99.90th=[58624], 99.95th=[66048],
     | 99.99th=[88576]
   bw (  KiB/s): min= 2568, max=18408, per=0.29%, avg=13061.71, stdev=6543.45, samples=7
   iops        : min=  642, max= 4602, avg=3265.43, stdev=1635.50, samples=7
  lat (usec)   : 20=2.45%, 50=96.87%, 100=0.67%, 250=0.01%
  cpu          : usr=0.24%, sys=0.31%, ctx=11599, majf=0, minf=10738
  IO depths    : 1=100.0%, 2=0.0%, 4=0.0%, 8=0.0%, 16=0.0%, 32=0.0%, >=64=0.0%
     submit    : 0=0.0%, 4=100.0%, 8=0.0%, 16=0.0%, 32=0.0%, 64=0.0%, >=64=0.0%
     complete  : 0=0.0%, 4=100.0%, 8=0.0%, 16=0.0%, 32=0.0%, 64=0.0%, >=64=0.0%
     issued rwts: total=0,11429,0,0 short=0,0,0,0 dropped=0,0,0,0
     latency   : target=0, window=0, percentile=100.00%, depth=1
bursty: (groupid=0, jobs=1): err= 0: pid=909401: Sat Sep  6 19:26:49 2025
  write: IOPS=365, BW=1461KiB/s (1496kB/s)(42.8MiB/30000msec); 0 zone resets
    clat (usec): min=17, max=570, avg=26.78, stdev= 8.37
     lat (usec): min=23, max=711, avg=36.53, stdev=19.19
    clat percentiles (usec):
     |  1.00th=[   20],  5.00th=[   21], 10.00th=[   22], 20.00th=[   23],
     | 30.00th=[   24], 40.00th=[   24], 50.00th=[   25], 60.00th=[   26],
     | 70.00th=[   28], 80.00th=[   30], 90.00th=[   35], 95.00th=[   41],
     | 99.00th=[   53], 99.50th=[   57], 99.90th=[   71], 99.95th=[   79],
     | 99.99th=[  129]
   bw (  KiB/s): min= 2573, max=17448, per=0.28%, avg=12519.57, stdev=6192.10, samples=7
   iops        : min=  643, max= 4362, avg=3129.86, stdev=1548.09, samples=7
  lat (usec)   : 20=1.19%, 50=97.25%, 100=1.53%, 250=0.02%, 750=0.01%
  cpu          : usr=0.17%, sys=0.34%, ctx=11177, majf=0, minf=13372
  IO depths    : 1=100.0%, 2=0.0%, 4=0.0%, 8=0.0%, 16=0.0%, 32=0.0%, >=64=0.0%
     submit    : 0=0.0%, 4=100.0%, 8=0.0%, 16=0.0%, 32=0.0%, 64=0.0%, >=64=0.0%
     complete  : 0=0.0%, 4=100.0%, 8=0.0%, 16=0.0%, 32=0.0%, 64=0.0%, >=64=0.0%
     issued rwts: total=0,10954,0,0 short=0,0,0,0 dropped=0,0,0,0
     latency   : target=0, window=0, percentile=100.00%, depth=1
bursty: (groupid=0, jobs=1): err= 0: pid=909402: Sat Sep  6 19:26:49 2025
  write: IOPS=355, BW=1423KiB/s (1457kB/s)(41.7MiB/30001msec); 0 zone resets
    clat (usec): min=18, max=1367, avg=27.88, stdev=18.40
     lat (usec): min=23, max=1508, avg=36.89, stdev=22.87
    clat percentiles (usec):
     |  1.00th=[   21],  5.00th=[   22], 10.00th=[   23], 20.00th=[   23],
     | 30.00th=[   24], 40.00th=[   25], 50.00th=[   26], 60.00th=[   27],
     | 70.00th=[   28], 80.00th=[   31], 90.00th=[   36], 95.00th=[   41],
     | 99.00th=[   53], 99.50th=[   62], 99.90th=[  186], 99.95th=[  273],
     | 99.99th=[  775]
   bw (  KiB/s): min= 2573, max=17000, per=0.27%, avg=12197.29, stdev=6024.31, samples=7
   iops        : min=  643, max= 4250, avg=3049.29, stdev=1506.14, samples=7
  lat (usec)   : 20=0.59%, 50=97.93%, 100=1.16%, 250=0.24%, 500=0.06%
  lat (usec)   : 1000=0.01%
  lat (msec)   : 2=0.01%
  cpu          : usr=0.19%, sys=0.35%, ctx=10743, majf=0, minf=12916
  IO depths    : 1=100.0%, 2=0.0%, 4=0.0%, 8=0.0%, 16=0.0%, 32=0.0%, >=64=0.0%
     submit    : 0=0.0%, 4=100.0%, 8=0.0%, 16=0.0%, 32=0.0%, 64=0.0%, >=64=0.0%
     complete  : 0=0.0%, 4=100.0%, 8=0.0%, 16=0.0%, 32=0.0%, 64=0.0%, >=64=0.0%
     issued rwts: total=0,10672,0,0 short=0,0,0,0 dropped=0,0,0,0
     latency   : target=0, window=0, percentile=100.00%, depth=1
bursty: (groupid=0, jobs=1): err= 0: pid=909403: Sat Sep  6 19:26:49 2025
  write: IOPS=387, BW=1551KiB/s (1588kB/s)(45.4MiB/30001msec); 0 zone resets
    clat (nsec): min=16733, max=89126, avg=25681.91, stdev=5407.44
     lat (usec): min=22, max=139, avg=33.17, stdev= 6.18
    clat percentiles (nsec):
     |  1.00th=[19328],  5.00th=[20352], 10.00th=[20864], 20.00th=[21888],
     | 30.00th=[22656], 40.00th=[23424], 50.00th=[24192], 60.00th=[25216],
     | 70.00th=[26496], 80.00th=[28288], 90.00th=[32128], 95.00th=[37120],
     | 99.00th=[46336], 99.50th=[49408], 99.90th=[55552], 99.95th=[60672],
     | 99.99th=[67072]
   bw (  KiB/s): min= 2568, max=18960, per=0.29%, avg=13296.00, stdev=6803.16, samples=7
   iops        : min=  642, max= 4740, avg=3324.00, stdev=1700.79, samples=7
  lat (usec)   : 20=2.88%, 50=96.66%, 100=0.46%
  cpu          : usr=0.19%, sys=0.34%, ctx=11874, majf=0, minf=13917
  IO depths    : 1=100.0%, 2=0.0%, 4=0.0%, 8=0.0%, 16=0.0%, 32=0.0%, >=64=0.0%
     submit    : 0=0.0%, 4=100.0%, 8=0.0%, 16=0.0%, 32=0.0%, 64=0.0%, >=64=0.0%
     complete  : 0=0.0%, 4=100.0%, 8=0.0%, 16=0.0%, 32=0.0%, 64=0.0%, >=64=0.0%
     issued rwts: total=0,11634,0,0 short=0,0,0,0 dropped=0,0,0,0
     latency   : target=0, window=0, percentile=100.00%, depth=1
bursty: (groupid=0, jobs=1): err= 0: pid=909404: Sat Sep  6 19:26:49 2025
  write: IOPS=376, BW=1507KiB/s (1543kB/s)(44.1MiB/30000msec); 0 zone resets
    clat (usec): min=17, max=191, avg=26.77, stdev= 5.95
     lat (usec): min=23, max=197, avg=34.72, stdev= 6.57
    clat percentiles (nsec):
     |  1.00th=[19840],  5.00th=[21120], 10.00th=[21888], 20.00th=[22656],
     | 30.00th=[23680], 40.00th=[24448], 50.00th=[25216], 60.00th=[26240],
     | 70.00th=[27520], 80.00th=[29568], 90.00th=[34048], 95.00th=[39168],
     | 99.00th=[47872], 99.50th=[50944], 99.90th=[57600], 99.95th=[66048],
     | 99.99th=[99840]
   bw (  KiB/s): min= 2568, max=18184, per=0.28%, avg=12914.29, stdev=6504.95, samples=7
   iops        : min=  642, max= 4546, avg=3228.57, stdev=1626.24, samples=7
  lat (usec)   : 20=1.40%, 50=98.01%, 100=0.58%, 250=0.01%
  cpu          : usr=0.26%, sys=0.32%, ctx=11471, majf=0, minf=12975
  IO depths    : 1=100.0%, 2=0.0%, 4=0.0%, 8=0.0%, 16=0.0%, 32=0.0%, >=64=0.0%
     submit    : 0=0.0%, 4=100.0%, 8=0.0%, 16=0.0%, 32=0.0%, 64=0.0%, >=64=0.0%
     complete  : 0=0.0%, 4=100.0%, 8=0.0%, 16=0.0%, 32=0.0%, 64=0.0%, >=64=0.0%
     issued rwts: total=0,11300,0,0 short=0,0,0,0 dropped=0,0,0,0
     latency   : target=0, window=0, percentile=100.00%, depth=1

Run status group 0 (all jobs):
  WRITE: bw=4431MiB/s (4646MB/s), 1362KiB/s-166MiB/s (1395kB/s-174MB/s), io=130GiB (139GB), run=30000-30001msec

Disk stats (read/write):
  nvme5n2: ios=0/3781019, sectors=0/30248152, merge=0/0, ticks=0/66027, in_queue=66027, util=96.01%
  nvme5n3: ios=0/3766547, sectors=0/30132376, merge=0/0, ticks=0/67154, in_queue=67154, util=96.71%
  nvme5n4: ios=0/3764760, sectors=0/30118080, merge=0/0, ticks=0/66452, in_queue=66452, util=96.47%
  nvme5n5: ios=0/3708835, sectors=0/29670680, merge=0/0, ticks=0/66689, in_queue=66689, util=96.62%
  nvme5n6: ios=0/3768740, sectors=0/30149920, merge=0/0, ticks=0/66434, in_queue=66434, util=96.68%
  nvme5n7: ios=0/3738875, sectors=0/29911000, merge=0/0, ticks=0/66801, in_queue=66801, util=97.01%
  nvme5n8: ios=0/3717671, sectors=0/29741368, merge=0/0, ticks=0/66920, in_queue=66920, util=96.98%
  nvme5n9: ios=0/3722082, sectors=0/29776656, merge=0/0, ticks=0/66293, in_queue=66293, util=96.94%
  nvme5n10: ios=0/3753143, sectors=0/30025144, merge=0/0, ticks=0/66949, in_queue=66949, util=97.09%
  nvme5n1: ios=0/176383, sectors=0/1411064, merge=0/0, ticks=0/3413, in_queue=3413, util=3.11%
