test_32kb_rwrite_5n2: (g=0): rw=randwrite, bs=(R) 32.0KiB-32.0KiB, (W) 32.0KiB-32.0KiB, (T) 32.0KiB-32.0KiB, ioengine=psync, iodepth=1
...
test_32kb_rwrite_5n3: (g=0): rw=randwrite, bs=(R) 32.0KiB-32.0KiB, (W) 32.0KiB-32.0KiB, (T) 32.0KiB-32.0KiB, ioengine=psync, iodepth=1
...
test_32kb_rwrite_5n4: (g=0): rw=randwrite, bs=(R) 32.0KiB-32.0KiB, (W) 32.0KiB-32.0KiB, (T) 32.0KiB-32.0KiB, ioengine=psync, iodepth=1
...
test_32kb_rwrite_5n5: (g=0): rw=randwrite, bs=(R) 32.0KiB-32.0KiB, (W) 32.0KiB-32.0KiB, (T) 32.0KiB-32.0KiB, ioengine=psync, iodepth=1
...
test_32kb_rwrite_5n6: (g=0): rw=randwrite, bs=(R) 32.0KiB-32.0KiB, (W) 32.0KiB-32.0KiB, (T) 32.0KiB-32.0KiB, ioengine=psync, iodepth=1
...
test_32kb_rwrite_5n7: (g=0): rw=randwrite, bs=(R) 32.0KiB-32.0KiB, (W) 32.0KiB-32.0KiB, (T) 32.0KiB-32.0KiB, ioengine=psync, iodepth=1
...
test_32kb_rwrite_5n8: (g=0): rw=randwrite, bs=(R) 32.0KiB-32.0KiB, (W) 32.0KiB-32.0KiB, (T) 32.0KiB-32.0KiB, ioengine=psync, iodepth=1
...
test_32kb_rwrite_5n9: (g=0): rw=randwrite, bs=(R) 32.0KiB-32.0KiB, (W) 32.0KiB-32.0KiB, (T) 32.0KiB-32.0KiB, ioengine=psync, iodepth=1
...
test_32kb_rwrite_5n10: (g=0): rw=randwrite, bs=(R) 32.0KiB-32.0KiB, (W) 32.0KiB-32.0KiB, (T) 32.0KiB-32.0KiB, ioengine=psync, iodepth=1
...
bursty: (g=0): rw=randwrite, bs=(R) 4096B-4096B, (W) 4096B-4096B, (T) 4096B-4096B, ioengine=psync, iodepth=1
...
fio-3.37-114-gf0af0-dirty
Starting 61 threads

test_32kb_rwrite_5n2: (groupid=0, jobs=1): err= 0: pid=912514: Sat Sep  6 19:39:04 2025
  write: IOPS=14.5k, BW=453MiB/s (475MB/s)(53.0GiB/120001msec); 0 zone resets
    clat (usec): min=32, max=877835, avg=68.23, stdev=2100.98
     lat (usec): min=32, max=877835, avg=68.59, stdev=2100.98
    clat percentiles (usec):
     |  1.00th=[   45],  5.00th=[   49], 10.00th=[   52], 20.00th=[   55],
     | 30.00th=[   58], 40.00th=[   60], 50.00th=[   62], 60.00th=[   64],
     | 70.00th=[   68], 80.00th=[   72], 90.00th=[   77], 95.00th=[   83],
     | 99.00th=[   96], 99.50th=[  103], 99.90th=[  139], 99.95th=[  196],
     | 99.99th=[  351]
   bw (  KiB/s): min=31616, max=515584, per=2.20%, avg=463870.73, stdev=124452.79, samples=239
   iops        : min=  988, max=16112, avg=14495.95, stdev=3889.17, samples=239
  lat (usec)   : 50=7.18%, 100=92.15%, 250=0.64%, 500=0.02%, 750=0.01%
  lat (usec)   : 1000=0.01%
  lat (msec)   : 2=0.01%, 4=0.01%, 1000=0.01%
  cpu          : usr=2.27%, sys=12.79%, ctx=1737824, majf=0, minf=84486
  IO depths    : 1=100.0%, 2=0.0%, 4=0.0%, 8=0.0%, 16=0.0%, 32=0.0%, >=64=0.0%
     submit    : 0=0.0%, 4=100.0%, 8=0.0%, 16=0.0%, 32=0.0%, 64=0.0%, >=64=0.0%
     complete  : 0=0.0%, 4=100.0%, 8=0.0%, 16=0.0%, 32=0.0%, 64=0.0%, >=64=0.0%
     issued rwts: total=0,1737779,0,0 short=0,0,0,0 dropped=0,0,0,0
     latency   : target=0, window=0, percentile=100.00%, depth=1
test_32kb_rwrite_5n2: (groupid=0, jobs=1): err= 0: pid=912515: Sat Sep  6 19:39:04 2025
  write: IOPS=14.5k, BW=454MiB/s (476MB/s)(53.2GiB/120001msec); 0 zone resets
    clat (usec): min=32, max=875639, avg=68.09, stdev=2094.93
     lat (usec): min=33, max=875640, avg=68.45, stdev=2094.93
    clat percentiles (usec):
     |  1.00th=[   45],  5.00th=[   49], 10.00th=[   51], 20.00th=[   55],
     | 30.00th=[   58], 40.00th=[   60], 50.00th=[   62], 60.00th=[   64],
     | 70.00th=[   68], 80.00th=[   71], 90.00th=[   77], 95.00th=[   83],
     | 99.00th=[   96], 99.50th=[  103], 99.90th=[  135], 99.95th=[  196],
     | 99.99th=[  347]
   bw (  KiB/s): min=37952, max=516416, per=2.21%, avg=464884.88, stdev=124148.19, samples=239
   iops        : min= 1186, max=16138, avg=14527.65, stdev=3879.63, samples=239
  lat (usec)   : 50=7.34%, 100=92.01%, 250=0.62%, 500=0.02%, 750=0.01%
  lat (usec)   : 1000=0.01%
  lat (msec)   : 2=0.01%, 4=0.01%, 1000=0.01%
  cpu          : usr=2.19%, sys=12.78%, ctx=1741677, majf=0, minf=79238
  IO depths    : 1=100.0%, 2=0.0%, 4=0.0%, 8=0.0%, 16=0.0%, 32=0.0%, >=64=0.0%
     submit    : 0=0.0%, 4=100.0%, 8=0.0%, 16=0.0%, 32=0.0%, 64=0.0%, >=64=0.0%
     complete  : 0=0.0%, 4=100.0%, 8=0.0%, 16=0.0%, 32=0.0%, 64=0.0%, >=64=0.0%
     issued rwts: total=0,1741651,0,0 short=0,0,0,0 dropped=0,0,0,0
     latency   : target=0, window=0, percentile=100.00%, depth=1
test_32kb_rwrite_5n2: (groupid=0, jobs=1): err= 0: pid=912516: Sat Sep  6 19:39:04 2025
  write: IOPS=14.5k, BW=454MiB/s (476MB/s)(53.2GiB/120001msec); 0 zone resets
    clat (usec): min=27, max=875778, avg=68.08, stdev=2094.70
     lat (usec): min=27, max=875779, avg=68.41, stdev=2094.70
    clat percentiles (usec):
     |  1.00th=[   45],  5.00th=[   49], 10.00th=[   52], 20.00th=[   55],
     | 30.00th=[   58], 40.00th=[   60], 50.00th=[   62], 60.00th=[   64],
     | 70.00th=[   68], 80.00th=[   71], 90.00th=[   77], 95.00th=[   83],
     | 99.00th=[   96], 99.50th=[  102], 99.90th=[  130], 99.95th=[  180],
     | 99.99th=[  343]
   bw (  KiB/s): min=45696, max=521069, per=2.21%, avg=465102.76, stdev=124193.20, samples=239
   iops        : min= 1428, max=16283, avg=14534.46, stdev=3881.05, samples=239
  lat (usec)   : 50=7.26%, 100=92.11%, 250=0.61%, 500=0.01%, 750=0.01%
  lat (usec)   : 1000=0.01%
  lat (msec)   : 2=0.01%, 4=0.01%, 1000=0.01%
  cpu          : usr=2.08%, sys=12.86%, ctx=1742581, majf=0, minf=79501
  IO depths    : 1=100.0%, 2=0.0%, 4=0.0%, 8=0.0%, 16=0.0%, 32=0.0%, >=64=0.0%
     submit    : 0=0.0%, 4=100.0%, 8=0.0%, 16=0.0%, 32=0.0%, 64=0.0%, >=64=0.0%
     complete  : 0=0.0%, 4=100.0%, 8=0.0%, 16=0.0%, 32=0.0%, 64=0.0%, >=64=0.0%
     issued rwts: total=0,1742537,0,0 short=0,0,0,0 dropped=0,0,0,0
     latency   : target=0, window=0, percentile=100.00%, depth=1
test_32kb_rwrite_5n2: (groupid=0, jobs=1): err= 0: pid=912517: Sat Sep  6 19:39:04 2025
  write: IOPS=14.4k, BW=451MiB/s (473MB/s)(52.9GiB/120001msec); 0 zone resets
    clat (usec): min=33, max=878582, avg=68.41, stdev=2102.09
     lat (usec): min=33, max=878582, avg=68.82, stdev=2102.09
    clat percentiles (usec):
     |  1.00th=[   45],  5.00th=[   49], 10.00th=[   52], 20.00th=[   55],
     | 30.00th=[   58], 40.00th=[   60], 50.00th=[   62], 60.00th=[   65],
     | 70.00th=[   68], 80.00th=[   72], 90.00th=[   78], 95.00th=[   83],
     | 99.00th=[   97], 99.50th=[  103], 99.90th=[  143], 99.95th=[  200],
     | 99.99th=[  351]
   bw (  KiB/s): min=24192, max=515968, per=2.20%, avg=462398.39, stdev=123289.38, samples=239
   iops        : min=  756, max=16124, avg=14449.95, stdev=3852.79, samples=239
  lat (usec)   : 50=6.81%, 100=92.51%, 250=0.66%, 500=0.02%, 750=0.01%
  lat (usec)   : 1000=0.01%
  lat (msec)   : 2=0.01%, 4=0.01%, 1000=0.01%
  cpu          : usr=2.37%, sys=12.79%, ctx=1732332, majf=0, minf=78827
  IO depths    : 1=100.0%, 2=0.0%, 4=0.0%, 8=0.0%, 16=0.0%, 32=0.0%, >=64=0.0%
     submit    : 0=0.0%, 4=100.0%, 8=0.0%, 16=0.0%, 32=0.0%, 64=0.0%, >=64=0.0%
     complete  : 0=0.0%, 4=100.0%, 8=0.0%, 16=0.0%, 32=0.0%, 64=0.0%, >=64=0.0%
     issued rwts: total=0,1732290,0,0 short=0,0,0,0 dropped=0,0,0,0
     latency   : target=0, window=0, percentile=100.00%, depth=1
test_32kb_rwrite_5n2: (groupid=0, jobs=1): err= 0: pid=912518: Sat Sep  6 19:39:04 2025
  write: IOPS=14.6k, BW=456MiB/s (479MB/s)(53.5GiB/120001msec); 0 zone resets
    clat (usec): min=29, max=876647, avg=67.68, stdev=2088.23
     lat (usec): min=30, max=876647, avg=68.01, stdev=2088.23
    clat percentiles (usec):
     |  1.00th=[   45],  5.00th=[   49], 10.00th=[   51], 20.00th=[   55],
     | 30.00th=[   57], 40.00th=[   59], 50.00th=[   62], 60.00th=[   64],
     | 70.00th=[   67], 80.00th=[   71], 90.00th=[   77], 95.00th=[   82],
     | 99.00th=[   96], 99.50th=[  102], 99.90th=[  139], 99.95th=[  200],
     | 99.99th=[  367]
   bw (  KiB/s): min=44288, max=517760, per=2.22%, avg=467904.16, stdev=125004.11, samples=239
   iops        : min= 1384, max=16180, avg=14622.00, stdev=3906.38, samples=239
  lat (usec)   : 50=8.13%, 100=91.25%, 250=0.60%, 500=0.02%, 750=0.01%
  lat (usec)   : 1000=0.01%
  lat (msec)   : 2=0.01%, 10=0.01%, 1000=0.01%
  cpu          : usr=2.23%, sys=12.00%, ctx=1752887, majf=0, minf=78309
  IO depths    : 1=100.0%, 2=0.0%, 4=0.0%, 8=0.0%, 16=0.0%, 32=0.0%, >=64=0.0%
     submit    : 0=0.0%, 4=100.0%, 8=0.0%, 16=0.0%, 32=0.0%, 64=0.0%, >=64=0.0%
     complete  : 0=0.0%, 4=100.0%, 8=0.0%, 16=0.0%, 32=0.0%, 64=0.0%, >=64=0.0%
     issued rwts: total=0,1752850,0,0 short=0,0,0,0 dropped=0,0,0,0
     latency   : target=0, window=0, percentile=100.00%, depth=1
test_32kb_rwrite_5n3: (groupid=0, jobs=1): err= 0: pid=912519: Sat Sep  6 19:39:04 2025
  write: IOPS=14.5k, BW=453MiB/s (475MB/s)(53.1GiB/120001msec); 0 zone resets
    clat (usec): min=33, max=877573, avg=68.07, stdev=2098.33
     lat (usec): min=33, max=877573, avg=68.47, stdev=2098.33
    clat percentiles (usec):
     |  1.00th=[   45],  5.00th=[   49], 10.00th=[   52], 20.00th=[   55],
     | 30.00th=[   58], 40.00th=[   60], 50.00th=[   62], 60.00th=[   65],
     | 70.00th=[   68], 80.00th=[   71], 90.00th=[   77], 95.00th=[   81],
     | 99.00th=[   93], 99.50th=[   98], 99.90th=[  143], 99.95th=[  212],
     | 99.99th=[  429]
   bw (  KiB/s): min=37504, max=514624, per=2.21%, avg=464661.27, stdev=124481.57, samples=239
   iops        : min= 1172, max=16082, avg=14520.66, stdev=3890.05, samples=239
  lat (usec)   : 50=6.70%, 100=92.90%, 250=0.36%, 500=0.02%, 750=0.01%
  lat (usec)   : 1000=0.01%
  lat (msec)   : 2=0.01%, 4=0.01%, 1000=0.01%
  cpu          : usr=2.20%, sys=13.09%, ctx=1740811, majf=0, minf=82409
  IO depths    : 1=100.0%, 2=0.0%, 4=0.0%, 8=0.0%, 16=0.0%, 32=0.0%, >=64=0.0%
     submit    : 0=0.0%, 4=100.0%, 8=0.0%, 16=0.0%, 32=0.0%, 64=0.0%, >=64=0.0%
     complete  : 0=0.0%, 4=100.0%, 8=0.0%, 16=0.0%, 32=0.0%, 64=0.0%, >=64=0.0%
     issued rwts: total=0,1740763,0,0 short=0,0,0,0 dropped=0,0,0,0
     latency   : target=0, window=0, percentile=100.00%, depth=1
test_32kb_rwrite_5n3: (groupid=0, jobs=1): err= 0: pid=912520: Sat Sep  6 19:39:04 2025
  write: IOPS=14.6k, BW=457MiB/s (479MB/s)(53.6GiB/120001msec); 0 zone resets
    clat (usec): min=32, max=877582, avg=67.56, stdev=2088.54
     lat (usec): min=32, max=877583, avg=67.90, stdev=2088.54
    clat percentiles (usec):
     |  1.00th=[   45],  5.00th=[   49], 10.00th=[   51], 20.00th=[   55],
     | 30.00th=[   57], 40.00th=[   60], 50.00th=[   62], 60.00th=[   64],
     | 70.00th=[   67], 80.00th=[   71], 90.00th=[   76], 95.00th=[   81],
     | 99.00th=[   92], 99.50th=[   97], 99.90th=[  126], 99.95th=[  194],
     | 99.99th=[  429]
   bw (  KiB/s): min=33600, max=517952, per=2.23%, avg=468601.31, stdev=125487.47, samples=239
   iops        : min= 1050, max=16186, avg=14643.79, stdev=3921.48, samples=239
  lat (usec)   : 50=7.49%, 100=92.15%, 250=0.33%, 500=0.02%, 750=0.01%
  lat (usec)   : 1000=0.01%
  lat (msec)   : 2=0.01%, 4=0.01%, 1000=0.01%
  cpu          : usr=2.23%, sys=12.50%, ctx=1755597, majf=0, minf=82457
  IO depths    : 1=100.0%, 2=0.0%, 4=0.0%, 8=0.0%, 16=0.0%, 32=0.0%, >=64=0.0%
     submit    : 0=0.0%, 4=100.0%, 8=0.0%, 16=0.0%, 32=0.0%, 64=0.0%, >=64=0.0%
     complete  : 0=0.0%, 4=100.0%, 8=0.0%, 16=0.0%, 32=0.0%, 64=0.0%, >=64=0.0%
     issued rwts: total=0,1755548,0,0 short=0,0,0,0 dropped=0,0,0,0
     latency   : target=0, window=0, percentile=100.00%, depth=1
test_32kb_rwrite_5n3: (groupid=0, jobs=1): err= 0: pid=912521: Sat Sep  6 19:39:04 2025
  write: IOPS=14.5k, BW=455MiB/s (477MB/s)(53.3GiB/120001msec); 0 zone resets
    clat (usec): min=32, max=876636, avg=67.89, stdev=2093.11
     lat (usec): min=32, max=876636, avg=68.27, stdev=2093.11
    clat percentiles (usec):
     |  1.00th=[   45],  5.00th=[   49], 10.00th=[   52], 20.00th=[   55],
     | 30.00th=[   58], 40.00th=[   60], 50.00th=[   62], 60.00th=[   64],
     | 70.00th=[   68], 80.00th=[   71], 90.00th=[   76], 95.00th=[   81],
     | 99.00th=[   92], 99.50th=[   97], 99.90th=[  125], 99.95th=[  194],
     | 99.99th=[  412]
   bw (  KiB/s): min=35264, max=519232, per=2.21%, avg=466023.00, stdev=124399.99, samples=239
   iops        : min= 1102, max=16226, avg=14563.21, stdev=3887.50, samples=239
  lat (usec)   : 50=6.91%, 100=92.73%, 250=0.33%, 500=0.02%, 750=0.01%
  lat (usec)   : 1000=0.01%
  lat (msec)   : 2=0.01%, 4=0.01%, 1000=0.01%
  cpu          : usr=2.25%, sys=12.96%, ctx=1745907, majf=0, minf=84867
  IO depths    : 1=100.0%, 2=0.0%, 4=0.0%, 8=0.0%, 16=0.0%, 32=0.0%, >=64=0.0%
     submit    : 0=0.0%, 4=100.0%, 8=0.0%, 16=0.0%, 32=0.0%, 64=0.0%, >=64=0.0%
     complete  : 0=0.0%, 4=100.0%, 8=0.0%, 16=0.0%, 32=0.0%, 64=0.0%, >=64=0.0%
     issued rwts: total=0,1745847,0,0 short=0,0,0,0 dropped=0,0,0,0
     latency   : target=0, window=0, percentile=100.00%, depth=1
test_32kb_rwrite_5n3: (groupid=0, jobs=1): err= 0: pid=912522: Sat Sep  6 19:39:04 2025
  write: IOPS=14.6k, BW=457MiB/s (479MB/s)(53.5GiB/120001msec); 0 zone resets
    clat (usec): min=30, max=875906, avg=67.60, stdev=2087.57
     lat (usec): min=30, max=875906, avg=67.94, stdev=2087.57
    clat percentiles (usec):
     |  1.00th=[   45],  5.00th=[   49], 10.00th=[   51], 20.00th=[   55],
     | 30.00th=[   57], 40.00th=[   60], 50.00th=[   62], 60.00th=[   64],
     | 70.00th=[   67], 80.00th=[   71], 90.00th=[   76], 95.00th=[   81],
     | 99.00th=[   92], 99.50th=[   97], 99.90th=[  126], 99.95th=[  194],
     | 99.99th=[  437]
   bw (  KiB/s): min=44160, max=523904, per=2.22%, avg=468289.41, stdev=125256.41, samples=239
   iops        : min= 1380, max=16372, avg=14634.05, stdev=3914.27, samples=239
  lat (usec)   : 50=7.39%, 100=92.26%, 250=0.32%, 500=0.02%, 750=0.01%
  lat (usec)   : 1000=0.01%
  lat (msec)   : 2=0.01%, 4=0.01%, 1000=0.01%
  cpu          : usr=2.25%, sys=12.84%, ctx=1754475, majf=0, minf=85347
  IO depths    : 1=100.0%, 2=0.0%, 4=0.0%, 8=0.0%, 16=0.0%, 32=0.0%, >=64=0.0%
     submit    : 0=0.0%, 4=100.0%, 8=0.0%, 16=0.0%, 32=0.0%, 64=0.0%, >=64=0.0%
     complete  : 0=0.0%, 4=100.0%, 8=0.0%, 16=0.0%, 32=0.0%, 64=0.0%, >=64=0.0%
     issued rwts: total=0,1754434,0,0 short=0,0,0,0 dropped=0,0,0,0
     latency   : target=0, window=0, percentile=100.00%, depth=1
test_32kb_rwrite_5n3: (groupid=0, jobs=1): err= 0: pid=912523: Sat Sep  6 19:39:04 2025
  write: IOPS=14.6k, BW=455MiB/s (477MB/s)(53.3GiB/120001msec); 0 zone resets
    clat (usec): min=32, max=877647, avg=67.88, stdev=2094.50
     lat (usec): min=32, max=877648, avg=68.26, stdev=2094.50
    clat percentiles (usec):
     |  1.00th=[   45],  5.00th=[   49], 10.00th=[   52], 20.00th=[   55],
     | 30.00th=[   58], 40.00th=[   60], 50.00th=[   62], 60.00th=[   64],
     | 70.00th=[   68], 80.00th=[   71], 90.00th=[   76], 95.00th=[   81],
     | 99.00th=[   92], 99.50th=[   97], 99.90th=[  125], 99.95th=[  194],
     | 99.99th=[  420]
   bw (  KiB/s): min=35904, max=519424, per=2.21%, avg=466145.32, stdev=124782.66, samples=239
   iops        : min= 1122, max=16232, avg=14567.04, stdev=3899.46, samples=239
  lat (usec)   : 50=6.90%, 100=92.74%, 250=0.33%, 500=0.02%, 750=0.01%
  lat (usec)   : 1000=0.01%
  lat (msec)   : 2=0.01%, 4=0.01%, 1000=0.01%
  cpu          : usr=2.28%, sys=12.91%, ctx=1746485, majf=0, minf=79950
  IO depths    : 1=100.0%, 2=0.0%, 4=0.0%, 8=0.0%, 16=0.0%, 32=0.0%, >=64=0.0%
     submit    : 0=0.0%, 4=100.0%, 8=0.0%, 16=0.0%, 32=0.0%, 64=0.0%, >=64=0.0%
     complete  : 0=0.0%, 4=100.0%, 8=0.0%, 16=0.0%, 32=0.0%, 64=0.0%, >=64=0.0%
     issued rwts: total=0,1746441,0,0 short=0,0,0,0 dropped=0,0,0,0
     latency   : target=0, window=0, percentile=100.00%, depth=1
test_32kb_rwrite_5n4: (groupid=0, jobs=1): err= 0: pid=912524: Sat Sep  6 19:39:04 2025
  write: IOPS=14.9k, BW=465MiB/s (488MB/s)(54.5GiB/120001msec); 0 zone resets
    clat (usec): min=27, max=876620, avg=66.39, stdev=2070.01
     lat (usec): min=27, max=876620, avg=66.72, stdev=2070.01
    clat percentiles (usec):
     |  1.00th=[   44],  5.00th=[   48], 10.00th=[   50], 20.00th=[   53],
     | 30.00th=[   56], 40.00th=[   59], 50.00th=[   61], 60.00th=[   63],
     | 70.00th=[   66], 80.00th=[   70], 90.00th=[   75], 95.00th=[   80],
     | 99.00th=[   91], 99.50th=[   96], 99.90th=[  131], 99.95th=[  202],
     | 99.99th=[  408]
   bw (  KiB/s): min=44672, max=529792, per=2.26%, avg=476828.42, stdev=128110.12, samples=239
   iops        : min= 1396, max=16556, avg=14900.89, stdev=4003.45, samples=239
  lat (usec)   : 50=9.95%, 100=89.74%, 250=0.27%, 500=0.02%, 750=0.01%
  lat (usec)   : 1000=0.01%
  lat (msec)   : 2=0.01%, 4=0.01%, 1000=0.01%
  cpu          : usr=2.18%, sys=11.43%, ctx=1786506, majf=0, minf=79090
  IO depths    : 1=100.0%, 2=0.0%, 4=0.0%, 8=0.0%, 16=0.0%, 32=0.0%, >=64=0.0%
     submit    : 0=0.0%, 4=100.0%, 8=0.0%, 16=0.0%, 32=0.0%, 64=0.0%, >=64=0.0%
     complete  : 0=0.0%, 4=100.0%, 8=0.0%, 16=0.0%, 32=0.0%, 64=0.0%, >=64=0.0%
     issued rwts: total=0,1786481,0,0 short=0,0,0,0 dropped=0,0,0,0
     latency   : target=0, window=0, percentile=100.00%, depth=1
test_32kb_rwrite_5n4: (groupid=0, jobs=1): err= 0: pid=912525: Sat Sep  6 19:39:04 2025
  write: IOPS=14.5k, BW=454MiB/s (476MB/s)(53.2GiB/120001msec); 0 zone resets
    clat (usec): min=33, max=876631, avg=67.92, stdev=2094.72
     lat (usec): min=33, max=876631, avg=68.33, stdev=2094.72
    clat percentiles (usec):
     |  1.00th=[   45],  5.00th=[   49], 10.00th=[   52], 20.00th=[   55],
     | 30.00th=[   58], 40.00th=[   60], 50.00th=[   62], 60.00th=[   64],
     | 70.00th=[   68], 80.00th=[   71], 90.00th=[   76], 95.00th=[   81],
     | 99.00th=[   92], 99.50th=[   97], 99.90th=[  129], 99.95th=[  198],
     | 99.99th=[  400]
   bw (  KiB/s): min=28672, max=516352, per=2.21%, avg=465482.56, stdev=124548.67, samples=239
   iops        : min=  896, max=16136, avg=14546.33, stdev=3892.15, samples=239
  lat (usec)   : 50=6.86%, 100=92.78%, 250=0.32%, 500=0.02%, 750=0.01%
  lat (usec)   : 1000=0.01%
  lat (msec)   : 2=0.01%, 4=0.01%, 1000=0.01%
  cpu          : usr=2.36%, sys=12.87%, ctx=1743865, majf=0, minf=92098
  IO depths    : 1=100.0%, 2=0.0%, 4=0.0%, 8=0.0%, 16=0.0%, 32=0.0%, >=64=0.0%
     submit    : 0=0.0%, 4=100.0%, 8=0.0%, 16=0.0%, 32=0.0%, 64=0.0%, >=64=0.0%
     complete  : 0=0.0%, 4=100.0%, 8=0.0%, 16=0.0%, 32=0.0%, 64=0.0%, >=64=0.0%
     issued rwts: total=0,1743817,0,0 short=0,0,0,0 dropped=0,0,0,0
     latency   : target=0, window=0, percentile=100.00%, depth=1
test_32kb_rwrite_5n4: (groupid=0, jobs=1): err= 0: pid=912526: Sat Sep  6 19:39:04 2025
  write: IOPS=14.5k, BW=454MiB/s (477MB/s)(53.3GiB/120000msec); 0 zone resets
    clat (usec): min=28, max=877660, avg=67.98, stdev=2094.36
     lat (usec): min=29, max=877660, avg=68.31, stdev=2094.36
    clat percentiles (usec):
     |  1.00th=[   45],  5.00th=[   49], 10.00th=[   52], 20.00th=[   55],
     | 30.00th=[   58], 40.00th=[   60], 50.00th=[   62], 60.00th=[   64],
     | 70.00th=[   68], 80.00th=[   71], 90.00th=[   77], 95.00th=[   81],
     | 99.00th=[   92], 99.50th=[   97], 99.90th=[  121], 99.95th=[  188],
     | 99.99th=[  400]
   bw (  KiB/s): min=26304, max=518080, per=2.21%, avg=465846.76, stdev=124409.48, samples=239
   iops        : min=  822, max=16190, avg=14557.71, stdev=3887.81, samples=239
  lat (usec)   : 50=6.87%, 100=92.78%, 250=0.33%, 500=0.02%, 750=0.01%
  lat (usec)   : 1000=0.01%
  lat (msec)   : 2=0.01%, 4=0.01%, 10=0.01%, 1000=0.01%
  cpu          : usr=2.25%, sys=12.82%, ctx=1745188, majf=0, minf=78105
  IO depths    : 1=100.0%, 2=0.0%, 4=0.0%, 8=0.0%, 16=0.0%, 32=0.0%, >=64=0.0%
     submit    : 0=0.0%, 4=100.0%, 8=0.0%, 16=0.0%, 32=0.0%, 64=0.0%, >=64=0.0%
     complete  : 0=0.0%, 4=100.0%, 8=0.0%, 16=0.0%, 32=0.0%, 64=0.0%, >=64=0.0%
     issued rwts: total=0,1745141,0,0 short=0,0,0,0 dropped=0,0,0,0
     latency   : target=0, window=0, percentile=100.00%, depth=1
test_32kb_rwrite_5n4: (groupid=0, jobs=1): err= 0: pid=912527: Sat Sep  6 19:39:04 2025
  write: IOPS=14.6k, BW=455MiB/s (478MB/s)(53.4GiB/120001msec); 0 zone resets
    clat (usec): min=33, max=877528, avg=67.75, stdev=2091.88
     lat (usec): min=33, max=877528, avg=68.16, stdev=2091.88
    clat percentiles (usec):
     |  1.00th=[   45],  5.00th=[   49], 10.00th=[   52], 20.00th=[   55],
     | 30.00th=[   58], 40.00th=[   60], 50.00th=[   62], 60.00th=[   64],
     | 70.00th=[   67], 80.00th=[   71], 90.00th=[   76], 95.00th=[   81],
     | 99.00th=[   92], 99.50th=[   97], 99.90th=[  123], 99.95th=[  196],
     | 99.99th=[  408]
   bw (  KiB/s): min=37824, max=518976, per=2.22%, avg=466790.09, stdev=124944.22, samples=239
   iops        : min= 1182, max=16218, avg=14587.18, stdev=3904.52, samples=239
  lat (usec)   : 50=7.11%, 100=92.56%, 250=0.30%, 500=0.02%, 750=0.01%
  lat (usec)   : 1000=0.01%
  lat (msec)   : 2=0.01%, 4=0.01%, 1000=0.01%
  cpu          : usr=2.36%, sys=12.86%, ctx=1748799, majf=0, minf=81688
  IO depths    : 1=100.0%, 2=0.0%, 4=0.0%, 8=0.0%, 16=0.0%, 32=0.0%, >=64=0.0%
     submit    : 0=0.0%, 4=100.0%, 8=0.0%, 16=0.0%, 32=0.0%, 64=0.0%, >=64=0.0%
     complete  : 0=0.0%, 4=100.0%, 8=0.0%, 16=0.0%, 32=0.0%, 64=0.0%, >=64=0.0%
     issued rwts: total=0,1748756,0,0 short=0,0,0,0 dropped=0,0,0,0
     latency   : target=0, window=0, percentile=100.00%, depth=1
test_32kb_rwrite_5n4: (groupid=0, jobs=1): err= 0: pid=912528: Sat Sep  6 19:39:04 2025
  write: IOPS=14.6k, BW=456MiB/s (478MB/s)(53.5GiB/120001msec); 0 zone resets
    clat (usec): min=33, max=878562, avg=67.67, stdev=2092.49
     lat (usec): min=33, max=878562, avg=68.05, stdev=2092.49
    clat percentiles (usec):
     |  1.00th=[   45],  5.00th=[   49], 10.00th=[   51], 20.00th=[   55],
     | 30.00th=[   57], 40.00th=[   60], 50.00th=[   62], 60.00th=[   64],
     | 70.00th=[   67], 80.00th=[   71], 90.00th=[   76], 95.00th=[   81],
     | 99.00th=[   92], 99.50th=[   97], 99.90th=[  124], 99.95th=[  202],
     | 99.99th=[  404]
   bw (  KiB/s): min=39872, max=519360, per=2.22%, avg=467668.13, stdev=125337.59, samples=239
   iops        : min= 1246, max=16230, avg=14614.63, stdev=3916.80, samples=239
  lat (usec)   : 50=7.25%, 100=92.43%, 250=0.30%, 500=0.02%, 750=0.01%
  lat (usec)   : 1000=0.01%
  lat (msec)   : 2=0.01%, 4=0.01%, 1000=0.01%
  cpu          : usr=2.35%, sys=12.82%, ctx=1752007, majf=0, minf=77893
  IO depths    : 1=100.0%, 2=0.0%, 4=0.0%, 8=0.0%, 16=0.0%, 32=0.0%, >=64=0.0%
     submit    : 0=0.0%, 4=100.0%, 8=0.0%, 16=0.0%, 32=0.0%, 64=0.0%, >=64=0.0%
     complete  : 0=0.0%, 4=100.0%, 8=0.0%, 16=0.0%, 32=0.0%, 64=0.0%, >=64=0.0%
     issued rwts: total=0,1751976,0,0 short=0,0,0,0 dropped=0,0,0,0
     latency   : target=0, window=0, percentile=100.00%, depth=1
test_32kb_rwrite_5n5: (groupid=0, jobs=1): err= 0: pid=912529: Sat Sep  6 19:39:04 2025
  write: IOPS=14.6k, BW=456MiB/s (478MB/s)(53.4GiB/120001msec); 0 zone resets
    clat (usec): min=33, max=878603, avg=67.65, stdev=2093.04
     lat (usec): min=33, max=878603, avg=68.09, stdev=2093.04
    clat percentiles (usec):
     |  1.00th=[   45],  5.00th=[   49], 10.00th=[   51], 20.00th=[   55],
     | 30.00th=[   57], 40.00th=[   60], 50.00th=[   62], 60.00th=[   64],
     | 70.00th=[   67], 80.00th=[   71], 90.00th=[   76], 95.00th=[   81],
     | 99.00th=[   92], 99.50th=[   97], 99.90th=[  119], 99.95th=[  172],
     | 99.99th=[  379]
   bw (  KiB/s): min=39296, max=516544, per=2.22%, avg=467256.98, stdev=125102.30, samples=239
   iops        : min= 1228, max=16142, avg=14601.78, stdev=3909.45, samples=239
  lat (usec)   : 50=7.26%, 100=92.42%, 250=0.30%, 500=0.02%, 750=0.01%
  lat (usec)   : 1000=0.01%
  lat (msec)   : 2=0.01%, 4=0.01%, 1000=0.01%
  cpu          : usr=2.49%, sys=12.75%, ctx=1750474, majf=0, minf=85536
  IO depths    : 1=100.0%, 2=0.0%, 4=0.0%, 8=0.0%, 16=0.0%, 32=0.0%, >=64=0.0%
     submit    : 0=0.0%, 4=100.0%, 8=0.0%, 16=0.0%, 32=0.0%, 64=0.0%, >=64=0.0%
     complete  : 0=0.0%, 4=100.0%, 8=0.0%, 16=0.0%, 32=0.0%, 64=0.0%, >=64=0.0%
     issued rwts: total=0,1750432,0,0 short=0,0,0,0 dropped=0,0,0,0
     latency   : target=0, window=0, percentile=100.00%, depth=1
test_32kb_rwrite_5n5: (groupid=0, jobs=1): err= 0: pid=912530: Sat Sep  6 19:39:04 2025
  write: IOPS=14.7k, BW=461MiB/s (483MB/s)(54.0GiB/120001msec); 0 zone resets
    clat (usec): min=32, max=877566, avg=67.05, stdev=2081.88
     lat (usec): min=33, max=877566, avg=67.39, stdev=2081.88
    clat percentiles (usec):
     |  1.00th=[   44],  5.00th=[   49], 10.00th=[   51], 20.00th=[   55],
     | 30.00th=[   57], 40.00th=[   59], 50.00th=[   61], 60.00th=[   64],
     | 70.00th=[   67], 80.00th=[   70], 90.00th=[   76], 95.00th=[   80],
     | 99.00th=[   91], 99.50th=[   96], 99.90th=[  124], 99.95th=[  194],
     | 99.99th=[  400]
   bw (  KiB/s): min=34944, max=524800, per=2.24%, avg=472171.73, stdev=126764.98, samples=239
   iops        : min= 1092, max=16400, avg=14755.36, stdev=3961.41, samples=239
  lat (usec)   : 50=8.50%, 100=91.18%, 250=0.29%, 500=0.02%, 750=0.01%
  lat (usec)   : 1000=0.01%
  lat (msec)   : 2=0.01%, 4=0.01%, 1000=0.01%
  cpu          : usr=2.22%, sys=11.87%, ctx=1768995, majf=0, minf=78931
  IO depths    : 1=100.0%, 2=0.0%, 4=0.0%, 8=0.0%, 16=0.0%, 32=0.0%, >=64=0.0%
     submit    : 0=0.0%, 4=100.0%, 8=0.0%, 16=0.0%, 32=0.0%, 64=0.0%, >=64=0.0%
     complete  : 0=0.0%, 4=100.0%, 8=0.0%, 16=0.0%, 32=0.0%, 64=0.0%, >=64=0.0%
     issued rwts: total=0,1768946,0,0 short=0,0,0,0 dropped=0,0,0,0
     latency   : target=0, window=0, percentile=100.00%, depth=1
test_32kb_rwrite_5n5: (groupid=0, jobs=1): err= 0: pid=912531: Sat Sep  6 19:39:04 2025
  write: IOPS=14.9k, BW=464MiB/s (487MB/s)(54.4GiB/120001msec); 0 zone resets
    clat (usec): min=32, max=876579, avg=66.43, stdev=2071.81
     lat (usec): min=33, max=876581, avg=66.84, stdev=2071.81
    clat percentiles (usec):
     |  1.00th=[   44],  5.00th=[   48], 10.00th=[   50], 20.00th=[   54],
     | 30.00th=[   56], 40.00th=[   59], 50.00th=[   61], 60.00th=[   63],
     | 70.00th=[   66], 80.00th=[   70], 90.00th=[   75], 95.00th=[   80],
     | 99.00th=[   90], 99.50th=[   95], 99.90th=[  118], 99.95th=[  174],
     | 99.99th=[  379]
   bw (  KiB/s): min=32192, max=528000, per=2.26%, avg=475914.91, stdev=127005.09, samples=239
   iops        : min= 1006, max=16500, avg=14872.33, stdev=3968.93, samples=239
  lat (usec)   : 50=9.71%, 100=90.02%, 250=0.25%, 500=0.02%, 750=0.01%
  lat (usec)   : 1000=0.01%
  lat (msec)   : 2=0.01%, 1000=0.01%
  cpu          : usr=2.43%, sys=11.23%, ctx=1783002, majf=0, minf=81564
  IO depths    : 1=100.0%, 2=0.0%, 4=0.0%, 8=0.0%, 16=0.0%, 32=0.0%, >=64=0.0%
     submit    : 0=0.0%, 4=100.0%, 8=0.0%, 16=0.0%, 32=0.0%, 64=0.0%, >=64=0.0%
     complete  : 0=0.0%, 4=100.0%, 8=0.0%, 16=0.0%, 32=0.0%, 64=0.0%, >=64=0.0%
     issued rwts: total=0,1782964,0,0 short=0,0,0,0 dropped=0,0,0,0
     latency   : target=0, window=0, percentile=100.00%, depth=1
test_32kb_rwrite_5n5: (groupid=0, jobs=1): err= 0: pid=912532: Sat Sep  6 19:39:04 2025
  write: IOPS=14.5k, BW=455MiB/s (477MB/s)(53.3GiB/120001msec); 0 zone resets
    clat (usec): min=33, max=877319, avg=67.92, stdev=2093.91
     lat (usec): min=33, max=877319, avg=68.27, stdev=2093.91
    clat percentiles (usec):
     |  1.00th=[   45],  5.00th=[   49], 10.00th=[   52], 20.00th=[   55],
     | 30.00th=[   58], 40.00th=[   60], 50.00th=[   62], 60.00th=[   64],
     | 70.00th=[   68], 80.00th=[   71], 90.00th=[   76], 95.00th=[   81],
     | 99.00th=[   92], 99.50th=[   97], 99.90th=[  121], 99.95th=[  178],
     | 99.99th=[  375]
   bw (  KiB/s): min=36160, max=518464, per=2.21%, avg=465963.51, stdev=124641.56, samples=239
   iops        : min= 1130, max=16202, avg=14561.36, stdev=3895.06, samples=239
  lat (usec)   : 50=6.92%, 100=92.73%, 250=0.33%, 500=0.02%, 750=0.01%
  lat (usec)   : 1000=0.01%
  lat (msec)   : 2=0.01%, 4=0.01%, 1000=0.01%
  cpu          : usr=2.27%, sys=12.88%, ctx=1745768, majf=0, minf=83542
  IO depths    : 1=100.0%, 2=0.0%, 4=0.0%, 8=0.0%, 16=0.0%, 32=0.0%, >=64=0.0%
     submit    : 0=0.0%, 4=100.0%, 8=0.0%, 16=0.0%, 32=0.0%, 64=0.0%, >=64=0.0%
     complete  : 0=0.0%, 4=100.0%, 8=0.0%, 16=0.0%, 32=0.0%, 64=0.0%, >=64=0.0%
     issued rwts: total=0,1745725,0,0 short=0,0,0,0 dropped=0,0,0,0
     latency   : target=0, window=0, percentile=100.00%, depth=1
test_32kb_rwrite_5n5: (groupid=0, jobs=1): err= 0: pid=912533: Sat Sep  6 19:39:04 2025
  write: IOPS=14.5k, BW=454MiB/s (476MB/s)(53.2GiB/120001msec); 0 zone resets
    clat (usec): min=33, max=875807, avg=68.01, stdev=2095.29
     lat (usec): min=34, max=875807, avg=68.40, stdev=2095.29
    clat percentiles (usec):
     |  1.00th=[   45],  5.00th=[   49], 10.00th=[   52], 20.00th=[   55],
     | 30.00th=[   58], 40.00th=[   60], 50.00th=[   62], 60.00th=[   65],
     | 70.00th=[   68], 80.00th=[   71], 90.00th=[   77], 95.00th=[   81],
     | 99.00th=[   92], 99.50th=[   97], 99.90th=[  122], 99.95th=[  196],
     | 99.99th=[  392]
   bw (  KiB/s): min=29888, max=520704, per=2.21%, avg=465248.05, stdev=124449.52, samples=239
   iops        : min=  934, max=16272, avg=14539.01, stdev=3889.06, samples=239
  lat (usec)   : 50=6.77%, 100=92.88%, 250=0.32%, 500=0.02%, 750=0.01%
  lat (usec)   : 1000=0.01%
  lat (msec)   : 2=0.01%, 4=0.01%, 1000=0.01%
  cpu          : usr=2.29%, sys=12.85%, ctx=1742940, majf=0, minf=79237
  IO depths    : 1=100.0%, 2=0.0%, 4=0.0%, 8=0.0%, 16=0.0%, 32=0.0%, >=64=0.0%
     submit    : 0=0.0%, 4=100.0%, 8=0.0%, 16=0.0%, 32=0.0%, 64=0.0%, >=64=0.0%
     complete  : 0=0.0%, 4=100.0%, 8=0.0%, 16=0.0%, 32=0.0%, 64=0.0%, >=64=0.0%
     issued rwts: total=0,1742904,0,0 short=0,0,0,0 dropped=0,0,0,0
     latency   : target=0, window=0, percentile=100.00%, depth=1
test_32kb_rwrite_5n6: (groupid=0, jobs=1): err= 0: pid=912534: Sat Sep  6 19:39:04 2025
  write: IOPS=14.6k, BW=456MiB/s (478MB/s)(53.4GiB/120001msec); 0 zone resets
    clat (usec): min=31, max=878601, avg=67.71, stdev=2091.70
     lat (usec): min=32, max=878601, avg=68.09, stdev=2091.70
    clat percentiles (usec):
     |  1.00th=[   45],  5.00th=[   49], 10.00th=[   52], 20.00th=[   55],
     | 30.00th=[   58], 40.00th=[   60], 50.00th=[   62], 60.00th=[   64],
     | 70.00th=[   67], 80.00th=[   71], 90.00th=[   76], 95.00th=[   81],
     | 99.00th=[   92], 99.50th=[   97], 99.90th=[  121], 99.95th=[  188],
     | 99.99th=[  400]
   bw (  KiB/s): min=38976, max=522944, per=2.22%, avg=467341.88, stdev=125031.33, samples=239
   iops        : min= 1218, max=16342, avg=14604.43, stdev=3907.23, samples=239
  lat (usec)   : 50=7.22%, 100=92.45%, 250=0.30%, 500=0.02%, 750=0.01%
  lat (usec)   : 1000=0.01%
  lat (msec)   : 2=0.01%, 4=0.01%, 1000=0.01%
  cpu          : usr=2.18%, sys=12.97%, ctx=1750885, majf=0, minf=80088
  IO depths    : 1=100.0%, 2=0.0%, 4=0.0%, 8=0.0%, 16=0.0%, 32=0.0%, >=64=0.0%
     submit    : 0=0.0%, 4=100.0%, 8=0.0%, 16=0.0%, 32=0.0%, 64=0.0%, >=64=0.0%
     complete  : 0=0.0%, 4=100.0%, 8=0.0%, 16=0.0%, 32=0.0%, 64=0.0%, >=64=0.0%
     issued rwts: total=0,1750849,0,0 short=0,0,0,0 dropped=0,0,0,0
     latency   : target=0, window=0, percentile=100.00%, depth=1
test_32kb_rwrite_5n6: (groupid=0, jobs=1): err= 0: pid=912535: Sat Sep  6 19:39:04 2025
  write: IOPS=14.7k, BW=460MiB/s (482MB/s)(53.9GiB/120001msec); 0 zone resets
    clat (usec): min=32, max=877546, avg=67.05, stdev=2082.03
     lat (usec): min=32, max=877547, avg=67.49, stdev=2082.03
    clat percentiles (usec):
     |  1.00th=[   45],  5.00th=[   49], 10.00th=[   51], 20.00th=[   55],
     | 30.00th=[   57], 40.00th=[   59], 50.00th=[   61], 60.00th=[   64],
     | 70.00th=[   67], 80.00th=[   70], 90.00th=[   76], 95.00th=[   80],
     | 99.00th=[   91], 99.50th=[   96], 99.90th=[  122], 99.95th=[  194],
     | 99.99th=[  388]
   bw (  KiB/s): min=37504, max=524800, per=2.24%, avg=471396.71, stdev=125974.79, samples=239
   iops        : min= 1172, max=16400, avg=14731.15, stdev=3936.71, samples=239
  lat (usec)   : 50=8.39%, 100=91.29%, 250=0.29%, 500=0.02%, 750=0.01%
  lat (usec)   : 1000=0.01%
  lat (msec)   : 2=0.01%, 10=0.01%, 1000=0.01%
  cpu          : usr=2.51%, sys=12.00%, ctx=1766133, majf=0, minf=79193
  IO depths    : 1=100.0%, 2=0.0%, 4=0.0%, 8=0.0%, 16=0.0%, 32=0.0%, >=64=0.0%
     submit    : 0=0.0%, 4=100.0%, 8=0.0%, 16=0.0%, 32=0.0%, 64=0.0%, >=64=0.0%
     complete  : 0=0.0%, 4=100.0%, 8=0.0%, 16=0.0%, 32=0.0%, 64=0.0%, >=64=0.0%
     issued rwts: total=0,1766100,0,0 short=0,0,0,0 dropped=0,0,0,0
     latency   : target=0, window=0, percentile=100.00%, depth=1
test_32kb_rwrite_5n6: (groupid=0, jobs=1): err= 0: pid=912536: Sat Sep  6 19:39:04 2025
  write: IOPS=14.6k, BW=456MiB/s (479MB/s)(53.5GiB/120001msec); 0 zone resets
    clat (usec): min=33, max=878585, avg=67.65, stdev=2091.14
     lat (usec): min=33, max=878586, avg=68.02, stdev=2091.14
    clat percentiles (usec):
     |  1.00th=[   45],  5.00th=[   49], 10.00th=[   51], 20.00th=[   55],
     | 30.00th=[   57], 40.00th=[   60], 50.00th=[   62], 60.00th=[   64],
     | 70.00th=[   67], 80.00th=[   71], 90.00th=[   76], 95.00th=[   81],
     | 99.00th=[   92], 99.50th=[   97], 99.90th=[  124], 99.95th=[  192],
     | 99.99th=[  392]
   bw (  KiB/s): min=42944, max=517952, per=2.22%, avg=467764.70, stdev=125223.73, samples=239
   iops        : min= 1342, max=16186, avg=14617.64, stdev=3913.25, samples=239
  lat (usec)   : 50=7.28%, 100=92.39%, 250=0.31%, 500=0.02%, 750=0.01%
  lat (usec)   : 1000=0.01%
  lat (msec)   : 2=0.01%, 4=0.01%, 10=0.01%, 1000=0.01%
  cpu          : usr=2.34%, sys=12.83%, ctx=1752521, majf=0, minf=80264
  IO depths    : 1=100.0%, 2=0.0%, 4=0.0%, 8=0.0%, 16=0.0%, 32=0.0%, >=64=0.0%
     submit    : 0=0.0%, 4=100.0%, 8=0.0%, 16=0.0%, 32=0.0%, 64=0.0%, >=64=0.0%
     complete  : 0=0.0%, 4=100.0%, 8=0.0%, 16=0.0%, 32=0.0%, 64=0.0%, >=64=0.0%
     issued rwts: total=0,1752480,0,0 short=0,0,0,0 dropped=0,0,0,0
     latency   : target=0, window=0, percentile=100.00%, depth=1
test_32kb_rwrite_5n6: (groupid=0, jobs=1): err= 0: pid=912537: Sat Sep  6 19:39:04 2025
  write: IOPS=14.5k, BW=454MiB/s (476MB/s)(53.2GiB/120000msec); 0 zone resets
    clat (usec): min=32, max=877587, avg=67.94, stdev=2095.40
     lat (usec): min=33, max=877587, avg=68.33, stdev=2095.40
    clat percentiles (usec):
     |  1.00th=[   45],  5.00th=[   49], 10.00th=[   52], 20.00th=[   55],
     | 30.00th=[   58], 40.00th=[   60], 50.00th=[   62], 60.00th=[   64],
     | 70.00th=[   68], 80.00th=[   71], 90.00th=[   76], 95.00th=[   81],
     | 99.00th=[   92], 99.50th=[   97], 99.90th=[  126], 99.95th=[  200],
     | 99.99th=[  404]
   bw (  KiB/s): min=33152, max=518016, per=2.21%, avg=465532.49, stdev=124650.28, samples=239
   iops        : min= 1036, max=16188, avg=14547.89, stdev=3895.33, samples=239
  lat (usec)   : 50=6.86%, 100=92.78%, 250=0.33%, 500=0.02%, 750=0.01%
  lat (usec)   : 1000=0.01%
  lat (msec)   : 2=0.01%, 4=0.01%, 1000=0.01%
  cpu          : usr=2.33%, sys=12.87%, ctx=1744114, majf=0, minf=87534
  IO depths    : 1=100.0%, 2=0.0%, 4=0.0%, 8=0.0%, 16=0.0%, 32=0.0%, >=64=0.0%
     submit    : 0=0.0%, 4=100.0%, 8=0.0%, 16=0.0%, 32=0.0%, 64=0.0%, >=64=0.0%
     complete  : 0=0.0%, 4=100.0%, 8=0.0%, 16=0.0%, 32=0.0%, 64=0.0%, >=64=0.0%
     issued rwts: total=0,1744061,0,0 short=0,0,0,0 dropped=0,0,0,0
     latency   : target=0, window=0, percentile=100.00%, depth=1
test_32kb_rwrite_5n6: (groupid=0, jobs=1): err= 0: pid=912538: Sat Sep  6 19:39:04 2025
  write: IOPS=14.8k, BW=462MiB/s (485MB/s)(54.2GiB/120001msec); 0 zone resets
    clat (usec): min=32, max=877204, avg=66.77, stdev=2075.77
     lat (usec): min=33, max=877205, avg=67.17, stdev=2075.77
    clat percentiles (usec):
     |  1.00th=[   44],  5.00th=[   48], 10.00th=[   51], 20.00th=[   54],
     | 30.00th=[   57], 40.00th=[   59], 50.00th=[   61], 60.00th=[   63],
     | 70.00th=[   67], 80.00th=[   70], 90.00th=[   75], 95.00th=[   80],
     | 99.00th=[   91], 99.50th=[   96], 99.90th=[  119], 99.95th=[  182],
     | 99.99th=[  379]
   bw (  KiB/s): min=32064, max=525440, per=2.25%, avg=473699.88, stdev=126336.17, samples=239
   iops        : min= 1002, max=16420, avg=14803.12, stdev=3948.02, samples=239
  lat (usec)   : 50=8.99%, 100=90.72%, 250=0.27%, 500=0.02%, 750=0.01%
  lat (usec)   : 1000=0.01%
  lat (msec)   : 2=0.01%, 4=0.01%, 1000=0.01%
  cpu          : usr=2.46%, sys=11.49%, ctx=1774623, majf=0, minf=78922
  IO depths    : 1=100.0%, 2=0.0%, 4=0.0%, 8=0.0%, 16=0.0%, 32=0.0%, >=64=0.0%
     submit    : 0=0.0%, 4=100.0%, 8=0.0%, 16=0.0%, 32=0.0%, 64=0.0%, >=64=0.0%
     complete  : 0=0.0%, 4=100.0%, 8=0.0%, 16=0.0%, 32=0.0%, 64=0.0%, >=64=0.0%
     issued rwts: total=0,1774589,0,0 short=0,0,0,0 dropped=0,0,0,0
     latency   : target=0, window=0, percentile=100.00%, depth=1
test_32kb_rwrite_5n7: (groupid=0, jobs=1): err= 0: pid=912539: Sat Sep  6 19:39:04 2025
  write: IOPS=14.6k, BW=455MiB/s (477MB/s)(53.3GiB/120000msec); 0 zone resets
    clat (usec): min=32, max=877649, avg=67.88, stdev=2094.24
     lat (usec): min=32, max=877650, avg=68.27, stdev=2094.24
    clat percentiles (usec):
     |  1.00th=[   45],  5.00th=[   49], 10.00th=[   52], 20.00th=[   55],
     | 30.00th=[   58], 40.00th=[   60], 50.00th=[   62], 60.00th=[   64],
     | 70.00th=[   68], 80.00th=[   71], 90.00th=[   76], 95.00th=[   81],
     | 99.00th=[   92], 99.50th=[   97], 99.90th=[  123], 99.95th=[  196],
     | 99.99th=[  424]
   bw (  KiB/s): min=40960, max=520320, per=2.21%, avg=466051.82, stdev=124868.96, samples=239
   iops        : min= 1280, max=16260, avg=14564.11, stdev=3902.16, samples=239
  lat (usec)   : 50=6.93%, 100=92.72%, 250=0.32%, 500=0.02%, 750=0.01%
  lat (usec)   : 1000=0.01%
  lat (msec)   : 2=0.01%, 1000=0.01%
  cpu          : usr=2.31%, sys=12.81%, ctx=1746081, majf=0, minf=81469
  IO depths    : 1=100.0%, 2=0.0%, 4=0.0%, 8=0.0%, 16=0.0%, 32=0.0%, >=64=0.0%
     submit    : 0=0.0%, 4=100.0%, 8=0.0%, 16=0.0%, 32=0.0%, 64=0.0%, >=64=0.0%
     complete  : 0=0.0%, 4=100.0%, 8=0.0%, 16=0.0%, 32=0.0%, 64=0.0%, >=64=0.0%
     issued rwts: total=0,1746037,0,0 short=0,0,0,0 dropped=0,0,0,0
     latency   : target=0, window=0, percentile=100.00%, depth=1
test_32kb_rwrite_5n7: (groupid=0, jobs=1): err= 0: pid=912540: Sat Sep  6 19:39:04 2025
  write: IOPS=14.5k, BW=454MiB/s (476MB/s)(53.2GiB/120001msec); 0 zone resets
    clat (usec): min=32, max=877613, avg=68.00, stdev=2095.47
     lat (usec): min=32, max=877614, avg=68.33, stdev=2095.47
    clat percentiles (usec):
     |  1.00th=[   45],  5.00th=[   49], 10.00th=[   52], 20.00th=[   55],
     | 30.00th=[   58], 40.00th=[   60], 50.00th=[   62], 60.00th=[   64],
     | 70.00th=[   68], 80.00th=[   71], 90.00th=[   76], 95.00th=[   81],
     | 99.00th=[   92], 99.50th=[   97], 99.90th=[  122], 99.95th=[  194],
     | 99.99th=[  429]
   bw (  KiB/s): min=39744, max=517440, per=2.21%, avg=465729.91, stdev=124538.86, samples=239
   iops        : min= 1242, max=16170, avg=14554.05, stdev=3891.84, samples=239
  lat (usec)   : 50=6.75%, 100=92.89%, 250=0.33%, 500=0.02%, 750=0.01%
  lat (usec)   : 1000=0.01%
  lat (msec)   : 2=0.01%, 4=0.01%, 1000=0.01%
  cpu          : usr=2.20%, sys=12.84%, ctx=1744789, majf=0, minf=79009
  IO depths    : 1=100.0%, 2=0.0%, 4=0.0%, 8=0.0%, 16=0.0%, 32=0.0%, >=64=0.0%
     submit    : 0=0.0%, 4=100.0%, 8=0.0%, 16=0.0%, 32=0.0%, 64=0.0%, >=64=0.0%
     complete  : 0=0.0%, 4=100.0%, 8=0.0%, 16=0.0%, 32=0.0%, 64=0.0%, >=64=0.0%
     issued rwts: total=0,1744752,0,0 short=0,0,0,0 dropped=0,0,0,0
     latency   : target=0, window=0, percentile=100.00%, depth=1
test_32kb_rwrite_5n7: (groupid=0, jobs=1): err= 0: pid=912541: Sat Sep  6 19:39:04 2025
  write: IOPS=14.5k, BW=454MiB/s (476MB/s)(53.1GiB/120001msec); 0 zone resets
    clat (usec): min=31, max=876534, avg=68.02, stdev=2095.44
     lat (usec): min=32, max=876534, avg=68.42, stdev=2095.44
    clat percentiles (usec):
     |  1.00th=[   45],  5.00th=[   49], 10.00th=[   52], 20.00th=[   55],
     | 30.00th=[   58], 40.00th=[   60], 50.00th=[   62], 60.00th=[   65],
     | 70.00th=[   68], 80.00th=[   71], 90.00th=[   77], 95.00th=[   81],
     | 99.00th=[   92], 99.50th=[   97], 99.90th=[  121], 99.95th=[  176],
     | 99.99th=[  420]
   bw (  KiB/s): min=40512, max=514752, per=2.21%, avg=464869.90, stdev=124364.84, samples=239
   iops        : min= 1266, max=16086, avg=14527.19, stdev=3886.40, samples=239
  lat (usec)   : 50=6.71%, 100=92.94%, 250=0.32%, 500=0.02%, 750=0.01%
  lat (usec)   : 1000=0.01%
  lat (msec)   : 2=0.01%, 4=0.01%, 1000=0.01%
  cpu          : usr=2.38%, sys=12.88%, ctx=1741622, majf=0, minf=87055
  IO depths    : 1=100.0%, 2=0.0%, 4=0.0%, 8=0.0%, 16=0.0%, 32=0.0%, >=64=0.0%
     submit    : 0=0.0%, 4=100.0%, 8=0.0%, 16=0.0%, 32=0.0%, 64=0.0%, >=64=0.0%
     complete  : 0=0.0%, 4=100.0%, 8=0.0%, 16=0.0%, 32=0.0%, 64=0.0%, >=64=0.0%
     issued rwts: total=0,1741573,0,0 short=0,0,0,0 dropped=0,0,0,0
     latency   : target=0, window=0, percentile=100.00%, depth=1
test_32kb_rwrite_5n7: (groupid=0, jobs=1): err= 0: pid=912542: Sat Sep  6 19:39:04 2025
  write: IOPS=14.7k, BW=459MiB/s (482MB/s)(53.8GiB/120001msec); 0 zone resets
    clat (usec): min=32, max=877043, avg=67.26, stdev=2082.57
     lat (usec): min=33, max=877044, avg=67.60, stdev=2082.57
    clat percentiles (usec):
     |  1.00th=[   45],  5.00th=[   49], 10.00th=[   51], 20.00th=[   55],
     | 30.00th=[   57], 40.00th=[   59], 50.00th=[   61], 60.00th=[   64],
     | 70.00th=[   67], 80.00th=[   70], 90.00th=[   76], 95.00th=[   81],
     | 99.00th=[   92], 99.50th=[   97], 99.90th=[  129], 99.95th=[  206],
     | 99.99th=[  424]
   bw (  KiB/s): min=33856, max=524096, per=2.24%, avg=470723.65, stdev=126437.48, samples=239
   iops        : min= 1058, max=16378, avg=14710.11, stdev=3951.17, samples=239
  lat (usec)   : 50=8.11%, 100=91.55%, 250=0.30%, 500=0.03%, 750=0.01%
  lat (usec)   : 1000=0.01%
  lat (msec)   : 2=0.01%, 4=0.01%, 10=0.01%, 1000=0.01%
  cpu          : usr=2.28%, sys=12.16%, ctx=1763485, majf=0, minf=78371
  IO depths    : 1=100.0%, 2=0.0%, 4=0.0%, 8=0.0%, 16=0.0%, 32=0.0%, >=64=0.0%
     submit    : 0=0.0%, 4=100.0%, 8=0.0%, 16=0.0%, 32=0.0%, 64=0.0%, >=64=0.0%
     complete  : 0=0.0%, 4=100.0%, 8=0.0%, 16=0.0%, 32=0.0%, 64=0.0%, >=64=0.0%
     issued rwts: total=0,1763453,0,0 short=0,0,0,0 dropped=0,0,0,0
     latency   : target=0, window=0, percentile=100.00%, depth=1
test_32kb_rwrite_5n7: (groupid=0, jobs=1): err= 0: pid=912543: Sat Sep  6 19:39:04 2025
  write: IOPS=14.9k, BW=464MiB/s (487MB/s)(54.4GiB/120001msec); 0 zone resets
    clat (usec): min=30, max=875756, avg=66.43, stdev=2072.12
     lat (usec): min=31, max=875756, avg=66.87, stdev=2072.12
    clat percentiles (usec):
     |  1.00th=[   44],  5.00th=[   48], 10.00th=[   50], 20.00th=[   54],
     | 30.00th=[   56], 40.00th=[   59], 50.00th=[   61], 60.00th=[   63],
     | 70.00th=[   66], 80.00th=[   70], 90.00th=[   75], 95.00th=[   80],
     | 99.00th=[   90], 99.50th=[   95], 99.90th=[  121], 99.95th=[  194],
     | 99.99th=[  453]
   bw (  KiB/s): min=29824, max=527040, per=2.26%, avg=475787.35, stdev=127020.11, samples=239
   iops        : min=  932, max=16470, avg=14868.35, stdev=3969.40, samples=239
  lat (usec)   : 50=9.73%, 100=90.00%, 250=0.24%, 500=0.02%, 750=0.01%
  lat (usec)   : 1000=0.01%
  lat (msec)   : 2=0.01%, 4=0.01%, 1000=0.01%
  cpu          : usr=2.50%, sys=11.19%, ctx=1782505, majf=0, minf=79224
  IO depths    : 1=100.0%, 2=0.0%, 4=0.0%, 8=0.0%, 16=0.0%, 32=0.0%, >=64=0.0%
     submit    : 0=0.0%, 4=100.0%, 8=0.0%, 16=0.0%, 32=0.0%, 64=0.0%, >=64=0.0%
     complete  : 0=0.0%, 4=100.0%, 8=0.0%, 16=0.0%, 32=0.0%, 64=0.0%, >=64=0.0%
     issued rwts: total=0,1782469,0,0 short=0,0,0,0 dropped=0,0,0,0
     latency   : target=0, window=0, percentile=100.00%, depth=1
test_32kb_rwrite_5n8: (groupid=0, jobs=1): err= 0: pid=912544: Sat Sep  6 19:39:04 2025
  write: IOPS=14.6k, BW=456MiB/s (478MB/s)(53.5GiB/120001msec); 0 zone resets
    clat (usec): min=32, max=877672, avg=67.73, stdev=2090.66
     lat (usec): min=32, max=877673, avg=68.09, stdev=2090.67
    clat percentiles (usec):
     |  1.00th=[   45],  5.00th=[   49], 10.00th=[   52], 20.00th=[   55],
     | 30.00th=[   58], 40.00th=[   60], 50.00th=[   62], 60.00th=[   64],
     | 70.00th=[   67], 80.00th=[   71], 90.00th=[   76], 95.00th=[   81],
     | 99.00th=[   92], 99.50th=[   97], 99.90th=[  122], 99.95th=[  188],
     | 99.99th=[  404]
   bw (  KiB/s): min= 5696, max=518784, per=2.22%, avg=467572.81, stdev=125720.47, samples=239
   iops        : min=  178, max=16212, avg=14611.63, stdev=3928.76, samples=239
  lat (usec)   : 50=7.19%, 100=92.47%, 250=0.31%, 500=0.02%, 750=0.01%
  lat (usec)   : 1000=0.01%
  lat (msec)   : 2=0.01%, 4=0.01%, 1000=0.01%
  cpu          : usr=2.25%, sys=12.67%, ctx=1751580, majf=0, minf=43443
  IO depths    : 1=100.0%, 2=0.0%, 4=0.0%, 8=0.0%, 16=0.0%, 32=0.0%, >=64=0.0%
     submit    : 0=0.0%, 4=100.0%, 8=0.0%, 16=0.0%, 32=0.0%, 64=0.0%, >=64=0.0%
     complete  : 0=0.0%, 4=100.0%, 8=0.0%, 16=0.0%, 32=0.0%, 64=0.0%, >=64=0.0%
     issued rwts: total=0,1751544,0,0 short=0,0,0,0 dropped=0,0,0,0
     latency   : target=0, window=0, percentile=100.00%, depth=1
test_32kb_rwrite_5n8: (groupid=0, jobs=1): err= 0: pid=912545: Sat Sep  6 19:39:04 2025
  write: IOPS=14.6k, BW=457MiB/s (479MB/s)(53.5GiB/120001msec); 0 zone resets
    clat (usec): min=31, max=875748, avg=67.60, stdev=2087.33
     lat (usec): min=31, max=875749, avg=67.97, stdev=2087.33
    clat percentiles (usec):
     |  1.00th=[   45],  5.00th=[   49], 10.00th=[   51], 20.00th=[   55],
     | 30.00th=[   57], 40.00th=[   60], 50.00th=[   62], 60.00th=[   64],
     | 70.00th=[   67], 80.00th=[   71], 90.00th=[   76], 95.00th=[   81],
     | 99.00th=[   92], 99.50th=[   97], 99.90th=[  122], 99.95th=[  194],
     | 99.99th=[  388]
   bw (  KiB/s): min=39616, max=519232, per=2.22%, avg=468165.95, stdev=124848.02, samples=239
   iops        : min= 1238, max=16226, avg=14630.18, stdev=3901.50, samples=239
  lat (usec)   : 50=7.34%, 100=92.33%, 250=0.30%, 500=0.02%, 750=0.01%
  lat (usec)   : 1000=0.01%
  lat (msec)   : 2=0.01%, 4=0.01%, 1000=0.01%
  cpu          : usr=2.16%, sys=12.79%, ctx=1753900, majf=0, minf=78721
  IO depths    : 1=100.0%, 2=0.0%, 4=0.0%, 8=0.0%, 16=0.0%, 32=0.0%, >=64=0.0%
     submit    : 0=0.0%, 4=100.0%, 8=0.0%, 16=0.0%, 32=0.0%, 64=0.0%, >=64=0.0%
     complete  : 0=0.0%, 4=100.0%, 8=0.0%, 16=0.0%, 32=0.0%, 64=0.0%, >=64=0.0%
     issued rwts: total=0,1753867,0,0 short=0,0,0,0 dropped=0,0,0,0
     latency   : target=0, window=0, percentile=100.00%, depth=1
test_32kb_rwrite_5n8: (groupid=0, jobs=1): err= 0: pid=912546: Sat Sep  6 19:39:04 2025
  write: IOPS=14.9k, BW=465MiB/s (488MB/s)(54.5GiB/120001msec); 0 zone resets
    clat (usec): min=32, max=877793, avg=66.37, stdev=2071.69
     lat (usec): min=32, max=877793, avg=66.74, stdev=2071.69
    clat percentiles (usec):
     |  1.00th=[   44],  5.00th=[   48], 10.00th=[   50], 20.00th=[   53],
     | 30.00th=[   56], 40.00th=[   59], 50.00th=[   61], 60.00th=[   63],
     | 70.00th=[   66], 80.00th=[   70], 90.00th=[   75], 95.00th=[   80],
     | 99.00th=[   90], 99.50th=[   95], 99.90th=[  116], 99.95th=[  178],
     | 99.99th=[  404]
   bw (  KiB/s): min=39488, max=528832, per=2.26%, avg=476713.67, stdev=127438.57, samples=239
   iops        : min= 1234, max=16526, avg=14897.29, stdev=3982.45, samples=239
  lat (usec)   : 50=9.83%, 100=89.90%, 250=0.25%, 500=0.02%, 750=0.01%
  lat (usec)   : 1000=0.01%
  lat (msec)   : 2=0.01%, 4=0.01%, 1000=0.01%
  cpu          : usr=2.40%, sys=11.21%, ctx=1786055, majf=0, minf=78267
  IO depths    : 1=100.0%, 2=0.0%, 4=0.0%, 8=0.0%, 16=0.0%, 32=0.0%, >=64=0.0%
     submit    : 0=0.0%, 4=100.0%, 8=0.0%, 16=0.0%, 32=0.0%, 64=0.0%, >=64=0.0%
     complete  : 0=0.0%, 4=100.0%, 8=0.0%, 16=0.0%, 32=0.0%, 64=0.0%, >=64=0.0%
     issued rwts: total=0,1786017,0,0 short=0,0,0,0 dropped=0,0,0,0
     latency   : target=0, window=0, percentile=100.00%, depth=1
test_32kb_rwrite_5n8: (groupid=0, jobs=1): err= 0: pid=912547: Sat Sep  6 19:39:04 2025
  write: IOPS=14.5k, BW=453MiB/s (475MB/s)(53.1GiB/120001msec); 0 zone resets
    clat (usec): min=28, max=877704, avg=68.09, stdev=2098.17
     lat (usec): min=28, max=877705, avg=68.47, stdev=2098.17
    clat percentiles (usec):
     |  1.00th=[   45],  5.00th=[   49], 10.00th=[   52], 20.00th=[   55],
     | 30.00th=[   58], 40.00th=[   60], 50.00th=[   62], 60.00th=[   65],
     | 70.00th=[   68], 80.00th=[   71], 90.00th=[   77], 95.00th=[   81],
     | 99.00th=[   92], 99.50th=[   97], 99.90th=[  120], 99.95th=[  190],
     | 99.99th=[  400]
   bw (  KiB/s): min=44672, max=517504, per=2.21%, avg=464722.11, stdev=124247.58, samples=239
   iops        : min= 1396, max=16172, avg=14522.56, stdev=3882.74, samples=239
  lat (usec)   : 50=6.61%, 100=93.05%, 250=0.31%, 500=0.02%, 750=0.01%
  lat (usec)   : 1000=0.01%
  lat (msec)   : 2=0.01%, 4=0.01%, 10=0.01%, 1000=0.01%
  cpu          : usr=2.24%, sys=12.88%, ctx=1741195, majf=0, minf=79027
  IO depths    : 1=100.0%, 2=0.0%, 4=0.0%, 8=0.0%, 16=0.0%, 32=0.0%, >=64=0.0%
     submit    : 0=0.0%, 4=100.0%, 8=0.0%, 16=0.0%, 32=0.0%, 64=0.0%, >=64=0.0%
     complete  : 0=0.0%, 4=100.0%, 8=0.0%, 16=0.0%, 32=0.0%, 64=0.0%, >=64=0.0%
     issued rwts: total=0,1741164,0,0 short=0,0,0,0 dropped=0,0,0,0
     latency   : target=0, window=0, percentile=100.00%, depth=1
test_32kb_rwrite_5n8: (groupid=0, jobs=1): err= 0: pid=912548: Sat Sep  6 19:39:04 2025
  write: IOPS=14.5k, BW=454MiB/s (476MB/s)(53.2GiB/120001msec); 0 zone resets
    clat (usec): min=33, max=877544, avg=67.99, stdev=2095.57
     lat (usec): min=33, max=877544, avg=68.34, stdev=2095.57
    clat percentiles (usec):
     |  1.00th=[   45],  5.00th=[   49], 10.00th=[   52], 20.00th=[   55],
     | 30.00th=[   58], 40.00th=[   60], 50.00th=[   62], 60.00th=[   64],
     | 70.00th=[   68], 80.00th=[   71], 90.00th=[   77], 95.00th=[   81],
     | 99.00th=[   92], 99.50th=[   97], 99.90th=[  121], 99.95th=[  186],
     | 99.99th=[  433]
   bw (  KiB/s): min=38528, max=519040, per=2.21%, avg=465526.48, stdev=124639.70, samples=239
   iops        : min= 1204, max=16220, avg=14547.70, stdev=3894.99, samples=239
  lat (usec)   : 50=6.76%, 100=92.89%, 250=0.32%, 500=0.02%, 750=0.01%
  lat (usec)   : 1000=0.01%
  lat (msec)   : 2=0.01%, 4=0.01%, 1000=0.01%
  cpu          : usr=2.16%, sys=12.95%, ctx=1744004, majf=0, minf=88978
  IO depths    : 1=100.0%, 2=0.0%, 4=0.0%, 8=0.0%, 16=0.0%, 32=0.0%, >=64=0.0%
     submit    : 0=0.0%, 4=100.0%, 8=0.0%, 16=0.0%, 32=0.0%, 64=0.0%, >=64=0.0%
     complete  : 0=0.0%, 4=100.0%, 8=0.0%, 16=0.0%, 32=0.0%, 64=0.0%, >=64=0.0%
     issued rwts: total=0,1743953,0,0 short=0,0,0,0 dropped=0,0,0,0
     latency   : target=0, window=0, percentile=100.00%, depth=1
test_32kb_rwrite_5n9: (groupid=0, jobs=1): err= 0: pid=912549: Sat Sep  6 19:39:04 2025
  write: IOPS=14.6k, BW=456MiB/s (478MB/s)(53.4GiB/120001msec); 0 zone resets
    clat (usec): min=31, max=877627, avg=67.70, stdev=2092.52
     lat (usec): min=32, max=877627, avg=68.13, stdev=2092.52
    clat percentiles (usec):
     |  1.00th=[   45],  5.00th=[   49], 10.00th=[   52], 20.00th=[   55],
     | 30.00th=[   58], 40.00th=[   60], 50.00th=[   62], 60.00th=[   64],
     | 70.00th=[   67], 80.00th=[   71], 90.00th=[   76], 95.00th=[   81],
     | 99.00th=[   92], 99.50th=[   96], 99.90th=[  116], 99.95th=[  157],
     | 99.99th=[  334]
   bw (  KiB/s): min=40576, max=520448, per=2.22%, avg=467102.08, stdev=125079.64, samples=239
   iops        : min= 1268, max=16264, avg=14596.93, stdev=3908.75, samples=239
  lat (usec)   : 50=7.11%, 100=92.58%, 250=0.29%, 500=0.01%, 750=0.01%
  lat (usec)   : 1000=0.01%
  lat (msec)   : 2=0.01%, 4=0.01%, 1000=0.01%
  cpu          : usr=2.46%, sys=12.76%, ctx=1749891, majf=0, minf=79599
  IO depths    : 1=100.0%, 2=0.0%, 4=0.0%, 8=0.0%, 16=0.0%, 32=0.0%, >=64=0.0%
     submit    : 0=0.0%, 4=100.0%, 8=0.0%, 16=0.0%, 32=0.0%, 64=0.0%, >=64=0.0%
     complete  : 0=0.0%, 4=100.0%, 8=0.0%, 16=0.0%, 32=0.0%, 64=0.0%, >=64=0.0%
     issued rwts: total=0,1749850,0,0 short=0,0,0,0 dropped=0,0,0,0
     latency   : target=0, window=0, percentile=100.00%, depth=1
test_32kb_rwrite_5n9: (groupid=0, jobs=1): err= 0: pid=912550: Sat Sep  6 19:39:04 2025
  write: IOPS=14.5k, BW=455MiB/s (477MB/s)(53.3GiB/120000msec); 0 zone resets
    clat (usec): min=32, max=877555, avg=67.95, stdev=2095.24
     lat (usec): min=33, max=877556, avg=68.28, stdev=2095.24
    clat percentiles (usec):
     |  1.00th=[   45],  5.00th=[   49], 10.00th=[   52], 20.00th=[   55],
     | 30.00th=[   58], 40.00th=[   60], 50.00th=[   62], 60.00th=[   64],
     | 70.00th=[   68], 80.00th=[   71], 90.00th=[   76], 95.00th=[   81],
     | 99.00th=[   92], 99.50th=[   97], 99.90th=[  118], 99.95th=[  157],
     | 99.99th=[  343]
   bw (  KiB/s): min=33600, max=517184, per=2.21%, avg=466026.58, stdev=124909.40, samples=239
   iops        : min= 1050, max=16162, avg=14563.33, stdev=3903.42, samples=239
  lat (usec)   : 50=6.72%, 100=92.95%, 250=0.32%, 500=0.01%, 750=0.01%
  lat (usec)   : 1000=0.01%
  lat (msec)   : 2=0.01%, 4=0.01%, 1000=0.01%
  cpu          : usr=2.12%, sys=12.94%, ctx=1745981, majf=0, minf=77168
  IO depths    : 1=100.0%, 2=0.0%, 4=0.0%, 8=0.0%, 16=0.0%, 32=0.0%, >=64=0.0%
     submit    : 0=0.0%, 4=100.0%, 8=0.0%, 16=0.0%, 32=0.0%, 64=0.0%, >=64=0.0%
     complete  : 0=0.0%, 4=100.0%, 8=0.0%, 16=0.0%, 32=0.0%, 64=0.0%, >=64=0.0%
     issued rwts: total=0,1745944,0,0 short=0,0,0,0 dropped=0,0,0,0
     latency   : target=0, window=0, percentile=100.00%, depth=1
test_32kb_rwrite_5n9: (groupid=0, jobs=1): err= 0: pid=912551: Sat Sep  6 19:39:04 2025
  write: IOPS=14.5k, BW=455MiB/s (477MB/s)(53.3GiB/120001msec); 0 zone resets
    clat (usec): min=33, max=877613, avg=67.92, stdev=2095.74
     lat (usec): min=33, max=877613, avg=68.29, stdev=2095.74
    clat percentiles (usec):
     |  1.00th=[   45],  5.00th=[   49], 10.00th=[   52], 20.00th=[   55],
     | 30.00th=[   58], 40.00th=[   60], 50.00th=[   62], 60.00th=[   64],
     | 70.00th=[   68], 80.00th=[   71], 90.00th=[   76], 95.00th=[   81],
     | 99.00th=[   92], 99.50th=[   97], 99.90th=[  115], 99.95th=[  147],
     | 99.99th=[  334]
   bw (  KiB/s): min=40640, max=517568, per=2.21%, avg=465945.10, stdev=124669.76, samples=239
   iops        : min= 1270, max=16174, avg=14560.78, stdev=3895.94, samples=239
  lat (usec)   : 50=6.72%, 100=92.96%, 250=0.30%, 500=0.01%, 750=0.01%
  lat (usec)   : 1000=0.01%
  lat (msec)   : 2=0.01%, 4=0.01%, 1000=0.01%
  cpu          : usr=2.22%, sys=12.97%, ctx=1745595, majf=0, minf=78472
  IO depths    : 1=100.0%, 2=0.0%, 4=0.0%, 8=0.0%, 16=0.0%, 32=0.0%, >=64=0.0%
     submit    : 0=0.0%, 4=100.0%, 8=0.0%, 16=0.0%, 32=0.0%, 64=0.0%, >=64=0.0%
     complete  : 0=0.0%, 4=100.0%, 8=0.0%, 16=0.0%, 32=0.0%, 64=0.0%, >=64=0.0%
     issued rwts: total=0,1745554,0,0 short=0,0,0,0 dropped=0,0,0,0
     latency   : target=0, window=0, percentile=100.00%, depth=1
test_32kb_rwrite_5n9: (groupid=0, jobs=1): err= 0: pid=912552: Sat Sep  6 19:39:04 2025
  write: IOPS=14.6k, BW=456MiB/s (478MB/s)(53.4GiB/120001msec); 0 zone resets
    clat (usec): min=32, max=878578, avg=67.83, stdev=2094.05
     lat (usec): min=32, max=878578, avg=68.16, stdev=2094.05
    clat percentiles (usec):
     |  1.00th=[   45],  5.00th=[   49], 10.00th=[   52], 20.00th=[   55],
     | 30.00th=[   58], 40.00th=[   60], 50.00th=[   62], 60.00th=[   64],
     | 70.00th=[   68], 80.00th=[   71], 90.00th=[   76], 95.00th=[   81],
     | 99.00th=[   92], 99.50th=[   97], 99.90th=[  115], 99.95th=[  143],
     | 99.99th=[  322]
   bw (  KiB/s): min=45568, max=516992, per=2.22%, avg=466895.30, stdev=125075.61, samples=239
   iops        : min= 1424, max=16156, avg=14590.48, stdev=3908.61, samples=239
  lat (usec)   : 50=6.86%, 100=92.83%, 250=0.30%, 500=0.01%, 750=0.01%
  lat (usec)   : 1000=0.01%
  lat (msec)   : 2=0.01%, 4=0.01%, 1000=0.01%
  cpu          : usr=2.17%, sys=12.89%, ctx=1749258, majf=0, minf=78705
  IO depths    : 1=100.0%, 2=0.0%, 4=0.0%, 8=0.0%, 16=0.0%, 32=0.0%, >=64=0.0%
     submit    : 0=0.0%, 4=100.0%, 8=0.0%, 16=0.0%, 32=0.0%, 64=0.0%, >=64=0.0%
     complete  : 0=0.0%, 4=100.0%, 8=0.0%, 16=0.0%, 32=0.0%, 64=0.0%, >=64=0.0%
     issued rwts: total=0,1749205,0,0 short=0,0,0,0 dropped=0,0,0,0
     latency   : target=0, window=0, percentile=100.00%, depth=1
test_32kb_rwrite_5n9: (groupid=0, jobs=1): err= 0: pid=912553: Sat Sep  6 19:39:04 2025
  write: IOPS=14.6k, BW=456MiB/s (478MB/s)(53.4GiB/120001msec); 0 zone resets
    clat (usec): min=28, max=877659, avg=67.64, stdev=2091.16
     lat (usec): min=28, max=877660, avg=68.08, stdev=2091.16
    clat percentiles (usec):
     |  1.00th=[   45],  5.00th=[   49], 10.00th=[   52], 20.00th=[   55],
     | 30.00th=[   58], 40.00th=[   60], 50.00th=[   62], 60.00th=[   64],
     | 70.00th=[   67], 80.00th=[   71], 90.00th=[   76], 95.00th=[   81],
     | 99.00th=[   92], 99.50th=[   96], 99.90th=[  117], 99.95th=[  165],
     | 99.99th=[  347]
   bw (  KiB/s): min=41536, max=519744, per=2.22%, avg=467325.83, stdev=125357.81, samples=239
   iops        : min= 1298, max=16242, avg=14603.92, stdev=3917.46, samples=239
  lat (usec)   : 50=7.22%, 100=92.46%, 250=0.30%, 500=0.02%, 750=0.01%
  lat (usec)   : 1000=0.01%
  lat (msec)   : 2=0.01%, 4=0.01%, 1000=0.01%
  cpu          : usr=2.49%, sys=12.76%, ctx=1750768, majf=0, minf=80463
  IO depths    : 1=100.0%, 2=0.0%, 4=0.0%, 8=0.0%, 16=0.0%, 32=0.0%, >=64=0.0%
     submit    : 0=0.0%, 4=100.0%, 8=0.0%, 16=0.0%, 32=0.0%, 64=0.0%, >=64=0.0%
     complete  : 0=0.0%, 4=100.0%, 8=0.0%, 16=0.0%, 32=0.0%, 64=0.0%, >=64=0.0%
     issued rwts: total=0,1750732,0,0 short=0,0,0,0 dropped=0,0,0,0
     latency   : target=0, window=0, percentile=100.00%, depth=1
test_32kb_rwrite_5n10: (groupid=0, jobs=1): err= 0: pid=912554: Sat Sep  6 19:39:04 2025
  write: IOPS=14.5k, BW=454MiB/s (476MB/s)(53.2GiB/120001msec); 0 zone resets
    clat (usec): min=31, max=877595, avg=68.03, stdev=2097.65
     lat (usec): min=32, max=877596, avg=68.40, stdev=2097.65
    clat percentiles (usec):
     |  1.00th=[   45],  5.00th=[   49], 10.00th=[   52], 20.00th=[   55],
     | 30.00th=[   58], 40.00th=[   60], 50.00th=[   62], 60.00th=[   64],
     | 70.00th=[   68], 80.00th=[   71], 90.00th=[   77], 95.00th=[   81],
     | 99.00th=[   93], 99.50th=[   98], 99.90th=[  126], 99.95th=[  204],
     | 99.99th=[  453]
   bw (  KiB/s): min=45248, max=519744, per=2.21%, avg=465258.38, stdev=124681.98, samples=239
   iops        : min= 1414, max=16242, avg=14539.31, stdev=3896.34, samples=239
  lat (usec)   : 50=6.84%, 100=92.78%, 250=0.35%, 500=0.02%, 750=0.01%
  lat (usec)   : 1000=0.01%
  lat (msec)   : 2=0.01%, 4=0.01%, 10=0.01%, 1000=0.01%
  cpu          : usr=2.33%, sys=12.77%, ctx=1743041, majf=0, minf=77391
  IO depths    : 1=100.0%, 2=0.0%, 4=0.0%, 8=0.0%, 16=0.0%, 32=0.0%, >=64=0.0%
     submit    : 0=0.0%, 4=100.0%, 8=0.0%, 16=0.0%, 32=0.0%, 64=0.0%, >=64=0.0%
     complete  : 0=0.0%, 4=100.0%, 8=0.0%, 16=0.0%, 32=0.0%, 64=0.0%, >=64=0.0%
     issued rwts: total=0,1743000,0,0 short=0,0,0,0 dropped=0,0,0,0
     latency   : target=0, window=0, percentile=100.00%, depth=1
test_32kb_rwrite_5n10: (groupid=0, jobs=1): err= 0: pid=912555: Sat Sep  6 19:39:04 2025
  write: IOPS=14.8k, BW=462MiB/s (484MB/s)(54.1GiB/120001msec); 0 zone resets
    clat (usec): min=32, max=876674, avg=66.77, stdev=2078.44
     lat (usec): min=32, max=876675, avg=67.16, stdev=2078.44
    clat percentiles (usec):
     |  1.00th=[   44],  5.00th=[   48], 10.00th=[   51], 20.00th=[   54],
     | 30.00th=[   57], 40.00th=[   59], 50.00th=[   61], 60.00th=[   63],
     | 70.00th=[   67], 80.00th=[   70], 90.00th=[   75], 95.00th=[   80],
     | 99.00th=[   91], 99.50th=[   96], 99.90th=[  121], 99.95th=[  192],
     | 99.99th=[  453]
   bw (  KiB/s): min=40384, max=525952, per=2.25%, avg=473610.66, stdev=126643.34, samples=239
   iops        : min= 1262, max=16436, avg=14800.33, stdev=3957.60, samples=239
  lat (usec)   : 50=9.31%, 100=90.37%, 250=0.28%, 500=0.02%, 750=0.01%
  lat (usec)   : 1000=0.01%
  lat (msec)   : 2=0.01%, 4=0.01%, 10=0.01%, 1000=0.01%
  cpu          : usr=2.39%, sys=11.23%, ctx=1774319, majf=0, minf=86805
  IO depths    : 1=100.0%, 2=0.0%, 4=0.0%, 8=0.0%, 16=0.0%, 32=0.0%, >=64=0.0%
     submit    : 0=0.0%, 4=100.0%, 8=0.0%, 16=0.0%, 32=0.0%, 64=0.0%, >=64=0.0%
     complete  : 0=0.0%, 4=100.0%, 8=0.0%, 16=0.0%, 32=0.0%, 64=0.0%, >=64=0.0%
     issued rwts: total=0,1774279,0,0 short=0,0,0,0 dropped=0,0,0,0
     latency   : target=0, window=0, percentile=100.00%, depth=1
test_32kb_rwrite_5n10: (groupid=0, jobs=1): err= 0: pid=912556: Sat Sep  6 19:39:04 2025
  write: IOPS=14.8k, BW=462MiB/s (484MB/s)(54.1GiB/120001msec); 0 zone resets
    clat (usec): min=30, max=877064, avg=66.87, stdev=2076.96
     lat (usec): min=30, max=877065, avg=67.21, stdev=2076.96
    clat percentiles (usec):
     |  1.00th=[   44],  5.00th=[   48], 10.00th=[   51], 20.00th=[   54],
     | 30.00th=[   57], 40.00th=[   59], 50.00th=[   61], 60.00th=[   63],
     | 70.00th=[   67], 80.00th=[   70], 90.00th=[   75], 95.00th=[   80],
     | 99.00th=[   91], 99.50th=[   97], 99.90th=[  125], 99.95th=[  202],
     | 99.99th=[  457]
   bw (  KiB/s): min=45888, max=526080, per=2.25%, avg=473377.02, stdev=126345.60, samples=239
   iops        : min= 1434, max=16440, avg=14793.03, stdev=3948.30, samples=239
  lat (usec)   : 50=9.15%, 100=90.52%, 250=0.30%, 500=0.02%, 750=0.01%
  lat (usec)   : 1000=0.01%
  lat (msec)   : 2=0.01%, 4=0.01%, 10=0.01%, 1000=0.01%
  cpu          : usr=2.26%, sys=11.17%, ctx=1773484, majf=0, minf=82124
  IO depths    : 1=100.0%, 2=0.0%, 4=0.0%, 8=0.0%, 16=0.0%, 32=0.0%, >=64=0.0%
     submit    : 0=0.0%, 4=100.0%, 8=0.0%, 16=0.0%, 32=0.0%, 64=0.0%, >=64=0.0%
     complete  : 0=0.0%, 4=100.0%, 8=0.0%, 16=0.0%, 32=0.0%, 64=0.0%, >=64=0.0%
     issued rwts: total=0,1773446,0,0 short=0,0,0,0 dropped=0,0,0,0
     latency   : target=0, window=0, percentile=100.00%, depth=1
test_32kb_rwrite_5n10: (groupid=0, jobs=1): err= 0: pid=912557: Sat Sep  6 19:39:04 2025
  write: IOPS=14.5k, BW=452MiB/s (474MB/s)(52.9GiB/120001msec); 0 zone resets
    clat (usec): min=30, max=876745, avg=68.34, stdev=2099.96
     lat (usec): min=31, max=876746, avg=68.73, stdev=2099.96
    clat percentiles (usec):
     |  1.00th=[   45],  5.00th=[   50], 10.00th=[   52], 20.00th=[   56],
     | 30.00th=[   58], 40.00th=[   60], 50.00th=[   62], 60.00th=[   65],
     | 70.00th=[   68], 80.00th=[   71], 90.00th=[   77], 95.00th=[   82],
     | 99.00th=[   93], 99.50th=[   98], 99.90th=[  137], 99.95th=[  221],
     | 99.99th=[  474]
   bw (  KiB/s): min=44096, max=513472, per=2.20%, avg=462900.33, stdev=123918.75, samples=239
   iops        : min= 1378, max=16046, avg=14465.63, stdev=3872.47, samples=239
  lat (usec)   : 50=6.45%, 100=93.14%, 250=0.37%, 500=0.03%, 750=0.01%
  lat (usec)   : 1000=0.01%
  lat (msec)   : 2=0.01%, 4=0.01%, 10=0.01%, 1000=0.01%
  cpu          : usr=2.25%, sys=12.82%, ctx=1734233, majf=0, minf=86477
  IO depths    : 1=100.0%, 2=0.0%, 4=0.0%, 8=0.0%, 16=0.0%, 32=0.0%, >=64=0.0%
     submit    : 0=0.0%, 4=100.0%, 8=0.0%, 16=0.0%, 32=0.0%, 64=0.0%, >=64=0.0%
     complete  : 0=0.0%, 4=100.0%, 8=0.0%, 16=0.0%, 32=0.0%, 64=0.0%, >=64=0.0%
     issued rwts: total=0,1734175,0,0 short=0,0,0,0 dropped=0,0,0,0
     latency   : target=0, window=0, percentile=100.00%, depth=1
test_32kb_rwrite_5n10: (groupid=0, jobs=1): err= 0: pid=912558: Sat Sep  6 19:39:04 2025
  write: IOPS=14.5k, BW=453MiB/s (475MB/s)(53.1GiB/120001msec); 0 zone resets
    clat (usec): min=27, max=878577, avg=68.08, stdev=2099.64
     lat (usec): min=27, max=878578, avg=68.47, stdev=2099.64
    clat percentiles (usec):
     |  1.00th=[   45],  5.00th=[   49], 10.00th=[   52], 20.00th=[   55],
     | 30.00th=[   58], 40.00th=[   60], 50.00th=[   62], 60.00th=[   64],
     | 70.00th=[   68], 80.00th=[   71], 90.00th=[   77], 95.00th=[   82],
     | 99.00th=[   93], 99.50th=[   98], 99.90th=[  126], 99.95th=[  208],
     | 99.99th=[  461]
   bw (  KiB/s): min=42816, max=519680, per=2.21%, avg=464774.51, stdev=124718.84, samples=239
   iops        : min= 1338, max=16240, avg=14524.20, stdev=3897.47, samples=239
  lat (usec)   : 50=6.81%, 100=92.81%, 250=0.35%, 500=0.02%, 750=0.01%
  lat (usec)   : 1000=0.01%
  lat (msec)   : 2=0.01%, 4=0.01%, 10=0.01%, 1000=0.01%
  cpu          : usr=2.37%, sys=12.73%, ctx=1741332, majf=0, minf=79086
  IO depths    : 1=100.0%, 2=0.0%, 4=0.0%, 8=0.0%, 16=0.0%, 32=0.0%, >=64=0.0%
     submit    : 0=0.0%, 4=100.0%, 8=0.0%, 16=0.0%, 32=0.0%, 64=0.0%, >=64=0.0%
     complete  : 0=0.0%, 4=100.0%, 8=0.0%, 16=0.0%, 32=0.0%, 64=0.0%, >=64=0.0%
     issued rwts: total=0,1741301,0,0 short=0,0,0,0 dropped=0,0,0,0
     latency   : target=0, window=0, percentile=100.00%, depth=1
bursty: (groupid=0, jobs=1): err= 0: pid=912559: Sat Sep  6 19:39:04 2025
  write: IOPS=364, BW=1459KiB/s (1494kB/s)(171MiB/120001msec); 0 zone resets
    clat (usec): min=20, max=847419, avg=53.81, stdev=4050.09
     lat (usec): min=26, max=847434, avg=60.98, stdev=4050.13
    clat percentiles (usec):
     |  1.00th=[   26],  5.00th=[   28], 10.00th=[   28], 20.00th=[   30],
     | 30.00th=[   31], 40.00th=[   32], 50.00th=[   33], 60.00th=[   34],
     | 70.00th=[   36], 80.00th=[   39], 90.00th=[   45], 95.00th=[   50],
     | 99.00th=[   60], 99.50th=[   65], 99.90th=[   82], 99.95th=[  104],
     | 99.99th=[  285]
   bw (  KiB/s): min=   16, max=15744, per=0.06%, avg=12076.14, stdev=4959.60, samples=29
   iops        : min=    4, max= 3936, avg=3019.03, stdev=1239.90, samples=29
  lat (usec)   : 50=95.48%, 100=4.47%, 250=0.04%, 500=0.01%, 1000=0.01%
  lat (msec)   : 2=0.01%, 1000=0.01%
  cpu          : usr=0.11%, sys=0.31%, ctx=43875, majf=0, minf=62133
  IO depths    : 1=100.0%, 2=0.0%, 4=0.0%, 8=0.0%, 16=0.0%, 32=0.0%, >=64=0.0%
     submit    : 0=0.0%, 4=100.0%, 8=0.0%, 16=0.0%, 32=0.0%, 64=0.0%, >=64=0.0%
     complete  : 0=0.0%, 4=100.0%, 8=0.0%, 16=0.0%, 32=0.0%, 64=0.0%, >=64=0.0%
     issued rwts: total=0,43776,0,0 short=0,0,0,0 dropped=0,0,0,0
     latency   : target=0, window=0, percentile=100.00%, depth=1
bursty: (groupid=0, jobs=1): err= 0: pid=912560: Sat Sep  6 19:39:04 2025
  write: IOPS=366, BW=1466KiB/s (1501kB/s)(172MiB/120001msec); 0 zone resets
    clat (usec): min=19, max=850872, avg=53.84, stdev=4057.19
     lat (usec): min=26, max=850892, avg=60.93, stdev=4057.26
    clat percentiles (usec):
     |  1.00th=[   26],  5.00th=[   28], 10.00th=[   29], 20.00th=[   30],
     | 30.00th=[   31], 40.00th=[   32], 50.00th=[   33], 60.00th=[   34],
     | 70.00th=[   36], 80.00th=[   39], 90.00th=[   45], 95.00th=[   50],
     | 99.00th=[   60], 99.50th=[   65], 99.90th=[   85], 99.95th=[  120],
     | 99.99th=[  194]
   bw (  KiB/s): min=   16, max=15776, per=0.06%, avg=12132.14, stdev=4912.25, samples=29
   iops        : min=    4, max= 3944, avg=3033.03, stdev=1228.06, samples=29
  lat (usec)   : 20=0.01%, 50=95.63%, 100=4.30%, 250=0.06%, 1000=0.01%
  lat (msec)   : 2=0.01%, 1000=0.01%
  cpu          : usr=0.11%, sys=0.30%, ctx=44086, majf=0, minf=56405
  IO depths    : 1=100.0%, 2=0.0%, 4=0.0%, 8=0.0%, 16=0.0%, 32=0.0%, >=64=0.0%
     submit    : 0=0.0%, 4=100.0%, 8=0.0%, 16=0.0%, 32=0.0%, 64=0.0%, >=64=0.0%
     complete  : 0=0.0%, 4=100.0%, 8=0.0%, 16=0.0%, 32=0.0%, 64=0.0%, >=64=0.0%
     issued rwts: total=0,43979,0,0 short=0,0,0,0 dropped=0,0,0,0
     latency   : target=0, window=0, percentile=100.00%, depth=1
bursty: (groupid=0, jobs=1): err= 0: pid=912561: Sat Sep  6 19:39:04 2025
  write: IOPS=369, BW=1476KiB/s (1512kB/s)(173MiB/120001msec); 0 zone resets
    clat (usec): min=19, max=842896, avg=53.36, stdev=4005.15
     lat (usec): min=25, max=842906, avg=60.35, stdev=4005.17
    clat percentiles (usec):
     |  1.00th=[   26],  5.00th=[   28], 10.00th=[   28], 20.00th=[   30],
     | 30.00th=[   31], 40.00th=[   32], 50.00th=[   33], 60.00th=[   34],
     | 70.00th=[   36], 80.00th=[   39], 90.00th=[   44], 95.00th=[   49],
     | 99.00th=[   59], 99.50th=[   64], 99.90th=[   79], 99.95th=[   93],
     | 99.99th=[  176]
   bw (  KiB/s): min=   16, max=16008, per=0.06%, avg=12217.86, stdev=5116.83, samples=29
   iops        : min=    4, max= 4002, avg=3054.45, stdev=1279.21, samples=29
  lat (usec)   : 20=0.01%, 50=95.88%, 100=4.08%, 250=0.03%, 1000=0.01%
  lat (msec)   : 1000=0.01%
  cpu          : usr=0.10%, sys=0.31%, ctx=44366, majf=0, minf=61678
  IO depths    : 1=100.0%, 2=0.0%, 4=0.0%, 8=0.0%, 16=0.0%, 32=0.0%, >=64=0.0%
     submit    : 0=0.0%, 4=100.0%, 8=0.0%, 16=0.0%, 32=0.0%, 64=0.0%, >=64=0.0%
     complete  : 0=0.0%, 4=100.0%, 8=0.0%, 16=0.0%, 32=0.0%, 64=0.0%, >=64=0.0%
     issued rwts: total=0,44287,0,0 short=0,0,0,0 dropped=0,0,0,0
     latency   : target=0, window=0, percentile=100.00%, depth=1
bursty: (groupid=0, jobs=1): err= 0: pid=912562: Sat Sep  6 19:39:04 2025
  write: IOPS=367, BW=1472KiB/s (1507kB/s)(172MiB/120001msec); 0 zone resets
    clat (usec): min=20, max=850854, avg=53.67, stdev=4048.88
     lat (usec): min=25, max=850965, avg=60.67, stdev=4049.37
    clat percentiles (usec):
     |  1.00th=[   26],  5.00th=[   28], 10.00th=[   29], 20.00th=[   30],
     | 30.00th=[   31], 40.00th=[   32], 50.00th=[   33], 60.00th=[   34],
     | 70.00th=[   36], 80.00th=[   39], 90.00th=[   44], 95.00th=[   49],
     | 99.00th=[   59], 99.50th=[   64], 99.90th=[   84], 99.95th=[  108],
     | 99.99th=[  235]
   bw (  KiB/s): min=   16, max=15928, per=0.06%, avg=12181.52, stdev=4924.18, samples=29
   iops        : min=    4, max= 3982, avg=3045.38, stdev=1231.04, samples=29
  lat (usec)   : 50=95.95%, 100=3.99%, 250=0.05%, 500=0.01%, 1000=0.01%
  lat (msec)   : 1000=0.01%
  cpu          : usr=0.12%, sys=0.29%, ctx=44249, majf=0, minf=62063
  IO depths    : 1=100.0%, 2=0.0%, 4=0.0%, 8=0.0%, 16=0.0%, 32=0.0%, >=64=0.0%
     submit    : 0=0.0%, 4=100.0%, 8=0.0%, 16=0.0%, 32=0.0%, 64=0.0%, >=64=0.0%
     complete  : 0=0.0%, 4=100.0%, 8=0.0%, 16=0.0%, 32=0.0%, 64=0.0%, >=64=0.0%
     issued rwts: total=0,44158,0,0 short=0,0,0,0 dropped=0,0,0,0
     latency   : target=0, window=0, percentile=100.00%, depth=1
bursty: (groupid=0, jobs=1): err= 0: pid=912563: Sat Sep  6 19:39:04 2025
  write: IOPS=366, BW=1465KiB/s (1500kB/s)(172MiB/120001msec); 0 zone resets
    clat (usec): min=20, max=842506, avg=53.59, stdev=4018.53
     lat (usec): min=25, max=842634, avg=60.65, stdev=4019.11
    clat percentiles (usec):
     |  1.00th=[   26],  5.00th=[   28], 10.00th=[   29], 20.00th=[   30],
     | 30.00th=[   31], 40.00th=[   32], 50.00th=[   33], 60.00th=[   34],
     | 70.00th=[   36], 80.00th=[   39], 90.00th=[   44], 95.00th=[   49],
     | 99.00th=[   60], 99.50th=[   64], 99.90th=[   82], 99.95th=[  109],
     | 99.99th=[  297]
   bw (  KiB/s): min=   16, max=15824, per=0.06%, avg=12123.90, stdev=5050.80, samples=29
   iops        : min=    4, max= 3956, avg=3030.97, stdev=1262.70, samples=29
  lat (usec)   : 50=95.71%, 100=4.24%, 250=0.04%, 500=0.01%, 750=0.01%
  lat (msec)   : 2=0.01%, 1000=0.01%
  cpu          : usr=0.12%, sys=0.30%, ctx=44033, majf=0, minf=63830
  IO depths    : 1=100.0%, 2=0.0%, 4=0.0%, 8=0.0%, 16=0.0%, 32=0.0%, >=64=0.0%
     submit    : 0=0.0%, 4=100.0%, 8=0.0%, 16=0.0%, 32=0.0%, 64=0.0%, >=64=0.0%
     complete  : 0=0.0%, 4=100.0%, 8=0.0%, 16=0.0%, 32=0.0%, 64=0.0%, >=64=0.0%
     issued rwts: total=0,43952,0,0 short=0,0,0,0 dropped=0,0,0,0
     latency   : target=0, window=0, percentile=100.00%, depth=1
bursty: (groupid=0, jobs=1): err= 0: pid=912564: Sat Sep  6 19:39:04 2025
  write: IOPS=373, BW=1492KiB/s (1528kB/s)(175MiB/120001msec); 0 zone resets
    clat (usec): min=21, max=832943, avg=52.91, stdev=3936.32
     lat (usec): min=26, max=832959, avg=59.90, stdev=3936.37
    clat percentiles (usec):
     |  1.00th=[   26],  5.00th=[   28], 10.00th=[   28], 20.00th=[   30],
     | 30.00th=[   31], 40.00th=[   32], 50.00th=[   33], 60.00th=[   34],
     | 70.00th=[   36], 80.00th=[   39], 90.00th=[   44], 95.00th=[   49],
     | 99.00th=[   59], 99.50th=[   65], 99.90th=[   80], 99.95th=[   97],
     | 99.99th=[  338]
   bw (  KiB/s): min=   16, max=16040, per=0.06%, avg=12353.34, stdev=5256.79, samples=29
   iops        : min=    4, max= 4010, avg=3088.31, stdev=1314.18, samples=29
  lat (usec)   : 50=95.80%, 100=4.15%, 250=0.04%, 500=0.01%, 1000=0.01%
  lat (msec)   : 2=0.01%, 1000=0.01%
  cpu          : usr=0.11%, sys=0.28%, ctx=44864, majf=0, minf=47945
  IO depths    : 1=100.0%, 2=0.0%, 4=0.0%, 8=0.0%, 16=0.0%, 32=0.0%, >=64=0.0%
     submit    : 0=0.0%, 4=100.0%, 8=0.0%, 16=0.0%, 32=0.0%, 64=0.0%, >=64=0.0%
     complete  : 0=0.0%, 4=100.0%, 8=0.0%, 16=0.0%, 32=0.0%, 64=0.0%, >=64=0.0%
     issued rwts: total=0,44773,0,0 short=0,0,0,0 dropped=0,0,0,0
     latency   : target=0, window=0, percentile=100.00%, depth=1
bursty: (groupid=0, jobs=1): err= 0: pid=912565: Sat Sep  6 19:39:04 2025
  write: IOPS=363, BW=1456KiB/s (1491kB/s)(171MiB/120001msec); 0 zone resets
    clat (usec): min=20, max=855415, avg=54.08, stdev=4092.88
     lat (usec): min=25, max=855466, avg=61.20, stdev=4093.09
    clat percentiles (usec):
     |  1.00th=[   26],  5.00th=[   28], 10.00th=[   29], 20.00th=[   30],
     | 30.00th=[   31], 40.00th=[   32], 50.00th=[   33], 60.00th=[   34],
     | 70.00th=[   36], 80.00th=[   39], 90.00th=[   45], 95.00th=[   50],
     | 99.00th=[   60], 99.50th=[   65], 99.90th=[   81], 99.95th=[   96],
     | 99.99th=[  251]
   bw (  KiB/s): min=   16, max=16048, per=0.06%, avg=12055.31, stdev=5053.57, samples=29
   iops        : min=    4, max= 4012, avg=3013.72, stdev=1263.35, samples=29
  lat (usec)   : 50=95.45%, 100=4.51%, 250=0.02%, 500=0.01%, 750=0.01%
  lat (usec)   : 1000=0.01%
  lat (msec)   : 1000=0.01%
  cpu          : usr=0.12%, sys=0.30%, ctx=43782, majf=0, minf=62518
  IO depths    : 1=100.0%, 2=0.0%, 4=0.0%, 8=0.0%, 16=0.0%, 32=0.0%, >=64=0.0%
     submit    : 0=0.0%, 4=100.0%, 8=0.0%, 16=0.0%, 32=0.0%, 64=0.0%, >=64=0.0%
     complete  : 0=0.0%, 4=100.0%, 8=0.0%, 16=0.0%, 32=0.0%, 64=0.0%, >=64=0.0%
     issued rwts: total=0,43678,0,0 short=0,0,0,0 dropped=0,0,0,0
     latency   : target=0, window=0, percentile=100.00%, depth=1
bursty: (groupid=0, jobs=1): err= 0: pid=912566: Sat Sep  6 19:39:04 2025
  write: IOPS=382, BW=1532KiB/s (1569kB/s)(180MiB/120001msec); 0 zone resets
    clat (usec): min=21, max=850050, avg=52.72, stdev=3965.08
     lat (usec): min=23, max=850069, avg=59.46, stdev=3965.14
    clat percentiles (usec):
     |  1.00th=[   26],  5.00th=[   28], 10.00th=[   28], 20.00th=[   30],
     | 30.00th=[   31], 40.00th=[   32], 50.00th=[   33], 60.00th=[   34],
     | 70.00th=[   36], 80.00th=[   39], 90.00th=[   44], 95.00th=[   49],
     | 99.00th=[   59], 99.50th=[   63], 99.90th=[   79], 99.95th=[   89],
     | 99.99th=[  153]
   bw (  KiB/s): min=   16, max=16600, per=0.06%, avg=12677.79, stdev=5212.73, samples=29
   iops        : min=    4, max= 4150, avg=3169.45, stdev=1303.18, samples=29
  lat (usec)   : 50=95.94%, 100=4.03%, 250=0.02%
  lat (msec)   : 2=0.01%, 1000=0.01%
  cpu          : usr=0.12%, sys=0.24%, ctx=46061, majf=0, minf=45846
  IO depths    : 1=100.0%, 2=0.0%, 4=0.0%, 8=0.0%, 16=0.0%, 32=0.0%, >=64=0.0%
     submit    : 0=0.0%, 4=100.0%, 8=0.0%, 16=0.0%, 32=0.0%, 64=0.0%, >=64=0.0%
     complete  : 0=0.0%, 4=100.0%, 8=0.0%, 16=0.0%, 32=0.0%, 64=0.0%, >=64=0.0%
     issued rwts: total=0,45957,0,0 short=0,0,0,0 dropped=0,0,0,0
     latency   : target=0, window=0, percentile=100.00%, depth=1
bursty: (groupid=0, jobs=1): err= 0: pid=912567: Sat Sep  6 19:39:04 2025
  write: IOPS=365, BW=1460KiB/s (1495kB/s)(171MiB/120001msec); 0 zone resets
    clat (usec): min=18, max=845962, avg=53.58, stdev=4041.69
     lat (usec): min=25, max=845973, avg=60.58, stdev=4041.71
    clat percentiles (usec):
     |  1.00th=[   26],  5.00th=[   28], 10.00th=[   28], 20.00th=[   30],
     | 30.00th=[   31], 40.00th=[   32], 50.00th=[   33], 60.00th=[   34],
     | 70.00th=[   36], 80.00th=[   39], 90.00th=[   44], 95.00th=[   49],
     | 99.00th=[   59], 99.50th=[   63], 99.90th=[   78], 99.95th=[   90],
     | 99.99th=[  186]
   bw (  KiB/s): min=   16, max=16080, per=0.06%, avg=12083.90, stdev=5050.17, samples=29
   iops        : min=    4, max= 4020, avg=3020.97, stdev=1262.54, samples=29
  lat (usec)   : 20=0.01%, 50=95.76%, 100=4.21%, 250=0.02%, 500=0.01%
  lat (usec)   : 1000=0.01%
  lat (msec)   : 1000=0.01%
  cpu          : usr=0.11%, sys=0.31%, ctx=43932, majf=0, minf=60255
  IO depths    : 1=100.0%, 2=0.0%, 4=0.0%, 8=0.0%, 16=0.0%, 32=0.0%, >=64=0.0%
     submit    : 0=0.0%, 4=100.0%, 8=0.0%, 16=0.0%, 32=0.0%, 64=0.0%, >=64=0.0%
     complete  : 0=0.0%, 4=100.0%, 8=0.0%, 16=0.0%, 32=0.0%, 64=0.0%, >=64=0.0%
     issued rwts: total=0,43807,0,0 short=0,0,0,0 dropped=0,0,0,0
     latency   : target=0, window=0, percentile=100.00%, depth=1
bursty: (groupid=0, jobs=1): err= 0: pid=912568: Sat Sep  6 19:39:04 2025
  write: IOPS=361, BW=1446KiB/s (1481kB/s)(169MiB/120001msec); 0 zone resets
    clat (usec): min=20, max=855440, avg=54.15, stdev=4106.52
     lat (usec): min=26, max=855468, avg=61.17, stdev=4106.62
    clat percentiles (usec):
     |  1.00th=[   26],  5.00th=[   28], 10.00th=[   29], 20.00th=[   30],
     | 30.00th=[   31], 40.00th=[   32], 50.00th=[   33], 60.00th=[   34],
     | 70.00th=[   36], 80.00th=[   39], 90.00th=[   44], 95.00th=[   49],
     | 99.00th=[   60], 99.50th=[   64], 99.90th=[   84], 99.95th=[   99],
     | 99.99th=[  212]
   bw (  KiB/s): min=   16, max=15536, per=0.06%, avg=11976.00, stdev=5027.17, samples=29
   iops        : min=    4, max= 3884, avg=2993.90, stdev=1256.75, samples=29
  lat (usec)   : 50=95.63%, 100=4.32%, 250=0.04%, 500=0.01%
  lat (msec)   : 2=0.01%, 1000=0.01%
  cpu          : usr=0.12%, sys=0.32%, ctx=43493, majf=0, minf=64467
  IO depths    : 1=100.0%, 2=0.0%, 4=0.0%, 8=0.0%, 16=0.0%, 32=0.0%, >=64=0.0%
     submit    : 0=0.0%, 4=100.0%, 8=0.0%, 16=0.0%, 32=0.0%, 64=0.0%, >=64=0.0%
     complete  : 0=0.0%, 4=100.0%, 8=0.0%, 16=0.0%, 32=0.0%, 64=0.0%, >=64=0.0%
     issued rwts: total=0,43391,0,0 short=0,0,0,0 dropped=0,0,0,0
     latency   : target=0, window=0, percentile=100.00%, depth=1
bursty: (groupid=0, jobs=1): err= 0: pid=912569: Sat Sep  6 19:39:04 2025
  write: IOPS=382, BW=1530KiB/s (1566kB/s)(179MiB/120001msec); 0 zone resets
    clat (usec): min=20, max=847191, avg=52.59, stdev=3954.59
     lat (usec): min=24, max=847203, avg=59.34, stdev=3954.62
    clat percentiles (usec):
     |  1.00th=[   26],  5.00th=[   28], 10.00th=[   28], 20.00th=[   30],
     | 30.00th=[   30], 40.00th=[   31], 50.00th=[   33], 60.00th=[   34],
     | 70.00th=[   36], 80.00th=[   39], 90.00th=[   44], 95.00th=[   48],
     | 99.00th=[   59], 99.50th=[   63], 99.90th=[   78], 99.95th=[   93],
     | 99.99th=[  330]
   bw (  KiB/s): min=   16, max=16552, per=0.06%, avg=12659.59, stdev=5253.17, samples=29
   iops        : min=    4, max= 4138, avg=3164.90, stdev=1313.45, samples=29
  lat (usec)   : 50=96.23%, 100=3.73%, 250=0.03%, 500=0.01%, 750=0.01%
  lat (usec)   : 1000=0.01%
  lat (msec)   : 1000=0.01%
  cpu          : usr=0.12%, sys=0.24%, ctx=45994, majf=0, minf=46536
  IO depths    : 1=100.0%, 2=0.0%, 4=0.0%, 8=0.0%, 16=0.0%, 32=0.0%, >=64=0.0%
     submit    : 0=0.0%, 4=100.0%, 8=0.0%, 16=0.0%, 32=0.0%, 64=0.0%, >=64=0.0%
     complete  : 0=0.0%, 4=100.0%, 8=0.0%, 16=0.0%, 32=0.0%, 64=0.0%, >=64=0.0%
     issued rwts: total=0,45891,0,0 short=0,0,0,0 dropped=0,0,0,0
     latency   : target=0, window=0, percentile=100.00%, depth=1
bursty: (groupid=0, jobs=1): err= 0: pid=912570: Sat Sep  6 19:39:04 2025
  write: IOPS=368, BW=1475KiB/s (1511kB/s)(173MiB/120001msec); 0 zone resets
    clat (usec): min=20, max=849996, avg=53.56, stdev=4040.26
     lat (usec): min=24, max=850009, avg=60.47, stdev=4040.29
    clat percentiles (usec):
     |  1.00th=[   26],  5.00th=[   28], 10.00th=[   28], 20.00th=[   30],
     | 30.00th=[   31], 40.00th=[   32], 50.00th=[   33], 60.00th=[   34],
     | 70.00th=[   36], 80.00th=[   39], 90.00th=[   44], 95.00th=[   49],
     | 99.00th=[   60], 99.50th=[   64], 99.90th=[   81], 99.95th=[   92],
     | 99.99th=[  145]
   bw (  KiB/s): min=   16, max=16056, per=0.06%, avg=12208.83, stdev=4942.11, samples=29
   iops        : min=    4, max= 4014, avg=3052.21, stdev=1235.53, samples=29
  lat (usec)   : 50=95.85%, 100=4.11%, 250=0.04%, 1000=0.01%
  lat (msec)   : 1000=0.01%
  cpu          : usr=0.11%, sys=0.30%, ctx=44345, majf=0, minf=62054
  IO depths    : 1=100.0%, 2=0.0%, 4=0.0%, 8=0.0%, 16=0.0%, 32=0.0%, >=64=0.0%
     submit    : 0=0.0%, 4=100.0%, 8=0.0%, 16=0.0%, 32=0.0%, 64=0.0%, >=64=0.0%
     complete  : 0=0.0%, 4=100.0%, 8=0.0%, 16=0.0%, 32=0.0%, 64=0.0%, >=64=0.0%
     issued rwts: total=0,44257,0,0 short=0,0,0,0 dropped=0,0,0,0
     latency   : target=0, window=0, percentile=100.00%, depth=1
bursty: (groupid=0, jobs=1): err= 0: pid=912571: Sat Sep  6 19:39:04 2025
  write: IOPS=375, BW=1502KiB/s (1538kB/s)(176MiB/120001msec); 0 zone resets
    clat (usec): min=20, max=843591, avg=52.88, stdev=3973.44
     lat (usec): min=26, max=843602, avg=60.04, stdev=3973.46
    clat percentiles (usec):
     |  1.00th=[   26],  5.00th=[   28], 10.00th=[   28], 20.00th=[   30],
     | 30.00th=[   30], 40.00th=[   31], 50.00th=[   33], 60.00th=[   34],
     | 70.00th=[   36], 80.00th=[   39], 90.00th=[   44], 95.00th=[   49],
     | 99.00th=[   59], 99.50th=[   64], 99.90th=[   81], 99.95th=[   93],
     | 99.99th=[  202]
   bw (  KiB/s): min=   16, max=16136, per=0.06%, avg=12432.59, stdev=5210.89, samples=29
   iops        : min=    4, max= 4034, avg=3108.14, stdev=1302.73, samples=29
  lat (usec)   : 50=95.91%, 100=4.04%, 250=0.04%
  lat (msec)   : 2=0.01%, 1000=0.01%
  cpu          : usr=0.12%, sys=0.26%, ctx=45159, majf=0, minf=44896
  IO depths    : 1=100.0%, 2=0.0%, 4=0.0%, 8=0.0%, 16=0.0%, 32=0.0%, >=64=0.0%
     submit    : 0=0.0%, 4=100.0%, 8=0.0%, 16=0.0%, 32=0.0%, 64=0.0%, >=64=0.0%
     complete  : 0=0.0%, 4=100.0%, 8=0.0%, 16=0.0%, 32=0.0%, 64=0.0%, >=64=0.0%
     issued rwts: total=0,45071,0,0 short=0,0,0,0 dropped=0,0,0,0
     latency   : target=0, window=0, percentile=100.00%, depth=1
bursty: (groupid=0, jobs=1): err= 0: pid=912572: Sat Sep  6 19:39:04 2025
  write: IOPS=363, BW=1454KiB/s (1489kB/s)(170MiB/120001msec); 0 zone resets
    clat (usec): min=20, max=850157, avg=53.94, stdev=4070.15
     lat (usec): min=26, max=850306, avg=60.87, stdev=4070.83
    clat percentiles (usec):
     |  1.00th=[   26],  5.00th=[   28], 10.00th=[   29], 20.00th=[   30],
     | 30.00th=[   31], 40.00th=[   32], 50.00th=[   33], 60.00th=[   34],
     | 70.00th=[   36], 80.00th=[   39], 90.00th=[   44], 95.00th=[   49],
     | 99.00th=[   60], 99.50th=[   64], 99.90th=[   82], 99.95th=[   94],
     | 99.99th=[  253]
   bw (  KiB/s): min=   16, max=15648, per=0.06%, avg=12034.76, stdev=4873.08, samples=29
   iops        : min=    4, max= 3912, avg=3008.69, stdev=1218.27, samples=29
  lat (usec)   : 50=95.71%, 100=4.25%, 250=0.03%, 500=0.01%, 1000=0.01%
  lat (msec)   : 2=0.01%, 1000=0.01%
  cpu          : usr=0.12%, sys=0.31%, ctx=43697, majf=0, minf=61686
  IO depths    : 1=100.0%, 2=0.0%, 4=0.0%, 8=0.0%, 16=0.0%, 32=0.0%, >=64=0.0%
     submit    : 0=0.0%, 4=100.0%, 8=0.0%, 16=0.0%, 32=0.0%, 64=0.0%, >=64=0.0%
     complete  : 0=0.0%, 4=100.0%, 8=0.0%, 16=0.0%, 32=0.0%, 64=0.0%, >=64=0.0%
     issued rwts: total=0,43626,0,0 short=0,0,0,0 dropped=0,0,0,0
     latency   : target=0, window=0, percentile=100.00%, depth=1
bursty: (groupid=0, jobs=1): err= 0: pid=912573: Sat Sep  6 19:39:04 2025
  write: IOPS=365, BW=1461KiB/s (1496kB/s)(171MiB/120015msec); 0 zone resets
    clat (usec): min=20, max=851023, avg=53.73, stdev=4065.22
     lat (usec): min=26, max=851038, avg=60.87, stdev=4065.26
    clat percentiles (usec):
     |  1.00th=[   26],  5.00th=[   28], 10.00th=[   29], 20.00th=[   30],
     | 30.00th=[   31], 40.00th=[   32], 50.00th=[   33], 60.00th=[   34],
     | 70.00th=[   36], 80.00th=[   39], 90.00th=[   44], 95.00th=[   49],
     | 99.00th=[   60], 99.50th=[   65], 99.90th=[   81], 99.95th=[   99],
     | 99.99th=[  293]
   bw (  KiB/s): min=   16, max=15856, per=0.06%, avg=12088.55, stdev=4890.11, samples=29
   iops        : min=    4, max= 3964, avg=3022.14, stdev=1222.53, samples=29
  lat (usec)   : 50=95.95%, 100=4.00%, 250=0.03%, 500=0.01%, 1000=0.01%
  lat (msec)   : 1000=0.01%
  cpu          : usr=0.11%, sys=0.31%, ctx=43911, majf=0, minf=62805
  IO depths    : 1=100.0%, 2=0.0%, 4=0.0%, 8=0.0%, 16=0.0%, 32=0.0%, >=64=0.0%
     submit    : 0=0.0%, 4=100.0%, 8=0.0%, 16=0.0%, 32=0.0%, 64=0.0%, >=64=0.0%
     complete  : 0=0.0%, 4=100.0%, 8=0.0%, 16=0.0%, 32=0.0%, 64=0.0%, >=64=0.0%
     issued rwts: total=0,43821,0,0 short=0,0,0,0 dropped=0,0,0,0
     latency   : target=0, window=0, percentile=100.00%, depth=1
bursty: (groupid=0, jobs=1): err= 0: pid=912574: Sat Sep  6 19:39:04 2025
  write: IOPS=367, BW=1469KiB/s (1504kB/s)(172MiB/120001msec); 0 zone resets
    clat (usec): min=20, max=846499, avg=53.60, stdev=4031.85
     lat (usec): min=25, max=846511, avg=60.72, stdev=4031.87
    clat percentiles (usec):
     |  1.00th=[   26],  5.00th=[   28], 10.00th=[   28], 20.00th=[   30],
     | 30.00th=[   31], 40.00th=[   32], 50.00th=[   33], 60.00th=[   34],
     | 70.00th=[   36], 80.00th=[   39], 90.00th=[   44], 95.00th=[   49],
     | 99.00th=[   59], 99.50th=[   63], 99.90th=[   78], 99.95th=[   88],
     | 99.99th=[  180]
   bw (  KiB/s): min=   16, max=15976, per=0.06%, avg=12159.17, stdev=4996.27, samples=29
   iops        : min=    4, max= 3994, avg=3039.79, stdev=1249.07, samples=29
  lat (usec)   : 50=95.78%, 100=4.18%, 250=0.03%, 500=0.01%, 1000=0.01%
  lat (msec)   : 1000=0.01%
  cpu          : usr=0.11%, sys=0.31%, ctx=44168, majf=0, minf=61433
  IO depths    : 1=100.0%, 2=0.0%, 4=0.0%, 8=0.0%, 16=0.0%, 32=0.0%, >=64=0.0%
     submit    : 0=0.0%, 4=100.0%, 8=0.0%, 16=0.0%, 32=0.0%, 64=0.0%, >=64=0.0%
     complete  : 0=0.0%, 4=100.0%, 8=0.0%, 16=0.0%, 32=0.0%, 64=0.0%, >=64=0.0%
     issued rwts: total=0,44077,0,0 short=0,0,0,0 dropped=0,0,0,0
     latency   : target=0, window=0, percentile=100.00%, depth=1

Run status group 0 (all jobs):
  WRITE: bw=20.1GiB/s (21.6GB/s), 1446KiB/s-465MiB/s (1481kB/s-488MB/s), io=2410GiB (2587GB), run=120000-120015msec

Disk stats (read/write):
  nvme5n2: ios=0/8700582, sectors=0/556837248, merge=0/0, ticks=0/529125, in_queue=529125, util=99.90%
  nvme5n3: ios=0/8736343, sectors=0/559125952, merge=0/0, ticks=0/528211, in_queue=528211, util=99.91%
  nvme5n4: ios=0/8769536, sectors=0/561250304, merge=0/0, ticks=0/528863, in_queue=528863, util=99.93%
  nvme5n5: ios=0/8784712, sectors=0/562221568, merge=0/0, ticks=0/528114, in_queue=528114, util=99.94%
  nvme5n6: ios=0/8781331, sectors=0/562005184, merge=0/0, ticks=0/528428, in_queue=528428, util=99.95%
  nvme5n7: ios=0/8771616, sectors=0/561383424, merge=0/0, ticks=0/528599, in_queue=528599, util=99.96%
  nvme5n8: ios=0/8770129, sectors=0/561288256, merge=0/0, ticks=0/528717, in_queue=528717, util=99.99%
  nvme5n9: ios=0/8734296, sectors=0/558994944, merge=0/0, ticks=0/528764, in_queue=528764, util=99.98%
  nvme5n10: ios=0/8758812, sectors=0/560563968, merge=0/0, ticks=0/528705, in_queue=528705, util=99.98%
  nvme5n1: ios=0/708501, sectors=0/5668008, merge=0/0, ticks=0/33360, in_queue=33360, util=2.63%
