test_32kb_rwrite_5n2: (g=0): rw=randwrite, bs=(R) 32.0KiB-32.0KiB, (W) 32.0KiB-32.0KiB, (T) 32.0KiB-32.0KiB, ioengine=psync, iodepth=1
...
test_32kb_rwrite_5n3: (g=0): rw=randwrite, bs=(R) 32.0KiB-32.0KiB, (W) 32.0KiB-32.0KiB, (T) 32.0KiB-32.0KiB, ioengine=psync, iodepth=1
...
test_32kb_rwrite_5n4: (g=0): rw=randwrite, bs=(R) 32.0KiB-32.0KiB, (W) 32.0KiB-32.0KiB, (T) 32.0KiB-32.0KiB, ioengine=psync, iodepth=1
...
test_32kb_rwrite_5n5: (g=0): rw=randwrite, bs=(R) 32.0KiB-32.0KiB, (W) 32.0KiB-32.0KiB, (T) 32.0KiB-32.0KiB, ioengine=psync, iodepth=1
...
test_32kb_rwrite_5n6: (g=0): rw=randwrite, bs=(R) 32.0KiB-32.0KiB, (W) 32.0KiB-32.0KiB, (T) 32.0KiB-32.0KiB, ioengine=psync, iodepth=1
...
test_32kb_rwrite_5n7: (g=0): rw=randwrite, bs=(R) 32.0KiB-32.0KiB, (W) 32.0KiB-32.0KiB, (T) 32.0KiB-32.0KiB, ioengine=psync, iodepth=1
...
test_32kb_rwrite_5n8: (g=0): rw=randwrite, bs=(R) 32.0KiB-32.0KiB, (W) 32.0KiB-32.0KiB, (T) 32.0KiB-32.0KiB, ioengine=psync, iodepth=1
...
test_32kb_rwrite_5n9: (g=0): rw=randwrite, bs=(R) 32.0KiB-32.0KiB, (W) 32.0KiB-32.0KiB, (T) 32.0KiB-32.0KiB, ioengine=psync, iodepth=1
...
test_32kb_rwrite_5n10: (g=0): rw=randwrite, bs=(R) 32.0KiB-32.0KiB, (W) 32.0KiB-32.0KiB, (T) 32.0KiB-32.0KiB, ioengine=psync, iodepth=1
...
bursty: (g=0): rw=randwrite, bs=(R) 4096B-4096B, (W) 4096B-4096B, (T) 4096B-4096B, ioengine=psync, iodepth=1
...
fio-3.37-114-gf0af0-dirty
Starting 61 threads

test_32kb_rwrite_5n2: (groupid=0, jobs=1): err= 0: pid=794904: Mon Sep  1 23:38:23 2025
  write: IOPS=8837, BW=276MiB/s (290MB/s)(32.4GiB/120000msec); 0 zone resets
    clat (usec): min=31, max=375865, avg=111.92, stdev=1463.05
     lat (usec): min=31, max=375866, avg=112.38, stdev=1463.06
    clat percentiles (usec):
     |  1.00th=[   50],  5.00th=[   56], 10.00th=[   59], 20.00th=[   64],
     | 30.00th=[   68], 40.00th=[   72], 50.00th=[   77], 60.00th=[   82],
     | 70.00th=[   89], 80.00th=[  102], 90.00th=[  227], 95.00th=[  318],
     | 99.00th=[  445], 99.50th=[  494], 99.90th=[  586], 99.95th=[  627],
     | 99.99th=[  791]
   bw (  KiB/s): min=46080, max=464320, per=2.26%, avg=283230.13, stdev=105153.90, samples=239
   iops        : min= 1440, max=14510, avg=8850.93, stdev=3286.06, samples=239
  lat (usec)   : 50=1.14%, 100=78.00%, 250=11.94%, 500=8.46%, 750=0.46%
  lat (usec)   : 1000=0.01%
  lat (msec)   : 2=0.01%, 4=0.01%, 250=0.01%, 500=0.01%
  cpu          : usr=1.90%, sys=9.09%, ctx=1060488, majf=0, minf=77957
  IO depths    : 1=100.0%, 2=0.0%, 4=0.0%, 8=0.0%, 16=0.0%, 32=0.0%, >=64=0.0%
     submit    : 0=0.0%, 4=100.0%, 8=0.0%, 16=0.0%, 32=0.0%, 64=0.0%, >=64=0.0%
     complete  : 0=0.0%, 4=100.0%, 8=0.0%, 16=0.0%, 32=0.0%, 64=0.0%, >=64=0.0%
     issued rwts: total=0,1060442,0,0 short=0,0,0,0 dropped=0,0,0,0
     latency   : target=0, window=0, percentile=100.00%, depth=1
test_32kb_rwrite_5n2: (groupid=0, jobs=1): err= 0: pid=794905: Mon Sep  1 23:38:23 2025
  write: IOPS=8635, BW=270MiB/s (283MB/s)(31.6GiB/120001msec); 0 zone resets
    clat (usec): min=32, max=376010, avg=114.49, stdev=1479.78
     lat (usec): min=32, max=376011, avg=114.98, stdev=1479.79
    clat percentiles (usec):
     |  1.00th=[   50],  5.00th=[   57], 10.00th=[   60], 20.00th=[   65],
     | 30.00th=[   69], 40.00th=[   73], 50.00th=[   77], 60.00th=[   83],
     | 70.00th=[   90], 80.00th=[  104], 90.00th=[  243], 95.00th=[  330],
     | 99.00th=[  453], 99.50th=[  506], 99.90th=[  594], 99.95th=[  627],
     | 99.99th=[  791]
   bw (  KiB/s): min=42240, max=454016, per=2.21%, avg=276797.56, stdev=109188.05, samples=239
   iops        : min= 1320, max=14188, avg=8649.91, stdev=3412.13, samples=239
  lat (usec)   : 50=0.99%, 100=77.03%, 250=12.44%, 500=9.01%, 750=0.51%
  lat (usec)   : 1000=0.01%
  lat (msec)   : 2=0.01%, 4=0.01%, 10=0.01%, 250=0.01%, 500=0.01%
  cpu          : usr=1.91%, sys=9.31%, ctx=1036346, majf=0, minf=76072
  IO depths    : 1=100.0%, 2=0.0%, 4=0.0%, 8=0.0%, 16=0.0%, 32=0.0%, >=64=0.0%
     submit    : 0=0.0%, 4=100.0%, 8=0.0%, 16=0.0%, 32=0.0%, 64=0.0%, >=64=0.0%
     complete  : 0=0.0%, 4=100.0%, 8=0.0%, 16=0.0%, 32=0.0%, 64=0.0%, >=64=0.0%
     issued rwts: total=0,1036278,0,0 short=0,0,0,0 dropped=0,0,0,0
     latency   : target=0, window=0, percentile=100.00%, depth=1
test_32kb_rwrite_5n2: (groupid=0, jobs=1): err= 0: pid=794906: Mon Sep  1 23:38:23 2025
  write: IOPS=8785, BW=275MiB/s (288MB/s)(32.2GiB/120001msec); 0 zone resets
    clat (usec): min=31, max=376776, avg=112.55, stdev=1467.98
     lat (usec): min=31, max=376778, avg=113.05, stdev=1467.99
    clat percentiles (usec):
     |  1.00th=[   50],  5.00th=[   57], 10.00th=[   60], 20.00th=[   65],
     | 30.00th=[   69], 40.00th=[   73], 50.00th=[   78], 60.00th=[   83],
     | 70.00th=[   90], 80.00th=[  103], 90.00th=[  227], 95.00th=[  318],
     | 99.00th=[  449], 99.50th=[  498], 99.90th=[  594], 99.95th=[  627],
     | 99.99th=[  783]
   bw (  KiB/s): min=34752, max=452352, per=2.24%, avg=281290.14, stdev=105676.51, samples=239
   iops        : min= 1086, max=14136, avg=8790.31, stdev=3302.39, samples=239
  lat (usec)   : 50=0.97%, 100=77.69%, 250=12.47%, 500=8.38%, 750=0.48%
  lat (usec)   : 1000=0.01%
  lat (msec)   : 2=0.01%, 4=0.01%, 250=0.01%, 500=0.01%
  cpu          : usr=1.85%, sys=9.52%, ctx=1054317, majf=0, minf=75568
  IO depths    : 1=100.0%, 2=0.0%, 4=0.0%, 8=0.0%, 16=0.0%, 32=0.0%, >=64=0.0%
     submit    : 0=0.0%, 4=100.0%, 8=0.0%, 16=0.0%, 32=0.0%, 64=0.0%, >=64=0.0%
     complete  : 0=0.0%, 4=100.0%, 8=0.0%, 16=0.0%, 32=0.0%, 64=0.0%, >=64=0.0%
     issued rwts: total=0,1054266,0,0 short=0,0,0,0 dropped=0,0,0,0
     latency   : target=0, window=0, percentile=100.00%, depth=1
test_32kb_rwrite_5n2: (groupid=0, jobs=1): err= 0: pid=794907: Mon Sep  1 23:38:23 2025
  write: IOPS=8761, BW=274MiB/s (287MB/s)(32.1GiB/120001msec); 0 zone resets
    clat (usec): min=31, max=375806, avg=112.87, stdev=1469.81
     lat (usec): min=32, max=375806, avg=113.37, stdev=1469.82
    clat percentiles (usec):
     |  1.00th=[   51],  5.00th=[   57], 10.00th=[   60], 20.00th=[   65],
     | 30.00th=[   70], 40.00th=[   74], 50.00th=[   78], 60.00th=[   83],
     | 70.00th=[   90], 80.00th=[  103], 90.00th=[  221], 95.00th=[  322],
     | 99.00th=[  453], 99.50th=[  502], 99.90th=[  594], 99.95th=[  635],
     | 99.99th=[  807]
   bw (  KiB/s): min=42048, max=463232, per=2.24%, avg=280534.43, stdev=103317.76, samples=239
   iops        : min= 1314, max=14476, avg=8766.69, stdev=3228.68, samples=239
  lat (usec)   : 50=0.89%, 100=77.64%, 250=12.63%, 500=8.32%, 750=0.51%
  lat (usec)   : 1000=0.01%
  lat (msec)   : 2=0.01%, 4=0.01%, 250=0.01%, 500=0.01%
  cpu          : usr=1.89%, sys=9.76%, ctx=1051411, majf=0, minf=74129
  IO depths    : 1=100.0%, 2=0.0%, 4=0.0%, 8=0.0%, 16=0.0%, 32=0.0%, >=64=0.0%
     submit    : 0=0.0%, 4=100.0%, 8=0.0%, 16=0.0%, 32=0.0%, 64=0.0%, >=64=0.0%
     complete  : 0=0.0%, 4=100.0%, 8=0.0%, 16=0.0%, 32=0.0%, 64=0.0%, >=64=0.0%
     issued rwts: total=0,1051370,0,0 short=0,0,0,0 dropped=0,0,0,0
     latency   : target=0, window=0, percentile=100.00%, depth=1
test_32kb_rwrite_5n2: (groupid=0, jobs=1): err= 0: pid=794908: Mon Sep  1 23:38:23 2025
  write: IOPS=8749, BW=273MiB/s (287MB/s)(32.0GiB/120001msec); 0 zone resets
    clat (usec): min=32, max=376091, avg=113.13, stdev=1470.25
     lat (usec): min=33, max=376091, avg=113.53, stdev=1470.25
    clat percentiles (usec):
     |  1.00th=[   51],  5.00th=[   57], 10.00th=[   60], 20.00th=[   65],
     | 30.00th=[   69], 40.00th=[   73], 50.00th=[   78], 60.00th=[   83],
     | 70.00th=[   90], 80.00th=[  103], 90.00th=[  229], 95.00th=[  322],
     | 99.00th=[  453], 99.50th=[  506], 99.90th=[  594], 99.95th=[  627],
     | 99.99th=[  799]
   bw (  KiB/s): min=41472, max=454336, per=2.24%, avg=280396.22, stdev=104987.42, samples=239
   iops        : min= 1296, max=14198, avg=8762.37, stdev=3280.86, samples=239
  lat (usec)   : 50=0.88%, 100=77.65%, 250=12.46%, 500=8.47%, 750=0.52%
  lat (usec)   : 1000=0.01%
  lat (msec)   : 2=0.01%, 4=0.01%, 250=0.01%, 500=0.01%
  cpu          : usr=1.67%, sys=9.79%, ctx=1049997, majf=0, minf=73491
  IO depths    : 1=100.0%, 2=0.0%, 4=0.0%, 8=0.0%, 16=0.0%, 32=0.0%, >=64=0.0%
     submit    : 0=0.0%, 4=100.0%, 8=0.0%, 16=0.0%, 32=0.0%, 64=0.0%, >=64=0.0%
     complete  : 0=0.0%, 4=100.0%, 8=0.0%, 16=0.0%, 32=0.0%, 64=0.0%, >=64=0.0%
     issued rwts: total=0,1049948,0,0 short=0,0,0,0 dropped=0,0,0,0
     latency   : target=0, window=0, percentile=100.00%, depth=1
test_32kb_rwrite_5n3: (groupid=0, jobs=1): err= 0: pid=794909: Mon Sep  1 23:38:23 2025
  write: IOPS=8832, BW=276MiB/s (289MB/s)(32.3GiB/120001msec); 0 zone resets
    clat (usec): min=31, max=376662, avg=112.04, stdev=1464.52
     lat (usec): min=31, max=376662, avg=112.47, stdev=1464.53
    clat percentiles (usec):
     |  1.00th=[   50],  5.00th=[   57], 10.00th=[   60], 20.00th=[   65],
     | 30.00th=[   69], 40.00th=[   73], 50.00th=[   78], 60.00th=[   83],
     | 70.00th=[   90], 80.00th=[  103], 90.00th=[  219], 95.00th=[  318],
     | 99.00th=[  441], 99.50th=[  486], 99.90th=[  578], 99.95th=[  611],
     | 99.99th=[  742]
   bw (  KiB/s): min=37184, max=456111, per=2.26%, avg=282941.26, stdev=103675.69, samples=239
   iops        : min= 1162, max=14253, avg=8841.91, stdev=3239.87, samples=239
  lat (usec)   : 50=1.05%, 100=77.58%, 250=12.65%, 500=8.34%, 750=0.37%
  lat (usec)   : 1000=0.01%
  lat (msec)   : 2=0.01%, 4=0.01%, 10=0.01%, 250=0.01%, 500=0.01%
  cpu          : usr=1.69%, sys=9.88%, ctx=1059908, majf=0, minf=73327
  IO depths    : 1=100.0%, 2=0.0%, 4=0.0%, 8=0.0%, 16=0.0%, 32=0.0%, >=64=0.0%
     submit    : 0=0.0%, 4=100.0%, 8=0.0%, 16=0.0%, 32=0.0%, 64=0.0%, >=64=0.0%
     complete  : 0=0.0%, 4=100.0%, 8=0.0%, 16=0.0%, 32=0.0%, 64=0.0%, >=64=0.0%
     issued rwts: total=0,1059865,0,0 short=0,0,0,0 dropped=0,0,0,0
     latency   : target=0, window=0, percentile=100.00%, depth=1
test_32kb_rwrite_5n3: (groupid=0, jobs=1): err= 0: pid=794910: Mon Sep  1 23:38:23 2025
  write: IOPS=9025, BW=282MiB/s (296MB/s)(33.1GiB/120001msec); 0 zone resets
    clat (usec): min=32, max=375976, avg=109.57, stdev=1446.55
     lat (usec): min=32, max=375977, avg=110.03, stdev=1446.56
    clat percentiles (usec):
     |  1.00th=[   50],  5.00th=[   56], 10.00th=[   59], 20.00th=[   64],
     | 30.00th=[   69], 40.00th=[   72], 50.00th=[   77], 60.00th=[   82],
     | 70.00th=[   88], 80.00th=[  100], 90.00th=[  188], 95.00th=[  310],
     | 99.00th=[  437], 99.50th=[  482], 99.90th=[  578], 99.95th=[  611],
     | 99.99th=[  750]
   bw (  KiB/s): min=44736, max=459072, per=2.31%, avg=289478.66, stdev=101756.17, samples=239
   iops        : min= 1398, max=14346, avg=9046.20, stdev=3179.88, samples=239
  lat (usec)   : 50=1.16%, 100=79.05%, 250=11.49%, 500=7.95%, 750=0.34%
  lat (usec)   : 1000=0.01%
  lat (msec)   : 2=0.01%, 4=0.01%, 250=0.01%, 500=0.01%
  cpu          : usr=1.94%, sys=9.20%, ctx=1083160, majf=0, minf=75208
  IO depths    : 1=100.0%, 2=0.0%, 4=0.0%, 8=0.0%, 16=0.0%, 32=0.0%, >=64=0.0%
     submit    : 0=0.0%, 4=100.0%, 8=0.0%, 16=0.0%, 32=0.0%, 64=0.0%, >=64=0.0%
     complete  : 0=0.0%, 4=100.0%, 8=0.0%, 16=0.0%, 32=0.0%, 64=0.0%, >=64=0.0%
     issued rwts: total=0,1083128,0,0 short=0,0,0,0 dropped=0,0,0,0
     latency   : target=0, window=0, percentile=100.00%, depth=1
test_32kb_rwrite_5n3: (groupid=0, jobs=1): err= 0: pid=794911: Mon Sep  1 23:38:23 2025
  write: IOPS=8863, BW=277MiB/s (290MB/s)(32.5GiB/120001msec); 0 zone resets
    clat (usec): min=32, max=376787, avg=111.54, stdev=1460.28
     lat (usec): min=32, max=376789, avg=112.05, stdev=1460.29
    clat percentiles (usec):
     |  1.00th=[   50],  5.00th=[   56], 10.00th=[   60], 20.00th=[   65],
     | 30.00th=[   69], 40.00th=[   73], 50.00th=[   78], 60.00th=[   83],
     | 70.00th=[   90], 80.00th=[  103], 90.00th=[  208], 95.00th=[  310],
     | 99.00th=[  437], 99.50th=[  482], 99.90th=[  578], 99.95th=[  611],
     | 99.99th=[  750]
   bw (  KiB/s): min=57664, max=454144, per=2.27%, avg=284303.21, stdev=103029.79, samples=239
   iops        : min= 1802, max=14192, avg=8884.46, stdev=3219.68, samples=239
  lat (usec)   : 50=1.05%, 100=77.33%, 250=13.05%, 500=8.20%, 750=0.35%
  lat (usec)   : 1000=0.01%
  lat (msec)   : 2=0.01%, 4=0.01%, 250=0.01%, 500=0.01%
  cpu          : usr=1.91%, sys=9.55%, ctx=1063707, majf=0, minf=75892
  IO depths    : 1=100.0%, 2=0.0%, 4=0.0%, 8=0.0%, 16=0.0%, 32=0.0%, >=64=0.0%
     submit    : 0=0.0%, 4=100.0%, 8=0.0%, 16=0.0%, 32=0.0%, 64=0.0%, >=64=0.0%
     complete  : 0=0.0%, 4=100.0%, 8=0.0%, 16=0.0%, 32=0.0%, 64=0.0%, >=64=0.0%
     issued rwts: total=0,1063669,0,0 short=0,0,0,0 dropped=0,0,0,0
     latency   : target=0, window=0, percentile=100.00%, depth=1
test_32kb_rwrite_5n3: (groupid=0, jobs=1): err= 0: pid=794912: Mon Sep  1 23:38:23 2025
  write: IOPS=8689, BW=272MiB/s (285MB/s)(31.8GiB/120001msec); 0 zone resets
    clat (usec): min=32, max=376920, avg=113.91, stdev=1476.26
     lat (usec): min=32, max=376920, avg=114.30, stdev=1476.27
    clat percentiles (usec):
     |  1.00th=[   51],  5.00th=[   57], 10.00th=[   60], 20.00th=[   65],
     | 30.00th=[   70], 40.00th=[   74], 50.00th=[   78], 60.00th=[   83],
     | 70.00th=[   91], 80.00th=[  104], 90.00th=[  235], 95.00th=[  326],
     | 99.00th=[  445], 99.50th=[  490], 99.90th=[  586], 99.95th=[  627],
     | 99.99th=[  783]
   bw (  KiB/s): min=42944, max=459136, per=2.22%, avg=278540.77, stdev=105825.73, samples=239
   iops        : min= 1342, max=14348, avg=8704.39, stdev=3307.05, samples=239
  lat (usec)   : 50=0.91%, 100=77.08%, 250=12.81%, 500=8.76%, 750=0.42%
  lat (usec)   : 1000=0.01%
  lat (msec)   : 2=0.01%, 4=0.01%, 250=0.01%, 500=0.01%
  cpu          : usr=1.69%, sys=9.75%, ctx=1042803, majf=0, minf=74967
  IO depths    : 1=100.0%, 2=0.0%, 4=0.0%, 8=0.0%, 16=0.0%, 32=0.0%, >=64=0.0%
     submit    : 0=0.0%, 4=100.0%, 8=0.0%, 16=0.0%, 32=0.0%, 64=0.0%, >=64=0.0%
     complete  : 0=0.0%, 4=100.0%, 8=0.0%, 16=0.0%, 32=0.0%, 64=0.0%, >=64=0.0%
     issued rwts: total=0,1042759,0,0 short=0,0,0,0 dropped=0,0,0,0
     latency   : target=0, window=0, percentile=100.00%, depth=1
test_32kb_rwrite_5n3: (groupid=0, jobs=1): err= 0: pid=794913: Mon Sep  1 23:38:23 2025
  write: IOPS=8771, BW=274MiB/s (287MB/s)(32.1GiB/120001msec); 0 zone resets
    clat (usec): min=32, max=376378, avg=112.76, stdev=1469.77
     lat (usec): min=32, max=376379, avg=113.21, stdev=1469.78
    clat percentiles (usec):
     |  1.00th=[   51],  5.00th=[   57], 10.00th=[   60], 20.00th=[   65],
     | 30.00th=[   70], 40.00th=[   74], 50.00th=[   78], 60.00th=[   83],
     | 70.00th=[   90], 80.00th=[  103], 90.00th=[  225], 95.00th=[  318],
     | 99.00th=[  445], 99.50th=[  490], 99.90th=[  586], 99.95th=[  619],
     | 99.99th=[  791]
   bw (  KiB/s): min=44160, max=454528, per=2.24%, avg=281207.58, stdev=104650.33, samples=239
   iops        : min= 1380, max=14204, avg=8787.73, stdev=3270.32, samples=239
  lat (usec)   : 50=0.91%, 100=77.49%, 250=12.73%, 500=8.46%, 750=0.41%
  lat (usec)   : 1000=0.01%
  lat (msec)   : 2=0.01%, 4=0.01%, 250=0.01%, 500=0.01%
  cpu          : usr=1.80%, sys=9.75%, ctx=1052662, majf=0, minf=81928
  IO depths    : 1=100.0%, 2=0.0%, 4=0.0%, 8=0.0%, 16=0.0%, 32=0.0%, >=64=0.0%
     submit    : 0=0.0%, 4=100.0%, 8=0.0%, 16=0.0%, 32=0.0%, 64=0.0%, >=64=0.0%
     complete  : 0=0.0%, 4=100.0%, 8=0.0%, 16=0.0%, 32=0.0%, 64=0.0%, >=64=0.0%
     issued rwts: total=0,1052608,0,0 short=0,0,0,0 dropped=0,0,0,0
     latency   : target=0, window=0, percentile=100.00%, depth=1
test_32kb_rwrite_5n4: (groupid=0, jobs=1): err= 0: pid=794914: Mon Sep  1 23:38:23 2025
  write: IOPS=8557, BW=267MiB/s (280MB/s)(31.3GiB/120001msec); 0 zone resets
    clat (usec): min=32, max=375818, avg=115.63, stdev=1484.62
     lat (usec): min=32, max=375820, avg=116.03, stdev=1484.62
    clat percentiles (usec):
     |  1.00th=[   51],  5.00th=[   57], 10.00th=[   61], 20.00th=[   66],
     | 30.00th=[   70], 40.00th=[   75], 50.00th=[   79], 60.00th=[   85],
     | 70.00th=[   92], 80.00th=[  106], 90.00th=[  241], 95.00th=[  326],
     | 99.00th=[  449], 99.50th=[  494], 99.90th=[  586], 99.95th=[  627],
     | 99.99th=[  799]
   bw (  KiB/s): min=46144, max=453515, per=2.19%, avg=274148.63, stdev=104092.95, samples=239
   iops        : min= 1442, max=14172, avg=8567.14, stdev=3252.90, samples=239
  lat (usec)   : 50=0.79%, 100=76.01%, 250=13.74%, 500=9.01%, 750=0.45%
  lat (usec)   : 1000=0.01%
  lat (msec)   : 2=0.01%, 4=0.01%, 250=0.01%, 500=0.01%
  cpu          : usr=1.67%, sys=9.68%, ctx=1026934, majf=0, minf=83246
  IO depths    : 1=100.0%, 2=0.0%, 4=0.0%, 8=0.0%, 16=0.0%, 32=0.0%, >=64=0.0%
     submit    : 0=0.0%, 4=100.0%, 8=0.0%, 16=0.0%, 32=0.0%, 64=0.0%, >=64=0.0%
     complete  : 0=0.0%, 4=100.0%, 8=0.0%, 16=0.0%, 32=0.0%, 64=0.0%, >=64=0.0%
     issued rwts: total=0,1026877,0,0 short=0,0,0,0 dropped=0,0,0,0
     latency   : target=0, window=0, percentile=100.00%, depth=1
test_32kb_rwrite_5n4: (groupid=0, jobs=1): err= 0: pid=794915: Mon Sep  1 23:38:23 2025
  write: IOPS=8596, BW=269MiB/s (282MB/s)(31.5GiB/120001msec); 0 zone resets
    clat (usec): min=32, max=376148, avg=115.07, stdev=1483.04
     lat (usec): min=32, max=376149, avg=115.52, stdev=1483.04
    clat percentiles (usec):
     |  1.00th=[   51],  5.00th=[   58], 10.00th=[   61], 20.00th=[   66],
     | 30.00th=[   71], 40.00th=[   75], 50.00th=[   79], 60.00th=[   85],
     | 70.00th=[   92], 80.00th=[  105], 90.00th=[  237], 95.00th=[  322],
     | 99.00th=[  445], 99.50th=[  494], 99.90th=[  586], 99.95th=[  627],
     | 99.99th=[  783]
   bw (  KiB/s): min=40448, max=449280, per=2.20%, avg=275466.44, stdev=101346.99, samples=239
   iops        : min= 1264, max=14040, avg=8608.32, stdev=3167.10, samples=239
  lat (usec)   : 50=0.73%, 100=76.34%, 250=13.66%, 500=8.81%, 750=0.45%
  lat (usec)   : 1000=0.01%
  lat (msec)   : 2=0.01%, 4=0.01%, 250=0.01%, 500=0.01%
  cpu          : usr=1.71%, sys=9.69%, ctx=1031685, majf=0, minf=77936
  IO depths    : 1=100.0%, 2=0.0%, 4=0.0%, 8=0.0%, 16=0.0%, 32=0.0%, >=64=0.0%
     submit    : 0=0.0%, 4=100.0%, 8=0.0%, 16=0.0%, 32=0.0%, 64=0.0%, >=64=0.0%
     complete  : 0=0.0%, 4=100.0%, 8=0.0%, 16=0.0%, 32=0.0%, 64=0.0%, >=64=0.0%
     issued rwts: total=0,1031625,0,0 short=0,0,0,0 dropped=0,0,0,0
     latency   : target=0, window=0, percentile=100.00%, depth=1
test_32kb_rwrite_5n4: (groupid=0, jobs=1): err= 0: pid=794916: Mon Sep  1 23:38:23 2025
  write: IOPS=8655, BW=270MiB/s (284MB/s)(31.7GiB/120001msec); 0 zone resets
    clat (usec): min=32, max=376378, avg=114.34, stdev=1477.81
     lat (usec): min=32, max=376379, avg=114.75, stdev=1477.81
    clat percentiles (usec):
     |  1.00th=[   51],  5.00th=[   57], 10.00th=[   61], 20.00th=[   65],
     | 30.00th=[   70], 40.00th=[   74], 50.00th=[   79], 60.00th=[   84],
     | 70.00th=[   91], 80.00th=[  105], 90.00th=[  237], 95.00th=[  326],
     | 99.00th=[  445], 99.50th=[  494], 99.90th=[  586], 99.95th=[  627],
     | 99.99th=[  783]
   bw (  KiB/s): min=37504, max=449536, per=2.22%, avg=277704.64, stdev=103957.71, samples=239
   iops        : min= 1172, max=14048, avg=8678.27, stdev=3248.68, samples=239
  lat (usec)   : 50=0.88%, 100=76.75%, 250=13.15%, 500=8.78%, 750=0.43%
  lat (usec)   : 1000=0.01%
  lat (msec)   : 2=0.01%, 4=0.01%, 250=0.01%, 500=0.01%
  cpu          : usr=1.67%, sys=9.52%, ctx=1038686, majf=0, minf=77599
  IO depths    : 1=100.0%, 2=0.0%, 4=0.0%, 8=0.0%, 16=0.0%, 32=0.0%, >=64=0.0%
     submit    : 0=0.0%, 4=100.0%, 8=0.0%, 16=0.0%, 32=0.0%, 64=0.0%, >=64=0.0%
     complete  : 0=0.0%, 4=100.0%, 8=0.0%, 16=0.0%, 32=0.0%, 64=0.0%, >=64=0.0%
     issued rwts: total=0,1038641,0,0 short=0,0,0,0 dropped=0,0,0,0
     latency   : target=0, window=0, percentile=100.00%, depth=1
test_32kb_rwrite_5n4: (groupid=0, jobs=1): err= 0: pid=794917: Mon Sep  1 23:38:23 2025
  write: IOPS=8641, BW=270MiB/s (283MB/s)(31.6GiB/120001msec); 0 zone resets
    clat (usec): min=31, max=376143, avg=114.41, stdev=1479.12
     lat (usec): min=31, max=376143, avg=114.91, stdev=1479.13
    clat percentiles (usec):
     |  1.00th=[   51],  5.00th=[   57], 10.00th=[   61], 20.00th=[   66],
     | 30.00th=[   70], 40.00th=[   74], 50.00th=[   79], 60.00th=[   84],
     | 70.00th=[   91], 80.00th=[  105], 90.00th=[  237], 95.00th=[  326],
     | 99.00th=[  445], 99.50th=[  490], 99.90th=[  586], 99.95th=[  627],
     | 99.99th=[  799]
   bw (  KiB/s): min=39232, max=450688, per=2.21%, avg=277274.56, stdev=104932.12, samples=239
   iops        : min= 1226, max=14084, avg=8664.82, stdev=3279.13, samples=239
  lat (usec)   : 50=0.82%, 100=76.73%, 250=13.22%, 500=8.80%, 750=0.42%
  lat (usec)   : 1000=0.01%
  lat (msec)   : 2=0.01%, 4=0.01%, 10=0.01%, 250=0.01%, 500=0.01%
  cpu          : usr=1.94%, sys=9.44%, ctx=1037048, majf=0, minf=75482
  IO depths    : 1=100.0%, 2=0.0%, 4=0.0%, 8=0.0%, 16=0.0%, 32=0.0%, >=64=0.0%
     submit    : 0=0.0%, 4=100.0%, 8=0.0%, 16=0.0%, 32=0.0%, 64=0.0%, >=64=0.0%
     complete  : 0=0.0%, 4=100.0%, 8=0.0%, 16=0.0%, 32=0.0%, 64=0.0%, >=64=0.0%
     issued rwts: total=0,1037010,0,0 short=0,0,0,0 dropped=0,0,0,0
     latency   : target=0, window=0, percentile=100.00%, depth=1
test_32kb_rwrite_5n4: (groupid=0, jobs=1): err= 0: pid=794918: Mon Sep  1 23:38:23 2025
  write: IOPS=8649, BW=270MiB/s (283MB/s)(31.7GiB/120001msec); 0 zone resets
    clat (usec): min=32, max=375995, avg=114.37, stdev=1476.69
     lat (usec): min=32, max=375996, avg=114.82, stdev=1476.70
    clat percentiles (usec):
     |  1.00th=[   51],  5.00th=[   57], 10.00th=[   61], 20.00th=[   65],
     | 30.00th=[   70], 40.00th=[   74], 50.00th=[   79], 60.00th=[   84],
     | 70.00th=[   91], 80.00th=[  104], 90.00th=[  239], 95.00th=[  322],
     | 99.00th=[  441], 99.50th=[  490], 99.90th=[  586], 99.95th=[  619],
     | 99.99th=[  775]
   bw (  KiB/s): min=47232, max=458432, per=2.21%, avg=277283.96, stdev=103697.86, samples=239
   iops        : min= 1476, max=14326, avg=8665.12, stdev=3240.56, samples=239
  lat (usec)   : 50=0.84%, 100=76.90%, 250=12.94%, 500=8.90%, 750=0.40%
  lat (usec)   : 1000=0.01%
  lat (msec)   : 2=0.01%, 4=0.01%, 250=0.01%, 500=0.01%
  cpu          : usr=1.84%, sys=9.45%, ctx=1037994, majf=0, minf=75591
  IO depths    : 1=100.0%, 2=0.0%, 4=0.0%, 8=0.0%, 16=0.0%, 32=0.0%, >=64=0.0%
     submit    : 0=0.0%, 4=100.0%, 8=0.0%, 16=0.0%, 32=0.0%, 64=0.0%, >=64=0.0%
     complete  : 0=0.0%, 4=100.0%, 8=0.0%, 16=0.0%, 32=0.0%, 64=0.0%, >=64=0.0%
     issued rwts: total=0,1037952,0,0 short=0,0,0,0 dropped=0,0,0,0
     latency   : target=0, window=0, percentile=100.00%, depth=1
test_32kb_rwrite_5n5: (groupid=0, jobs=1): err= 0: pid=794919: Mon Sep  1 23:38:23 2025
  write: IOPS=8693, BW=272MiB/s (285MB/s)(31.8GiB/120001msec); 0 zone resets
    clat (usec): min=31, max=375863, avg=113.72, stdev=1474.92
     lat (usec): min=32, max=375864, avg=114.23, stdev=1474.92
    clat percentiles (usec):
     |  1.00th=[   50],  5.00th=[   57], 10.00th=[   60], 20.00th=[   65],
     | 30.00th=[   70], 40.00th=[   74], 50.00th=[   78], 60.00th=[   84],
     | 70.00th=[   91], 80.00th=[  104], 90.00th=[  235], 95.00th=[  322],
     | 99.00th=[  441], 99.50th=[  486], 99.90th=[  586], 99.95th=[  619],
     | 99.99th=[  750]
   bw (  KiB/s): min=43840, max=448960, per=2.23%, avg=278848.11, stdev=103516.80, samples=239
   iops        : min= 1370, max=14030, avg=8714.00, stdev=3234.90, samples=239
  lat (usec)   : 50=1.00%, 100=76.76%, 250=13.12%, 500=8.72%, 750=0.40%
  lat (usec)   : 1000=0.01%
  lat (msec)   : 2=0.01%, 4=0.01%, 250=0.01%, 500=0.01%
  cpu          : usr=1.95%, sys=9.37%, ctx=1043236, majf=0, minf=76697
  IO depths    : 1=100.0%, 2=0.0%, 4=0.0%, 8=0.0%, 16=0.0%, 32=0.0%, >=64=0.0%
     submit    : 0=0.0%, 4=100.0%, 8=0.0%, 16=0.0%, 32=0.0%, 64=0.0%, >=64=0.0%
     complete  : 0=0.0%, 4=100.0%, 8=0.0%, 16=0.0%, 32=0.0%, 64=0.0%, >=64=0.0%
     issued rwts: total=0,1043186,0,0 short=0,0,0,0 dropped=0,0,0,0
     latency   : target=0, window=0, percentile=100.00%, depth=1
test_32kb_rwrite_5n5: (groupid=0, jobs=1): err= 0: pid=794920: Mon Sep  1 23:38:23 2025
  write: IOPS=8747, BW=273MiB/s (287MB/s)(32.0GiB/120001msec); 0 zone resets
    clat (usec): min=32, max=375905, avg=113.09, stdev=1469.38
     lat (usec): min=32, max=375905, avg=113.50, stdev=1469.39
    clat percentiles (usec):
     |  1.00th=[   51],  5.00th=[   57], 10.00th=[   61], 20.00th=[   65],
     | 30.00th=[   70], 40.00th=[   74], 50.00th=[   79], 60.00th=[   84],
     | 70.00th=[   91], 80.00th=[  103], 90.00th=[  227], 95.00th=[  318],
     | 99.00th=[  441], 99.50th=[  486], 99.90th=[  578], 99.95th=[  619],
     | 99.99th=[  775]
   bw (  KiB/s): min=41216, max=450304, per=2.24%, avg=280411.56, stdev=101766.56, samples=239
   iops        : min= 1288, max=14072, avg=8762.85, stdev=3180.21, samples=239
  lat (usec)   : 50=0.92%, 100=77.39%, 250=12.79%, 500=8.50%, 750=0.39%
  lat (usec)   : 1000=0.01%
  lat (msec)   : 2=0.01%, 4=0.01%, 250=0.01%, 500=0.01%
  cpu          : usr=1.74%, sys=9.70%, ctx=1049725, majf=0, minf=88614
  IO depths    : 1=100.0%, 2=0.0%, 4=0.0%, 8=0.0%, 16=0.0%, 32=0.0%, >=64=0.0%
     submit    : 0=0.0%, 4=100.0%, 8=0.0%, 16=0.0%, 32=0.0%, 64=0.0%, >=64=0.0%
     complete  : 0=0.0%, 4=100.0%, 8=0.0%, 16=0.0%, 32=0.0%, 64=0.0%, >=64=0.0%
     issued rwts: total=0,1049669,0,0 short=0,0,0,0 dropped=0,0,0,0
     latency   : target=0, window=0, percentile=100.00%, depth=1
test_32kb_rwrite_5n5: (groupid=0, jobs=1): err= 0: pid=794921: Mon Sep  1 23:38:23 2025
  write: IOPS=8783, BW=274MiB/s (288MB/s)(32.2GiB/120001msec); 0 zone resets
    clat (usec): min=31, max=376801, avg=112.62, stdev=1466.97
     lat (usec): min=31, max=376802, avg=113.06, stdev=1466.98
    clat percentiles (usec):
     |  1.00th=[   50],  5.00th=[   57], 10.00th=[   60], 20.00th=[   65],
     | 30.00th=[   70], 40.00th=[   74], 50.00th=[   78], 60.00th=[   83],
     | 70.00th=[   91], 80.00th=[  104], 90.00th=[  225], 95.00th=[  314],
     | 99.00th=[  437], 99.50th=[  482], 99.90th=[  578], 99.95th=[  619],
     | 99.99th=[  775]
   bw (  KiB/s): min=50816, max=454208, per=2.25%, avg=281358.99, stdev=102500.31, samples=239
   iops        : min= 1588, max=14194, avg=8792.46, stdev=3203.14, samples=239
  lat (usec)   : 50=1.02%, 100=76.97%, 250=13.19%, 500=8.46%, 750=0.35%
  lat (usec)   : 1000=0.01%
  lat (msec)   : 2=0.01%, 4=0.01%, 250=0.01%, 500=0.01%
  cpu          : usr=1.78%, sys=9.54%, ctx=1054093, majf=0, minf=75475
  IO depths    : 1=100.0%, 2=0.0%, 4=0.0%, 8=0.0%, 16=0.0%, 32=0.0%, >=64=0.0%
     submit    : 0=0.0%, 4=100.0%, 8=0.0%, 16=0.0%, 32=0.0%, 64=0.0%, >=64=0.0%
     complete  : 0=0.0%, 4=100.0%, 8=0.0%, 16=0.0%, 32=0.0%, 64=0.0%, >=64=0.0%
     issued rwts: total=0,1054048,0,0 short=0,0,0,0 dropped=0,0,0,0
     latency   : target=0, window=0, percentile=100.00%, depth=1
test_32kb_rwrite_5n5: (groupid=0, jobs=1): err= 0: pid=794922: Mon Sep  1 23:38:23 2025
  write: IOPS=8710, BW=272MiB/s (285MB/s)(31.9GiB/120001msec); 0 zone resets
    clat (usec): min=31, max=376337, avg=113.52, stdev=1475.80
     lat (usec): min=32, max=376337, avg=113.97, stdev=1475.81
    clat percentiles (usec):
     |  1.00th=[   50],  5.00th=[   57], 10.00th=[   60], 20.00th=[   65],
     | 30.00th=[   69], 40.00th=[   74], 50.00th=[   78], 60.00th=[   83],
     | 70.00th=[   91], 80.00th=[  104], 90.00th=[  235], 95.00th=[  322],
     | 99.00th=[  441], 99.50th=[  486], 99.90th=[  586], 99.95th=[  627],
     | 99.99th=[  807]
   bw (  KiB/s): min=42432, max=456512, per=2.23%, avg=279244.01, stdev=103783.77, samples=239
   iops        : min= 1326, max=14266, avg=8726.37, stdev=3243.26, samples=239
  lat (usec)   : 50=1.00%, 100=76.88%, 250=12.97%, 500=8.75%, 750=0.39%
  lat (usec)   : 1000=0.01%
  lat (msec)   : 2=0.01%, 4=0.01%, 10=0.01%, 250=0.01%, 500=0.01%
  cpu          : usr=1.87%, sys=9.51%, ctx=1045349, majf=0, minf=83567
  IO depths    : 1=100.0%, 2=0.0%, 4=0.0%, 8=0.0%, 16=0.0%, 32=0.0%, >=64=0.0%
     submit    : 0=0.0%, 4=100.0%, 8=0.0%, 16=0.0%, 32=0.0%, 64=0.0%, >=64=0.0%
     complete  : 0=0.0%, 4=100.0%, 8=0.0%, 16=0.0%, 32=0.0%, 64=0.0%, >=64=0.0%
     issued rwts: total=0,1045279,0,0 short=0,0,0,0 dropped=0,0,0,0
     latency   : target=0, window=0, percentile=100.00%, depth=1
test_32kb_rwrite_5n5: (groupid=0, jobs=1): err= 0: pid=794923: Mon Sep  1 23:38:23 2025
  write: IOPS=8611, BW=269MiB/s (282MB/s)(31.5GiB/120001msec); 0 zone resets
    clat (usec): min=31, max=376457, avg=114.86, stdev=1482.36
     lat (usec): min=31, max=376457, avg=115.30, stdev=1482.36
    clat percentiles (usec):
     |  1.00th=[   51],  5.00th=[   57], 10.00th=[   61], 20.00th=[   65],
     | 30.00th=[   70], 40.00th=[   74], 50.00th=[   79], 60.00th=[   84],
     | 70.00th=[   92], 80.00th=[  106], 90.00th=[  239], 95.00th=[  326],
     | 99.00th=[  445], 99.50th=[  490], 99.90th=[  586], 99.95th=[  627],
     | 99.99th=[  832]
   bw (  KiB/s): min=44352, max=456704, per=2.20%, avg=276059.61, stdev=103307.87, samples=239
   iops        : min= 1386, max=14272, avg=8626.86, stdev=3228.37, samples=239
  lat (usec)   : 50=0.92%, 100=76.18%, 250=13.54%, 500=8.94%, 750=0.41%
  lat (usec)   : 1000=0.01%
  lat (msec)   : 2=0.01%, 4=0.01%, 10=0.01%, 250=0.01%, 500=0.01%
  cpu          : usr=1.73%, sys=9.71%, ctx=1033449, majf=0, minf=81687
  IO depths    : 1=100.0%, 2=0.0%, 4=0.0%, 8=0.0%, 16=0.0%, 32=0.0%, >=64=0.0%
     submit    : 0=0.0%, 4=100.0%, 8=0.0%, 16=0.0%, 32=0.0%, 64=0.0%, >=64=0.0%
     complete  : 0=0.0%, 4=100.0%, 8=0.0%, 16=0.0%, 32=0.0%, 64=0.0%, >=64=0.0%
     issued rwts: total=0,1033394,0,0 short=0,0,0,0 dropped=0,0,0,0
     latency   : target=0, window=0, percentile=100.00%, depth=1
test_32kb_rwrite_5n6: (groupid=0, jobs=1): err= 0: pid=794924: Mon Sep  1 23:38:23 2025
  write: IOPS=8854, BW=277MiB/s (290MB/s)(32.4GiB/120001msec); 0 zone resets
    clat (usec): min=30, max=376298, avg=111.72, stdev=1461.36
     lat (usec): min=31, max=376298, avg=112.15, stdev=1461.37
    clat percentiles (usec):
     |  1.00th=[   50],  5.00th=[   57], 10.00th=[   60], 20.00th=[   65],
     | 30.00th=[   69], 40.00th=[   73], 50.00th=[   77], 60.00th=[   83],
     | 70.00th=[   90], 80.00th=[  102], 90.00th=[  219], 95.00th=[  314],
     | 99.00th=[  441], 99.50th=[  486], 99.90th=[  578], 99.95th=[  619],
     | 99.99th=[  799]
   bw (  KiB/s): min=45952, max=455552, per=2.26%, avg=283789.90, stdev=104571.40, samples=239
   iops        : min= 1436, max=14236, avg=8868.43, stdev=3267.85, samples=239
  lat (usec)   : 50=0.98%, 100=78.00%, 250=12.29%, 500=8.32%, 750=0.39%
  lat (usec)   : 1000=0.01%
  lat (msec)   : 2=0.01%, 4=0.01%, 10=0.01%, 250=0.01%, 500=0.01%
  cpu          : usr=1.79%, sys=9.46%, ctx=1062606, majf=0, minf=79179
  IO depths    : 1=100.0%, 2=0.0%, 4=0.0%, 8=0.0%, 16=0.0%, 32=0.0%, >=64=0.0%
     submit    : 0=0.0%, 4=100.0%, 8=0.0%, 16=0.0%, 32=0.0%, 64=0.0%, >=64=0.0%
     complete  : 0=0.0%, 4=100.0%, 8=0.0%, 16=0.0%, 32=0.0%, 64=0.0%, >=64=0.0%
     issued rwts: total=0,1062532,0,0 short=0,0,0,0 dropped=0,0,0,0
     latency   : target=0, window=0, percentile=100.00%, depth=1
test_32kb_rwrite_5n6: (groupid=0, jobs=1): err= 0: pid=794925: Mon Sep  1 23:38:23 2025
  write: IOPS=8787, BW=275MiB/s (288MB/s)(32.2GiB/120001msec); 0 zone resets
    clat (usec): min=32, max=376849, avg=112.51, stdev=1467.28
     lat (usec): min=32, max=376849, avg=113.01, stdev=1467.28
    clat percentiles (usec):
     |  1.00th=[   50],  5.00th=[   57], 10.00th=[   60], 20.00th=[   65],
     | 30.00th=[   69], 40.00th=[   73], 50.00th=[   78], 60.00th=[   83],
     | 70.00th=[   90], 80.00th=[  103], 90.00th=[  229], 95.00th=[  322],
     | 99.00th=[  445], 99.50th=[  490], 99.90th=[  586], 99.95th=[  619],
     | 99.99th=[  758]
   bw (  KiB/s): min=51776, max=455552, per=2.25%, avg=281375.59, stdev=103127.02, samples=239
   iops        : min= 1618, max=14236, avg=8792.98, stdev=3222.72, samples=239
  lat (usec)   : 50=0.94%, 100=77.78%, 250=12.31%, 500=8.55%, 750=0.41%
  lat (usec)   : 1000=0.01%
  lat (msec)   : 2=0.01%, 4=0.01%, 250=0.01%, 500=0.01%
  cpu          : usr=2.06%, sys=9.43%, ctx=1054550, majf=0, minf=75340
  IO depths    : 1=100.0%, 2=0.0%, 4=0.0%, 8=0.0%, 16=0.0%, 32=0.0%, >=64=0.0%
     submit    : 0=0.0%, 4=100.0%, 8=0.0%, 16=0.0%, 32=0.0%, 64=0.0%, >=64=0.0%
     complete  : 0=0.0%, 4=100.0%, 8=0.0%, 16=0.0%, 32=0.0%, 64=0.0%, >=64=0.0%
     issued rwts: total=0,1054507,0,0 short=0,0,0,0 dropped=0,0,0,0
     latency   : target=0, window=0, percentile=100.00%, depth=1
test_32kb_rwrite_5n6: (groupid=0, jobs=1): err= 0: pid=794926: Mon Sep  1 23:38:23 2025
  write: IOPS=8952, BW=280MiB/s (293MB/s)(32.8GiB/120001msec); 0 zone resets
    clat (usec): min=31, max=375938, avg=110.48, stdev=1452.94
     lat (usec): min=31, max=375938, avg=110.93, stdev=1452.95
    clat percentiles (usec):
     |  1.00th=[   50],  5.00th=[   57], 10.00th=[   60], 20.00th=[   65],
     | 30.00th=[   69], 40.00th=[   73], 50.00th=[   77], 60.00th=[   82],
     | 70.00th=[   89], 80.00th=[  101], 90.00th=[  198], 95.00th=[  310],
     | 99.00th=[  437], 99.50th=[  486], 99.90th=[  578], 99.95th=[  611],
     | 99.99th=[  766]
   bw (  KiB/s): min=39424, max=453696, per=2.29%, avg=286948.21, stdev=104190.69, samples=239
   iops        : min= 1232, max=14178, avg=8967.13, stdev=3255.96, samples=239
  lat (usec)   : 50=1.02%, 100=78.63%, 250=11.93%, 500=8.04%, 750=0.37%
  lat (usec)   : 1000=0.01%
  lat (msec)   : 2=0.01%, 4=0.01%, 250=0.01%, 500=0.01%
  cpu          : usr=1.87%, sys=9.61%, ctx=1074390, majf=0, minf=75507
  IO depths    : 1=100.0%, 2=0.0%, 4=0.0%, 8=0.0%, 16=0.0%, 32=0.0%, >=64=0.0%
     submit    : 0=0.0%, 4=100.0%, 8=0.0%, 16=0.0%, 32=0.0%, 64=0.0%, >=64=0.0%
     complete  : 0=0.0%, 4=100.0%, 8=0.0%, 16=0.0%, 32=0.0%, 64=0.0%, >=64=0.0%
     issued rwts: total=0,1074349,0,0 short=0,0,0,0 dropped=0,0,0,0
     latency   : target=0, window=0, percentile=100.00%, depth=1
test_32kb_rwrite_5n6: (groupid=0, jobs=1): err= 0: pid=794927: Mon Sep  1 23:38:23 2025
  write: IOPS=8812, BW=275MiB/s (289MB/s)(32.3GiB/120001msec); 0 zone resets
    clat (usec): min=31, max=376093, avg=112.19, stdev=1464.54
     lat (usec): min=31, max=376093, avg=112.65, stdev=1464.55
    clat percentiles (usec):
     |  1.00th=[   50],  5.00th=[   57], 10.00th=[   60], 20.00th=[   65],
     | 30.00th=[   69], 40.00th=[   73], 50.00th=[   78], 60.00th=[   83],
     | 70.00th=[   90], 80.00th=[  102], 90.00th=[  223], 95.00th=[  318],
     | 99.00th=[  445], 99.50th=[  490], 99.90th=[  586], 99.95th=[  619],
     | 99.99th=[  775]
   bw (  KiB/s): min=35840, max=461312, per=2.26%, avg=282578.36, stdev=102427.50, samples=239
   iops        : min= 1120, max=14418, avg=8830.57, stdev=3200.86, samples=239
  lat (usec)   : 50=0.96%, 100=77.95%, 250=12.27%, 500=8.40%, 750=0.42%
  lat (usec)   : 1000=0.01%
  lat (msec)   : 2=0.01%, 4=0.01%, 250=0.01%, 500=0.01%
  cpu          : usr=1.86%, sys=9.69%, ctx=1057604, majf=0, minf=84102
  IO depths    : 1=100.0%, 2=0.0%, 4=0.0%, 8=0.0%, 16=0.0%, 32=0.0%, >=64=0.0%
     submit    : 0=0.0%, 4=100.0%, 8=0.0%, 16=0.0%, 32=0.0%, 64=0.0%, >=64=0.0%
     complete  : 0=0.0%, 4=100.0%, 8=0.0%, 16=0.0%, 32=0.0%, 64=0.0%, >=64=0.0%
     issued rwts: total=0,1057533,0,0 short=0,0,0,0 dropped=0,0,0,0
     latency   : target=0, window=0, percentile=100.00%, depth=1
test_32kb_rwrite_5n6: (groupid=0, jobs=1): err= 0: pid=794928: Mon Sep  1 23:38:23 2025
  write: IOPS=8696, BW=272MiB/s (285MB/s)(31.8GiB/120001msec); 0 zone resets
    clat (usec): min=31, max=376283, avg=113.77, stdev=1476.84
     lat (usec): min=32, max=376284, avg=114.18, stdev=1476.85
    clat percentiles (usec):
     |  1.00th=[   50],  5.00th=[   56], 10.00th=[   60], 20.00th=[   64],
     | 30.00th=[   69], 40.00th=[   73], 50.00th=[   77], 60.00th=[   83],
     | 70.00th=[   90], 80.00th=[  103], 90.00th=[  241], 95.00th=[  326],
     | 99.00th=[  449], 99.50th=[  498], 99.90th=[  586], 99.95th=[  627],
     | 99.99th=[  758]
   bw (  KiB/s): min=43584, max=462208, per=2.22%, avg=278720.75, stdev=106038.87, samples=239
   iops        : min= 1362, max=14444, avg=8710.02, stdev=3313.71, samples=239
  lat (usec)   : 50=1.10%, 100=77.26%, 250=12.21%, 500=8.96%, 750=0.47%
  lat (usec)   : 1000=0.01%
  lat (msec)   : 2=0.01%, 4=0.01%, 250=0.01%, 500=0.01%
  cpu          : usr=1.78%, sys=9.05%, ctx=1043640, majf=0, minf=74721
  IO depths    : 1=100.0%, 2=0.0%, 4=0.0%, 8=0.0%, 16=0.0%, 32=0.0%, >=64=0.0%
     submit    : 0=0.0%, 4=100.0%, 8=0.0%, 16=0.0%, 32=0.0%, 64=0.0%, >=64=0.0%
     complete  : 0=0.0%, 4=100.0%, 8=0.0%, 16=0.0%, 32=0.0%, 64=0.0%, >=64=0.0%
     issued rwts: total=0,1043587,0,0 short=0,0,0,0 dropped=0,0,0,0
     latency   : target=0, window=0, percentile=100.00%, depth=1
test_32kb_rwrite_5n7: (groupid=0, jobs=1): err= 0: pid=794929: Mon Sep  1 23:38:23 2025
  write: IOPS=8717, BW=272MiB/s (286MB/s)(31.9GiB/120001msec); 0 zone resets
    clat (usec): min=32, max=375824, avg=113.46, stdev=1474.00
     lat (usec): min=32, max=375824, avg=113.91, stdev=1474.01
    clat percentiles (usec):
     |  1.00th=[   51],  5.00th=[   57], 10.00th=[   60], 20.00th=[   65],
     | 30.00th=[   70], 40.00th=[   74], 50.00th=[   78], 60.00th=[   83],
     | 70.00th=[   90], 80.00th=[  104], 90.00th=[  235], 95.00th=[  322],
     | 99.00th=[  445], 99.50th=[  494], 99.90th=[  578], 99.95th=[  619],
     | 99.99th=[  766]
   bw (  KiB/s): min=41792, max=455552, per=2.23%, avg=279738.62, stdev=106527.71, samples=239
   iops        : min= 1306, max=14236, avg=8741.83, stdev=3328.99, samples=239
  lat (usec)   : 50=0.88%, 100=77.27%, 250=12.75%, 500=8.66%, 750=0.43%
  lat (usec)   : 1000=0.01%
  lat (msec)   : 2=0.01%, 4=0.01%, 10=0.01%, 250=0.01%, 500=0.01%
  cpu          : usr=1.77%, sys=9.57%, ctx=1046182, majf=0, minf=76498
  IO depths    : 1=100.0%, 2=0.0%, 4=0.0%, 8=0.0%, 16=0.0%, 32=0.0%, >=64=0.0%
     submit    : 0=0.0%, 4=100.0%, 8=0.0%, 16=0.0%, 32=0.0%, 64=0.0%, >=64=0.0%
     complete  : 0=0.0%, 4=100.0%, 8=0.0%, 16=0.0%, 32=0.0%, 64=0.0%, >=64=0.0%
     issued rwts: total=0,1046127,0,0 short=0,0,0,0 dropped=0,0,0,0
     latency   : target=0, window=0, percentile=100.00%, depth=1
test_32kb_rwrite_5n7: (groupid=0, jobs=1): err= 0: pid=794930: Mon Sep  1 23:38:23 2025
  write: IOPS=8790, BW=275MiB/s (288MB/s)(32.2GiB/120001msec); 0 zone resets
    clat (usec): min=32, max=376073, avg=112.60, stdev=1466.15
     lat (usec): min=32, max=376073, avg=112.99, stdev=1466.15
    clat percentiles (usec):
     |  1.00th=[   51],  5.00th=[   57], 10.00th=[   61], 20.00th=[   65],
     | 30.00th=[   70], 40.00th=[   74], 50.00th=[   78], 60.00th=[   83],
     | 70.00th=[   90], 80.00th=[  102], 90.00th=[  217], 95.00th=[  318],
     | 99.00th=[  449], 99.50th=[  498], 99.90th=[  586], 99.95th=[  627],
     | 99.99th=[  816]
   bw (  KiB/s): min=37184, max=454208, per=2.25%, avg=281903.08, stdev=103109.20, samples=239
   iops        : min= 1162, max=14194, avg=8809.46, stdev=3222.16, samples=239
  lat (usec)   : 50=0.77%, 100=77.92%, 250=12.57%, 500=8.24%, 750=0.48%
  lat (usec)   : 1000=0.01%
  lat (msec)   : 2=0.01%, 4=0.01%, 250=0.01%, 500=0.01%
  cpu          : usr=1.62%, sys=9.84%, ctx=1054911, majf=0, minf=75278
  IO depths    : 1=100.0%, 2=0.0%, 4=0.0%, 8=0.0%, 16=0.0%, 32=0.0%, >=64=0.0%
     submit    : 0=0.0%, 4=100.0%, 8=0.0%, 16=0.0%, 32=0.0%, 64=0.0%, >=64=0.0%
     complete  : 0=0.0%, 4=100.0%, 8=0.0%, 16=0.0%, 32=0.0%, 64=0.0%, >=64=0.0%
     issued rwts: total=0,1054870,0,0 short=0,0,0,0 dropped=0,0,0,0
     latency   : target=0, window=0, percentile=100.00%, depth=1
test_32kb_rwrite_5n7: (groupid=0, jobs=1): err= 0: pid=794931: Mon Sep  1 23:38:23 2025
  write: IOPS=8670, BW=271MiB/s (284MB/s)(31.8GiB/120001msec); 0 zone resets
    clat (usec): min=32, max=376291, avg=114.07, stdev=1477.35
     lat (usec): min=32, max=376291, avg=114.53, stdev=1477.35
    clat percentiles (usec):
     |  1.00th=[   51],  5.00th=[   57], 10.00th=[   61], 20.00th=[   65],
     | 30.00th=[   70], 40.00th=[   74], 50.00th=[   78], 60.00th=[   84],
     | 70.00th=[   91], 80.00th=[  105], 90.00th=[  233], 95.00th=[  322],
     | 99.00th=[  449], 99.50th=[  494], 99.90th=[  578], 99.95th=[  619],
     | 99.99th=[  758]
   bw (  KiB/s): min=39744, max=454720, per=2.22%, avg=278102.10, stdev=104964.65, samples=239
   iops        : min= 1242, max=14210, avg=8690.69, stdev=3280.14, samples=239
  lat (usec)   : 50=0.79%, 100=76.86%, 250=13.24%, 500=8.66%, 750=0.43%
  lat (usec)   : 1000=0.01%
  lat (msec)   : 2=0.01%, 4=0.01%, 250=0.01%, 500=0.01%
  cpu          : usr=1.80%, sys=9.68%, ctx=1040563, majf=0, minf=77559
  IO depths    : 1=100.0%, 2=0.0%, 4=0.0%, 8=0.0%, 16=0.0%, 32=0.0%, >=64=0.0%
     submit    : 0=0.0%, 4=100.0%, 8=0.0%, 16=0.0%, 32=0.0%, 64=0.0%, >=64=0.0%
     complete  : 0=0.0%, 4=100.0%, 8=0.0%, 16=0.0%, 32=0.0%, 64=0.0%, >=64=0.0%
     issued rwts: total=0,1040509,0,0 short=0,0,0,0 dropped=0,0,0,0
     latency   : target=0, window=0, percentile=100.00%, depth=1
test_32kb_rwrite_5n7: (groupid=0, jobs=1): err= 0: pid=794932: Mon Sep  1 23:38:23 2025
  write: IOPS=8703, BW=272MiB/s (285MB/s)(31.9GiB/120001msec); 0 zone resets
    clat (usec): min=31, max=376052, avg=113.65, stdev=1473.64
     lat (usec): min=31, max=376052, avg=114.11, stdev=1473.65
    clat percentiles (usec):
     |  1.00th=[   51],  5.00th=[   57], 10.00th=[   60], 20.00th=[   65],
     | 30.00th=[   69], 40.00th=[   73], 50.00th=[   78], 60.00th=[   83],
     | 70.00th=[   90], 80.00th=[  103], 90.00th=[  237], 95.00th=[  326],
     | 99.00th=[  449], 99.50th=[  494], 99.90th=[  578], 99.95th=[  619],
     | 99.99th=[  766]
   bw (  KiB/s): min=45120, max=452096, per=2.23%, avg=279074.69, stdev=103233.30, samples=239
   iops        : min= 1410, max=14128, avg=8721.07, stdev=3226.04, samples=239
  lat (usec)   : 50=0.87%, 100=77.51%, 250=12.39%, 500=8.77%, 750=0.45%
  lat (usec)   : 1000=0.01%
  lat (msec)   : 2=0.01%, 4=0.01%, 250=0.01%, 500=0.01%
  cpu          : usr=1.86%, sys=9.55%, ctx=1044463, majf=0, minf=75364
  IO depths    : 1=100.0%, 2=0.0%, 4=0.0%, 8=0.0%, 16=0.0%, 32=0.0%, >=64=0.0%
     submit    : 0=0.0%, 4=100.0%, 8=0.0%, 16=0.0%, 32=0.0%, 64=0.0%, >=64=0.0%
     complete  : 0=0.0%, 4=100.0%, 8=0.0%, 16=0.0%, 32=0.0%, 64=0.0%, >=64=0.0%
     issued rwts: total=0,1044414,0,0 short=0,0,0,0 dropped=0,0,0,0
     latency   : target=0, window=0, percentile=100.00%, depth=1
test_32kb_rwrite_5n7: (groupid=0, jobs=1): err= 0: pid=794933: Mon Sep  1 23:38:23 2025
  write: IOPS=8626, BW=270MiB/s (283MB/s)(31.6GiB/120001msec); 0 zone resets
    clat (usec): min=31, max=375982, avg=114.57, stdev=1479.76
     lat (usec): min=31, max=375983, avg=115.07, stdev=1479.76
    clat percentiles (usec):
     |  1.00th=[   51],  5.00th=[   57], 10.00th=[   60], 20.00th=[   65],
     | 30.00th=[   70], 40.00th=[   74], 50.00th=[   78], 60.00th=[   83],
     | 70.00th=[   91], 80.00th=[  104], 90.00th=[  239], 95.00th=[  326],
     | 99.00th=[  453], 99.50th=[  502], 99.90th=[  586], 99.95th=[  635],
     | 99.99th=[  816]
   bw (  KiB/s): min=44672, max=456064, per=2.21%, avg=276446.97, stdev=107906.21, samples=239
   iops        : min= 1396, max=14252, avg=8638.95, stdev=3372.05, samples=239
  lat (usec)   : 50=0.86%, 100=76.92%, 250=12.86%, 500=8.84%, 750=0.49%
  lat (usec)   : 1000=0.01%
  lat (msec)   : 2=0.01%, 4=0.01%, 250=0.01%, 500=0.01%
  cpu          : usr=1.97%, sys=9.51%, ctx=1035224, majf=0, minf=82409
  IO depths    : 1=100.0%, 2=0.0%, 4=0.0%, 8=0.0%, 16=0.0%, 32=0.0%, >=64=0.0%
     submit    : 0=0.0%, 4=100.0%, 8=0.0%, 16=0.0%, 32=0.0%, 64=0.0%, >=64=0.0%
     complete  : 0=0.0%, 4=100.0%, 8=0.0%, 16=0.0%, 32=0.0%, 64=0.0%, >=64=0.0%
     issued rwts: total=0,1035155,0,0 short=0,0,0,0 dropped=0,0,0,0
     latency   : target=0, window=0, percentile=100.00%, depth=1
test_32kb_rwrite_5n8: (groupid=0, jobs=1): err= 0: pid=794934: Mon Sep  1 23:38:23 2025
  write: IOPS=8549, BW=267MiB/s (280MB/s)(31.3GiB/120001msec); 0 zone resets
    clat (usec): min=33, max=376547, avg=115.87, stdev=1486.80
     lat (usec): min=33, max=376547, avg=116.26, stdev=1486.81
    clat percentiles (usec):
     |  1.00th=[   51],  5.00th=[   58], 10.00th=[   61], 20.00th=[   67],
     | 30.00th=[   71], 40.00th=[   75], 50.00th=[   79], 60.00th=[   85],
     | 70.00th=[   92], 80.00th=[  106], 90.00th=[  241], 95.00th=[  330],
     | 99.00th=[  453], 99.50th=[  502], 99.90th=[  594], 99.95th=[  627],
     | 99.99th=[  816]
   bw (  KiB/s): min=32256, max=449600, per=2.19%, avg=274244.49, stdev=104427.77, samples=239
   iops        : min= 1008, max=14050, avg=8570.13, stdev=3263.36, samples=239
  lat (usec)   : 50=0.72%, 100=76.13%, 250=13.68%, 500=8.96%, 750=0.50%
  lat (usec)   : 1000=0.01%
  lat (msec)   : 2=0.01%, 4=0.01%, 250=0.01%, 500=0.01%
  cpu          : usr=1.69%, sys=9.58%, ctx=1026027, majf=0, minf=30972
  IO depths    : 1=100.0%, 2=0.0%, 4=0.0%, 8=0.0%, 16=0.0%, 32=0.0%, >=64=0.0%
     submit    : 0=0.0%, 4=100.0%, 8=0.0%, 16=0.0%, 32=0.0%, 64=0.0%, >=64=0.0%
     complete  : 0=0.0%, 4=100.0%, 8=0.0%, 16=0.0%, 32=0.0%, 64=0.0%, >=64=0.0%
     issued rwts: total=0,1025998,0,0 short=0,0,0,0 dropped=0,0,0,0
     latency   : target=0, window=0, percentile=100.00%, depth=1
test_32kb_rwrite_5n8: (groupid=0, jobs=1): err= 0: pid=794935: Mon Sep  1 23:38:23 2025
  write: IOPS=8509, BW=266MiB/s (279MB/s)(31.2GiB/120001msec); 0 zone resets
    clat (usec): min=32, max=375783, avg=116.21, stdev=1489.72
     lat (usec): min=32, max=375783, avg=116.71, stdev=1489.73
    clat percentiles (usec):
     |  1.00th=[   51],  5.00th=[   57], 10.00th=[   61], 20.00th=[   66],
     | 30.00th=[   70], 40.00th=[   74], 50.00th=[   79], 60.00th=[   85],
     | 70.00th=[   92], 80.00th=[  108], 90.00th=[  245], 95.00th=[  330],
     | 99.00th=[  449], 99.50th=[  494], 99.90th=[  586], 99.95th=[  627],
     | 99.99th=[  832]
   bw (  KiB/s): min=38656, max=448448, per=2.18%, avg=272946.94, stdev=105063.72, samples=239
   iops        : min= 1208, max=14014, avg=8529.59, stdev=3283.24, samples=239
  lat (usec)   : 50=0.76%, 100=75.81%, 250=13.77%, 500=9.20%, 750=0.45%
  lat (usec)   : 1000=0.01%
  lat (msec)   : 2=0.01%, 4=0.01%, 10=0.01%, 250=0.01%, 500=0.01%
  cpu          : usr=1.91%, sys=9.37%, ctx=1021142, majf=0, minf=73743
  IO depths    : 1=100.0%, 2=0.0%, 4=0.0%, 8=0.0%, 16=0.0%, 32=0.0%, >=64=0.0%
     submit    : 0=0.0%, 4=100.0%, 8=0.0%, 16=0.0%, 32=0.0%, 64=0.0%, >=64=0.0%
     complete  : 0=0.0%, 4=100.0%, 8=0.0%, 16=0.0%, 32=0.0%, 64=0.0%, >=64=0.0%
     issued rwts: total=0,1021092,0,0 short=0,0,0,0 dropped=0,0,0,0
     latency   : target=0, window=0, percentile=100.00%, depth=1
test_32kb_rwrite_5n8: (groupid=0, jobs=1): err= 0: pid=794936: Mon Sep  1 23:38:23 2025
  write: IOPS=8630, BW=270MiB/s (283MB/s)(31.6GiB/120001msec); 0 zone resets
    clat (usec): min=32, max=376561, avg=114.64, stdev=1480.06
     lat (usec): min=32, max=376562, avg=115.06, stdev=1480.07
    clat percentiles (usec):
     |  1.00th=[   51],  5.00th=[   57], 10.00th=[   61], 20.00th=[   66],
     | 30.00th=[   70], 40.00th=[   74], 50.00th=[   79], 60.00th=[   84],
     | 70.00th=[   92], 80.00th=[  105], 90.00th=[  235], 95.00th=[  326],
     | 99.00th=[  449], 99.50th=[  494], 99.90th=[  586], 99.95th=[  627],
     | 99.99th=[  783]
   bw (  KiB/s): min=46144, max=450752, per=2.21%, avg=276850.88, stdev=101789.01, samples=239
   iops        : min= 1442, max=14086, avg=8651.58, stdev=3180.90, samples=239
  lat (usec)   : 50=0.77%, 100=76.56%, 250=13.48%, 500=8.73%, 750=0.45%
  lat (usec)   : 1000=0.01%
  lat (msec)   : 2=0.01%, 4=0.01%, 250=0.01%, 500=0.01%
  cpu          : usr=1.75%, sys=9.61%, ctx=1035732, majf=0, minf=78310
  IO depths    : 1=100.0%, 2=0.0%, 4=0.0%, 8=0.0%, 16=0.0%, 32=0.0%, >=64=0.0%
     submit    : 0=0.0%, 4=100.0%, 8=0.0%, 16=0.0%, 32=0.0%, 64=0.0%, >=64=0.0%
     complete  : 0=0.0%, 4=100.0%, 8=0.0%, 16=0.0%, 32=0.0%, 64=0.0%, >=64=0.0%
     issued rwts: total=0,1035682,0,0 short=0,0,0,0 dropped=0,0,0,0
     latency   : target=0, window=0, percentile=100.00%, depth=1
test_32kb_rwrite_5n8: (groupid=0, jobs=1): err= 0: pid=794937: Mon Sep  1 23:38:23 2025
  write: IOPS=8630, BW=270MiB/s (283MB/s)(31.6GiB/120001msec); 0 zone resets
    clat (usec): min=31, max=376453, avg=114.65, stdev=1480.62
     lat (usec): min=32, max=376454, avg=115.08, stdev=1480.63
    clat percentiles (usec):
     |  1.00th=[   51],  5.00th=[   58], 10.00th=[   61], 20.00th=[   66],
     | 30.00th=[   70], 40.00th=[   75], 50.00th=[   79], 60.00th=[   84],
     | 70.00th=[   91], 80.00th=[  104], 90.00th=[  237], 95.00th=[  326],
     | 99.00th=[  449], 99.50th=[  498], 99.90th=[  586], 99.95th=[  627],
     | 99.99th=[  807]
   bw (  KiB/s): min=40320, max=446464, per=2.21%, avg=276663.50, stdev=101806.57, samples=239
   iops        : min= 1260, max=13952, avg=8645.72, stdev=3181.45, samples=239
  lat (usec)   : 50=0.78%, 100=76.84%, 250=13.18%, 500=8.72%, 750=0.46%
  lat (usec)   : 1000=0.01%
  lat (msec)   : 2=0.01%, 4=0.01%, 250=0.01%, 500=0.01%
  cpu          : usr=1.72%, sys=9.66%, ctx=1035738, majf=0, minf=74102
  IO depths    : 1=100.0%, 2=0.0%, 4=0.0%, 8=0.0%, 16=0.0%, 32=0.0%, >=64=0.0%
     submit    : 0=0.0%, 4=100.0%, 8=0.0%, 16=0.0%, 32=0.0%, 64=0.0%, >=64=0.0%
     complete  : 0=0.0%, 4=100.0%, 8=0.0%, 16=0.0%, 32=0.0%, 64=0.0%, >=64=0.0%
     issued rwts: total=0,1035696,0,0 short=0,0,0,0 dropped=0,0,0,0
     latency   : target=0, window=0, percentile=100.00%, depth=1
test_32kb_rwrite_5n8: (groupid=0, jobs=1): err= 0: pid=794938: Mon Sep  1 23:38:23 2025
  write: IOPS=8509, BW=266MiB/s (279MB/s)(31.2GiB/120001msec); 0 zone resets
    clat (usec): min=33, max=376958, avg=116.34, stdev=1488.87
     lat (usec): min=33, max=376958, avg=116.73, stdev=1488.87
    clat percentiles (usec):
     |  1.00th=[   52],  5.00th=[   58], 10.00th=[   61], 20.00th=[   67],
     | 30.00th=[   71], 40.00th=[   75], 50.00th=[   80], 60.00th=[   85],
     | 70.00th=[   93], 80.00th=[  108], 90.00th=[  243], 95.00th=[  330],
     | 99.00th=[  453], 99.50th=[  498], 99.90th=[  594], 99.95th=[  627],
     | 99.99th=[  775]
   bw (  KiB/s): min=43328, max=452224, per=2.17%, avg=272446.78, stdev=106364.99, samples=239
   iops        : min= 1354, max=14132, avg=8513.95, stdev=3323.90, samples=239
  lat (usec)   : 50=0.67%, 100=75.76%, 250=14.01%, 500=9.07%, 750=0.48%
  lat (usec)   : 1000=0.01%
  lat (msec)   : 2=0.01%, 4=0.01%, 250=0.01%, 500=0.01%
  cpu          : usr=1.65%, sys=9.52%, ctx=1021231, majf=0, minf=73362
  IO depths    : 1=100.0%, 2=0.0%, 4=0.0%, 8=0.0%, 16=0.0%, 32=0.0%, >=64=0.0%
     submit    : 0=0.0%, 4=100.0%, 8=0.0%, 16=0.0%, 32=0.0%, 64=0.0%, >=64=0.0%
     complete  : 0=0.0%, 4=100.0%, 8=0.0%, 16=0.0%, 32=0.0%, 64=0.0%, >=64=0.0%
     issued rwts: total=0,1021172,0,0 short=0,0,0,0 dropped=0,0,0,0
     latency   : target=0, window=0, percentile=100.00%, depth=1
test_32kb_rwrite_5n9: (groupid=0, jobs=1): err= 0: pid=794939: Mon Sep  1 23:38:23 2025
  write: IOPS=8509, BW=266MiB/s (279MB/s)(31.2GiB/120001msec); 0 zone resets
    clat (usec): min=31, max=376062, avg=116.23, stdev=1491.59
     lat (usec): min=31, max=376063, avg=116.69, stdev=1491.60
    clat percentiles (usec):
     |  1.00th=[   51],  5.00th=[   58], 10.00th=[   61], 20.00th=[   66],
     | 30.00th=[   70], 40.00th=[   75], 50.00th=[   79], 60.00th=[   85],
     | 70.00th=[   92], 80.00th=[  108], 90.00th=[  243], 95.00th=[  330],
     | 99.00th=[  453], 99.50th=[  498], 99.90th=[  586], 99.95th=[  627],
     | 99.99th=[  791]
   bw (  KiB/s): min=45952, max=450880, per=2.18%, avg=273019.86, stdev=104102.18, samples=239
   iops        : min= 1436, max=14090, avg=8531.86, stdev=3253.19, samples=239
  lat (usec)   : 50=0.69%, 100=75.85%, 250=13.88%, 500=9.08%, 750=0.48%
  lat (usec)   : 1000=0.01%
  lat (msec)   : 2=0.01%, 4=0.01%, 250=0.01%, 500=0.01%
  cpu          : usr=1.77%, sys=9.40%, ctx=1021242, majf=0, minf=77102
  IO depths    : 1=100.0%, 2=0.0%, 4=0.0%, 8=0.0%, 16=0.0%, 32=0.0%, >=64=0.0%
     submit    : 0=0.0%, 4=100.0%, 8=0.0%, 16=0.0%, 32=0.0%, 64=0.0%, >=64=0.0%
     complete  : 0=0.0%, 4=100.0%, 8=0.0%, 16=0.0%, 32=0.0%, 64=0.0%, >=64=0.0%
     issued rwts: total=0,1021192,0,0 short=0,0,0,0 dropped=0,0,0,0
     latency   : target=0, window=0, percentile=100.00%, depth=1
test_32kb_rwrite_5n9: (groupid=0, jobs=1): err= 0: pid=794940: Mon Sep  1 23:38:23 2025
  write: IOPS=8559, BW=267MiB/s (280MB/s)(31.3GiB/120001msec); 0 zone resets
    clat (usec): min=32, max=376290, avg=115.59, stdev=1487.28
     lat (usec): min=32, max=376290, avg=116.02, stdev=1487.29
    clat percentiles (usec):
     |  1.00th=[   51],  5.00th=[   58], 10.00th=[   61], 20.00th=[   66],
     | 30.00th=[   71], 40.00th=[   75], 50.00th=[   79], 60.00th=[   85],
     | 70.00th=[   92], 80.00th=[  106], 90.00th=[  241], 95.00th=[  326],
     | 99.00th=[  445], 99.50th=[  490], 99.90th=[  578], 99.95th=[  619],
     | 99.99th=[  799]
   bw (  KiB/s): min=39872, max=455040, per=2.19%, avg=274226.58, stdev=102179.30, samples=239
   iops        : min= 1246, max=14220, avg=8569.57, stdev=3193.10, samples=239
  lat (usec)   : 50=0.72%, 100=76.04%, 250=13.83%, 500=9.00%, 750=0.40%
  lat (usec)   : 1000=0.01%
  lat (msec)   : 2=0.01%, 4=0.01%, 250=0.01%, 500=0.01%
  cpu          : usr=1.72%, sys=9.63%, ctx=1027145, majf=0, minf=80931
  IO depths    : 1=100.0%, 2=0.0%, 4=0.0%, 8=0.0%, 16=0.0%, 32=0.0%, >=64=0.0%
     submit    : 0=0.0%, 4=100.0%, 8=0.0%, 16=0.0%, 32=0.0%, 64=0.0%, >=64=0.0%
     complete  : 0=0.0%, 4=100.0%, 8=0.0%, 16=0.0%, 32=0.0%, 64=0.0%, >=64=0.0%
     issued rwts: total=0,1027095,0,0 short=0,0,0,0 dropped=0,0,0,0
     latency   : target=0, window=0, percentile=100.00%, depth=1
test_32kb_rwrite_5n9: (groupid=0, jobs=1): err= 0: pid=794941: Mon Sep  1 23:38:23 2025
  write: IOPS=8687, BW=271MiB/s (285MB/s)(31.8GiB/120001msec); 0 zone resets
    clat (usec): min=32, max=376233, avg=113.87, stdev=1473.16
     lat (usec): min=33, max=376234, avg=114.33, stdev=1473.17
    clat percentiles (usec):
     |  1.00th=[   52],  5.00th=[   58], 10.00th=[   61], 20.00th=[   67],
     | 30.00th=[   71], 40.00th=[   75], 50.00th=[   79], 60.00th=[   84],
     | 70.00th=[   92], 80.00th=[  105], 90.00th=[  223], 95.00th=[  318],
     | 99.00th=[  445], 99.50th=[  494], 99.90th=[  586], 99.95th=[  619],
     | 99.99th=[  783]
   bw (  KiB/s): min=46336, max=447104, per=2.22%, avg=278470.35, stdev=100575.01, samples=239
   iops        : min= 1448, max=13972, avg=8702.18, stdev=3142.97, samples=239
  lat (usec)   : 50=0.68%, 100=76.80%, 250=13.67%, 500=8.41%, 750=0.43%
  lat (usec)   : 1000=0.01%
  lat (msec)   : 2=0.01%, 4=0.01%, 10=0.01%, 250=0.01%, 500=0.01%
  cpu          : usr=1.83%, sys=9.66%, ctx=1042493, majf=0, minf=76201
  IO depths    : 1=100.0%, 2=0.0%, 4=0.0%, 8=0.0%, 16=0.0%, 32=0.0%, >=64=0.0%
     submit    : 0=0.0%, 4=100.0%, 8=0.0%, 16=0.0%, 32=0.0%, 64=0.0%, >=64=0.0%
     complete  : 0=0.0%, 4=100.0%, 8=0.0%, 16=0.0%, 32=0.0%, 64=0.0%, >=64=0.0%
     issued rwts: total=0,1042451,0,0 short=0,0,0,0 dropped=0,0,0,0
     latency   : target=0, window=0, percentile=100.00%, depth=1
test_32kb_rwrite_5n9: (groupid=0, jobs=1): err= 0: pid=794942: Mon Sep  1 23:38:23 2025
  write: IOPS=8588, BW=268MiB/s (281MB/s)(31.5GiB/120001msec); 0 zone resets
    clat (usec): min=32, max=376665, avg=115.15, stdev=1483.28
     lat (usec): min=33, max=376665, avg=115.59, stdev=1483.29
    clat percentiles (usec):
     |  1.00th=[   52],  5.00th=[   58], 10.00th=[   61], 20.00th=[   67],
     | 30.00th=[   71], 40.00th=[   75], 50.00th=[   79], 60.00th=[   85],
     | 70.00th=[   92], 80.00th=[  105], 90.00th=[  237], 95.00th=[  326],
     | 99.00th=[  449], 99.50th=[  494], 99.90th=[  586], 99.95th=[  627],
     | 99.99th=[  775]
   bw (  KiB/s): min=37824, max=450624, per=2.20%, avg=275197.79, stdev=101758.94, samples=239
   iops        : min= 1182, max=14082, avg=8599.93, stdev=3179.96, samples=239
  lat (usec)   : 50=0.67%, 100=76.48%, 250=13.58%, 500=8.80%, 750=0.45%
  lat (usec)   : 1000=0.01%
  lat (msec)   : 2=0.01%, 4=0.01%, 250=0.01%, 500=0.01%
  cpu          : usr=1.77%, sys=9.70%, ctx=1030631, majf=0, minf=86106
  IO depths    : 1=100.0%, 2=0.0%, 4=0.0%, 8=0.0%, 16=0.0%, 32=0.0%, >=64=0.0%
     submit    : 0=0.0%, 4=100.0%, 8=0.0%, 16=0.0%, 32=0.0%, 64=0.0%, >=64=0.0%
     complete  : 0=0.0%, 4=100.0%, 8=0.0%, 16=0.0%, 32=0.0%, 64=0.0%, >=64=0.0%
     issued rwts: total=0,1030577,0,0 short=0,0,0,0 dropped=0,0,0,0
     latency   : target=0, window=0, percentile=100.00%, depth=1
test_32kb_rwrite_5n9: (groupid=0, jobs=1): err= 0: pid=794943: Mon Sep  1 23:38:23 2025
  write: IOPS=8489, BW=265MiB/s (278MB/s)(31.1GiB/120001msec); 0 zone resets
    clat (usec): min=32, max=376668, avg=116.55, stdev=1494.35
     lat (usec): min=32, max=376669, avg=116.99, stdev=1494.36
    clat percentiles (usec):
     |  1.00th=[   51],  5.00th=[   57], 10.00th=[   61], 20.00th=[   66],
     | 30.00th=[   70], 40.00th=[   75], 50.00th=[   79], 60.00th=[   85],
     | 70.00th=[   92], 80.00th=[  108], 90.00th=[  245], 95.00th=[  330],
     | 99.00th=[  449], 99.50th=[  498], 99.90th=[  586], 99.95th=[  627],
     | 99.99th=[  799]
   bw (  KiB/s): min=47936, max=450688, per=2.17%, avg=272254.95, stdev=104360.56, samples=239
   iops        : min= 1498, max=14084, avg=8507.95, stdev=3261.27, samples=239
  lat (usec)   : 50=0.82%, 100=75.61%, 250=13.84%, 500=9.26%, 750=0.46%
  lat (usec)   : 1000=0.01%
  lat (msec)   : 2=0.01%, 4=0.01%, 10=0.01%, 250=0.01%, 500=0.01%
  cpu          : usr=1.82%, sys=9.34%, ctx=1018740, majf=0, minf=74775
  IO depths    : 1=100.0%, 2=0.0%, 4=0.0%, 8=0.0%, 16=0.0%, 32=0.0%, >=64=0.0%
     submit    : 0=0.0%, 4=100.0%, 8=0.0%, 16=0.0%, 32=0.0%, 64=0.0%, >=64=0.0%
     complete  : 0=0.0%, 4=100.0%, 8=0.0%, 16=0.0%, 32=0.0%, 64=0.0%, >=64=0.0%
     issued rwts: total=0,1018699,0,0 short=0,0,0,0 dropped=0,0,0,0
     latency   : target=0, window=0, percentile=100.00%, depth=1
test_32kb_rwrite_5n10: (groupid=0, jobs=1): err= 0: pid=794944: Mon Sep  1 23:38:23 2025
  write: IOPS=8742, BW=273MiB/s (286MB/s)(32.0GiB/120001msec); 0 zone resets
    clat (usec): min=32, max=375948, avg=113.13, stdev=1470.50
     lat (usec): min=32, max=375949, avg=113.59, stdev=1470.50
    clat percentiles (usec):
     |  1.00th=[   51],  5.00th=[   57], 10.00th=[   61], 20.00th=[   66],
     | 30.00th=[   70], 40.00th=[   74], 50.00th=[   78], 60.00th=[   84],
     | 70.00th=[   91], 80.00th=[  103], 90.00th=[  225], 95.00th=[  318],
     | 99.00th=[  445], 99.50th=[  494], 99.90th=[  586], 99.95th=[  619],
     | 99.99th=[  758]
   bw (  KiB/s): min=37248, max=453056, per=2.24%, avg=280501.33, stdev=102230.33, samples=239
   iops        : min= 1164, max=14158, avg=8765.67, stdev=3194.70, samples=239
  lat (usec)   : 50=0.75%, 100=77.58%, 250=12.80%, 500=8.43%, 750=0.43%
  lat (usec)   : 1000=0.01%
  lat (msec)   : 2=0.01%, 4=0.01%, 250=0.01%, 500=0.01%
  cpu          : usr=1.84%, sys=9.47%, ctx=1049179, majf=0, minf=76151
  IO depths    : 1=100.0%, 2=0.0%, 4=0.0%, 8=0.0%, 16=0.0%, 32=0.0%, >=64=0.0%
     submit    : 0=0.0%, 4=100.0%, 8=0.0%, 16=0.0%, 32=0.0%, 64=0.0%, >=64=0.0%
     complete  : 0=0.0%, 4=100.0%, 8=0.0%, 16=0.0%, 32=0.0%, 64=0.0%, >=64=0.0%
     issued rwts: total=0,1049131,0,0 short=0,0,0,0 dropped=0,0,0,0
     latency   : target=0, window=0, percentile=100.00%, depth=1
test_32kb_rwrite_5n10: (groupid=0, jobs=1): err= 0: pid=794945: Mon Sep  1 23:38:23 2025
  write: IOPS=8712, BW=272MiB/s (285MB/s)(31.9GiB/120001msec); 0 zone resets
    clat (usec): min=32, max=376914, avg=113.57, stdev=1474.36
     lat (usec): min=32, max=376915, avg=114.01, stdev=1474.36
    clat percentiles (usec):
     |  1.00th=[   51],  5.00th=[   58], 10.00th=[   61], 20.00th=[   66],
     | 30.00th=[   70], 40.00th=[   74], 50.00th=[   79], 60.00th=[   84],
     | 70.00th=[   91], 80.00th=[  104], 90.00th=[  219], 95.00th=[  322],
     | 99.00th=[  445], 99.50th=[  494], 99.90th=[  586], 99.95th=[  627],
     | 99.99th=[  816]
   bw (  KiB/s): min=43712, max=450944, per=2.23%, avg=279398.95, stdev=102676.66, samples=239
   iops        : min= 1366, max=14092, avg=8731.21, stdev=3208.64, samples=239
  lat (usec)   : 50=0.74%, 100=76.99%, 250=13.46%, 500=8.36%, 750=0.44%
  lat (usec)   : 1000=0.01%
  lat (msec)   : 2=0.01%, 4=0.01%, 10=0.01%, 250=0.01%, 500=0.01%
  cpu          : usr=1.67%, sys=9.84%, ctx=1045552, majf=0, minf=74142
  IO depths    : 1=100.0%, 2=0.0%, 4=0.0%, 8=0.0%, 16=0.0%, 32=0.0%, >=64=0.0%
     submit    : 0=0.0%, 4=100.0%, 8=0.0%, 16=0.0%, 32=0.0%, 64=0.0%, >=64=0.0%
     complete  : 0=0.0%, 4=100.0%, 8=0.0%, 16=0.0%, 32=0.0%, 64=0.0%, >=64=0.0%
     issued rwts: total=0,1045511,0,0 short=0,0,0,0 dropped=0,0,0,0
     latency   : target=0, window=0, percentile=100.00%, depth=1
test_32kb_rwrite_5n10: (groupid=0, jobs=1): err= 0: pid=794946: Mon Sep  1 23:38:23 2025
  write: IOPS=8654, BW=270MiB/s (284MB/s)(31.7GiB/120001msec); 0 zone resets
    clat (usec): min=32, max=376377, avg=114.38, stdev=1477.50
     lat (usec): min=32, max=376377, avg=114.77, stdev=1477.50
    clat percentiles (usec):
     |  1.00th=[   51],  5.00th=[   58], 10.00th=[   61], 20.00th=[   66],
     | 30.00th=[   71], 40.00th=[   75], 50.00th=[   79], 60.00th=[   84],
     | 70.00th=[   91], 80.00th=[  104], 90.00th=[  233], 95.00th=[  322],
     | 99.00th=[  449], 99.50th=[  494], 99.90th=[  586], 99.95th=[  619],
     | 99.99th=[  766]
   bw (  KiB/s): min=33728, max=447936, per=2.21%, avg=277329.59, stdev=104112.13, samples=239
   iops        : min= 1054, max=13998, avg=8666.54, stdev=3253.50, samples=239
  lat (usec)   : 50=0.71%, 100=76.88%, 250=13.32%, 500=8.61%, 750=0.46%
  lat (usec)   : 1000=0.01%
  lat (msec)   : 2=0.01%, 4=0.01%, 250=0.01%, 500=0.01%
  cpu          : usr=1.68%, sys=9.71%, ctx=1038573, majf=0, minf=73636
  IO depths    : 1=100.0%, 2=0.0%, 4=0.0%, 8=0.0%, 16=0.0%, 32=0.0%, >=64=0.0%
     submit    : 0=0.0%, 4=100.0%, 8=0.0%, 16=0.0%, 32=0.0%, 64=0.0%, >=64=0.0%
     complete  : 0=0.0%, 4=100.0%, 8=0.0%, 16=0.0%, 32=0.0%, 64=0.0%, >=64=0.0%
     issued rwts: total=0,1038525,0,0 short=0,0,0,0 dropped=0,0,0,0
     latency   : target=0, window=0, percentile=100.00%, depth=1
test_32kb_rwrite_5n10: (groupid=0, jobs=1): err= 0: pid=794947: Mon Sep  1 23:38:23 2025
  write: IOPS=8527, BW=266MiB/s (279MB/s)(31.2GiB/120001msec); 0 zone resets
    clat (usec): min=33, max=375878, avg=115.92, stdev=1488.84
     lat (usec): min=33, max=375879, avg=116.42, stdev=1488.85
    clat percentiles (usec):
     |  1.00th=[   51],  5.00th=[   57], 10.00th=[   61], 20.00th=[   66],
     | 30.00th=[   70], 40.00th=[   74], 50.00th=[   79], 60.00th=[   84],
     | 70.00th=[   92], 80.00th=[  106], 90.00th=[  245], 95.00th=[  330],
     | 99.00th=[  449], 99.50th=[  494], 99.90th=[  586], 99.95th=[  627],
     | 99.99th=[  766]
   bw (  KiB/s): min=46848, max=458624, per=2.18%, avg=273447.38, stdev=106060.29, samples=239
   iops        : min= 1464, max=14332, avg=8545.23, stdev=3314.39, samples=239
  lat (usec)   : 50=0.77%, 100=76.11%, 250=13.49%, 500=9.17%, 750=0.45%
  lat (usec)   : 1000=0.01%
  lat (msec)   : 2=0.01%, 4=0.01%, 250=0.01%, 500=0.01%
  cpu          : usr=1.92%, sys=9.42%, ctx=1023423, majf=0, minf=81289
  IO depths    : 1=100.0%, 2=0.0%, 4=0.0%, 8=0.0%, 16=0.0%, 32=0.0%, >=64=0.0%
     submit    : 0=0.0%, 4=100.0%, 8=0.0%, 16=0.0%, 32=0.0%, 64=0.0%, >=64=0.0%
     complete  : 0=0.0%, 4=100.0%, 8=0.0%, 16=0.0%, 32=0.0%, 64=0.0%, >=64=0.0%
     issued rwts: total=0,1023355,0,0 short=0,0,0,0 dropped=0,0,0,0
     latency   : target=0, window=0, percentile=100.00%, depth=1
test_32kb_rwrite_5n10: (groupid=0, jobs=1): err= 0: pid=794948: Mon Sep  1 23:38:23 2025
  write: IOPS=8713, BW=272MiB/s (286MB/s)(31.9GiB/120001msec); 0 zone resets
    clat (usec): min=32, max=376639, avg=113.57, stdev=1475.59
     lat (usec): min=32, max=376640, avg=113.97, stdev=1475.60
    clat percentiles (usec):
     |  1.00th=[   51],  5.00th=[   58], 10.00th=[   61], 20.00th=[   66],
     | 30.00th=[   70], 40.00th=[   74], 50.00th=[   79], 60.00th=[   84],
     | 70.00th=[   91], 80.00th=[  104], 90.00th=[  225], 95.00th=[  318],
     | 99.00th=[  445], 99.50th=[  490], 99.90th=[  586], 99.95th=[  619],
     | 99.99th=[  766]
   bw (  KiB/s): min=39936, max=449152, per=2.23%, avg=279238.85, stdev=101648.98, samples=239
   iops        : min= 1248, max=14036, avg=8726.21, stdev=3176.53, samples=239
  lat (usec)   : 50=0.77%, 100=77.09%, 250=13.26%, 500=8.44%, 750=0.43%
  lat (usec)   : 1000=0.01%
  lat (msec)   : 2=0.01%, 4=0.01%, 250=0.01%, 500=0.01%
  cpu          : usr=1.71%, sys=9.71%, ctx=1045687, majf=0, minf=82028
  IO depths    : 1=100.0%, 2=0.0%, 4=0.0%, 8=0.0%, 16=0.0%, 32=0.0%, >=64=0.0%
     submit    : 0=0.0%, 4=100.0%, 8=0.0%, 16=0.0%, 32=0.0%, 64=0.0%, >=64=0.0%
     complete  : 0=0.0%, 4=100.0%, 8=0.0%, 16=0.0%, 32=0.0%, 64=0.0%, >=64=0.0%
     issued rwts: total=0,1045625,0,0 short=0,0,0,0 dropped=0,0,0,0
     latency   : target=0, window=0, percentile=100.00%, depth=1
bursty: (groupid=0, jobs=1): err= 0: pid=794949: Mon Sep  1 23:38:23 2025
  write: IOPS=184, BW=738KiB/s (756kB/s)(86.5MiB/120001msec); 0 zone resets
    clat (usec): min=20, max=197119, avg=80.55, stdev=1326.30
     lat (usec): min=25, max=197244, avg=89.70, stdev=1327.47
    clat percentiles (usec):
     |  1.00th=[   28],  5.00th=[   33], 10.00th=[   36], 20.00th=[   40],
     | 30.00th=[   43], 40.00th=[   48], 50.00th=[   53], 60.00th=[   60],
     | 70.00th=[   68], 80.00th=[   78], 90.00th=[  103], 95.00th=[  180],
     | 99.00th=[  408], 99.50th=[  523], 99.90th=[  742], 99.95th=[  775],
     | 99.99th=[ 1037]
   bw (  KiB/s): min=   16, max=13336, per=0.05%, avg=6326.00, stdev=3758.54, samples=28
   iops        : min=    4, max= 3334, avg=1581.50, stdev=939.63, samples=28
  lat (usec)   : 50=45.34%, 100=44.05%, 250=6.71%, 500=3.38%, 750=0.44%
  lat (usec)   : 1000=0.06%
  lat (msec)   : 2=0.01%, 4=0.01%, 250=0.01%
  cpu          : usr=0.08%, sys=0.19%, ctx=22472, majf=0, minf=35074
  IO depths    : 1=100.0%, 2=0.0%, 4=0.0%, 8=0.0%, 16=0.0%, 32=0.0%, >=64=0.0%
     submit    : 0=0.0%, 4=100.0%, 8=0.0%, 16=0.0%, 32=0.0%, 64=0.0%, >=64=0.0%
     complete  : 0=0.0%, 4=100.0%, 8=0.0%, 16=0.0%, 32=0.0%, 64=0.0%, >=64=0.0%
     issued rwts: total=0,22141,0,0 short=0,0,0,0 dropped=0,0,0,0
     latency   : target=0, window=0, percentile=100.00%, depth=1
bursty: (groupid=0, jobs=1): err= 0: pid=794950: Mon Sep  1 23:38:23 2025
  write: IOPS=174, BW=698KiB/s (715kB/s)(81.8MiB/120001msec); 0 zone resets
    clat (usec): min=21, max=196243, avg=83.63, stdev=1357.72
     lat (usec): min=26, max=196372, avg=93.37, stdev=1359.00
    clat percentiles (usec):
     |  1.00th=[   29],  5.00th=[   34], 10.00th=[   36], 20.00th=[   40],
     | 30.00th=[   43], 40.00th=[   48], 50.00th=[   54], 60.00th=[   61],
     | 70.00th=[   69], 80.00th=[   80], 90.00th=[  111], 95.00th=[  223],
     | 99.00th=[  420], 99.50th=[  545], 99.90th=[  766], 99.95th=[  865],
     | 99.99th=[  988]
   bw (  KiB/s): min=   16, max=13312, per=0.05%, avg=5984.46, stdev=3659.94, samples=28
   iops        : min=    4, max= 3328, avg=1496.11, stdev=914.99, samples=28
  lat (usec)   : 50=44.47%, 100=43.72%, 250=7.40%, 500=3.78%, 750=0.50%
  lat (usec)   : 1000=0.12%
  lat (msec)   : 4=0.01%, 250=0.01%
  cpu          : usr=0.07%, sys=0.21%, ctx=21251, majf=0, minf=34063
  IO depths    : 1=100.0%, 2=0.0%, 4=0.0%, 8=0.0%, 16=0.0%, 32=0.0%, >=64=0.0%
     submit    : 0=0.0%, 4=100.0%, 8=0.0%, 16=0.0%, 32=0.0%, 64=0.0%, >=64=0.0%
     complete  : 0=0.0%, 4=100.0%, 8=0.0%, 16=0.0%, 32=0.0%, 64=0.0%, >=64=0.0%
     issued rwts: total=0,20945,0,0 short=0,0,0,0 dropped=0,0,0,0
     latency   : target=0, window=0, percentile=100.00%, depth=1
bursty: (groupid=0, jobs=1): err= 0: pid=794951: Mon Sep  1 23:38:23 2025
  write: IOPS=182, BW=730KiB/s (748kB/s)(85.6MiB/120001msec); 0 zone resets
    clat (usec): min=20, max=201700, avg=82.72, stdev=1364.53
     lat (usec): min=25, max=201838, avg=92.45, stdev=1365.77
    clat percentiles (usec):
     |  1.00th=[   26],  5.00th=[   33], 10.00th=[   36], 20.00th=[   39],
     | 30.00th=[   43], 40.00th=[   47], 50.00th=[   53], 60.00th=[   59],
     | 70.00th=[   68], 80.00th=[   79], 90.00th=[  105], 95.00th=[  239],
     | 99.00th=[  424], 99.50th=[  553], 99.90th=[  750], 99.95th=[  791],
     | 99.99th=[  938]
   bw (  KiB/s): min=   16, max=13811, per=0.05%, avg=6261.71, stdev=3858.39, samples=28
   iops        : min=    4, max= 3452, avg=1565.32, stdev=964.55, samples=28
  lat (usec)   : 50=46.03%, 100=43.11%, 250=6.15%, 500=4.10%, 750=0.51%
  lat (usec)   : 1000=0.08%
  lat (msec)   : 4=0.01%, 250=0.01%
  cpu          : usr=0.09%, sys=0.15%, ctx=22212, majf=0, minf=23571
  IO depths    : 1=100.0%, 2=0.0%, 4=0.0%, 8=0.0%, 16=0.0%, 32=0.0%, >=64=0.0%
     submit    : 0=0.0%, 4=100.0%, 8=0.0%, 16=0.0%, 32=0.0%, 64=0.0%, >=64=0.0%
     complete  : 0=0.0%, 4=100.0%, 8=0.0%, 16=0.0%, 32=0.0%, 64=0.0%, >=64=0.0%
     issued rwts: total=0,21907,0,0 short=0,0,0,0 dropped=0,0,0,0
     latency   : target=0, window=0, percentile=100.00%, depth=1
bursty: (groupid=0, jobs=1): err= 0: pid=794952: Mon Sep  1 23:38:23 2025
  write: IOPS=185, BW=741KiB/s (758kB/s)(86.8MiB/120001msec); 0 zone resets
    clat (usec): min=20, max=200985, avg=82.80, stdev=1349.98
     lat (usec): min=25, max=201112, avg=91.77, stdev=1351.10
    clat percentiles (usec):
     |  1.00th=[   28],  5.00th=[   34], 10.00th=[   36], 20.00th=[   40],
     | 30.00th=[   43], 40.00th=[   48], 50.00th=[   53], 60.00th=[   60],
     | 70.00th=[   69], 80.00th=[   80], 90.00th=[  112], 95.00th=[  217],
     | 99.00th=[  420], 99.50th=[  519], 99.90th=[  742], 99.95th=[  766],
     | 99.99th=[  889]
   bw (  KiB/s): min=   16, max=13888, per=0.05%, avg=6350.79, stdev=3830.99, samples=28
   iops        : min=    4, max= 3472, avg=1587.61, stdev=957.70, samples=28
  lat (usec)   : 50=44.97%, 100=42.97%, 250=7.71%, 500=3.82%, 750=0.45%
  lat (usec)   : 1000=0.08%
  lat (msec)   : 250=0.01%
  cpu          : usr=0.08%, sys=0.15%, ctx=22519, majf=0, minf=23797
  IO depths    : 1=100.0%, 2=0.0%, 4=0.0%, 8=0.0%, 16=0.0%, 32=0.0%, >=64=0.0%
     submit    : 0=0.0%, 4=100.0%, 8=0.0%, 16=0.0%, 32=0.0%, 64=0.0%, >=64=0.0%
     complete  : 0=0.0%, 4=100.0%, 8=0.0%, 16=0.0%, 32=0.0%, 64=0.0%, >=64=0.0%
     issued rwts: total=0,22218,0,0 short=0,0,0,0 dropped=0,0,0,0
     latency   : target=0, window=0, percentile=100.00%, depth=1
bursty: (groupid=0, jobs=1): err= 0: pid=794953: Mon Sep  1 23:38:23 2025
  write: IOPS=183, BW=732KiB/s (750kB/s)(85.8MiB/120001msec); 0 zone resets
    clat (usec): min=20, max=198344, avg=81.04, stdev=1339.95
     lat (usec): min=25, max=198450, avg=90.21, stdev=1340.96
    clat percentiles (usec):
     |  1.00th=[   27],  5.00th=[   33], 10.00th=[   36], 20.00th=[   39],
     | 30.00th=[   43], 40.00th=[   47], 50.00th=[   52], 60.00th=[   59],
     | 70.00th=[   67], 80.00th=[   77], 90.00th=[  102], 95.00th=[  217],
     | 99.00th=[  416], 99.50th=[  545], 99.90th=[  742], 99.95th=[  791],
     | 99.99th=[ 1778]
   bw (  KiB/s): min=   16, max=13848, per=0.05%, avg=6276.29, stdev=3754.50, samples=28
   iops        : min=    4, max= 3462, avg=1569.07, stdev=938.62, samples=28
  lat (usec)   : 50=46.98%, 100=42.66%, 250=6.10%, 500=3.70%, 750=0.50%
  lat (usec)   : 1000=0.06%
  lat (msec)   : 2=0.01%, 4=0.01%, 250=0.01%
  cpu          : usr=0.09%, sys=0.16%, ctx=22268, majf=0, minf=25620
  IO depths    : 1=100.0%, 2=0.0%, 4=0.0%, 8=0.0%, 16=0.0%, 32=0.0%, >=64=0.0%
     submit    : 0=0.0%, 4=100.0%, 8=0.0%, 16=0.0%, 32=0.0%, 64=0.0%, >=64=0.0%
     complete  : 0=0.0%, 4=100.0%, 8=0.0%, 16=0.0%, 32=0.0%, 64=0.0%, >=64=0.0%
     issued rwts: total=0,21967,0,0 short=0,0,0,0 dropped=0,0,0,0
     latency   : target=0, window=0, percentile=100.00%, depth=1
bursty: (groupid=0, jobs=1): err= 0: pid=794954: Mon Sep  1 23:38:23 2025
  write: IOPS=182, BW=731KiB/s (748kB/s)(85.6MiB/120001msec); 0 zone resets
    clat (usec): min=19, max=187688, avg=78.86, stdev=1269.14
     lat (usec): min=23, max=187750, avg=87.92, stdev=1269.87
    clat percentiles (usec):
     |  1.00th=[   27],  5.00th=[   33], 10.00th=[   36], 20.00th=[   39],
     | 30.00th=[   43], 40.00th=[   47], 50.00th=[   52], 60.00th=[   59],
     | 70.00th=[   67], 80.00th=[   77], 90.00th=[   98], 95.00th=[  172],
     | 99.00th=[  396], 99.50th=[  502], 99.90th=[  725], 99.95th=[  750],
     | 99.99th=[  857]
   bw (  KiB/s): min=   16, max=13288, per=0.05%, avg=6263.43, stdev=3675.66, samples=28
   iops        : min=    4, max= 3322, avg=1565.86, stdev=918.91, samples=28
  lat (usec)   : 20=0.01%, 50=45.86%, 100=44.57%, 250=5.79%, 500=3.27%
  lat (usec)   : 750=0.45%, 1000=0.05%
  lat (msec)   : 250=0.01%
  cpu          : usr=0.08%, sys=0.22%, ctx=22238, majf=0, minf=37638
  IO depths    : 1=100.0%, 2=0.0%, 4=0.0%, 8=0.0%, 16=0.0%, 32=0.0%, >=64=0.0%
     submit    : 0=0.0%, 4=100.0%, 8=0.0%, 16=0.0%, 32=0.0%, 64=0.0%, >=64=0.0%
     complete  : 0=0.0%, 4=100.0%, 8=0.0%, 16=0.0%, 32=0.0%, 64=0.0%, >=64=0.0%
     issued rwts: total=0,21922,0,0 short=0,0,0,0 dropped=0,0,0,0
     latency   : target=0, window=0, percentile=100.00%, depth=1
bursty: (groupid=0, jobs=1): err= 0: pid=794955: Mon Sep  1 23:38:23 2025
  write: IOPS=185, BW=744KiB/s (762kB/s)(87.2MiB/120001msec); 0 zone resets
    clat (usec): min=19, max=190280, avg=82.42, stdev=1275.71
     lat (usec): min=24, max=190300, avg=91.10, stdev=1276.09
    clat percentiles (usec):
     |  1.00th=[   28],  5.00th=[   33], 10.00th=[   36], 20.00th=[   39],
     | 30.00th=[   43], 40.00th=[   47], 50.00th=[   53], 60.00th=[   60],
     | 70.00th=[   69], 80.00th=[   79], 90.00th=[  108], 95.00th=[  235],
     | 99.00th=[  429], 99.50th=[  553], 99.90th=[  758], 99.95th=[  791],
     | 99.99th=[  947]
   bw (  KiB/s): min=   16, max=14248, per=0.05%, avg=6155.59, stdev=4053.89, samples=29
   iops        : min=    4, max= 3562, avg=1538.90, stdev=1013.47, samples=29
  lat (usec)   : 20=0.01%, 50=45.62%, 100=43.30%, 250=6.40%, 500=4.05%
  lat (usec)   : 750=0.51%, 1000=0.11%
  lat (msec)   : 2=0.01%, 250=0.01%
  cpu          : usr=0.08%, sys=0.14%, ctx=22634, majf=0, minf=23000
  IO depths    : 1=100.0%, 2=0.0%, 4=0.0%, 8=0.0%, 16=0.0%, 32=0.0%, >=64=0.0%
     submit    : 0=0.0%, 4=100.0%, 8=0.0%, 16=0.0%, 32=0.0%, 64=0.0%, >=64=0.0%
     complete  : 0=0.0%, 4=100.0%, 8=0.0%, 16=0.0%, 32=0.0%, 64=0.0%, >=64=0.0%
     issued rwts: total=0,22314,0,0 short=0,0,0,0 dropped=0,0,0,0
     latency   : target=0, window=0, percentile=100.00%, depth=1
bursty: (groupid=0, jobs=1): err= 0: pid=794956: Mon Sep  1 23:38:23 2025
  write: IOPS=183, BW=736KiB/s (753kB/s)(86.2MiB/120001msec); 0 zone resets
    clat (usec): min=20, max=199100, avg=82.17, stdev=1341.70
     lat (usec): min=24, max=199230, avg=91.19, stdev=1342.90
    clat percentiles (usec):
     |  1.00th=[   28],  5.00th=[   33], 10.00th=[   36], 20.00th=[   40],
     | 30.00th=[   43], 40.00th=[   48], 50.00th=[   54], 60.00th=[   61],
     | 70.00th=[   69], 80.00th=[   80], 90.00th=[  106], 95.00th=[  202],
     | 99.00th=[  424], 99.50th=[  537], 99.90th=[  742], 99.95th=[  816],
     | 99.99th=[  971]
   bw (  KiB/s): min=   16, max=14112, per=0.05%, avg=6306.57, stdev=3873.16, samples=28
   iops        : min=    4, max= 3528, avg=1576.64, stdev=968.29, samples=28
  lat (usec)   : 50=44.17%, 100=44.69%, 250=7.05%, 500=3.52%, 750=0.47%
  lat (usec)   : 1000=0.09%
  lat (msec)   : 2=0.01%, 250=0.01%
  cpu          : usr=0.08%, sys=0.17%, ctx=22429, majf=0, minf=29926
  IO depths    : 1=100.0%, 2=0.0%, 4=0.0%, 8=0.0%, 16=0.0%, 32=0.0%, >=64=0.0%
     submit    : 0=0.0%, 4=100.0%, 8=0.0%, 16=0.0%, 32=0.0%, 64=0.0%, >=64=0.0%
     complete  : 0=0.0%, 4=100.0%, 8=0.0%, 16=0.0%, 32=0.0%, 64=0.0%, >=64=0.0%
     issued rwts: total=0,22073,0,0 short=0,0,0,0 dropped=0,0,0,0
     latency   : target=0, window=0, percentile=100.00%, depth=1
bursty: (groupid=0, jobs=1): err= 0: pid=794957: Mon Sep  1 23:38:23 2025
  write: IOPS=178, BW=713KiB/s (730kB/s)(83.6MiB/120001msec); 0 zone resets
    clat (usec): min=20, max=191919, avg=82.76, stdev=1313.81
     lat (usec): min=24, max=191934, avg=91.77, stdev=1314.24
    clat percentiles (usec):
     |  1.00th=[   27],  5.00th=[   33], 10.00th=[   36], 20.00th=[   39],
     | 30.00th=[   43], 40.00th=[   48], 50.00th=[   53], 60.00th=[   61],
     | 70.00th=[   70], 80.00th=[   81], 90.00th=[  108], 95.00th=[  215],
     | 99.00th=[  420], 99.50th=[  537], 99.90th=[  758], 99.95th=[  857],
     | 99.99th=[  996]
   bw (  KiB/s): min=   16, max=13384, per=0.05%, avg=5902.69, stdev=3803.26, samples=29
   iops        : min=    4, max= 3346, avg=1475.66, stdev=950.82, samples=29
  lat (usec)   : 50=45.01%, 100=43.41%, 250=7.28%, 500=3.71%, 750=0.48%
  lat (usec)   : 1000=0.10%
  lat (msec)   : 2=0.01%, 250=0.01%
  cpu          : usr=0.07%, sys=0.20%, ctx=21707, majf=0, minf=34482
  IO depths    : 1=100.0%, 2=0.0%, 4=0.0%, 8=0.0%, 16=0.0%, 32=0.0%, >=64=0.0%
     submit    : 0=0.0%, 4=100.0%, 8=0.0%, 16=0.0%, 32=0.0%, 64=0.0%, >=64=0.0%
     complete  : 0=0.0%, 4=100.0%, 8=0.0%, 16=0.0%, 32=0.0%, 64=0.0%, >=64=0.0%
     issued rwts: total=0,21396,0,0 short=0,0,0,0 dropped=0,0,0,0
     latency   : target=0, window=0, percentile=100.00%, depth=1
bursty: (groupid=0, jobs=1): err= 0: pid=794958: Mon Sep  1 23:38:23 2025
  write: IOPS=187, BW=749KiB/s (767kB/s)(87.8MiB/120001msec); 0 zone resets
    clat (usec): min=21, max=192806, avg=80.82, stdev=1287.85
     lat (usec): min=25, max=192891, avg=89.56, stdev=1288.69
    clat percentiles (usec):
     |  1.00th=[   27],  5.00th=[   33], 10.00th=[   36], 20.00th=[   39],
     | 30.00th=[   43], 40.00th=[   47], 50.00th=[   52], 60.00th=[   59],
     | 70.00th=[   67], 80.00th=[   78], 90.00th=[  105], 95.00th=[  208],
     | 99.00th=[  412], 99.50th=[  529], 99.90th=[  725], 99.95th=[  840],
     | 99.99th=[  979]
   bw (  KiB/s): min=   16, max=14008, per=0.05%, avg=6200.10, stdev=4051.13, samples=29
   iops        : min=    4, max= 3502, avg=1550.00, stdev=1012.79, samples=29
  lat (usec)   : 50=47.09%, 100=41.95%, 250=6.63%, 500=3.76%, 750=0.49%
  lat (usec)   : 1000=0.06%
  lat (msec)   : 2=0.01%, 250=0.01%
  cpu          : usr=0.09%, sys=0.14%, ctx=22773, majf=0, minf=22361
  IO depths    : 1=100.0%, 2=0.0%, 4=0.0%, 8=0.0%, 16=0.0%, 32=0.0%, >=64=0.0%
     submit    : 0=0.0%, 4=100.0%, 8=0.0%, 16=0.0%, 32=0.0%, 64=0.0%, >=64=0.0%
     complete  : 0=0.0%, 4=100.0%, 8=0.0%, 16=0.0%, 32=0.0%, 64=0.0%, >=64=0.0%
     issued rwts: total=0,22474,0,0 short=0,0,0,0 dropped=0,0,0,0
     latency   : target=0, window=0, percentile=100.00%, depth=1
bursty: (groupid=0, jobs=1): err= 0: pid=794959: Mon Sep  1 23:38:23 2025
  write: IOPS=182, BW=730KiB/s (747kB/s)(85.5MiB/120001msec); 0 zone resets
    clat (usec): min=20, max=201159, avg=82.18, stdev=1361.29
     lat (usec): min=24, max=201259, avg=91.17, stdev=1362.27
    clat percentiles (usec):
     |  1.00th=[   29],  5.00th=[   33], 10.00th=[   36], 20.00th=[   39],
     | 30.00th=[   43], 40.00th=[   47], 50.00th=[   52], 60.00th=[   59],
     | 70.00th=[   68], 80.00th=[   79], 90.00th=[  105], 95.00th=[  227],
     | 99.00th=[  416], 99.50th=[  537], 99.90th=[  758], 99.95th=[  816],
     | 99.99th=[  979]
   bw (  KiB/s): min=   16, max=13755, per=0.05%, avg=6257.07, stdev=3882.57, samples=28
   iops        : min=    4, max= 3438, avg=1564.18, stdev=970.59, samples=28
  lat (usec)   : 50=46.42%, 100=42.61%, 250=6.57%, 500=3.82%, 750=0.46%
  lat (usec)   : 1000=0.11%
  lat (msec)   : 2=0.01%, 250=0.01%
  cpu          : usr=0.08%, sys=0.19%, ctx=22197, majf=0, minf=34268
  IO depths    : 1=100.0%, 2=0.0%, 4=0.0%, 8=0.0%, 16=0.0%, 32=0.0%, >=64=0.0%
     submit    : 0=0.0%, 4=100.0%, 8=0.0%, 16=0.0%, 32=0.0%, 64=0.0%, >=64=0.0%
     complete  : 0=0.0%, 4=100.0%, 8=0.0%, 16=0.0%, 32=0.0%, 64=0.0%, >=64=0.0%
     issued rwts: total=0,21890,0,0 short=0,0,0,0 dropped=0,0,0,0
     latency   : target=0, window=0, percentile=100.00%, depth=1
bursty: (groupid=0, jobs=1): err= 0: pid=794960: Mon Sep  1 23:38:23 2025
  write: IOPS=179, BW=717KiB/s (734kB/s)(84.0MiB/120001msec); 0 zone resets
    clat (usec): min=20, max=172242, avg=81.30, stdev=1176.69
     lat (usec): min=24, max=172546, avg=90.95, stdev=1179.22
    clat percentiles (usec):
     |  1.00th=[   26],  5.00th=[   33], 10.00th=[   36], 20.00th=[   39],
     | 30.00th=[   43], 40.00th=[   47], 50.00th=[   53], 60.00th=[   60],
     | 70.00th=[   68], 80.00th=[   79], 90.00th=[  110], 95.00th=[  231],
     | 99.00th=[  420], 99.50th=[  510], 99.90th=[  725], 99.95th=[  758],
     | 99.99th=[  857]
   bw (  KiB/s): min=   16, max=13632, per=0.05%, avg=6141.21, stdev=3727.03, samples=28
   iops        : min=    4, max= 3408, avg=1535.29, stdev=931.76, samples=28
  lat (usec)   : 50=46.23%, 100=42.32%, 250=6.89%, 500=4.04%, 750=0.45%
  lat (usec)   : 1000=0.07%
  lat (msec)   : 250=0.01%
  cpu          : usr=0.07%, sys=0.20%, ctx=21883, majf=0, minf=33049
  IO depths    : 1=100.0%, 2=0.0%, 4=0.0%, 8=0.0%, 16=0.0%, 32=0.0%, >=64=0.0%
     submit    : 0=0.0%, 4=100.0%, 8=0.0%, 16=0.0%, 32=0.0%, 64=0.0%, >=64=0.0%
     complete  : 0=0.0%, 4=100.0%, 8=0.0%, 16=0.0%, 32=0.0%, 64=0.0%, >=64=0.0%
     issued rwts: total=0,21496,0,0 short=0,0,0,0 dropped=0,0,0,0
     latency   : target=0, window=0, percentile=100.00%, depth=1
bursty: (groupid=0, jobs=1): err= 0: pid=794961: Mon Sep  1 23:38:23 2025
  write: IOPS=189, BW=759KiB/s (778kB/s)(89.0MiB/120001msec); 0 zone resets
    clat (usec): min=20, max=198646, avg=80.28, stdev=1317.65
     lat (usec): min=24, max=198759, avg=88.97, stdev=1318.65
    clat percentiles (usec):
     |  1.00th=[   29],  5.00th=[   33], 10.00th=[   36], 20.00th=[   40],
     | 30.00th=[   43], 40.00th=[   48], 50.00th=[   53], 60.00th=[   59],
     | 70.00th=[   67], 80.00th=[   77], 90.00th=[   99], 95.00th=[  196],
     | 99.00th=[  416], 99.50th=[  529], 99.90th=[  734], 99.95th=[  775],
     | 99.99th=[  873]
   bw (  KiB/s): min=   16, max=14144, per=0.05%, avg=6509.43, stdev=3925.76, samples=28
   iops        : min=    4, max= 3536, avg=1627.36, stdev=981.44, samples=28
  lat (usec)   : 50=45.32%, 100=45.08%, 250=5.44%, 500=3.63%, 750=0.46%
  lat (usec)   : 1000=0.07%
  lat (msec)   : 2=0.01%, 250=0.01%
  cpu          : usr=0.08%, sys=0.15%, ctx=23112, majf=0, minf=23442
  IO depths    : 1=100.0%, 2=0.0%, 4=0.0%, 8=0.0%, 16=0.0%, 32=0.0%, >=64=0.0%
     submit    : 0=0.0%, 4=100.0%, 8=0.0%, 16=0.0%, 32=0.0%, 64=0.0%, >=64=0.0%
     complete  : 0=0.0%, 4=100.0%, 8=0.0%, 16=0.0%, 32=0.0%, 64=0.0%, >=64=0.0%
     issued rwts: total=0,22783,0,0 short=0,0,0,0 dropped=0,0,0,0
     latency   : target=0, window=0, percentile=100.00%, depth=1
bursty: (groupid=0, jobs=1): err= 0: pid=794962: Mon Sep  1 23:38:23 2025
  write: IOPS=178, BW=714KiB/s (731kB/s)(83.6MiB/120001msec); 0 zone resets
    clat (usec): min=20, max=196561, avg=81.73, stdev=1344.89
     lat (usec): min=25, max=196583, avg=91.10, stdev=1345.35
    clat percentiles (usec):
     |  1.00th=[   27],  5.00th=[   33], 10.00th=[   36], 20.00th=[   40],
     | 30.00th=[   43], 40.00th=[   48], 50.00th=[   53], 60.00th=[   60],
     | 70.00th=[   69], 80.00th=[   80], 90.00th=[  104], 95.00th=[  194],
     | 99.00th=[  408], 99.50th=[  529], 99.90th=[  742], 99.95th=[  783],
     | 99.99th=[  906]
   bw (  KiB/s): min=   16, max=13152, per=0.05%, avg=6117.32, stdev=3555.73, samples=28
   iops        : min=    4, max= 3288, avg=1529.32, stdev=888.87, samples=28
  lat (usec)   : 50=45.04%, 100=44.14%, 250=6.67%, 500=3.58%, 750=0.49%
  lat (usec)   : 1000=0.09%
  lat (msec)   : 250=0.01%
  cpu          : usr=0.07%, sys=0.21%, ctx=21721, majf=0, minf=35416
  IO depths    : 1=100.0%, 2=0.0%, 4=0.0%, 8=0.0%, 16=0.0%, 32=0.0%, >=64=0.0%
     submit    : 0=0.0%, 4=100.0%, 8=0.0%, 16=0.0%, 32=0.0%, 64=0.0%, >=64=0.0%
     complete  : 0=0.0%, 4=100.0%, 8=0.0%, 16=0.0%, 32=0.0%, 64=0.0%, >=64=0.0%
     issued rwts: total=0,21410,0,0 short=0,0,0,0 dropped=0,0,0,0
     latency   : target=0, window=0, percentile=100.00%, depth=1
bursty: (groupid=0, jobs=1): err= 0: pid=794963: Mon Sep  1 23:38:23 2025
  write: IOPS=195, BW=781KiB/s (800kB/s)(91.6MiB/120001msec); 0 zone resets
    clat (usec): min=19, max=175971, avg=77.47, stdev=1151.18
     lat (usec): min=23, max=175998, avg=86.08, stdev=1151.62
    clat percentiles (usec):
     |  1.00th=[   26],  5.00th=[   33], 10.00th=[   36], 20.00th=[   39],
     | 30.00th=[   43], 40.00th=[   47], 50.00th=[   52], 60.00th=[   59],
     | 70.00th=[   67], 80.00th=[   77], 90.00th=[   99], 95.00th=[  157],
     | 99.00th=[  388], 99.50th=[  469], 99.90th=[  758], 99.95th=[  824],
     | 99.99th=[ 1811]
   bw (  KiB/s): min=   16, max=14196, per=0.05%, avg=6697.86, stdev=3749.69, samples=28
   iops        : min=    4, max= 3549, avg=1674.46, stdev=937.42, samples=28
  lat (usec)   : 20=0.03%, 50=46.19%, 100=44.17%, 250=5.99%, 500=3.17%
  lat (usec)   : 750=0.33%, 1000=0.10%
  lat (msec)   : 2=0.01%, 250=0.01%
  cpu          : usr=0.08%, sys=0.15%, ctx=23760, majf=0, minf=23438
  IO depths    : 1=100.0%, 2=0.0%, 4=0.0%, 8=0.0%, 16=0.0%, 32=0.0%, >=64=0.0%
     submit    : 0=0.0%, 4=100.0%, 8=0.0%, 16=0.0%, 32=0.0%, 64=0.0%, >=64=0.0%
     complete  : 0=0.0%, 4=100.0%, 8=0.0%, 16=0.0%, 32=0.0%, 64=0.0%, >=64=0.0%
     issued rwts: total=0,23439,0,0 short=0,0,0,0 dropped=0,0,0,0
     latency   : target=0, window=0, percentile=100.00%, depth=1
bursty: (groupid=0, jobs=1): err= 0: pid=794964: Mon Sep  1 23:38:23 2025
  write: IOPS=183, BW=734KiB/s (752kB/s)(86.0MiB/120001msec); 0 zone resets
    clat (usec): min=20, max=196296, avg=83.38, stdev=1324.33
     lat (usec): min=25, max=196341, avg=92.29, stdev=1324.89
    clat percentiles (usec):
     |  1.00th=[   28],  5.00th=[   34], 10.00th=[   36], 20.00th=[   40],
     | 30.00th=[   44], 40.00th=[   48], 50.00th=[   55], 60.00th=[   61],
     | 70.00th=[   70], 80.00th=[   81], 90.00th=[  111], 95.00th=[  225],
     | 99.00th=[  416], 99.50th=[  545], 99.90th=[  734], 99.95th=[  758],
     | 99.99th=[  971]
   bw (  KiB/s): min=   16, max=13736, per=0.05%, avg=6293.32, stdev=3757.03, samples=28
   iops        : min=    4, max= 3434, avg=1573.32, stdev=939.27, samples=28
  lat (usec)   : 50=43.66%, 100=44.43%, 250=7.40%, 500=3.93%, 750=0.51%
  lat (usec)   : 1000=0.06%
  lat (msec)   : 250=0.01%
  cpu          : usr=0.08%, sys=0.14%, ctx=22358, majf=0, minf=25260
  IO depths    : 1=100.0%, 2=0.0%, 4=0.0%, 8=0.0%, 16=0.0%, 32=0.0%, >=64=0.0%
     submit    : 0=0.0%, 4=100.0%, 8=0.0%, 16=0.0%, 32=0.0%, 64=0.0%, >=64=0.0%
     complete  : 0=0.0%, 4=100.0%, 8=0.0%, 16=0.0%, 32=0.0%, 64=0.0%, >=64=0.0%
     issued rwts: total=0,22026,0,0 short=0,0,0,0 dropped=0,0,0,0
     latency   : target=0, window=0, percentile=100.00%, depth=1

Run status group 0 (all jobs):
  WRITE: bw=12.0GiB/s (12.8GB/s), 698KiB/s-282MiB/s (715kB/s-296MB/s), io=1434GiB (1540GB), run=120000-120001msec

Disk stats (read/write):
  nvme5n2: ios=0/5249617, sectors=0/335975488, merge=0/0, ticks=0/541849, in_queue=541849, util=99.91%
  nvme5n3: ios=0/5299751, sectors=0/339184064, merge=0/0, ticks=0/541627, in_queue=541627, util=99.93%
  nvme5n4: ios=0/5170310, sectors=0/330899840, merge=0/0, ticks=0/542481, in_queue=542481, util=99.95%
  nvme5n5: ios=0/5223510, sectors=0/334304640, merge=0/0, ticks=0/542350, in_queue=542350, util=99.95%
  nvme5n6: ios=0/5289736, sectors=0/338543104, merge=0/0, ticks=0/542103, in_queue=542103, util=99.97%
  nvme5n7: ios=0/5219224, sectors=0/334030336, merge=0/0, ticks=0/542707, in_queue=542707, util=99.97%
  nvme5n8: ios=0/5137504, sectors=0/328800256, merge=0/0, ticks=0/542319, in_queue=542319, util=100.00%
  nvme5n9: ios=0/5137541, sectors=0/328802624, merge=0/0, ticks=0/542408, in_queue=542408, util=99.99%
  nvme5n10: ios=0/5200143, sectors=0/332809152, merge=0/0, ticks=0/542348, in_queue=542348, util=100.00%
  nvme5n1: ios=0/352401, sectors=0/2819208, merge=0/0, ticks=0/26157, in_queue=26157, util=2.30%
