test_32kb_rwrite_5n2: (g=0): rw=randwrite, bs=(R) 32.0KiB-32.0KiB, (W) 32.0KiB-32.0KiB, (T) 32.0KiB-32.0KiB, ioengine=psync, iodepth=1
...
test_32kb_rwrite_5n3: (g=0): rw=randwrite, bs=(R) 32.0KiB-32.0KiB, (W) 32.0KiB-32.0KiB, (T) 32.0KiB-32.0KiB, ioengine=psync, iodepth=1
...
test_32kb_rwrite_5n4: (g=0): rw=randwrite, bs=(R) 32.0KiB-32.0KiB, (W) 32.0KiB-32.0KiB, (T) 32.0KiB-32.0KiB, ioengine=psync, iodepth=1
...
test_32kb_rwrite_5n5: (g=0): rw=randwrite, bs=(R) 32.0KiB-32.0KiB, (W) 32.0KiB-32.0KiB, (T) 32.0KiB-32.0KiB, ioengine=psync, iodepth=1
...
test_32kb_rwrite_5n6: (g=0): rw=randwrite, bs=(R) 32.0KiB-32.0KiB, (W) 32.0KiB-32.0KiB, (T) 32.0KiB-32.0KiB, ioengine=psync, iodepth=1
...
test_32kb_rwrite_5n7: (g=0): rw=randwrite, bs=(R) 32.0KiB-32.0KiB, (W) 32.0KiB-32.0KiB, (T) 32.0KiB-32.0KiB, ioengine=psync, iodepth=1
...
test_32kb_rwrite_5n8: (g=0): rw=randwrite, bs=(R) 32.0KiB-32.0KiB, (W) 32.0KiB-32.0KiB, (T) 32.0KiB-32.0KiB, ioengine=psync, iodepth=1
...
test_32kb_rwrite_5n9: (g=0): rw=randwrite, bs=(R) 32.0KiB-32.0KiB, (W) 32.0KiB-32.0KiB, (T) 32.0KiB-32.0KiB, ioengine=psync, iodepth=1
...
test_32kb_rwrite_5n10: (g=0): rw=randwrite, bs=(R) 32.0KiB-32.0KiB, (W) 32.0KiB-32.0KiB, (T) 32.0KiB-32.0KiB, ioengine=psync, iodepth=1
...
bursty: (g=0): rw=randwrite, bs=(R) 4096B-4096B, (W) 4096B-4096B, (T) 4096B-4096B, ioengine=psync, iodepth=1
...
fio-3.37-114-gf0af0-dirty
Starting 61 threads

test_32kb_rwrite_5n2: (groupid=0, jobs=1): err= 0: pid=913417: Sat Sep  6 19:47:13 2025
  write: IOPS=5106, BW=160MiB/s (167MB/s)(18.7GiB/120001msec); 0 zone resets
    clat (usec): min=35, max=505005, avg=194.06, stdev=3848.65
     lat (usec): min=36, max=505005, avg=194.60, stdev=3848.66
    clat percentiles (usec):
     |  1.00th=[   52],  5.00th=[   59], 10.00th=[   64], 20.00th=[   72],
     | 30.00th=[   78], 40.00th=[   86], 50.00th=[   97], 60.00th=[  117],
     | 70.00th=[  169], 80.00th=[  285], 90.00th=[  355], 95.00th=[  429],
     | 99.00th=[  611], 99.50th=[  701], 99.90th=[  906], 99.95th=[  996],
     | 99.99th=[ 2442]
   bw (  KiB/s): min=11776, max=406829, per=2.28%, avg=163596.85, stdev=83765.17, samples=239
   iops        : min=  368, max=12713, avg=5112.39, stdev=2617.65, samples=239
  lat (usec)   : 50=0.48%, 100=52.01%, 250=23.55%, 500=21.61%, 750=2.02%
  lat (usec)   : 1000=0.28%
  lat (msec)   : 2=0.04%, 4=0.01%, 10=0.01%, 250=0.01%, 500=0.01%
  lat (msec)   : 750=0.01%
  cpu          : usr=1.38%, sys=6.48%, ctx=612878, majf=0, minf=67863
  IO depths    : 1=100.0%, 2=0.0%, 4=0.0%, 8=0.0%, 16=0.0%, 32=0.0%, >=64=0.0%
     submit    : 0=0.0%, 4=100.0%, 8=0.0%, 16=0.0%, 32=0.0%, 64=0.0%, >=64=0.0%
     complete  : 0=0.0%, 4=100.0%, 8=0.0%, 16=0.0%, 32=0.0%, 64=0.0%, >=64=0.0%
     issued rwts: total=0,612816,0,0 short=0,0,0,0 dropped=0,0,0,0
     latency   : target=0, window=0, percentile=100.00%, depth=1
test_32kb_rwrite_5n2: (groupid=0, jobs=1): err= 0: pid=913418: Sat Sep  6 19:47:13 2025
  write: IOPS=4933, BW=154MiB/s (162MB/s)(18.1GiB/120001msec); 0 zone resets
    clat (usec): min=34, max=503819, avg=201.00, stdev=3916.27
     lat (usec): min=35, max=503821, avg=201.52, stdev=3916.28
    clat percentiles (usec):
     |  1.00th=[   51],  5.00th=[   59], 10.00th=[   64], 20.00th=[   72],
     | 30.00th=[   79], 40.00th=[   88], 50.00th=[  101], 60.00th=[  126],
     | 70.00th=[  200], 80.00th=[  289], 90.00th=[  367], 95.00th=[  433],
     | 99.00th=[  611], 99.50th=[  685], 99.90th=[  881], 99.95th=[  979],
     | 99.99th=[ 2442]
   bw (  KiB/s): min=11904, max=412408, per=2.20%, avg=157897.80, stdev=85109.69, samples=239
   iops        : min=  372, max=12887, avg=4934.30, stdev=2659.67, samples=239
  lat (usec)   : 50=0.71%, 100=48.85%, 250=24.84%, 500=23.08%, 750=2.24%
  lat (usec)   : 1000=0.23%
  lat (msec)   : 2=0.03%, 4=0.01%, 250=0.01%, 500=0.01%, 750=0.01%
  cpu          : usr=1.37%, sys=6.30%, ctx=592033, majf=0, minf=64201
  IO depths    : 1=100.0%, 2=0.0%, 4=0.0%, 8=0.0%, 16=0.0%, 32=0.0%, >=64=0.0%
     submit    : 0=0.0%, 4=100.0%, 8=0.0%, 16=0.0%, 32=0.0%, 64=0.0%, >=64=0.0%
     complete  : 0=0.0%, 4=100.0%, 8=0.0%, 16=0.0%, 32=0.0%, 64=0.0%, >=64=0.0%
     issued rwts: total=0,591999,0,0 short=0,0,0,0 dropped=0,0,0,0
     latency   : target=0, window=0, percentile=100.00%, depth=1
test_32kb_rwrite_5n2: (groupid=0, jobs=1): err= 0: pid=913419: Sat Sep  6 19:47:13 2025
  write: IOPS=5077, BW=159MiB/s (166MB/s)(18.6GiB/120001msec); 0 zone resets
    clat (usec): min=34, max=504724, avg=195.16, stdev=3859.62
     lat (usec): min=34, max=504725, avg=195.73, stdev=3859.63
    clat percentiles (usec):
     |  1.00th=[   52],  5.00th=[   59], 10.00th=[   63], 20.00th=[   71],
     | 30.00th=[   78], 40.00th=[   86], 50.00th=[   97], 60.00th=[  119],
     | 70.00th=[  174], 80.00th=[  285], 90.00th=[  363], 95.00th=[  433],
     | 99.00th=[  594], 99.50th=[  676], 99.90th=[  873], 99.95th=[  971],
     | 99.99th=[ 2278]
   bw (  KiB/s): min=11264, max=388352, per=2.27%, avg=162718.69, stdev=89397.06, samples=239
   iops        : min=  352, max=12136, avg=5084.95, stdev=2793.66, samples=239
  lat (usec)   : 50=0.61%, 100=51.65%, 250=23.53%, 500=21.80%, 750=2.14%
  lat (usec)   : 1000=0.23%
  lat (msec)   : 2=0.03%, 4=0.01%, 250=0.01%, 500=0.01%, 750=0.01%
  cpu          : usr=1.49%, sys=6.47%, ctx=609419, majf=0, minf=66399
  IO depths    : 1=100.0%, 2=0.0%, 4=0.0%, 8=0.0%, 16=0.0%, 32=0.0%, >=64=0.0%
     submit    : 0=0.0%, 4=100.0%, 8=0.0%, 16=0.0%, 32=0.0%, 64=0.0%, >=64=0.0%
     complete  : 0=0.0%, 4=100.0%, 8=0.0%, 16=0.0%, 32=0.0%, 64=0.0%, >=64=0.0%
     issued rwts: total=0,609364,0,0 short=0,0,0,0 dropped=0,0,0,0
     latency   : target=0, window=0, percentile=100.00%, depth=1
test_32kb_rwrite_5n2: (groupid=0, jobs=1): err= 0: pid=913420: Sat Sep  6 19:47:13 2025
  write: IOPS=4959, BW=155MiB/s (163MB/s)(18.2GiB/120001msec); 0 zone resets
    clat (usec): min=33, max=505548, avg=199.80, stdev=3906.69
     lat (usec): min=34, max=505548, avg=200.35, stdev=3906.70
    clat percentiles (usec):
     |  1.00th=[   51],  5.00th=[   59], 10.00th=[   64], 20.00th=[   72],
     | 30.00th=[   79], 40.00th=[   88], 50.00th=[  100], 60.00th=[  125],
     | 70.00th=[  190], 80.00th=[  289], 90.00th=[  367], 95.00th=[  433],
     | 99.00th=[  603], 99.50th=[  685], 99.90th=[  873], 99.95th=[  963],
     | 99.99th=[ 2376]
   bw (  KiB/s): min= 8128, max=387328, per=2.21%, avg=158779.77, stdev=83782.46, samples=239
   iops        : min=  254, max=12104, avg=4961.86, stdev=2618.20, samples=239
  lat (usec)   : 50=0.83%, 100=49.30%, 250=24.65%, 500=22.74%, 750=2.21%
  lat (usec)   : 1000=0.23%
  lat (msec)   : 2=0.03%, 4=0.01%, 250=0.01%, 500=0.01%, 750=0.01%
  cpu          : usr=1.45%, sys=6.44%, ctx=595230, majf=0, minf=66173
  IO depths    : 1=100.0%, 2=0.0%, 4=0.0%, 8=0.0%, 16=0.0%, 32=0.0%, >=64=0.0%
     submit    : 0=0.0%, 4=100.0%, 8=0.0%, 16=0.0%, 32=0.0%, 64=0.0%, >=64=0.0%
     complete  : 0=0.0%, 4=100.0%, 8=0.0%, 16=0.0%, 32=0.0%, 64=0.0%, >=64=0.0%
     issued rwts: total=0,595188,0,0 short=0,0,0,0 dropped=0,0,0,0
     latency   : target=0, window=0, percentile=100.00%, depth=1
test_32kb_rwrite_5n2: (groupid=0, jobs=1): err= 0: pid=913421: Sat Sep  6 19:47:13 2025
  write: IOPS=5033, BW=157MiB/s (165MB/s)(18.4GiB/120001msec); 0 zone resets
    clat (usec): min=33, max=505493, avg=196.91, stdev=3878.68
     lat (usec): min=33, max=505493, avg=197.48, stdev=3878.68
    clat percentiles (usec):
     |  1.00th=[   50],  5.00th=[   58], 10.00th=[   63], 20.00th=[   71],
     | 30.00th=[   78], 40.00th=[   86], 50.00th=[   99], 60.00th=[  122],
     | 70.00th=[  186], 80.00th=[  289], 90.00th=[  359], 95.00th=[  429],
     | 99.00th=[  594], 99.50th=[  676], 99.90th=[  857], 99.95th=[  947],
     | 99.99th=[ 2180]
   bw (  KiB/s): min=10368, max=456320, per=2.25%, avg=161086.37, stdev=84917.03, samples=239
   iops        : min=  324, max=14260, avg=5033.94, stdev=2653.65, samples=239
  lat (usec)   : 50=0.98%, 100=49.92%, 250=24.28%, 500=22.47%, 750=2.11%
  lat (usec)   : 1000=0.21%
  lat (msec)   : 2=0.03%, 4=0.01%, 250=0.01%, 500=0.01%, 750=0.01%
  cpu          : usr=1.44%, sys=6.01%, ctx=604030, majf=0, minf=63917
  IO depths    : 1=100.0%, 2=0.0%, 4=0.0%, 8=0.0%, 16=0.0%, 32=0.0%, >=64=0.0%
     submit    : 0=0.0%, 4=100.0%, 8=0.0%, 16=0.0%, 32=0.0%, 64=0.0%, >=64=0.0%
     complete  : 0=0.0%, 4=100.0%, 8=0.0%, 16=0.0%, 32=0.0%, 64=0.0%, >=64=0.0%
     issued rwts: total=0,603975,0,0 short=0,0,0,0 dropped=0,0,0,0
     latency   : target=0, window=0, percentile=100.00%, depth=1
test_32kb_rwrite_5n3: (groupid=0, jobs=1): err= 0: pid=913422: Sat Sep  6 19:47:13 2025
  write: IOPS=5178, BW=162MiB/s (170MB/s)(19.0GiB/120001msec); 0 zone resets
    clat (usec): min=35, max=505030, avg=191.32, stdev=3822.99
     lat (usec): min=35, max=505031, avg=191.85, stdev=3822.99
    clat percentiles (usec):
     |  1.00th=[   52],  5.00th=[   59], 10.00th=[   63], 20.00th=[   71],
     | 30.00th=[   78], 40.00th=[   85], 50.00th=[   96], 60.00th=[  115],
     | 70.00th=[  161], 80.00th=[  285], 90.00th=[  355], 95.00th=[  424],
     | 99.00th=[  586], 99.50th=[  676], 99.90th=[  873], 99.95th=[  971],
     | 99.99th=[ 2180]
   bw (  KiB/s): min= 8192, max=363414, per=2.31%, avg=165990.50, stdev=89552.67, samples=239
   iops        : min=  256, max=11356, avg=5187.18, stdev=2798.53, samples=239
  lat (usec)   : 50=0.67%, 100=52.45%, 250=23.49%, 500=21.19%, 750=1.94%
  lat (usec)   : 1000=0.21%
  lat (msec)   : 2=0.03%, 4=0.01%, 10=0.01%, 250=0.01%, 500=0.01%
  lat (msec)   : 750=0.01%
  cpu          : usr=1.41%, sys=6.60%, ctx=621527, majf=0, minf=66945
  IO depths    : 1=100.0%, 2=0.0%, 4=0.0%, 8=0.0%, 16=0.0%, 32=0.0%, >=64=0.0%
     submit    : 0=0.0%, 4=100.0%, 8=0.0%, 16=0.0%, 32=0.0%, 64=0.0%, >=64=0.0%
     complete  : 0=0.0%, 4=100.0%, 8=0.0%, 16=0.0%, 32=0.0%, 64=0.0%, >=64=0.0%
     issued rwts: total=0,621478,0,0 short=0,0,0,0 dropped=0,0,0,0
     latency   : target=0, window=0, percentile=100.00%, depth=1
test_32kb_rwrite_5n3: (groupid=0, jobs=1): err= 0: pid=913423: Sat Sep  6 19:47:13 2025
  write: IOPS=4938, BW=154MiB/s (162MB/s)(18.1GiB/120001msec); 0 zone resets
    clat (usec): min=36, max=505200, avg=200.70, stdev=3913.31
     lat (usec): min=36, max=505200, avg=201.22, stdev=3913.31
    clat percentiles (usec):
     |  1.00th=[   52],  5.00th=[   59], 10.00th=[   64], 20.00th=[   73],
     | 30.00th=[   80], 40.00th=[   89], 50.00th=[  102], 60.00th=[  126],
     | 70.00th=[  192], 80.00th=[  289], 90.00th=[  371], 95.00th=[  433],
     | 99.00th=[  594], 99.50th=[  676], 99.90th=[  865], 99.95th=[  971],
     | 99.99th=[ 2442]
   bw (  KiB/s): min= 8576, max=343168, per=2.20%, avg=157973.97, stdev=83889.62, samples=239
   iops        : min=  268, max=10724, avg=4936.68, stdev=2621.55, samples=239
  lat (usec)   : 50=0.52%, 100=48.57%, 250=25.49%, 500=23.00%, 750=2.16%
  lat (usec)   : 1000=0.21%
  lat (msec)   : 2=0.03%, 4=0.01%, 250=0.01%, 500=0.01%, 750=0.01%
  cpu          : usr=1.44%, sys=6.41%, ctx=592603, majf=0, minf=63312
  IO depths    : 1=100.0%, 2=0.0%, 4=0.0%, 8=0.0%, 16=0.0%, 32=0.0%, >=64=0.0%
     submit    : 0=0.0%, 4=100.0%, 8=0.0%, 16=0.0%, 32=0.0%, 64=0.0%, >=64=0.0%
     complete  : 0=0.0%, 4=100.0%, 8=0.0%, 16=0.0%, 32=0.0%, 64=0.0%, >=64=0.0%
     issued rwts: total=0,592568,0,0 short=0,0,0,0 dropped=0,0,0,0
     latency   : target=0, window=0, percentile=100.00%, depth=1
test_32kb_rwrite_5n3: (groupid=0, jobs=1): err= 0: pid=913424: Sat Sep  6 19:47:13 2025
  write: IOPS=4897, BW=153MiB/s (160MB/s)(17.9GiB/120001msec); 0 zone resets
    clat (usec): min=32, max=504861, avg=202.41, stdev=3930.85
     lat (usec): min=32, max=504862, avg=202.95, stdev=3930.86
    clat percentiles (usec):
     |  1.00th=[   52],  5.00th=[   59], 10.00th=[   64], 20.00th=[   72],
     | 30.00th=[   80], 40.00th=[   89], 50.00th=[  103], 60.00th=[  129],
     | 70.00th=[  210], 80.00th=[  293], 90.00th=[  367], 95.00th=[  433],
     | 99.00th=[  594], 99.50th=[  668], 99.90th=[  857], 99.95th=[  938],
     | 99.99th=[ 2343]
   bw (  KiB/s): min=11456, max=387712, per=2.19%, avg=156982.77, stdev=81603.92, samples=239
   iops        : min=  358, max=12116, avg=4905.70, stdev=2550.11, samples=239
  lat (usec)   : 50=0.68%, 100=47.84%, 250=25.32%, 500=23.80%, 750=2.12%
  lat (usec)   : 1000=0.20%
  lat (msec)   : 2=0.02%, 4=0.01%, 10=0.01%, 250=0.01%, 500=0.01%
  lat (msec)   : 750=0.01%
  cpu          : usr=1.43%, sys=6.04%, ctx=587711, majf=0, minf=64350
  IO depths    : 1=100.0%, 2=0.0%, 4=0.0%, 8=0.0%, 16=0.0%, 32=0.0%, >=64=0.0%
     submit    : 0=0.0%, 4=100.0%, 8=0.0%, 16=0.0%, 32=0.0%, 64=0.0%, >=64=0.0%
     complete  : 0=0.0%, 4=100.0%, 8=0.0%, 16=0.0%, 32=0.0%, 64=0.0%, >=64=0.0%
     issued rwts: total=0,587666,0,0 short=0,0,0,0 dropped=0,0,0,0
     latency   : target=0, window=0, percentile=100.00%, depth=1
test_32kb_rwrite_5n3: (groupid=0, jobs=1): err= 0: pid=913425: Sat Sep  6 19:47:13 2025
  write: IOPS=4869, BW=152MiB/s (160MB/s)(17.8GiB/120000msec); 0 zone resets
    clat (usec): min=34, max=505618, avg=203.56, stdev=3938.99
     lat (usec): min=35, max=505618, avg=204.09, stdev=3939.00
    clat percentiles (usec):
     |  1.00th=[   52],  5.00th=[   60], 10.00th=[   65], 20.00th=[   73],
     | 30.00th=[   81], 40.00th=[   90], 50.00th=[  103], 60.00th=[  129],
     | 70.00th=[  206], 80.00th=[  293], 90.00th=[  375], 95.00th=[  433],
     | 99.00th=[  586], 99.50th=[  668], 99.90th=[  848], 99.95th=[  955],
     | 99.99th=[ 2704]
   bw (  KiB/s): min=12928, max=423374, per=2.18%, avg=156095.87, stdev=82376.50, samples=239
   iops        : min=  404, max=13230, avg=4877.99, stdev=2574.25, samples=239
  lat (usec)   : 50=0.55%, 100=47.46%, 250=25.80%, 500=23.75%, 750=2.22%
  lat (usec)   : 1000=0.18%
  lat (msec)   : 2=0.02%, 4=0.01%, 250=0.01%, 500=0.01%, 750=0.01%
  cpu          : usr=1.47%, sys=6.32%, ctx=584442, majf=0, minf=60553
  IO depths    : 1=100.0%, 2=0.0%, 4=0.0%, 8=0.0%, 16=0.0%, 32=0.0%, >=64=0.0%
     submit    : 0=0.0%, 4=100.0%, 8=0.0%, 16=0.0%, 32=0.0%, 64=0.0%, >=64=0.0%
     complete  : 0=0.0%, 4=100.0%, 8=0.0%, 16=0.0%, 32=0.0%, 64=0.0%, >=64=0.0%
     issued rwts: total=0,584395,0,0 short=0,0,0,0 dropped=0,0,0,0
     latency   : target=0, window=0, percentile=100.00%, depth=1
test_32kb_rwrite_5n3: (groupid=0, jobs=1): err= 0: pid=913426: Sat Sep  6 19:47:13 2025
  write: IOPS=4982, BW=156MiB/s (163MB/s)(18.2GiB/120001msec); 0 zone resets
    clat (usec): min=35, max=504687, avg=198.80, stdev=3897.88
     lat (usec): min=36, max=504687, avg=199.39, stdev=3897.88
    clat percentiles (usec):
     |  1.00th=[   52],  5.00th=[   59], 10.00th=[   64], 20.00th=[   72],
     | 30.00th=[   79], 40.00th=[   88], 50.00th=[  100], 60.00th=[  124],
     | 70.00th=[  196], 80.00th=[  289], 90.00th=[  359], 95.00th=[  429],
     | 99.00th=[  586], 99.50th=[  676], 99.90th=[  848], 99.95th=[  947],
     | 99.99th=[ 2409]
   bw (  KiB/s): min=10176, max=440304, per=2.22%, avg=159447.27, stdev=87488.95, samples=239
   iops        : min=  318, max=13759, avg=4982.72, stdev=2734.02, samples=239
  lat (usec)   : 50=0.59%, 100=49.72%, 250=24.49%, 500=22.89%, 750=2.09%
  lat (usec)   : 1000=0.20%
  lat (msec)   : 2=0.02%, 4=0.01%, 250=0.01%, 500=0.01%, 750=0.01%
  cpu          : usr=1.44%, sys=6.32%, ctx=597998, majf=0, minf=75324
  IO depths    : 1=100.0%, 2=0.0%, 4=0.0%, 8=0.0%, 16=0.0%, 32=0.0%, >=64=0.0%
     submit    : 0=0.0%, 4=100.0%, 8=0.0%, 16=0.0%, 32=0.0%, 64=0.0%, >=64=0.0%
     complete  : 0=0.0%, 4=100.0%, 8=0.0%, 16=0.0%, 32=0.0%, 64=0.0%, >=64=0.0%
     issued rwts: total=0,597925,0,0 short=0,0,0,0 dropped=0,0,0,0
     latency   : target=0, window=0, percentile=100.00%, depth=1
test_32kb_rwrite_5n4: (groupid=0, jobs=1): err= 0: pid=913427: Sat Sep  6 19:47:13 2025
  write: IOPS=5018, BW=157MiB/s (164MB/s)(18.4GiB/120001msec); 0 zone resets
    clat (usec): min=33, max=505373, avg=197.50, stdev=3882.06
     lat (usec): min=34, max=505374, avg=198.08, stdev=3882.07
    clat percentiles (usec):
     |  1.00th=[   52],  5.00th=[   59], 10.00th=[   64], 20.00th=[   72],
     | 30.00th=[   79], 40.00th=[   87], 50.00th=[   99], 60.00th=[  122],
     | 70.00th=[  186], 80.00th=[  289], 90.00th=[  359], 95.00th=[  429],
     | 99.00th=[  594], 99.50th=[  676], 99.90th=[  865], 99.95th=[  955],
     | 99.99th=[ 2409]
   bw (  KiB/s): min= 7296, max=417984, per=2.24%, avg=160801.62, stdev=83457.57, samples=239
   iops        : min=  228, max=13062, avg=5025.04, stdev=2608.05, samples=239
  lat (usec)   : 50=0.68%, 100=50.05%, 250=24.42%, 500=22.48%, 750=2.11%
  lat (usec)   : 1000=0.22%
  lat (msec)   : 2=0.02%, 4=0.01%, 250=0.01%, 500=0.01%, 750=0.01%
  cpu          : usr=1.47%, sys=6.41%, ctx=602220, majf=0, minf=64325
  IO depths    : 1=100.0%, 2=0.0%, 4=0.0%, 8=0.0%, 16=0.0%, 32=0.0%, >=64=0.0%
     submit    : 0=0.0%, 4=100.0%, 8=0.0%, 16=0.0%, 32=0.0%, 64=0.0%, >=64=0.0%
     complete  : 0=0.0%, 4=100.0%, 8=0.0%, 16=0.0%, 32=0.0%, 64=0.0%, >=64=0.0%
     issued rwts: total=0,602171,0,0 short=0,0,0,0 dropped=0,0,0,0
     latency   : target=0, window=0, percentile=100.00%, depth=1
test_32kb_rwrite_5n4: (groupid=0, jobs=1): err= 0: pid=913428: Sat Sep  6 19:47:13 2025
  write: IOPS=4908, BW=153MiB/s (161MB/s)(18.0GiB/120002msec); 0 zone resets
    clat (usec): min=33, max=505365, avg=201.77, stdev=3925.63
     lat (usec): min=34, max=505365, avg=202.39, stdev=3925.63
    clat percentiles (usec):
     |  1.00th=[   52],  5.00th=[   59], 10.00th=[   64], 20.00th=[   72],
     | 30.00th=[   79], 40.00th=[   88], 50.00th=[  101], 60.00th=[  127],
     | 70.00th=[  200], 80.00th=[  293], 90.00th=[  371], 95.00th=[  433],
     | 99.00th=[  594], 99.50th=[  676], 99.90th=[  857], 99.95th=[  963],
     | 99.99th=[ 2343]
   bw (  KiB/s): min= 9472, max=404905, per=2.19%, avg=157293.73, stdev=83899.68, samples=239
   iops        : min=  296, max=12653, avg=4915.42, stdev=2621.85, samples=239
  lat (usec)   : 50=0.68%, 100=48.54%, 250=24.76%, 500=23.61%, 750=2.16%
  lat (usec)   : 1000=0.21%
  lat (msec)   : 2=0.03%, 4=0.01%, 250=0.01%, 500=0.01%, 750=0.01%
  cpu          : usr=1.57%, sys=5.95%, ctx=589116, majf=0, minf=66357
  IO depths    : 1=100.0%, 2=0.0%, 4=0.0%, 8=0.0%, 16=0.0%, 32=0.0%, >=64=0.0%
     submit    : 0=0.0%, 4=100.0%, 8=0.0%, 16=0.0%, 32=0.0%, 64=0.0%, >=64=0.0%
     complete  : 0=0.0%, 4=100.0%, 8=0.0%, 16=0.0%, 32=0.0%, 64=0.0%, >=64=0.0%
     issued rwts: total=0,589059,0,0 short=0,0,0,0 dropped=0,0,0,0
     latency   : target=0, window=0, percentile=100.00%, depth=1
test_32kb_rwrite_5n4: (groupid=0, jobs=1): err= 0: pid=913429: Sat Sep  6 19:47:13 2025
  write: IOPS=5015, BW=157MiB/s (164MB/s)(18.4GiB/120001msec); 0 zone resets
    clat (usec): min=35, max=503971, avg=197.53, stdev=3883.56
     lat (usec): min=36, max=503972, avg=198.05, stdev=3883.57
    clat percentiles (usec):
     |  1.00th=[   51],  5.00th=[   58], 10.00th=[   63], 20.00th=[   71],
     | 30.00th=[   78], 40.00th=[   87], 50.00th=[   99], 60.00th=[  124],
     | 70.00th=[  186], 80.00th=[  289], 90.00th=[  363], 95.00th=[  429],
     | 99.00th=[  586], 99.50th=[  668], 99.90th=[  824], 99.95th=[  914],
     | 99.99th=[ 2343]
   bw (  KiB/s): min=12160, max=377024, per=2.24%, avg=160732.27, stdev=85556.48, samples=239
   iops        : min=  380, max=11782, avg=5022.88, stdev=2673.64, samples=239
  lat (usec)   : 50=0.76%, 100=49.70%, 250=24.58%, 500=22.67%, 750=2.11%
  lat (usec)   : 1000=0.16%
  lat (msec)   : 2=0.02%, 4=0.01%, 250=0.01%, 500=0.01%, 750=0.01%
  cpu          : usr=1.44%, sys=6.05%, ctx=601941, majf=0, minf=70659
  IO depths    : 1=100.0%, 2=0.0%, 4=0.0%, 8=0.0%, 16=0.0%, 32=0.0%, >=64=0.0%
     submit    : 0=0.0%, 4=100.0%, 8=0.0%, 16=0.0%, 32=0.0%, 64=0.0%, >=64=0.0%
     complete  : 0=0.0%, 4=100.0%, 8=0.0%, 16=0.0%, 32=0.0%, 64=0.0%, >=64=0.0%
     issued rwts: total=0,601891,0,0 short=0,0,0,0 dropped=0,0,0,0
     latency   : target=0, window=0, percentile=100.00%, depth=1
test_32kb_rwrite_5n4: (groupid=0, jobs=1): err= 0: pid=913430: Sat Sep  6 19:47:13 2025
  write: IOPS=5032, BW=157MiB/s (165MB/s)(18.4GiB/120001msec); 0 zone resets
    clat (usec): min=32, max=504387, avg=196.83, stdev=3877.01
     lat (usec): min=33, max=504387, avg=197.45, stdev=3877.02
    clat percentiles (usec):
     |  1.00th=[   52],  5.00th=[   59], 10.00th=[   64], 20.00th=[   71],
     | 30.00th=[   78], 40.00th=[   86], 50.00th=[   98], 60.00th=[  121],
     | 70.00th=[  180], 80.00th=[  289], 90.00th=[  363], 95.00th=[  433],
     | 99.00th=[  594], 99.50th=[  676], 99.90th=[  857], 99.95th=[  955],
     | 99.99th=[ 2442]
   bw (  KiB/s): min=15744, max=413434, per=2.25%, avg=161285.00, stdev=84504.28, samples=239
   iops        : min=  492, max=12919, avg=5040.15, stdev=2640.75, samples=239
  lat (usec)   : 50=0.69%, 100=50.77%, 250=23.92%, 500=22.17%, 750=2.20%
  lat (usec)   : 1000=0.20%
  lat (msec)   : 2=0.03%, 4=0.01%, 250=0.01%, 500=0.01%, 750=0.01%
  cpu          : usr=1.48%, sys=6.58%, ctx=603997, majf=0, minf=65649
  IO depths    : 1=100.0%, 2=0.0%, 4=0.0%, 8=0.0%, 16=0.0%, 32=0.0%, >=64=0.0%
     submit    : 0=0.0%, 4=100.0%, 8=0.0%, 16=0.0%, 32=0.0%, 64=0.0%, >=64=0.0%
     complete  : 0=0.0%, 4=100.0%, 8=0.0%, 16=0.0%, 32=0.0%, 64=0.0%, >=64=0.0%
     issued rwts: total=0,603960,0,0 short=0,0,0,0 dropped=0,0,0,0
     latency   : target=0, window=0, percentile=100.00%, depth=1
test_32kb_rwrite_5n4: (groupid=0, jobs=1): err= 0: pid=913431: Sat Sep  6 19:47:13 2025
  write: IOPS=4949, BW=155MiB/s (162MB/s)(18.1GiB/120001msec); 0 zone resets
    clat (usec): min=35, max=503857, avg=200.19, stdev=3908.95
     lat (usec): min=35, max=503858, avg=200.72, stdev=3908.96
    clat percentiles (usec):
     |  1.00th=[   51],  5.00th=[   59], 10.00th=[   63], 20.00th=[   72],
     | 30.00th=[   79], 40.00th=[   88], 50.00th=[  101], 60.00th=[  125],
     | 70.00th=[  192], 80.00th=[  289], 90.00th=[  371], 95.00th=[  433],
     | 99.00th=[  603], 99.50th=[  685], 99.90th=[  857], 99.95th=[  955],
     | 99.99th=[ 2409]
   bw (  KiB/s): min= 7808, max=437056, per=2.21%, avg=158599.79, stdev=84438.31, samples=239
   iops        : min=  244, max=13658, avg=4956.24, stdev=2638.70, samples=239
  lat (usec)   : 50=0.70%, 100=48.52%, 250=25.44%, 500=22.88%, 750=2.19%
  lat (usec)   : 1000=0.22%
  lat (msec)   : 2=0.03%, 4=0.01%, 250=0.01%, 500=0.01%, 750=0.01%
  cpu          : usr=1.43%, sys=6.28%, ctx=593943, majf=0, minf=70685
  IO depths    : 1=100.0%, 2=0.0%, 4=0.0%, 8=0.0%, 16=0.0%, 32=0.0%, >=64=0.0%
     submit    : 0=0.0%, 4=100.0%, 8=0.0%, 16=0.0%, 32=0.0%, 64=0.0%, >=64=0.0%
     complete  : 0=0.0%, 4=100.0%, 8=0.0%, 16=0.0%, 32=0.0%, 64=0.0%, >=64=0.0%
     issued rwts: total=0,593887,0,0 short=0,0,0,0 dropped=0,0,0,0
     latency   : target=0, window=0, percentile=100.00%, depth=1
test_32kb_rwrite_5n5: (groupid=0, jobs=1): err= 0: pid=913432: Sat Sep  6 19:47:13 2025
  write: IOPS=5035, BW=157MiB/s (165MB/s)(18.4GiB/120001msec); 0 zone resets
    clat (usec): min=33, max=505714, avg=196.80, stdev=3876.11
     lat (usec): min=33, max=505715, avg=197.43, stdev=3876.12
    clat percentiles (usec):
     |  1.00th=[   52],  5.00th=[   59], 10.00th=[   64], 20.00th=[   72],
     | 30.00th=[   79], 40.00th=[   87], 50.00th=[   99], 60.00th=[  122],
     | 70.00th=[  182], 80.00th=[  289], 90.00th=[  359], 95.00th=[  433],
     | 99.00th=[  594], 99.50th=[  668], 99.90th=[  840], 99.95th=[  930],
     | 99.99th=[ 2507]
   bw (  KiB/s): min= 9920, max=414720, per=2.25%, avg=161385.45, stdev=86800.30, samples=239
   iops        : min=  310, max=12960, avg=5043.28, stdev=2712.51, samples=239
  lat (usec)   : 50=0.66%, 100=50.25%, 250=24.48%, 500=22.27%, 750=2.14%
  lat (usec)   : 1000=0.17%
  lat (msec)   : 2=0.02%, 4=0.01%, 250=0.01%, 500=0.01%, 750=0.01%
  cpu          : usr=1.52%, sys=6.36%, ctx=604292, majf=0, minf=63514
  IO depths    : 1=100.0%, 2=0.0%, 4=0.0%, 8=0.0%, 16=0.0%, 32=0.0%, >=64=0.0%
     submit    : 0=0.0%, 4=100.0%, 8=0.0%, 16=0.0%, 32=0.0%, 64=0.0%, >=64=0.0%
     complete  : 0=0.0%, 4=100.0%, 8=0.0%, 16=0.0%, 32=0.0%, 64=0.0%, >=64=0.0%
     issued rwts: total=0,604242,0,0 short=0,0,0,0 dropped=0,0,0,0
     latency   : target=0, window=0, percentile=100.00%, depth=1
test_32kb_rwrite_5n5: (groupid=0, jobs=1): err= 0: pid=913433: Sat Sep  6 19:47:13 2025
  write: IOPS=4932, BW=154MiB/s (162MB/s)(18.1GiB/120001msec); 0 zone resets
    clat (usec): min=34, max=504744, avg=200.91, stdev=3915.66
     lat (usec): min=34, max=504745, avg=201.44, stdev=3915.67
    clat percentiles (usec):
     |  1.00th=[   52],  5.00th=[   59], 10.00th=[   64], 20.00th=[   72],
     | 30.00th=[   80], 40.00th=[   89], 50.00th=[  102], 60.00th=[  126],
     | 70.00th=[  194], 80.00th=[  289], 90.00th=[  371], 95.00th=[  433],
     | 99.00th=[  594], 99.50th=[  676], 99.90th=[  840], 99.95th=[  930],
     | 99.99th=[ 2409]
   bw (  KiB/s): min=11264, max=356488, per=2.20%, avg=158003.10, stdev=82002.80, samples=239
   iops        : min=  352, max=11140, avg=4937.59, stdev=2562.59, samples=239
  lat (usec)   : 50=0.56%, 100=48.45%, 250=25.56%, 500=22.98%, 750=2.23%
  lat (usec)   : 1000=0.18%
  lat (msec)   : 2=0.02%, 4=0.01%, 250=0.01%, 500=0.01%, 750=0.01%
  cpu          : usr=1.46%, sys=6.38%, ctx=592012, majf=0, minf=68921
  IO depths    : 1=100.0%, 2=0.0%, 4=0.0%, 8=0.0%, 16=0.0%, 32=0.0%, >=64=0.0%
     submit    : 0=0.0%, 4=100.0%, 8=0.0%, 16=0.0%, 32=0.0%, 64=0.0%, >=64=0.0%
     complete  : 0=0.0%, 4=100.0%, 8=0.0%, 16=0.0%, 32=0.0%, 64=0.0%, >=64=0.0%
     issued rwts: total=0,591956,0,0 short=0,0,0,0 dropped=0,0,0,0
     latency   : target=0, window=0, percentile=100.00%, depth=1
test_32kb_rwrite_5n5: (groupid=0, jobs=1): err= 0: pid=913434: Sat Sep  6 19:47:13 2025
  write: IOPS=4927, BW=154MiB/s (161MB/s)(18.0GiB/120001msec); 0 zone resets
    clat (usec): min=33, max=504059, avg=201.06, stdev=3915.62
     lat (usec): min=34, max=504061, avg=201.64, stdev=3915.63
    clat percentiles (usec):
     |  1.00th=[   52],  5.00th=[   59], 10.00th=[   64], 20.00th=[   73],
     | 30.00th=[   80], 40.00th=[   89], 50.00th=[  101], 60.00th=[  126],
     | 70.00th=[  198], 80.00th=[  293], 90.00th=[  367], 95.00th=[  433],
     | 99.00th=[  594], 99.50th=[  668], 99.90th=[  824], 99.95th=[  922],
     | 99.99th=[ 2474]
   bw (  KiB/s): min=11456, max=433856, per=2.20%, avg=157599.84, stdev=84741.37, samples=239
   iops        : min=  358, max=13558, avg=4924.99, stdev=2648.17, samples=239
  lat (usec)   : 50=0.67%, 100=48.56%, 250=25.12%, 500=23.23%, 750=2.23%
  lat (usec)   : 1000=0.17%
  lat (msec)   : 2=0.02%, 4=0.01%, 250=0.01%, 500=0.01%, 750=0.01%
  cpu          : usr=1.40%, sys=6.47%, ctx=591411, majf=0, minf=66053
  IO depths    : 1=100.0%, 2=0.0%, 4=0.0%, 8=0.0%, 16=0.0%, 32=0.0%, >=64=0.0%
     submit    : 0=0.0%, 4=100.0%, 8=0.0%, 16=0.0%, 32=0.0%, 64=0.0%, >=64=0.0%
     complete  : 0=0.0%, 4=100.0%, 8=0.0%, 16=0.0%, 32=0.0%, 64=0.0%, >=64=0.0%
     issued rwts: total=0,591363,0,0 short=0,0,0,0 dropped=0,0,0,0
     latency   : target=0, window=0, percentile=100.00%, depth=1
test_32kb_rwrite_5n5: (groupid=0, jobs=1): err= 0: pid=913435: Sat Sep  6 19:47:13 2025
  write: IOPS=4959, BW=155MiB/s (163MB/s)(18.2GiB/120001msec); 0 zone resets
    clat (usec): min=36, max=505565, avg=199.73, stdev=3903.70
     lat (usec): min=36, max=505566, avg=200.28, stdev=3903.70
    clat percentiles (usec):
     |  1.00th=[   52],  5.00th=[   59], 10.00th=[   64], 20.00th=[   72],
     | 30.00th=[   80], 40.00th=[   88], 50.00th=[  101], 60.00th=[  126],
     | 70.00th=[  194], 80.00th=[  289], 90.00th=[  363], 95.00th=[  433],
     | 99.00th=[  594], 99.50th=[  676], 99.90th=[  857], 99.95th=[  955],
     | 99.99th=[ 2376]
   bw (  KiB/s): min= 8320, max=435456, per=2.22%, avg=158940.35, stdev=87974.99, samples=239
   iops        : min=  260, max=13608, avg=4966.87, stdev=2749.20, samples=239
  lat (usec)   : 50=0.56%, 100=48.70%, 250=25.54%, 500=22.77%, 750=2.19%
  lat (usec)   : 1000=0.21%
  lat (msec)   : 2=0.02%, 4=0.01%, 10=0.01%, 250=0.01%, 500=0.01%
  lat (msec)   : 750=0.01%
  cpu          : usr=1.42%, sys=6.40%, ctx=595216, majf=0, minf=77038
  IO depths    : 1=100.0%, 2=0.0%, 4=0.0%, 8=0.0%, 16=0.0%, 32=0.0%, >=64=0.0%
     submit    : 0=0.0%, 4=100.0%, 8=0.0%, 16=0.0%, 32=0.0%, 64=0.0%, >=64=0.0%
     complete  : 0=0.0%, 4=100.0%, 8=0.0%, 16=0.0%, 32=0.0%, 64=0.0%, >=64=0.0%
     issued rwts: total=0,595142,0,0 short=0,0,0,0 dropped=0,0,0,0
     latency   : target=0, window=0, percentile=100.00%, depth=1
test_32kb_rwrite_5n5: (groupid=0, jobs=1): err= 0: pid=913436: Sat Sep  6 19:47:13 2025
  write: IOPS=5090, BW=159MiB/s (167MB/s)(18.6GiB/120000msec); 0 zone resets
    clat (usec): min=34, max=505577, avg=194.71, stdev=3854.13
     lat (usec): min=34, max=505578, avg=195.25, stdev=3854.13
    clat percentiles (usec):
     |  1.00th=[   52],  5.00th=[   59], 10.00th=[   63], 20.00th=[   71],
     | 30.00th=[   78], 40.00th=[   86], 50.00th=[   97], 60.00th=[  118],
     | 70.00th=[  174], 80.00th=[  289], 90.00th=[  363], 95.00th=[  429],
     | 99.00th=[  586], 99.50th=[  660], 99.90th=[  824], 99.95th=[  914],
     | 99.99th=[ 2376]
   bw (  KiB/s): min=12352, max=429440, per=2.28%, avg=163149.93, stdev=85824.40, samples=239
   iops        : min=  386, max=13420, avg=5098.43, stdev=2682.01, samples=239
  lat (usec)   : 50=0.54%, 100=51.71%, 250=23.31%, 500=22.19%, 750=2.06%
  lat (usec)   : 1000=0.16%
  lat (msec)   : 2=0.02%, 4=0.01%, 10=0.01%, 250=0.01%, 500=0.01%
  lat (msec)   : 750=0.01%
  cpu          : usr=1.43%, sys=6.52%, ctx=610890, majf=0, minf=60809
  IO depths    : 1=100.0%, 2=0.0%, 4=0.0%, 8=0.0%, 16=0.0%, 32=0.0%, >=64=0.0%
     submit    : 0=0.0%, 4=100.0%, 8=0.0%, 16=0.0%, 32=0.0%, 64=0.0%, >=64=0.0%
     complete  : 0=0.0%, 4=100.0%, 8=0.0%, 16=0.0%, 32=0.0%, 64=0.0%, >=64=0.0%
     issued rwts: total=0,610842,0,0 short=0,0,0,0 dropped=0,0,0,0
     latency   : target=0, window=0, percentile=100.00%, depth=1
test_32kb_rwrite_5n6: (groupid=0, jobs=1): err= 0: pid=913437: Sat Sep  6 19:47:13 2025
  write: IOPS=5141, BW=161MiB/s (168MB/s)(18.8GiB/120001msec); 0 zone resets
    clat (usec): min=35, max=505289, avg=192.75, stdev=3833.56
     lat (usec): min=35, max=505289, avg=193.25, stdev=3833.57
    clat percentiles (usec):
     |  1.00th=[   52],  5.00th=[   59], 10.00th=[   64], 20.00th=[   71],
     | 30.00th=[   78], 40.00th=[   86], 50.00th=[   96], 60.00th=[  117],
     | 70.00th=[  167], 80.00th=[  285], 90.00th=[  355], 95.00th=[  429],
     | 99.00th=[  586], 99.50th=[  668], 99.90th=[  848], 99.95th=[  955],
     | 99.99th=[ 2245]
   bw (  KiB/s): min=10304, max=404224, per=2.30%, avg=164811.16, stdev=86919.22, samples=239
   iops        : min=  322, max=12632, avg=5150.34, stdev=2716.22, samples=239
  lat (usec)   : 50=0.56%, 100=52.26%, 250=23.33%, 500=21.62%, 750=2.01%
  lat (usec)   : 1000=0.19%
  lat (msec)   : 2=0.02%, 4=0.01%, 250=0.01%, 500=0.01%, 750=0.01%
  cpu          : usr=1.50%, sys=6.46%, ctx=617078, majf=0, minf=66597
  IO depths    : 1=100.0%, 2=0.0%, 4=0.0%, 8=0.0%, 16=0.0%, 32=0.0%, >=64=0.0%
     submit    : 0=0.0%, 4=100.0%, 8=0.0%, 16=0.0%, 32=0.0%, 64=0.0%, >=64=0.0%
     complete  : 0=0.0%, 4=100.0%, 8=0.0%, 16=0.0%, 32=0.0%, 64=0.0%, >=64=0.0%
     issued rwts: total=0,617029,0,0 short=0,0,0,0 dropped=0,0,0,0
     latency   : target=0, window=0, percentile=100.00%, depth=1
test_32kb_rwrite_5n6: (groupid=0, jobs=1): err= 0: pid=913438: Sat Sep  6 19:47:13 2025
  write: IOPS=5113, BW=160MiB/s (168MB/s)(18.7GiB/120001msec); 0 zone resets
    clat (usec): min=33, max=505547, avg=193.73, stdev=3844.44
     lat (usec): min=33, max=505547, avg=194.34, stdev=3844.45
    clat percentiles (usec):
     |  1.00th=[   52],  5.00th=[   59], 10.00th=[   63], 20.00th=[   71],
     | 30.00th=[   78], 40.00th=[   85], 50.00th=[   96], 60.00th=[  117],
     | 70.00th=[  172], 80.00th=[  285], 90.00th=[  359], 95.00th=[  429],
     | 99.00th=[  594], 99.50th=[  676], 99.90th=[  865], 99.95th=[  963],
     | 99.99th=[ 2212]
   bw (  KiB/s): min= 9344, max=401152, per=2.28%, avg=163682.31, stdev=86835.04, samples=239
   iops        : min=  292, max=12536, avg=5115.07, stdev=2713.59, samples=239
  lat (usec)   : 50=0.63%, 100=52.19%, 250=23.22%, 500=21.62%, 750=2.08%
  lat (usec)   : 1000=0.21%
  lat (msec)   : 2=0.03%, 4=0.01%, 250=0.01%, 500=0.01%, 750=0.01%
  cpu          : usr=1.48%, sys=6.55%, ctx=613724, majf=0, minf=64099
  IO depths    : 1=100.0%, 2=0.0%, 4=0.0%, 8=0.0%, 16=0.0%, 32=0.0%, >=64=0.0%
     submit    : 0=0.0%, 4=100.0%, 8=0.0%, 16=0.0%, 32=0.0%, 64=0.0%, >=64=0.0%
     complete  : 0=0.0%, 4=100.0%, 8=0.0%, 16=0.0%, 32=0.0%, 64=0.0%, >=64=0.0%
     issued rwts: total=0,613673,0,0 short=0,0,0,0 dropped=0,0,0,0
     latency   : target=0, window=0, percentile=100.00%, depth=1
test_32kb_rwrite_5n6: (groupid=0, jobs=1): err= 0: pid=913439: Sat Sep  6 19:47:13 2025
  write: IOPS=5056, BW=158MiB/s (166MB/s)(18.5GiB/120001msec); 0 zone resets
    clat (usec): min=34, max=505352, avg=195.98, stdev=3867.42
     lat (usec): min=34, max=505353, avg=196.49, stdev=3867.42
    clat percentiles (usec):
     |  1.00th=[   51],  5.00th=[   58], 10.00th=[   63], 20.00th=[   71],
     | 30.00th=[   78], 40.00th=[   86], 50.00th=[   98], 60.00th=[  120],
     | 70.00th=[  180], 80.00th=[  289], 90.00th=[  363], 95.00th=[  433],
     | 99.00th=[  594], 99.50th=[  676], 99.90th=[  881], 99.95th=[  971],
     | 99.99th=[ 2474]
   bw (  KiB/s): min= 8832, max=373184, per=2.26%, avg=161884.72, stdev=84805.23, samples=239
   iops        : min=  276, max=11662, avg=5058.89, stdev=2650.16, samples=239
  lat (usec)   : 50=0.89%, 100=50.67%, 250=23.90%, 500=22.14%, 750=2.14%
  lat (usec)   : 1000=0.21%
  lat (msec)   : 2=0.03%, 4=0.01%, 250=0.01%, 500=0.01%, 750=0.01%
  cpu          : usr=1.50%, sys=5.99%, ctx=606813, majf=0, minf=66200
  IO depths    : 1=100.0%, 2=0.0%, 4=0.0%, 8=0.0%, 16=0.0%, 32=0.0%, >=64=0.0%
     submit    : 0=0.0%, 4=100.0%, 8=0.0%, 16=0.0%, 32=0.0%, 64=0.0%, >=64=0.0%
     complete  : 0=0.0%, 4=100.0%, 8=0.0%, 16=0.0%, 32=0.0%, 64=0.0%, >=64=0.0%
     issued rwts: total=0,606766,0,0 short=0,0,0,0 dropped=0,0,0,0
     latency   : target=0, window=0, percentile=100.00%, depth=1
test_32kb_rwrite_5n6: (groupid=0, jobs=1): err= 0: pid=913440: Sat Sep  6 19:47:13 2025
  write: IOPS=4960, BW=155MiB/s (163MB/s)(18.2GiB/120001msec); 0 zone resets
    clat (usec): min=32, max=505383, avg=199.79, stdev=3903.71
     lat (usec): min=33, max=505384, avg=200.34, stdev=3903.72
    clat percentiles (usec):
     |  1.00th=[   52],  5.00th=[   59], 10.00th=[   64], 20.00th=[   73],
     | 30.00th=[   80], 40.00th=[   88], 50.00th=[  100], 60.00th=[  123],
     | 70.00th=[  188], 80.00th=[  289], 90.00th=[  371], 95.00th=[  433],
     | 99.00th=[  594], 99.50th=[  676], 99.90th=[  873], 99.95th=[  963],
     | 99.99th=[ 2409]
   bw (  KiB/s): min=12032, max=370048, per=2.22%, avg=159017.52, stdev=83901.97, samples=239
   iops        : min=  376, max=11564, avg=4969.29, stdev=2621.95, samples=239
  lat (usec)   : 50=0.66%, 100=49.26%, 250=24.73%, 500=22.94%, 750=2.16%
  lat (usec)   : 1000=0.21%
  lat (msec)   : 2=0.03%, 4=0.01%, 10=0.01%, 250=0.01%, 500=0.01%
  lat (msec)   : 750=0.01%
  cpu          : usr=1.40%, sys=6.50%, ctx=595257, majf=0, minf=62776
  IO depths    : 1=100.0%, 2=0.0%, 4=0.0%, 8=0.0%, 16=0.0%, 32=0.0%, >=64=0.0%
     submit    : 0=0.0%, 4=100.0%, 8=0.0%, 16=0.0%, 32=0.0%, 64=0.0%, >=64=0.0%
     complete  : 0=0.0%, 4=100.0%, 8=0.0%, 16=0.0%, 32=0.0%, 64=0.0%, >=64=0.0%
     issued rwts: total=0,595216,0,0 short=0,0,0,0 dropped=0,0,0,0
     latency   : target=0, window=0, percentile=100.00%, depth=1
test_32kb_rwrite_5n6: (groupid=0, jobs=1): err= 0: pid=913441: Sat Sep  6 19:47:13 2025
  write: IOPS=4948, BW=155MiB/s (162MB/s)(18.1GiB/120001msec); 0 zone resets
    clat (usec): min=36, max=505372, avg=200.30, stdev=3911.49
     lat (usec): min=37, max=505374, avg=200.89, stdev=3911.50
    clat percentiles (usec):
     |  1.00th=[   53],  5.00th=[   60], 10.00th=[   64], 20.00th=[   72],
     | 30.00th=[   80], 40.00th=[   88], 50.00th=[  100], 60.00th=[  125],
     | 70.00th=[  194], 80.00th=[  289], 90.00th=[  367], 95.00th=[  433],
     | 99.00th=[  594], 99.50th=[  676], 99.90th=[  857], 99.95th=[  955],
     | 99.99th=[ 2409]
   bw (  KiB/s): min=10048, max=386240, per=2.21%, avg=158614.69, stdev=82604.62, samples=239
   iops        : min=  314, max=12070, avg=4956.70, stdev=2581.39, samples=239
  lat (usec)   : 50=0.45%, 100=49.42%, 250=24.71%, 500=22.97%, 750=2.20%
  lat (usec)   : 1000=0.21%
  lat (msec)   : 2=0.02%, 4=0.01%, 250=0.01%, 500=0.01%, 750=0.01%
  cpu          : usr=1.45%, sys=6.41%, ctx=593850, majf=0, minf=64515
  IO depths    : 1=100.0%, 2=0.0%, 4=0.0%, 8=0.0%, 16=0.0%, 32=0.0%, >=64=0.0%
     submit    : 0=0.0%, 4=100.0%, 8=0.0%, 16=0.0%, 32=0.0%, 64=0.0%, >=64=0.0%
     complete  : 0=0.0%, 4=100.0%, 8=0.0%, 16=0.0%, 32=0.0%, 64=0.0%, >=64=0.0%
     issued rwts: total=0,593810,0,0 short=0,0,0,0 dropped=0,0,0,0
     latency   : target=0, window=0, percentile=100.00%, depth=1
test_32kb_rwrite_5n7: (groupid=0, jobs=1): err= 0: pid=913442: Sat Sep  6 19:47:13 2025
  write: IOPS=5011, BW=157MiB/s (164MB/s)(18.4GiB/120001msec); 0 zone resets
    clat (usec): min=36, max=504602, avg=197.76, stdev=3886.02
     lat (usec): min=36, max=504603, avg=198.30, stdev=3886.03
    clat percentiles (usec):
     |  1.00th=[   52],  5.00th=[   59], 10.00th=[   64], 20.00th=[   72],
     | 30.00th=[   79], 40.00th=[   87], 50.00th=[   99], 60.00th=[  121],
     | 70.00th=[  178], 80.00th=[  289], 90.00th=[  367], 95.00th=[  433],
     | 99.00th=[  611], 99.50th=[  693], 99.90th=[  889], 99.95th=[  988],
     | 99.99th=[ 2311]
   bw (  KiB/s): min=10048, max=402011, per=2.24%, avg=160669.80, stdev=88272.71, samples=239
   iops        : min=  314, max=12562, avg=5020.92, stdev=2758.50, samples=239
  lat (usec)   : 50=0.52%, 100=50.56%, 250=24.20%, 500=22.21%, 750=2.23%
  lat (usec)   : 1000=0.24%
  lat (msec)   : 2=0.03%, 4=0.01%, 250=0.01%, 500=0.01%, 750=0.01%
  cpu          : usr=1.52%, sys=6.41%, ctx=601421, majf=0, minf=62101
  IO depths    : 1=100.0%, 2=0.0%, 4=0.0%, 8=0.0%, 16=0.0%, 32=0.0%, >=64=0.0%
     submit    : 0=0.0%, 4=100.0%, 8=0.0%, 16=0.0%, 32=0.0%, 64=0.0%, >=64=0.0%
     complete  : 0=0.0%, 4=100.0%, 8=0.0%, 16=0.0%, 32=0.0%, 64=0.0%, >=64=0.0%
     issued rwts: total=0,601361,0,0 short=0,0,0,0 dropped=0,0,0,0
     latency   : target=0, window=0, percentile=100.00%, depth=1
test_32kb_rwrite_5n7: (groupid=0, jobs=1): err= 0: pid=913443: Sat Sep  6 19:47:13 2025
  write: IOPS=4973, BW=155MiB/s (163MB/s)(18.2GiB/120001msec); 0 zone resets
    clat (usec): min=34, max=504553, avg=199.30, stdev=3901.34
     lat (usec): min=34, max=504554, avg=199.88, stdev=3901.35
    clat percentiles (usec):
     |  1.00th=[   52],  5.00th=[   59], 10.00th=[   64], 20.00th=[   72],
     | 30.00th=[   79], 40.00th=[   87], 50.00th=[   99], 60.00th=[  122],
     | 70.00th=[  192], 80.00th=[  289], 90.00th=[  367], 95.00th=[  433],
     | 99.00th=[  611], 99.50th=[  693], 99.90th=[  881], 99.95th=[  979],
     | 99.99th=[ 2311]
   bw (  KiB/s): min=11328, max=409074, per=2.22%, avg=159080.74, stdev=86023.80, samples=239
   iops        : min=  354, max=12783, avg=4971.26, stdev=2688.24, samples=239
  lat (usec)   : 50=0.59%, 100=50.38%, 250=23.85%, 500=22.64%, 750=2.26%
  lat (usec)   : 1000=0.26%
  lat (msec)   : 2=0.03%, 4=0.01%, 250=0.01%, 500=0.01%, 750=0.01%
  cpu          : usr=1.51%, sys=6.32%, ctx=596846, majf=0, minf=64672
  IO depths    : 1=100.0%, 2=0.0%, 4=0.0%, 8=0.0%, 16=0.0%, 32=0.0%, >=64=0.0%
     submit    : 0=0.0%, 4=100.0%, 8=0.0%, 16=0.0%, 32=0.0%, 64=0.0%, >=64=0.0%
     complete  : 0=0.0%, 4=100.0%, 8=0.0%, 16=0.0%, 32=0.0%, 64=0.0%, >=64=0.0%
     issued rwts: total=0,596799,0,0 short=0,0,0,0 dropped=0,0,0,0
     latency   : target=0, window=0, percentile=100.00%, depth=1
test_32kb_rwrite_5n7: (groupid=0, jobs=1): err= 0: pid=913444: Sat Sep  6 19:47:13 2025
  write: IOPS=4944, BW=155MiB/s (162MB/s)(18.1GiB/120001msec); 0 zone resets
    clat (usec): min=35, max=504146, avg=200.43, stdev=3912.82
     lat (usec): min=37, max=504147, avg=200.98, stdev=3912.83
    clat percentiles (usec):
     |  1.00th=[   52],  5.00th=[   60], 10.00th=[   64], 20.00th=[   73],
     | 30.00th=[   80], 40.00th=[   89], 50.00th=[  101], 60.00th=[  124],
     | 70.00th=[  190], 80.00th=[  289], 90.00th=[  367], 95.00th=[  433],
     | 99.00th=[  611], 99.50th=[  693], 99.90th=[  898], 99.95th=[  988],
     | 99.99th=[ 2343]
   bw (  KiB/s): min=12288, max=400865, per=2.21%, avg=158480.36, stdev=83533.37, samples=239
   iops        : min=  384, max=12527, avg=4952.50, stdev=2610.42, samples=239
  lat (usec)   : 50=0.52%, 100=49.10%, 250=25.06%, 500=22.84%, 750=2.18%
  lat (usec)   : 1000=0.26%
  lat (msec)   : 2=0.03%, 4=0.01%, 10=0.01%, 250=0.01%, 500=0.01%
  lat (msec)   : 750=0.01%
  cpu          : usr=1.47%, sys=6.35%, ctx=593433, majf=0, minf=61457
  IO depths    : 1=100.0%, 2=0.0%, 4=0.0%, 8=0.0%, 16=0.0%, 32=0.0%, >=64=0.0%
     submit    : 0=0.0%, 4=100.0%, 8=0.0%, 16=0.0%, 32=0.0%, 64=0.0%, >=64=0.0%
     complete  : 0=0.0%, 4=100.0%, 8=0.0%, 16=0.0%, 32=0.0%, 64=0.0%, >=64=0.0%
     issued rwts: total=0,593384,0,0 short=0,0,0,0 dropped=0,0,0,0
     latency   : target=0, window=0, percentile=100.00%, depth=1
test_32kb_rwrite_5n7: (groupid=0, jobs=1): err= 0: pid=913445: Sat Sep  6 19:47:13 2025
  write: IOPS=4843, BW=151MiB/s (159MB/s)(17.7GiB/120001msec); 0 zone resets
    clat (usec): min=33, max=505446, avg=204.54, stdev=3950.57
     lat (usec): min=33, max=505446, avg=205.08, stdev=3950.58
    clat percentiles (usec):
     |  1.00th=[   52],  5.00th=[   60], 10.00th=[   65], 20.00th=[   73],
     | 30.00th=[   80], 40.00th=[   89], 50.00th=[  102], 60.00th=[  129],
     | 70.00th=[  206], 80.00th=[  293], 90.00th=[  375], 95.00th=[  437],
     | 99.00th=[  619], 99.50th=[  701], 99.90th=[  914], 99.95th=[ 1004],
     | 99.99th=[ 2343]
   bw (  KiB/s): min= 9664, max=372224, per=2.16%, avg=155176.26, stdev=83317.91, samples=239
   iops        : min=  302, max=11632, avg=4849.24, stdev=2603.66, samples=239
  lat (usec)   : 50=0.57%, 100=48.16%, 250=25.06%, 500=23.52%, 750=2.36%
  lat (usec)   : 1000=0.28%
  lat (msec)   : 2=0.04%, 4=0.01%, 250=0.01%, 500=0.01%, 750=0.01%
  cpu          : usr=1.41%, sys=6.44%, ctx=581306, majf=0, minf=73957
  IO depths    : 1=100.0%, 2=0.0%, 4=0.0%, 8=0.0%, 16=0.0%, 32=0.0%, >=64=0.0%
     submit    : 0=0.0%, 4=100.0%, 8=0.0%, 16=0.0%, 32=0.0%, 64=0.0%, >=64=0.0%
     complete  : 0=0.0%, 4=100.0%, 8=0.0%, 16=0.0%, 32=0.0%, 64=0.0%, >=64=0.0%
     issued rwts: total=0,581241,0,0 short=0,0,0,0 dropped=0,0,0,0
     latency   : target=0, window=0, percentile=100.00%, depth=1
test_32kb_rwrite_5n7: (groupid=0, jobs=1): err= 0: pid=913446: Sat Sep  6 19:47:13 2025
  write: IOPS=4858, BW=152MiB/s (159MB/s)(17.8GiB/120001msec); 0 zone resets
    clat (usec): min=36, max=504955, avg=204.11, stdev=3945.31
     lat (usec): min=36, max=504955, avg=204.67, stdev=3945.32
    clat percentiles (usec):
     |  1.00th=[   52],  5.00th=[   60], 10.00th=[   65], 20.00th=[   73],
     | 30.00th=[   81], 40.00th=[   90], 50.00th=[  103], 60.00th=[  128],
     | 70.00th=[  200], 80.00th=[  293], 90.00th=[  375], 95.00th=[  437],
     | 99.00th=[  619], 99.50th=[  701], 99.90th=[  889], 99.95th=[  979],
     | 99.99th=[ 2474]
   bw (  KiB/s): min= 4224, max=411328, per=2.17%, avg=155697.12, stdev=83709.56, samples=239
   iops        : min=  132, max=12854, avg=4865.52, stdev=2615.92, samples=239
  lat (usec)   : 50=0.56%, 100=47.64%, 250=25.83%, 500=23.31%, 750=2.34%
  lat (usec)   : 1000=0.27%
  lat (msec)   : 2=0.03%, 4=0.01%, 250=0.01%, 500=0.01%, 750=0.01%
  cpu          : usr=1.43%, sys=6.37%, ctx=583072, majf=0, minf=22801
  IO depths    : 1=100.0%, 2=0.0%, 4=0.0%, 8=0.0%, 16=0.0%, 32=0.0%, >=64=0.0%
     submit    : 0=0.0%, 4=100.0%, 8=0.0%, 16=0.0%, 32=0.0%, 64=0.0%, >=64=0.0%
     complete  : 0=0.0%, 4=100.0%, 8=0.0%, 16=0.0%, 32=0.0%, 64=0.0%, >=64=0.0%
     issued rwts: total=0,583040,0,0 short=0,0,0,0 dropped=0,0,0,0
     latency   : target=0, window=0, percentile=100.00%, depth=1
test_32kb_rwrite_5n8: (groupid=0, jobs=1): err= 0: pid=913447: Sat Sep  6 19:47:13 2025
  write: IOPS=4904, BW=153MiB/s (161MB/s)(18.0GiB/120001msec); 0 zone resets
    clat (usec): min=36, max=505033, avg=202.02, stdev=3928.96
     lat (usec): min=36, max=505033, avg=202.53, stdev=3928.97
    clat percentiles (usec):
     |  1.00th=[   53],  5.00th=[   60], 10.00th=[   65], 20.00th=[   73],
     | 30.00th=[   80], 40.00th=[   89], 50.00th=[  101], 60.00th=[  124],
     | 70.00th=[  194], 80.00th=[  293], 90.00th=[  375], 95.00th=[  437],
     | 99.00th=[  603], 99.50th=[  685], 99.90th=[  881], 99.95th=[  979],
     | 99.99th=[ 2606]
   bw (  KiB/s): min=11264, max=390592, per=2.19%, avg=157108.69, stdev=81934.01, samples=239
   iops        : min=  352, max=12206, avg=4909.64, stdev=2560.44, samples=239
  lat (usec)   : 50=0.46%, 100=49.11%, 250=24.76%, 500=23.10%, 750=2.29%
  lat (usec)   : 1000=0.24%
  lat (msec)   : 2=0.03%, 4=0.01%, 10=0.01%, 250=0.01%, 500=0.01%
  lat (msec)   : 750=0.01%
  cpu          : usr=1.49%, sys=6.46%, ctx=588605, majf=0, minf=69137
  IO depths    : 1=100.0%, 2=0.0%, 4=0.0%, 8=0.0%, 16=0.0%, 32=0.0%, >=64=0.0%
     submit    : 0=0.0%, 4=100.0%, 8=0.0%, 16=0.0%, 32=0.0%, 64=0.0%, >=64=0.0%
     complete  : 0=0.0%, 4=100.0%, 8=0.0%, 16=0.0%, 32=0.0%, 64=0.0%, >=64=0.0%
     issued rwts: total=0,588545,0,0 short=0,0,0,0 dropped=0,0,0,0
     latency   : target=0, window=0, percentile=100.00%, depth=1
test_32kb_rwrite_5n8: (groupid=0, jobs=1): err= 0: pid=913448: Sat Sep  6 19:47:13 2025
  write: IOPS=5136, BW=161MiB/s (168MB/s)(18.8GiB/120001msec); 0 zone resets
    clat (usec): min=35, max=505623, avg=193.01, stdev=3836.82
     lat (usec): min=35, max=505624, avg=193.53, stdev=3836.83
    clat percentiles (usec):
     |  1.00th=[   52],  5.00th=[   59], 10.00th=[   64], 20.00th=[   72],
     | 30.00th=[   79], 40.00th=[   86], 50.00th=[   97], 60.00th=[  117],
     | 70.00th=[  165], 80.00th=[  285], 90.00th=[  355], 95.00th=[  429],
     | 99.00th=[  603], 99.50th=[  685], 99.90th=[  873], 99.95th=[  963],
     | 99.99th=[ 2311]
   bw (  KiB/s): min=10688, max=389440, per=2.30%, avg=164621.57, stdev=86078.51, samples=239
   iops        : min=  334, max=12170, avg=5144.41, stdev=2689.96, samples=239
  lat (usec)   : 50=0.49%, 100=51.81%, 250=24.08%, 500=21.26%, 750=2.10%
  lat (usec)   : 1000=0.22%
  lat (msec)   : 2=0.03%, 4=0.01%, 250=0.01%, 500=0.01%, 750=0.01%
  cpu          : usr=1.44%, sys=6.39%, ctx=616377, majf=0, minf=64080
  IO depths    : 1=100.0%, 2=0.0%, 4=0.0%, 8=0.0%, 16=0.0%, 32=0.0%, >=64=0.0%
     submit    : 0=0.0%, 4=100.0%, 8=0.0%, 16=0.0%, 32=0.0%, 64=0.0%, >=64=0.0%
     complete  : 0=0.0%, 4=100.0%, 8=0.0%, 16=0.0%, 32=0.0%, 64=0.0%, >=64=0.0%
     issued rwts: total=0,616334,0,0 short=0,0,0,0 dropped=0,0,0,0
     latency   : target=0, window=0, percentile=100.00%, depth=1
test_32kb_rwrite_5n8: (groupid=0, jobs=1): err= 0: pid=913449: Sat Sep  6 19:47:13 2025
  write: IOPS=4920, BW=154MiB/s (161MB/s)(18.0GiB/120001msec); 0 zone resets
    clat (usec): min=34, max=505577, avg=201.37, stdev=3921.66
     lat (usec): min=34, max=505578, avg=201.89, stdev=3921.67
    clat percentiles (usec):
     |  1.00th=[   52],  5.00th=[   59], 10.00th=[   64], 20.00th=[   72],
     | 30.00th=[   80], 40.00th=[   88], 50.00th=[  101], 60.00th=[  126],
     | 70.00th=[  194], 80.00th=[  293], 90.00th=[  371], 95.00th=[  437],
     | 99.00th=[  603], 99.50th=[  693], 99.90th=[  873], 99.95th=[  971],
     | 99.99th=[ 2311]
   bw (  KiB/s): min= 9728, max=383424, per=2.20%, avg=157648.94, stdev=85701.11, samples=239
   iops        : min=  304, max=11982, avg=4926.52, stdev=2678.15, samples=239
  lat (usec)   : 50=0.52%, 100=49.02%, 250=24.95%, 500=22.96%, 750=2.28%
  lat (usec)   : 1000=0.24%
  lat (msec)   : 2=0.03%, 4=0.01%, 250=0.01%, 500=0.01%, 750=0.01%
  cpu          : usr=1.40%, sys=6.48%, ctx=590543, majf=0, minf=71648
  IO depths    : 1=100.0%, 2=0.0%, 4=0.0%, 8=0.0%, 16=0.0%, 32=0.0%, >=64=0.0%
     submit    : 0=0.0%, 4=100.0%, 8=0.0%, 16=0.0%, 32=0.0%, 64=0.0%, >=64=0.0%
     complete  : 0=0.0%, 4=100.0%, 8=0.0%, 16=0.0%, 32=0.0%, 64=0.0%, >=64=0.0%
     issued rwts: total=0,590474,0,0 short=0,0,0,0 dropped=0,0,0,0
     latency   : target=0, window=0, percentile=100.00%, depth=1
test_32kb_rwrite_5n8: (groupid=0, jobs=1): err= 0: pid=913450: Sat Sep  6 19:47:13 2025
  write: IOPS=5061, BW=158MiB/s (166MB/s)(18.5GiB/120001msec); 0 zone resets
    clat (usec): min=33, max=505362, avg=195.77, stdev=3866.65
     lat (usec): min=34, max=505363, avg=196.30, stdev=3866.66
    clat percentiles (usec):
     |  1.00th=[   52],  5.00th=[   59], 10.00th=[   64], 20.00th=[   72],
     | 30.00th=[   79], 40.00th=[   87], 50.00th=[   98], 60.00th=[  119],
     | 70.00th=[  174], 80.00th=[  285], 90.00th=[  367], 95.00th=[  433],
     | 99.00th=[  603], 99.50th=[  676], 99.90th=[  848], 99.95th=[  938],
     | 99.99th=[ 2573]
   bw (  KiB/s): min=10176, max=426304, per=2.26%, avg=162315.40, stdev=86565.29, samples=239
   iops        : min=  318, max=13322, avg=5072.35, stdev=2705.17, samples=239
  lat (usec)   : 50=0.65%, 100=51.07%, 250=24.20%, 500=21.62%, 750=2.22%
  lat (usec)   : 1000=0.20%
  lat (msec)   : 2=0.02%, 4=0.01%, 250=0.01%, 500=0.01%, 750=0.01%
  cpu          : usr=1.52%, sys=6.46%, ctx=607449, majf=0, minf=65475
  IO depths    : 1=100.0%, 2=0.0%, 4=0.0%, 8=0.0%, 16=0.0%, 32=0.0%, >=64=0.0%
     submit    : 0=0.0%, 4=100.0%, 8=0.0%, 16=0.0%, 32=0.0%, 64=0.0%, >=64=0.0%
     complete  : 0=0.0%, 4=100.0%, 8=0.0%, 16=0.0%, 32=0.0%, 64=0.0%, >=64=0.0%
     issued rwts: total=0,607409,0,0 short=0,0,0,0 dropped=0,0,0,0
     latency   : target=0, window=0, percentile=100.00%, depth=1
test_32kb_rwrite_5n8: (groupid=0, jobs=1): err= 0: pid=913451: Sat Sep  6 19:47:13 2025
  write: IOPS=4847, BW=151MiB/s (159MB/s)(17.8GiB/120001msec); 0 zone resets
    clat (usec): min=36, max=504096, avg=204.41, stdev=3948.20
     lat (usec): min=36, max=504097, avg=205.01, stdev=3948.21
    clat percentiles (usec):
     |  1.00th=[   52],  5.00th=[   59], 10.00th=[   64], 20.00th=[   72],
     | 30.00th=[   80], 40.00th=[   89], 50.00th=[  103], 60.00th=[  129],
     | 70.00th=[  215], 80.00th=[  293], 90.00th=[  375], 95.00th=[  437],
     | 99.00th=[  603], 99.50th=[  676], 99.90th=[  857], 99.95th=[  955],
     | 99.99th=[ 2606]
   bw (  KiB/s): min= 8512, max=430749, per=2.17%, avg=155252.40, stdev=82243.76, samples=239
   iops        : min=  266, max=13460, avg=4851.62, stdev=2570.11, samples=239
  lat (usec)   : 50=0.50%, 100=48.02%, 250=25.01%, 500=23.82%, 750=2.39%
  lat (usec)   : 1000=0.21%
  lat (msec)   : 2=0.02%, 4=0.01%, 250=0.01%, 500=0.01%, 750=0.01%
  cpu          : usr=1.44%, sys=6.38%, ctx=581780, majf=0, minf=63679
  IO depths    : 1=100.0%, 2=0.0%, 4=0.0%, 8=0.0%, 16=0.0%, 32=0.0%, >=64=0.0%
     submit    : 0=0.0%, 4=100.0%, 8=0.0%, 16=0.0%, 32=0.0%, 64=0.0%, >=64=0.0%
     complete  : 0=0.0%, 4=100.0%, 8=0.0%, 16=0.0%, 32=0.0%, 64=0.0%, >=64=0.0%
     issued rwts: total=0,581717,0,0 short=0,0,0,0 dropped=0,0,0,0
     latency   : target=0, window=0, percentile=100.00%, depth=1
test_32kb_rwrite_5n9: (groupid=0, jobs=1): err= 0: pid=913452: Sat Sep  6 19:47:13 2025
  write: IOPS=5074, BW=159MiB/s (166MB/s)(18.6GiB/120001msec); 0 zone resets
    clat (usec): min=35, max=504533, avg=195.26, stdev=3859.83
     lat (usec): min=36, max=504533, avg=195.88, stdev=3859.84
    clat percentiles (usec):
     |  1.00th=[   52],  5.00th=[   59], 10.00th=[   64], 20.00th=[   72],
     | 30.00th=[   79], 40.00th=[   87], 50.00th=[   98], 60.00th=[  120],
     | 70.00th=[  174], 80.00th=[  285], 90.00th=[  359], 95.00th=[  429],
     | 99.00th=[  594], 99.50th=[  668], 99.90th=[  840], 99.95th=[  930],
     | 99.99th=[ 2024]
   bw (  KiB/s): min=12736, max=347456, per=2.27%, avg=162695.28, stdev=84786.66, samples=239
   iops        : min=  398, max=10858, avg=5084.23, stdev=2649.58, samples=239
  lat (usec)   : 50=0.50%, 100=50.93%, 250=24.38%, 500=21.83%, 750=2.15%
  lat (usec)   : 1000=0.19%
  lat (msec)   : 2=0.02%, 4=0.01%, 250=0.01%, 500=0.01%, 750=0.01%
  cpu          : usr=1.50%, sys=6.49%, ctx=608992, majf=0, minf=63856
  IO depths    : 1=100.0%, 2=0.0%, 4=0.0%, 8=0.0%, 16=0.0%, 32=0.0%, >=64=0.0%
     submit    : 0=0.0%, 4=100.0%, 8=0.0%, 16=0.0%, 32=0.0%, 64=0.0%, >=64=0.0%
     complete  : 0=0.0%, 4=100.0%, 8=0.0%, 16=0.0%, 32=0.0%, 64=0.0%, >=64=0.0%
     issued rwts: total=0,608938,0,0 short=0,0,0,0 dropped=0,0,0,0
     latency   : target=0, window=0, percentile=100.00%, depth=1
test_32kb_rwrite_5n9: (groupid=0, jobs=1): err= 0: pid=913453: Sat Sep  6 19:47:13 2025
  write: IOPS=4809, BW=150MiB/s (158MB/s)(17.6GiB/120001msec); 0 zone resets
    clat (usec): min=33, max=504793, avg=206.09, stdev=3964.09
     lat (usec): min=33, max=504793, avg=206.61, stdev=3964.09
    clat percentiles (usec):
     |  1.00th=[   52],  5.00th=[   60], 10.00th=[   65], 20.00th=[   73],
     | 30.00th=[   81], 40.00th=[   90], 50.00th=[  104], 60.00th=[  133],
     | 70.00th=[  219], 80.00th=[  293], 90.00th=[  375], 95.00th=[  437],
     | 99.00th=[  603], 99.50th=[  685], 99.90th=[  865], 99.95th=[  971],
     | 99.99th=[ 2376]
   bw (  KiB/s): min=10560, max=387648, per=2.15%, avg=154045.80, stdev=78922.97, samples=239
   iops        : min=  330, max=12114, avg=4813.92, stdev=2466.32, samples=239
  lat (usec)   : 50=0.54%, 100=47.04%, 250=25.58%, 500=24.29%, 750=2.30%
  lat (usec)   : 1000=0.21%
  lat (msec)   : 2=0.03%, 4=0.01%, 10=0.01%, 250=0.01%, 500=0.01%
  lat (msec)   : 750=0.01%
  cpu          : usr=1.48%, sys=5.94%, ctx=577196, majf=0, minf=61747
  IO depths    : 1=100.0%, 2=0.0%, 4=0.0%, 8=0.0%, 16=0.0%, 32=0.0%, >=64=0.0%
     submit    : 0=0.0%, 4=100.0%, 8=0.0%, 16=0.0%, 32=0.0%, 64=0.0%, >=64=0.0%
     complete  : 0=0.0%, 4=100.0%, 8=0.0%, 16=0.0%, 32=0.0%, 64=0.0%, >=64=0.0%
     issued rwts: total=0,577137,0,0 short=0,0,0,0 dropped=0,0,0,0
     latency   : target=0, window=0, percentile=100.00%, depth=1
test_32kb_rwrite_5n9: (groupid=0, jobs=1): err= 0: pid=913454: Sat Sep  6 19:47:13 2025
  write: IOPS=4969, BW=155MiB/s (163MB/s)(18.2GiB/120001msec); 0 zone resets
    clat (usec): min=35, max=505220, avg=199.35, stdev=3900.26
     lat (usec): min=35, max=505222, avg=199.91, stdev=3900.26
    clat percentiles (usec):
     |  1.00th=[   53],  5.00th=[   60], 10.00th=[   64], 20.00th=[   72],
     | 30.00th=[   79], 40.00th=[   87], 50.00th=[   99], 60.00th=[  122],
     | 70.00th=[  188], 80.00th=[  289], 90.00th=[  371], 95.00th=[  433],
     | 99.00th=[  603], 99.50th=[  685], 99.90th=[  889], 99.95th=[  979],
     | 99.99th=[ 2376]
   bw (  KiB/s): min=10112, max=385731, per=2.22%, avg=159297.57, stdev=87801.48, samples=239
   iops        : min=  316, max=12054, avg=4978.04, stdev=2743.79, samples=239
  lat (usec)   : 50=0.37%, 100=50.41%, 250=24.13%, 500=22.54%, 750=2.25%
  lat (usec)   : 1000=0.24%
  lat (msec)   : 2=0.03%, 4=0.01%, 250=0.01%, 500=0.01%, 750=0.01%
  cpu          : usr=1.47%, sys=6.47%, ctx=596435, majf=0, minf=67887
  IO depths    : 1=100.0%, 2=0.0%, 4=0.0%, 8=0.0%, 16=0.0%, 32=0.0%, >=64=0.0%
     submit    : 0=0.0%, 4=100.0%, 8=0.0%, 16=0.0%, 32=0.0%, 64=0.0%, >=64=0.0%
     complete  : 0=0.0%, 4=100.0%, 8=0.0%, 16=0.0%, 32=0.0%, 64=0.0%, >=64=0.0%
     issued rwts: total=0,596371,0,0 short=0,0,0,0 dropped=0,0,0,0
     latency   : target=0, window=0, percentile=100.00%, depth=1
test_32kb_rwrite_5n9: (groupid=0, jobs=1): err= 0: pid=913455: Sat Sep  6 19:47:13 2025
  write: IOPS=5033, BW=157MiB/s (165MB/s)(18.4GiB/120001msec); 0 zone resets
    clat (usec): min=33, max=505783, avg=196.90, stdev=3876.77
     lat (usec): min=34, max=505784, avg=197.46, stdev=3876.77
    clat percentiles (usec):
     |  1.00th=[   52],  5.00th=[   59], 10.00th=[   64], 20.00th=[   72],
     | 30.00th=[   79], 40.00th=[   87], 50.00th=[   99], 60.00th=[  122],
     | 70.00th=[  184], 80.00th=[  289], 90.00th=[  363], 95.00th=[  433],
     | 99.00th=[  586], 99.50th=[  660], 99.90th=[  824], 99.95th=[  922],
     | 99.99th=[ 2073]
   bw (  KiB/s): min=13504, max=396672, per=2.25%, avg=161330.51, stdev=86912.91, samples=239
   iops        : min=  422, max=12396, avg=5041.57, stdev=2716.03, samples=239
  lat (usec)   : 50=0.62%, 100=50.29%, 250=24.53%, 500=22.22%, 750=2.14%
  lat (usec)   : 1000=0.16%
  lat (msec)   : 2=0.02%, 4=0.01%, 250=0.01%, 500=0.01%, 750=0.01%
  cpu          : usr=1.43%, sys=6.46%, ctx=604050, majf=0, minf=64389
  IO depths    : 1=100.0%, 2=0.0%, 4=0.0%, 8=0.0%, 16=0.0%, 32=0.0%, >=64=0.0%
     submit    : 0=0.0%, 4=100.0%, 8=0.0%, 16=0.0%, 32=0.0%, 64=0.0%, >=64=0.0%
     complete  : 0=0.0%, 4=100.0%, 8=0.0%, 16=0.0%, 32=0.0%, 64=0.0%, >=64=0.0%
     issued rwts: total=0,604001,0,0 short=0,0,0,0 dropped=0,0,0,0
     latency   : target=0, window=0, percentile=100.00%, depth=1
test_32kb_rwrite_5n9: (groupid=0, jobs=1): err= 0: pid=913456: Sat Sep  6 19:47:13 2025
  write: IOPS=4919, BW=154MiB/s (161MB/s)(18.0GiB/120001msec); 0 zone resets
    clat (usec): min=34, max=505593, avg=201.36, stdev=3919.66
     lat (usec): min=34, max=505595, avg=201.99, stdev=3919.66
    clat percentiles (usec):
     |  1.00th=[   52],  5.00th=[   60], 10.00th=[   65], 20.00th=[   73],
     | 30.00th=[   80], 40.00th=[   89], 50.00th=[  101], 60.00th=[  125],
     | 70.00th=[  196], 80.00th=[  293], 90.00th=[  371], 95.00th=[  433],
     | 99.00th=[  603], 99.50th=[  676], 99.90th=[  857], 99.95th=[  963],
     | 99.99th=[ 2606]
   bw (  KiB/s): min= 9152, max=356224, per=2.20%, avg=157732.52, stdev=81935.18, samples=239
   iops        : min=  286, max=11132, avg=4929.13, stdev=2560.46, samples=239
  lat (usec)   : 50=0.54%, 100=48.82%, 250=25.07%, 500=23.05%, 750=2.27%
  lat (usec)   : 1000=0.21%
  lat (msec)   : 2=0.02%, 4=0.01%, 10=0.01%, 250=0.01%, 500=0.01%
  lat (msec)   : 750=0.01%
  cpu          : usr=1.53%, sys=6.45%, ctx=590412, majf=0, minf=67850
  IO depths    : 1=100.0%, 2=0.0%, 4=0.0%, 8=0.0%, 16=0.0%, 32=0.0%, >=64=0.0%
     submit    : 0=0.0%, 4=100.0%, 8=0.0%, 16=0.0%, 32=0.0%, 64=0.0%, >=64=0.0%
     complete  : 0=0.0%, 4=100.0%, 8=0.0%, 16=0.0%, 32=0.0%, 64=0.0%, >=64=0.0%
     issued rwts: total=0,590361,0,0 short=0,0,0,0 dropped=0,0,0,0
     latency   : target=0, window=0, percentile=100.00%, depth=1
test_32kb_rwrite_5n10: (groupid=0, jobs=1): err= 0: pid=913457: Sat Sep  6 19:47:13 2025
  write: IOPS=5040, BW=158MiB/s (165MB/s)(18.5GiB/120001msec); 0 zone resets
    clat (usec): min=34, max=504517, avg=196.60, stdev=3872.47
     lat (usec): min=35, max=504518, avg=197.12, stdev=3872.48
    clat percentiles (usec):
     |  1.00th=[   52],  5.00th=[   60], 10.00th=[   64], 20.00th=[   73],
     | 30.00th=[   80], 40.00th=[   88], 50.00th=[   99], 60.00th=[  120],
     | 70.00th=[  172], 80.00th=[  289], 90.00th=[  367], 95.00th=[  433],
     | 99.00th=[  603], 99.50th=[  685], 99.90th=[  881], 99.95th=[  971],
     | 99.99th=[ 2409]
   bw (  KiB/s): min=10240, max=375760, per=2.25%, avg=161461.30, stdev=85188.63, samples=239
   iops        : min=  320, max=11742, avg=5045.66, stdev=2662.13, samples=239
  lat (usec)   : 50=0.54%, 100=50.39%, 250=24.71%, 500=21.99%, 750=2.09%
  lat (usec)   : 1000=0.24%
  lat (msec)   : 2=0.03%, 4=0.01%, 250=0.01%, 500=0.01%, 750=0.01%
  cpu          : usr=1.45%, sys=6.52%, ctx=604924, majf=0, minf=66742
  IO depths    : 1=100.0%, 2=0.0%, 4=0.0%, 8=0.0%, 16=0.0%, 32=0.0%, >=64=0.0%
     submit    : 0=0.0%, 4=100.0%, 8=0.0%, 16=0.0%, 32=0.0%, 64=0.0%, >=64=0.0%
     complete  : 0=0.0%, 4=100.0%, 8=0.0%, 16=0.0%, 32=0.0%, 64=0.0%, >=64=0.0%
     issued rwts: total=0,604869,0,0 short=0,0,0,0 dropped=0,0,0,0
     latency   : target=0, window=0, percentile=100.00%, depth=1
test_32kb_rwrite_5n10: (groupid=0, jobs=1): err= 0: pid=913458: Sat Sep  6 19:47:13 2025
  write: IOPS=4881, BW=153MiB/s (160MB/s)(17.9GiB/120001msec); 0 zone resets
    clat (usec): min=33, max=505111, avg=202.95, stdev=3932.77
     lat (usec): min=33, max=505111, avg=203.57, stdev=3932.77
    clat percentiles (usec):
     |  1.00th=[   52],  5.00th=[   60], 10.00th=[   65], 20.00th=[   73],
     | 30.00th=[   80], 40.00th=[   89], 50.00th=[  102], 60.00th=[  128],
     | 70.00th=[  200], 80.00th=[  293], 90.00th=[  375], 95.00th=[  437],
     | 99.00th=[  603], 99.50th=[  685], 99.90th=[  865], 99.95th=[  955],
     | 99.99th=[ 2311]
   bw (  KiB/s): min=10880, max=387456, per=2.18%, avg=156427.40, stdev=84135.71, samples=239
   iops        : min=  340, max=12108, avg=4888.35, stdev=2629.24, samples=239
  lat (usec)   : 50=0.55%, 100=48.19%, 250=25.44%, 500=23.25%, 750=2.32%
  lat (usec)   : 1000=0.22%
  lat (msec)   : 2=0.03%, 4=0.01%, 250=0.01%, 500=0.01%, 750=0.01%
  cpu          : usr=1.49%, sys=6.48%, ctx=585877, majf=0, minf=62995
  IO depths    : 1=100.0%, 2=0.0%, 4=0.0%, 8=0.0%, 16=0.0%, 32=0.0%, >=64=0.0%
     submit    : 0=0.0%, 4=100.0%, 8=0.0%, 16=0.0%, 32=0.0%, 64=0.0%, >=64=0.0%
     complete  : 0=0.0%, 4=100.0%, 8=0.0%, 16=0.0%, 32=0.0%, 64=0.0%, >=64=0.0%
     issued rwts: total=0,585825,0,0 short=0,0,0,0 dropped=0,0,0,0
     latency   : target=0, window=0, percentile=100.00%, depth=1
test_32kb_rwrite_5n10: (groupid=0, jobs=1): err= 0: pid=913459: Sat Sep  6 19:47:13 2025
  write: IOPS=4700, BW=147MiB/s (154MB/s)(17.2GiB/120001msec); 0 zone resets
    clat (usec): min=35, max=505262, avg=210.70, stdev=4011.79
     lat (usec): min=35, max=505262, avg=211.29, stdev=4011.79
    clat percentiles (usec):
     |  1.00th=[   53],  5.00th=[   60], 10.00th=[   65], 20.00th=[   74],
     | 30.00th=[   82], 40.00th=[   92], 50.00th=[  108], 60.00th=[  137],
     | 70.00th=[  231], 80.00th=[  297], 90.00th=[  383], 95.00th=[  441],
     | 99.00th=[  619], 99.50th=[  693], 99.90th=[  889], 99.95th=[  971],
     | 99.99th=[ 2573]
   bw (  KiB/s): min=11200, max=378677, per=2.10%, avg=150564.79, stdev=77841.87, samples=239
   iops        : min=  350, max=11833, avg=4705.14, stdev=2432.53, samples=239
  lat (usec)   : 50=0.42%, 100=45.64%, 250=26.31%, 500=24.82%, 750=2.50%
  lat (usec)   : 1000=0.25%
  lat (msec)   : 2=0.03%, 4=0.01%, 250=0.01%, 500=0.01%, 750=0.01%
  cpu          : usr=1.41%, sys=6.46%, ctx=564096, majf=0, minf=76544
  IO depths    : 1=100.0%, 2=0.0%, 4=0.0%, 8=0.0%, 16=0.0%, 32=0.0%, >=64=0.0%
     submit    : 0=0.0%, 4=100.0%, 8=0.0%, 16=0.0%, 32=0.0%, 64=0.0%, >=64=0.0%
     complete  : 0=0.0%, 4=100.0%, 8=0.0%, 16=0.0%, 32=0.0%, 64=0.0%, >=64=0.0%
     issued rwts: total=0,564023,0,0 short=0,0,0,0 dropped=0,0,0,0
     latency   : target=0, window=0, percentile=100.00%, depth=1
test_32kb_rwrite_5n10: (groupid=0, jobs=1): err= 0: pid=913460: Sat Sep  6 19:47:13 2025
  write: IOPS=5032, BW=157MiB/s (165MB/s)(18.4GiB/120001msec); 0 zone resets
    clat (usec): min=34, max=505002, avg=196.89, stdev=3876.47
     lat (usec): min=35, max=505003, avg=197.52, stdev=3876.48
    clat percentiles (usec):
     |  1.00th=[   52],  5.00th=[   59], 10.00th=[   64], 20.00th=[   71],
     | 30.00th=[   79], 40.00th=[   87], 50.00th=[   98], 60.00th=[  121],
     | 70.00th=[  178], 80.00th=[  289], 90.00th=[  363], 95.00th=[  433],
     | 99.00th=[  603], 99.50th=[  685], 99.90th=[  865], 99.95th=[  955],
     | 99.99th=[ 2376]
   bw (  KiB/s): min= 8896, max=408176, per=2.25%, avg=161213.33, stdev=88152.94, samples=239
   iops        : min=  278, max=12755, avg=5037.91, stdev=2754.77, samples=239
  lat (usec)   : 50=0.60%, 100=50.80%, 250=24.10%, 500=22.02%, 750=2.21%
  lat (usec)   : 1000=0.23%
  lat (msec)   : 2=0.02%, 4=0.01%, 250=0.01%, 500=0.01%, 750=0.01%
  cpu          : usr=1.46%, sys=6.48%, ctx=603896, majf=0, minf=63452
  IO depths    : 1=100.0%, 2=0.0%, 4=0.0%, 8=0.0%, 16=0.0%, 32=0.0%, >=64=0.0%
     submit    : 0=0.0%, 4=100.0%, 8=0.0%, 16=0.0%, 32=0.0%, 64=0.0%, >=64=0.0%
     complete  : 0=0.0%, 4=100.0%, 8=0.0%, 16=0.0%, 32=0.0%, 64=0.0%, >=64=0.0%
     issued rwts: total=0,603846,0,0 short=0,0,0,0 dropped=0,0,0,0
     latency   : target=0, window=0, percentile=100.00%, depth=1
test_32kb_rwrite_5n10: (groupid=0, jobs=1): err= 0: pid=913461: Sat Sep  6 19:47:13 2025
  write: IOPS=4872, BW=152MiB/s (160MB/s)(17.8GiB/120001msec); 0 zone resets
    clat (usec): min=33, max=505002, avg=203.49, stdev=3938.35
     lat (usec): min=34, max=505003, avg=203.99, stdev=3938.35
    clat percentiles (usec):
     |  1.00th=[   52],  5.00th=[   59], 10.00th=[   64], 20.00th=[   73],
     | 30.00th=[   80], 40.00th=[   90], 50.00th=[  103], 60.00th=[  129],
     | 70.00th=[  208], 80.00th=[  293], 90.00th=[  371], 95.00th=[  437],
     | 99.00th=[  603], 99.50th=[  676], 99.90th=[  857], 99.95th=[  955],
     | 99.99th=[ 2474]
   bw (  KiB/s): min= 9408, max=383551, per=2.18%, avg=156111.86, stdev=84447.81, samples=239
   iops        : min=  294, max=11985, avg=4878.49, stdev=2638.98, samples=239
  lat (usec)   : 50=0.66%, 100=47.39%, 250=25.82%, 500=23.53%, 750=2.35%
  lat (usec)   : 1000=0.20%
  lat (msec)   : 2=0.02%, 4=0.01%, 10=0.01%, 250=0.01%, 500=0.01%
  lat (msec)   : 750=0.01%
  cpu          : usr=1.35%, sys=6.13%, ctx=584757, majf=0, minf=64675
  IO depths    : 1=100.0%, 2=0.0%, 4=0.0%, 8=0.0%, 16=0.0%, 32=0.0%, >=64=0.0%
     submit    : 0=0.0%, 4=100.0%, 8=0.0%, 16=0.0%, 32=0.0%, 64=0.0%, >=64=0.0%
     complete  : 0=0.0%, 4=100.0%, 8=0.0%, 16=0.0%, 32=0.0%, 64=0.0%, >=64=0.0%
     issued rwts: total=0,584716,0,0 short=0,0,0,0 dropped=0,0,0,0
     latency   : target=0, window=0, percentile=100.00%, depth=1
bursty: (groupid=0, jobs=1): err= 0: pid=913462: Sat Sep  6 19:47:13 2025
  write: IOPS=89, BW=359KiB/s (368kB/s)(42.1MiB/120001msec); 0 zone resets
    clat (usec): min=29, max=399099, avg=201.34, stdev=4526.26
     lat (usec): min=33, max=399203, avg=219.65, stdev=4528.71
    clat percentiles (usec):
     |  1.00th=[    35],  5.00th=[    42], 10.00th=[    47], 20.00th=[    57],
     | 30.00th=[    65], 40.00th=[    75], 50.00th=[    87], 60.00th=[   106],
     | 70.00th=[   137], 80.00th=[   243], 90.00th=[   338], 95.00th=[   404],
     | 99.00th=[   553], 99.50th=[   611], 99.90th=[   742], 99.95th=[   799],
     | 99.99th=[248513]
   bw (  KiB/s): min=   16, max= 7120, per=0.04%, avg=3077.14, stdev=1608.15, samples=28
   iops        : min=    4, max= 1780, avg=769.25, stdev=402.06, samples=28
  lat (usec)   : 50=13.22%, 100=44.02%, 250=23.34%, 500=17.64%, 750=1.68%
  lat (usec)   : 1000=0.07%
  lat (msec)   : 4=0.01%, 250=0.01%, 500=0.01%
  cpu          : usr=0.06%, sys=0.11%, ctx=11072, majf=0, minf=12937
  IO depths    : 1=100.0%, 2=0.0%, 4=0.0%, 8=0.0%, 16=0.0%, 32=0.0%, >=64=0.0%
     submit    : 0=0.0%, 4=100.0%, 8=0.0%, 16=0.0%, 32=0.0%, 64=0.0%, >=64=0.0%
     complete  : 0=0.0%, 4=100.0%, 8=0.0%, 16=0.0%, 32=0.0%, 64=0.0%, >=64=0.0%
     issued rwts: total=0,10769,0,0 short=0,0,0,0 dropped=0,0,0,0
     latency   : target=0, window=0, percentile=100.00%, depth=1
bursty: (groupid=0, jobs=1): err= 0: pid=913463: Sat Sep  6 19:47:13 2025
  write: IOPS=90, BW=360KiB/s (369kB/s)(42.2MiB/120001msec); 0 zone resets
    clat (usec): min=26, max=398030, avg=195.88, stdev=4514.99
     lat (usec): min=32, max=398171, avg=215.61, stdev=4516.55
    clat percentiles (usec):
     |  1.00th=[    34],  5.00th=[    41], 10.00th=[    47], 20.00th=[    57],
     | 30.00th=[    66], 40.00th=[    76], 50.00th=[    88], 60.00th=[   105],
     | 70.00th=[   131], 80.00th=[   202], 90.00th=[   322], 95.00th=[   396],
     | 99.00th=[   545], 99.50th=[   594], 99.90th=[   709], 99.95th=[   832],
     | 99.99th=[248513]
   bw (  KiB/s): min=   16, max= 7968, per=0.04%, avg=3088.04, stdev=1593.20, samples=28
   iops        : min=    4, max= 1992, avg=772.00, stdev=398.30, samples=28
  lat (usec)   : 50=13.53%, 100=43.91%, 250=25.19%, 500=15.76%, 750=1.54%
  lat (usec)   : 1000=0.05%
  lat (msec)   : 4=0.02%, 250=0.01%, 500=0.01%
  cpu          : usr=0.06%, sys=0.11%, ctx=11112, majf=0, minf=11608
  IO depths    : 1=100.0%, 2=0.0%, 4=0.0%, 8=0.0%, 16=0.0%, 32=0.0%, >=64=0.0%
     submit    : 0=0.0%, 4=100.0%, 8=0.0%, 16=0.0%, 32=0.0%, 64=0.0%, >=64=0.0%
     complete  : 0=0.0%, 4=100.0%, 8=0.0%, 16=0.0%, 32=0.0%, 64=0.0%, >=64=0.0%
     issued rwts: total=0,10807,0,0 short=0,0,0,0 dropped=0,0,0,0
     latency   : target=0, window=0, percentile=100.00%, depth=1
bursty: (groupid=0, jobs=1): err= 0: pid=913464: Sat Sep  6 19:47:13 2025
  write: IOPS=86, BW=347KiB/s (355kB/s)(40.6MiB/120001msec); 0 zone resets
    clat (usec): min=26, max=398321, avg=205.73, stdev=4605.41
     lat (usec): min=35, max=398501, avg=223.88, stdev=4607.28
    clat percentiles (usec):
     |  1.00th=[    35],  5.00th=[    43], 10.00th=[    49], 20.00th=[    58],
     | 30.00th=[    67], 40.00th=[    77], 50.00th=[    90], 60.00th=[   112],
     | 70.00th=[   139], 80.00th=[   241], 90.00th=[   343], 95.00th=[   408],
     | 99.00th=[   578], 99.50th=[   635], 99.90th=[   783], 99.95th=[   840],
     | 99.99th=[248513]
   bw (  KiB/s): min=   16, max= 6400, per=0.04%, avg=2970.75, stdev=1403.00, samples=28
   iops        : min=    4, max= 1600, avg=742.68, stdev=350.75, samples=28
  lat (usec)   : 50=11.81%, 100=43.46%, 250=25.49%, 500=17.23%, 750=1.90%
  lat (usec)   : 1000=0.08%
  lat (msec)   : 4=0.01%, 250=0.01%, 500=0.01%
  cpu          : usr=0.06%, sys=0.15%, ctx=10696, majf=0, minf=18493
  IO depths    : 1=100.0%, 2=0.0%, 4=0.0%, 8=0.0%, 16=0.0%, 32=0.0%, >=64=0.0%
     submit    : 0=0.0%, 4=100.0%, 8=0.0%, 16=0.0%, 32=0.0%, 64=0.0%, >=64=0.0%
     complete  : 0=0.0%, 4=100.0%, 8=0.0%, 16=0.0%, 32=0.0%, 64=0.0%, >=64=0.0%
     issued rwts: total=0,10398,0,0 short=0,0,0,0 dropped=0,0,0,0
     latency   : target=0, window=0, percentile=100.00%, depth=1
bursty: (groupid=0, jobs=1): err= 0: pid=913465: Sat Sep  6 19:47:13 2025
  write: IOPS=84, BW=337KiB/s (346kB/s)(39.6MiB/120001msec); 0 zone resets
    clat (usec): min=28, max=398721, avg=208.88, stdev=4670.54
     lat (usec): min=33, max=398961, avg=229.64, stdev=4674.29
    clat percentiles (usec):
     |  1.00th=[    35],  5.00th=[    43], 10.00th=[    48], 20.00th=[    59],
     | 30.00th=[    68], 40.00th=[    79], 50.00th=[    94], 60.00th=[   115],
     | 70.00th=[   143], 80.00th=[   241], 90.00th=[   338], 95.00th=[   408],
     | 99.00th=[   562], 99.50th=[   619], 99.90th=[   816], 99.95th=[  1004],
     | 99.99th=[248513]
   bw (  KiB/s): min=   16, max= 5480, per=0.04%, avg=2893.04, stdev=1401.79, samples=28
   iops        : min=    4, max= 1370, avg=723.25, stdev=350.45, samples=28
  lat (usec)   : 50=11.97%, 100=41.87%, 250=26.81%, 500=17.51%, 750=1.69%
  lat (usec)   : 1000=0.09%
  lat (msec)   : 2=0.03%, 4=0.01%, 250=0.01%, 500=0.01%
  cpu          : usr=0.06%, sys=0.10%, ctx=10407, majf=0, minf=10289
  IO depths    : 1=100.0%, 2=0.0%, 4=0.0%, 8=0.0%, 16=0.0%, 32=0.0%, >=64=0.0%
     submit    : 0=0.0%, 4=100.0%, 8=0.0%, 16=0.0%, 32=0.0%, 64=0.0%, >=64=0.0%
     complete  : 0=0.0%, 4=100.0%, 8=0.0%, 16=0.0%, 32=0.0%, 64=0.0%, >=64=0.0%
     issued rwts: total=0,10125,0,0 short=0,0,0,0 dropped=0,0,0,0
     latency   : target=0, window=0, percentile=100.00%, depth=1
bursty: (groupid=0, jobs=1): err= 0: pid=913466: Sat Sep  6 19:47:13 2025
  write: IOPS=90, BW=362KiB/s (371kB/s)(42.4MiB/120001msec); 0 zone resets
    clat (usec): min=28, max=398988, avg=196.65, stdev=4512.58
     lat (usec): min=33, max=399096, avg=216.04, stdev=4513.96
    clat percentiles (usec):
     |  1.00th=[    35],  5.00th=[    41], 10.00th=[    46], 20.00th=[    54],
     | 30.00th=[    62], 40.00th=[    71], 50.00th=[    83], 60.00th=[   100],
     | 70.00th=[   129], 80.00th=[   217], 90.00th=[   334], 95.00th=[   412],
     | 99.00th=[   562], 99.50th=[   619], 99.90th=[   750], 99.95th=[   914],
     | 99.99th=[248513]
   bw (  KiB/s): min=   16, max= 7800, per=0.04%, avg=3103.86, stdev=1747.75, samples=28
   iops        : min=    4, max= 1950, avg=775.96, stdev=436.94, samples=28
  lat (usec)   : 50=15.32%, 100=44.69%, 250=21.74%, 500=16.28%, 750=1.86%
  lat (usec)   : 1000=0.06%
  lat (msec)   : 2=0.01%, 4=0.02%, 250=0.01%, 500=0.01%
  cpu          : usr=0.07%, sys=0.14%, ctx=11177, majf=0, minf=19703
  IO depths    : 1=100.0%, 2=0.0%, 4=0.0%, 8=0.0%, 16=0.0%, 32=0.0%, >=64=0.0%
     submit    : 0=0.0%, 4=100.0%, 8=0.0%, 16=0.0%, 32=0.0%, 64=0.0%, >=64=0.0%
     complete  : 0=0.0%, 4=100.0%, 8=0.0%, 16=0.0%, 32=0.0%, 64=0.0%, >=64=0.0%
     issued rwts: total=0,10863,0,0 short=0,0,0,0 dropped=0,0,0,0
     latency   : target=0, window=0, percentile=100.00%, depth=1
bursty: (groupid=0, jobs=1): err= 0: pid=913467: Sat Sep  6 19:47:13 2025
  write: IOPS=93, BW=372KiB/s (381kB/s)(43.6MiB/120001msec); 0 zone resets
    clat (usec): min=28, max=398362, avg=192.38, stdev=4446.82
     lat (usec): min=32, max=398386, avg=209.18, stdev=4447.97
    clat percentiles (usec):
     |  1.00th=[    35],  5.00th=[    42], 10.00th=[    46], 20.00th=[    55],
     | 30.00th=[    64], 40.00th=[    73], 50.00th=[    86], 60.00th=[   103],
     | 70.00th=[   128], 80.00th=[   202], 90.00th=[   322], 95.00th=[   396],
     | 99.00th=[   537], 99.50th=[   603], 99.90th=[   742], 99.95th=[   865],
     | 99.99th=[248513]
   bw (  KiB/s): min=   16, max= 5968, per=0.04%, avg=3189.57, stdev=1579.45, samples=28
   iops        : min=    4, max= 1492, avg=797.39, stdev=394.86, samples=28
  lat (usec)   : 50=14.72%, 100=43.80%, 250=24.44%, 500=15.57%, 750=1.40%
  lat (usec)   : 1000=0.05%
  lat (msec)   : 4=0.01%, 250=0.01%, 500=0.01%
  cpu          : usr=0.06%, sys=0.10%, ctx=11466, majf=0, minf=10669
  IO depths    : 1=100.0%, 2=0.0%, 4=0.0%, 8=0.0%, 16=0.0%, 32=0.0%, >=64=0.0%
     submit    : 0=0.0%, 4=100.0%, 8=0.0%, 16=0.0%, 32=0.0%, 64=0.0%, >=64=0.0%
     complete  : 0=0.0%, 4=100.0%, 8=0.0%, 16=0.0%, 32=0.0%, 64=0.0%, >=64=0.0%
     issued rwts: total=0,11163,0,0 short=0,0,0,0 dropped=0,0,0,0
     latency   : target=0, window=0, percentile=100.00%, depth=1
bursty: (groupid=0, jobs=1): err= 0: pid=913468: Sat Sep  6 19:47:13 2025
  write: IOPS=86, BW=346KiB/s (355kB/s)(40.6MiB/120001msec); 0 zone resets
    clat (usec): min=28, max=397808, avg=201.22, stdev=4595.00
     lat (usec): min=33, max=397957, avg=220.68, stdev=4596.62
    clat percentiles (usec):
     |  1.00th=[    35],  5.00th=[    41], 10.00th=[    46], 20.00th=[    56],
     | 30.00th=[    64], 40.00th=[    74], 50.00th=[    87], 60.00th=[   104],
     | 70.00th=[   131], 80.00th=[   223], 90.00th=[   338], 95.00th=[   408],
     | 99.00th=[   553], 99.50th=[   611], 99.90th=[   725], 99.95th=[   947],
     | 99.99th=[246416]
   bw (  KiB/s): min=   16, max= 5960, per=0.04%, avg=2864.86, stdev=1535.26, samples=29
   iops        : min=    4, max= 1490, avg=716.21, stdev=383.81, samples=29
  lat (usec)   : 50=14.07%, 100=43.69%, 250=23.76%, 500=16.76%, 750=1.64%
  lat (usec)   : 1000=0.03%
  lat (msec)   : 2=0.01%, 4=0.02%, 250=0.01%, 500=0.01%
  cpu          : usr=0.07%, sys=0.10%, ctx=10686, majf=0, minf=10960
  IO depths    : 1=100.0%, 2=0.0%, 4=0.0%, 8=0.0%, 16=0.0%, 32=0.0%, >=64=0.0%
     submit    : 0=0.0%, 4=100.0%, 8=0.0%, 16=0.0%, 32=0.0%, 64=0.0%, >=64=0.0%
     complete  : 0=0.0%, 4=100.0%, 8=0.0%, 16=0.0%, 32=0.0%, 64=0.0%, >=64=0.0%
     issued rwts: total=0,10386,0,0 short=0,0,0,0 dropped=0,0,0,0
     latency   : target=0, window=0, percentile=100.00%, depth=1
bursty: (groupid=0, jobs=1): err= 0: pid=913469: Sat Sep  6 19:47:13 2025
  write: IOPS=87, BW=349KiB/s (358kB/s)(40.9MiB/120001msec); 0 zone resets
    clat (usec): min=28, max=397897, avg=203.97, stdev=4573.87
     lat (usec): min=34, max=397915, avg=224.07, stdev=4574.74
    clat percentiles (usec):
     |  1.00th=[    36],  5.00th=[    44], 10.00th=[    49], 20.00th=[    59],
     | 30.00th=[    69], 40.00th=[    79], 50.00th=[    92], 60.00th=[   112],
     | 70.00th=[   141], 80.00th=[   231], 90.00th=[   330], 95.00th=[   400],
     | 99.00th=[   562], 99.50th=[   619], 99.90th=[   783], 99.95th=[   898],
     | 99.99th=[246416]
   bw (  KiB/s): min=   16, max= 4920, per=0.04%, avg=2994.64, stdev=1462.79, samples=28
   iops        : min=    4, max= 1230, avg=748.64, stdev=365.70, samples=28
  lat (usec)   : 50=10.74%, 100=44.03%, 250=26.72%, 500=16.65%, 750=1.72%
  lat (usec)   : 1000=0.10%
  lat (msec)   : 4=0.02%, 250=0.01%, 500=0.01%
  cpu          : usr=0.06%, sys=0.14%, ctx=10777, majf=0, minf=18904
  IO depths    : 1=100.0%, 2=0.0%, 4=0.0%, 8=0.0%, 16=0.0%, 32=0.0%, >=64=0.0%
     submit    : 0=0.0%, 4=100.0%, 8=0.0%, 16=0.0%, 32=0.0%, 64=0.0%, >=64=0.0%
     complete  : 0=0.0%, 4=100.0%, 8=0.0%, 16=0.0%, 32=0.0%, 64=0.0%, >=64=0.0%
     issued rwts: total=0,10480,0,0 short=0,0,0,0 dropped=0,0,0,0
     latency   : target=0, window=0, percentile=100.00%, depth=1
bursty: (groupid=0, jobs=1): err= 0: pid=913470: Sat Sep  6 19:47:13 2025
  write: IOPS=86, BW=347KiB/s (355kB/s)(40.7MiB/120001msec); 0 zone resets
    clat (usec): min=26, max=398190, avg=203.99, stdev=4601.62
     lat (usec): min=34, max=398324, avg=222.82, stdev=4603.76
    clat percentiles (usec):
     |  1.00th=[    36],  5.00th=[    44], 10.00th=[    50], 20.00th=[    60],
     | 30.00th=[    69], 40.00th=[    79], 50.00th=[    91], 60.00th=[   110],
     | 70.00th=[   137], 80.00th=[   227], 90.00th=[   330], 95.00th=[   404],
     | 99.00th=[   553], 99.50th=[   611], 99.90th=[   816], 99.95th=[   938],
     | 99.99th=[248513]
   bw (  KiB/s): min=   16, max= 6408, per=0.04%, avg=2974.39, stdev=1484.89, samples=28
   iops        : min=    4, max= 1602, avg=743.57, stdev=371.25, samples=28
  lat (usec)   : 50=10.07%, 100=45.09%, 250=26.39%, 500=16.75%, 750=1.53%
  lat (usec)   : 1000=0.14%
  lat (msec)   : 4=0.01%, 250=0.01%, 500=0.01%
  cpu          : usr=0.05%, sys=0.16%, ctx=10730, majf=0, minf=18500
  IO depths    : 1=100.0%, 2=0.0%, 4=0.0%, 8=0.0%, 16=0.0%, 32=0.0%, >=64=0.0%
     submit    : 0=0.0%, 4=100.0%, 8=0.0%, 16=0.0%, 32=0.0%, 64=0.0%, >=64=0.0%
     complete  : 0=0.0%, 4=100.0%, 8=0.0%, 16=0.0%, 32=0.0%, 64=0.0%, >=64=0.0%
     issued rwts: total=0,10410,0,0 short=0,0,0,0 dropped=0,0,0,0
     latency   : target=0, window=0, percentile=100.00%, depth=1
bursty: (groupid=0, jobs=1): err= 0: pid=913471: Sat Sep  6 19:47:13 2025
  write: IOPS=87, BW=351KiB/s (359kB/s)(41.1MiB/120001msec); 0 zone resets
    clat (usec): min=26, max=398574, avg=202.31, stdev=4569.23
     lat (usec): min=32, max=398752, avg=221.23, stdev=4571.11
    clat percentiles (usec):
     |  1.00th=[    35],  5.00th=[    41], 10.00th=[    46], 20.00th=[    56],
     | 30.00th=[    65], 40.00th=[    75], 50.00th=[    87], 60.00th=[   106],
     | 70.00th=[   137], 80.00th=[   241], 90.00th=[   334], 95.00th=[   404],
     | 99.00th=[   553], 99.50th=[   611], 99.90th=[   750], 99.95th=[   816],
     | 99.99th=[246416]
   bw (  KiB/s): min=   16, max= 6224, per=0.04%, avg=3008.86, stdev=1474.23, samples=28
   iops        : min=    4, max= 1556, avg=752.18, stdev=368.56, samples=28
  lat (usec)   : 50=14.11%, 100=43.35%, 250=23.30%, 500=17.51%, 750=1.62%
  lat (usec)   : 1000=0.07%
  lat (msec)   : 4=0.02%, 250=0.01%, 500=0.01%
  cpu          : usr=0.06%, sys=0.15%, ctx=10852, majf=0, minf=17570
  IO depths    : 1=100.0%, 2=0.0%, 4=0.0%, 8=0.0%, 16=0.0%, 32=0.0%, >=64=0.0%
     submit    : 0=0.0%, 4=100.0%, 8=0.0%, 16=0.0%, 32=0.0%, 64=0.0%, >=64=0.0%
     complete  : 0=0.0%, 4=100.0%, 8=0.0%, 16=0.0%, 32=0.0%, 64=0.0%, >=64=0.0%
     issued rwts: total=0,10531,0,0 short=0,0,0,0 dropped=0,0,0,0
     latency   : target=0, window=0, percentile=100.00%, depth=1
bursty: (groupid=0, jobs=1): err= 0: pid=913472: Sat Sep  6 19:47:13 2025
  write: IOPS=81, BW=326KiB/s (334kB/s)(38.2MiB/120001msec); 0 zone resets
    clat (usec): min=24, max=398493, avg=211.91, stdev=4752.08
     lat (usec): min=31, max=398523, avg=234.64, stdev=4754.08
    clat percentiles (usec):
     |  1.00th=[    35],  5.00th=[    42], 10.00th=[    48], 20.00th=[    59],
     | 30.00th=[    69], 40.00th=[    79], 50.00th=[    95], 60.00th=[   117],
     | 70.00th=[   145], 80.00th=[   243], 90.00th=[   338], 95.00th=[   408],
     | 99.00th=[   562], 99.50th=[   611], 99.90th=[   799], 99.95th=[   979],
     | 99.99th=[400557]
   bw (  KiB/s): min=   16, max= 5360, per=0.04%, avg=2793.71, stdev=1375.64, samples=28
   iops        : min=    4, max= 1340, avg=698.39, stdev=343.93, samples=28
  lat (usec)   : 50=12.07%, 100=40.71%, 250=27.80%, 500=17.61%, 750=1.68%
  lat (usec)   : 1000=0.09%
  lat (msec)   : 4=0.02%, 250=0.01%, 500=0.01%
  cpu          : usr=0.06%, sys=0.14%, ctx=10102, majf=0, minf=16781
  IO depths    : 1=100.0%, 2=0.0%, 4=0.0%, 8=0.0%, 16=0.0%, 32=0.0%, >=64=0.0%
     submit    : 0=0.0%, 4=100.0%, 8=0.0%, 16=0.0%, 32=0.0%, 64=0.0%, >=64=0.0%
     complete  : 0=0.0%, 4=100.0%, 8=0.0%, 16=0.0%, 32=0.0%, 64=0.0%, >=64=0.0%
     issued rwts: total=0,9777,0,0 short=0,0,0,0 dropped=0,0,0,0
     latency   : target=0, window=0, percentile=100.00%, depth=1
bursty: (groupid=0, jobs=1): err= 0: pid=913473: Sat Sep  6 19:47:13 2025
  write: IOPS=88, BW=354KiB/s (362kB/s)(41.4MiB/120001msec); 0 zone resets
    clat (usec): min=25, max=398533, avg=199.75, stdev=4559.33
     lat (usec): min=32, max=398670, avg=218.42, stdev=4561.35
    clat percentiles (usec):
     |  1.00th=[    34],  5.00th=[    42], 10.00th=[    48], 20.00th=[    57],
     | 30.00th=[    65], 40.00th=[    75], 50.00th=[    88], 60.00th=[   105],
     | 70.00th=[   133], 80.00th=[   217], 90.00th=[   330], 95.00th=[   404],
     | 99.00th=[   553], 99.50th=[   627], 99.90th=[   848], 99.95th=[  1090],
     | 99.99th=[248513]
   bw (  KiB/s): min=   16, max= 5752, per=0.04%, avg=3030.29, stdev=1437.73, samples=28
   iops        : min=    4, max= 1438, avg=757.54, stdev=359.42, samples=28
  lat (usec)   : 50=12.44%, 100=45.12%, 250=24.50%, 500=16.24%, 750=1.54%
  lat (usec)   : 1000=0.12%
  lat (msec)   : 2=0.03%, 4=0.01%, 250=0.01%, 500=0.01%
  cpu          : usr=0.07%, sys=0.15%, ctx=10907, majf=0, minf=18876
  IO depths    : 1=100.0%, 2=0.0%, 4=0.0%, 8=0.0%, 16=0.0%, 32=0.0%, >=64=0.0%
     submit    : 0=0.0%, 4=100.0%, 8=0.0%, 16=0.0%, 32=0.0%, 64=0.0%, >=64=0.0%
     complete  : 0=0.0%, 4=100.0%, 8=0.0%, 16=0.0%, 32=0.0%, 64=0.0%, >=64=0.0%
     issued rwts: total=0,10606,0,0 short=0,0,0,0 dropped=0,0,0,0
     latency   : target=0, window=0, percentile=100.00%, depth=1
bursty: (groupid=0, jobs=1): err= 0: pid=913474: Sat Sep  6 19:47:13 2025
  write: IOPS=88, BW=355KiB/s (363kB/s)(41.6MiB/120001msec); 0 zone resets
    clat (usec): min=26, max=399893, avg=203.34, stdev=4564.47
     lat (usec): min=33, max=399910, avg=221.56, stdev=4565.02
    clat percentiles (usec):
     |  1.00th=[    35],  5.00th=[    42], 10.00th=[    48], 20.00th=[    58],
     | 30.00th=[    67], 40.00th=[    77], 50.00th=[    90], 60.00th=[   110],
     | 70.00th=[   137], 80.00th=[   231], 90.00th=[   334], 95.00th=[   408],
     | 99.00th=[   553], 99.50th=[   619], 99.90th=[   791], 99.95th=[   930],
     | 99.99th=[248513]
   bw (  KiB/s): min=   16, max= 6112, per=0.04%, avg=2936.97, stdev=1598.47, samples=29
   iops        : min=    4, max= 1528, avg=734.24, stdev=399.62, samples=29
  lat (usec)   : 50=12.35%, 100=43.14%, 250=25.79%, 500=16.82%, 750=1.77%
  lat (usec)   : 1000=0.08%
  lat (msec)   : 2=0.02%, 4=0.01%, 250=0.01%, 500=0.01%
  cpu          : usr=0.05%, sys=0.15%, ctx=10963, majf=0, minf=18814
  IO depths    : 1=100.0%, 2=0.0%, 4=0.0%, 8=0.0%, 16=0.0%, 32=0.0%, >=64=0.0%
     submit    : 0=0.0%, 4=100.0%, 8=0.0%, 16=0.0%, 32=0.0%, 64=0.0%, >=64=0.0%
     complete  : 0=0.0%, 4=100.0%, 8=0.0%, 16=0.0%, 32=0.0%, 64=0.0%, >=64=0.0%
     issued rwts: total=0,10647,0,0 short=0,0,0,0 dropped=0,0,0,0
     latency   : target=0, window=0, percentile=100.00%, depth=1
bursty: (groupid=0, jobs=1): err= 0: pid=913475: Sat Sep  6 19:47:13 2025
  write: IOPS=80, BW=320KiB/s (328kB/s)(37.6MiB/120001msec); 0 zone resets
    clat (usec): min=29, max=398830, avg=219.42, stdev=4795.03
     lat (usec): min=35, max=399041, avg=240.90, stdev=4797.27
    clat percentiles (usec):
     |  1.00th=[    36],  5.00th=[    43], 10.00th=[    49], 20.00th=[    58],
     | 30.00th=[    69], 40.00th=[    80], 50.00th=[    97], 60.00th=[   120],
     | 70.00th=[   153], 80.00th=[   265], 90.00th=[   355], 95.00th=[   416],
     | 99.00th=[   570], 99.50th=[   627], 99.90th=[   865], 99.95th=[  1860],
     | 99.99th=[400557]
   bw (  KiB/s): min=   16, max= 5760, per=0.04%, avg=2747.14, stdev=1346.53, samples=28
   iops        : min=    4, max= 1440, avg=686.75, stdev=336.65, samples=28
  lat (usec)   : 50=11.98%, 100=39.89%, 250=26.25%, 500=19.86%, 750=1.86%
  lat (usec)   : 1000=0.09%
  lat (msec)   : 2=0.03%, 4=0.01%, 250=0.01%, 500=0.01%
  cpu          : usr=0.07%, sys=0.13%, ctx=9938, majf=0, minf=16780
  IO depths    : 1=100.0%, 2=0.0%, 4=0.0%, 8=0.0%, 16=0.0%, 32=0.0%, >=64=0.0%
     submit    : 0=0.0%, 4=100.0%, 8=0.0%, 16=0.0%, 32=0.0%, 64=0.0%, >=64=0.0%
     complete  : 0=0.0%, 4=100.0%, 8=0.0%, 16=0.0%, 32=0.0%, 64=0.0%, >=64=0.0%
     issued rwts: total=0,9614,0,0 short=0,0,0,0 dropped=0,0,0,0
     latency   : target=0, window=0, percentile=100.00%, depth=1
bursty: (groupid=0, jobs=1): err= 0: pid=913476: Sat Sep  6 19:47:13 2025
  write: IOPS=86, BW=348KiB/s (356kB/s)(40.8MiB/120001msec); 0 zone resets
    clat (usec): min=24, max=398786, avg=205.87, stdev=4602.56
     lat (usec): min=32, max=398900, avg=225.12, stdev=4603.89
    clat percentiles (usec):
     |  1.00th=[    35],  5.00th=[    44], 10.00th=[    49], 20.00th=[    58],
     | 30.00th=[    67], 40.00th=[    78], 50.00th=[    91], 60.00th=[   111],
     | 70.00th=[   139], 80.00th=[   241], 90.00th=[   338], 95.00th=[   412],
     | 99.00th=[   562], 99.50th=[   619], 99.90th=[   775], 99.95th=[   824],
     | 99.99th=[248513]
   bw (  KiB/s): min=   16, max= 5136, per=0.04%, avg=2878.38, stdev=1427.57, samples=29
   iops        : min=    4, max= 1284, avg=719.59, stdev=356.89, samples=29
  lat (usec)   : 50=11.15%, 100=43.81%, 250=25.67%, 500=17.48%, 750=1.75%
  lat (usec)   : 1000=0.08%
  lat (msec)   : 2=0.02%, 4=0.01%, 250=0.01%, 500=0.01%
  cpu          : usr=0.07%, sys=0.11%, ctx=10753, majf=0, minf=12705
  IO depths    : 1=100.0%, 2=0.0%, 4=0.0%, 8=0.0%, 16=0.0%, 32=0.0%, >=64=0.0%
     submit    : 0=0.0%, 4=100.0%, 8=0.0%, 16=0.0%, 32=0.0%, 64=0.0%, >=64=0.0%
     complete  : 0=0.0%, 4=100.0%, 8=0.0%, 16=0.0%, 32=0.0%, 64=0.0%, >=64=0.0%
     issued rwts: total=0,10435,0,0 short=0,0,0,0 dropped=0,0,0,0
     latency   : target=0, window=0, percentile=100.00%, depth=1
bursty: (groupid=0, jobs=1): err= 0: pid=913477: Sat Sep  6 19:47:13 2025
  write: IOPS=90, BW=362KiB/s (370kB/s)(42.4MiB/120001msec); 0 zone resets
    clat (usec): min=27, max=398417, avg=196.58, stdev=4506.51
     lat (usec): min=34, max=398699, avg=215.32, stdev=4509.77
    clat percentiles (usec):
     |  1.00th=[    35],  5.00th=[    42], 10.00th=[    47], 20.00th=[    57],
     | 30.00th=[    67], 40.00th=[    78], 50.00th=[    91], 60.00th=[   108],
     | 70.00th=[   133], 80.00th=[   204], 90.00th=[   322], 95.00th=[   400],
     | 99.00th=[   553], 99.50th=[   586], 99.90th=[   750], 99.95th=[   791],
     | 99.99th=[248513]
   bw (  KiB/s): min=   16, max= 6440, per=0.04%, avg=3100.39, stdev=1538.39, samples=28
   iops        : min=    4, max= 1610, avg=775.07, stdev=384.63, samples=28
  lat (usec)   : 50=13.23%, 100=42.85%, 250=26.86%, 500=15.35%, 750=1.62%
  lat (usec)   : 1000=0.05%
  lat (msec)   : 2=0.01%, 250=0.01%, 500=0.01%
  cpu          : usr=0.06%, sys=0.13%, ctx=11206, majf=0, minf=14051
  IO depths    : 1=100.0%, 2=0.0%, 4=0.0%, 8=0.0%, 16=0.0%, 32=0.0%, >=64=0.0%
     submit    : 0=0.0%, 4=100.0%, 8=0.0%, 16=0.0%, 32=0.0%, 64=0.0%, >=64=0.0%
     complete  : 0=0.0%, 4=100.0%, 8=0.0%, 16=0.0%, 32=0.0%, 64=0.0%, >=64=0.0%
     issued rwts: total=0,10851,0,0 short=0,0,0,0 dropped=0,0,0,0
     latency   : target=0, window=0, percentile=100.00%, depth=1

Run status group 0 (all jobs):
  WRITE: bw=7002MiB/s (7343MB/s), 320KiB/s-162MiB/s (328kB/s-170MB/s), io=821GiB (881GB), run=120000-120002msec

Disk stats (read/write):
  nvme5n2: ios=0/3011054, sectors=0/192707456, merge=0/0, ticks=0/557677, in_queue=557677, util=99.92%
  nvme5n3: ios=0/2981750, sectors=0/190832000, merge=0/0, ticks=0/557995, in_queue=557995, util=99.93%
  nvme5n4: ios=0/2988526, sectors=0/191265664, merge=0/0, ticks=0/556197, in_queue=556197, util=99.96%
  nvme5n5: ios=0/2990872, sectors=0/191415808, merge=0/0, ticks=0/557117, in_queue=557117, util=99.95%
  nvme5n6: ios=0/3023848, sectors=0/193526272, merge=0/0, ticks=0/557059, in_queue=557059, util=99.98%
  nvme5n7: ios=0/2953844, sectors=0/189046016, merge=0/0, ticks=0/557639, in_queue=557639, util=99.99%
  nvme5n8: ios=0/2982426, sectors=0/190875264, merge=0/0, ticks=0/557303, in_queue=557303, util=100.00%
  nvme5n9: ios=0/2974914, sectors=0/190394496, merge=0/0, ticks=0/556729, in_queue=556729, util=99.99%
  nvme5n10: ios=0/2940729, sectors=0/188206656, merge=0/0, ticks=0/556791, in_queue=556791, util=100.00%
  nvme5n1: ios=0/167862, sectors=0/1342896, merge=0/0, ticks=0/32274, in_queue=32274, util=2.65%
