test_32kb_rwrite_5n2: (g=0): rw=randwrite, bs=(R) 32.0KiB-32.0KiB, (W) 32.0KiB-32.0KiB, (T) 32.0KiB-32.0KiB, ioengine=psync, iodepth=1
...
test_32kb_rwrite_5n3: (g=0): rw=randwrite, bs=(R) 32.0KiB-32.0KiB, (W) 32.0KiB-32.0KiB, (T) 32.0KiB-32.0KiB, ioengine=psync, iodepth=1
...
test_32kb_rwrite_5n4: (g=0): rw=randwrite, bs=(R) 32.0KiB-32.0KiB, (W) 32.0KiB-32.0KiB, (T) 32.0KiB-32.0KiB, ioengine=psync, iodepth=1
...
test_32kb_rwrite_5n5: (g=0): rw=randwrite, bs=(R) 32.0KiB-32.0KiB, (W) 32.0KiB-32.0KiB, (T) 32.0KiB-32.0KiB, ioengine=psync, iodepth=1
...
test_32kb_rwrite_5n6: (g=0): rw=randwrite, bs=(R) 32.0KiB-32.0KiB, (W) 32.0KiB-32.0KiB, (T) 32.0KiB-32.0KiB, ioengine=psync, iodepth=1
...
test_32kb_rwrite_5n7: (g=0): rw=randwrite, bs=(R) 32.0KiB-32.0KiB, (W) 32.0KiB-32.0KiB, (T) 32.0KiB-32.0KiB, ioengine=psync, iodepth=1
...
test_32kb_rwrite_5n8: (g=0): rw=randwrite, bs=(R) 32.0KiB-32.0KiB, (W) 32.0KiB-32.0KiB, (T) 32.0KiB-32.0KiB, ioengine=psync, iodepth=1
...
test_32kb_rwrite_5n9: (g=0): rw=randwrite, bs=(R) 32.0KiB-32.0KiB, (W) 32.0KiB-32.0KiB, (T) 32.0KiB-32.0KiB, ioengine=psync, iodepth=1
...
test_32kb_rwrite_5n10: (g=0): rw=randwrite, bs=(R) 32.0KiB-32.0KiB, (W) 32.0KiB-32.0KiB, (T) 32.0KiB-32.0KiB, ioengine=psync, iodepth=1
...
bursty: (g=0): rw=randwrite, bs=(R) 4096B-4096B, (W) 4096B-4096B, (T) 4096B-4096B, ioengine=psync, iodepth=1
...
fio-3.37-114-gf0af0-dirty
Starting 61 threads

test_32kb_rwrite_5n2: (groupid=0, jobs=1): err= 0: pid=913680: Sat Sep  6 19:49:20 2025
  write: IOPS=11.6k, BW=362MiB/s (380MB/s)(42.5GiB/120001msec); 0 zone resets
    clat (usec): min=28, max=49767, avg=85.33, stdev=540.70
     lat (usec): min=29, max=49768, avg=85.72, stdev=540.70
    clat percentiles (usec):
     |  1.00th=[   44],  5.00th=[   51], 10.00th=[   56], 20.00th=[   61],
     | 30.00th=[   65], 40.00th=[   68], 50.00th=[   71], 60.00th=[   75],
     | 70.00th=[   78], 80.00th=[   83], 90.00th=[   90], 95.00th=[   97],
     | 99.00th=[  249], 99.50th=[  322], 99.90th=[  469], 99.95th=[ 3392],
     | 99.99th=[30540]
   bw (  KiB/s): min=194816, max=508608, per=2.20%, avg=371411.72, stdev=64923.17, samples=239
   iops        : min= 6088, max=15894, avg=11606.61, stdev=2028.86, samples=239
  lat (usec)   : 50=4.34%, 100=91.67%, 250=2.98%, 500=0.92%, 750=0.02%
  lat (usec)   : 1000=0.01%
  lat (msec)   : 2=0.01%, 4=0.01%, 10=0.01%, 20=0.02%, 50=0.03%
  cpu          : usr=1.98%, sys=11.32%, ctx=1391299, majf=0, minf=73877
  IO depths    : 1=100.0%, 2=0.0%, 4=0.0%, 8=0.0%, 16=0.0%, 32=0.0%, >=64=0.0%
     submit    : 0=0.0%, 4=100.0%, 8=0.0%, 16=0.0%, 32=0.0%, 64=0.0%, >=64=0.0%
     complete  : 0=0.0%, 4=100.0%, 8=0.0%, 16=0.0%, 32=0.0%, 64=0.0%, >=64=0.0%
     issued rwts: total=0,1391256,0,0 short=0,0,0,0 dropped=0,0,0,0
     latency   : target=0, window=0, percentile=100.00%, depth=1
test_32kb_rwrite_5n2: (groupid=0, jobs=1): err= 0: pid=913681: Sat Sep  6 19:49:20 2025
  write: IOPS=11.7k, BW=366MiB/s (384MB/s)(42.9GiB/120001msec); 0 zone resets
    clat (usec): min=27, max=49614, avg=84.46, stdev=536.95
     lat (usec): min=27, max=49615, avg=84.87, stdev=536.95
    clat percentiles (usec):
     |  1.00th=[   44],  5.00th=[   50], 10.00th=[   55], 20.00th=[   60],
     | 30.00th=[   64], 40.00th=[   68], 50.00th=[   71], 60.00th=[   74],
     | 70.00th=[   78], 80.00th=[   82], 90.00th=[   89], 95.00th=[   97],
     | 99.00th=[  249], 99.50th=[  322], 99.90th=[  469], 99.95th=[ 2474],
     | 99.99th=[30540]
   bw (  KiB/s): min=208512, max=490624, per=2.22%, avg=375202.79, stdev=63379.05, samples=239
   iops        : min= 6516, max=15332, avg=11725.07, stdev=1980.60, samples=239
  lat (usec)   : 50=4.97%, 100=91.18%, 250=2.86%, 500=0.91%, 750=0.03%
  lat (usec)   : 1000=0.01%
  lat (msec)   : 2=0.01%, 4=0.01%, 10=0.01%, 20=0.02%, 50=0.03%
  cpu          : usr=2.03%, sys=11.47%, ctx=1405314, majf=0, minf=70110
  IO depths    : 1=100.0%, 2=0.0%, 4=0.0%, 8=0.0%, 16=0.0%, 32=0.0%, >=64=0.0%
     submit    : 0=0.0%, 4=100.0%, 8=0.0%, 16=0.0%, 32=0.0%, 64=0.0%, >=64=0.0%
     complete  : 0=0.0%, 4=100.0%, 8=0.0%, 16=0.0%, 32=0.0%, 64=0.0%, >=64=0.0%
     issued rwts: total=0,1405280,0,0 short=0,0,0,0 dropped=0,0,0,0
     latency   : target=0, window=0, percentile=100.00%, depth=1
test_32kb_rwrite_5n2: (groupid=0, jobs=1): err= 0: pid=913682: Sat Sep  6 19:49:20 2025
  write: IOPS=11.7k, BW=366MiB/s (384MB/s)(42.9GiB/120001msec); 0 zone resets
    clat (usec): min=29, max=48538, avg=84.44, stdev=535.62
     lat (usec): min=29, max=48539, avg=84.86, stdev=535.62
    clat percentiles (usec):
     |  1.00th=[   44],  5.00th=[   50], 10.00th=[   55], 20.00th=[   60],
     | 30.00th=[   64], 40.00th=[   68], 50.00th=[   71], 60.00th=[   74],
     | 70.00th=[   78], 80.00th=[   82], 90.00th=[   89], 95.00th=[   97],
     | 99.00th=[  249], 99.50th=[  322], 99.90th=[  469], 99.95th=[ 2343],
     | 99.99th=[30540]
   bw (  KiB/s): min=196416, max=493504, per=2.22%, avg=375244.51, stdev=62364.68, samples=239
   iops        : min= 6138, max=15422, avg=11726.38, stdev=1948.90, samples=239
  lat (usec)   : 50=4.92%, 100=91.30%, 250=2.78%, 500=0.91%, 750=0.03%
  lat (usec)   : 1000=0.01%
  lat (msec)   : 2=0.01%, 4=0.01%, 10=0.01%, 20=0.02%, 50=0.03%
  cpu          : usr=2.11%, sys=11.37%, ctx=1405489, majf=0, minf=68877
  IO depths    : 1=100.0%, 2=0.0%, 4=0.0%, 8=0.0%, 16=0.0%, 32=0.0%, >=64=0.0%
     submit    : 0=0.0%, 4=100.0%, 8=0.0%, 16=0.0%, 32=0.0%, 64=0.0%, >=64=0.0%
     complete  : 0=0.0%, 4=100.0%, 8=0.0%, 16=0.0%, 32=0.0%, 64=0.0%, >=64=0.0%
     issued rwts: total=0,1405459,0,0 short=0,0,0,0 dropped=0,0,0,0
     latency   : target=0, window=0, percentile=100.00%, depth=1
test_32kb_rwrite_5n2: (groupid=0, jobs=1): err= 0: pid=913683: Sat Sep  6 19:49:20 2025
  write: IOPS=11.6k, BW=362MiB/s (380MB/s)(42.5GiB/120001msec); 0 zone resets
    clat (usec): min=29, max=49616, avg=85.26, stdev=539.26
     lat (usec): min=29, max=49616, avg=85.70, stdev=539.26
    clat percentiles (usec):
     |  1.00th=[   44],  5.00th=[   51], 10.00th=[   55], 20.00th=[   61],
     | 30.00th=[   65], 40.00th=[   68], 50.00th=[   71], 60.00th=[   75],
     | 70.00th=[   78], 80.00th=[   83], 90.00th=[   90], 95.00th=[   97],
     | 99.00th=[  253], 99.50th=[  322], 99.90th=[  469], 99.95th=[ 3392],
     | 99.99th=[30540]
   bw (  KiB/s): min=202368, max=495680, per=2.20%, avg=371393.10, stdev=64406.83, samples=239
   iops        : min= 6324, max=15490, avg=11606.03, stdev=2012.73, samples=239
  lat (usec)   : 50=4.47%, 100=91.53%, 250=2.99%, 500=0.94%, 750=0.02%
  lat (usec)   : 1000=0.01%
  lat (msec)   : 2=0.01%, 4=0.01%, 10=0.01%, 20=0.02%, 50=0.03%
  cpu          : usr=2.08%, sys=11.24%, ctx=1391827, majf=0, minf=72487
  IO depths    : 1=100.0%, 2=0.0%, 4=0.0%, 8=0.0%, 16=0.0%, 32=0.0%, >=64=0.0%
     submit    : 0=0.0%, 4=100.0%, 8=0.0%, 16=0.0%, 32=0.0%, 64=0.0%, >=64=0.0%
     complete  : 0=0.0%, 4=100.0%, 8=0.0%, 16=0.0%, 32=0.0%, 64=0.0%, >=64=0.0%
     issued rwts: total=0,1391788,0,0 short=0,0,0,0 dropped=0,0,0,0
     latency   : target=0, window=0, percentile=100.00%, depth=1
test_32kb_rwrite_5n2: (groupid=0, jobs=1): err= 0: pid=913684: Sat Sep  6 19:49:20 2025
  write: IOPS=11.8k, BW=368MiB/s (386MB/s)(43.1GiB/120001msec); 0 zone resets
    clat (usec): min=28, max=49609, avg=84.05, stdev=536.25
     lat (usec): min=28, max=49610, avg=84.40, stdev=536.25
    clat percentiles (usec):
     |  1.00th=[   43],  5.00th=[   50], 10.00th=[   55], 20.00th=[   60],
     | 30.00th=[   64], 40.00th=[   67], 50.00th=[   70], 60.00th=[   74],
     | 70.00th=[   77], 80.00th=[   81], 90.00th=[   88], 95.00th=[   96],
     | 99.00th=[  249], 99.50th=[  318], 99.90th=[  469], 99.95th=[ 2311],
     | 99.99th=[30540]
   bw (  KiB/s): min=207808, max=492480, per=2.23%, avg=377379.05, stdev=63154.95, samples=239
   iops        : min= 6494, max=15390, avg=11793.08, stdev=1973.60, samples=239
  lat (usec)   : 50=5.21%, 100=91.16%, 250=2.64%, 500=0.91%, 750=0.02%
  lat (usec)   : 1000=0.01%
  lat (msec)   : 2=0.01%, 4=0.01%, 10=0.01%, 20=0.02%, 50=0.03%
  cpu          : usr=1.94%, sys=10.03%, ctx=1413264, majf=0, minf=67993
  IO depths    : 1=100.0%, 2=0.0%, 4=0.0%, 8=0.0%, 16=0.0%, 32=0.0%, >=64=0.0%
     submit    : 0=0.0%, 4=100.0%, 8=0.0%, 16=0.0%, 32=0.0%, 64=0.0%, >=64=0.0%
     complete  : 0=0.0%, 4=100.0%, 8=0.0%, 16=0.0%, 32=0.0%, 64=0.0%, >=64=0.0%
     issued rwts: total=0,1413237,0,0 short=0,0,0,0 dropped=0,0,0,0
     latency   : target=0, window=0, percentile=100.00%, depth=1
test_32kb_rwrite_5n3: (groupid=0, jobs=1): err= 0: pid=913685: Sat Sep  6 19:49:20 2025
  write: IOPS=11.9k, BW=373MiB/s (391MB/s)(43.7GiB/120001msec); 0 zone resets
    clat (usec): min=28, max=48658, avg=82.83, stdev=533.30
     lat (usec): min=29, max=48659, avg=83.22, stdev=533.30
    clat percentiles (usec):
     |  1.00th=[   43],  5.00th=[   49], 10.00th=[   53], 20.00th=[   59],
     | 30.00th=[   63], 40.00th=[   66], 50.00th=[   70], 60.00th=[   73],
     | 70.00th=[   76], 80.00th=[   80], 90.00th=[   87], 95.00th=[   94],
     | 99.00th=[  245], 99.50th=[  314], 99.90th=[  465], 99.95th=[ 2278],
     | 99.99th=[30540]
   bw (  KiB/s): min=203392, max=513536, per=2.26%, avg=382548.64, stdev=67375.79, samples=239
   iops        : min= 6356, max=16048, avg=11954.64, stdev=2105.50, samples=239
  lat (usec)   : 50=6.14%, 100=90.75%, 250=2.14%, 500=0.89%, 750=0.02%
  lat (usec)   : 1000=0.01%
  lat (msec)   : 2=0.01%, 4=0.01%, 10=0.01%, 20=0.02%, 50=0.03%
  cpu          : usr=2.07%, sys=10.08%, ctx=1433113, majf=0, minf=67640
  IO depths    : 1=100.0%, 2=0.0%, 4=0.0%, 8=0.0%, 16=0.0%, 32=0.0%, >=64=0.0%
     submit    : 0=0.0%, 4=100.0%, 8=0.0%, 16=0.0%, 32=0.0%, 64=0.0%, >=64=0.0%
     complete  : 0=0.0%, 4=100.0%, 8=0.0%, 16=0.0%, 32=0.0%, 64=0.0%, >=64=0.0%
     issued rwts: total=0,1433076,0,0 short=0,0,0,0 dropped=0,0,0,0
     latency   : target=0, window=0, percentile=100.00%, depth=1
test_32kb_rwrite_5n3: (groupid=0, jobs=1): err= 0: pid=913686: Sat Sep  6 19:49:20 2025
  write: IOPS=11.7k, BW=366MiB/s (383MB/s)(42.8GiB/120001msec); 0 zone resets
    clat (usec): min=29, max=49869, avg=84.52, stdev=536.57
     lat (usec): min=29, max=49870, avg=84.91, stdev=536.57
    clat percentiles (usec):
     |  1.00th=[   44],  5.00th=[   51], 10.00th=[   55], 20.00th=[   60],
     | 30.00th=[   64], 40.00th=[   68], 50.00th=[   71], 60.00th=[   74],
     | 70.00th=[   78], 80.00th=[   82], 90.00th=[   89], 95.00th=[   96],
     | 99.00th=[  245], 99.50th=[  318], 99.90th=[  469], 99.95th=[ 3294],
     | 99.99th=[30540]
   bw (  KiB/s): min=212608, max=487808, per=2.22%, avg=374843.79, stdev=63529.06, samples=239
   iops        : min= 6644, max=15244, avg=11713.85, stdev=1985.29, samples=239
  lat (usec)   : 50=4.67%, 100=91.85%, 250=2.52%, 500=0.88%, 750=0.02%
  lat (usec)   : 1000=0.01%
  lat (msec)   : 2=0.01%, 4=0.01%, 10=0.01%, 20=0.02%, 50=0.03%
  cpu          : usr=2.00%, sys=11.43%, ctx=1403962, majf=0, minf=84647
  IO depths    : 1=100.0%, 2=0.0%, 4=0.0%, 8=0.0%, 16=0.0%, 32=0.0%, >=64=0.0%
     submit    : 0=0.0%, 4=100.0%, 8=0.0%, 16=0.0%, 32=0.0%, 64=0.0%, >=64=0.0%
     complete  : 0=0.0%, 4=100.0%, 8=0.0%, 16=0.0%, 32=0.0%, 64=0.0%, >=64=0.0%
     issued rwts: total=0,1403925,0,0 short=0,0,0,0 dropped=0,0,0,0
     latency   : target=0, window=0, percentile=100.00%, depth=1
test_32kb_rwrite_5n3: (groupid=0, jobs=1): err= 0: pid=913687: Sat Sep  6 19:49:20 2025
  write: IOPS=11.6k, BW=364MiB/s (381MB/s)(42.6GiB/120001msec); 0 zone resets
    clat (usec): min=28, max=49553, avg=84.95, stdev=540.42
     lat (usec): min=29, max=49553, avg=85.42, stdev=540.42
    clat percentiles (usec):
     |  1.00th=[   44],  5.00th=[   51], 10.00th=[   55], 20.00th=[   61],
     | 30.00th=[   64], 40.00th=[   68], 50.00th=[   71], 60.00th=[   74],
     | 70.00th=[   78], 80.00th=[   82], 90.00th=[   89], 95.00th=[   96],
     | 99.00th=[  253], 99.50th=[  322], 99.90th=[  474], 99.95th=[ 3359],
     | 99.99th=[30540]
   bw (  KiB/s): min=197963, max=490368, per=2.20%, avg=372689.39, stdev=66344.06, samples=239
   iops        : min= 6186, max=15324, avg=11646.54, stdev=2073.26, samples=239
  lat (usec)   : 50=4.48%, 100=91.90%, 250=2.60%, 500=0.94%, 750=0.02%
  lat (usec)   : 1000=0.01%
  lat (msec)   : 2=0.01%, 4=0.01%, 10=0.01%, 20=0.02%, 50=0.03%
  cpu          : usr=2.18%, sys=11.25%, ctx=1396159, majf=0, minf=68636
  IO depths    : 1=100.0%, 2=0.0%, 4=0.0%, 8=0.0%, 16=0.0%, 32=0.0%, >=64=0.0%
     submit    : 0=0.0%, 4=100.0%, 8=0.0%, 16=0.0%, 32=0.0%, 64=0.0%, >=64=0.0%
     complete  : 0=0.0%, 4=100.0%, 8=0.0%, 16=0.0%, 32=0.0%, 64=0.0%, >=64=0.0%
     issued rwts: total=0,1396127,0,0 short=0,0,0,0 dropped=0,0,0,0
     latency   : target=0, window=0, percentile=100.00%, depth=1
test_32kb_rwrite_5n3: (groupid=0, jobs=1): err= 0: pid=913688: Sat Sep  6 19:49:20 2025
  write: IOPS=11.8k, BW=368MiB/s (386MB/s)(43.1GiB/120001msec); 0 zone resets
    clat (usec): min=29, max=49594, avg=84.04, stdev=535.79
     lat (usec): min=29, max=49594, avg=84.40, stdev=535.80
    clat percentiles (usec):
     |  1.00th=[   44],  5.00th=[   50], 10.00th=[   55], 20.00th=[   60],
     | 30.00th=[   64], 40.00th=[   67], 50.00th=[   70], 60.00th=[   74],
     | 70.00th=[   77], 80.00th=[   81], 90.00th=[   88], 95.00th=[   95],
     | 99.00th=[  251], 99.50th=[  322], 99.90th=[  469], 99.95th=[ 2933],
     | 99.99th=[30540]
   bw (  KiB/s): min=205056, max=500672, per=2.23%, avg=377139.88, stdev=65868.72, samples=239
   iops        : min= 6408, max=15646, avg=11785.62, stdev=2058.40, samples=239
  lat (usec)   : 50=5.18%, 100=91.39%, 250=2.42%, 500=0.92%, 750=0.03%
  lat (usec)   : 1000=0.01%
  lat (msec)   : 2=0.01%, 4=0.01%, 10=0.01%, 20=0.02%, 50=0.03%
  cpu          : usr=1.99%, sys=11.38%, ctx=1412999, majf=0, minf=68784
  IO depths    : 1=100.0%, 2=0.0%, 4=0.0%, 8=0.0%, 16=0.0%, 32=0.0%, >=64=0.0%
     submit    : 0=0.0%, 4=100.0%, 8=0.0%, 16=0.0%, 32=0.0%, 64=0.0%, >=64=0.0%
     complete  : 0=0.0%, 4=100.0%, 8=0.0%, 16=0.0%, 32=0.0%, 64=0.0%, >=64=0.0%
     issued rwts: total=0,1412964,0,0 short=0,0,0,0 dropped=0,0,0,0
     latency   : target=0, window=0, percentile=100.00%, depth=1
test_32kb_rwrite_5n3: (groupid=0, jobs=1): err= 0: pid=913689: Sat Sep  6 19:49:20 2025
  write: IOPS=11.6k, BW=363MiB/s (380MB/s)(42.5GiB/120001msec); 0 zone resets
    clat (usec): min=28, max=48742, avg=85.12, stdev=540.51
     lat (usec): min=29, max=48742, avg=85.60, stdev=540.51
    clat percentiles (usec):
     |  1.00th=[   44],  5.00th=[   51], 10.00th=[   56], 20.00th=[   61],
     | 30.00th=[   64], 40.00th=[   68], 50.00th=[   71], 60.00th=[   74],
     | 70.00th=[   78], 80.00th=[   82], 90.00th=[   89], 95.00th=[   96],
     | 99.00th=[  255], 99.50th=[  322], 99.90th=[  465], 99.95th=[ 3294],
     | 99.99th=[30540]
   bw (  KiB/s): min=216640, max=480192, per=2.20%, avg=371974.97, stdev=62782.80, samples=239
   iops        : min= 6770, max=15006, avg=11624.21, stdev=1961.98, samples=239
  lat (usec)   : 50=4.44%, 100=91.87%, 250=2.65%, 500=0.96%, 750=0.02%
  lat (usec)   : 1000=0.01%
  lat (msec)   : 2=0.01%, 4=0.01%, 10=0.01%, 20=0.02%, 50=0.03%
  cpu          : usr=2.15%, sys=11.30%, ctx=1393301, majf=0, minf=68513
  IO depths    : 1=100.0%, 2=0.0%, 4=0.0%, 8=0.0%, 16=0.0%, 32=0.0%, >=64=0.0%
     submit    : 0=0.0%, 4=100.0%, 8=0.0%, 16=0.0%, 32=0.0%, 64=0.0%, >=64=0.0%
     complete  : 0=0.0%, 4=100.0%, 8=0.0%, 16=0.0%, 32=0.0%, 64=0.0%, >=64=0.0%
     issued rwts: total=0,1393254,0,0 short=0,0,0,0 dropped=0,0,0,0
     latency   : target=0, window=0, percentile=100.00%, depth=1
test_32kb_rwrite_5n4: (groupid=0, jobs=1): err= 0: pid=913690: Sat Sep  6 19:49:20 2025
  write: IOPS=11.8k, BW=368MiB/s (386MB/s)(43.1GiB/120001msec); 0 zone resets
    clat (usec): min=27, max=49624, avg=84.01, stdev=536.40
     lat (usec): min=27, max=49627, avg=84.42, stdev=536.41
    clat percentiles (usec):
     |  1.00th=[   44],  5.00th=[   50], 10.00th=[   55], 20.00th=[   60],
     | 30.00th=[   64], 40.00th=[   67], 50.00th=[   71], 60.00th=[   74],
     | 70.00th=[   77], 80.00th=[   81], 90.00th=[   88], 95.00th=[   95],
     | 99.00th=[  247], 99.50th=[  322], 99.90th=[  469], 99.95th=[ 2278],
     | 99.99th=[30540]
   bw (  KiB/s): min=197184, max=494080, per=2.23%, avg=377099.63, stdev=67316.17, samples=239
   iops        : min= 6162, max=15440, avg=11784.36, stdev=2103.64, samples=239
  lat (usec)   : 50=5.10%, 100=91.52%, 250=2.41%, 500=0.89%, 750=0.03%
  lat (usec)   : 1000=0.01%
  lat (msec)   : 2=0.01%, 4=0.01%, 10=0.01%, 20=0.02%, 50=0.03%
  cpu          : usr=2.07%, sys=11.11%, ctx=1412754, majf=0, minf=69767
  IO depths    : 1=100.0%, 2=0.0%, 4=0.0%, 8=0.0%, 16=0.0%, 32=0.0%, >=64=0.0%
     submit    : 0=0.0%, 4=100.0%, 8=0.0%, 16=0.0%, 32=0.0%, 64=0.0%, >=64=0.0%
     complete  : 0=0.0%, 4=100.0%, 8=0.0%, 16=0.0%, 32=0.0%, 64=0.0%, >=64=0.0%
     issued rwts: total=0,1412712,0,0 short=0,0,0,0 dropped=0,0,0,0
     latency   : target=0, window=0, percentile=100.00%, depth=1
test_32kb_rwrite_5n4: (groupid=0, jobs=1): err= 0: pid=913691: Sat Sep  6 19:49:20 2025
  write: IOPS=11.7k, BW=366MiB/s (383MB/s)(42.8GiB/120001msec); 0 zone resets
    clat (usec): min=29, max=49658, avg=84.47, stdev=537.16
     lat (usec): min=29, max=49658, avg=84.94, stdev=537.17
    clat percentiles (usec):
     |  1.00th=[   44],  5.00th=[   51], 10.00th=[   55], 20.00th=[   60],
     | 30.00th=[   64], 40.00th=[   68], 50.00th=[   71], 60.00th=[   74],
     | 70.00th=[   77], 80.00th=[   82], 90.00th=[   89], 95.00th=[   96],
     | 99.00th=[  253], 99.50th=[  326], 99.90th=[  474], 99.95th=[ 3195],
     | 99.99th=[30540]
   bw (  KiB/s): min=195200, max=510144, per=2.22%, avg=374887.37, stdev=64911.45, samples=239
   iops        : min= 6100, max=15942, avg=11715.22, stdev=2028.49, samples=239
  lat (usec)   : 50=4.77%, 100=91.77%, 250=2.44%, 500=0.94%, 750=0.03%
  lat (usec)   : 1000=0.01%
  lat (msec)   : 2=0.01%, 4=0.01%, 10=0.01%, 20=0.02%, 50=0.03%
  cpu          : usr=2.19%, sys=11.34%, ctx=1403903, majf=0, minf=74463
  IO depths    : 1=100.0%, 2=0.0%, 4=0.0%, 8=0.0%, 16=0.0%, 32=0.0%, >=64=0.0%
     submit    : 0=0.0%, 4=100.0%, 8=0.0%, 16=0.0%, 32=0.0%, 64=0.0%, >=64=0.0%
     complete  : 0=0.0%, 4=100.0%, 8=0.0%, 16=0.0%, 32=0.0%, 64=0.0%, >=64=0.0%
     issued rwts: total=0,1403856,0,0 short=0,0,0,0 dropped=0,0,0,0
     latency   : target=0, window=0, percentile=100.00%, depth=1
test_32kb_rwrite_5n4: (groupid=0, jobs=1): err= 0: pid=913692: Sat Sep  6 19:49:20 2025
  write: IOPS=11.7k, BW=366MiB/s (384MB/s)(42.9GiB/120001msec); 0 zone resets
    clat (usec): min=28, max=48499, avg=84.51, stdev=537.32
     lat (usec): min=28, max=48499, avg=84.86, stdev=537.32
    clat percentiles (usec):
     |  1.00th=[   44],  5.00th=[   51], 10.00th=[   55], 20.00th=[   60],
     | 30.00th=[   64], 40.00th=[   68], 50.00th=[   71], 60.00th=[   74],
     | 70.00th=[   78], 80.00th=[   82], 90.00th=[   89], 95.00th=[   96],
     | 99.00th=[  247], 99.50th=[  318], 99.90th=[  469], 99.95th=[ 2311],
     | 99.99th=[30540]
   bw (  KiB/s): min=210368, max=490560, per=2.22%, avg=375099.31, stdev=63875.06, samples=239
   iops        : min= 6574, max=15330, avg=11721.82, stdev=1996.11, samples=239
  lat (usec)   : 50=4.69%, 100=91.81%, 250=2.52%, 500=0.90%, 750=0.02%
  lat (usec)   : 1000=0.01%
  lat (msec)   : 2=0.01%, 4=0.01%, 10=0.01%, 20=0.02%, 50=0.03%
  cpu          : usr=1.87%, sys=11.49%, ctx=1405715, majf=0, minf=66335
  IO depths    : 1=100.0%, 2=0.0%, 4=0.0%, 8=0.0%, 16=0.0%, 32=0.0%, >=64=0.0%
     submit    : 0=0.0%, 4=100.0%, 8=0.0%, 16=0.0%, 32=0.0%, 64=0.0%, >=64=0.0%
     complete  : 0=0.0%, 4=100.0%, 8=0.0%, 16=0.0%, 32=0.0%, 64=0.0%, >=64=0.0%
     issued rwts: total=0,1405681,0,0 short=0,0,0,0 dropped=0,0,0,0
     latency   : target=0, window=0, percentile=100.00%, depth=1
test_32kb_rwrite_5n4: (groupid=0, jobs=1): err= 0: pid=913693: Sat Sep  6 19:49:20 2025
  write: IOPS=11.7k, BW=366MiB/s (383MB/s)(42.8GiB/120001msec); 0 zone resets
    clat (usec): min=28, max=49773, avg=84.58, stdev=536.98
     lat (usec): min=29, max=49773, avg=84.96, stdev=536.99
    clat percentiles (usec):
     |  1.00th=[   44],  5.00th=[   51], 10.00th=[   55], 20.00th=[   60],
     | 30.00th=[   64], 40.00th=[   68], 50.00th=[   71], 60.00th=[   74],
     | 70.00th=[   78], 80.00th=[   82], 90.00th=[   89], 95.00th=[   96],
     | 99.00th=[  249], 99.50th=[  322], 99.90th=[  469], 99.95th=[ 3294],
     | 99.99th=[30540]
   bw (  KiB/s): min=223680, max=500224, per=2.22%, avg=374784.19, stdev=64693.39, samples=239
   iops        : min= 6990, max=15632, avg=11712.00, stdev=2021.67, samples=239
  lat (usec)   : 50=4.57%, 100=91.97%, 250=2.47%, 500=0.91%, 750=0.02%
  lat (usec)   : 1000=0.01%
  lat (msec)   : 2=0.01%, 4=0.01%, 10=0.01%, 20=0.02%, 50=0.03%
  cpu          : usr=1.90%, sys=11.55%, ctx=1403823, majf=0, minf=71317
  IO depths    : 1=100.0%, 2=0.0%, 4=0.0%, 8=0.0%, 16=0.0%, 32=0.0%, >=64=0.0%
     submit    : 0=0.0%, 4=100.0%, 8=0.0%, 16=0.0%, 32=0.0%, 64=0.0%, >=64=0.0%
     complete  : 0=0.0%, 4=100.0%, 8=0.0%, 16=0.0%, 32=0.0%, 64=0.0%, >=64=0.0%
     issued rwts: total=0,1403786,0,0 short=0,0,0,0 dropped=0,0,0,0
     latency   : target=0, window=0, percentile=100.00%, depth=1
test_32kb_rwrite_5n4: (groupid=0, jobs=1): err= 0: pid=913694: Sat Sep  6 19:49:20 2025
  write: IOPS=11.7k, BW=364MiB/s (382MB/s)(42.7GiB/120001msec); 0 zone resets
    clat (usec): min=27, max=49627, avg=84.87, stdev=538.63
     lat (usec): min=28, max=49627, avg=85.26, stdev=538.63
    clat percentiles (usec):
     |  1.00th=[   44],  5.00th=[   51], 10.00th=[   55], 20.00th=[   60],
     | 30.00th=[   64], 40.00th=[   68], 50.00th=[   71], 60.00th=[   74],
     | 70.00th=[   78], 80.00th=[   82], 90.00th=[   89], 95.00th=[   96],
     | 99.00th=[  253], 99.50th=[  326], 99.90th=[  474], 99.95th=[ 2376],
     | 99.99th=[30540]
   bw (  KiB/s): min=208128, max=478144, per=2.21%, avg=373282.48, stdev=64601.51, samples=239
   iops        : min= 6504, max=14942, avg=11665.07, stdev=2018.81, samples=239
  lat (usec)   : 50=4.71%, 100=91.71%, 250=2.56%, 500=0.95%, 750=0.02%
  lat (usec)   : 1000=0.01%
  lat (msec)   : 2=0.01%, 4=0.01%, 10=0.01%, 20=0.02%, 50=0.03%
  cpu          : usr=2.05%, sys=11.37%, ctx=1398390, majf=0, minf=78333
  IO depths    : 1=100.0%, 2=0.0%, 4=0.0%, 8=0.0%, 16=0.0%, 32=0.0%, >=64=0.0%
     submit    : 0=0.0%, 4=100.0%, 8=0.0%, 16=0.0%, 32=0.0%, 64=0.0%, >=64=0.0%
     complete  : 0=0.0%, 4=100.0%, 8=0.0%, 16=0.0%, 32=0.0%, 64=0.0%, >=64=0.0%
     issued rwts: total=0,1398330,0,0 short=0,0,0,0 dropped=0,0,0,0
     latency   : target=0, window=0, percentile=100.00%, depth=1
test_32kb_rwrite_5n5: (groupid=0, jobs=1): err= 0: pid=913695: Sat Sep  6 19:49:20 2025
  write: IOPS=11.6k, BW=364MiB/s (382MB/s)(42.7GiB/120001msec); 0 zone resets
    clat (usec): min=29, max=48517, avg=84.92, stdev=537.81
     lat (usec): min=29, max=48517, avg=85.33, stdev=537.81
    clat percentiles (usec):
     |  1.00th=[   44],  5.00th=[   51], 10.00th=[   55], 20.00th=[   61],
     | 30.00th=[   64], 40.00th=[   68], 50.00th=[   71], 60.00th=[   74],
     | 70.00th=[   78], 80.00th=[   82], 90.00th=[   89], 95.00th=[   96],
     | 99.00th=[  255], 99.50th=[  322], 99.90th=[  469], 99.95th=[ 2868],
     | 99.99th=[30540]
   bw (  KiB/s): min=202240, max=501376, per=2.21%, avg=373251.03, stdev=62466.38, samples=239
   iops        : min= 6320, max=15668, avg=11664.09, stdev=1952.08, samples=239
  lat (usec)   : 50=4.51%, 100=91.89%, 250=2.57%, 500=0.95%, 750=0.03%
  lat (usec)   : 1000=0.01%
  lat (msec)   : 2=0.01%, 4=0.01%, 10=0.01%, 20=0.02%, 50=0.03%
  cpu          : usr=1.95%, sys=11.44%, ctx=1397690, majf=0, minf=72054
  IO depths    : 1=100.0%, 2=0.0%, 4=0.0%, 8=0.0%, 16=0.0%, 32=0.0%, >=64=0.0%
     submit    : 0=0.0%, 4=100.0%, 8=0.0%, 16=0.0%, 32=0.0%, 64=0.0%, >=64=0.0%
     complete  : 0=0.0%, 4=100.0%, 8=0.0%, 16=0.0%, 32=0.0%, 64=0.0%, >=64=0.0%
     issued rwts: total=0,1397663,0,0 short=0,0,0,0 dropped=0,0,0,0
     latency   : target=0, window=0, percentile=100.00%, depth=1
test_32kb_rwrite_5n5: (groupid=0, jobs=1): err= 0: pid=913696: Sat Sep  6 19:49:20 2025
  write: IOPS=11.6k, BW=364MiB/s (382MB/s)(42.6GiB/120000msec); 0 zone resets
    clat (usec): min=28, max=49883, avg=84.99, stdev=539.52
     lat (usec): min=28, max=49883, avg=85.35, stdev=539.52
    clat percentiles (usec):
     |  1.00th=[   44],  5.00th=[   51], 10.00th=[   55], 20.00th=[   60],
     | 30.00th=[   64], 40.00th=[   68], 50.00th=[   71], 60.00th=[   74],
     | 70.00th=[   78], 80.00th=[   82], 90.00th=[   89], 95.00th=[   96],
     | 99.00th=[  258], 99.50th=[  326], 99.90th=[  478], 99.95th=[ 2704],
     | 99.99th=[30540]
   bw (  KiB/s): min=218560, max=495232, per=2.21%, avg=373180.83, stdev=64525.79, samples=239
   iops        : min= 6830, max=15476, avg=11661.89, stdev=2016.45, samples=239
  lat (usec)   : 50=4.55%, 100=91.80%, 250=2.60%, 500=0.97%, 750=0.03%
  lat (usec)   : 1000=0.01%
  lat (msec)   : 2=0.01%, 4=0.01%, 10=0.01%, 20=0.02%, 50=0.03%
  cpu          : usr=1.91%, sys=11.43%, ctx=1397604, majf=0, minf=68022
  IO depths    : 1=100.0%, 2=0.0%, 4=0.0%, 8=0.0%, 16=0.0%, 32=0.0%, >=64=0.0%
     submit    : 0=0.0%, 4=100.0%, 8=0.0%, 16=0.0%, 32=0.0%, 64=0.0%, >=64=0.0%
     complete  : 0=0.0%, 4=100.0%, 8=0.0%, 16=0.0%, 32=0.0%, 64=0.0%, >=64=0.0%
     issued rwts: total=0,1397563,0,0 short=0,0,0,0 dropped=0,0,0,0
     latency   : target=0, window=0, percentile=100.00%, depth=1
test_32kb_rwrite_5n5: (groupid=0, jobs=1): err= 0: pid=913697: Sat Sep  6 19:49:20 2025
  write: IOPS=11.8k, BW=367MiB/s (385MB/s)(43.0GiB/120001msec); 0 zone resets
    clat (usec): min=28, max=49613, avg=84.08, stdev=537.28
     lat (usec): min=28, max=49614, avg=84.55, stdev=537.28
    clat percentiles (usec):
     |  1.00th=[   43],  5.00th=[   50], 10.00th=[   55], 20.00th=[   60],
     | 30.00th=[   64], 40.00th=[   67], 50.00th=[   71], 60.00th=[   74],
     | 70.00th=[   77], 80.00th=[   82], 90.00th=[   88], 95.00th=[   95],
     | 99.00th=[  251], 99.50th=[  322], 99.90th=[  465], 99.95th=[ 2343],
     | 99.99th=[30540]
   bw (  KiB/s): min=208128, max=527616, per=2.23%, avg=376524.16, stdev=65890.03, samples=239
   iops        : min= 6504, max=16488, avg=11766.38, stdev=2059.07, samples=239
  lat (usec)   : 50=5.16%, 100=91.42%, 250=2.41%, 500=0.93%, 750=0.02%
  lat (usec)   : 1000=0.01%
  lat (msec)   : 2=0.01%, 4=0.01%, 10=0.01%, 20=0.02%, 50=0.03%
  cpu          : usr=2.18%, sys=11.35%, ctx=1410623, majf=0, minf=70881
  IO depths    : 1=100.0%, 2=0.0%, 4=0.0%, 8=0.0%, 16=0.0%, 32=0.0%, >=64=0.0%
     submit    : 0=0.0%, 4=100.0%, 8=0.0%, 16=0.0%, 32=0.0%, 64=0.0%, >=64=0.0%
     complete  : 0=0.0%, 4=100.0%, 8=0.0%, 16=0.0%, 32=0.0%, 64=0.0%, >=64=0.0%
     issued rwts: total=0,1410595,0,0 short=0,0,0,0 dropped=0,0,0,0
     latency   : target=0, window=0, percentile=100.00%, depth=1
test_32kb_rwrite_5n5: (groupid=0, jobs=1): err= 0: pid=913698: Sat Sep  6 19:49:20 2025
  write: IOPS=11.7k, BW=367MiB/s (385MB/s)(43.0GiB/120001msec); 0 zone resets
    clat (usec): min=29, max=49747, avg=84.20, stdev=536.91
     lat (usec): min=29, max=49747, avg=84.59, stdev=536.91
    clat percentiles (usec):
     |  1.00th=[   44],  5.00th=[   50], 10.00th=[   55], 20.00th=[   60],
     | 30.00th=[   64], 40.00th=[   68], 50.00th=[   71], 60.00th=[   74],
     | 70.00th=[   77], 80.00th=[   82], 90.00th=[   88], 95.00th=[   95],
     | 99.00th=[  247], 99.50th=[  318], 99.90th=[  469], 99.95th=[ 2311],
     | 99.99th=[30540]
   bw (  KiB/s): min=207360, max=520000, per=2.23%, avg=376367.47, stdev=66732.75, samples=239
   iops        : min= 6480, max=16250, avg=11761.47, stdev=2085.41, samples=239
  lat (usec)   : 50=4.85%, 100=91.76%, 250=2.42%, 500=0.89%, 750=0.02%
  lat (usec)   : 1000=0.01%
  lat (msec)   : 2=0.01%, 4=0.01%, 10=0.01%, 20=0.02%, 50=0.03%
  cpu          : usr=1.98%, sys=11.40%, ctx=1409931, majf=0, minf=68781
  IO depths    : 1=100.0%, 2=0.0%, 4=0.0%, 8=0.0%, 16=0.0%, 32=0.0%, >=64=0.0%
     submit    : 0=0.0%, 4=100.0%, 8=0.0%, 16=0.0%, 32=0.0%, 64=0.0%, >=64=0.0%
     complete  : 0=0.0%, 4=100.0%, 8=0.0%, 16=0.0%, 32=0.0%, 64=0.0%, >=64=0.0%
     issued rwts: total=0,1409895,0,0 short=0,0,0,0 dropped=0,0,0,0
     latency   : target=0, window=0, percentile=100.00%, depth=1
test_32kb_rwrite_5n5: (groupid=0, jobs=1): err= 0: pid=913699: Sat Sep  6 19:49:20 2025
  write: IOPS=11.7k, BW=367MiB/s (384MB/s)(42.9GiB/120001msec); 0 zone resets
    clat (usec): min=29, max=49880, avg=84.28, stdev=535.52
     lat (usec): min=29, max=49880, avg=84.73, stdev=535.54
    clat percentiles (usec):
     |  1.00th=[   44],  5.00th=[   51], 10.00th=[   55], 20.00th=[   60],
     | 30.00th=[   64], 40.00th=[   68], 50.00th=[   71], 60.00th=[   74],
     | 70.00th=[   78], 80.00th=[   82], 90.00th=[   89], 95.00th=[   96],
     | 99.00th=[  243], 99.50th=[  318], 99.90th=[  469], 99.95th=[ 2343],
     | 99.99th=[30540]
   bw (  KiB/s): min=192640, max=522048, per=2.22%, avg=375729.90, stdev=65992.12, samples=239
   iops        : min= 6020, max=16314, avg=11741.56, stdev=2062.28, samples=239
  lat (usec)   : 50=4.65%, 100=91.95%, 250=2.45%, 500=0.87%, 750=0.03%
  lat (usec)   : 1000=0.01%
  lat (msec)   : 2=0.01%, 4=0.01%, 10=0.01%, 20=0.02%, 50=0.03%
  cpu          : usr=2.05%, sys=11.55%, ctx=1407424, majf=0, minf=73728
  IO depths    : 1=100.0%, 2=0.0%, 4=0.0%, 8=0.0%, 16=0.0%, 32=0.0%, >=64=0.0%
     submit    : 0=0.0%, 4=100.0%, 8=0.0%, 16=0.0%, 32=0.0%, 64=0.0%, >=64=0.0%
     complete  : 0=0.0%, 4=100.0%, 8=0.0%, 16=0.0%, 32=0.0%, 64=0.0%, >=64=0.0%
     issued rwts: total=0,1407376,0,0 short=0,0,0,0 dropped=0,0,0,0
     latency   : target=0, window=0, percentile=100.00%, depth=1
test_32kb_rwrite_5n6: (groupid=0, jobs=1): err= 0: pid=913700: Sat Sep  6 19:49:20 2025
  write: IOPS=11.9k, BW=373MiB/s (391MB/s)(43.7GiB/120001msec); 0 zone resets
    clat (usec): min=28, max=49742, avg=82.87, stdev=534.23
     lat (usec): min=28, max=49742, avg=83.23, stdev=534.23
    clat percentiles (usec):
     |  1.00th=[   43],  5.00th=[   49], 10.00th=[   53], 20.00th=[   59],
     | 30.00th=[   63], 40.00th=[   67], 50.00th=[   70], 60.00th=[   73],
     | 70.00th=[   76], 80.00th=[   80], 90.00th=[   87], 95.00th=[   94],
     | 99.00th=[  241], 99.50th=[  310], 99.90th=[  457], 99.95th=[ 2245],
     | 99.99th=[30540]
   bw (  KiB/s): min=204352, max=515584, per=2.26%, avg=382566.46, stdev=64495.82, samples=239
   iops        : min= 6386, max=16112, avg=11955.17, stdev=2015.50, samples=239
  lat (usec)   : 50=5.88%, 100=91.03%, 250=2.17%, 500=0.85%, 750=0.02%
  lat (usec)   : 1000=0.01%
  lat (msec)   : 2=0.01%, 4=0.01%, 10=0.01%, 20=0.02%, 50=0.03%
  cpu          : usr=1.94%, sys=10.17%, ctx=1432930, majf=0, minf=69847
  IO depths    : 1=100.0%, 2=0.0%, 4=0.0%, 8=0.0%, 16=0.0%, 32=0.0%, >=64=0.0%
     submit    : 0=0.0%, 4=100.0%, 8=0.0%, 16=0.0%, 32=0.0%, 64=0.0%, >=64=0.0%
     complete  : 0=0.0%, 4=100.0%, 8=0.0%, 16=0.0%, 32=0.0%, 64=0.0%, >=64=0.0%
     issued rwts: total=0,1432902,0,0 short=0,0,0,0 dropped=0,0,0,0
     latency   : target=0, window=0, percentile=100.00%, depth=1
test_32kb_rwrite_5n6: (groupid=0, jobs=1): err= 0: pid=913701: Sat Sep  6 19:49:20 2025
  write: IOPS=11.7k, BW=364MiB/s (382MB/s)(42.7GiB/120001msec); 0 zone resets
    clat (usec): min=28, max=49731, avg=84.87, stdev=538.02
     lat (usec): min=28, max=49731, avg=85.27, stdev=538.03
    clat percentiles (usec):
     |  1.00th=[   44],  5.00th=[   51], 10.00th=[   55], 20.00th=[   61],
     | 30.00th=[   64], 40.00th=[   68], 50.00th=[   71], 60.00th=[   74],
     | 70.00th=[   78], 80.00th=[   82], 90.00th=[   89], 95.00th=[   96],
     | 99.00th=[  249], 99.50th=[  322], 99.90th=[  469], 99.95th=[ 3294],
     | 99.99th=[30540]
   bw (  KiB/s): min=204032, max=484544, per=2.21%, avg=373385.59, stdev=64886.47, samples=239
   iops        : min= 6376, max=15142, avg=11668.29, stdev=2027.72, samples=239
  lat (usec)   : 50=4.49%, 100=91.95%, 250=2.57%, 500=0.91%, 750=0.02%
  lat (usec)   : 1000=0.01%
  lat (msec)   : 2=0.01%, 4=0.01%, 10=0.01%, 20=0.02%, 50=0.03%
  cpu          : usr=2.04%, sys=11.40%, ctx=1398648, majf=0, minf=70196
  IO depths    : 1=100.0%, 2=0.0%, 4=0.0%, 8=0.0%, 16=0.0%, 32=0.0%, >=64=0.0%
     submit    : 0=0.0%, 4=100.0%, 8=0.0%, 16=0.0%, 32=0.0%, 64=0.0%, >=64=0.0%
     complete  : 0=0.0%, 4=100.0%, 8=0.0%, 16=0.0%, 32=0.0%, 64=0.0%, >=64=0.0%
     issued rwts: total=0,1398601,0,0 short=0,0,0,0 dropped=0,0,0,0
     latency   : target=0, window=0, percentile=100.00%, depth=1
test_32kb_rwrite_5n6: (groupid=0, jobs=1): err= 0: pid=913702: Sat Sep  6 19:49:20 2025
  write: IOPS=11.7k, BW=365MiB/s (383MB/s)(42.8GiB/120001msec); 0 zone resets
    clat (usec): min=29, max=48511, avg=84.61, stdev=537.07
     lat (usec): min=29, max=48512, avg=85.02, stdev=537.07
    clat percentiles (usec):
     |  1.00th=[   44],  5.00th=[   51], 10.00th=[   55], 20.00th=[   60],
     | 30.00th=[   64], 40.00th=[   68], 50.00th=[   71], 60.00th=[   74],
     | 70.00th=[   78], 80.00th=[   82], 90.00th=[   89], 95.00th=[   96],
     | 99.00th=[  247], 99.50th=[  318], 99.90th=[  469], 99.95th=[ 2507],
     | 99.99th=[30540]
   bw (  KiB/s): min=215488, max=490688, per=2.21%, avg=374531.83, stdev=63286.65, samples=239
   iops        : min= 6734, max=15334, avg=11704.11, stdev=1977.71, samples=239
  lat (usec)   : 50=4.54%, 100=91.96%, 250=2.53%, 500=0.89%, 750=0.03%
  lat (usec)   : 1000=0.01%
  lat (msec)   : 2=0.01%, 4=0.01%, 10=0.01%, 20=0.02%, 50=0.03%
  cpu          : usr=2.04%, sys=11.36%, ctx=1402753, majf=0, minf=69737
  IO depths    : 1=100.0%, 2=0.0%, 4=0.0%, 8=0.0%, 16=0.0%, 32=0.0%, >=64=0.0%
     submit    : 0=0.0%, 4=100.0%, 8=0.0%, 16=0.0%, 32=0.0%, 64=0.0%, >=64=0.0%
     complete  : 0=0.0%, 4=100.0%, 8=0.0%, 16=0.0%, 32=0.0%, 64=0.0%, >=64=0.0%
     issued rwts: total=0,1402720,0,0 short=0,0,0,0 dropped=0,0,0,0
     latency   : target=0, window=0, percentile=100.00%, depth=1
test_32kb_rwrite_5n6: (groupid=0, jobs=1): err= 0: pid=913703: Sat Sep  6 19:49:20 2025
  write: IOPS=11.7k, BW=366MiB/s (384MB/s)(42.9GiB/120001msec); 0 zone resets
    clat (usec): min=29, max=48580, avg=84.43, stdev=537.68
     lat (usec): min=29, max=48580, avg=84.88, stdev=537.68
    clat percentiles (usec):
     |  1.00th=[   44],  5.00th=[   50], 10.00th=[   55], 20.00th=[   60],
     | 30.00th=[   64], 40.00th=[   68], 50.00th=[   71], 60.00th=[   74],
     | 70.00th=[   77], 80.00th=[   82], 90.00th=[   89], 95.00th=[   96],
     | 99.00th=[  247], 99.50th=[  318], 99.90th=[  469], 99.95th=[ 3294],
     | 99.99th=[30540]
   bw (  KiB/s): min=212160, max=482240, per=2.22%, avg=375064.85, stdev=63951.26, samples=239
   iops        : min= 6630, max=15070, avg=11720.77, stdev=1998.48, samples=239
  lat (usec)   : 50=4.92%, 100=91.57%, 250=2.54%, 500=0.89%, 750=0.03%
  lat (usec)   : 1000=0.01%
  lat (msec)   : 2=0.01%, 4=0.01%, 10=0.01%, 20=0.02%, 50=0.03%
  cpu          : usr=2.23%, sys=11.23%, ctx=1405079, majf=0, minf=66670
  IO depths    : 1=100.0%, 2=0.0%, 4=0.0%, 8=0.0%, 16=0.0%, 32=0.0%, >=64=0.0%
     submit    : 0=0.0%, 4=100.0%, 8=0.0%, 16=0.0%, 32=0.0%, 64=0.0%, >=64=0.0%
     complete  : 0=0.0%, 4=100.0%, 8=0.0%, 16=0.0%, 32=0.0%, 64=0.0%, >=64=0.0%
     issued rwts: total=0,1405051,0,0 short=0,0,0,0 dropped=0,0,0,0
     latency   : target=0, window=0, percentile=100.00%, depth=1
test_32kb_rwrite_5n6: (groupid=0, jobs=1): err= 0: pid=913704: Sat Sep  6 19:49:20 2025
  write: IOPS=11.7k, BW=367MiB/s (384MB/s)(43.0GiB/120001msec); 0 zone resets
    clat (usec): min=28, max=48524, avg=84.35, stdev=535.65
     lat (usec): min=29, max=48525, avg=84.71, stdev=535.65
    clat percentiles (usec):
     |  1.00th=[   44],  5.00th=[   51], 10.00th=[   55], 20.00th=[   60],
     | 30.00th=[   64], 40.00th=[   68], 50.00th=[   71], 60.00th=[   74],
     | 70.00th=[   78], 80.00th=[   82], 90.00th=[   89], 95.00th=[   96],
     | 99.00th=[  249], 99.50th=[  318], 99.90th=[  469], 99.95th=[ 2868],
     | 99.99th=[30540]
   bw (  KiB/s): min=218688, max=503744, per=2.22%, avg=375826.48, stdev=64049.76, samples=239
   iops        : min= 6834, max=15742, avg=11744.57, stdev=2001.57, samples=239
  lat (usec)   : 50=4.81%, 100=91.72%, 250=2.48%, 500=0.91%, 750=0.02%
  lat (usec)   : 1000=0.01%
  lat (msec)   : 2=0.01%, 4=0.01%, 10=0.01%, 20=0.02%, 50=0.03%
  cpu          : usr=1.88%, sys=11.55%, ctx=1408020, majf=0, minf=71763
  IO depths    : 1=100.0%, 2=0.0%, 4=0.0%, 8=0.0%, 16=0.0%, 32=0.0%, >=64=0.0%
     submit    : 0=0.0%, 4=100.0%, 8=0.0%, 16=0.0%, 32=0.0%, 64=0.0%, >=64=0.0%
     complete  : 0=0.0%, 4=100.0%, 8=0.0%, 16=0.0%, 32=0.0%, 64=0.0%, >=64=0.0%
     issued rwts: total=0,1407970,0,0 short=0,0,0,0 dropped=0,0,0,0
     latency   : target=0, window=0, percentile=100.00%, depth=1
test_32kb_rwrite_5n7: (groupid=0, jobs=1): err= 0: pid=913705: Sat Sep  6 19:49:20 2025
  write: IOPS=11.8k, BW=369MiB/s (387MB/s)(43.3GiB/120001msec); 0 zone resets
    clat (usec): min=28, max=50124, avg=83.74, stdev=534.47
     lat (usec): min=29, max=50124, avg=84.14, stdev=534.47
    clat percentiles (usec):
     |  1.00th=[   43],  5.00th=[   50], 10.00th=[   55], 20.00th=[   60],
     | 30.00th=[   63], 40.00th=[   67], 50.00th=[   70], 60.00th=[   73],
     | 70.00th=[   77], 80.00th=[   81], 90.00th=[   88], 95.00th=[   95],
     | 99.00th=[  247], 99.50th=[  318], 99.90th=[  465], 99.95th=[ 2278],
     | 99.99th=[30540]
   bw (  KiB/s): min=212992, max=511104, per=2.24%, avg=378389.43, stdev=66319.82, samples=239
   iops        : min= 6656, max=15972, avg=11824.64, stdev=2072.53, samples=239
  lat (usec)   : 50=5.23%, 100=91.47%, 250=2.33%, 500=0.89%, 750=0.03%
  lat (usec)   : 1000=0.01%
  lat (msec)   : 2=0.01%, 4=0.01%, 10=0.01%, 20=0.02%, 50=0.03%
  lat (msec)   : 100=0.01%
  cpu          : usr=2.06%, sys=10.62%, ctx=1417423, majf=0, minf=72132
  IO depths    : 1=100.0%, 2=0.0%, 4=0.0%, 8=0.0%, 16=0.0%, 32=0.0%, >=64=0.0%
     submit    : 0=0.0%, 4=100.0%, 8=0.0%, 16=0.0%, 32=0.0%, 64=0.0%, >=64=0.0%
     complete  : 0=0.0%, 4=100.0%, 8=0.0%, 16=0.0%, 32=0.0%, 64=0.0%, >=64=0.0%
     issued rwts: total=0,1417395,0,0 short=0,0,0,0 dropped=0,0,0,0
     latency   : target=0, window=0, percentile=100.00%, depth=1
test_32kb_rwrite_5n7: (groupid=0, jobs=1): err= 0: pid=913706: Sat Sep  6 19:49:20 2025
  write: IOPS=11.7k, BW=365MiB/s (383MB/s)(42.8GiB/120001msec); 0 zone resets
    clat (usec): min=29, max=49585, avg=84.67, stdev=538.54
     lat (usec): min=30, max=49585, avg=85.02, stdev=538.54
    clat percentiles (usec):
     |  1.00th=[   44],  5.00th=[   51], 10.00th=[   55], 20.00th=[   60],
     | 30.00th=[   64], 40.00th=[   68], 50.00th=[   71], 60.00th=[   74],
     | 70.00th=[   78], 80.00th=[   82], 90.00th=[   89], 95.00th=[   96],
     | 99.00th=[  253], 99.50th=[  322], 99.90th=[  469], 99.95th=[ 2540],
     | 99.99th=[30540]
   bw (  KiB/s): min=211904, max=510272, per=2.21%, avg=374450.14, stdev=66620.78, samples=239
   iops        : min= 6622, max=15946, avg=11701.55, stdev=2081.92, samples=239
  lat (usec)   : 50=4.60%, 100=91.85%, 250=2.53%, 500=0.94%, 750=0.03%
  lat (usec)   : 1000=0.01%
  lat (msec)   : 2=0.01%, 4=0.01%, 10=0.01%, 20=0.02%, 50=0.03%
  cpu          : usr=1.99%, sys=11.37%, ctx=1402822, majf=0, minf=72590
  IO depths    : 1=100.0%, 2=0.0%, 4=0.0%, 8=0.0%, 16=0.0%, 32=0.0%, >=64=0.0%
     submit    : 0=0.0%, 4=100.0%, 8=0.0%, 16=0.0%, 32=0.0%, 64=0.0%, >=64=0.0%
     complete  : 0=0.0%, 4=100.0%, 8=0.0%, 16=0.0%, 32=0.0%, 64=0.0%, >=64=0.0%
     issued rwts: total=0,1402787,0,0 short=0,0,0,0 dropped=0,0,0,0
     latency   : target=0, window=0, percentile=100.00%, depth=1
test_32kb_rwrite_5n7: (groupid=0, jobs=1): err= 0: pid=913707: Sat Sep  6 19:49:20 2025
  write: IOPS=11.7k, BW=365MiB/s (383MB/s)(42.8GiB/120001msec); 0 zone resets
    clat (usec): min=28, max=49617, avg=84.64, stdev=536.45
     lat (usec): min=29, max=49617, avg=85.15, stdev=536.45
    clat percentiles (usec):
     |  1.00th=[   44],  5.00th=[   51], 10.00th=[   55], 20.00th=[   60],
     | 30.00th=[   64], 40.00th=[   68], 50.00th=[   71], 60.00th=[   74],
     | 70.00th=[   78], 80.00th=[   82], 90.00th=[   89], 95.00th=[   96],
     | 99.00th=[  247], 99.50th=[  318], 99.90th=[  465], 99.95th=[ 3228],
     | 99.99th=[30540]
   bw (  KiB/s): min=200384, max=510848, per=2.21%, avg=374150.07, stdev=65034.08, samples=239
   iops        : min= 6262, max=15964, avg=11692.18, stdev=2032.34, samples=239
  lat (usec)   : 50=4.45%, 100=92.02%, 250=2.56%, 500=0.90%, 750=0.02%
  lat (usec)   : 1000=0.01%
  lat (msec)   : 2=0.01%, 4=0.01%, 10=0.01%, 20=0.02%, 50=0.03%
  cpu          : usr=2.10%, sys=11.34%, ctx=1401402, majf=0, minf=21657
  IO depths    : 1=100.0%, 2=0.0%, 4=0.0%, 8=0.0%, 16=0.0%, 32=0.0%, >=64=0.0%
     submit    : 0=0.0%, 4=100.0%, 8=0.0%, 16=0.0%, 32=0.0%, 64=0.0%, >=64=0.0%
     complete  : 0=0.0%, 4=100.0%, 8=0.0%, 16=0.0%, 32=0.0%, 64=0.0%, >=64=0.0%
     issued rwts: total=0,1401373,0,0 short=0,0,0,0 dropped=0,0,0,0
     latency   : target=0, window=0, percentile=100.00%, depth=1
test_32kb_rwrite_5n7: (groupid=0, jobs=1): err= 0: pid=913708: Sat Sep  6 19:49:20 2025
  write: IOPS=11.8k, BW=369MiB/s (386MB/s)(43.2GiB/120001msec); 0 zone resets
    clat (usec): min=27, max=49509, avg=83.85, stdev=535.79
     lat (usec): min=27, max=49510, avg=84.26, stdev=535.80
    clat percentiles (usec):
     |  1.00th=[   44],  5.00th=[   50], 10.00th=[   55], 20.00th=[   60],
     | 30.00th=[   64], 40.00th=[   67], 50.00th=[   70], 60.00th=[   74],
     | 70.00th=[   77], 80.00th=[   81], 90.00th=[   88], 95.00th=[   95],
     | 99.00th=[  245], 99.50th=[  318], 99.90th=[  465], 99.95th=[ 2278],
     | 99.99th=[30540]
   bw (  KiB/s): min=179200, max=487104, per=2.23%, avg=377922.93, stdev=65665.40, samples=239
   iops        : min= 5600, max=15222, avg=11810.08, stdev=2052.04, samples=239
  lat (usec)   : 50=5.03%, 100=91.64%, 250=2.37%, 500=0.88%, 750=0.02%
  lat (usec)   : 1000=0.01%
  lat (msec)   : 2=0.01%, 4=0.01%, 10=0.01%, 20=0.02%, 50=0.03%
  cpu          : usr=2.02%, sys=11.49%, ctx=1415387, majf=0, minf=69178
  IO depths    : 1=100.0%, 2=0.0%, 4=0.0%, 8=0.0%, 16=0.0%, 32=0.0%, >=64=0.0%
     submit    : 0=0.0%, 4=100.0%, 8=0.0%, 16=0.0%, 32=0.0%, 64=0.0%, >=64=0.0%
     complete  : 0=0.0%, 4=100.0%, 8=0.0%, 16=0.0%, 32=0.0%, 64=0.0%, >=64=0.0%
     issued rwts: total=0,1415353,0,0 short=0,0,0,0 dropped=0,0,0,0
     latency   : target=0, window=0, percentile=100.00%, depth=1
test_32kb_rwrite_5n7: (groupid=0, jobs=1): err= 0: pid=913709: Sat Sep  6 19:49:20 2025
  write: IOPS=11.8k, BW=369MiB/s (386MB/s)(43.2GiB/120001msec); 0 zone resets
    clat (usec): min=28, max=49720, avg=83.83, stdev=534.76
     lat (usec): min=28, max=49720, avg=84.28, stdev=534.76
    clat percentiles (usec):
     |  1.00th=[   44],  5.00th=[   50], 10.00th=[   55], 20.00th=[   60],
     | 30.00th=[   64], 40.00th=[   67], 50.00th=[   71], 60.00th=[   74],
     | 70.00th=[   77], 80.00th=[   82], 90.00th=[   88], 95.00th=[   95],
     | 99.00th=[  243], 99.50th=[  318], 99.90th=[  461], 99.95th=[ 2376],
     | 99.99th=[30540]
   bw (  KiB/s): min=212416, max=510400, per=2.23%, avg=377731.36, stdev=66549.74, samples=239
   iops        : min= 6638, max=15950, avg=11804.10, stdev=2079.69, samples=239
  lat (usec)   : 50=5.04%, 100=91.66%, 250=2.35%, 500=0.87%, 750=0.02%
  lat (usec)   : 1000=0.01%
  lat (msec)   : 2=0.01%, 4=0.01%, 10=0.01%, 20=0.02%, 50=0.03%
  cpu          : usr=2.18%, sys=11.02%, ctx=1415154, majf=0, minf=68103
  IO depths    : 1=100.0%, 2=0.0%, 4=0.0%, 8=0.0%, 16=0.0%, 32=0.0%, >=64=0.0%
     submit    : 0=0.0%, 4=100.0%, 8=0.0%, 16=0.0%, 32=0.0%, 64=0.0%, >=64=0.0%
     complete  : 0=0.0%, 4=100.0%, 8=0.0%, 16=0.0%, 32=0.0%, 64=0.0%, >=64=0.0%
     issued rwts: total=0,1415117,0,0 short=0,0,0,0 dropped=0,0,0,0
     latency   : target=0, window=0, percentile=100.00%, depth=1
test_32kb_rwrite_5n8: (groupid=0, jobs=1): err= 0: pid=913710: Sat Sep  6 19:49:20 2025
  write: IOPS=11.8k, BW=368MiB/s (386MB/s)(43.2GiB/120001msec); 0 zone resets
    clat (usec): min=28, max=49558, avg=83.94, stdev=535.90
     lat (usec): min=29, max=49558, avg=84.29, stdev=535.90
    clat percentiles (usec):
     |  1.00th=[   43],  5.00th=[   50], 10.00th=[   55], 20.00th=[   60],
     | 30.00th=[   64], 40.00th=[   67], 50.00th=[   70], 60.00th=[   74],
     | 70.00th=[   77], 80.00th=[   81], 90.00th=[   88], 95.00th=[   95],
     | 99.00th=[  247], 99.50th=[  322], 99.90th=[  465], 99.95th=[ 2278],
     | 99.99th=[30540]
   bw (  KiB/s): min=186880, max=492480, per=2.23%, avg=377860.13, stdev=65927.41, samples=239
   iops        : min= 5840, max=15390, avg=11808.11, stdev=2060.24, samples=239
  lat (usec)   : 50=5.20%, 100=91.39%, 250=2.44%, 500=0.90%, 750=0.02%
  lat (usec)   : 1000=0.01%
  lat (msec)   : 2=0.01%, 4=0.01%, 10=0.01%, 20=0.02%, 50=0.03%
  cpu          : usr=1.96%, sys=10.79%, ctx=1415053, majf=0, minf=68953
  IO depths    : 1=100.0%, 2=0.0%, 4=0.0%, 8=0.0%, 16=0.0%, 32=0.0%, >=64=0.0%
     submit    : 0=0.0%, 4=100.0%, 8=0.0%, 16=0.0%, 32=0.0%, 64=0.0%, >=64=0.0%
     complete  : 0=0.0%, 4=100.0%, 8=0.0%, 16=0.0%, 32=0.0%, 64=0.0%, >=64=0.0%
     issued rwts: total=0,1415012,0,0 short=0,0,0,0 dropped=0,0,0,0
     latency   : target=0, window=0, percentile=100.00%, depth=1
test_32kb_rwrite_5n8: (groupid=0, jobs=1): err= 0: pid=913711: Sat Sep  6 19:49:20 2025
  write: IOPS=11.8k, BW=368MiB/s (385MB/s)(43.1GiB/120001msec); 0 zone resets
    clat (usec): min=29, max=49696, avg=84.04, stdev=534.89
     lat (usec): min=29, max=49696, avg=84.50, stdev=534.89
    clat percentiles (usec):
     |  1.00th=[   44],  5.00th=[   50], 10.00th=[   55], 20.00th=[   60],
     | 30.00th=[   64], 40.00th=[   68], 50.00th=[   71], 60.00th=[   74],
     | 70.00th=[   77], 80.00th=[   82], 90.00th=[   88], 95.00th=[   95],
     | 99.00th=[  245], 99.50th=[  314], 99.90th=[  465], 99.95th=[ 2278],
     | 99.99th=[29754]
   bw (  KiB/s): min=203584, max=500672, per=2.23%, avg=376728.09, stdev=64399.42, samples=239
   iops        : min= 6362, max=15646, avg=11772.74, stdev=2012.51, samples=239
  lat (usec)   : 50=5.02%, 100=91.59%, 250=2.43%, 500=0.89%, 750=0.02%
  lat (usec)   : 1000=0.01%
  lat (msec)   : 2=0.01%, 4=0.01%, 10=0.01%, 20=0.02%, 50=0.03%
  cpu          : usr=2.18%, sys=11.34%, ctx=1411292, majf=0, minf=68373
  IO depths    : 1=100.0%, 2=0.0%, 4=0.0%, 8=0.0%, 16=0.0%, 32=0.0%, >=64=0.0%
     submit    : 0=0.0%, 4=100.0%, 8=0.0%, 16=0.0%, 32=0.0%, 64=0.0%, >=64=0.0%
     complete  : 0=0.0%, 4=100.0%, 8=0.0%, 16=0.0%, 32=0.0%, 64=0.0%, >=64=0.0%
     issued rwts: total=0,1411252,0,0 short=0,0,0,0 dropped=0,0,0,0
     latency   : target=0, window=0, percentile=100.00%, depth=1
test_32kb_rwrite_5n8: (groupid=0, jobs=1): err= 0: pid=913712: Sat Sep  6 19:49:20 2025
  write: IOPS=11.9k, BW=372MiB/s (390MB/s)(43.6GiB/120001msec); 0 zone resets
    clat (usec): min=28, max=49675, avg=83.04, stdev=534.26
     lat (usec): min=29, max=49675, avg=83.46, stdev=534.26
    clat percentiles (usec):
     |  1.00th=[   43],  5.00th=[   50], 10.00th=[   53], 20.00th=[   59],
     | 30.00th=[   63], 40.00th=[   67], 50.00th=[   70], 60.00th=[   73],
     | 70.00th=[   76], 80.00th=[   81], 90.00th=[   88], 95.00th=[   95],
     | 99.00th=[  243], 99.50th=[  314], 99.90th=[  469], 99.95th=[ 2278],
     | 99.99th=[30540]
   bw (  KiB/s): min=199296, max=506624, per=2.26%, avg=381473.02, stdev=66777.53, samples=239
   iops        : min= 6228, max=15832, avg=11921.01, stdev=2086.82, samples=239
  lat (usec)   : 50=5.80%, 100=91.01%, 250=2.25%, 500=0.87%, 750=0.02%
  lat (usec)   : 1000=0.01%
  lat (msec)   : 2=0.01%, 4=0.01%, 10=0.01%, 20=0.02%, 50=0.03%
  cpu          : usr=2.18%, sys=10.76%, ctx=1428767, majf=0, minf=71867
  IO depths    : 1=100.0%, 2=0.0%, 4=0.0%, 8=0.0%, 16=0.0%, 32=0.0%, >=64=0.0%
     submit    : 0=0.0%, 4=100.0%, 8=0.0%, 16=0.0%, 32=0.0%, 64=0.0%, >=64=0.0%
     complete  : 0=0.0%, 4=100.0%, 8=0.0%, 16=0.0%, 32=0.0%, 64=0.0%, >=64=0.0%
     issued rwts: total=0,1428735,0,0 short=0,0,0,0 dropped=0,0,0,0
     latency   : target=0, window=0, percentile=100.00%, depth=1
test_32kb_rwrite_5n8: (groupid=0, jobs=1): err= 0: pid=913713: Sat Sep  6 19:49:20 2025
  write: IOPS=11.8k, BW=369MiB/s (387MB/s)(43.2GiB/120001msec); 0 zone resets
    clat (usec): min=29, max=49609, avg=83.76, stdev=535.22
     lat (usec): min=29, max=49610, avg=84.15, stdev=535.23
    clat percentiles (usec):
     |  1.00th=[   43],  5.00th=[   50], 10.00th=[   54], 20.00th=[   60],
     | 30.00th=[   63], 40.00th=[   67], 50.00th=[   70], 60.00th=[   73],
     | 70.00th=[   77], 80.00th=[   81], 90.00th=[   88], 95.00th=[   95],
     | 99.00th=[  253], 99.50th=[  322], 99.90th=[  469], 99.95th=[ 2278],
     | 99.99th=[30540]
   bw (  KiB/s): min=199232, max=500800, per=2.24%, avg=378391.23, stdev=67805.91, samples=239
   iops        : min= 6226, max=15650, avg=11824.69, stdev=2118.94, samples=239
  lat (usec)   : 50=5.54%, 100=91.14%, 250=2.29%, 500=0.95%, 750=0.02%
  lat (usec)   : 1000=0.01%
  lat (msec)   : 2=0.01%, 4=0.01%, 10=0.01%, 20=0.01%, 50=0.03%
  cpu          : usr=2.05%, sys=10.33%, ctx=1417069, majf=0, minf=72182
  IO depths    : 1=100.0%, 2=0.0%, 4=0.0%, 8=0.0%, 16=0.0%, 32=0.0%, >=64=0.0%
     submit    : 0=0.0%, 4=100.0%, 8=0.0%, 16=0.0%, 32=0.0%, 64=0.0%, >=64=0.0%
     complete  : 0=0.0%, 4=100.0%, 8=0.0%, 16=0.0%, 32=0.0%, 64=0.0%, >=64=0.0%
     issued rwts: total=0,1417035,0,0 short=0,0,0,0 dropped=0,0,0,0
     latency   : target=0, window=0, percentile=100.00%, depth=1
test_32kb_rwrite_5n8: (groupid=0, jobs=1): err= 0: pid=913714: Sat Sep  6 19:49:20 2025
  write: IOPS=11.7k, BW=365MiB/s (383MB/s)(42.8GiB/120001msec); 0 zone resets
    clat (usec): min=28, max=49617, avg=84.69, stdev=537.25
     lat (usec): min=28, max=49617, avg=85.05, stdev=537.26
    clat percentiles (usec):
     |  1.00th=[   44],  5.00th=[   51], 10.00th=[   55], 20.00th=[   60],
     | 30.00th=[   64], 40.00th=[   68], 50.00th=[   71], 60.00th=[   74],
     | 70.00th=[   78], 80.00th=[   82], 90.00th=[   89], 95.00th=[   96],
     | 99.00th=[  251], 99.50th=[  322], 99.90th=[  474], 99.95th=[ 2278],
     | 99.99th=[30540]
   bw (  KiB/s): min=193088, max=494208, per=2.21%, avg=374246.77, stdev=64014.72, samples=239
   iops        : min= 6034, max=15444, avg=11695.20, stdev=2000.47, samples=239
  lat (usec)   : 50=4.66%, 100=91.72%, 250=2.62%, 500=0.92%, 750=0.03%
  lat (usec)   : 1000=0.01%
  lat (msec)   : 2=0.01%, 4=0.01%, 10=0.01%, 20=0.02%, 50=0.03%
  cpu          : usr=1.90%, sys=11.46%, ctx=1402516, majf=0, minf=70238
  IO depths    : 1=100.0%, 2=0.0%, 4=0.0%, 8=0.0%, 16=0.0%, 32=0.0%, >=64=0.0%
     submit    : 0=0.0%, 4=100.0%, 8=0.0%, 16=0.0%, 32=0.0%, 64=0.0%, >=64=0.0%
     complete  : 0=0.0%, 4=100.0%, 8=0.0%, 16=0.0%, 32=0.0%, 64=0.0%, >=64=0.0%
     issued rwts: total=0,1402480,0,0 short=0,0,0,0 dropped=0,0,0,0
     latency   : target=0, window=0, percentile=100.00%, depth=1
test_32kb_rwrite_5n9: (groupid=0, jobs=1): err= 0: pid=913715: Sat Sep  6 19:49:20 2025
  write: IOPS=11.8k, BW=367MiB/s (385MB/s)(43.1GiB/120001msec); 0 zone resets
    clat (usec): min=29, max=48689, avg=84.08, stdev=536.48
     lat (usec): min=30, max=48689, avg=84.51, stdev=536.49
    clat percentiles (usec):
     |  1.00th=[   44],  5.00th=[   50], 10.00th=[   55], 20.00th=[   60],
     | 30.00th=[   64], 40.00th=[   67], 50.00th=[   71], 60.00th=[   74],
     | 70.00th=[   77], 80.00th=[   82], 90.00th=[   89], 95.00th=[   96],
     | 99.00th=[  247], 99.50th=[  318], 99.90th=[  465], 99.95th=[ 2343],
     | 99.99th=[30540]
   bw (  KiB/s): min=198720, max=506240, per=2.23%, avg=376683.68, stdev=66453.77, samples=239
   iops        : min= 6210, max=15820, avg=11771.34, stdev=2076.69, samples=239
  lat (usec)   : 50=4.93%, 100=91.67%, 250=2.43%, 500=0.89%, 750=0.02%
  lat (usec)   : 1000=0.01%
  lat (msec)   : 2=0.01%, 4=0.01%, 10=0.01%, 20=0.02%, 50=0.03%
  cpu          : usr=2.11%, sys=11.45%, ctx=1410926, majf=0, minf=73746
  IO depths    : 1=100.0%, 2=0.0%, 4=0.0%, 8=0.0%, 16=0.0%, 32=0.0%, >=64=0.0%
     submit    : 0=0.0%, 4=100.0%, 8=0.0%, 16=0.0%, 32=0.0%, 64=0.0%, >=64=0.0%
     complete  : 0=0.0%, 4=100.0%, 8=0.0%, 16=0.0%, 32=0.0%, 64=0.0%, >=64=0.0%
     issued rwts: total=0,1410886,0,0 short=0,0,0,0 dropped=0,0,0,0
     latency   : target=0, window=0, percentile=100.00%, depth=1
test_32kb_rwrite_5n9: (groupid=0, jobs=1): err= 0: pid=913716: Sat Sep  6 19:49:20 2025
  write: IOPS=11.7k, BW=366MiB/s (384MB/s)(42.9GiB/120001msec); 0 zone resets
    clat (usec): min=29, max=49583, avg=84.41, stdev=537.82
     lat (usec): min=29, max=49584, avg=84.78, stdev=537.82
    clat percentiles (usec):
     |  1.00th=[   44],  5.00th=[   50], 10.00th=[   55], 20.00th=[   60],
     | 30.00th=[   64], 40.00th=[   68], 50.00th=[   71], 60.00th=[   74],
     | 70.00th=[   78], 80.00th=[   82], 90.00th=[   89], 95.00th=[   96],
     | 99.00th=[  247], 99.50th=[  318], 99.90th=[  469], 99.95th=[ 2507],
     | 99.99th=[30540]
   bw (  KiB/s): min=204928, max=504960, per=2.22%, avg=375572.09, stdev=65603.37, samples=239
   iops        : min= 6404, max=15780, avg=11736.60, stdev=2050.12, samples=239
  lat (usec)   : 50=4.85%, 100=91.65%, 250=2.52%, 500=0.90%, 750=0.02%
  lat (usec)   : 1000=0.01%
  lat (msec)   : 2=0.01%, 4=0.01%, 10=0.01%, 20=0.02%, 50=0.03%
  cpu          : usr=1.92%, sys=11.48%, ctx=1407049, majf=0, minf=67522
  IO depths    : 1=100.0%, 2=0.0%, 4=0.0%, 8=0.0%, 16=0.0%, 32=0.0%, >=64=0.0%
     submit    : 0=0.0%, 4=100.0%, 8=0.0%, 16=0.0%, 32=0.0%, 64=0.0%, >=64=0.0%
     complete  : 0=0.0%, 4=100.0%, 8=0.0%, 16=0.0%, 32=0.0%, 64=0.0%, >=64=0.0%
     issued rwts: total=0,1407022,0,0 short=0,0,0,0 dropped=0,0,0,0
     latency   : target=0, window=0, percentile=100.00%, depth=1
test_32kb_rwrite_5n9: (groupid=0, jobs=1): err= 0: pid=913717: Sat Sep  6 19:49:20 2025
  write: IOPS=11.7k, BW=365MiB/s (383MB/s)(42.8GiB/120000msec); 0 zone resets
    clat (usec): min=29, max=49591, avg=84.65, stdev=539.48
     lat (usec): min=29, max=49591, avg=85.12, stdev=539.48
    clat percentiles (usec):
     |  1.00th=[   44],  5.00th=[   51], 10.00th=[   55], 20.00th=[   60],
     | 30.00th=[   64], 40.00th=[   68], 50.00th=[   71], 60.00th=[   74],
     | 70.00th=[   78], 80.00th=[   82], 90.00th=[   89], 95.00th=[   96],
     | 99.00th=[  253], 99.50th=[  322], 99.90th=[  469], 99.95th=[ 2507],
     | 99.99th=[30540]
   bw (  KiB/s): min=194624, max=489600, per=2.21%, avg=373985.26, stdev=64576.17, samples=239
   iops        : min= 6082, max=15300, avg=11687.03, stdev=2018.01, samples=239
  lat (usec)   : 50=4.81%, 100=91.60%, 250=2.56%, 500=0.95%, 750=0.02%
  lat (usec)   : 1000=0.01%
  lat (msec)   : 2=0.01%, 4=0.01%, 10=0.01%, 20=0.02%, 50=0.03%
  cpu          : usr=2.07%, sys=11.41%, ctx=1400902, majf=0, minf=72047
  IO depths    : 1=100.0%, 2=0.0%, 4=0.0%, 8=0.0%, 16=0.0%, 32=0.0%, >=64=0.0%
     submit    : 0=0.0%, 4=100.0%, 8=0.0%, 16=0.0%, 32=0.0%, 64=0.0%, >=64=0.0%
     complete  : 0=0.0%, 4=100.0%, 8=0.0%, 16=0.0%, 32=0.0%, 64=0.0%, >=64=0.0%
     issued rwts: total=0,1400871,0,0 short=0,0,0,0 dropped=0,0,0,0
     latency   : target=0, window=0, percentile=100.00%, depth=1
test_32kb_rwrite_5n9: (groupid=0, jobs=1): err= 0: pid=913718: Sat Sep  6 19:49:20 2025
  write: IOPS=11.8k, BW=367MiB/s (385MB/s)(43.0GiB/120001msec); 0 zone resets
    clat (usec): min=29, max=49649, avg=84.18, stdev=535.35
     lat (usec): min=29, max=49649, avg=84.56, stdev=535.35
    clat percentiles (usec):
     |  1.00th=[   43],  5.00th=[   50], 10.00th=[   55], 20.00th=[   60],
     | 30.00th=[   64], 40.00th=[   67], 50.00th=[   71], 60.00th=[   74],
     | 70.00th=[   77], 80.00th=[   82], 90.00th=[   89], 95.00th=[   96],
     | 99.00th=[  251], 99.50th=[  318], 99.90th=[  469], 99.95th=[ 2278],
     | 99.99th=[30540]
   bw (  KiB/s): min=221248, max=510528, per=2.23%, avg=376573.24, stdev=65972.23, samples=239
   iops        : min= 6914, max=15954, avg=11767.89, stdev=2061.64, samples=239
  lat (usec)   : 50=5.24%, 100=91.23%, 250=2.53%, 500=0.92%, 750=0.03%
  lat (usec)   : 1000=0.01%
  lat (msec)   : 2=0.01%, 4=0.01%, 10=0.01%, 20=0.02%, 50=0.03%
  cpu          : usr=1.99%, sys=11.34%, ctx=1410217, majf=0, minf=73980
  IO depths    : 1=100.0%, 2=0.0%, 4=0.0%, 8=0.0%, 16=0.0%, 32=0.0%, >=64=0.0%
     submit    : 0=0.0%, 4=100.0%, 8=0.0%, 16=0.0%, 32=0.0%, 64=0.0%, >=64=0.0%
     complete  : 0=0.0%, 4=100.0%, 8=0.0%, 16=0.0%, 32=0.0%, 64=0.0%, >=64=0.0%
     issued rwts: total=0,1410169,0,0 short=0,0,0,0 dropped=0,0,0,0
     latency   : target=0, window=0, percentile=100.00%, depth=1
test_32kb_rwrite_5n9: (groupid=0, jobs=1): err= 0: pid=913719: Sat Sep  6 19:49:20 2025
  write: IOPS=11.8k, BW=368MiB/s (386MB/s)(43.2GiB/120001msec); 0 zone resets
    clat (usec): min=29, max=49623, avg=83.86, stdev=535.28
     lat (usec): min=29, max=49624, avg=84.27, stdev=535.29
    clat percentiles (usec):
     |  1.00th=[   44],  5.00th=[   50], 10.00th=[   55], 20.00th=[   60],
     | 30.00th=[   64], 40.00th=[   67], 50.00th=[   70], 60.00th=[   74],
     | 70.00th=[   77], 80.00th=[   81], 90.00th=[   88], 95.00th=[   95],
     | 99.00th=[  245], 99.50th=[  314], 99.90th=[  469], 99.95th=[ 2278],
     | 99.99th=[30540]
   bw (  KiB/s): min=197504, max=510784, per=2.23%, avg=377781.25, stdev=66859.10, samples=239
   iops        : min= 6172, max=15962, avg=11805.63, stdev=2089.37, samples=239
  lat (usec)   : 50=5.18%, 100=91.43%, 250=2.44%, 500=0.88%, 750=0.02%
  lat (usec)   : 1000=0.01%
  lat (msec)   : 2=0.01%, 4=0.01%, 10=0.01%, 20=0.02%, 50=0.03%
  cpu          : usr=1.95%, sys=11.51%, ctx=1414914, majf=0, minf=70638
  IO depths    : 1=100.0%, 2=0.0%, 4=0.0%, 8=0.0%, 16=0.0%, 32=0.0%, >=64=0.0%
     submit    : 0=0.0%, 4=100.0%, 8=0.0%, 16=0.0%, 32=0.0%, 64=0.0%, >=64=0.0%
     complete  : 0=0.0%, 4=100.0%, 8=0.0%, 16=0.0%, 32=0.0%, 64=0.0%, >=64=0.0%
     issued rwts: total=0,1414875,0,0 short=0,0,0,0 dropped=0,0,0,0
     latency   : target=0, window=0, percentile=100.00%, depth=1
test_32kb_rwrite_5n10: (groupid=0, jobs=1): err= 0: pid=913720: Sat Sep  6 19:49:20 2025
  write: IOPS=11.7k, BW=366MiB/s (384MB/s)(42.9GiB/120001msec); 0 zone resets
    clat (usec): min=28, max=49569, avg=84.34, stdev=537.70
     lat (usec): min=28, max=49569, avg=84.76, stdev=537.70
    clat percentiles (usec):
     |  1.00th=[   44],  5.00th=[   50], 10.00th=[   55], 20.00th=[   60],
     | 30.00th=[   64], 40.00th=[   68], 50.00th=[   71], 60.00th=[   74],
     | 70.00th=[   77], 80.00th=[   82], 90.00th=[   89], 95.00th=[   96],
     | 99.00th=[  249], 99.50th=[  322], 99.90th=[  469], 99.95th=[ 2376],
     | 99.99th=[30540]
   bw (  KiB/s): min=200448, max=493184, per=2.22%, avg=375595.64, stdev=64156.61, samples=239
   iops        : min= 6264, max=15412, avg=11737.35, stdev=2004.90, samples=239
  lat (usec)   : 50=4.96%, 100=91.51%, 250=2.53%, 500=0.92%, 750=0.03%
  lat (usec)   : 1000=0.01%
  lat (msec)   : 2=0.01%, 4=0.01%, 10=0.01%, 20=0.02%, 50=0.03%
  cpu          : usr=2.14%, sys=11.36%, ctx=1406874, majf=0, minf=70987
  IO depths    : 1=100.0%, 2=0.0%, 4=0.0%, 8=0.0%, 16=0.0%, 32=0.0%, >=64=0.0%
     submit    : 0=0.0%, 4=100.0%, 8=0.0%, 16=0.0%, 32=0.0%, 64=0.0%, >=64=0.0%
     complete  : 0=0.0%, 4=100.0%, 8=0.0%, 16=0.0%, 32=0.0%, 64=0.0%, >=64=0.0%
     issued rwts: total=0,1406849,0,0 short=0,0,0,0 dropped=0,0,0,0
     latency   : target=0, window=0, percentile=100.00%, depth=1
test_32kb_rwrite_5n10: (groupid=0, jobs=1): err= 0: pid=913721: Sat Sep  6 19:49:20 2025
  write: IOPS=11.8k, BW=368MiB/s (386MB/s)(43.2GiB/120001msec); 0 zone resets
    clat (usec): min=28, max=49618, avg=83.92, stdev=534.66
     lat (usec): min=28, max=49619, avg=84.31, stdev=534.66
    clat percentiles (usec):
     |  1.00th=[   44],  5.00th=[   50], 10.00th=[   55], 20.00th=[   60],
     | 30.00th=[   64], 40.00th=[   68], 50.00th=[   71], 60.00th=[   74],
     | 70.00th=[   77], 80.00th=[   82], 90.00th=[   89], 95.00th=[   96],
     | 99.00th=[  239], 99.50th=[  314], 99.90th=[  465], 99.95th=[ 2278],
     | 99.99th=[30540]
   bw (  KiB/s): min=215424, max=503552, per=2.23%, avg=377762.65, stdev=62528.53, samples=239
   iops        : min= 6732, max=15736, avg=11805.05, stdev=1954.02, samples=239
  lat (usec)   : 50=4.93%, 100=91.71%, 250=2.43%, 500=0.84%, 750=0.02%
  lat (usec)   : 1000=0.01%
  lat (msec)   : 2=0.01%, 4=0.01%, 10=0.01%, 20=0.02%, 50=0.03%
  cpu          : usr=1.94%, sys=11.60%, ctx=1414677, majf=0, minf=67008
  IO depths    : 1=100.0%, 2=0.0%, 4=0.0%, 8=0.0%, 16=0.0%, 32=0.0%, >=64=0.0%
     submit    : 0=0.0%, 4=100.0%, 8=0.0%, 16=0.0%, 32=0.0%, 64=0.0%, >=64=0.0%
     complete  : 0=0.0%, 4=100.0%, 8=0.0%, 16=0.0%, 32=0.0%, 64=0.0%, >=64=0.0%
     issued rwts: total=0,1414642,0,0 short=0,0,0,0 dropped=0,0,0,0
     latency   : target=0, window=0, percentile=100.00%, depth=1
test_32kb_rwrite_5n10: (groupid=0, jobs=1): err= 0: pid=913722: Sat Sep  6 19:49:20 2025
  write: IOPS=11.7k, BW=366MiB/s (384MB/s)(42.9GiB/120001msec); 0 zone resets
    clat (usec): min=28, max=48533, avg=84.41, stdev=538.04
     lat (usec): min=28, max=48534, avg=84.77, stdev=538.05
    clat percentiles (usec):
     |  1.00th=[   44],  5.00th=[   51], 10.00th=[   55], 20.00th=[   60],
     | 30.00th=[   64], 40.00th=[   68], 50.00th=[   71], 60.00th=[   74],
     | 70.00th=[   78], 80.00th=[   82], 90.00th=[   89], 95.00th=[   96],
     | 99.00th=[  247], 99.50th=[  318], 99.90th=[  469], 99.95th=[ 3294],
     | 99.99th=[30540]
   bw (  KiB/s): min=211392, max=496512, per=2.22%, avg=375725.51, stdev=65866.84, samples=239
   iops        : min= 6606, max=15516, avg=11741.41, stdev=2058.34, samples=239
  lat (usec)   : 50=4.82%, 100=91.65%, 250=2.55%, 500=0.90%, 750=0.02%
  lat (usec)   : 1000=0.01%
  lat (msec)   : 2=0.01%, 4=0.01%, 10=0.01%, 20=0.02%, 50=0.03%
  cpu          : usr=1.92%, sys=11.51%, ctx=1407274, majf=0, minf=65727
  IO depths    : 1=100.0%, 2=0.0%, 4=0.0%, 8=0.0%, 16=0.0%, 32=0.0%, >=64=0.0%
     submit    : 0=0.0%, 4=100.0%, 8=0.0%, 16=0.0%, 32=0.0%, 64=0.0%, >=64=0.0%
     complete  : 0=0.0%, 4=100.0%, 8=0.0%, 16=0.0%, 32=0.0%, 64=0.0%, >=64=0.0%
     issued rwts: total=0,1407239,0,0 short=0,0,0,0 dropped=0,0,0,0
     latency   : target=0, window=0, percentile=100.00%, depth=1
test_32kb_rwrite_5n10: (groupid=0, jobs=1): err= 0: pid=913723: Sat Sep  6 19:49:20 2025
  write: IOPS=11.7k, BW=366MiB/s (384MB/s)(42.9GiB/120000msec); 0 zone resets
    clat (usec): min=29, max=48576, avg=84.32, stdev=537.34
     lat (usec): min=29, max=48576, avg=84.78, stdev=537.36
    clat percentiles (usec):
     |  1.00th=[   44],  5.00th=[   51], 10.00th=[   55], 20.00th=[   60],
     | 30.00th=[   64], 40.00th=[   68], 50.00th=[   71], 60.00th=[   74],
     | 70.00th=[   78], 80.00th=[   82], 90.00th=[   89], 95.00th=[   96],
     | 99.00th=[  245], 99.50th=[  318], 99.90th=[  474], 99.95th=[ 2868],
     | 99.99th=[30540]
   bw (  KiB/s): min=205504, max=505664, per=2.22%, avg=375561.10, stdev=66307.30, samples=239
   iops        : min= 6422, max=15802, avg=11736.26, stdev=2072.12, samples=239
  lat (usec)   : 50=4.82%, 100=91.73%, 250=2.50%, 500=0.88%, 750=0.03%
  lat (usec)   : 1000=0.01%
  lat (msec)   : 2=0.01%, 4=0.01%, 10=0.01%, 20=0.02%, 50=0.03%
  cpu          : usr=2.10%, sys=11.53%, ctx=1406425, majf=0, minf=76026
  IO depths    : 1=100.0%, 2=0.0%, 4=0.0%, 8=0.0%, 16=0.0%, 32=0.0%, >=64=0.0%
     submit    : 0=0.0%, 4=100.0%, 8=0.0%, 16=0.0%, 32=0.0%, 64=0.0%, >=64=0.0%
     complete  : 0=0.0%, 4=100.0%, 8=0.0%, 16=0.0%, 32=0.0%, 64=0.0%, >=64=0.0%
     issued rwts: total=0,1406372,0,0 short=0,0,0,0 dropped=0,0,0,0
     latency   : target=0, window=0, percentile=100.00%, depth=1
test_32kb_rwrite_5n10: (groupid=0, jobs=1): err= 0: pid=913724: Sat Sep  6 19:49:20 2025
  write: IOPS=11.8k, BW=368MiB/s (386MB/s)(43.1GiB/120001msec); 0 zone resets
    clat (usec): min=27, max=48525, avg=83.96, stdev=535.70
     lat (usec): min=28, max=48525, avg=84.38, stdev=535.71
    clat percentiles (usec):
     |  1.00th=[   43],  5.00th=[   50], 10.00th=[   55], 20.00th=[   60],
     | 30.00th=[   63], 40.00th=[   67], 50.00th=[   70], 60.00th=[   74],
     | 70.00th=[   77], 80.00th=[   82], 90.00th=[   88], 95.00th=[   95],
     | 99.00th=[  251], 99.50th=[  322], 99.90th=[  469], 99.95th=[ 2278],
     | 99.99th=[30540]
   bw (  KiB/s): min=226560, max=490176, per=2.23%, avg=377236.38, stdev=64682.58, samples=239
   iops        : min= 7080, max=15318, avg=11788.63, stdev=2021.34, samples=239
  lat (usec)   : 50=5.22%, 100=91.33%, 250=2.44%, 500=0.92%, 750=0.03%
  lat (usec)   : 1000=0.01%
  lat (msec)   : 2=0.01%, 4=0.01%, 10=0.01%, 20=0.02%, 50=0.03%
  cpu          : usr=2.09%, sys=11.40%, ctx=1413345, majf=0, minf=72061
  IO depths    : 1=100.0%, 2=0.0%, 4=0.0%, 8=0.0%, 16=0.0%, 32=0.0%, >=64=0.0%
     submit    : 0=0.0%, 4=100.0%, 8=0.0%, 16=0.0%, 32=0.0%, 64=0.0%, >=64=0.0%
     complete  : 0=0.0%, 4=100.0%, 8=0.0%, 16=0.0%, 32=0.0%, 64=0.0%, >=64=0.0%
     issued rwts: total=0,1413307,0,0 short=0,0,0,0 dropped=0,0,0,0
     latency   : target=0, window=0, percentile=100.00%, depth=1
bursty: (groupid=0, jobs=1): err= 0: pid=913725: Sat Sep  6 19:49:20 2025
  write: IOPS=255, BW=1022KiB/s (1047kB/s)(120MiB/120001msec); 0 zone resets
    clat (usec): min=18, max=45425, avg=57.77, stdev=472.92
     lat (usec): min=24, max=45435, avg=65.23, stdev=473.05
    clat percentiles (usec):
     |  1.00th=[   24],  5.00th=[   27], 10.00th=[   29], 20.00th=[   34],
     | 30.00th=[   40], 40.00th=[   46], 50.00th=[   49], 60.00th=[   53],
     | 70.00th=[   56], 80.00th=[   60], 90.00th=[   65], 95.00th=[   69],
     | 99.00th=[   85], 99.50th=[  115], 99.90th=[  379], 99.95th=[  701],
     | 99.99th=[23462]
   bw (  KiB/s): min=  312, max=12648, per=0.05%, avg=8462.07, stdev=3547.69, samples=29
   iops        : min=   78, max= 3162, avg=2115.48, stdev=886.93, samples=29
  lat (usec)   : 20=0.02%, 50=52.65%, 100=46.78%, 250=0.29%, 500=0.20%
  lat (usec)   : 750=0.01%
  lat (msec)   : 2=0.01%, 4=0.01%, 20=0.01%, 50=0.03%
  cpu          : usr=0.09%, sys=0.21%, ctx=30886, majf=0, minf=43945
  IO depths    : 1=100.0%, 2=0.0%, 4=0.0%, 8=0.0%, 16=0.0%, 32=0.0%, >=64=0.0%
     submit    : 0=0.0%, 4=100.0%, 8=0.0%, 16=0.0%, 32=0.0%, 64=0.0%, >=64=0.0%
     complete  : 0=0.0%, 4=100.0%, 8=0.0%, 16=0.0%, 32=0.0%, 64=0.0%, >=64=0.0%
     issued rwts: total=0,30672,0,0 short=0,0,0,0 dropped=0,0,0,0
     latency   : target=0, window=0, percentile=100.00%, depth=1
bursty: (groupid=0, jobs=1): err= 0: pid=913726: Sat Sep  6 19:49:20 2025
  write: IOPS=256, BW=1025KiB/s (1050kB/s)(120MiB/120001msec); 0 zone resets
    clat (usec): min=19, max=46025, avg=57.00, stdev=484.55
     lat (usec): min=24, max=46034, avg=64.45, stdev=484.66
    clat percentiles (usec):
     |  1.00th=[   24],  5.00th=[   27], 10.00th=[   29], 20.00th=[   33],
     | 30.00th=[   38], 40.00th=[   44], 50.00th=[   48], 60.00th=[   51],
     | 70.00th=[   55], 80.00th=[   59], 90.00th=[   64], 95.00th=[   69],
     | 99.00th=[   85], 99.50th=[  105], 99.90th=[  379], 99.95th=[  594],
     | 99.99th=[23462]
   bw (  KiB/s): min= 1040, max=14160, per=0.05%, avg=8787.25, stdev=3390.41, samples=28
   iops        : min=  260, max= 3540, avg=2196.79, stdev=847.64, samples=28
  lat (usec)   : 20=0.01%, 50=56.75%, 100=42.69%, 250=0.28%, 500=0.21%
  lat (usec)   : 750=0.02%
  lat (msec)   : 2=0.01%, 4=0.01%, 20=0.01%, 50=0.03%
  cpu          : usr=0.07%, sys=0.24%, ctx=30986, majf=0, minf=47259
  IO depths    : 1=100.0%, 2=0.0%, 4=0.0%, 8=0.0%, 16=0.0%, 32=0.0%, >=64=0.0%
     submit    : 0=0.0%, 4=100.0%, 8=0.0%, 16=0.0%, 32=0.0%, 64=0.0%, >=64=0.0%
     complete  : 0=0.0%, 4=100.0%, 8=0.0%, 16=0.0%, 32=0.0%, 64=0.0%, >=64=0.0%
     issued rwts: total=0,30753,0,0 short=0,0,0,0 dropped=0,0,0,0
     latency   : target=0, window=0, percentile=100.00%, depth=1
bursty: (groupid=0, jobs=1): err= 0: pid=913727: Sat Sep  6 19:49:20 2025
  write: IOPS=256, BW=1027KiB/s (1051kB/s)(120MiB/120001msec); 0 zone resets
    clat (usec): min=19, max=45462, avg=57.94, stdev=541.65
     lat (usec): min=24, max=45467, avg=65.79, stdev=541.82
    clat percentiles (usec):
     |  1.00th=[   24],  5.00th=[   27], 10.00th=[   30], 20.00th=[   34],
     | 30.00th=[   39], 40.00th=[   43], 50.00th=[   47], 60.00th=[   50],
     | 70.00th=[   53], 80.00th=[   57], 90.00th=[   62], 95.00th=[   67],
     | 99.00th=[   89], 99.50th=[  219], 99.90th=[  404], 99.95th=[  758],
     | 99.99th=[25560]
   bw (  KiB/s): min=   32, max=13780, per=0.05%, avg=8798.71, stdev=3675.18, samples=28
   iops        : min=    8, max= 3445, avg=2199.68, stdev=918.80, samples=28
  lat (usec)   : 20=0.01%, 50=62.42%, 100=36.72%, 250=0.40%, 500=0.38%
  lat (usec)   : 750=0.01%, 1000=0.01%
  lat (msec)   : 2=0.01%, 20=0.02%, 50=0.03%
  cpu          : usr=0.09%, sys=0.23%, ctx=30922, majf=0, minf=47683
  IO depths    : 1=100.0%, 2=0.0%, 4=0.0%, 8=0.0%, 16=0.0%, 32=0.0%, >=64=0.0%
     submit    : 0=0.0%, 4=100.0%, 8=0.0%, 16=0.0%, 32=0.0%, 64=0.0%, >=64=0.0%
     complete  : 0=0.0%, 4=100.0%, 8=0.0%, 16=0.0%, 32=0.0%, 64=0.0%, >=64=0.0%
     issued rwts: total=0,30799,0,0 short=0,0,0,0 dropped=0,0,0,0
     latency   : target=0, window=0, percentile=100.00%, depth=1
bursty: (groupid=0, jobs=1): err= 0: pid=913728: Sat Sep  6 19:49:20 2025
  write: IOPS=252, BW=1008KiB/s (1033kB/s)(118MiB/120001msec); 0 zone resets
    clat (usec): min=18, max=42461, avg=58.76, stdev=477.76
     lat (usec): min=23, max=42468, avg=66.16, stdev=477.84
    clat percentiles (usec):
     |  1.00th=[   24],  5.00th=[   27], 10.00th=[   30], 20.00th=[   35],
     | 30.00th=[   42], 40.00th=[   47], 50.00th=[   50], 60.00th=[   53],
     | 70.00th=[   56], 80.00th=[   60], 90.00th=[   65], 95.00th=[   70],
     | 99.00th=[   87], 99.50th=[  135], 99.90th=[  412], 99.95th=[  570],
     | 99.99th=[23725]
   bw (  KiB/s): min=  248, max=13160, per=0.05%, avg=8346.86, stdev=3572.79, samples=29
   iops        : min=   62, max= 3290, avg=2086.69, stdev=893.19, samples=29
  lat (usec)   : 20=0.04%, 50=51.11%, 100=48.24%, 250=0.25%, 500=0.30%
  lat (usec)   : 750=0.02%
  lat (msec)   : 2=0.01%, 4=0.01%, 20=0.02%, 50=0.03%
  cpu          : usr=0.07%, sys=0.24%, ctx=30439, majf=0, minf=46302
  IO depths    : 1=100.0%, 2=0.0%, 4=0.0%, 8=0.0%, 16=0.0%, 32=0.0%, >=64=0.0%
     submit    : 0=0.0%, 4=100.0%, 8=0.0%, 16=0.0%, 32=0.0%, 64=0.0%, >=64=0.0%
     complete  : 0=0.0%, 4=100.0%, 8=0.0%, 16=0.0%, 32=0.0%, 64=0.0%, >=64=0.0%
     issued rwts: total=0,30255,0,0 short=0,0,0,0 dropped=0,0,0,0
     latency   : target=0, window=0, percentile=100.00%, depth=1
bursty: (groupid=0, jobs=1): err= 0: pid=913729: Sat Sep  6 19:49:20 2025
  write: IOPS=246, BW=985KiB/s (1009kB/s)(115MiB/120001msec); 0 zone resets
    clat (usec): min=20, max=45577, avg=60.09, stdev=487.06
     lat (usec): min=25, max=45585, avg=67.66, stdev=487.25
    clat percentiles (usec):
     |  1.00th=[   25],  5.00th=[   28], 10.00th=[   31], 20.00th=[   37],
     | 30.00th=[   43], 40.00th=[   48], 50.00th=[   51], 60.00th=[   54],
     | 70.00th=[   57], 80.00th=[   60], 90.00th=[   65], 95.00th=[   70],
     | 99.00th=[   88], 99.50th=[  208], 99.90th=[  408], 99.95th=[ 1287],
     | 99.99th=[23725]
   bw (  KiB/s): min=  232, max=13136, per=0.05%, avg=8154.24, stdev=3487.96, samples=29
   iops        : min=   58, max= 3284, avg=2038.55, stdev=872.00, samples=29
  lat (usec)   : 50=48.29%, 100=51.02%, 250=0.27%, 500=0.36%, 750=0.02%
  lat (msec)   : 2=0.01%, 4=0.01%, 20=0.02%, 50=0.03%
  cpu          : usr=0.08%, sys=0.23%, ctx=29709, majf=0, minf=45712
  IO depths    : 1=100.0%, 2=0.0%, 4=0.0%, 8=0.0%, 16=0.0%, 32=0.0%, >=64=0.0%
     submit    : 0=0.0%, 4=100.0%, 8=0.0%, 16=0.0%, 32=0.0%, 64=0.0%, >=64=0.0%
     complete  : 0=0.0%, 4=100.0%, 8=0.0%, 16=0.0%, 32=0.0%, 64=0.0%, >=64=0.0%
     issued rwts: total=0,29556,0,0 short=0,0,0,0 dropped=0,0,0,0
     latency   : target=0, window=0, percentile=100.00%, depth=1
bursty: (groupid=0, jobs=1): err= 0: pid=913730: Sat Sep  6 19:49:20 2025
  write: IOPS=250, BW=1002KiB/s (1026kB/s)(117MiB/120001msec); 0 zone resets
    clat (usec): min=19, max=45551, avg=58.84, stdev=481.61
     lat (usec): min=24, max=45562, avg=66.25, stdev=481.75
    clat percentiles (usec):
     |  1.00th=[   24],  5.00th=[   27], 10.00th=[   30], 20.00th=[   36],
     | 30.00th=[   43], 40.00th=[   47], 50.00th=[   50], 60.00th=[   53],
     | 70.00th=[   57], 80.00th=[   60], 90.00th=[   65], 95.00th=[   70],
     | 99.00th=[   84], 99.50th=[  101], 99.90th=[  355], 99.95th=[  570],
     | 99.99th=[23725]
   bw (  KiB/s): min= 1200, max=13856, per=0.05%, avg=8591.32, stdev=3275.68, samples=28
   iops        : min=  300, max= 3464, avg=2147.82, stdev=818.94, samples=28
  lat (usec)   : 20=0.02%, 50=50.11%, 100=49.36%, 250=0.23%, 500=0.22%
  lat (usec)   : 750=0.01%
  lat (msec)   : 2=0.01%, 4=0.01%, 20=0.01%, 50=0.03%
  cpu          : usr=0.09%, sys=0.22%, ctx=30255, majf=0, minf=46120
  IO depths    : 1=100.0%, 2=0.0%, 4=0.0%, 8=0.0%, 16=0.0%, 32=0.0%, >=64=0.0%
     submit    : 0=0.0%, 4=100.0%, 8=0.0%, 16=0.0%, 32=0.0%, 64=0.0%, >=64=0.0%
     complete  : 0=0.0%, 4=100.0%, 8=0.0%, 16=0.0%, 32=0.0%, 64=0.0%, >=64=0.0%
     issued rwts: total=0,30069,0,0 short=0,0,0,0 dropped=0,0,0,0
     latency   : target=0, window=0, percentile=100.00%, depth=1
bursty: (groupid=0, jobs=1): err= 0: pid=913731: Sat Sep  6 19:49:20 2025
  write: IOPS=249, BW=999KiB/s (1023kB/s)(117MiB/120001msec); 0 zone resets
    clat (usec): min=19, max=45697, avg=59.08, stdev=491.65
     lat (usec): min=24, max=45703, avg=66.45, stdev=491.78
    clat percentiles (usec):
     |  1.00th=[   24],  5.00th=[   28], 10.00th=[   30], 20.00th=[   35],
     | 30.00th=[   41], 40.00th=[   46], 50.00th=[   50], 60.00th=[   53],
     | 70.00th=[   57], 80.00th=[   60], 90.00th=[   65], 95.00th=[   70],
     | 99.00th=[   89], 99.50th=[  176], 99.90th=[  400], 99.95th=[ 1385],
     | 99.99th=[25560]
   bw (  KiB/s): min= 1248, max=12560, per=0.05%, avg=8561.32, stdev=3164.98, samples=28
   iops        : min=  312, max= 3140, avg=2140.32, stdev=791.26, samples=28
  lat (usec)   : 20=0.01%, 50=51.47%, 100=47.80%, 250=0.36%, 500=0.30%
  lat (usec)   : 750=0.01%
  lat (msec)   : 2=0.01%, 4=0.01%, 20=0.01%, 50=0.03%
  cpu          : usr=0.09%, sys=0.21%, ctx=30170, majf=0, minf=45563
  IO depths    : 1=100.0%, 2=0.0%, 4=0.0%, 8=0.0%, 16=0.0%, 32=0.0%, >=64=0.0%
     submit    : 0=0.0%, 4=100.0%, 8=0.0%, 16=0.0%, 32=0.0%, 64=0.0%, >=64=0.0%
     complete  : 0=0.0%, 4=100.0%, 8=0.0%, 16=0.0%, 32=0.0%, 64=0.0%, >=64=0.0%
     issued rwts: total=0,29964,0,0 short=0,0,0,0 dropped=0,0,0,0
     latency   : target=0, window=0, percentile=100.00%, depth=1
bursty: (groupid=0, jobs=1): err= 0: pid=913732: Sat Sep  6 19:49:20 2025
  write: IOPS=250, BW=1003KiB/s (1027kB/s)(117MiB/120001msec); 0 zone resets
    clat (usec): min=20, max=45553, avg=58.79, stdev=491.48
     lat (usec): min=25, max=45559, avg=66.05, stdev=491.55
    clat percentiles (usec):
     |  1.00th=[   24],  5.00th=[   27], 10.00th=[   30], 20.00th=[   35],
     | 30.00th=[   42], 40.00th=[   46], 50.00th=[   50], 60.00th=[   53],
     | 70.00th=[   56], 80.00th=[   60], 90.00th=[   65], 95.00th=[   69],
     | 99.00th=[   84], 99.50th=[  103], 99.90th=[  408], 99.95th=[  709],
     | 99.99th=[23462]
   bw (  KiB/s): min=  336, max=12352, per=0.05%, avg=8297.76, stdev=3501.13, samples=29
   iops        : min=   84, max= 3088, avg=2074.41, stdev=875.24, samples=29
  lat (usec)   : 50=51.52%, 100=47.96%, 250=0.24%, 500=0.23%, 750=0.01%
  lat (msec)   : 2=0.01%, 4=0.01%, 20=0.01%, 50=0.03%
  cpu          : usr=0.09%, sys=0.22%, ctx=30302, majf=0, minf=46139
  IO depths    : 1=100.0%, 2=0.0%, 4=0.0%, 8=0.0%, 16=0.0%, 32=0.0%, >=64=0.0%
     submit    : 0=0.0%, 4=100.0%, 8=0.0%, 16=0.0%, 32=0.0%, 64=0.0%, >=64=0.0%
     complete  : 0=0.0%, 4=100.0%, 8=0.0%, 16=0.0%, 32=0.0%, 64=0.0%, >=64=0.0%
     issued rwts: total=0,30077,0,0 short=0,0,0,0 dropped=0,0,0,0
     latency   : target=0, window=0, percentile=100.00%, depth=1
bursty: (groupid=0, jobs=1): err= 0: pid=913733: Sat Sep  6 19:49:20 2025
  write: IOPS=251, BW=1007KiB/s (1031kB/s)(118MiB/120001msec); 0 zone resets
    clat (usec): min=20, max=45847, avg=57.99, stdev=485.65
     lat (usec): min=25, max=45852, avg=65.46, stdev=485.77
    clat percentiles (usec):
     |  1.00th=[   24],  5.00th=[   27], 10.00th=[   29], 20.00th=[   34],
     | 30.00th=[   40], 40.00th=[   46], 50.00th=[   50], 60.00th=[   53],
     | 70.00th=[   56], 80.00th=[   60], 90.00th=[   65], 95.00th=[   70],
     | 99.00th=[   83], 99.50th=[   98], 99.90th=[  375], 99.95th=[  857],
     | 99.99th=[23462]
   bw (  KiB/s): min= 1240, max=12928, per=0.05%, avg=8628.57, stdev=3207.45, samples=28
   iops        : min=  310, max= 3232, avg=2157.14, stdev=801.86, samples=28
  lat (usec)   : 50=52.25%, 100=47.28%, 250=0.25%, 500=0.15%, 750=0.01%
  lat (usec)   : 1000=0.01%
  lat (msec)   : 2=0.01%, 4=0.01%, 20=0.01%, 50=0.03%
  cpu          : usr=0.10%, sys=0.22%, ctx=30479, majf=0, minf=46201
  IO depths    : 1=100.0%, 2=0.0%, 4=0.0%, 8=0.0%, 16=0.0%, 32=0.0%, >=64=0.0%
     submit    : 0=0.0%, 4=100.0%, 8=0.0%, 16=0.0%, 32=0.0%, 64=0.0%, >=64=0.0%
     complete  : 0=0.0%, 4=100.0%, 8=0.0%, 16=0.0%, 32=0.0%, 64=0.0%, >=64=0.0%
     issued rwts: total=0,30200,0,0 short=0,0,0,0 dropped=0,0,0,0
     latency   : target=0, window=0, percentile=100.00%, depth=1
bursty: (groupid=0, jobs=1): err= 0: pid=913734: Sat Sep  6 19:49:20 2025
  write: IOPS=255, BW=1022KiB/s (1047kB/s)(120MiB/120001msec); 0 zone resets
    clat (usec): min=19, max=43812, avg=57.04, stdev=466.04
     lat (usec): min=23, max=43824, avg=64.51, stdev=466.25
    clat percentiles (usec):
     |  1.00th=[   24],  5.00th=[   26], 10.00th=[   29], 20.00th=[   33],
     | 30.00th=[   38], 40.00th=[   44], 50.00th=[   49], 60.00th=[   52],
     | 70.00th=[   56], 80.00th=[   59], 90.00th=[   64], 95.00th=[   69],
     | 99.00th=[   86], 99.50th=[  151], 99.90th=[  420], 99.95th=[  519],
     | 99.99th=[23462]
   bw (  KiB/s): min=  264, max=13896, per=0.05%, avg=8461.79, stdev=3630.03, samples=29
   iops        : min=   66, max= 3474, avg=2115.41, stdev=907.51, samples=29
  lat (usec)   : 20=0.02%, 50=55.01%, 100=44.30%, 250=0.35%, 500=0.27%
  lat (usec)   : 750=0.01%
  lat (msec)   : 2=0.01%, 4=0.01%, 20=0.02%, 50=0.03%
  cpu          : usr=0.09%, sys=0.24%, ctx=30849, majf=0, minf=46840
  IO depths    : 1=100.0%, 2=0.0%, 4=0.0%, 8=0.0%, 16=0.0%, 32=0.0%, >=64=0.0%
     submit    : 0=0.0%, 4=100.0%, 8=0.0%, 16=0.0%, 32=0.0%, 64=0.0%, >=64=0.0%
     complete  : 0=0.0%, 4=100.0%, 8=0.0%, 16=0.0%, 32=0.0%, 64=0.0%, >=64=0.0%
     issued rwts: total=0,30671,0,0 short=0,0,0,0 dropped=0,0,0,0
     latency   : target=0, window=0, percentile=100.00%, depth=1
bursty: (groupid=0, jobs=1): err= 0: pid=913735: Sat Sep  6 19:49:20 2025
  write: IOPS=250, BW=1002KiB/s (1026kB/s)(117MiB/120001msec); 0 zone resets
    clat (usec): min=19, max=45552, avg=58.89, stdev=480.44
     lat (usec): min=24, max=45567, avg=66.20, stdev=480.56
    clat percentiles (usec):
     |  1.00th=[   24],  5.00th=[   28], 10.00th=[   30], 20.00th=[   36],
     | 30.00th=[   42], 40.00th=[   47], 50.00th=[   50], 60.00th=[   53],
     | 70.00th=[   56], 80.00th=[   60], 90.00th=[   65], 95.00th=[   70],
     | 99.00th=[   86], 99.50th=[  128], 99.90th=[  408], 99.95th=[  545],
     | 99.99th=[22414]
   bw (  KiB/s): min=  880, max=13104, per=0.05%, avg=8588.57, stdev=3126.86, samples=28
   iops        : min=  220, max= 3276, avg=2147.14, stdev=781.71, samples=28
  lat (usec)   : 20=0.02%, 50=50.50%, 100=48.86%, 250=0.29%, 500=0.27%
  lat (usec)   : 750=0.02%
  lat (msec)   : 4=0.01%, 20=0.01%, 50=0.03%
  cpu          : usr=0.08%, sys=0.23%, ctx=30267, majf=0, minf=47084
  IO depths    : 1=100.0%, 2=0.0%, 4=0.0%, 8=0.0%, 16=0.0%, 32=0.0%, >=64=0.0%
     submit    : 0=0.0%, 4=100.0%, 8=0.0%, 16=0.0%, 32=0.0%, 64=0.0%, >=64=0.0%
     complete  : 0=0.0%, 4=100.0%, 8=0.0%, 16=0.0%, 32=0.0%, 64=0.0%, >=64=0.0%
     issued rwts: total=0,30060,0,0 short=0,0,0,0 dropped=0,0,0,0
     latency   : target=0, window=0, percentile=100.00%, depth=1
bursty: (groupid=0, jobs=1): err= 0: pid=913736: Sat Sep  6 19:49:20 2025
  write: IOPS=249, BW=996KiB/s (1020kB/s)(117MiB/120001msec); 0 zone resets
    clat (usec): min=19, max=45634, avg=59.28, stdev=494.74
     lat (usec): min=25, max=45639, avg=66.64, stdev=494.85
    clat percentiles (usec):
     |  1.00th=[   24],  5.00th=[   28], 10.00th=[   30], 20.00th=[   36],
     | 30.00th=[   42], 40.00th=[   47], 50.00th=[   50], 60.00th=[   53],
     | 70.00th=[   56], 80.00th=[   60], 90.00th=[   65], 95.00th=[   70],
     | 99.00th=[   87], 99.50th=[  120], 99.90th=[  392], 99.95th=[ 1303],
     | 99.99th=[25560]
   bw (  KiB/s): min= 1112, max=12488, per=0.05%, avg=8539.71, stdev=3174.10, samples=28
   iops        : min=  278, max= 3122, avg=2134.93, stdev=793.52, samples=28
  lat (usec)   : 20=0.01%, 50=50.53%, 100=48.88%, 250=0.27%, 500=0.26%
  lat (usec)   : 750=0.01%
  lat (msec)   : 2=0.01%, 4=0.01%, 20=0.01%, 50=0.03%
  cpu          : usr=0.09%, sys=0.22%, ctx=30133, majf=0, minf=45243
  IO depths    : 1=100.0%, 2=0.0%, 4=0.0%, 8=0.0%, 16=0.0%, 32=0.0%, >=64=0.0%
     submit    : 0=0.0%, 4=100.0%, 8=0.0%, 16=0.0%, 32=0.0%, 64=0.0%, >=64=0.0%
     complete  : 0=0.0%, 4=100.0%, 8=0.0%, 16=0.0%, 32=0.0%, 64=0.0%, >=64=0.0%
     issued rwts: total=0,29889,0,0 short=0,0,0,0 dropped=0,0,0,0
     latency   : target=0, window=0, percentile=100.00%, depth=1
bursty: (groupid=0, jobs=1): err= 0: pid=913737: Sat Sep  6 19:49:20 2025
  write: IOPS=254, BW=1018KiB/s (1042kB/s)(119MiB/120001msec); 0 zone resets
    clat (usec): min=19, max=45393, avg=58.71, stdev=489.05
     lat (usec): min=24, max=45398, avg=66.18, stdev=489.17
    clat percentiles (usec):
     |  1.00th=[   25],  5.00th=[   28], 10.00th=[   30], 20.00th=[   36],
     | 30.00th=[   42], 40.00th=[   46], 50.00th=[   50], 60.00th=[   53],
     | 70.00th=[   56], 80.00th=[   60], 90.00th=[   65], 95.00th=[   69],
     | 99.00th=[   85], 99.50th=[  108], 99.90th=[  343], 99.95th=[  465],
     | 99.99th=[23987]
   bw (  KiB/s): min=  904, max=12928, per=0.05%, avg=8722.57, stdev=3302.88, samples=28
   iops        : min=  226, max= 3232, avg=2180.61, stdev=825.77, samples=28
  lat (usec)   : 20=0.01%, 50=52.22%, 100=47.19%, 250=0.32%, 500=0.21%
  lat (msec)   : 2=0.01%, 4=0.01%, 20=0.01%, 50=0.03%
  cpu          : usr=0.10%, sys=0.18%, ctx=30734, majf=0, minf=33606
  IO depths    : 1=100.0%, 2=0.0%, 4=0.0%, 8=0.0%, 16=0.0%, 32=0.0%, >=64=0.0%
     submit    : 0=0.0%, 4=100.0%, 8=0.0%, 16=0.0%, 32=0.0%, 64=0.0%, >=64=0.0%
     complete  : 0=0.0%, 4=100.0%, 8=0.0%, 16=0.0%, 32=0.0%, 64=0.0%, >=64=0.0%
     issued rwts: total=0,30526,0,0 short=0,0,0,0 dropped=0,0,0,0
     latency   : target=0, window=0, percentile=100.00%, depth=1
bursty: (groupid=0, jobs=1): err= 0: pid=913738: Sat Sep  6 19:49:20 2025
  write: IOPS=250, BW=1004KiB/s (1028kB/s)(118MiB/120001msec); 0 zone resets
    clat (usec): min=19, max=45482, avg=58.25, stdev=487.08
     lat (usec): min=25, max=45492, avg=65.65, stdev=487.20
    clat percentiles (usec):
     |  1.00th=[   24],  5.00th=[   28], 10.00th=[   30], 20.00th=[   36],
     | 30.00th=[   41], 40.00th=[   46], 50.00th=[   49], 60.00th=[   52],
     | 70.00th=[   56], 80.00th=[   59], 90.00th=[   64], 95.00th=[   69],
     | 99.00th=[   83], 99.50th=[   96], 99.90th=[  392], 99.95th=[  660],
     | 99.99th=[23725]
   bw (  KiB/s): min= 1480, max=13296, per=0.05%, avg=8603.43, stdev=3183.07, samples=28
   iops        : min=  370, max= 3324, avg=2150.86, stdev=795.77, samples=28
  lat (usec)   : 20=0.01%, 50=53.71%, 100=45.82%, 250=0.22%, 500=0.20%
  lat (usec)   : 750=0.01%
  lat (msec)   : 2=0.01%, 4=0.01%, 20=0.02%, 50=0.03%
  cpu          : usr=0.08%, sys=0.23%, ctx=30274, majf=0, minf=46923
  IO depths    : 1=100.0%, 2=0.0%, 4=0.0%, 8=0.0%, 16=0.0%, 32=0.0%, >=64=0.0%
     submit    : 0=0.0%, 4=100.0%, 8=0.0%, 16=0.0%, 32=0.0%, 64=0.0%, >=64=0.0%
     complete  : 0=0.0%, 4=100.0%, 8=0.0%, 16=0.0%, 32=0.0%, 64=0.0%, >=64=0.0%
     issued rwts: total=0,30112,0,0 short=0,0,0,0 dropped=0,0,0,0
     latency   : target=0, window=0, percentile=100.00%, depth=1
bursty: (groupid=0, jobs=1): err= 0: pid=913739: Sat Sep  6 19:49:20 2025
  write: IOPS=261, BW=1046KiB/s (1071kB/s)(123MiB/120001msec); 0 zone resets
    clat (usec): min=19, max=45266, avg=57.73, stdev=480.27
     lat (usec): min=25, max=45276, avg=65.02, stdev=480.39
    clat percentiles (usec):
     |  1.00th=[   24],  5.00th=[   27], 10.00th=[   29], 20.00th=[   34],
     | 30.00th=[   40], 40.00th=[   45], 50.00th=[   49], 60.00th=[   52],
     | 70.00th=[   56], 80.00th=[   60], 90.00th=[   65], 95.00th=[   69],
     | 99.00th=[   84], 99.50th=[  105], 99.90th=[  379], 99.95th=[  611],
     | 99.99th=[23987]
   bw (  KiB/s): min= 1160, max=14472, per=0.05%, avg=8967.89, stdev=3345.95, samples=28
   iops        : min=  290, max= 3618, avg=2241.96, stdev=836.51, samples=28
  lat (usec)   : 20=0.01%, 50=53.29%, 100=46.18%, 250=0.24%, 500=0.23%
  lat (usec)   : 750=0.01%
  lat (msec)   : 2=0.01%, 4=0.01%, 20=0.01%, 50=0.03%
  cpu          : usr=0.09%, sys=0.17%, ctx=31561, majf=0, minf=33435
  IO depths    : 1=100.0%, 2=0.0%, 4=0.0%, 8=0.0%, 16=0.0%, 32=0.0%, >=64=0.0%
     submit    : 0=0.0%, 4=100.0%, 8=0.0%, 16=0.0%, 32=0.0%, 64=0.0%, >=64=0.0%
     complete  : 0=0.0%, 4=100.0%, 8=0.0%, 16=0.0%, 32=0.0%, 64=0.0%, >=64=0.0%
     issued rwts: total=0,31387,0,0 short=0,0,0,0 dropped=0,0,0,0
     latency   : target=0, window=0, percentile=100.00%, depth=1
bursty: (groupid=0, jobs=1): err= 0: pid=913740: Sat Sep  6 19:49:20 2025
  write: IOPS=262, BW=1050KiB/s (1075kB/s)(123MiB/120001msec); 0 zone resets
    clat (usec): min=17, max=42566, avg=57.55, stdev=465.40
     lat (usec): min=22, max=42573, avg=64.89, stdev=465.48
    clat percentiles (usec):
     |  1.00th=[   24],  5.00th=[   27], 10.00th=[   30], 20.00th=[   35],
     | 30.00th=[   41], 40.00th=[   46], 50.00th=[   49], 60.00th=[   52],
     | 70.00th=[   56], 80.00th=[   60], 90.00th=[   65], 95.00th=[   69],
     | 99.00th=[   84], 99.50th=[  104], 99.90th=[  338], 99.95th=[  529],
     | 99.99th=[23725]
   bw (  KiB/s): min=  408, max=13120, per=0.05%, avg=8686.62, stdev=3729.08, samples=29
   iops        : min=  102, max= 3280, avg=2171.66, stdev=932.27, samples=29
  lat (usec)   : 20=0.07%, 50=53.20%, 100=46.20%, 250=0.28%, 500=0.18%
  lat (usec)   : 750=0.01%
  lat (msec)   : 4=0.01%, 20=0.02%, 50=0.03%
  cpu          : usr=0.08%, sys=0.17%, ctx=31667, majf=0, minf=33486
  IO depths    : 1=100.0%, 2=0.0%, 4=0.0%, 8=0.0%, 16=0.0%, 32=0.0%, >=64=0.0%
     submit    : 0=0.0%, 4=100.0%, 8=0.0%, 16=0.0%, 32=0.0%, 64=0.0%, >=64=0.0%
     complete  : 0=0.0%, 4=100.0%, 8=0.0%, 16=0.0%, 32=0.0%, 64=0.0%, >=64=0.0%
     issued rwts: total=0,31486,0,0 short=0,0,0,0 dropped=0,0,0,0
     latency   : target=0, window=0, percentile=100.00%, depth=1

Run status group 0 (all jobs):
  WRITE: bw=16.1GiB/s (17.3GB/s), 985KiB/s-373MiB/s (1009kB/s-391MB/s), io=1935GiB (2078GB), run=120000-120001msec

Disk stats (read/write):
  nvme5n2: ios=0/6999519, sectors=0/447969216, merge=0/0, ticks=0/535263, in_queue=535263, util=99.91%
  nvme5n3: ios=0/7032316, sectors=0/450068224, merge=0/0, ticks=0/534927, in_queue=534927, util=99.92%
  nvme5n4: ios=0/7016991, sectors=0/449087424, merge=0/0, ticks=0/535330, in_queue=535330, util=99.94%
  nvme5n5: ios=0/7015808, sectors=0/449011712, merge=0/0, ticks=0/534804, in_queue=534804, util=99.96%
  nvme5n6: ios=0/7040415, sectors=0/450586560, merge=0/0, ticks=0/534720, in_queue=534720, util=99.97%
  nvme5n7: ios=0/7045440, sectors=0/450908160, merge=0/0, ticks=0/534826, in_queue=534826, util=100.00%
  nvme5n8: ios=0/7068035, sectors=0/452354240, merge=0/0, ticks=0/534797, in_queue=534797, util=100.00%
  nvme5n9: ios=0/7036770, sectors=0/450353280, merge=0/0, ticks=0/534763, in_queue=534763, util=100.00%
  nvme5n10: ios=0/7041651, sectors=0/450665664, merge=0/0, ticks=0/534278, in_queue=534278, util=100.00%
  nvme5n1: ios=0/486476, sectors=0/3891808, merge=0/0, ticks=0/25081, in_queue=25081, util=2.84%
